sbuild (Debian sbuild) 0.78.1 (09 February 2019) on 36857dea695f

+==============================================================================+
| acedb 4.9.39+dfsg.02-4 (armhf)               Fri, 01 Mar 2019 03:44:33 +0000 |
+==============================================================================+

Package: acedb
Version: 4.9.39+dfsg.02-4
Source Version: 4.9.39+dfsg.02-4
Distribution: unstable-amd64-sbuild
Machine Architecture: amd64
Host Architecture: armhf
Build Architecture: amd64
Build Profiles: cross nocheck
Build Type: any

I: NOTICE: Log filtering will replace 'var/run/schroot/mount/unstable-amd64-sbuild-72d0f8b3-f7db-4a0f-9fb7-2a3ffd8c2e9b' with '<<CHROOT>>'
I: NOTICE: Log filtering will replace 'build/acedb-5fpvUP/resolver-oHysoG' with '<<RESOLVERDIR>>'

+------------------------------------------------------------------------------+
| Update chroot                                                                |
+------------------------------------------------------------------------------+

Hit:1 http://10.116.41.102/debian sid InRelease
Hit:2 http://cdn-fastly.deb.debian.org/debian sid InRelease
Reading package lists...
Reading package lists...
Building dependency tree...
Reading state information...
Calculating upgrade...
The following packages were automatically installed and are no longer required:
  libauthen-sasl-perl libdata-dump-perl libfont-afm-perl libhtml-form-perl
  libhtml-format-perl libhttp-daemon-perl libmailtools-perl
  libnet-smtp-ssl-perl libyaml-0-2 libyaml-libyaml-perl uuid-runtime
Use 'apt autoremove' to remove them.
0 upgraded, 0 newly installed, 0 to remove and 0 not upgraded.

+------------------------------------------------------------------------------+
| Fetch source files                                                           |
+------------------------------------------------------------------------------+


Local sources
-------------

/home/build/sbuild-setup/repo/pool/main/a/acedb/acedb_4.9.39+dfsg.02-4.dsc exists in /home/build/sbuild-setup/repo/pool/main/a/acedb; copying to chroot
I: NOTICE: Log filtering will replace 'build/acedb-5fpvUP/acedb-4.9.39+dfsg.02' with '<<PKGBUILDDIR>>'
I: NOTICE: Log filtering will replace 'build/acedb-5fpvUP' with '<<BUILDDIR>>'

+------------------------------------------------------------------------------+
| Install package build dependencies                                           |
+------------------------------------------------------------------------------+


Setup apt archive
-----------------

Merged Build-Depends: debhelper (>= 11~), libreadline-dev, libglib2.0-dev, libgtk2.0-dev, pkg-config, csh, flex, libfl-dev, bison, build-essential:amd64, fakeroot:amd64, crossbuild-essential-armhf:amd64, libc-dev:armhf, libstdc++-dev:armhf
Filtered Build-Depends: debhelper (>= 11~), libreadline-dev, libglib2.0-dev, libgtk2.0-dev, pkg-config, csh, flex, libfl-dev, bison, build-essential:amd64, fakeroot:amd64, crossbuild-essential-armhf:amd64, libc-dev:armhf, libstdc++-dev:armhf
dpkg-deb: building package 'sbuild-build-depends-main-dummy' in '/<<RESOLVERDIR>>/apt_archive/sbuild-build-depends-main-dummy.deb'.
Ign:1 copy:/<<RESOLVERDIR>>/apt_archive ./ InRelease
Get:2 copy:/<<RESOLVERDIR>>/apt_archive ./ Release [957 B]
Ign:3 copy:/<<RESOLVERDIR>>/apt_archive ./ Release.gpg
Get:4 copy:/<<RESOLVERDIR>>/apt_archive ./ Sources [440 B]
Get:5 copy:/<<RESOLVERDIR>>/apt_archive ./ Packages [530 B]
Fetched 1927 B in 0s (124 kB/s)
Reading package lists...
Reading package lists...

Install main build dependencies (apt-based resolver)
----------------------------------------------------

Installing build dependencies
Reading package lists...
Building dependency tree...
Reading state information...
The following packages were automatically installed and are no longer required:
  libauthen-sasl-perl libdata-dump-perl libfont-afm-perl libhtml-form-perl
  libhtml-format-perl libhttp-daemon-perl libmailtools-perl
  libnet-smtp-ssl-perl libyaml-0-2 libyaml-libyaml-perl uuid-runtime
Use 'apt autoremove' to remove them.
The following additional packages will be installed:
  adwaita-icon-theme autoconf automake autopoint autotools-dev bison
  bsdmainutils csh debhelper dh-autoreconf dh-strip-nondeterminism dwz flex
  fontconfig fontconfig-config fonts-dejavu-core gcc-8-base:armhf gettext
  gettext-base gir1.2-atk-1.0:armhf gir1.2-freedesktop:armhf
  gir1.2-gdkpixbuf-2.0:armhf gir1.2-glib-2.0:armhf gir1.2-gtk-2.0:armhf
  gir1.2-harfbuzz-0.0:armhf gir1.2-pango-1.0:armhf groff-base
  gtk-update-icon-cache hicolor-icon-theme icu-devtools intltool-debian
  libarchive-zip-perl libasan5:armhf libatk1.0-0:armhf libatk1.0-data
  libatk1.0-dev:armhf libatomic1:armhf libavahi-client3:armhf
  libavahi-common-data:armhf libavahi-common3:armhf libbison-dev
  libblkid-dev:armhf libblkid1:armhf libbsd0 libbsd0:armhf libc6:armhf
  libc6-dev:armhf libcairo-gobject2:armhf libcairo-script-interpreter2:armhf
  libcairo2 libcairo2:armhf libcairo2-dev:armhf libcom-err2:armhf libcroco3
  libcups2:armhf libdatrie1 libdatrie1:armhf libdbus-1-3:armhf libelf1
  libexpat1:armhf libexpat1-dev:armhf libffi-dev:armhf libffi6:armhf
  libfile-stripnondeterminism-perl libfl-dev:armhf libfl2:armhf libfontconfig1
  libfontconfig1:armhf libfontconfig1-dev:armhf libfreetype6
  libfreetype6:armhf libfreetype6-dev:armhf libfribidi-dev:armhf libfribidi0
  libfribidi0:armhf libgcc-8-dev:armhf libgcc1:armhf libgcrypt20:armhf
  libgdk-pixbuf2.0-0 libgdk-pixbuf2.0-0:armhf libgdk-pixbuf2.0-bin
  libgdk-pixbuf2.0-common libgdk-pixbuf2.0-dev:armhf
  libgirepository-1.0-1:armhf libglib2.0-0 libglib2.0-0:armhf libglib2.0-bin
  libglib2.0-data libglib2.0-dev:armhf libglib2.0-dev-bin libgmp10:armhf
  libgnutls30:armhf libgomp1:armhf libgpg-error0:armhf libgraphite2-3
  libgraphite2-3:armhf libgraphite2-dev:armhf libgssapi-krb5-2:armhf
  libgtk2.0-0:armhf libgtk2.0-common libgtk2.0-dev:armhf libharfbuzz-dev:armhf
  libharfbuzz-gobject0:armhf libharfbuzz-icu0:armhf libharfbuzz0b
  libharfbuzz0b:armhf libhogweed4:armhf libice-dev:armhf libice6:armhf
  libicu-dev:armhf libicu63:armhf libidn2-0:armhf libjbig0 libjbig0:armhf
  libjpeg62-turbo libjpeg62-turbo:armhf libk5crypto3:armhf libkeyutils1:armhf
  libkrb5-3:armhf libkrb5support0:armhf liblz4-1:armhf liblzma5:armhf
  liblzo2-2:armhf libmount-dev:armhf libmount1:armhf libmpdec2
  libncurses-dev:armhf libncurses6 libncurses6:armhf libncursesw6:armhf
  libnettle6:armhf libp11-kit0:armhf libpango-1.0-0 libpango-1.0-0:armhf
  libpango1.0-dev:armhf libpangocairo-1.0-0 libpangocairo-1.0-0:armhf
  libpangoft2-1.0-0 libpangoft2-1.0-0:armhf libpangoxft-1.0-0
  libpangoxft-1.0-0:armhf libpcre16-3:armhf libpcre3:armhf libpcre3-dev:armhf
  libpcre32-3:armhf libpcrecpp0v5:armhf libpipeline1 libpixman-1-0
  libpixman-1-0:armhf libpixman-1-dev:armhf libpng-dev:armhf libpng16-16
  libpng16-16:armhf libpthread-stubs0-dev:armhf libpython3-stdlib
  libpython3.7-minimal libpython3.7-stdlib libreadline-dev:armhf
  libreadline7:armhf librsvg2-2 librsvg2-common libselinux1:armhf
  libselinux1-dev:armhf libsepol1:armhf libsepol1-dev:armhf libsigsegv2
  libsm-dev:armhf libsm6:armhf libssl1.1:armhf libstdc++-8-dev:armhf
  libstdc++6:armhf libsystemd0:armhf libtasn1-6:armhf libthai-data libthai0
  libthai0:armhf libtiff5 libtiff5:armhf libtinfo6:armhf libtool
  libubsan1:armhf libuchardet0 libunistring2:armhf libuuid1:armhf libwebp6
  libwebp6:armhf libx11-6 libx11-6:armhf libx11-data libx11-dev:armhf
  libxau-dev:armhf libxau6 libxau6:armhf libxcb-render0 libxcb-render0:armhf
  libxcb-render0-dev:armhf libxcb-shm0 libxcb-shm0:armhf libxcb-shm0-dev:armhf
  libxcb1 libxcb1:armhf libxcb1-dev:armhf libxcomposite-dev:armhf
  libxcomposite1:armhf libxcursor-dev:armhf libxcursor1:armhf
  libxdamage-dev:armhf libxdamage1:armhf libxdmcp-dev:armhf libxdmcp6
  libxdmcp6:armhf libxext-dev:armhf libxext6 libxext6:armhf
  libxfixes-dev:armhf libxfixes3:armhf libxft-dev:armhf libxft2 libxft2:armhf
  libxi-dev:armhf libxi6:armhf libxinerama-dev:armhf libxinerama1:armhf
  libxml2-utils libxrandr-dev:armhf libxrandr2:armhf libxrender-dev:armhf
  libxrender1 libxrender1:armhf libzstd1:armhf linux-libc-dev:armhf m4 man-db
  mime-support pango1.0-tools pkg-config po-debconf python3 python3-distutils
  python3-lib2to3 python3-minimal python3.7 python3.7-minimal shared-mime-info
  uuid-dev:armhf x11-common x11proto-composite-dev x11proto-core-dev
  x11proto-damage-dev x11proto-dev x11proto-fixes-dev x11proto-input-dev
  x11proto-randr-dev x11proto-xext-dev x11proto-xinerama-dev
  xorg-sgml-doctools xtrans-dev zlib1g:armhf zlib1g-dev:armhf
Suggested packages:
  autoconf-archive gnu-standards autoconf-doc bison-doc wamerican | wordlist
  whois vacation dh-make flex-doc gettext-doc libasprintf-dev libgettextpo-dev
  groff glibc-doc:armhf libc-l10n:armhf locales:armhf manpages-dev:armhf
  libcairo2-doc:armhf cups-common:armhf rng-tools:armhf libglib2.0-doc:armhf
  gnutls-bin:armhf libgraphite2-utils:armhf krb5-doc:armhf krb5-user:armhf
  librsvg2-common:armhf gvfs:armhf libgtk2.0-doc:armhf libice-doc:armhf
  icu-doc:armhf ncurses-doc:armhf imagemagick:armhf libpango1.0-doc:armhf
  readline-doc:armhf librsvg2-bin libsm-doc:armhf libstdc++-8-doc:armhf
  libtool-doc gfortran | fortran95-compiler gcj-jdk libx11-doc:armhf
  libxcb-doc:armhf libxext-doc:armhf m4-doc apparmor less www-browser
  libmail-box-perl python3-doc python3-tk python3-venv python3.7-venv
  python3.7-doc binfmt-support
Recommended packages:
  libfl-dev curl | wget | lynx dbus:armhf libarchive-cpio-perl
  freetype2-doc:armhf xdg-user-dirs xdg-user-dirs:armhf
  libgpg-error-l10n:armhf libgail-common:armhf libgtk2.0-bin:armhf libgtk2.0-0
  python:armhf krb5-locales:armhf libgpm2 libgpm2:armhf libpng-tools:armhf
  libltdl-dev libmail-sendmail-perl
The following NEW packages will be installed:
  adwaita-icon-theme autoconf automake autopoint autotools-dev bison
  bsdmainutils csh debhelper dh-autoreconf dh-strip-nondeterminism dwz flex
  fontconfig fontconfig-config fonts-dejavu-core gcc-8-base:armhf gettext
  gettext-base gir1.2-atk-1.0:armhf gir1.2-freedesktop:armhf
  gir1.2-gdkpixbuf-2.0:armhf gir1.2-glib-2.0:armhf gir1.2-gtk-2.0:armhf
  gir1.2-harfbuzz-0.0:armhf gir1.2-pango-1.0:armhf groff-base
  gtk-update-icon-cache hicolor-icon-theme icu-devtools intltool-debian
  libarchive-zip-perl libasan5:armhf libatk1.0-0:armhf libatk1.0-data
  libatk1.0-dev:armhf libatomic1:armhf libavahi-client3:armhf
  libavahi-common-data:armhf libavahi-common3:armhf libbison-dev
  libblkid-dev:armhf libblkid1:armhf libbsd0 libbsd0:armhf libc6:armhf
  libc6-dev:armhf libcairo-gobject2:armhf libcairo-script-interpreter2:armhf
  libcairo2 libcairo2:armhf libcairo2-dev:armhf libcom-err2:armhf libcroco3
  libcups2:armhf libdatrie1 libdatrie1:armhf libdbus-1-3:armhf libelf1
  libexpat1:armhf libexpat1-dev:armhf libffi-dev:armhf libffi6:armhf
  libfile-stripnondeterminism-perl libfl-dev:armhf libfl2:armhf libfontconfig1
  libfontconfig1:armhf libfontconfig1-dev:armhf libfreetype6
  libfreetype6:armhf libfreetype6-dev:armhf libfribidi-dev:armhf libfribidi0
  libfribidi0:armhf libgcc-8-dev:armhf libgcc1:armhf libgcrypt20:armhf
  libgdk-pixbuf2.0-0 libgdk-pixbuf2.0-0:armhf libgdk-pixbuf2.0-bin
  libgdk-pixbuf2.0-common libgdk-pixbuf2.0-dev:armhf
  libgirepository-1.0-1:armhf libglib2.0-0 libglib2.0-0:armhf libglib2.0-bin
  libglib2.0-data libglib2.0-dev:armhf libglib2.0-dev-bin libgmp10:armhf
  libgnutls30:armhf libgomp1:armhf libgpg-error0:armhf libgraphite2-3
  libgraphite2-3:armhf libgraphite2-dev:armhf libgssapi-krb5-2:armhf
  libgtk2.0-0:armhf libgtk2.0-common libgtk2.0-dev:armhf libharfbuzz-dev:armhf
  libharfbuzz-gobject0:armhf libharfbuzz-icu0:armhf libharfbuzz0b
  libharfbuzz0b:armhf libhogweed4:armhf libice-dev:armhf libice6:armhf
  libicu-dev:armhf libicu63:armhf libidn2-0:armhf libjbig0 libjbig0:armhf
  libjpeg62-turbo libjpeg62-turbo:armhf libk5crypto3:armhf libkeyutils1:armhf
  libkrb5-3:armhf libkrb5support0:armhf liblz4-1:armhf liblzma5:armhf
  liblzo2-2:armhf libmount-dev:armhf libmount1:armhf libmpdec2
  libncurses-dev:armhf libncurses6 libncurses6:armhf libncursesw6:armhf
  libnettle6:armhf libp11-kit0:armhf libpango-1.0-0 libpango-1.0-0:armhf
  libpango1.0-dev:armhf libpangocairo-1.0-0 libpangocairo-1.0-0:armhf
  libpangoft2-1.0-0 libpangoft2-1.0-0:armhf libpangoxft-1.0-0
  libpangoxft-1.0-0:armhf libpcre16-3:armhf libpcre3:armhf libpcre3-dev:armhf
  libpcre32-3:armhf libpcrecpp0v5:armhf libpipeline1 libpixman-1-0
  libpixman-1-0:armhf libpixman-1-dev:armhf libpng-dev:armhf libpng16-16
  libpng16-16:armhf libpthread-stubs0-dev:armhf libpython3-stdlib
  libpython3.7-minimal libpython3.7-stdlib libreadline-dev:armhf
  libreadline7:armhf librsvg2-2 librsvg2-common libselinux1:armhf
  libselinux1-dev:armhf libsepol1:armhf libsepol1-dev:armhf libsigsegv2
  libsm-dev:armhf libsm6:armhf libssl1.1:armhf libstdc++-8-dev:armhf
  libstdc++6:armhf libsystemd0:armhf libtasn1-6:armhf libthai-data libthai0
  libthai0:armhf libtiff5 libtiff5:armhf libtinfo6:armhf libtool
  libubsan1:armhf libuchardet0 libunistring2:armhf libuuid1:armhf libwebp6
  libwebp6:armhf libx11-6 libx11-6:armhf libx11-data libx11-dev:armhf
  libxau-dev:armhf libxau6 libxau6:armhf libxcb-render0 libxcb-render0:armhf
  libxcb-render0-dev:armhf libxcb-shm0 libxcb-shm0:armhf libxcb-shm0-dev:armhf
  libxcb1 libxcb1:armhf libxcb1-dev:armhf libxcomposite-dev:armhf
  libxcomposite1:armhf libxcursor-dev:armhf libxcursor1:armhf
  libxdamage-dev:armhf libxdamage1:armhf libxdmcp-dev:armhf libxdmcp6
  libxdmcp6:armhf libxext-dev:armhf libxext6 libxext6:armhf
  libxfixes-dev:armhf libxfixes3:armhf libxft-dev:armhf libxft2 libxft2:armhf
  libxi-dev:armhf libxi6:armhf libxinerama-dev:armhf libxinerama1:armhf
  libxml2-utils libxrandr-dev:armhf libxrandr2:armhf libxrender-dev:armhf
  libxrender1 libxrender1:armhf libzstd1:armhf linux-libc-dev:armhf m4 man-db
  mime-support pango1.0-tools pkg-config po-debconf python3 python3-distutils
  python3-lib2to3 python3-minimal python3.7 python3.7-minimal
  sbuild-build-depends-main-dummy:armhf shared-mime-info uuid-dev:armhf
  x11-common x11proto-composite-dev x11proto-core-dev x11proto-damage-dev
  x11proto-dev x11proto-fixes-dev x11proto-input-dev x11proto-randr-dev
  x11proto-xext-dev x11proto-xinerama-dev xorg-sgml-doctools xtrans-dev
  zlib1g:armhf zlib1g-dev:armhf
0 upgraded, 260 newly installed, 0 to remove and 0 not upgraded.
Need to get 10.2 MB/104 MB of archives.
After this operation, 363 MB of additional disk space will be used.
Get:1 copy:/<<RESOLVERDIR>>/apt_archive ./ sbuild-build-depends-main-dummy 0.invalid.0 [952 B]
Get:2 http://10.116.41.102/debian sid/main amd64 libbsd0 amd64 0.9.1-2 [99.5 kB]
Get:3 http://10.116.41.102/debian sid/main armhf libsystemd0 armhf 241-1 [305 kB]
Get:4 http://10.116.41.102/debian sid/main amd64 libcairo2 amd64 1.16.0-3 [688 kB]
Get:5 http://10.116.41.102/debian sid/main amd64 csh amd64 20110502-4 [241 kB]
Get:6 http://10.116.41.102/debian sid/main amd64 libtool all 2.4.6-10 [547 kB]
Get:7 http://10.116.41.102/debian sid/main amd64 debhelper all 12.1.1 [1016 kB]
Get:8 http://10.116.41.102/debian sid/main armhf libcairo-gobject2 armhf 1.16.0-3 [123 kB]
Get:9 http://10.116.41.102/debian sid/main armhf libkeyutils1 armhf 1.6-4 [13.7 kB]
Get:10 http://10.116.41.102/debian sid/main armhf libkrb5support0 armhf 1.17-2 [62.2 kB]
Get:11 http://10.116.41.102/debian sid/main armhf libk5crypto3 armhf 1.17-2 [119 kB]
Get:12 http://10.116.41.102/debian sid/main armhf libssl1.1 armhf 1.1.1b-1 [1293 kB]
Get:13 http://10.116.41.102/debian sid/main armhf libkrb5-3 armhf 1.17-2 [322 kB]
Get:14 http://10.116.41.102/debian sid/main armhf libgssapi-krb5-2 armhf 1.17-2 [137 kB]
Get:15 http://10.116.41.102/debian sid/main armhf libstdc++6 armhf 8.3.0-2 [337 kB]
Get:16 http://10.116.41.102/debian sid/main armhf libasan5 armhf 8.3.0-2 [335 kB]
Get:17 http://10.116.41.102/debian sid/main armhf linux-libc-dev armhf 4.19.20-1 [1124 kB]
Get:18 http://10.116.41.102/debian sid/main armhf libatomic1 armhf 8.3.0-2 [6752 B]
Get:19 http://10.116.41.102/debian sid/main armhf libcairo-script-interpreter2 armhf 1.16.0-3 [151 kB]
Get:20 http://10.116.41.102/debian sid/main armhf libcairo2-dev armhf 1.16.0-3 [662 kB]
Get:21 http://10.116.41.102/debian sid/main armhf libfl2 armhf 2.6.4-6.2 [103 kB]
Get:22 http://10.116.41.102/debian sid/main armhf libfl-dev armhf 2.6.4-6.2 [104 kB]
Get:23 http://10.116.41.102/debian sid/main armhf libgomp1 armhf 8.3.0-2 [64.7 kB]
Get:24 http://10.116.41.102/debian sid/main armhf libubsan1 armhf 8.3.0-2 [103 kB]
Get:25 http://10.116.41.102/debian sid/main armhf libgcc-8-dev armhf 8.3.0-2 [613 kB]
Get:26 http://10.116.41.102/debian sid/main armhf libstdc++-8-dev armhf 8.3.0-2 [1584 kB]
debconf: delaying package configuration, since apt-utils is not installed
Fetched 10.2 MB in 1s (8118 kB/s)
Selecting previously unselected package libbsd0:amd64.
(Reading database ... 16449 files and directories currently installed.)
Preparing to unpack .../00-libbsd0_0.9.1-2_amd64.deb ...
Unpacking libbsd0:amd64 (0.9.1-2) ...
Selecting previously unselected package bsdmainutils.
Preparing to unpack .../01-bsdmainutils_11.1.2+b1_amd64.deb ...
Unpacking bsdmainutils (11.1.2+b1) ...
Selecting previously unselected package libuchardet0:amd64.
Preparing to unpack .../02-libuchardet0_0.0.6-3_amd64.deb ...
Unpacking libuchardet0:amd64 (0.0.6-3) ...
Selecting previously unselected package groff-base.
Preparing to unpack .../03-groff-base_1.22.4-2_amd64.deb ...
Unpacking groff-base (1.22.4-2) ...
Selecting previously unselected package libpipeline1:amd64.
Preparing to unpack .../04-libpipeline1_1.5.1-2_amd64.deb ...
Unpacking libpipeline1:amd64 (1.5.1-2) ...
Selecting previously unselected package man-db.
Preparing to unpack .../05-man-db_2.8.5-2_amd64.deb ...
Unpacking man-db (2.8.5-2) ...
Selecting previously unselected package libsigsegv2:amd64.
Preparing to unpack .../06-libsigsegv2_2.12-2_amd64.deb ...
Unpacking libsigsegv2:amd64 (2.12-2) ...
Selecting previously unselected package m4.
Preparing to unpack .../07-m4_1.4.18-2_amd64.deb ...
Unpacking m4 (1.4.18-2) ...
Selecting previously unselected package flex.
Preparing to unpack .../08-flex_2.6.4-6.2_amd64.deb ...
Unpacking flex (2.6.4-6.2) ...
Selecting previously unselected package gcc-8-base:armhf.
Preparing to unpack .../09-gcc-8-base_8.3.0-2_armhf.deb ...
Unpacking gcc-8-base:armhf (8.3.0-2) ...
Selecting previously unselected package libgcc1:armhf.
Preparing to unpack .../10-libgcc1_1%3a8.3.0-2_armhf.deb ...
Unpacking libgcc1:armhf (1:8.3.0-2) ...
Selecting previously unselected package libc6:armhf.
Preparing to unpack .../11-libc6_2.28-7_armhf.deb ...
Unpacking libc6:armhf (2.28-7) ...
Selecting previously unselected package libgpg-error0:armhf.
Preparing to unpack .../12-libgpg-error0_1.35-1_armhf.deb ...
Unpacking libgpg-error0:armhf (1.35-1) ...
Selecting previously unselected package libgcrypt20:armhf.
Preparing to unpack .../13-libgcrypt20_1.8.4-5_armhf.deb ...
Unpacking libgcrypt20:armhf (1.8.4-5) ...
Selecting previously unselected package liblz4-1:armhf.
Preparing to unpack .../14-liblz4-1_1.8.3-1_armhf.deb ...
Unpacking liblz4-1:armhf (1.8.3-1) ...
Selecting previously unselected package liblzma5:armhf.
Preparing to unpack .../15-liblzma5_5.2.4-1_armhf.deb ...
Unpacking liblzma5:armhf (5.2.4-1) ...
Setting up gcc-8-base:armhf (8.3.0-2) ...
Setting up libgcc1:armhf (1:8.3.0-2) ...
Setting up libc6:armhf (2.28-7) ...
Setting up libgpg-error0:armhf (1.35-1) ...
Setting up libgcrypt20:armhf (1.8.4-5) ...
Setting up liblz4-1:armhf (1.8.3-1) ...
Setting up liblzma5:armhf (5.2.4-1) ...
Selecting previously unselected package libsystemd0:armhf.
(Reading database ... 17565 files and directories currently installed.)
Preparing to unpack .../libsystemd0_241-1_armhf.deb ...
Unpacking libsystemd0:armhf (241-1) ...
Selecting previously unselected package libpython3.7-minimal:amd64.
Preparing to unpack .../libpython3.7-minimal_3.7.2-2_amd64.deb ...
Unpacking libpython3.7-minimal:amd64 (3.7.2-2) ...
Selecting previously unselected package python3.7-minimal.
Preparing to unpack .../python3.7-minimal_3.7.2-2_amd64.deb ...
Unpacking python3.7-minimal (3.7.2-2) ...
Setting up libpython3.7-minimal:amd64 (3.7.2-2) ...
Setting up python3.7-minimal (3.7.2-2) ...
Selecting previously unselected package python3-minimal.
(Reading database ... 17808 files and directories currently installed.)
Preparing to unpack .../0-python3-minimal_3.7.2-1_amd64.deb ...
Unpacking python3-minimal (3.7.2-1) ...
Selecting previously unselected package mime-support.
Preparing to unpack .../1-mime-support_3.62_all.deb ...
Unpacking mime-support (3.62) ...
Selecting previously unselected package libmpdec2:amd64.
Preparing to unpack .../2-libmpdec2_2.4.2-2_amd64.deb ...
Unpacking libmpdec2:amd64 (2.4.2-2) ...
Selecting previously unselected package libpython3.7-stdlib:amd64.
Preparing to unpack .../3-libpython3.7-stdlib_3.7.2-2_amd64.deb ...
Unpacking libpython3.7-stdlib:amd64 (3.7.2-2) ...
Selecting previously unselected package python3.7.
Preparing to unpack .../4-python3.7_3.7.2-2_amd64.deb ...
Unpacking python3.7 (3.7.2-2) ...
Selecting previously unselected package libpython3-stdlib:amd64.
Preparing to unpack .../5-libpython3-stdlib_3.7.2-1_amd64.deb ...
Unpacking libpython3-stdlib:amd64 (3.7.2-1) ...
Setting up python3-minimal (3.7.2-1) ...
Selecting previously unselected package python3.
(Reading database ... 18242 files and directories currently installed.)
Preparing to unpack .../000-python3_3.7.2-1_amd64.deb ...
Unpacking python3 (3.7.2-1) ...
Selecting previously unselected package gettext-base.
Preparing to unpack .../001-gettext-base_0.19.8.1-9_amd64.deb ...
Unpacking gettext-base (0.19.8.1-9) ...
Selecting previously unselected package hicolor-icon-theme.
Preparing to unpack .../002-hicolor-icon-theme_0.17-2_all.deb ...
Unpacking hicolor-icon-theme (0.17-2) ...
Selecting previously unselected package libglib2.0-0:amd64.
Preparing to unpack .../003-libglib2.0-0_2.58.3-1_amd64.deb ...
Unpacking libglib2.0-0:amd64 (2.58.3-1) ...
Selecting previously unselected package libjpeg62-turbo:amd64.
Preparing to unpack .../004-libjpeg62-turbo_1%3a1.5.2-2+b1_amd64.deb ...
Unpacking libjpeg62-turbo:amd64 (1:1.5.2-2+b1) ...
Selecting previously unselected package libpng16-16:amd64.
Preparing to unpack .../005-libpng16-16_1.6.36-5_amd64.deb ...
Unpacking libpng16-16:amd64 (1.6.36-5) ...
Selecting previously unselected package libjbig0:amd64.
Preparing to unpack .../006-libjbig0_2.1-3.1+b2_amd64.deb ...
Unpacking libjbig0:amd64 (2.1-3.1+b2) ...
Selecting previously unselected package libwebp6:amd64.
Preparing to unpack .../007-libwebp6_0.6.1-2_amd64.deb ...
Unpacking libwebp6:amd64 (0.6.1-2) ...
Selecting previously unselected package libtiff5:amd64.
Preparing to unpack .../008-libtiff5_4.0.10-4_amd64.deb ...
Unpacking libtiff5:amd64 (4.0.10-4) ...
Selecting previously unselected package libxau6:amd64.
Preparing to unpack .../009-libxau6_1%3a1.0.8-1+b2_amd64.deb ...
Unpacking libxau6:amd64 (1:1.0.8-1+b2) ...
Selecting previously unselected package libxdmcp6:amd64.
Preparing to unpack .../010-libxdmcp6_1%3a1.1.2-3_amd64.deb ...
Unpacking libxdmcp6:amd64 (1:1.1.2-3) ...
Selecting previously unselected package libxcb1:amd64.
Preparing to unpack .../011-libxcb1_1.13.1-2_amd64.deb ...
Unpacking libxcb1:amd64 (1.13.1-2) ...
Selecting previously unselected package libx11-data.
Preparing to unpack .../012-libx11-data_2%3a1.6.7-1_all.deb ...
Unpacking libx11-data (2:1.6.7-1) ...
Selecting previously unselected package libx11-6:amd64.
Preparing to unpack .../013-libx11-6_2%3a1.6.7-1_amd64.deb ...
Unpacking libx11-6:amd64 (2:1.6.7-1) ...
Selecting previously unselected package shared-mime-info.
Preparing to unpack .../014-shared-mime-info_1.10-1_amd64.deb ...
Unpacking shared-mime-info (1.10-1) ...
Selecting previously unselected package libgdk-pixbuf2.0-common.
Preparing to unpack .../015-libgdk-pixbuf2.0-common_2.38.0+dfsg-7_all.deb ...
Unpacking libgdk-pixbuf2.0-common (2.38.0+dfsg-7) ...
Selecting previously unselected package libgdk-pixbuf2.0-0:amd64.
Preparing to unpack .../016-libgdk-pixbuf2.0-0_2.38.0+dfsg-7_amd64.deb ...
Unpacking libgdk-pixbuf2.0-0:amd64 (2.38.0+dfsg-7) ...
Selecting previously unselected package gtk-update-icon-cache.
Preparing to unpack .../017-gtk-update-icon-cache_3.24.5-1_amd64.deb ...
No diversion 'diversion of /usr/sbin/update-icon-caches to /usr/sbin/update-icon-caches.gtk2 by libgtk-3-bin', none removed.
No diversion 'diversion of /usr/share/man/man8/update-icon-caches.8.gz to /usr/share/man/man8/update-icon-caches.gtk2.8.gz by libgtk-3-bin', none removed.
Unpacking gtk-update-icon-cache (3.24.5-1) ...
Selecting previously unselected package libfreetype6:amd64.
Preparing to unpack .../018-libfreetype6_2.9.1-3_amd64.deb ...
Unpacking libfreetype6:amd64 (2.9.1-3) ...
Selecting previously unselected package fonts-dejavu-core.
Preparing to unpack .../019-fonts-dejavu-core_2.37-1_all.deb ...
Unpacking fonts-dejavu-core (2.37-1) ...
Selecting previously unselected package fontconfig-config.
Preparing to unpack .../020-fontconfig-config_2.13.1-2_all.deb ...
Unpacking fontconfig-config (2.13.1-2) ...
Selecting previously unselected package libfontconfig1:amd64.
Preparing to unpack .../021-libfontconfig1_2.13.1-2_amd64.deb ...
Unpacking libfontconfig1:amd64 (2.13.1-2) ...
Selecting previously unselected package libpixman-1-0:amd64.
Preparing to unpack .../022-libpixman-1-0_0.36.0-1_amd64.deb ...
Unpacking libpixman-1-0:amd64 (0.36.0-1) ...
Selecting previously unselected package libxcb-render0:amd64.
Preparing to unpack .../023-libxcb-render0_1.13.1-2_amd64.deb ...
Unpacking libxcb-render0:amd64 (1.13.1-2) ...
Selecting previously unselected package libxcb-shm0:amd64.
Preparing to unpack .../024-libxcb-shm0_1.13.1-2_amd64.deb ...
Unpacking libxcb-shm0:amd64 (1.13.1-2) ...
Selecting previously unselected package libxext6:amd64.
Preparing to unpack .../025-libxext6_2%3a1.3.3-1+b2_amd64.deb ...
Unpacking libxext6:amd64 (2:1.3.3-1+b2) ...
Selecting previously unselected package libxrender1:amd64.
Preparing to unpack .../026-libxrender1_1%3a0.9.10-1_amd64.deb ...
Unpacking libxrender1:amd64 (1:0.9.10-1) ...
Selecting previously unselected package libcairo2:amd64.
Preparing to unpack .../027-libcairo2_1.16.0-3_amd64.deb ...
Unpacking libcairo2:amd64 (1.16.0-3) ...
Selecting previously unselected package libcroco3:amd64.
Preparing to unpack .../028-libcroco3_0.6.12-3_amd64.deb ...
Unpacking libcroco3:amd64 (0.6.12-3) ...
Selecting previously unselected package fontconfig.
Preparing to unpack .../029-fontconfig_2.13.1-2_amd64.deb ...
Unpacking fontconfig (2.13.1-2) ...
Selecting previously unselected package libfribidi0:amd64.
Preparing to unpack .../030-libfribidi0_1.0.5-3.1_amd64.deb ...
Unpacking libfribidi0:amd64 (1.0.5-3.1) ...
Selecting previously unselected package libthai-data.
Preparing to unpack .../031-libthai-data_0.1.28-2_all.deb ...
Unpacking libthai-data (0.1.28-2) ...
Selecting previously unselected package libdatrie1:amd64.
Preparing to unpack .../032-libdatrie1_0.2.12-2_amd64.deb ...
Unpacking libdatrie1:amd64 (0.2.12-2) ...
Selecting previously unselected package libthai0:amd64.
Preparing to unpack .../033-libthai0_0.1.28-2_amd64.deb ...
Unpacking libthai0:amd64 (0.1.28-2) ...
Selecting previously unselected package libpango-1.0-0:amd64.
Preparing to unpack .../034-libpango-1.0-0_1.42.4-6_amd64.deb ...
Unpacking libpango-1.0-0:amd64 (1.42.4-6) ...
Selecting previously unselected package libgraphite2-3:amd64.
Preparing to unpack .../035-libgraphite2-3_1.3.13-7_amd64.deb ...
Unpacking libgraphite2-3:amd64 (1.3.13-7) ...
Selecting previously unselected package libharfbuzz0b:amd64.
Preparing to unpack .../036-libharfbuzz0b_2.3.1-1_amd64.deb ...
Unpacking libharfbuzz0b:amd64 (2.3.1-1) ...
Selecting previously unselected package libpangoft2-1.0-0:amd64.
Preparing to unpack .../037-libpangoft2-1.0-0_1.42.4-6_amd64.deb ...
Unpacking libpangoft2-1.0-0:amd64 (1.42.4-6) ...
Selecting previously unselected package libpangocairo-1.0-0:amd64.
Preparing to unpack .../038-libpangocairo-1.0-0_1.42.4-6_amd64.deb ...
Unpacking libpangocairo-1.0-0:amd64 (1.42.4-6) ...
Selecting previously unselected package librsvg2-2:amd64.
Preparing to unpack .../039-librsvg2-2_2.44.10-1_amd64.deb ...
Unpacking librsvg2-2:amd64 (2.44.10-1) ...
Selecting previously unselected package librsvg2-common:amd64.
Preparing to unpack .../040-librsvg2-common_2.44.10-1_amd64.deb ...
Unpacking librsvg2-common:amd64 (2.44.10-1) ...
Selecting previously unselected package adwaita-icon-theme.
Preparing to unpack .../041-adwaita-icon-theme_3.30.1-1_all.deb ...
Unpacking adwaita-icon-theme (3.30.1-1) ...
Selecting previously unselected package autoconf.
Preparing to unpack .../042-autoconf_2.69-11_all.deb ...
Unpacking autoconf (2.69-11) ...
Selecting previously unselected package autotools-dev.
Preparing to unpack .../043-autotools-dev_20180224.1_all.deb ...
Unpacking autotools-dev (20180224.1) ...
Selecting previously unselected package automake.
Preparing to unpack .../044-automake_1%3a1.16.1-4_all.deb ...
Unpacking automake (1:1.16.1-4) ...
Selecting previously unselected package autopoint.
Preparing to unpack .../045-autopoint_0.19.8.1-9_all.deb ...
Unpacking autopoint (0.19.8.1-9) ...
Selecting previously unselected package libbison-dev:amd64.
Preparing to unpack .../046-libbison-dev_2%3a3.3.2.dfsg-1_amd64.deb ...
Unpacking libbison-dev:amd64 (2:3.3.2.dfsg-1) ...
Selecting previously unselected package bison.
Preparing to unpack .../047-bison_2%3a3.3.2.dfsg-1_amd64.deb ...
Unpacking bison (2:3.3.2.dfsg-1) ...
Selecting previously unselected package csh.
Preparing to unpack .../048-csh_20110502-4_amd64.deb ...
Unpacking csh (20110502-4) ...
Selecting previously unselected package libtool.
Preparing to unpack .../049-libtool_2.4.6-10_all.deb ...
Unpacking libtool (2.4.6-10) ...
Selecting previously unselected package dh-autoreconf.
Preparing to unpack .../050-dh-autoreconf_19_all.deb ...
Unpacking dh-autoreconf (19) ...
Selecting previously unselected package libarchive-zip-perl.
Preparing to unpack .../051-libarchive-zip-perl_1.64-1_all.deb ...
Unpacking libarchive-zip-perl (1.64-1) ...
Selecting previously unselected package libfile-stripnondeterminism-perl.
Preparing to unpack .../052-libfile-stripnondeterminism-perl_1.1.1-1_all.deb ...
Unpacking libfile-stripnondeterminism-perl (1.1.1-1) ...
Selecting previously unselected package dh-strip-nondeterminism.
Preparing to unpack .../053-dh-strip-nondeterminism_1.1.1-1_all.deb ...
Unpacking dh-strip-nondeterminism (1.1.1-1) ...
Selecting previously unselected package libelf1:amd64.
Preparing to unpack .../054-libelf1_0.176-1_amd64.deb ...
Unpacking libelf1:amd64 (0.176-1) ...
Selecting previously unselected package dwz.
Preparing to unpack .../055-dwz_0.12-3_amd64.deb ...
Unpacking dwz (0.12-3) ...
Selecting previously unselected package libncurses6:amd64.
Preparing to unpack .../056-libncurses6_6.1+20181013-2_amd64.deb ...
Unpacking libncurses6:amd64 (6.1+20181013-2) ...
Selecting previously unselected package gettext.
Preparing to unpack .../057-gettext_0.19.8.1-9_amd64.deb ...
Unpacking gettext (0.19.8.1-9) ...
Selecting previously unselected package intltool-debian.
Preparing to unpack .../058-intltool-debian_0.35.0+20060710.5_all.deb ...
Unpacking intltool-debian (0.35.0+20060710.5) ...
Selecting previously unselected package po-debconf.
Preparing to unpack .../059-po-debconf_1.0.21_all.deb ...
Unpacking po-debconf (1.0.21) ...
Selecting previously unselected package debhelper.
Preparing to unpack .../060-debhelper_12.1.1_all.deb ...
Unpacking debhelper (12.1.1) ...
Selecting previously unselected package libffi6:armhf.
Preparing to unpack .../061-libffi6_3.2.1-9_armhf.deb ...
Unpacking libffi6:armhf (3.2.1-9) ...
Selecting previously unselected package libuuid1:armhf.
Preparing to unpack .../062-libuuid1_2.33.1-0.1_armhf.deb ...
Unpacking libuuid1:armhf (2.33.1-0.1) ...
Selecting previously unselected package libblkid1:armhf.
Preparing to unpack .../063-libblkid1_2.33.1-0.1_armhf.deb ...
Unpacking libblkid1:armhf (2.33.1-0.1) ...
Selecting previously unselected package libpcre3:armhf.
Preparing to unpack .../064-libpcre3_2%3a8.39-11_armhf.deb ...
Unpacking libpcre3:armhf (2:8.39-11) ...
Selecting previously unselected package libselinux1:armhf.
Preparing to unpack .../065-libselinux1_2.8-1+b1_armhf.deb ...
Unpacking libselinux1:armhf (2.8-1+b1) ...
Selecting previously unselected package libmount1:armhf.
Preparing to unpack .../066-libmount1_2.33.1-0.1_armhf.deb ...
Unpacking libmount1:armhf (2.33.1-0.1) ...
Selecting previously unselected package zlib1g:armhf.
Preparing to unpack .../067-zlib1g_1%3a1.2.11.dfsg-1_armhf.deb ...
Unpacking zlib1g:armhf (1:1.2.11.dfsg-1) ...
Selecting previously unselected package libglib2.0-0:armhf.
Preparing to unpack .../068-libglib2.0-0_2.58.3-1_armhf.deb ...
Unpacking libglib2.0-0:armhf (2.58.3-1) ...
Selecting previously unselected package libgirepository-1.0-1:armhf.
Preparing to unpack .../069-libgirepository-1.0-1_1.58.3-2_armhf.deb ...
Unpacking libgirepository-1.0-1:armhf (1.58.3-2) ...
Selecting previously unselected package gir1.2-glib-2.0:armhf.
Preparing to unpack .../070-gir1.2-glib-2.0_1.58.3-2_armhf.deb ...
Unpacking gir1.2-glib-2.0:armhf (1.58.3-2) ...
Selecting previously unselected package libatk1.0-data.
Preparing to unpack .../071-libatk1.0-data_2.30.0-2_all.deb ...
Unpacking libatk1.0-data (2.30.0-2) ...
Selecting previously unselected package libatk1.0-0:armhf.
Preparing to unpack .../072-libatk1.0-0_2.30.0-2_armhf.deb ...
Unpacking libatk1.0-0:armhf (2.30.0-2) ...
Selecting previously unselected package gir1.2-atk-1.0:armhf.
Preparing to unpack .../073-gir1.2-atk-1.0_2.30.0-2_armhf.deb ...
Unpacking gir1.2-atk-1.0:armhf (2.30.0-2) ...
Selecting previously unselected package libexpat1:armhf.
Preparing to unpack .../074-libexpat1_2.2.6-1_armhf.deb ...
Unpacking libexpat1:armhf (2.2.6-1) ...
Selecting previously unselected package libpng16-16:armhf.
Preparing to unpack .../075-libpng16-16_1.6.36-5_armhf.deb ...
Unpacking libpng16-16:armhf (1.6.36-5) ...
Selecting previously unselected package libfreetype6:armhf.
Preparing to unpack .../076-libfreetype6_2.9.1-3_armhf.deb ...
Unpacking libfreetype6:armhf (2.9.1-3) ...
Selecting previously unselected package libfontconfig1:armhf.
Preparing to unpack .../077-libfontconfig1_2.13.1-2_armhf.deb ...
Unpacking libfontconfig1:armhf (2.13.1-2) ...
Selecting previously unselected package libpixman-1-0:armhf.
Preparing to unpack .../078-libpixman-1-0_0.36.0-1_armhf.deb ...
Unpacking libpixman-1-0:armhf (0.36.0-1) ...
Selecting previously unselected package libxau6:armhf.
Preparing to unpack .../079-libxau6_1%3a1.0.8-1+b2_armhf.deb ...
Unpacking libxau6:armhf (1:1.0.8-1+b2) ...
Selecting previously unselected package libbsd0:armhf.
Preparing to unpack .../080-libbsd0_0.9.1-2_armhf.deb ...
Unpacking libbsd0:armhf (0.9.1-2) ...
Selecting previously unselected package libxdmcp6:armhf.
Preparing to unpack .../081-libxdmcp6_1%3a1.1.2-3_armhf.deb ...
Unpacking libxdmcp6:armhf (1:1.1.2-3) ...
Selecting previously unselected package libxcb1:armhf.
Preparing to unpack .../082-libxcb1_1.13.1-2_armhf.deb ...
Unpacking libxcb1:armhf (1.13.1-2) ...
Selecting previously unselected package libx11-6:armhf.
Preparing to unpack .../083-libx11-6_2%3a1.6.7-1_armhf.deb ...
Unpacking libx11-6:armhf (2:1.6.7-1) ...
Selecting previously unselected package libxcb-render0:armhf.
Preparing to unpack .../084-libxcb-render0_1.13.1-2_armhf.deb ...
Unpacking libxcb-render0:armhf (1.13.1-2) ...
Selecting previously unselected package libxcb-shm0:armhf.
Preparing to unpack .../085-libxcb-shm0_1.13.1-2_armhf.deb ...
Unpacking libxcb-shm0:armhf (1.13.1-2) ...
Selecting previously unselected package libxext6:armhf.
Preparing to unpack .../086-libxext6_2%3a1.3.3-1+b2_armhf.deb ...
Unpacking libxext6:armhf (2:1.3.3-1+b2) ...
Selecting previously unselected package libxrender1:armhf.
Preparing to unpack .../087-libxrender1_1%3a0.9.10-1_armhf.deb ...
Unpacking libxrender1:armhf (1:0.9.10-1) ...
Selecting previously unselected package libcairo2:armhf.
Preparing to unpack .../088-libcairo2_1.16.0-3_armhf.deb ...
Unpacking libcairo2:armhf (1.16.0-3) ...
Selecting previously unselected package libcairo-gobject2:armhf.
Preparing to unpack .../089-libcairo-gobject2_1.16.0-3_armhf.deb ...
Unpacking libcairo-gobject2:armhf (1.16.0-3) ...
Selecting previously unselected package gir1.2-freedesktop:armhf.
Preparing to unpack .../090-gir1.2-freedesktop_1.58.3-2_armhf.deb ...
Unpacking gir1.2-freedesktop:armhf (1.58.3-2) ...
Selecting previously unselected package libjpeg62-turbo:armhf.
Preparing to unpack .../091-libjpeg62-turbo_1%3a1.5.2-2+b1_armhf.deb ...
Unpacking libjpeg62-turbo:armhf (1:1.5.2-2+b1) ...
Selecting previously unselected package libjbig0:armhf.
Preparing to unpack .../092-libjbig0_2.1-3.1+b2_armhf.deb ...
Unpacking libjbig0:armhf (2.1-3.1+b2) ...
Selecting previously unselected package libwebp6:armhf.
Preparing to unpack .../093-libwebp6_0.6.1-2_armhf.deb ...
Unpacking libwebp6:armhf (0.6.1-2) ...
Selecting previously unselected package libzstd1:armhf.
Preparing to unpack .../094-libzstd1_1.3.8+dfsg-3_armhf.deb ...
Unpacking libzstd1:armhf (1.3.8+dfsg-3) ...
Selecting previously unselected package libtiff5:armhf.
Preparing to unpack .../095-libtiff5_4.0.10-4_armhf.deb ...
Unpacking libtiff5:armhf (4.0.10-4) ...
Selecting previously unselected package libgdk-pixbuf2.0-0:armhf.
Preparing to unpack .../096-libgdk-pixbuf2.0-0_2.38.0+dfsg-7_armhf.deb ...
Unpacking libgdk-pixbuf2.0-0:armhf (2.38.0+dfsg-7) ...
Selecting previously unselected package gir1.2-gdkpixbuf-2.0:armhf.
Preparing to unpack .../097-gir1.2-gdkpixbuf-2.0_2.38.0+dfsg-7_armhf.deb ...
Unpacking gir1.2-gdkpixbuf-2.0:armhf (2.38.0+dfsg-7) ...
Selecting previously unselected package libgtk2.0-common.
Preparing to unpack .../098-libgtk2.0-common_2.24.32-3_all.deb ...
Unpacking libgtk2.0-common (2.24.32-3) ...
Selecting previously unselected package libfribidi0:armhf.
Preparing to unpack .../099-libfribidi0_1.0.5-3.1_armhf.deb ...
Unpacking libfribidi0:armhf (1.0.5-3.1) ...
Selecting previously unselected package libdatrie1:armhf.
Preparing to unpack .../100-libdatrie1_0.2.12-2_armhf.deb ...
Unpacking libdatrie1:armhf (0.2.12-2) ...
Selecting previously unselected package libthai0:armhf.
Preparing to unpack .../101-libthai0_0.1.28-2_armhf.deb ...
Unpacking libthai0:armhf (0.1.28-2) ...
Selecting previously unselected package libpango-1.0-0:armhf.
Preparing to unpack .../102-libpango-1.0-0_1.42.4-6_armhf.deb ...
Unpacking libpango-1.0-0:armhf (1.42.4-6) ...
Selecting previously unselected package libgraphite2-3:armhf.
Preparing to unpack .../103-libgraphite2-3_1.3.13-7_armhf.deb ...
Unpacking libgraphite2-3:armhf (1.3.13-7) ...
Selecting previously unselected package libharfbuzz0b:armhf.
Preparing to unpack .../104-libharfbuzz0b_2.3.1-1_armhf.deb ...
Unpacking libharfbuzz0b:armhf (2.3.1-1) ...
Selecting previously unselected package libpangoft2-1.0-0:armhf.
Preparing to unpack .../105-libpangoft2-1.0-0_1.42.4-6_armhf.deb ...
Unpacking libpangoft2-1.0-0:armhf (1.42.4-6) ...
Selecting previously unselected package libpangocairo-1.0-0:armhf.
Preparing to unpack .../106-libpangocairo-1.0-0_1.42.4-6_armhf.deb ...
Unpacking libpangocairo-1.0-0:armhf (1.42.4-6) ...
Selecting previously unselected package libxft2:armhf.
Preparing to unpack .../107-libxft2_2.3.2-2_armhf.deb ...
Unpacking libxft2:armhf (2.3.2-2) ...
Selecting previously unselected package libpangoxft-1.0-0:armhf.
Preparing to unpack .../108-libpangoxft-1.0-0_1.42.4-6_armhf.deb ...
Unpacking libpangoxft-1.0-0:armhf (1.42.4-6) ...
Selecting previously unselected package gir1.2-pango-1.0:armhf.
Preparing to unpack .../109-gir1.2-pango-1.0_1.42.4-6_armhf.deb ...
Unpacking gir1.2-pango-1.0:armhf (1.42.4-6) ...
Selecting previously unselected package libavahi-common-data:armhf.
Preparing to unpack .../110-libavahi-common-data_0.7-4+b1_armhf.deb ...
Unpacking libavahi-common-data:armhf (0.7-4+b1) ...
Selecting previously unselected package libavahi-common3:armhf.
Preparing to unpack .../111-libavahi-common3_0.7-4+b1_armhf.deb ...
Unpacking libavahi-common3:armhf (0.7-4+b1) ...
Selecting previously unselected package libdbus-1-3:armhf.
Preparing to unpack .../112-libdbus-1-3_1.12.12-1_armhf.deb ...
Unpacking libdbus-1-3:armhf (1.12.12-1) ...
Selecting previously unselected package libavahi-client3:armhf.
Preparing to unpack .../113-libavahi-client3_0.7-4+b1_armhf.deb ...
Unpacking libavahi-client3:armhf (0.7-4+b1) ...
Selecting previously unselected package libgmp10:armhf.
Preparing to unpack .../114-libgmp10_2%3a6.1.2+dfsg-4_armhf.deb ...
Unpacking libgmp10:armhf (2:6.1.2+dfsg-4) ...
Selecting previously unselected package libnettle6:armhf.
Preparing to unpack .../115-libnettle6_3.4.1-1_armhf.deb ...
Unpacking libnettle6:armhf (3.4.1-1) ...
Selecting previously unselected package libhogweed4:armhf.
Preparing to unpack .../116-libhogweed4_3.4.1-1_armhf.deb ...
Unpacking libhogweed4:armhf (3.4.1-1) ...
Selecting previously unselected package libunistring2:armhf.
Preparing to unpack .../117-libunistring2_0.9.10-1_armhf.deb ...
Unpacking libunistring2:armhf (0.9.10-1) ...
Selecting previously unselected package libidn2-0:armhf.
Preparing to unpack .../118-libidn2-0_2.0.5-1_armhf.deb ...
Unpacking libidn2-0:armhf (2.0.5-1) ...
Selecting previously unselected package libp11-kit0:armhf.
Preparing to unpack .../119-libp11-kit0_0.23.15-2_armhf.deb ...
Unpacking libp11-kit0:armhf (0.23.15-2) ...
Selecting previously unselected package libtasn1-6:armhf.
Preparing to unpack .../120-libtasn1-6_4.13-3_armhf.deb ...
Unpacking libtasn1-6:armhf (4.13-3) ...
Selecting previously unselected package libgnutls30:armhf.
Preparing to unpack .../121-libgnutls30_3.6.6-2_armhf.deb ...
Unpacking libgnutls30:armhf (3.6.6-2) ...
Selecting previously unselected package libcom-err2:armhf.
Preparing to unpack .../122-libcom-err2_1.44.5-1_armhf.deb ...
Unpacking libcom-err2:armhf (1.44.5-1) ...
Selecting previously unselected package libkeyutils1:armhf.
Preparing to unpack .../123-libkeyutils1_1.6-4_armhf.deb ...
Unpacking libkeyutils1:armhf (1.6-4) ...
Selecting previously unselected package libkrb5support0:armhf.
Preparing to unpack .../124-libkrb5support0_1.17-2_armhf.deb ...
Unpacking libkrb5support0:armhf (1.17-2) ...
Selecting previously unselected package libk5crypto3:armhf.
Preparing to unpack .../125-libk5crypto3_1.17-2_armhf.deb ...
Unpacking libk5crypto3:armhf (1.17-2) ...
Selecting previously unselected package libssl1.1:armhf.
Preparing to unpack .../126-libssl1.1_1.1.1b-1_armhf.deb ...
Unpacking libssl1.1:armhf (1.1.1b-1) ...
Selecting previously unselected package libkrb5-3:armhf.
Preparing to unpack .../127-libkrb5-3_1.17-2_armhf.deb ...
Unpacking libkrb5-3:armhf (1.17-2) ...
Selecting previously unselected package libgssapi-krb5-2:armhf.
Preparing to unpack .../128-libgssapi-krb5-2_1.17-2_armhf.deb ...
Unpacking libgssapi-krb5-2:armhf (1.17-2) ...
Selecting previously unselected package libcups2:armhf.
Preparing to unpack .../129-libcups2_2.2.10-4_armhf.deb ...
Unpacking libcups2:armhf (2.2.10-4) ...
Selecting previously unselected package libxcomposite1:armhf.
Preparing to unpack .../130-libxcomposite1_1%3a0.4.4-2_armhf.deb ...
Unpacking libxcomposite1:armhf (1:0.4.4-2) ...
Selecting previously unselected package libxfixes3:armhf.
Preparing to unpack .../131-libxfixes3_1%3a5.0.3-1_armhf.deb ...
Unpacking libxfixes3:armhf (1:5.0.3-1) ...
Selecting previously unselected package libxcursor1:armhf.
Preparing to unpack .../132-libxcursor1_1%3a1.1.15-2_armhf.deb ...
Unpacking libxcursor1:armhf (1:1.1.15-2) ...
Selecting previously unselected package libxdamage1:armhf.
Preparing to unpack .../133-libxdamage1_1%3a1.1.4-3_armhf.deb ...
Unpacking libxdamage1:armhf (1:1.1.4-3) ...
Selecting previously unselected package libxi6:armhf.
Preparing to unpack .../134-libxi6_2%3a1.7.9-1_armhf.deb ...
Unpacking libxi6:armhf (2:1.7.9-1) ...
Selecting previously unselected package libxinerama1:armhf.
Preparing to unpack .../135-libxinerama1_2%3a1.1.4-2_armhf.deb ...
Unpacking libxinerama1:armhf (2:1.1.4-2) ...
Selecting previously unselected package libxrandr2:armhf.
Preparing to unpack .../136-libxrandr2_2%3a1.5.1-1_armhf.deb ...
Unpacking libxrandr2:armhf (2:1.5.1-1) ...
Selecting previously unselected package libgtk2.0-0:armhf.
Preparing to unpack .../137-libgtk2.0-0_2.24.32-3_armhf.deb ...
Unpacking libgtk2.0-0:armhf (2.24.32-3) ...
Selecting previously unselected package gir1.2-gtk-2.0:armhf.
Preparing to unpack .../138-gir1.2-gtk-2.0_2.24.32-3_armhf.deb ...
Unpacking gir1.2-gtk-2.0:armhf (2.24.32-3) ...
Selecting previously unselected package libharfbuzz-gobject0:armhf.
Preparing to unpack .../139-libharfbuzz-gobject0_2.3.1-1_armhf.deb ...
Unpacking libharfbuzz-gobject0:armhf (2.3.1-1) ...
Selecting previously unselected package gir1.2-harfbuzz-0.0:armhf.
Preparing to unpack .../140-gir1.2-harfbuzz-0.0_2.3.1-1_armhf.deb ...
Unpacking gir1.2-harfbuzz-0.0:armhf (2.3.1-1) ...
Selecting previously unselected package icu-devtools.
Preparing to unpack .../141-icu-devtools_63.1-6_amd64.deb ...
Unpacking icu-devtools (63.1-6) ...
Selecting previously unselected package libstdc++6:armhf.
Preparing to unpack .../142-libstdc++6_8.3.0-2_armhf.deb ...
Unpacking libstdc++6:armhf (8.3.0-2) ...
Selecting previously unselected package libasan5:armhf.
Preparing to unpack .../143-libasan5_8.3.0-2_armhf.deb ...
Unpacking libasan5:armhf (8.3.0-2) ...
Selecting previously unselected package pkg-config.
Preparing to unpack .../144-pkg-config_0.29-6_amd64.deb ...
Unpacking pkg-config (0.29-6) ...
Selecting previously unselected package libffi-dev:armhf.
Preparing to unpack .../145-libffi-dev_3.2.1-9_armhf.deb ...
Unpacking libffi-dev:armhf (3.2.1-9) ...
Selecting previously unselected package libglib2.0-data.
Preparing to unpack .../146-libglib2.0-data_2.58.3-1_all.deb ...
Unpacking libglib2.0-data (2.58.3-1) ...
Selecting previously unselected package libglib2.0-bin.
Preparing to unpack .../147-libglib2.0-bin_2.58.3-1_amd64.deb ...
Unpacking libglib2.0-bin (2.58.3-1) ...
Selecting previously unselected package python3-lib2to3.
Preparing to unpack .../148-python3-lib2to3_3.7.2-3_all.deb ...
Unpacking python3-lib2to3 (3.7.2-3) ...
Selecting previously unselected package python3-distutils.
Preparing to unpack .../149-python3-distutils_3.7.2-3_all.deb ...
Unpacking python3-distutils (3.7.2-3) ...
Selecting previously unselected package libglib2.0-dev-bin.
Preparing to unpack .../150-libglib2.0-dev-bin_2.58.3-1_amd64.deb ...
Unpacking libglib2.0-dev-bin (2.58.3-1) ...
Selecting previously unselected package linux-libc-dev:armhf.
Preparing to unpack .../151-linux-libc-dev_4.19.20-1_armhf.deb ...
Unpacking linux-libc-dev:armhf (4.19.20-1) ...
Selecting previously unselected package libc6-dev:armhf.
Preparing to unpack .../152-libc6-dev_2.28-7_armhf.deb ...
Unpacking libc6-dev:armhf (2.28-7) ...
Selecting previously unselected package uuid-dev:armhf.
Preparing to unpack .../153-uuid-dev_2.33.1-0.1_armhf.deb ...
Unpacking uuid-dev:armhf (2.33.1-0.1) ...
Selecting previously unselected package libblkid-dev:armhf.
Preparing to unpack .../154-libblkid-dev_2.33.1-0.1_armhf.deb ...
Unpacking libblkid-dev:armhf (2.33.1-0.1) ...
Selecting previously unselected package libmount-dev:armhf.
Preparing to unpack .../155-libmount-dev_2.33.1-0.1_armhf.deb ...
Unpacking libmount-dev:armhf (2.33.1-0.1) ...
Selecting previously unselected package libpcre16-3:armhf.
Preparing to unpack .../156-libpcre16-3_2%3a8.39-11_armhf.deb ...
Unpacking libpcre16-3:armhf (2:8.39-11) ...
Selecting previously unselected package libpcre32-3:armhf.
Preparing to unpack .../157-libpcre32-3_2%3a8.39-11_armhf.deb ...
Unpacking libpcre32-3:armhf (2:8.39-11) ...
Selecting previously unselected package libpcrecpp0v5:armhf.
Preparing to unpack .../158-libpcrecpp0v5_2%3a8.39-11_armhf.deb ...
Unpacking libpcrecpp0v5:armhf (2:8.39-11) ...
Selecting previously unselected package libpcre3-dev:armhf.
Preparing to unpack .../159-libpcre3-dev_2%3a8.39-11_armhf.deb ...
Unpacking libpcre3-dev:armhf (2:8.39-11) ...
Selecting previously unselected package libsepol1:armhf.
Preparing to unpack .../160-libsepol1_2.8-1_armhf.deb ...
Unpacking libsepol1:armhf (2.8-1) ...
Selecting previously unselected package libsepol1-dev:armhf.
Preparing to unpack .../161-libsepol1-dev_2.8-1_armhf.deb ...
Unpacking libsepol1-dev:armhf (2.8-1) ...
Selecting previously unselected package libselinux1-dev:armhf.
Preparing to unpack .../162-libselinux1-dev_2.8-1+b1_armhf.deb ...
Unpacking libselinux1-dev:armhf (2.8-1+b1) ...
Selecting previously unselected package zlib1g-dev:armhf.
Preparing to unpack .../163-zlib1g-dev_1%3a1.2.11.dfsg-1_armhf.deb ...
Unpacking zlib1g-dev:armhf (1:1.2.11.dfsg-1) ...
Selecting previously unselected package libglib2.0-dev:armhf.
Preparing to unpack .../164-libglib2.0-dev_2.58.3-1_armhf.deb ...
Unpacking libglib2.0-dev:armhf (2.58.3-1) ...
Selecting previously unselected package libatk1.0-dev:armhf.
Preparing to unpack .../165-libatk1.0-dev_2.30.0-2_armhf.deb ...
Unpacking libatk1.0-dev:armhf (2.30.0-2) ...
Selecting previously unselected package libatomic1:armhf.
Preparing to unpack .../166-libatomic1_8.3.0-2_armhf.deb ...
Unpacking libatomic1:armhf (8.3.0-2) ...
Selecting previously unselected package liblzo2-2:armhf.
Preparing to unpack .../167-liblzo2-2_2.10-0.1_armhf.deb ...
Unpacking liblzo2-2:armhf (2.10-0.1) ...
Selecting previously unselected package libcairo-script-interpreter2:armhf.
Preparing to unpack .../168-libcairo-script-interpreter2_1.16.0-3_armhf.deb ...
Unpacking libcairo-script-interpreter2:armhf (1.16.0-3) ...
Selecting previously unselected package libexpat1-dev:armhf.
Preparing to unpack .../169-libexpat1-dev_2.2.6-1_armhf.deb ...
Unpacking libexpat1-dev:armhf (2.2.6-1) ...
Selecting previously unselected package libpng-dev:armhf.
Preparing to unpack .../170-libpng-dev_1.6.36-5_armhf.deb ...
Unpacking libpng-dev:armhf (1.6.36-5) ...
Preparing to unpack .../171-libfreetype6-dev_2.9.1-3_armhf.deb ...
Unpacking libfreetype6-dev:armhf (2.9.1-3) ...
Selecting previously unselected package libfontconfig1-dev:armhf.
Preparing to unpack .../172-libfontconfig1-dev_2.13.1-2_armhf.deb ...
Unpacking libfontconfig1-dev:armhf (2.13.1-2) ...
Selecting previously unselected package xorg-sgml-doctools.
Preparing to unpack .../173-xorg-sgml-doctools_1%3a1.11-1_all.deb ...
Unpacking xorg-sgml-doctools (1:1.11-1) ...
Selecting previously unselected package x11proto-dev.
Preparing to unpack .../174-x11proto-dev_2018.4-4_all.deb ...
Unpacking x11proto-dev (2018.4-4) ...
Selecting previously unselected package x11proto-core-dev.
Preparing to unpack .../175-x11proto-core-dev_2018.4-4_all.deb ...
Unpacking x11proto-core-dev (2018.4-4) ...
Selecting previously unselected package libxau-dev:armhf.
Preparing to unpack .../176-libxau-dev_1%3a1.0.8-1+b2_armhf.deb ...
Unpacking libxau-dev:armhf (1:1.0.8-1+b2) ...
Selecting previously unselected package libxdmcp-dev:armhf.
Preparing to unpack .../177-libxdmcp-dev_1%3a1.1.2-3_armhf.deb ...
Unpacking libxdmcp-dev:armhf (1:1.1.2-3) ...
Selecting previously unselected package x11proto-input-dev.
Preparing to unpack .../178-x11proto-input-dev_2018.4-4_all.deb ...
Unpacking x11proto-input-dev (2018.4-4) ...
Selecting previously unselected package xtrans-dev.
Preparing to unpack .../179-xtrans-dev_1.3.5-1_all.deb ...
Unpacking xtrans-dev (1.3.5-1) ...
Selecting previously unselected package libpthread-stubs0-dev:armhf.
Preparing to unpack .../180-libpthread-stubs0-dev_0.4-1_armhf.deb ...
Unpacking libpthread-stubs0-dev:armhf (0.4-1) ...
Selecting previously unselected package libxcb1-dev:armhf.
Preparing to unpack .../181-libxcb1-dev_1.13.1-2_armhf.deb ...
Unpacking libxcb1-dev:armhf (1.13.1-2) ...
Selecting previously unselected package libx11-dev:armhf.
Preparing to unpack .../182-libx11-dev_2%3a1.6.7-1_armhf.deb ...
Unpacking libx11-dev:armhf (2:1.6.7-1) ...
Selecting previously unselected package libxrender-dev:armhf.
Preparing to unpack .../183-libxrender-dev_1%3a0.9.10-1_armhf.deb ...
Unpacking libxrender-dev:armhf (1:0.9.10-1) ...
Selecting previously unselected package x11proto-xext-dev.
Preparing to unpack .../184-x11proto-xext-dev_2018.4-4_all.deb ...
Unpacking x11proto-xext-dev (2018.4-4) ...
Selecting previously unselected package libxext-dev:armhf.
Preparing to unpack .../185-libxext-dev_2%3a1.3.3-1+b2_armhf.deb ...
Unpacking libxext-dev:armhf (2:1.3.3-1+b2) ...
Selecting previously unselected package x11-common.
Preparing to unpack .../186-x11-common_1%3a7.7+19_all.deb ...
Unpacking x11-common (1:7.7+19) ...
Selecting previously unselected package libice6:armhf.
Preparing to unpack .../187-libice6_2%3a1.0.9-2_armhf.deb ...
Unpacking libice6:armhf (2:1.0.9-2) ...
Selecting previously unselected package libsm6:armhf.
Preparing to unpack .../188-libsm6_2%3a1.2.3-1_armhf.deb ...
Unpacking libsm6:armhf (2:1.2.3-1) ...
Selecting previously unselected package libice-dev:armhf.
Preparing to unpack .../189-libice-dev_2%3a1.0.9-2_armhf.deb ...
Unpacking libice-dev:armhf (2:1.0.9-2) ...
Selecting previously unselected package libsm-dev:armhf.
Preparing to unpack .../190-libsm-dev_2%3a1.2.3-1_armhf.deb ...
Unpacking libsm-dev:armhf (2:1.2.3-1) ...
Selecting previously unselected package libpixman-1-dev:armhf.
Preparing to unpack .../191-libpixman-1-dev_0.36.0-1_armhf.deb ...
Unpacking libpixman-1-dev:armhf (0.36.0-1) ...
Selecting previously unselected package libxcb-render0-dev:armhf.
Preparing to unpack .../192-libxcb-render0-dev_1.13.1-2_armhf.deb ...
Unpacking libxcb-render0-dev:armhf (1.13.1-2) ...
Selecting previously unselected package libxcb-shm0-dev:armhf.
Preparing to unpack .../193-libxcb-shm0-dev_1.13.1-2_armhf.deb ...
Unpacking libxcb-shm0-dev:armhf (1.13.1-2) ...
Selecting previously unselected package libcairo2-dev:armhf.
Preparing to unpack .../194-libcairo2-dev_1.16.0-3_armhf.deb ...
Unpacking libcairo2-dev:armhf (1.16.0-3) ...
Selecting previously unselected package libfl2:armhf.
Preparing to unpack .../195-libfl2_2.6.4-6.2_armhf.deb ...
Unpacking libfl2:armhf (2.6.4-6.2) ...
Selecting previously unselected package libfl-dev:armhf.
Preparing to unpack .../196-libfl-dev_2.6.4-6.2_armhf.deb ...
Unpacking libfl-dev:armhf (2.6.4-6.2) ...
Selecting previously unselected package libfribidi-dev:armhf.
Preparing to unpack .../197-libfribidi-dev_1.0.5-3.1_armhf.deb ...
Unpacking libfribidi-dev:armhf (1.0.5-3.1) ...
Selecting previously unselected package libgomp1:armhf.
Preparing to unpack .../198-libgomp1_8.3.0-2_armhf.deb ...
Unpacking libgomp1:armhf (8.3.0-2) ...
Selecting previously unselected package libubsan1:armhf.
Preparing to unpack .../199-libubsan1_8.3.0-2_armhf.deb ...
Unpacking libubsan1:armhf (8.3.0-2) ...
Selecting previously unselected package libgcc-8-dev:armhf.
Preparing to unpack .../200-libgcc-8-dev_8.3.0-2_armhf.deb ...
Unpacking libgcc-8-dev:armhf (8.3.0-2) ...
Selecting previously unselected package libgdk-pixbuf2.0-bin.
Preparing to unpack .../201-libgdk-pixbuf2.0-bin_2.38.0+dfsg-7_amd64.deb ...
Unpacking libgdk-pixbuf2.0-bin (2.38.0+dfsg-7) ...
Selecting previously unselected package libgdk-pixbuf2.0-dev:armhf.
Preparing to unpack .../202-libgdk-pixbuf2.0-dev_2.38.0+dfsg-7_armhf.deb ...
Unpacking libgdk-pixbuf2.0-dev:armhf (2.38.0+dfsg-7) ...
Selecting previously unselected package libgraphite2-dev:armhf.
Preparing to unpack .../203-libgraphite2-dev_1.3.13-7_armhf.deb ...
Unpacking libgraphite2-dev:armhf (1.3.13-7) ...
Selecting previously unselected package libicu63:armhf.
Preparing to unpack .../204-libicu63_63.1-6_armhf.deb ...
Unpacking libicu63:armhf (63.1-6) ...
Selecting previously unselected package libharfbuzz-icu0:armhf.
Preparing to unpack .../205-libharfbuzz-icu0_2.3.1-1_armhf.deb ...
Unpacking libharfbuzz-icu0:armhf (2.3.1-1) ...
Selecting previously unselected package libicu-dev:armhf.
Preparing to unpack .../206-libicu-dev_63.1-6_armhf.deb ...
Unpacking libicu-dev:armhf (63.1-6) ...
Selecting previously unselected package libharfbuzz-dev:armhf.
Preparing to unpack .../207-libharfbuzz-dev_2.3.1-1_armhf.deb ...
Unpacking libharfbuzz-dev:armhf (2.3.1-1) ...
Selecting previously unselected package libxft-dev:armhf.
Preparing to unpack .../208-libxft-dev_2.3.2-2_armhf.deb ...
Unpacking libxft-dev:armhf (2.3.2-2) ...
Selecting previously unselected package libxft2:amd64.
Preparing to unpack .../209-libxft2_2.3.2-2_amd64.deb ...
Unpacking libxft2:amd64 (2.3.2-2) ...
Selecting previously unselected package libpangoxft-1.0-0:amd64.
Preparing to unpack .../210-libpangoxft-1.0-0_1.42.4-6_amd64.deb ...
Unpacking libpangoxft-1.0-0:amd64 (1.42.4-6) ...
Selecting previously unselected package pango1.0-tools.
Preparing to unpack .../211-pango1.0-tools_1.42.4-6_amd64.deb ...
Unpacking pango1.0-tools (1.42.4-6) ...
Selecting previously unselected package libpango1.0-dev:armhf.
Preparing to unpack .../212-libpango1.0-dev_1.42.4-6_armhf.deb ...
Unpacking libpango1.0-dev:armhf (1.42.4-6) ...
Selecting previously unselected package x11proto-xinerama-dev.
Preparing to unpack .../213-x11proto-xinerama-dev_2018.4-4_all.deb ...
Unpacking x11proto-xinerama-dev (2018.4-4) ...
Selecting previously unselected package libxinerama-dev:armhf.
Preparing to unpack .../214-libxinerama-dev_2%3a1.1.4-2_armhf.deb ...
Unpacking libxinerama-dev:armhf (2:1.1.4-2) ...
Selecting previously unselected package x11proto-fixes-dev.
Preparing to unpack .../215-x11proto-fixes-dev_1%3a2018.4-4_all.deb ...
Unpacking x11proto-fixes-dev (1:2018.4-4) ...
Selecting previously unselected package libxfixes-dev:armhf.
Preparing to unpack .../216-libxfixes-dev_1%3a5.0.3-1_armhf.deb ...
Unpacking libxfixes-dev:armhf (1:5.0.3-1) ...
Selecting previously unselected package libxi-dev:armhf.
Preparing to unpack .../217-libxi-dev_2%3a1.7.9-1_armhf.deb ...
Unpacking libxi-dev:armhf (2:1.7.9-1) ...
Selecting previously unselected package x11proto-randr-dev.
Preparing to unpack .../218-x11proto-randr-dev_2018.4-4_all.deb ...
Unpacking x11proto-randr-dev (2018.4-4) ...
Selecting previously unselected package libxrandr-dev:armhf.
Preparing to unpack .../219-libxrandr-dev_2%3a1.5.1-1_armhf.deb ...
Unpacking libxrandr-dev:armhf (2:1.5.1-1) ...
Selecting previously unselected package libxcursor-dev:armhf.
Preparing to unpack .../220-libxcursor-dev_1%3a1.1.15-2_armhf.deb ...
Unpacking libxcursor-dev:armhf (1:1.1.15-2) ...
Selecting previously unselected package x11proto-composite-dev.
Preparing to unpack .../221-x11proto-composite-dev_1%3a2018.4-4_all.deb ...
Unpacking x11proto-composite-dev (1:2018.4-4) ...
Selecting previously unselected package libxcomposite-dev:armhf.
Preparing to unpack .../222-libxcomposite-dev_1%3a0.4.4-2_armhf.deb ...
Unpacking libxcomposite-dev:armhf (1:0.4.4-2) ...
Selecting previously unselected package x11proto-damage-dev.
Preparing to unpack .../223-x11proto-damage-dev_1%3a2018.4-4_all.deb ...
Unpacking x11proto-damage-dev (1:2018.4-4) ...
Selecting previously unselected package libxdamage-dev:armhf.
Preparing to unpack .../224-libxdamage-dev_1%3a1.1.4-3_armhf.deb ...
Unpacking libxdamage-dev:armhf (1:1.1.4-3) ...
Selecting previously unselected package libxml2-utils.
Preparing to unpack .../225-libxml2-utils_2.9.4+dfsg1-7+b3_amd64.deb ...
Unpacking libxml2-utils (2.9.4+dfsg1-7+b3) ...
Selecting previously unselected package libgtk2.0-dev:armhf.
Preparing to unpack .../226-libgtk2.0-dev_2.24.32-3_armhf.deb ...
Unpacking libgtk2.0-dev:armhf (2.24.32-3) ...
Selecting previously unselected package libtinfo6:armhf.
Preparing to unpack .../227-libtinfo6_6.1+20181013-2_armhf.deb ...
Unpacking libtinfo6:armhf (6.1+20181013-2) ...
Selecting previously unselected package libncurses6:armhf.
Preparing to unpack .../228-libncurses6_6.1+20181013-2_armhf.deb ...
Unpacking libncurses6:armhf (6.1+20181013-2) ...
Selecting previously unselected package libncursesw6:armhf.
Preparing to unpack .../229-libncursesw6_6.1+20181013-2_armhf.deb ...
Unpacking libncursesw6:armhf (6.1+20181013-2) ...
Selecting previously unselected package libncurses-dev:armhf.
Preparing to unpack .../230-libncurses-dev_6.1+20181013-2_armhf.deb ...
Unpacking libncurses-dev:armhf (6.1+20181013-2) ...
Selecting previously unselected package libreadline7:armhf.
Preparing to unpack .../231-libreadline7_7.0-5_armhf.deb ...
Unpacking libreadline7:armhf (7.0-5) ...
Selecting previously unselected package libreadline-dev:armhf.
Preparing to unpack .../232-libreadline-dev_7.0-5_armhf.deb ...
Unpacking libreadline-dev:armhf (7.0-5) ...
Selecting previously unselected package libstdc++-8-dev:armhf.
Preparing to unpack .../233-libstdc++-8-dev_8.3.0-2_armhf.deb ...
Unpacking libstdc++-8-dev:armhf (8.3.0-2) ...
Selecting previously unselected package sbuild-build-depends-main-dummy:armhf.
Preparing to unpack .../234-sbuild-build-depends-main-dummy_0.invalid.0_armhf.deb ...
Unpacking sbuild-build-depends-main-dummy:armhf (0.invalid.0) ...
Setting up libexpat1:armhf (2.2.6-1) ...
Setting up libpipeline1:amd64 (1.5.1-2) ...
Setting up libgraphite2-3:amd64 (1.3.13-7) ...
Setting up libgraphite2-3:armhf (1.3.13-7) ...
Setting up libpixman-1-0:amd64 (0.36.0-1) ...
Setting up libpixman-1-0:armhf (0.36.0-1) ...
Setting up libzstd1:armhf (1.3.8+dfsg-3) ...
Setting up libxau6:amd64 (1:1.0.8-1+b2) ...
Setting up libxau6:armhf (1:1.0.8-1+b2) ...
Setting up libkeyutils1:armhf (1.6-4) ...
Setting up libpixman-1-dev:armhf (0.36.0-1) ...
Setting up mime-support (3.62) ...
Setting up libpcre16-3:armhf (2:8.39-11) ...
Setting up hicolor-icon-theme (0.17-2) ...
Setting up libbison-dev:amd64 (2:3.3.2.dfsg-1) ...
Setting up libdatrie1:amd64 (0.2.12-2) ...
Setting up libdatrie1:armhf (0.2.12-2) ...
Setting up libarchive-zip-perl (1.64-1) ...
Setting up libglib2.0-0:amd64 (2.58.3-1) ...
No schema files found: doing nothing.
Setting up libssl1.1:armhf (1.1.1b-1) ...
Setting up libgdk-pixbuf2.0-common (2.38.0+dfsg-7) ...
Setting up x11-common (1:7.7+19) ...
update-rc.d: warning: start and stop actions are no longer supported; falling back to defaults
invoke-rc.d: could not determine current runlevel
All runlevel operations denied by policy
invoke-rc.d: policy-rc.d denied execution of start.
Setting up libunistring2:armhf (0.9.10-1) ...
Setting up linux-libc-dev:armhf (4.19.20-1) ...
Setting up gettext-base (0.19.8.1-9) ...
Setting up liblzo2-2:armhf (2.10-0.1) ...
Setting up zlib1g:armhf (1:1.2.11.dfsg-1) ...
Setting up libffi6:armhf (3.2.1-9) ...
Setting up libidn2-0:armhf (2.0.5-1) ...
Setting up libcom-err2:armhf (1.44.5-1) ...
Setting up libgomp1:armhf (8.3.0-2) ...
Setting up libffi-dev:armhf (3.2.1-9) ...
Setting up libpthread-stubs0-dev:armhf (0.4-1) ...
Setting up libjbig0:amd64 (2.1-3.1+b2) ...
Setting up libjbig0:armhf (2.1-3.1+b2) ...
Setting up libsystemd0:armhf (241-1) ...
Setting up libkrb5support0:armhf (1.17-2) ...
Setting up xtrans-dev (1.3.5-1) ...
Setting up libpcre3:armhf (2:8.39-11) ...
Setting up libgraphite2-dev:armhf (1.3.13-7) ...
Setting up autotools-dev (20180224.1) ...
Setting up libglib2.0-data (2.58.3-1) ...
Setting up libjpeg62-turbo:amd64 (1:1.5.2-2+b1) ...
Setting up libjpeg62-turbo:armhf (1:1.5.2-2+b1) ...
Setting up libx11-data (2:1.6.7-1) ...
Setting up libgmp10:armhf (2:6.1.2+dfsg-4) ...
Setting up libavahi-common-data:armhf (0.7-4+b1) ...
Setting up libncurses6:amd64 (6.1+20181013-2) ...
Setting up libdbus-1-3:armhf (1.12.12-1) ...
Setting up libsigsegv2:amd64 (2.12-2) ...
Setting up libfribidi0:amd64 (1.0.5-3.1) ...
Setting up libfribidi0:armhf (1.0.5-3.1) ...
Setting up shared-mime-info (1.10-1) ...
Setting up libp11-kit0:armhf (0.23.15-2) ...
Setting up libpng16-16:amd64 (1.6.36-5) ...
Setting up libpng16-16:armhf (1.6.36-5) ...
Setting up libpcre32-3:armhf (2:8.39-11) ...
Setting up libatomic1:armhf (8.3.0-2) ...
Setting up libuuid1:armhf (2.33.1-0.1) ...
Setting up autopoint (0.19.8.1-9) ...
Setting up libwebp6:amd64 (0.6.1-2) ...
Setting up libwebp6:armhf (0.6.1-2) ...
Setting up libcroco3:amd64 (0.6.12-3) ...
Setting up icu-devtools (63.1-6) ...
Setting up pkg-config (0.29-6) ...
Setting up fonts-dejavu-core (2.37-1) ...
Setting up libfl2:armhf (2.6.4-6.2) ...
Setting up libk5crypto3:armhf (1.17-2) ...
Setting up libnettle6:armhf (3.4.1-1) ...
Setting up libatk1.0-data (2.30.0-2) ...
Setting up libsepol1:armhf (2.8-1) ...
Setting up libuchardet0:amd64 (0.0.6-3) ...
Setting up libtasn1-6:armhf (4.13-3) ...
Setting up libc6-dev:armhf (2.28-7) ...
Setting up libthai-data (0.1.28-2) ...
Setting up xorg-sgml-doctools (1:1.11-1) ...
Setting up libgtk2.0-common (2.24.32-3) ...
Setting up libkrb5-3:armhf (1.17-2) ...
Setting up libtiff5:amd64 (4.0.10-4) ...
Setting up libtiff5:armhf (4.0.10-4) ...
Setting up libmpdec2:amd64 (2.4.2-2) ...
Setting up libxml2-utils (2.9.4+dfsg1-7+b3) ...
Setting up libbsd0:amd64 (0.9.1-2) ...
Setting up libbsd0:armhf (0.9.1-2) ...
Setting up libelf1:amd64 (0.176-1) ...
Setting up libblkid1:armhf (2.33.1-0.1) ...
Setting up libstdc++6:armhf (8.3.0-2) ...
Setting up libtinfo6:armhf (6.1+20181013-2) ...
Setting up x11proto-dev (2018.4-4) ...
Setting up libpcrecpp0v5:armhf (2:8.39-11) ...
Setting up libfile-stripnondeterminism-perl (1.1.1-1) ...
Setting up libice6:armhf (2:1.0.9-2) ...
Setting up libxdmcp6:amd64 (1:1.1.2-3) ...
Setting up libxdmcp6:armhf (1:1.1.2-3) ...
Setting up libpython3.7-stdlib:amd64 (3.7.2-2) ...
Setting up libxcb1:amd64 (1.13.1-2) ...
Setting up libxcb1:armhf (1.13.1-2) ...
Setting up gettext (0.19.8.1-9) ...
Setting up libxau-dev:armhf (1:1.0.8-1+b2) ...
Setting up csh (20110502-4) ...
update-alternatives: using /bin/bsd-csh to provide /bin/csh (csh) in auto mode
Setting up libice-dev:armhf (2:1.0.9-2) ...
Setting up libtool (2.4.6-10) ...
Setting up libxcb-render0:amd64 (1.13.1-2) ...
Setting up libxcb-render0:armhf (1.13.1-2) ...
Setting up libpcre3-dev:armhf (2:8.39-11) ...
Setting up fontconfig-config (2.13.1-2) ...
Setting up libhogweed4:armhf (3.4.1-1) ...
Setting up x11proto-randr-dev (2018.4-4) ...
Setting up libfribidi-dev:armhf (1.0.5-3.1) ...
Setting up libavahi-common3:armhf (0.7-4+b1) ...
Setting up libsepol1-dev:armhf (2.8-1) ...
Setting up libglib2.0-bin (2.58.3-1) ...
Setting up m4 (1.4.18-2) ...
Setting up libxcb-shm0:amd64 (1.13.1-2) ...
Setting up libxcb-shm0:armhf (1.13.1-2) ...
Setting up x11proto-xinerama-dev (2018.4-4) ...
Setting up libicu63:armhf (63.1-6) ...
Setting up intltool-debian (0.35.0+20060710.5) ...
Setting up libselinux1:armhf (2.8-1+b1) ...
Setting up libthai0:amd64 (0.1.28-2) ...
Setting up libthai0:armhf (0.1.28-2) ...
Setting up libasan5:armhf (8.3.0-2) ...
Setting up libxdmcp-dev:armhf (1:1.1.2-3) ...
Setting up libgnutls30:armhf (3.6.6-2) ...
Setting up x11proto-damage-dev (1:2018.4-4) ...
Setting up libexpat1-dev:armhf (2.2.6-1) ...
Setting up x11proto-composite-dev (1:2018.4-4) ...
Setting up libfreetype6:amd64 (2.9.1-3) ...
Setting up libfreetype6:armhf (2.9.1-3) ...
Setting up x11proto-core-dev (2018.4-4) ...
Setting up uuid-dev:armhf (2.33.1-0.1) ...
Setting up libncurses6:armhf (6.1+20181013-2) ...
Setting up bsdmainutils (11.1.2+b1) ...
update-alternatives: using /usr/bin/bsd-write to provide /usr/bin/write (write) in auto mode
update-alternatives: using /usr/bin/bsd-from to provide /usr/bin/from (from) in auto mode
Setting up libgssapi-krb5-2:armhf (1.17-2) ...
Setting up x11proto-input-dev (2018.4-4) ...
Setting up libncursesw6:armhf (6.1+20181013-2) ...
Setting up autoconf (2.69-11) ...
Setting up libubsan1:armhf (8.3.0-2) ...
Setting up zlib1g-dev:armhf (1:1.2.11.dfsg-1) ...
Setting up x11proto-xext-dev (2018.4-4) ...
Setting up dwz (0.12-3) ...
Setting up groff-base (1.22.4-2) ...
Setting up libmount1:armhf (2.33.1-0.1) ...
Setting up bison (2:3.3.2.dfsg-1) ...
update-alternatives: using /usr/bin/bison.yacc to provide /usr/bin/yacc (yacc) in auto mode
Setting up libx11-6:amd64 (2:1.6.7-1) ...
Setting up libx11-6:armhf (2:1.6.7-1) ...
Setting up libharfbuzz0b:amd64 (2.3.1-1) ...
Setting up libfontconfig1:amd64 (2.13.1-2) ...
Setting up libfontconfig1:armhf (2.13.1-2) ...
Setting up x11proto-fixes-dev (1:2018.4-4) ...
Setting up libxcomposite1:armhf (1:0.4.4-2) ...
Setting up libsm6:armhf (2:1.2.3-1) ...
Setting up libicu-dev:armhf (63.1-6) ...
Setting up libavahi-client3:armhf (0.7-4+b1) ...
Setting up libreadline7:armhf (7.0-5) ...
Setting up libpython3-stdlib:amd64 (3.7.2-1) ...
Setting up automake (1:1.16.1-4) ...
update-alternatives: using /usr/bin/automake-1.16 to provide /usr/bin/automake (automake) in auto mode
Setting up libblkid-dev:armhf (2.33.1-0.1) ...
Setting up python3.7 (3.7.2-2) ...
Setting up fontconfig (2.13.1-2) ...
Regenerating fonts cache... done.
Setting up flex (2.6.4-6.2) ...
Setting up libncurses-dev:armhf (6.1+20181013-2) ...
Setting up libxcb1-dev:armhf (1.13.1-2) ...
Setting up libxrender1:amd64 (1:0.9.10-1) ...
Setting up libxrender1:armhf (1:0.9.10-1) ...
Setting up libsm-dev:armhf (2:1.2.3-1) ...
Setting up libselinux1-dev:armhf (2.8-1+b1) ...
Setting up libglib2.0-0:armhf (2.58.3-1) ...
/var/lib/dpkg/info/libglib2.0-0:armhf.postinst: 47: /var/lib/dpkg/info/libglib2.0-0:armhf.postinst: /usr/lib/arm-linux-gnueabihf/glib-2.0/glib-compile-schemas: Exec format error
/var/lib/dpkg/info/libglib2.0-0:armhf.postinst: 50: /var/lib/dpkg/info/libglib2.0-0:armhf.postinst: /usr/lib/arm-linux-gnueabihf/glib-2.0/gio-querymodules: Exec format error
Setting up po-debconf (1.0.21) ...
Setting up libpango-1.0-0:amd64 (1.42.4-6) ...
Setting up libpango-1.0-0:armhf (1.42.4-6) ...
Setting up libpng-dev:armhf (1.6.36-5) ...
Setting up libx11-dev:armhf (2:1.6.7-1) ...
Setting up libxext6:amd64 (2:1.3.3-1+b2) ...
Setting up libxext6:armhf (2:1.3.3-1+b2) ...
Setting up python3 (3.7.2-1) ...
Setting up libreadline-dev:armhf (7.0-5) ...
Setting up man-db (2.8.5-2) ...
Not building database; man-db/auto-update is not 'true'.
Setting up libcairo2:amd64 (1.16.0-3) ...
Setting up libcairo2:armhf (1.16.0-3) ...
Setting up libfl-dev:armhf (2.6.4-6.2) ...
Setting up libfreetype6-dev:armhf (2.9.1-3) ...
Setting up libxcb-shm0-dev:armhf (1.13.1-2) ...
Setting up libxfixes3:armhf (1:5.0.3-1) ...
Setting up libgdk-pixbuf2.0-0:amd64 (2.38.0+dfsg-7) ...
Setting up libgdk-pixbuf2.0-0:armhf (2.38.0+dfsg-7) ...
/var/lib/dpkg/info/libgdk-pixbuf2.0-0:armhf.postinst: 30: /var/lib/dpkg/info/libgdk-pixbuf2.0-0:armhf.postinst: /usr/lib/arm-linux-gnueabihf/gdk-pixbuf-2.0/gdk-pixbuf-query-loaders: Exec format error
Setting up libxinerama1:armhf (2:1.1.4-2) ...
Setting up libxrandr2:armhf (2:1.5.1-1) ...
Setting up libxcb-render0-dev:armhf (1.13.1-2) ...
Setting up libgcc-8-dev:armhf (8.3.0-2) ...
Setting up libxext-dev:armhf (2:1.3.3-1+b2) ...
Setting up libcups2:armhf (2.2.10-4) ...
Setting up libgdk-pixbuf2.0-bin (2.38.0+dfsg-7) ...
Setting up libharfbuzz0b:armhf (2.3.1-1) ...
Setting up libgirepository-1.0-1:armhf (1.58.3-2) ...
Setting up libcairo-gobject2:armhf (1.16.0-3) ...
Setting up libatk1.0-0:armhf (2.30.0-2) ...
Setting up libpangoft2-1.0-0:amd64 (1.42.4-6) ...
Setting up libpangoft2-1.0-0:armhf (1.42.4-6) ...
Setting up python3-lib2to3 (3.7.2-3) ...
Setting up libxrender-dev:armhf (1:0.9.10-1) ...
Setting up libmount-dev:armhf (2.33.1-0.1) ...
Setting up libpangocairo-1.0-0:amd64 (1.42.4-6) ...
Setting up libpangocairo-1.0-0:armhf (1.42.4-6) ...
Setting up libstdc++-8-dev:armhf (8.3.0-2) ...
Setting up python3-distutils (3.7.2-3) ...
Setting up libcairo-script-interpreter2:armhf (1.16.0-3) ...
Setting up libglib2.0-dev-bin (2.58.3-1) ...
Setting up gtk-update-icon-cache (3.24.5-1) ...
Setting up libxft2:amd64 (2.3.2-2) ...
Setting up libxft2:armhf (2.3.2-2) ...
Setting up libharfbuzz-icu0:armhf (2.3.1-1) ...
Setting up libfontconfig1-dev:armhf (2.13.1-2) ...
Setting up libxdamage1:armhf (1:1.1.4-3) ...
Setting up libpangoxft-1.0-0:amd64 (1.42.4-6) ...
Setting up libpangoxft-1.0-0:armhf (1.42.4-6) ...
Setting up libxi6:armhf (2:1.7.9-1) ...
Setting up libxcursor1:armhf (1:1.1.15-2) ...
Setting up pango1.0-tools (1.42.4-6) ...
Setting up libharfbuzz-gobject0:armhf (2.3.1-1) ...
Setting up librsvg2-2:amd64 (2.44.10-1) ...
Setting up libxfixes-dev:armhf (1:5.0.3-1) ...
Setting up libxrandr-dev:armhf (2:1.5.1-1) ...
Setting up libglib2.0-dev:armhf (2.58.3-1) ...
Setting up libxinerama-dev:armhf (2:1.1.4-2) ...
Setting up gir1.2-glib-2.0:armhf (1.58.3-2) ...
Setting up librsvg2-common:amd64 (2.44.10-1) ...
Setting up libcairo2-dev:armhf (1.16.0-3) ...
Setting up libxi-dev:armhf (2:1.7.9-1) ...
Setting up libxft-dev:armhf (2.3.2-2) ...
Setting up libxdamage-dev:armhf (1:1.1.4-3) ...
Setting up gir1.2-freedesktop:armhf (1.58.3-2) ...
Setting up gir1.2-gdkpixbuf-2.0:armhf (2.38.0+dfsg-7) ...
Setting up gir1.2-atk-1.0:armhf (2.30.0-2) ...
Setting up libxcomposite-dev:armhf (1:0.4.4-2) ...
Setting up libxcursor-dev:armhf (1:1.1.15-2) ...
Setting up gir1.2-harfbuzz-0.0:armhf (2.3.1-1) ...
Setting up libgdk-pixbuf2.0-dev:armhf (2.38.0+dfsg-7) ...
Setting up gir1.2-pango-1.0:armhf (1.42.4-6) ...
Setting up adwaita-icon-theme (3.30.1-1) ...
update-alternatives: using /usr/share/icons/Adwaita/cursor.theme to provide /usr/share/icons/default/index.theme (x-cursor-theme) in auto mode
Setting up libatk1.0-dev:armhf (2.30.0-2) ...
Setting up libharfbuzz-dev:armhf (2.3.1-1) ...
Setting up libgtk2.0-0:armhf (2.24.32-3) ...
/var/lib/dpkg/info/libgtk2.0-0:armhf.postinst: 19: /var/lib/dpkg/info/libgtk2.0-0:armhf.postinst: /usr/lib/arm-linux-gnueabihf/libgtk2.0-0/gtk-query-immodules-2.0: Exec format error
Setting up gir1.2-gtk-2.0:armhf (2.24.32-3) ...
Setting up libpango1.0-dev:armhf (1.42.4-6) ...
Setting up libgtk2.0-dev:armhf (2.24.32-3) ...
Setting up dh-autoreconf (19) ...
Setting up debhelper (12.1.1) ...
Setting up dh-strip-nondeterminism (1.1.1-1) ...
Setting up sbuild-build-depends-main-dummy:armhf (0.invalid.0) ...
Processing triggers for libc-bin (2.28-7) ...
Processing triggers for ccache (3.6-1) ...
Updating symlinks in /usr/lib/ccache ...
Processing triggers for libgdk-pixbuf2.0-0:amd64 (2.38.0+dfsg-7) ...

+------------------------------------------------------------------------------+
| Check architectures                                                          |
+------------------------------------------------------------------------------+

Initial Foreign Architectures: armhf 
Arch check ok (armhf included in any all)

+------------------------------------------------------------------------------+
| Build environment                                                            |
+------------------------------------------------------------------------------+

Kernel: Linux 3.16.0-4-amd64 #1 SMP Debian 3.16.51-3 (2017-12-13) amd64 (x86_64)
Toolchain package versions: binutils_2.31.1-14 dpkg-dev_1.19.5 g++-8_8.3.0-2 gcc-8_8.3.0-2 libc6-dev_2.28-7 libstdc++-8-dev_8.3.0-2 libstdc++-8-dev-armhf-cross_8.2.0-20cross1 libstdc++6_8.3.0-2 libstdc++6-armhf-cross_8.2.0-20cross1 linux-libc-dev_4.19.20-1
Package versions: adduser_3.118 adwaita-icon-theme_3.30.1-1 apt_1.8.0~rc4 autoconf_2.69-11 automake_1:1.16.1-4 autopoint_0.19.8.1-9 autotools-dev_20180224.1 base-files_10.1 base-passwd_3.5.46 bash_5.0-2 binutils_2.31.1-14 binutils-arm-linux-gnueabihf_2.31.1-14 binutils-common_2.31.1-14 binutils-x86-64-linux-gnu_2.31.1-14 bison_2:3.3.2.dfsg-1 bsdmainutils_11.1.2+b1 bsdutils_1:2.33.1-0.1 build-essential_12.5 bzip2_1.0.6-9 ca-certificates_20190110 ccache_3.6-1 coreutils_8.30-2 cpp_4:8.2.0-2 cpp-8_8.3.0-2 cpp-8-arm-linux-gnueabihf_8.2.0-20cross1 cpp-arm-linux-gnueabihf_4:8.2.0-2 cross-config_2.6.15-2 crossbuild-essential-armhf_12.5 csh_20110502-4 dash_0.5.10.2-5 debconf_1.5.71 debhelper_12.1.1 debian-archive-keyring_2018.1 debianutils_4.8.6.1 dh-autoreconf_19 dh-strip-nondeterminism_1.1.1-1 diffutils_1:3.7-2 dirmngr_2.2.12-1 dpkg_1.19.5 dpkg-cross_2.6.15-2 dpkg-dev_1.19.5 dwz_0.12-3 e2fsprogs_1.44.5-1 eatmydata_105-7 fakeroot_1.23-1 fdisk_2.33.1-0.1 file_1:5.35-2 findutils_4.6.0+git+20190209-2 flex_2.6.4-6.2 fontconfig_2.13.1-2 fontconfig-config_2.13.1-2 fonts-dejavu-core_2.37-1 g++_4:8.2.0-2 g++-8_8.3.0-2 g++-8-arm-linux-gnueabihf_8.2.0-20cross1 g++-arm-linux-gnueabihf_4:8.2.0-2 gcc_4:8.2.0-2 gcc-8_8.3.0-2 gcc-8-arm-linux-gnueabihf_8.2.0-20cross1 gcc-8-arm-linux-gnueabihf-base_8.2.0-20cross1 gcc-8-base_8.3.0-2 gcc-8-cross-base_8.2.0-20cross1 gcc-arm-linux-gnueabihf_4:8.2.0-2 gettext_0.19.8.1-9 gettext-base_0.19.8.1-9 gir1.2-atk-1.0_2.30.0-2 gir1.2-freedesktop_1.58.3-2 gir1.2-gdkpixbuf-2.0_2.38.0+dfsg-7 gir1.2-glib-2.0_1.58.3-2 gir1.2-gtk-2.0_2.24.32-3 gir1.2-harfbuzz-0.0_2.3.1-1 gir1.2-pango-1.0_1.42.4-6 gnupg_2.2.12-1 gnupg-l10n_2.2.12-1 gnupg-utils_2.2.12-1 gpg_2.2.12-1 gpg-agent_2.2.12-1 gpg-wks-client_2.2.12-1 gpg-wks-server_2.2.12-1 gpgconf_2.2.12-1 gpgsm_2.2.12-1 gpgv_2.2.12-1 grep_3.3-1 groff-base_1.22.4-2 gtk-update-icon-cache_3.24.5-1 gzip_1.9-3 hicolor-icon-theme_0.17-2 hostname_3.21 icu-devtools_63.1-6 init-system-helpers_1.56+nmu1 intltool-debian_0.35.0+20060710.5 libacl1_2.2.52-5 libapt-pkg5.0_1.8.0~rc4 libarchive-zip-perl_1.64-1 libasan5_8.3.0-2 libasan5-armhf-cross_8.2.0-20cross1 libassuan0_2.5.2-1 libatk1.0-0_2.30.0-2 libatk1.0-data_2.30.0-2 libatk1.0-dev_2.30.0-2 libatomic1_8.3.0-2 libatomic1-armhf-cross_8.2.0-20cross1 libattr1_1:2.4.47-4 libaudit-common_1:2.8.4-2 libaudit1_1:2.8.4-2 libauthen-sasl-perl_2.1600-1 libavahi-client3_0.7-4+b1 libavahi-common-data_0.7-4+b1 libavahi-common3_0.7-4+b1 libbinutils_2.31.1-14 libbison-dev_2:3.3.2.dfsg-1 libblkid-dev_2.33.1-0.1 libblkid1_2.33.1-0.1 libbsd0_0.9.1-2 libbz2-1.0_1.0.6-9 libc-bin_2.28-7 libc-dev-bin_2.28-7 libc6_2.28-7 libc6-armhf-cross_2.28-4cross1 libc6-dev_2.28-7 libc6-dev-armhf-cross_2.28-4cross1 libcairo-gobject2_1.16.0-3 libcairo-script-interpreter2_1.16.0-3 libcairo2_1.16.0-3 libcairo2-dev_1.16.0-3 libcap-ng0_0.7.9-2 libcc1-0_8.3.0-2 libcom-err2_1.44.5-1 libconfig-auto-perl_0.44-1 libconfig-inifiles-perl_3.000001-1 libcroco3_0.6.12-3 libcups2_2.2.10-4 libdata-dump-perl_1.23-1 libdatrie1_0.2.12-2 libdb5.3_5.3.28+dfsg1-0.5 libdbus-1-3_1.12.12-1 libdebconfclient0_0.247 libdebian-dpkgcross-perl_2.6.15-2 libdpkg-perl_1.19.5 libeatmydata1_105-7 libelf1_0.176-1 libencode-locale-perl_1.05-1 libexpat1_2.2.6-1 libexpat1-dev_2.2.6-1 libext2fs2_1.44.5-1 libfakeroot_1.23-1 libfdisk1_2.33.1-0.1 libffi-dev_3.2.1-9 libffi6_3.2.1-9 libfile-homedir-perl_1.004-1 libfile-listing-perl_6.04-1 libfile-stripnondeterminism-perl_1.1.1-1 libfile-which-perl_1.23-1 libfl-dev_2.6.4-6.2 libfl2_2.6.4-6.2 libfont-afm-perl_1.20-2 libfontconfig1_2.13.1-2 libfontconfig1-dev_2.13.1-2 libfreetype6_2.9.1-3 libfreetype6-dev_2.9.1-3 libfribidi-dev_1.0.5-3.1 libfribidi0_1.0.5-3.1 libgcc-8-dev_8.3.0-2 libgcc-8-dev-armhf-cross_8.2.0-20cross1 libgcc1_1:8.3.0-2 libgcc1-armhf-cross_1:8.2.0-20cross1 libgcrypt20_1.8.4-5 libgdbm-compat4_1.18.1-3 libgdbm6_1.18.1-3 libgdk-pixbuf2.0-0_2.38.0+dfsg-7 libgdk-pixbuf2.0-bin_2.38.0+dfsg-7 libgdk-pixbuf2.0-common_2.38.0+dfsg-7 libgdk-pixbuf2.0-dev_2.38.0+dfsg-7 libgirepository-1.0-1_1.58.3-2 libglib2.0-0_2.58.3-1 libglib2.0-bin_2.58.3-1 libglib2.0-data_2.58.3-1 libglib2.0-dev_2.58.3-1 libglib2.0-dev-bin_2.58.3-1 libgmp10_2:6.1.2+dfsg-4 libgnutls30_3.6.6-2 libgomp1_8.3.0-2 libgomp1-armhf-cross_8.2.0-20cross1 libgpg-error0_1.35-1 libgraphite2-3_1.3.13-7 libgraphite2-dev_1.3.13-7 libgssapi-krb5-2_1.17-2 libgtk2.0-0_2.24.32-3 libgtk2.0-common_2.24.32-3 libgtk2.0-dev_2.24.32-3 libharfbuzz-dev_2.3.1-1 libharfbuzz-gobject0_2.3.1-1 libharfbuzz-icu0_2.3.1-1 libharfbuzz0b_2.3.1-1 libhogweed4_3.4.1-1 libhtml-form-perl_6.03-1 libhtml-format-perl_2.12-1 libhtml-parser-perl_3.72-3+b3 libhtml-tagset-perl_3.20-3 libhtml-tree-perl_5.07-2 libhttp-cookies-perl_6.04-1 libhttp-daemon-perl_6.01-1 libhttp-date-perl_6.02-1 libhttp-message-perl_6.18-1 libhttp-negotiate-perl_6.01-1 libice-dev_2:1.0.9-2 libice6_2:1.0.9-2 libicu-dev_63.1-6 libicu63_63.1-6 libidn2-0_2.0.5-1 libio-html-perl_1.001-1 libio-socket-ssl-perl_2.060-3 libio-string-perl_1.08-3 libisl19_0.20-2 libitm1_8.3.0-2 libjbig0_2.1-3.1+b2 libjpeg62-turbo_1:1.5.2-2+b1 libk5crypto3_1.17-2 libkeyutils1_1.6-4 libkrb5-3_1.17-2 libkrb5support0_1.17-2 libksba8_1.3.5-2 libldap-2.4-2_2.4.47+dfsg-3 libldap-common_2.4.47+dfsg-3 liblocale-gettext-perl_1.07-3+b4 liblsan0_8.3.0-2 liblwp-mediatypes-perl_6.02-1 liblwp-protocol-https-perl_6.07-2 liblz4-1_1.8.3-1 liblzma5_5.2.4-1 liblzo2-2_2.10-0.1 libmagic-mgc_1:5.35-2 libmagic1_1:5.35-2 libmailtools-perl_2.18-1 libmount-dev_2.33.1-0.1 libmount1_2.33.1-0.1 libmpc3_1.1.0-1 libmpdec2_2.4.2-2 libmpfr6_4.0.2-1 libmpx2_8.3.0-2 libncurses-dev_6.1+20181013-2 libncurses6_6.1+20181013-2 libncursesw6_6.1+20181013-2 libnet-http-perl_6.18-1 libnet-smtp-ssl-perl_1.04-1 libnet-ssleay-perl_1.85-2+b1 libnettle6_3.4.1-1 libnpth0_1.6-1 libp11-kit0_0.23.15-2 libpam-modules_1.3.1-5 libpam-modules-bin_1.3.1-5 libpam-runtime_1.3.1-5 libpam0g_1.3.1-5 libpango-1.0-0_1.42.4-6 libpango1.0-dev_1.42.4-6 libpangocairo-1.0-0_1.42.4-6 libpangoft2-1.0-0_1.42.4-6 libpangoxft-1.0-0_1.42.4-6 libpcre16-3_2:8.39-11 libpcre3_2:8.39-11 libpcre3-dev_2:8.39-11 libpcre32-3_2:8.39-11 libpcrecpp0v5_2:8.39-11 libperl5.28_5.28.1-4 libpipeline1_1.5.1-2 libpixman-1-0_0.36.0-1 libpixman-1-dev_0.36.0-1 libpng-dev_1.6.36-5 libpng16-16_1.6.36-5 libpthread-stubs0-dev_0.4-1 libpython3-stdlib_3.7.2-1 libpython3.7-minimal_3.7.2-2 libpython3.7-stdlib_3.7.2-2 libquadmath0_8.3.0-2 libreadline-dev_7.0-5 libreadline7_7.0-5 librsvg2-2_2.44.10-1 librsvg2-common_2.44.10-1 libsasl2-2_2.1.27+dfsg-1 libsasl2-modules-db_2.1.27+dfsg-1 libseccomp2_2.3.3-4 libselinux1_2.8-1+b1 libselinux1-dev_2.8-1+b1 libsemanage-common_2.8-2 libsemanage1_2.8-2 libsepol1_2.8-1 libsepol1-dev_2.8-1 libsigsegv2_2.12-2 libsm-dev_2:1.2.3-1 libsm6_2:1.2.3-1 libsmartcols1_2.33.1-0.1 libsqlite3-0_3.27.2-1 libss2_1.44.5-1 libssl1.1_1.1.1b-1 libstdc++-8-dev_8.3.0-2 libstdc++-8-dev-armhf-cross_8.2.0-20cross1 libstdc++6_8.3.0-2 libstdc++6-armhf-cross_8.2.0-20cross1 libsystemd0_241-1 libtasn1-6_4.13-3 libthai-data_0.1.28-2 libthai0_0.1.28-2 libtiff5_4.0.10-4 libtimedate-perl_2.3000-2 libtinfo6_6.1+20181013-2 libtool_2.4.6-10 libtry-tiny-perl_0.30-1 libtsan0_8.3.0-2 libubsan1_8.3.0-2 libubsan1-armhf-cross_8.2.0-20cross1 libuchardet0_0.0.6-3 libudev1_241-1 libunistring2_0.9.10-1 liburi-perl_1.76-1 libuuid1_2.33.1-0.1 libwebp6_0.6.1-2 libwww-perl_6.36-1 libwww-robotrules-perl_6.02-1 libx11-6_2:1.6.7-1 libx11-data_2:1.6.7-1 libx11-dev_2:1.6.7-1 libxau-dev_1:1.0.8-1+b2 libxau6_1:1.0.8-1+b2 libxcb-render0_1.13.1-2 libxcb-render0-dev_1.13.1-2 libxcb-shm0_1.13.1-2 libxcb-shm0-dev_1.13.1-2 libxcb1_1.13.1-2 libxcb1-dev_1.13.1-2 libxcomposite-dev_1:0.4.4-2 libxcomposite1_1:0.4.4-2 libxcursor-dev_1:1.1.15-2 libxcursor1_1:1.1.15-2 libxdamage-dev_1:1.1.4-3 libxdamage1_1:1.1.4-3 libxdmcp-dev_1:1.1.2-3 libxdmcp6_1:1.1.2-3 libxext-dev_2:1.3.3-1+b2 libxext6_2:1.3.3-1+b2 libxfixes-dev_1:5.0.3-1 libxfixes3_1:5.0.3-1 libxft-dev_2.3.2-2 libxft2_2.3.2-2 libxi-dev_2:1.7.9-1 libxi6_2:1.7.9-1 libxinerama-dev_2:1.1.4-2 libxinerama1_2:1.1.4-2 libxml-libxml-perl_2.0134+dfsg-1 libxml-namespacesupport-perl_1.12-1 libxml-parser-perl_2.44-3 libxml-sax-base-perl_1.09-1 libxml-sax-expat-perl_0.51-1 libxml-sax-perl_1.00+dfsg-1 libxml-simple-perl_2.25-1 libxml2_2.9.4+dfsg1-7+b3 libxml2-utils_2.9.4+dfsg1-7+b3 libxrandr-dev_2:1.5.1-1 libxrandr2_2:1.5.1-1 libxrender-dev_1:0.9.10-1 libxrender1_1:0.9.10-1 libyaml-0-2_0.2.1-1 libyaml-libyaml-perl_0.76+repack-1 libyaml-perl_1.27-1 libzstd1_1.3.8+dfsg-3 linux-libc-dev_4.19.20-1 linux-libc-dev-armhf-cross_4.19.13-1cross1 login_1:4.5-1.1 lsb-base_10.2018112800 m4_1.4.18-2 make_4.2.1-1.2 man-db_2.8.5-2 mawk_1.3.3-17+b3 mime-support_3.62 mount_2.33.1-0.1 ncurses-base_6.1+20181013-2 ncurses-bin_6.1+20181013-2 netbase_5.6 openssl_1.1.1b-1 pango1.0-tools_1.42.4-6 passwd_1:4.5-1.1 patch_2.7.6-3 perl_5.28.1-4 perl-base_5.28.1-4 perl-modules-5.28_5.28.1-4 perl-openssl-defaults_3 pinentry-curses_1.1.0-1+b1 pkg-config_0.29-6 po-debconf_1.0.21 python3_3.7.2-1 python3-distutils_3.7.2-3 python3-lib2to3_3.7.2-3 python3-minimal_3.7.2-1 python3.7_3.7.2-2 python3.7-minimal_3.7.2-2 readline-common_7.0-5 sbuild-build-depends-main-dummy_0.invalid.0 sed_4.7-1 sensible-utils_0.0.12 shared-mime-info_1.10-1 sysvinit-utils_2.93-8 tar_1.30+dfsg-5 tzdata_2018i-1 ucf_3.0038+nmu1 util-linux_2.33.1-0.1 uuid-dev_2.33.1-0.1 uuid-runtime_2.33.1-0.1 x11-common_1:7.7+19 x11proto-composite-dev_1:2018.4-4 x11proto-core-dev_2018.4-4 x11proto-damage-dev_1:2018.4-4 x11proto-dev_2018.4-4 x11proto-fixes-dev_1:2018.4-4 x11proto-input-dev_2018.4-4 x11proto-randr-dev_2018.4-4 x11proto-xext-dev_2018.4-4 x11proto-xinerama-dev_2018.4-4 xorg-sgml-doctools_1:1.11-1 xtrans-dev_1.3.5-1 xz-utils_5.2.4-1 zlib1g_1:1.2.11.dfsg-1 zlib1g-dev_1:1.2.11.dfsg-1

+------------------------------------------------------------------------------+
| Build                                                                        |
+------------------------------------------------------------------------------+


Unpack source
-------------

-----BEGIN PGP SIGNED MESSAGE-----
Hash: SHA256

Format: 3.0 (quilt)
Source: acedb
Binary: acedb-other-dotter, acedb-other-belvu, acedb-other
Architecture: any all
Version: 4.9.39+dfsg.02-4
Maintainer: Debian Med Packaging Team <debian-med-packaging@lists.alioth.debian.org>
Uploaders: Steffen Moeller <moeller@debian.org>, Andreas Tille <tille@debian.org>
Homepage: http://www.acedb.org/
Standards-Version: 4.2.1
Vcs-Browser: https://salsa.debian.org/med-team/acedb
Vcs-Git: https://salsa.debian.org/med-team/acedb.git
Build-Depends: debhelper (>= 11~), libreadline-dev, libglib2.0-dev, libgtk2.0-dev, pkg-config, csh, flex, libfl-dev, bison
Package-List:
 acedb-other deb science optional arch=any
 acedb-other-belvu deb oldlibs optional arch=all
 acedb-other-dotter deb oldlibs optional arch=all
Checksums-Sha1:
 d78b470eff140c5a5df62b7ad340eb20fa337038 5622420 acedb_4.9.39+dfsg.02.orig.tar.xz
 a263ff56ec38e5090db50f792b7fac29c222064d 13544 acedb_4.9.39+dfsg.02-4.debian.tar.xz
Checksums-Sha256:
 b909940e5292a149cd49eeb2f10b0d2f004193e0e685e81866339725d9ae72be 5622420 acedb_4.9.39+dfsg.02.orig.tar.xz
 03a15965c11369bd9aa4d69e10f1c2e0d1a24c065e20726a185054f258a096ca 13544 acedb_4.9.39+dfsg.02-4.debian.tar.xz
Files:
 c41a0ae9a6240130ecb09a7802b5930a 5622420 acedb_4.9.39+dfsg.02.orig.tar.xz
 b5d8c976076a7ccaa0fa6db25c1e8b9f 13544 acedb_4.9.39+dfsg.02-4.debian.tar.xz

-----BEGIN PGP SIGNATURE-----

iQJFBAEBCAAvFiEE8fAHMgoDVUHwpmPKV4oElNHGRtEFAlvTL9QRHHRpbGxlQGRl
Ymlhbi5vcmcACgkQV4oElNHGRtFBxQ//VarbQjSfAjXHzhG0I64biWkypOkRI2eK
qRCkTy5sZSkL84c2cnKdyNzmQLiIgRpEbijHixNgL93k7oppu1z7NtyuvB+uwDME
Et/JV/7ChPu9uvgiOW37DVFx0lfh5Vc1cJJKwYS7i6MLXnjw/yqlzUUxg0orsW0t
BcT1URwNEKAypWK19YjiZxXEk8AbEkNfp1Uw2Bmckd5jAKSaK2vauUEg1mlalPRq
LvYVDAXUVf3S9aZKp2EuRv/z+cpT2SjAh35iNbq03wguQmUwREVh7lS/uwkLXOL6
r3coz/BDZ9q4p+VaNCJCYk6D3LF+sCyA5epH2KR81bvkqcYz+FjZBQwYabyPyjoe
tmzmDYgAAnrVstxGLGg4G8QR5I/Iusrgad+de027h9FwChdR7UjUQ2qKxwADkZDA
n7JzwvHPaMsLHSr30FcHVSbLx60IJeuWfCrMu6MJBZDf8vH/0IsCGOR0iV54O0A0
3zb3XxyvLGG3OAVKKc8jNy/jVXa47W7ePnId4LVpCgWhwMa3dKhqzFYuMlcNOj3K
g01Go6sxl5DAW35oLNwwZ04xU35gLI9zm0Flxuh1axAMCsGstxs+Rlc+65htF4e7
yMYpGtlPBgQbB1Y1A+WcEGHijDE0v3QjQj7mlVl9IqRYQy0KOQ+2UldrIeBbYc78
LSiwalyiA0Y=
=C4a1
-----END PGP SIGNATURE-----

gpgv: unknown type of key resource 'trustedkeys.kbx'
gpgv: keyblock resource '/sbuild-nonexistent/.gnupg/trustedkeys.kbx': General error
gpgv: Signature made Fri Oct 26 15:16:36 2018 UTC
gpgv:                using RSA key F1F007320A035541F0A663CA578A0494D1C646D1
gpgv:                issuer "tille@debian.org"
gpgv: Can't check signature: No public key
dpkg-source: warning: failed to verify signature on ./acedb_4.9.39+dfsg.02-4.dsc
dpkg-source: info: extracting acedb in /<<PKGBUILDDIR>>
dpkg-source: info: unpacking acedb_4.9.39+dfsg.02.orig.tar.xz
dpkg-source: info: unpacking acedb_4.9.39+dfsg.02-4.debian.tar.xz
dpkg-source: info: using patch list from debian/patches/series
dpkg-source: info: applying blxview_gtk_namespace_conflict.patch
dpkg-source: info: applying belvu_help.patch
dpkg-source: info: applying efetch_help.patch
dpkg-source: info: applying dotter_help.patch
dpkg-source: info: applying binutils-gold.patch
dpkg-source: info: applying no-curses.patch
dpkg-source: info: applying hardening.patch
dpkg-source: info: applying fix_hardening_errors.patch
dpkg-source: info: applying mayhem.patch
dpkg-source: info: applying spelling.patch
dpkg-source: info: applying no_dotter_and_belvu.patch
dpkg-source: info: applying libfl.patch

Check disk space
----------------

Sufficient free space for build

User Environment
----------------

APT_CONFIG=/var/lib/sbuild/apt.conf
CCACHE_COMPRESS=1
CCACHE_DIR=/var/cache/ccache-sbuild
CCACHE_UMASK=002
CONFIG_SITE=/etc/dpkg-cross/cross-config.armhf
DEB_BUILD_OPTIONS=nocheck
HOME=/sbuild-nonexistent
LANG=en_US.UTF-8
LC_ALL=C.UTF-8
LD_LIBRARY_PATH=/usr/lib/libeatmydata
LD_PRELOAD=libeatmydata.so
LOGNAME=build
PATH=/usr/lib/ccache:/usr/local/sbin:/usr/local/bin:/usr/sbin:/usr/bin:/sbin:/bin:/usr/games
PWD=/<<PKGBUILDDIR>>
SCHROOT_ALIAS_NAME=unstable-amd64-sbuild
SCHROOT_CHROOT_NAME=unstable-amd64-sbuild
SCHROOT_COMMAND=env
SCHROOT_GID=1000
SCHROOT_GROUP=build
SCHROOT_SESSION_ID=unstable-amd64-sbuild-72d0f8b3-f7db-4a0f-9fb7-2a3ffd8c2e9b
SCHROOT_UID=1000
SCHROOT_USER=build
SHELL=/bin/sh
USER=build

dpkg-buildpackage
-----------------

Command: dpkg-buildpackage -aarmhf -Pcross,nocheck -us -uc -B -rfakeroot -j16
dpkg-buildpackage: info: source package acedb
dpkg-buildpackage: info: source version 4.9.39+dfsg.02-4
dpkg-buildpackage: info: source distribution unstable
dpkg-buildpackage: info: source changed by Andreas Tille <tille@debian.org>
dpkg-architecture: warning: specified GNU system type arm-linux-gnueabihf does not match CC system type x86_64-linux-gnu, try setting a correct CC environment variable
 dpkg-source --before-build .
dpkg-buildpackage: info: host architecture armhf
 fakeroot debian/rules clean
dh clean
   debian/rules override_dh_auto_clean
make[1]: Entering directory '/<<PKGBUILDDIR>>'
echo "this goes into an endless loop :-("
this goes into an endless loop :-(
make[1]: Leaving directory '/<<PKGBUILDDIR>>'
   debian/rules override_dh_clean
make[1]: Entering directory '/<<PKGBUILDDIR>>'
dh_clean bin
rm -fr bin.LINUX_64
sed -i 's?^\(.define ACEDB_RELEASE_DIR\) ".*"?\1 "/nfs/disk100/acedb/RELEASE.2007_07_06.BUILD/bin.DARWIN_4"?' wnq/aceversion.c
make[1]: Leaving directory '/<<PKGBUILDDIR>>'
 debian/rules build-arch
dh build-arch
   dh_update_autotools_config -a
   dh_autoreconf -a
   dh_auto_configure -a
   debian/rules override_dh_auto_build
make[1]: Entering directory '/<<PKGBUILDDIR>>'
ln -sf bin.LINUX_64 bin
/usr/bin/make tools other CFLAGS="-g -O2 -fdebug-prefix-map=/<<PKGBUILDDIR>>=. -fstack-protector-strong -Wformat -Werror=format-security" LDFLAGS="-Wl,-z,relro -Wl,-z,now"
make[2]: Entering directory '/<<PKGBUILDDIR>>'
making acediff for LINUX_64
making makeUserPasswd for LINUX_64
making acediffsorted for LINUX_64
making diskdump for LINUX_64
making pmapace for LINUX_64
making diskfix for LINUX_64
making metacheck for LINUX_64
cp: cannot create regular file './deffile': File exists
making homonym for LINUX_64
making blixelect for LINUX_64
making tagcount for LINUX_64
making jade2ace for LINUX_64
making efetch for LINUX_64
making blixem for LINUX_64
making gnbk for LINUX_64
making gnbkclient for LINUX_64
making genefeatures for LINUX_64
make[3]: Entering directory '/<<PKGBUILDDIR>>/bin.LINUX_64'
make[3]: *** No rule to make target 'makeUserPasswd'.  Stop.
make[3]: Leaving directory '/<<PKGBUILDDIR>>/bin.LINUX_64'
make[3]: Entering directory '/<<PKGBUILDDIR>>/bin.LINUX_64'
make[3]: *** No rule to make target 'diskdump'.  Stop.
make[3]: Leaving directory '/<<PKGBUILDDIR>>/bin.LINUX_64'
make[3]: Entering directory '/<<PKGBUILDDIR>>/bin.LINUX_64'
make[2]: *** [makefile:95: makeUserPasswd] Error 2
make[2]: *** Waiting for unfinished jobs....
make[2]: *** [makefile:95: diskdump] Error 2
make[3]: Entering directory '/<<PKGBUILDDIR>>/bin.LINUX_64'
makefile:573: *** missing separator.  Stop.
make[3]: Leaving directory '/<<PKGBUILDDIR>>/bin.LINUX_64'
make[2]: *** [makefile:95: acediff] Error 2
make[3]: Entering directory '/<<PKGBUILDDIR>>/bin.LINUX_64'
makefile:573: *** missing separator.  Stop.
make[3]: Leaving directory '/<<PKGBUILDDIR>>/bin.LINUX_64'
make[2]: *** [makefile:95: pmapace] Error 2
gcc -g -Wall  -DACEDB4 `../w3rdparty/include-config glib-2.0 gtk+-2.0`   -I.. -I../wh -I../wstaden -DACEDB_GTK -DOPTERON -c -g -O2 -fdebug-prefix-map=/<<PKGBUILDDIR>>=. -fstack-protector-strong -Wformat -Werror=format-security -Wdate-time -D_FORTIFY_SOURCE=2 -Wl,-z,relro -Wl,-z,now  acediffsorted.c   -o acediffsorted
make[3]: Entering directory '/<<PKGBUILDDIR>>/bin.LINUX_64'
make[3]: Entering directory '/<<PKGBUILDDIR>>/bin.LINUX_64'
gcc -g -Wall  -DACEDB4 `../w3rdparty/include-config glib-2.0 gtk+-2.0`   -I.. -I../wh -I../wstaden -DACEDB_GTK -DOPTERON -c -o aceversion.o aceversion.c
make[3]: Entering directory '/<<PKGBUILDDIR>>/bin.LINUX_64'
make[3]: Entering directory '/<<PKGBUILDDIR>>/bin.LINUX_64'
make[3]: Entering directory '/<<PKGBUILDDIR>>/bin.LINUX_64'
gcc -g -Wall  -DACEDB4 `../w3rdparty/include-config glib-2.0 gtk+-2.0`   -I.. -I../wh -I../wstaden -DACEDB_GTK -DOPTERON -c -o aceversion.o aceversion.c
make[3]: Entering directory '/<<PKGBUILDDIR>>/bin.LINUX_64'
gcc -g -Wall  -DACEDB4 `../w3rdparty/include-config glib-2.0 gtk+-2.0`   -I.. -I../wh -I../wstaden -DACEDB_GTK -DOPTERON -c -o aceversion.o aceversion.c
make[3]: Entering directory '/<<PKGBUILDDIR>>/bin.LINUX_64'
make[3]: Entering directory '/<<PKGBUILDDIR>>/bin.LINUX_64'
make[3]: Entering directory '/<<PKGBUILDDIR>>/bin.LINUX_64'
make[3]: Entering directory '/<<PKGBUILDDIR>>/bin.LINUX_64'
gcc -g -Wall  -DACEDB4 `../w3rdparty/include-config glib-2.0 gtk+-2.0`   -I.. -I../wh -I../wstaden -DACEDB_GTK -DOPTERON -c -o aceversion.o aceversion.c
make[3]: Entering directory '/<<PKGBUILDDIR>>/bin.LINUX_64'
gcc -g -Wall  -DACEDB4 `../w3rdparty/include-config glib-2.0 gtk+-2.0`   -I.. -I../wh -I../wstaden -DACEDB_GTK -DOPTERON -c -o aceversion.o aceversion.c
gcc -g -Wall  -DACEDB4 `../w3rdparty/include-config glib-2.0 gtk+-2.0`   -I.. -I../wh -I../wstaden -DACEDB_GTK -DOPTERON -c -o freesubs.o freesubs.c
gcc -g -Wall  -DACEDB4 `../w3rdparty/include-config glib-2.0 gtk+-2.0`   -I.. -I../wh -I../wstaden -DACEDB_GTK -DOPTERON -c  -g -O2 -fdebug-prefix-map=/<<PKGBUILDDIR>>=. -fstack-protector-strong -Wformat -Werror=format-security gfcode.c 	
gcc -g -Wall  -DACEDB4 `../w3rdparty/include-config glib-2.0 gtk+-2.0`   -I.. -I../wh -I../wstaden -DACEDB_GTK -DOPTERON -c -o freesubs.o freesubs.c
gcc -g -Wall  -DACEDB4 `../w3rdparty/include-config glib-2.0 gtk+-2.0`   -I.. -I../wh -I../wstaden -DACEDB_GTK -DOPTERON -c -o homonym.o homonym.c
gcc -g -Wall  -DACEDB4 `../w3rdparty/include-config glib-2.0 gtk+-2.0`   -I.. -I../wh -I../wstaden -DACEDB_GTK -DOPTERON -c -DMIXDB efetch.c
gcc -g -Wall  -DACEDB4 `../w3rdparty/include-config glib-2.0 gtk+-2.0`   -I.. -I../wh -I../wstaden -DACEDB_GTK -DOPTERON -c -o freeout.o freeout.c
gcc -g -Wall  -DACEDB4 `../w3rdparty/include-config glib-2.0 gtk+-2.0`   -I.. -I../wh -I../wstaden -DACEDB_GTK -DOPTERON -c -o messubs.o messubs.c
gcc -g -Wall  -DACEDB4 `../w3rdparty/include-config glib-2.0 gtk+-2.0`   -I.. -I../wh -I../wstaden -DACEDB_GTK -DOPTERON -c -o graphgtk.o graphgtk.c
gcc -g -Wall  -DACEDB4 `../w3rdparty/include-config glib-2.0 gtk+-2.0`   -I.. -I../wh -I../wstaden -DACEDB_GTK -DOPTERON -c -o aceversion.o aceversion.c
gcc -g -Wall  -DACEDB4 `../w3rdparty/include-config glib-2.0 gtk+-2.0`   -I.. -I../wh -I../wstaden -DACEDB_GTK -DOPTERON -c -o aceversion.o aceversion.c
Package glib-2.0 was not found in the pkg-config search path.
Perhaps you should add the directory containing `glib-2.0.pc'
to the PKG_CONFIG_PATH environment variable
No package 'glib-2.0' found
Package gtk+-2.0 was not found in the pkg-config search path.
Perhaps you should add the directory containing `gtk+-2.0.pc'
to the PKG_CONFIG_PATH environment variable
No package 'gtk+-2.0' found
gcc -g -Wall  -DACEDB4 `../w3rdparty/include-config glib-2.0 gtk+-2.0`   -I.. -I../wh -I../wstaden -DACEDB_GTK -DOPTERON -c -o memsubs.o memsubs.c
Package glib-2.0 was not found in the pkg-config search path.
Perhaps you should add the directory containing `glib-2.0.pc'
to the PKG_CONFIG_PATH environment variable
No package 'glib-2.0' found
Package gtk+-2.0 was not found in the pkg-config search path.
Perhaps you should add the directory containing `gtk+-2.0.pc'
to the PKG_CONFIG_PATH environment variable
No package 'gtk+-2.0' found
Package glib-2.0 was not found in the pkg-config search path.
Perhaps you should add the directory containing `glib-2.0.pc'
to the PKG_CONFIG_PATH environment variable
No package 'glib-2.0' found
Package gtk+-2.0 was not found in the pkg-config search path.
Perhaps you should add the directory containing `gtk+-2.0.pc'
to the PKG_CONFIG_PATH environment variable
No package 'gtk+-2.0' found
Package glib-2.0 was not found in the pkg-config search path.
Perhaps you should add the directory containing `glib-2.0.pc'
to the PKG_CONFIG_PATH environment variable
No package 'glib-2.0' found
Package gtk+-2.0 was not found in the pkg-config search path.
Perhaps you should add the directory containing `gtk+-2.0.pc'
to the PKG_CONFIG_PATH environment variable
No package 'gtk+-2.0' found
Package glib-2.0 was not found in the pkg-config search path.
Perhaps you should add the directory containing `glib-2.0.pc'
to the PKG_CONFIG_PATH environment variable
No package 'glib-2.0' found
Package gtk+-2.0 was not found in the pkg-config search path.
Perhaps you should add the directory containing `gtk+-2.0.pc'
to the PKG_CONFIG_PATH environment variable
No package 'gtk+-2.0' found
Package glib-2.0 was not found in the pkg-config search path.
Perhaps you should add the directory containing `glib-2.0.pc'
to the PKG_CONFIG_PATH environment variable
No package 'glib-2.0' found
Package gtk+-2.0 was not found in the pkg-config search path.
Perhaps you should add the directory containing `gtk+-2.0.pc'
to the PKG_CONFIG_PATH environment variable
No package 'gtk+-2.0' found
Package glib-2.0 was not found in the pkg-config search path.
Perhaps you should add the directory containing `glib-2.0.pc'
to the PKG_CONFIG_PATH environment variable
No package 'glib-2.0' found
Package gtk+-2.0 was not found in the pkg-config search path.
Perhaps you should add the directory containing `gtk+-2.0.pc'
to the PKG_CONFIG_PATH environment variable
No package 'gtk+-2.0' found
Package glib-2.0 was not found in the pkg-config search path.
Perhaps you should add the directory containing `glib-2.0.pc'
to the PKG_CONFIG_PATH environment variable
No package 'glib-2.0' found
Package gtk+-2.0 was not found in the pkg-config search path.
Perhaps you should add the directory containing `gtk+-2.0.pc'
to the PKG_CONFIG_PATH environment variable
No package 'gtk+-2.0' found
Package glib-2.0 was not found in the pkg-config search path.
Perhaps you should add the directory containing `glib-2.0.pc'
to the PKG_CONFIG_PATH environment variable
No package 'glib-2.0' found
Package gtk+-2.0 was not found in the pkg-config search path.
Perhaps you should add the directory containing `gtk+-2.0.pc'
to the PKG_CONFIG_PATH environment variable
No package 'gtk+-2.0' found
Package glib-2.0 was not found in the pkg-config search path.
Perhaps you should add the directory containing `glib-2.0.pc'
to the PKG_CONFIG_PATH environment variable
No package 'glib-2.0' found
Package gtk+-2.0 was not found in the pkg-config search path.
Perhaps you should add the directory containing `gtk+-2.0.pc'
to the PKG_CONFIG_PATH environment variable
No package 'gtk+-2.0' found
messubs.c:110:10: fatal error: glib.h: No such file or directory
 #include <glib.h>
          ^~~~~~~~
compilation terminated.
make[3]: *** [<builtin>: messubs.o] Error 1
make[3]: *** Waiting for unfinished jobs....
gcc -g -Wall  -DACEDB4 `../w3rdparty/include-config glib-2.0 gtk+-2.0`   -I.. -I../wh -I../wstaden -DACEDB_GTK -DOPTERON -c -o freesubs.o freesubs.c
Package glib-2.0 was not found in the pkg-config search path.
Perhaps you should add the directory containing `glib-2.0.pc'
to the PKG_CONFIG_PATH environment variable
No package 'glib-2.0' found
Package gtk+-2.0 was not found in the pkg-config search path.
Perhaps you should add the directory containing `gtk+-2.0.pc'
to the PKG_CONFIG_PATH environment variable
No package 'gtk+-2.0' found
Package glib-2.0 was not found in the pkg-config search path.
Perhaps you should add the directory containing `glib-2.0.pc'
to the PKG_CONFIG_PATH environment variable
No package 'glib-2.0' found
Package gtk+-2.0 was not found in the pkg-config search path.
Perhaps you should add the directory containing `gtk+-2.0.pc'
to the PKG_CONFIG_PATH environment variable
No package 'gtk+-2.0' found
Package glib-2.0 was not found in the pkg-config search path.
Perhaps you should add the directory containing `glib-2.0.pc'
to the PKG_CONFIG_PATH environment variable
No package 'glib-2.0' found
Package gtk+-2.0 was not found in the pkg-config search path.
Perhaps you should add the directory containing `gtk+-2.0.pc'
to the PKG_CONFIG_PATH environment variable
No package 'gtk+-2.0' found
Package glib-2.0 was not found in the pkg-config search path.
Perhaps you should add the directory containing `glib-2.0.pc'
to the PKG_CONFIG_PATH environment variable
No package 'glib-2.0' found
Package gtk+-2.0 was not found in the pkg-config search path.
Perhaps you should add the directory containing `gtk+-2.0.pc'
to the PKG_CONFIG_PATH environment variable
No package 'gtk+-2.0' found
Package glib-2.0 was not found in the pkg-config search path.
Perhaps you should add the directory containing `glib-2.0.pc'
to the PKG_CONFIG_PATH environment variable
No package 'glib-2.0' found
Package gtk+-2.0 was not found in the pkg-config search path.
Perhaps you should add the directory containing `gtk+-2.0.pc'
to the PKG_CONFIG_PATH environment variable
No package 'gtk+-2.0' found
graphgtk.c:37:10: fatal error: gtk/gtk.h: No such file or directory
 #include <gtk/gtk.h>
          ^~~~~~~~~~~
compilation terminated.
make[3]: *** [<builtin>: graphgtk.o] Error 1
make[3]: Leaving directory '/<<PKGBUILDDIR>>/bin.LINUX_64'
make[2]: *** [makefile:95: blixelect] Error 2
gcc -g -Wall  -DACEDB4 `../w3rdparty/include-config glib-2.0 gtk+-2.0`   -I.. -I../wh -I../wstaden -DACEDB_GTK -DOPTERON -c -o freeout.o freeout.c
gcc -g -Wall  -DACEDB4 `../w3rdparty/include-config glib-2.0 gtk+-2.0`   -I.. -I../wh -I../wstaden -DACEDB_GTK -DOPTERON -c -o freeout.o freeout.c
gcc -g -Wall  -DACEDB4 `../w3rdparty/include-config glib-2.0 gtk+-2.0`   -I.. -I../wh -I../wstaden -DACEDB_GTK -DOPTERON -c -o freesubs.o freesubs.c
Package glib-2.0 was not found in the pkg-config search path.
Perhaps you should add the directory containing `glib-2.0.pc'
to the PKG_CONFIG_PATH environment variable
No package 'glib-2.0' found
Package gtk+-2.0 was not found in the pkg-config search path.
Perhaps you should add the directory containing `gtk+-2.0.pc'
to the PKG_CONFIG_PATH environment variable
No package 'gtk+-2.0' found
gcc -g -Wall  -DACEDB4 `../w3rdparty/include-config glib-2.0 gtk+-2.0`   -I.. -I../wh -I../wstaden -DACEDB_GTK -DOPTERON -c -o freesubs.o freesubs.c
efetch.c: In function swissprot:
efetch.c:47:9: warning: suggest parentheses around assignment used as truth value [-Wparentheses]
     if (env = getenv("SWDIR")) strcpy(dbdir, env);
         ^~~
efetch.c:47:32: warning: implicit declaration of function strcpy [-Wimplicit-function-declaration]
     if (env = getenv("SWDIR")) strcpy(dbdir, env);
                                ^~~~~~
efetch.c:47:32: warning: incompatible implicit declaration of built-in function strcpy
efetch.c:47:32: note: include <string.h> or provide a declaration of strcpy
efetch.c:39:1:
+#include <string.h>
 
efetch.c:47:32:
     if (env = getenv("SWDIR")) strcpy(dbdir, env);
                                ^~~~~~
efetch.c:48:10: warning: incompatible implicit declaration of built-in function strcpy
     else strcpy(dbdir, DEFAULT_SWDIR);
          ^~~~~~
efetch.c:48:10: note: include <string.h> or provide a declaration of strcpy
efetch.c:49:5: warning: incompatible implicit declaration of built-in function strcpy
     strcpy(dbsource, "S");
     ^~~~~~
efetch.c:49:5: note: include <string.h> or provide a declaration of strcpy
efetch.c: In function pir:
efetch.c:53:9: warning: suggest parentheses around assignment used as truth value [-Wparentheses]
     if (env = getenv("PIRDIR")) strcpy(dbdir, env);
         ^~~
efetch.c:53:33: warning: incompatible implicit declaration of built-in function strcpy
     if (env = getenv("PIRDIR")) strcpy(dbdir, env);
                                 ^~~~~~
efetch.c:53:33: note: include <string.h> or provide a declaration of strcpy
efetch.c:54:10: warning: incompatible implicit declaration of built-in function strcpy
     else strcpy(dbdir, DEFAULT_PIRDIR);
          ^~~~~~
efetch.c:54:10: note: include <string.h> or provide a declaration of strcpy
efetch.c:55:5: warning: incompatible implicit declaration of built-in function strcpy
     strcpy(dbsource, "P");
     ^~~~~~
efetch.c:55:5: note: include <string.h> or provide a declaration of strcpy
efetch.c: In function wormpep:
efetch.c:59:9: warning: suggest parentheses around assignment used as truth value [-Wparentheses]
     if (env = getenv("WORMDIR")) strcpy(dbdir, env);
         ^~~
efetch.c:59:34: warning: incompatible implicit declaration of built-in function strcpy
     if (env = getenv("WORMDIR")) strcpy(dbdir, env);
                                  ^~~~~~
efetch.c:59:34: note: include <string.h> or provide a declaration of strcpy
efetch.c:60:10: warning: incompatible implicit declaration of built-in function strcpy
     else strcpy(dbdir, DEFAULT_WORMDIR);
          ^~~~~~
efetch.c:60:10: note: include <string.h> or provide a declaration of strcpy
efetch.c:61:5: warning: incompatible implicit declaration of built-in function strcpy
     strcpy(dbsource, "W");
     ^~~~~~
efetch.c:61:5: note: include <string.h> or provide a declaration of strcpy
efetch.c: In function embl:
efetch.c:66:9: warning: suggest parentheses around assignment used as truth value [-Wparentheses]
     if (env = getenv("EMBLDIR")) strcpy(dbdir, env);
         ^~~
efetch.c:66:34: warning: incompatible implicit declaration of built-in function strcpy
     if (env = getenv("EMBLDIR")) strcpy(dbdir, env);
                                  ^~~~~~
efetch.c:66:34: note: include <string.h> or provide a declaration of strcpy
efetch.c:67:10: warning: incompatible implicit declaration of built-in function strcpy
     else strcpy(dbdir, DEFAULT_EMBLDIR);
          ^~~~~~
efetch.c:67:10: note: include <string.h> or provide a declaration of strcpy
efetch.c:68:5: warning: incompatible implicit declaration of built-in function strcpy
     strcpy(dbsource, "E");
     ^~~~~~
efetch.c:68:5: note: include <string.h> or provide a declaration of strcpy
efetch.c: In function genbank:
efetch.c:72:9: warning: suggest parentheses around assignment used as truth value [-Wparentheses]
     if (env = getenv("GBDIR")) strcpy(dbdir, env);
         ^~~
efetch.c:72:32: warning: incompatible implicit declaration of built-in function strcpy
     if (env = getenv("GBDIR")) strcpy(dbdir, env);
                                ^~~~~~
efetch.c:72:32: note: include <string.h> or provide a declaration of strcpy
efetch.c:73:10: warning: incompatible implicit declaration of built-in function strcpy
     else strcpy(dbdir, DEFAULT_GBDIR);
          ^~~~~~
efetch.c:73:10: note: include <string.h> or provide a declaration of strcpy
efetch.c:74:5: warning: incompatible implicit declaration of built-in function strcpy
     strcpy(dbsource, "G");
     ^~~~~~
efetch.c:74:5: note: include <string.h> or provide a declaration of strcpy
efetch.c: In function prodom:
efetch.c:78:9: warning: suggest parentheses around assignment used as truth value [-Wparentheses]
     if (env = getenv("PRODOMDIR")) strcpy(dbdir, env);
         ^~~
efetch.c:78:36: warning: incompatible implicit declaration of built-in function strcpy
     if (env = getenv("PRODOMDIR")) strcpy(dbdir, env);
                                    ^~~~~~
efetch.c:78:36: note: include <string.h> or provide a declaration of strcpy
efetch.c:79:10: warning: incompatible implicit declaration of built-in function strcpy
     else strcpy(dbdir, DEFAULT_PRODOMDIR);
          ^~~~~~
efetch.c:79:10: note: include <string.h> or provide a declaration of strcpy
efetch.c:80:5: warning: incompatible implicit declaration of built-in function strcpy
     strcpy(dbsource, "D");
     ^~~~~~
efetch.c:80:5: note: include <string.h> or provide a declaration of strcpy
efetch.c: In function prosite:
efetch.c:84:9: warning: suggest parentheses around assignment used as truth value [-Wparentheses]
     if (env = getenv("PROSITEDIR")) strcpy(dbdir, env);
         ^~~
efetch.c:84:37: warning: incompatible implicit declaration of built-in function strcpy
     if (env = getenv("PROSITEDIR")) strcpy(dbdir, env);
                                     ^~~~~~
efetch.c:84:37: note: include <string.h> or provide a declaration of strcpy
efetch.c:85:10: warning: incompatible implicit declaration of built-in function strcpy
     else strcpy(dbdir, DEFAULT_PROSITEDIR);
          ^~~~~~
efetch.c:85:10: note: include <string.h> or provide a declaration of strcpy
efetch.c:86:5: warning: incompatible implicit declaration of built-in function strcpy
     strcpy(dbsource, "R");
     ^~~~~~
efetch.c:86:5: note: include <string.h> or provide a declaration of strcpy
efetch.c: At top level:
efetch.c:90:6: warning: return type of main is not int [-Wmain]
 void main(int argc, char *argv[])
      ^~~~
efetch.c: In function main:
efetch.c:192:11: warning: implicit declaration of function strncmp [-Wimplicit-function-declaration]
  if (0 == strncmp("--help",argv[i],6) || 0 == strncmp("-help",argv[i],5)) {
           ^~~~~~~
efetch.c:193:23: warning: implicit declaration of function strlen [-Wimplicit-function-declaration]
   if (!(help = malloc(strlen(helpText) + 102))) {
                       ^~~~~~
efetch.c:193:23: warning: incompatible implicit declaration of built-in function strlen
efetch.c:193:23: note: include <string.h> or provide a declaration of strlen
efetch.c:197:3: warning: incompatible implicit declaration of built-in function strcpy
   strcpy(help, helpText);
   ^~~~~~
efetch.c:197:3: note: include <string.h> or provide a declaration of strcpy
efetch.c:198:3: warning: implicit declaration of function strncat [-Wimplicit-function-declaration]
   strncat(help, cc_date, 100);
   ^~~~~~~
efetch.c:198:3: warning: incompatible implicit declaration of built-in function strncat
efetch.c:198:3: note: include <string.h> or provide a declaration of strncat
efetch.c:199:3: warning: implicit declaration of function strcat [-Wimplicit-function-declaration]
   strcat(help, "\n");
   ^~~~~~
efetch.c:199:3: warning: incompatible implicit declaration of built-in function strcat
efetch.c:199:3: note: include <string.h> or provide a declaration of strcat
efetch.c:206:18: warning: implicit declaration of function getopt; did you mean getsubopt? [-Wimplicit-function-declaration]
   while ((optc = getopt(argc, argv, optstring)) != -1)
                  ^~~~~~
                  getsubopt
efetch.c:210:7: warning: incompatible implicit declaration of built-in function strcpy
       strcpy(dbsource, optarg); break;
       ^~~~~~
efetch.c:210:7: note: include <string.h> or provide a declaration of strcpy
efetch.c:225:7: warning: implicit declaration of function strncpy [-Wimplicit-function-declaration]
       strncpy(idxfile, optarg, MAXFILE); break;
       ^~~~~~~
efetch.c:225:7: warning: incompatible implicit declaration of built-in function strncpy
efetch.c:225:7: note: include <string.h> or provide a declaration of strncpy
efetch.c:247:27: warning: incompatible implicit declaration of built-in function strlen
       if (!(help = malloc(strlen(helpText) + 102))) {
                           ^~~~~~
efetch.c:247:27: note: include <string.h> or provide a declaration of strlen
efetch.c:252:7: warning: incompatible implicit declaration of built-in function strncat
       strncat(help, cc_date, 100);
       ^~~~~~~
efetch.c:252:7: note: include <string.h> or provide a declaration of strncat
efetch.c:253:7: warning: incompatible implicit declaration of built-in function strcat
       strcat(help, "\n");
       ^~~~~~
efetch.c:253:7: note: include <string.h> or provide a declaration of strcat
efetch.c:295:28: warning: incompatible implicit declaration of built-in function strlen
       if (!(usage = malloc(strlen(usageText) + 102))) {
                            ^~~~~~
efetch.c:295:28: note: include <string.h> or provide a declaration of strlen
efetch.c:310:8: warning: incompatible implicit declaration of built-in function strcpy
   else strcpy(query, argv[argc - 1]);
        ^~~~~~
efetch.c:310:8: note: include <string.h> or provide a declaration of strcpy
efetch.c:312:15: warning: incompatible implicit declaration of built-in function strlen
   for (i=0; i<strlen(query); i++) query[i] = toupper(query[i]);
               ^~~~~~
efetch.c:312:15: note: include <string.h> or provide a declaration of strlen
efetch.c:312:46: warning: implicit declaration of function toupper [-Wimplicit-function-declaration]
   for (i=0; i<strlen(query); i++) query[i] = toupper(query[i]);
                                              ^~~~~~~
efetch.c:313:24: warning: implicit declaration of function strchr [-Wimplicit-function-declaration]
   if (tmpstr = (char *)strchr(query, '$')) *tmpstr = '_';
                        ^~~~~~
efetch.c:313:24: warning: incompatible implicit declaration of built-in function strchr
efetch.c:313:24: note: include <string.h> or provide a declaration of strchr
efetch.c:313:7: warning: suggest parentheses around assignment used as truth value [-Wparentheses]
   if (tmpstr = (char *)strchr(query, '$')) *tmpstr = '_';
       ^~~~~~
efetch.c:314:24: warning: incompatible implicit declaration of built-in function strchr
   if (tmpstr = (char *)strchr(query, '*')) {
                        ^~~~~~
efetch.c:314:24: note: include <string.h> or provide a declaration of strchr
efetch.c:314:7: warning: suggest parentheses around assignment used as truth value [-Wparentheses]
   if (tmpstr = (char *)strchr(query, '*')) {
       ^~~~~~
efetch.c:319:15: warning: incompatible implicit declaration of built-in function strlen
   for (i=0; i<strlen(dbsource); i++) dbsource[i] = toupper(dbsource[i]);
               ^~~~~~
efetch.c:319:15: note: include <string.h> or provide a declaration of strlen
efetch.c:339:11: warning: suggest parentheses around assignment used as truth value [-Wparentheses]
       if (env = getenv("DBDIR")) strcpy(dbdir, env);
           ^~~
efetch.c:339:34: warning: incompatible implicit declaration of built-in function strcpy
       if (env = getenv("DBDIR")) strcpy(dbdir, env);
                                  ^~~~~~
efetch.c:339:34: note: include <string.h> or provide a declaration of strcpy
efetch.c:342:29: warning: incompatible implicit declaration of built-in function strchr
   else if (tmpstr = (char *)strchr(query, ':'))
                             ^~~~~~
efetch.c:342:29: note: include <string.h> or provide a declaration of strchr
efetch.c:342:12: warning: suggest parentheses around assignment used as truth value [-Wparentheses]
   else if (tmpstr = (char *)strchr(query, ':'))
            ^~~~~~
efetch.c:344:7: warning: incompatible implicit declaration of built-in function strcpy
       strcpy(dbprefix, query);
       ^~~~~~
efetch.c:344:7: note: include <string.h> or provide a declaration of strcpy
efetch.c:365:7: warning: implicit declaration of function strcmp [-Wimplicit-function-declaration]
   if (strcmp(dbsource, ""))
       ^~~~~~
efetch.c:381:11: warning: suggest parentheses around assignment used as truth value [-Wparentheses]
       if (env = getenv("DBDIR")) {
           ^~~
efetch.c:382:4: warning: incompatible implicit declaration of built-in function strcpy
    strcpy(dbdir, env);
    ^~~~~~
efetch.c:382:4: note: include <string.h> or provide a declaration of strcpy
efetch.c:388:38: warning: incompatible implicit declaration of built-in function strlen
       else if (strchr(query, '_') || strlen(query) < 5 ) swissprot();
                                      ^~~~~~
efetch.c:388:38: note: include <string.h> or provide a declaration of strlen
efetch.c:406:14: warning: incompatible implicit declaration of built-in function strcpy
     if (env) strcpy(idxfile, env);
              ^~~~~~
efetch.c:406:14: note: include <string.h> or provide a declaration of strcpy
efetch.c:419:22: warning: incompatible implicit declaration of built-in function strcpy
     if (env != NULL) strcpy(divfile, env);
                      ^~~~~~
efetch.c:419:22: note: include <string.h> or provide a declaration of strcpy
efetch.c:533:22: warning: incompatible implicit declaration of built-in function strcpy
     if (env != NULL) strcpy(dbfile, env);
                      ^~~~~~
efetch.c:533:22: note: include <string.h> or provide a declaration of strcpy
efetch.c:578:59: warning: implicit declaration of function strstr [-Wimplicit-function-declaration]
    if (wormpep2swiss && *dbsource == 'W' && (cp = (char *)strstr(tmpstr, "SW:"))) {
                                                           ^~~~~~
efetch.c:578:59: warning: incompatible implicit declaration of built-in function strstr
efetch.c:578:59: note: include <string.h> or provide a declaration of strstr
efetch.c:579:29: warning: incompatible implicit declaration of built-in function strchr
        if (tmpstr = (char *)strchr(cp, ' ')) *tmpstr = 0;
                             ^~~~~~
efetch.c:579:29: note: include <string.h> or provide a declaration of strchr
efetch.c:579:12: warning: suggest parentheses around assignment used as truth value [-Wparentheses]
        if (tmpstr = (char *)strchr(cp, ' ')) *tmpstr = 0;
            ^~~~~~
efetch.c:580:8: warning: incompatible implicit declaration of built-in function strcpy
        strcpy(fetchstr, "efetch -a ");
        ^~~~~~
efetch.c:580:8: note: include <string.h> or provide a declaration of strcpy
efetch.c:581:8: warning: incompatible implicit declaration of built-in function strcat
        strcat(fetchstr, cp);
        ^~~~~~
efetch.c:581:8: note: include <string.h> or provide a declaration of strcat
efetch.c:407:32: warning: %s directive writing 12 bytes into a region of size between 1 and 128 [-Wformat-overflow=]
       else sprintf(idxfile, "%s%s", dbdir, DEFAULT_IDXFILE);
                                ^~
efetch.c:407:12: note: sprintf output between 13 and 140 bytes into a destination of size 128
       else sprintf(idxfile, "%s%s", dbdir, DEFAULT_IDXFILE);
            ^~~~~~~~~~~~~~~~~~~~~~~~~~~~~~~~~~~~~~~~~~~~~~~~
efetch.c:420:32: warning: %s directive writing 12 bytes into a region of size between 1 and 128 [-Wformat-overflow=]
       else sprintf(divfile, "%s%s", dbdir, DEFAULT_DIVFILE);
                                ^~
efetch.c:420:12: note: sprintf output between 13 and 140 bytes into a destination of size 128
       else sprintf(divfile, "%s%s", dbdir, DEFAULT_DIVFILE);
            ^~~~~~~~~~~~~~~~~~~~~~~~~~~~~~~~~~~~~~~~~~~~~~~~
efetch.c:436:27: warning: %s directive writing 9 bytes into a region of size between 1 and 128 [-Wformat-overflow=]
     sprintf(actrgfile, "%s%s", dbdir, DEFAULT_ACTRGFILE);
                           ^~
efetch.c:436:5: note: sprintf output between 10 and 137 bytes into a destination of size 128
     sprintf(actrgfile, "%s%s", dbdir, DEFAULT_ACTRGFILE);
     ^~~~~~~~~~~~~~~~~~~~~~~~~~~~~~~~~~~~~~~~~~~~~~~~~~~~
efetch.c:450:27: warning: %s directive writing 9 bytes into a region of size between 1 and 128 [-Wformat-overflow=]
     sprintf(achitfile, "%s%s", dbdir, DEFAULT_ACHITFILE);
                           ^~
efetch.c:450:5: note: sprintf output between 10 and 137 bytes into a destination of size 128
     sprintf(achitfile, "%s%s", dbdir, DEFAULT_ACHITFILE);
     ^~~~~~~~~~~~~~~~~~~~~~~~~~~~~~~~~~~~~~~~~~~~~~~~~~~~
efetch.c:540:28: warning: %s directive writing 7 bytes into a region of size between 1 and 128 [-Wformat-overflow=]
         sprintf(dbfile, "%s%s", dbdir, DEFAULT_DBFILE);
                            ^~
efetch.c:540:9: note: sprintf output between 8 and 135 bytes into a destination of size 128
         sprintf(dbfile, "%s%s", dbdir, DEFAULT_DBFILE);
         ^~~~~~~~~~~~~~~~~~~~~~~~~~~~~~~~~~~~~~~~~~~~~~
efetch.c:308:5: warning: usage may be used uninitialized in this function [-Wmaybe-uninitialized]
     fprintf(stderr, "%s\n", usage); exit(1);
     ^~~~~~~~~~~~~~~~~~~~~~~~~~~~~~
gcc -g -Wall  -DACEDB4 `../w3rdparty/include-config glib-2.0 gtk+-2.0`   -I.. -I../wh -I../wstaden -DACEDB_GTK -DOPTERON -c -o messubs.o messubs.c
gcc -g -Wall  -DACEDB4 `../w3rdparty/include-config glib-2.0 gtk+-2.0`   -I.. -I../wh -I../wstaden -DACEDB_GTK -DOPTERON -c -o dbidx.o dbidx.c
gcc -g -Wall  -DACEDB4 `../w3rdparty/include-config glib-2.0 gtk+-2.0`   -I.. -I../wh -I../wstaden -DACEDB_GTK -DOPTERON -c -o freesubs.o freesubs.c
gcc -g -Wall  -DACEDB4 `../w3rdparty/include-config glib-2.0 gtk+-2.0`   -I.. -I../wh -I../wstaden -DACEDB_GTK -DOPTERON -c -o messubs.o messubs.c
freeout.c:37:10: fatal error: glib.h: No such file or directory
 #include <glib.h>
          ^~~~~~~~
compilation terminated.
make[3]: *** [<builtin>: freeout.o] Error 1
gcc -g -Wall  -DACEDB4 `../w3rdparty/include-config glib-2.0 gtk+-2.0`   -I.. -I../wh -I../wstaden -DACEDB_GTK -DOPTERON -c -o memsubs.o memsubs.c
homonym.c: In function readRules:
homonym.c:127:7: warning: suggest parentheses around assignment used as truth value [-Wparentheses]
    if(cp = freewordcut("\n",&cutter))
       ^~
homonym.c: At top level:
homonym.c:164:6: warning: return type of main is not int [-Wmain]
 void main (int argc, char **arg)
      ^~~~
gcc -g -Wl,-z,relro -Wl,-z,now -o homonym homonym.o  -L. -lfree -L/usr/X11R6/lib `../w3rdparty/libs-config glib-2.0 gtk+-2.0` -lm -lreadline -lX11
freesubs.c: In function freeread:
freesubs.c:363:8: warning: this while clause does not guard... [-Wmisleading-indentation]
      { while (getc(fil) != '\n' && !feof(fil)) ;
        ^~~~~
freesubs.c:364:8: note: ...this statement, but the latter is misleadingly indented as if it were guarded by the while
        ++*line ;
        ^~
In file included from freesubs.c:42:
At top level:
../wh/version.h:133:20: warning: ut_copyright_string defined but not used [-Wunused-variable]
 static const char *ut_copyright_string =                                             \
                    ^~~~~~~~~~~~~~~~~~~
freesubs.c:55:1: note: in expansion of macro UT_COPYRIGHT_STRING
 UT_COPYRIGHT_STRING(FREE_TITLE, FREE_VERSION, FREE_RELEASE, FREE_UPDATE, FREE_DESC)
 ^~~~~~~~~~~~~~~~~~~
gcc -g -Wall  -DACEDB4 `../w3rdparty/include-config glib-2.0 gtk+-2.0`   -I.. -I../wh -I../wstaden -DACEDB_GTK -DOPTERON -c -o messubs.o messubs.c
Package glib-2.0 was not found in the pkg-config search path.
Perhaps you should add the directory containing `glib-2.0.pc'
to the PKG_CONFIG_PATH environment variable
No package 'glib-2.0' found
Package gtk+-2.0 was not found in the pkg-config search path.
Perhaps you should add the directory containing `gtk+-2.0.pc'
to the PKG_CONFIG_PATH environment variable
No package 'gtk+-2.0' found
acediffsorted.c: In function oneLine_next_Object:
acediffsorted.c:150:29: warning: variable isDNA set but not used [-Wunused-but-set-variable]
   BOOL  isAObj, isLongText, isDNA;
                             ^~~~~
acediffsorted.c: In function processDiff:
acediffsorted.c:367:18: warning: variable obCurrB set but not used [-Wunused-but-set-variable]
   Stack obCurrA, obCurrB;
                  ^~~~~~~
freesubs.c: In function freeread:
freesubs.c:363:8: warning: this while clause does not guard... [-Wmisleading-indentation]
      { while (getc(fil) != '\n' && !feof(fil)) ;
        ^~~~~
freesubs.c:364:8: note: ...this statement, but the latter is misleadingly indented as if it were guarded by the while
        ++*line ;
        ^~
In file included from freesubs.c:42:
At top level:
../wh/version.h:133:20: warning: ut_copyright_string defined but not used [-Wunused-variable]
 static const char *ut_copyright_string =                                             \
                    ^~~~~~~~~~~~~~~~~~~
freesubs.c:55:1: note: in expansion of macro UT_COPYRIGHT_STRING
 UT_COPYRIGHT_STRING(FREE_TITLE, FREE_VERSION, FREE_RELEASE, FREE_UPDATE, FREE_DESC)
 ^~~~~~~~~~~~~~~~~~~
gcc -g -Wall  -DACEDB4 `../w3rdparty/include-config glib-2.0 gtk+-2.0`   -I.. -I../wh -I../wstaden -DACEDB_GTK -DOPTERON -c -o arraysub.o arraysub.c
make[3]: Leaving directory '/<<PKGBUILDDIR>>/bin.LINUX_64'
gcc -g -Wall  -DACEDB4 `../w3rdparty/include-config glib-2.0 gtk+-2.0`   -I.. -I../wh -I../wstaden -DACEDB_GTK -DOPTERON -c -o liste.o liste.c
Package glib-2.0 was not found in the pkg-config search path.
Perhaps you should add the directory containing `glib-2.0.pc'
to the PKG_CONFIG_PATH environment variable
No package 'glib-2.0' found
Package gtk+-2.0 was not found in the pkg-config search path.
Perhaps you should add the directory containing `gtk+-2.0.pc'
to the PKG_CONFIG_PATH environment variable
No package 'gtk+-2.0' found
freesubs.c: In function freeread:
freesubs.c:363:8: warning: this while clause does not guard... [-Wmisleading-indentation]
      { while (getc(fil) != '\n' && !feof(fil)) ;
        ^~~~~
freesubs.c:364:8: note: ...this statement, but the latter is misleadingly indented as if it were guarded by the while
        ++*line ;
        ^~
In file included from freesubs.c:42:
At top level:
../wh/version.h:133:20: warning: ut_copyright_string defined but not used [-Wunused-variable]
 static const char *ut_copyright_string =                                             \
                    ^~~~~~~~~~~~~~~~~~~
freesubs.c:55:1: note: in expansion of macro UT_COPYRIGHT_STRING
 UT_COPYRIGHT_STRING(FREE_TITLE, FREE_VERSION, FREE_RELEASE, FREE_UPDATE, FREE_DESC)
 ^~~~~~~~~~~~~~~~~~~
gcc -g -Wall  -DACEDB4 `../w3rdparty/include-config glib-2.0 gtk+-2.0`   -I.. -I../wh -I../wstaden -DACEDB_GTK -DOPTERON -c -o memsubs.o memsubs.c
make[3]: Leaving directory '/<<PKGBUILDDIR>>/bin.LINUX_64'
make[2]: *** [makefile:94: gnbkclient] Error 2
gcc -g -Wall  -DACEDB4 `../w3rdparty/include-config glib-2.0 gtk+-2.0`   -I.. -I../wh -I../wstaden -DACEDB_GTK -DOPTERON -c -o arraysub.o arraysub.c
gfcode.c: In function lettsToNums:
gfcode.c:67:22: warning: implicit declaration of function malloc [-Wimplicit-function-declaration]
 #define messalloc(z) malloc(z)
                      ^~~~~~
gfcode.c:188:29: note: in expansion of macro messalloc
     sequence->nums = (int *)messalloc(sequence->length * sizeof(int));
                             ^~~~~~~~~
gfcode.c:67:22: warning: incompatible implicit declaration of built-in function malloc
 #define messalloc(z) malloc(z)
                      ^~~~~~
gfcode.c:188:29: note: in expansion of macro messalloc
     sequence->nums = (int *)messalloc(sequence->length * sizeof(int));
                             ^~~~~~~~~
gfcode.c:67:22: note: include <stdlib.h> or provide a declaration of malloc
 #define messalloc(z) malloc(z)
                      ^~~~~~
gfcode.c:76:1:
+#include <stdlib.h>
 
gfcode.c:188:29: note: in expansion of macro messalloc
     sequence->nums = (int *)messalloc(sequence->length * sizeof(int));
                             ^~~~~~~~~
gfcode.c: In function countsToFreqs:
gfcode.c:210:8: warning: implicit declaration of function strcmp [-Wimplicit-function-declaration]
   if (!strcmp(table->classDef,"defined"))
        ^~~~~~
gfcode.c: In function readTableFile:
gfcode.c:486:7: warning: implicit declaration of function strcpy [-Wimplicit-function-declaration]
       strcpy(string,string2);
       ^~~~~~
gfcode.c:486:7: warning: incompatible implicit declaration of built-in function strcpy
gfcode.c:486:7: note: include <string.h> or provide a declaration of strcpy
gfcode.c:76:1:
+#include <string.h>
 
gfcode.c:486:7:
       strcpy(string,string2);
       ^~~~~~
gfcode.c:499:7: warning: implicit declaration of function exit [-Wimplicit-function-declaration]
       exit(1);
       ^~~~
gfcode.c:499:7: warning: incompatible implicit declaration of built-in function exit
gfcode.c:499:7: note: include <stdlib.h> or provide a declaration of exit
gfcode.c:516:4: warning: incompatible implicit declaration of built-in function exit
    exit(1);
    ^~~~
gfcode.c:516:4: note: include <stdlib.h> or provide a declaration of exit
gfcode.c: In function initTable:
gfcode.c:67:22: warning: incompatible implicit declaration of built-in function malloc
 #define messalloc(z) malloc(z)
                      ^~~~~~
gfcode.c:538:22: note: in expansion of macro messalloc
   table = (GfTable *)messalloc(sizeof(GfTable));
                      ^~~~~~~~~
gfcode.c:67:22: note: include <stdlib.h> or provide a declaration of malloc
 #define messalloc(z) malloc(z)
                      ^~~~~~
gfcode.c:538:22: note: in expansion of macro messalloc
   table = (GfTable *)messalloc(sizeof(GfTable));
                      ^~~~~~~~~
gfcode.c:541:3: warning: incompatible implicit declaration of built-in function strcpy
   strcpy(table->refSeqs,"all"); /*default reference sequences*/
   ^~~~~~
gfcode.c:541:3: note: include <string.h> or provide a declaration of strcpy
gfcode.c: In function expandTable:
gfcode.c:67:22: warning: incompatible implicit declaration of built-in function malloc
 #define messalloc(z) malloc(z)
                      ^~~~~~
gfcode.c:570:29: note: in expansion of macro messalloc
   table->numTuples = (int *)messalloc(table->numCols * sizeof(int));
                             ^~~~~~~~~
gfcode.c:67:22: note: include <stdlib.h> or provide a declaration of malloc
 #define messalloc(z) malloc(z)
                      ^~~~~~
gfcode.c:570:29: note: in expansion of macro messalloc
   table->numTuples = (int *)messalloc(table->numCols * sizeof(int));
                             ^~~~~~~~~
gfcode.c: In function allocIntMat:
gfcode.c:67:22: warning: incompatible implicit declaration of built-in function malloc
 #define messalloc(z) malloc(z)
                      ^~~~~~
gfcode.c:578:20: note: in expansion of macro messalloc
   mtable = (int **)messalloc(table->numRows * sizeof(int *));
                    ^~~~~~~~~
gfcode.c:67:22: note: include <stdlib.h> or provide a declaration of malloc
 #define messalloc(z) malloc(z)
                      ^~~~~~
gfcode.c:578:20: note: in expansion of macro messalloc
   mtable = (int **)messalloc(table->numRows * sizeof(int *));
                    ^~~~~~~~~
gfcode.c: In function allocFloatMat:
gfcode.c:67:22: warning: incompatible implicit declaration of built-in function malloc
 #define messalloc(z) malloc(z)
                      ^~~~~~
gfcode.c:591:22: note: in expansion of macro messalloc
   stable = (float **)messalloc(table->numRows * sizeof(float *));
                      ^~~~~~~~~
gfcode.c:67:22: note: include <stdlib.h> or provide a declaration of malloc
 #define messalloc(z) malloc(z)
                      ^~~~~~
gfcode.c:591:22: note: in expansion of macro messalloc
   stable = (float **)messalloc(table->numRows * sizeof(float *));
                      ^~~~~~~~~
gfcode.c: In function makeConvTable:
gfcode.c:67:22: warning: incompatible implicit declaration of built-in function malloc
 #define messalloc(z) malloc(z)
                      ^~~~~~
gfcode.c:605:22: note: in expansion of macro messalloc
   convTable = (int *)messalloc(256 * sizeof(int));
                      ^~~~~~~~~
gfcode.c:67:22: note: include <stdlib.h> or provide a declaration of malloc
 #define messalloc(z) malloc(z)
                      ^~~~~~
gfcode.c:605:22: note: in expansion of macro messalloc
   convTable = (int *)messalloc(256 * sizeof(int));
                      ^~~~~~~~~
gfcode.c: In function aceFeatures:
gfcode.c:67:22: warning: incompatible implicit declaration of built-in function malloc
 #define messalloc(z) malloc(z)
                      ^~~~~~
gfcode.c:659:25: note: in expansion of macro messalloc
     diffVec = (double *)messalloc((length+3) * sizeof(double));
                         ^~~~~~~~~
gfcode.c:67:22: note: include <stdlib.h> or provide a declaration of malloc
 #define messalloc(z) malloc(z)
                      ^~~~~~
gfcode.c:659:25: note: in expansion of macro messalloc
     diffVec = (double *)messalloc((length+3) * sizeof(double));
                         ^~~~~~~~~
gfcode.c:664:11: warning: implicit declaration of function strncmp [-Wimplicit-function-declaration]
      (( ! strncmp( sequence->letters + i, "TAA", 3)
           ^~~~~~~
gfcode.c:68:21: warning: implicit declaration of function free [-Wimplicit-function-declaration]
 #define messfree(z) free(z)
                     ^~~~
gfcode.c:671:5: note: in expansion of macro messfree
     messfree (diffVec);
     ^~~~~~~~
gfcode.c:68:21: warning: incompatible implicit declaration of built-in function free
 #define messfree(z) free(z)
                     ^~~~
gfcode.c:671:5: note: in expansion of macro messfree
     messfree (diffVec);
     ^~~~~~~~
gfcode.c:68:21: note: include <stdlib.h> or provide a declaration of free
 #define messfree(z) free(z)
                     ^~~~
gfcode.c:671:5: note: in expansion of macro messfree
     messfree (diffVec);
     ^~~~~~~~
gfcode.c:643:7: warning: variable nSites set but not used [-Wunused-but-set-variable]
   int nSites;
       ^~~~~~
gfcode.c: In function allocGap:
gfcode.c:67:22: warning: incompatible implicit declaration of built-in function malloc
 #define messalloc(z) malloc(z)
                      ^~~~~~
gfcode.c:748:40: note: in expansion of macro messalloc
   if (!(numGaps%500)) headGap = (Gap *)messalloc(500 * sizeof(Gap));
                                        ^~~~~~~~~
gfcode.c:67:22: note: include <stdlib.h> or provide a declaration of malloc
 #define messalloc(z) malloc(z)
                      ^~~~~~
gfcode.c:748:40: note: in expansion of macro messalloc
   if (!(numGaps%500)) headGap = (Gap *)messalloc(500 * sizeof(Gap));
                                        ^~~~~~~~~
gfcode.c: In function aceMaxSegs:
gfcode.c:67:22: warning: incompatible implicit declaration of built-in function malloc
 #define messalloc(z) malloc(z)
                      ^~~~~~
gfcode.c:781:19: note: in expansion of macro messalloc
   maxPos = (int *)messalloc((end+1) * sizeof(int));
                   ^~~~~~~~~
gfcode.c:67:22: note: include <stdlib.h> or provide a declaration of malloc
 #define messalloc(z) malloc(z)
                      ^~~~~~
gfcode.c:781:19: note: in expansion of macro messalloc
   maxPos = (int *)messalloc((end+1) * sizeof(int));
                   ^~~~~~~~~
gfcode.c:68:21: warning: incompatible implicit declaration of built-in function free
 #define messfree(z) free(z)
                     ^~~~
gfcode.c:821:3: note: in expansion of macro messfree
   messfree (maxPos);
   ^~~~~~~~
gfcode.c:68:21: note: include <stdlib.h> or provide a declaration of free
 #define messfree(z) free(z)
                     ^~~~
gfcode.c:821:3: note: in expansion of macro messfree
   messfree (maxPos);
   ^~~~~~~~
gfcode.c: In function sequenceAllocate:
gfcode.c:67:22: warning: incompatible implicit declaration of built-in function malloc
 #define messalloc(z) malloc(z)
                      ^~~~~~
gfcode.c:837:21: note: in expansion of macro messalloc
   seq = (Sequence *)messalloc(sizeof(Sequence)) ;
                     ^~~~~~~~~
gfcode.c:67:22: note: include <stdlib.h> or provide a declaration of malloc
 #define messalloc(z) malloc(z)
                      ^~~~~~
gfcode.c:837:21: note: in expansion of macro messalloc
   seq = (Sequence *)messalloc(sizeof(Sequence)) ;
                     ^~~~~~~~~
gfcode.c:842:3: warning: incompatible implicit declaration of built-in function strcpy
   strcpy (seq->name, name) ;
   ^~~~~~
gfcode.c:842:3: note: include <string.h> or provide a declaration of strcpy
gfcode.c: In function sequenceDestroy:
gfcode.c:68:21: warning: incompatible implicit declaration of built-in function free
 #define messfree(z) free(z)
                     ^~~~
gfcode.c:851:3: note: in expansion of macro messfree
   messfree (seq->letters) ;
   ^~~~~~~~
gfcode.c:68:21: note: include <stdlib.h> or provide a declaration of free
 #define messfree(z) free(z)
                     ^~~~
gfcode.c:851:3: note: in expansion of macro messfree
   messfree (seq->letters) ;
   ^~~~~~~~
gfcode.c: In function createSequences:
gfcode.c:869:12: warning: implicit declaration of function strlen [-Wimplicit-function-declaration]
   length = strlen (dna) ;
            ^~~~~~
gfcode.c:869:12: warning: incompatible implicit declaration of built-in function strlen
gfcode.c:869:12: note: include <string.h> or provide a declaration of strlen
gfcode.c: In function geneFinderInit:
gfcode.c:1086:7: warning: incompatible implicit declaration of built-in function strcpy
       strcpy( lastFileName, fileName );
       ^~~~~~
gfcode.c:1086:7: note: include <string.h> or provide a declaration of strcpy
gfcode.c:1017:9: warning: unused variable cp [-Wunused-variable]
   char *cp, fileName[MAXSTRLEN], lastFileName[MAXSTRLEN] ;
         ^~
gfcode.c: In function usage:
gfcode.c:1106:3: warning: incompatible implicit declaration of built-in function exit
   exit (-1) ;
   ^~~~
gfcode.c:1106:3: note: include <stdlib.h> or provide a declaration of exit
gfcode.c: In function main:
gfcode.c:1168:7: warning: incompatible implicit declaration of built-in function exit
       exit(0);
       ^~~~
gfcode.c:1168:7: note: include <stdlib.h> or provide a declaration of exit
gfcode.c:1177:25: warning: implicit declaration of function atof; did you mean atanf? [-Wimplicit-function-declaration]
       { intron3Cutoff = atof (argv[1]) ;
                         ^~~~
                         atanf
gfcode.c:1214:55: warning: format %s expects argument of type char *, but argument 3 has type char ** [-Wformat=]
     { fprintf (stderr, "Failed to open sequence file %s\n", argv) ;
                                                      ~^     ~~~~
gfcode.c:1220:50: warning: format %s expects argument of type char *, but argument 3 has type char ** [-Wformat=]
     { fprintf (stderr, "Errors reading sequence %s\n", argv) ;
                                                 ~^     ~~~~
At top level:
gfcode.c:79:14: warning: localGf defined but not used [-Wunused-variable]
 static  BOOL localGf = TRUE ;
              ^~~~~~~
gfcode.c: In function aceSites.part.5:
gfcode.c:1138:3: warning: idx may be used uninitialized in this function [-Wmaybe-uninitialized]
   printf ("%s\tGenefinder\t%s\t%d\t%d\t%.4f\t%c\t%c\n",
   ^~~~~~~~~~~~~~~~~~~~~~~~~~~~~~~~~~~~~~~~~~~~~~~~~~~~~
    seqName, featName[idx], start, end,
    ~~~~~~~~~~~~~~~~~~~~~~~~~~~~~~~~~~~
    score, comp ? '-' : '+', '.') ;
    ~~~~~~~~~~~~~~~~~~~~~~~~~~~~~
gfcode.c:1112:19: note: idx was declared here
   int start, end, idx;
                   ^~~
gfcode.c:1138:3: warning: end may be used uninitialized in this function [-Wmaybe-uninitialized]
   printf ("%s\tGenefinder\t%s\t%d\t%d\t%.4f\t%c\t%c\n",
   ^~~~~~~~~~~~~~~~~~~~~~~~~~~~~~~~~~~~~~~~~~~~~~~~~~~~~
    seqName, featName[idx], start, end,
    ~~~~~~~~~~~~~~~~~~~~~~~~~~~~~~~~~~~
    score, comp ? '-' : '+', '.') ;
    ~~~~~~~~~~~~~~~~~~~~~~~~~~~~~
gfcode.c:1112:14: note: end was declared here
   int start, end, idx;
              ^~~
gfcode.c:1138:3: warning: start may be used uninitialized in this function [-Wmaybe-uninitialized]
   printf ("%s\tGenefinder\t%s\t%d\t%d\t%.4f\t%c\t%c\n",
   ^~~~~~~~~~~~~~~~~~~~~~~~~~~~~~~~~~~~~~~~~~~~~~~~~~~~~
    seqName, featName[idx], start, end,
    ~~~~~~~~~~~~~~~~~~~~~~~~~~~~~~~~~~~
    score, comp ? '-' : '+', '.') ;
    ~~~~~~~~~~~~~~~~~~~~~~~~~~~~~
gfcode.c:1112:7: note: start was declared here
   int start, end, idx;
       ^~~~~
gfcode.c:1138:3: warning: idx may be used uninitialized in this function [-Wmaybe-uninitialized]
   printf ("%s\tGenefinder\t%s\t%d\t%d\t%.4f\t%c\t%c\n",
   ^~~~~~~~~~~~~~~~~~~~~~~~~~~~~~~~~~~~~~~~~~~~~~~~~~~~~
    seqName, featName[idx], start, end,
    ~~~~~~~~~~~~~~~~~~~~~~~~~~~~~~~~~~~
    score, comp ? '-' : '+', '.') ;
    ~~~~~~~~~~~~~~~~~~~~~~~~~~~~~
gfcode.c:1112:19: note: idx was declared here
   int start, end, idx;
                   ^~~
gfcode.c:1138:3: warning: end may be used uninitialized in this function [-Wmaybe-uninitialized]
   printf ("%s\tGenefinder\t%s\t%d\t%d\t%.4f\t%c\t%c\n",
   ^~~~~~~~~~~~~~~~~~~~~~~~~~~~~~~~~~~~~~~~~~~~~~~~~~~~~
    seqName, featName[idx], start, end,
    ~~~~~~~~~~~~~~~~~~~~~~~~~~~~~~~~~~~
    score, comp ? '-' : '+', '.') ;
    ~~~~~~~~~~~~~~~~~~~~~~~~~~~~~
gfcode.c:1112:14: note: end was declared here
   int start, end, idx;
              ^~~
gfcode.c:1138:3: warning: start may be used uninitialized in this function [-Wmaybe-uninitialized]
   printf ("%s\tGenefinder\t%s\t%d\t%d\t%.4f\t%c\t%c\n",
   ^~~~~~~~~~~~~~~~~~~~~~~~~~~~~~~~~~~~~~~~~~~~~~~~~~~~~
    seqName, featName[idx], start, end,
    ~~~~~~~~~~~~~~~~~~~~~~~~~~~~~~~~~~~
    score, comp ? '-' : '+', '.') ;
    ~~~~~~~~~~~~~~~~~~~~~~~~~~~~~
gfcode.c:1112:7: note: start was declared here
   int start, end, idx;
       ^~~~~
gcc -g -Wall  -DACEDB4 `../w3rdparty/include-config glib-2.0 gtk+-2.0`   -I.. -I../wh -I../wstaden -DACEDB_GTK -DOPTERON -c -g -O2 -fdebug-prefix-map=/<<PKGBUILDDIR>>=. -fstack-protector-strong -Wformat -Werror=format-security readseq.c
Package glib-2.0 was not found in the pkg-config search path.
Perhaps you should add the directory containing `glib-2.0.pc'
to the PKG_CONFIG_PATH environment variable
No package 'glib-2.0' found
Package gtk+-2.0 was not found in the pkg-config search path.
Perhaps you should add the directory containing `gtk+-2.0.pc'
to the PKG_CONFIG_PATH environment variable
No package 'gtk+-2.0' found
freeout.c:37:10: fatal error: glib.h: No such file or directory
 #include <glib.h>
          ^~~~~~~~
compilation terminated.
make[3]: *** [<builtin>: freeout.o] Error 1
make[3]: *** Waiting for unfinished jobs....
gcc -g -Wall  -DACEDB4 `../w3rdparty/include-config glib-2.0 gtk+-2.0`   -I.. -I../wh -I../wstaden -DACEDB_GTK -DOPTERON -c -o liste.o liste.c
Package glib-2.0 was not found in the pkg-config search path.
Perhaps you should add the directory containing `glib-2.0.pc'
to the PKG_CONFIG_PATH environment variable
No package 'glib-2.0' found
Package gtk+-2.0 was not found in the pkg-config search path.
Perhaps you should add the directory containing `gtk+-2.0.pc'
to the PKG_CONFIG_PATH environment variable
No package 'gtk+-2.0' found
Package glib-2.0 was not found in the pkg-config search path.
Perhaps you should add the directory containing `glib-2.0.pc'
to the PKG_CONFIG_PATH environment variable
No package 'glib-2.0' found
Package gtk+-2.0 was not found in the pkg-config search path.
Perhaps you should add the directory containing `gtk+-2.0.pc'
to the PKG_CONFIG_PATH environment variable
No package 'gtk+-2.0' found
freeout.c:37:10: fatal error: glib.h: No such file or directory
 #include <glib.h>
          ^~~~~~~~
compilation terminated.
make[3]: *** [<builtin>: freeout.o] Error 1
make[3]: *** Waiting for unfinished jobs....
gcc -g -Wall  -DACEDB4 `../w3rdparty/include-config glib-2.0 gtk+-2.0`   -I.. -I../wh -I../wstaden -DACEDB_GTK -DOPTERON -c -o freeout.o freeout.c
freesubs.c: In function freeread:
freesubs.c:363:8: warning: this while clause does not guard... [-Wmisleading-indentation]
      { while (getc(fil) != '\n' && !feof(fil)) ;
        ^~~~~
freesubs.c:364:8: note: ...this statement, but the latter is misleadingly indented as if it were guarded by the while
        ++*line ;
        ^~
In file included from freesubs.c:42:
At top level:
../wh/version.h:133:20: warning: ut_copyright_string defined but not used [-Wunused-variable]
 static const char *ut_copyright_string =                                             \
                    ^~~~~~~~~~~~~~~~~~~
freesubs.c:55:1: note: in expansion of macro UT_COPYRIGHT_STRING
 UT_COPYRIGHT_STRING(FREE_TITLE, FREE_VERSION, FREE_RELEASE, FREE_UPDATE, FREE_DESC)
 ^~~~~~~~~~~~~~~~~~~
gcc -g -Wall  -DACEDB4 `../w3rdparty/include-config glib-2.0 gtk+-2.0`   -I.. -I../wh -I../wstaden -DACEDB_GTK -DOPTERON -c -o freeout.o freeout.c
Package glib-2.0 was not found in the pkg-config search path.
Perhaps you should add the directory containing `glib-2.0.pc'
to the PKG_CONFIG_PATH environment variable
No package 'glib-2.0' found
Package gtk+-2.0 was not found in the pkg-config search path.
Perhaps you should add the directory containing `gtk+-2.0.pc'
to the PKG_CONFIG_PATH environment variable
No package 'gtk+-2.0' found
Package glib-2.0 was not found in the pkg-config search path.
Perhaps you should add the directory containing `glib-2.0.pc'
to the PKG_CONFIG_PATH environment variable
No package 'glib-2.0' found
Package gtk+-2.0 was not found in the pkg-config search path.
Perhaps you should add the directory containing `gtk+-2.0.pc'
to the PKG_CONFIG_PATH environment variable
No package 'gtk+-2.0' found
messubs.c:110:10: fatal error: glib.h: No such file or directory
 #include <glib.h>
          ^~~~~~~~
compilation terminated.
make[3]: *** [<builtin>: messubs.o] Error 1
make[3]: Leaving directory '/<<PKGBUILDDIR>>/bin.LINUX_64'
make[2]: *** [makefile:94: diskfix] Error 2
gcc -g -Wall  -DACEDB4 `../w3rdparty/include-config glib-2.0 gtk+-2.0`   -I.. -I../wh -I../wstaden -DACEDB_GTK -DOPTERON -c -o messubs.o messubs.c
Package glib-2.0 was not found in the pkg-config search path.
Perhaps you should add the directory containing `glib-2.0.pc'
to the PKG_CONFIG_PATH environment variable
No package 'glib-2.0' found
Package gtk+-2.0 was not found in the pkg-config search path.
Perhaps you should add the directory containing `gtk+-2.0.pc'
to the PKG_CONFIG_PATH environment variable
No package 'gtk+-2.0' found
Package glib-2.0 was not found in the pkg-config search path.
Perhaps you should add the directory containing `glib-2.0.pc'
to the PKG_CONFIG_PATH environment variable
No package 'glib-2.0' found
Package gtk+-2.0 was not found in the pkg-config search path.
Perhaps you should add the directory containing `gtk+-2.0.pc'
to the PKG_CONFIG_PATH environment variable
No package 'gtk+-2.0' found
gcc -g -Wall  -DACEDB4 `../w3rdparty/include-config glib-2.0 gtk+-2.0`   -I.. -I../wh -I../wstaden -DACEDB_GTK -DOPTERON -c -o arraysub.o arraysub.c
freesubs.c: In function freeread:
freesubs.c:363:8: warning: this while clause does not guard... [-Wmisleading-indentation]
      { while (getc(fil) != '\n' && !feof(fil)) ;
        ^~~~~
freesubs.c:364:8: note: ...this statement, but the latter is misleadingly indented as if it were guarded by the while
        ++*line ;
        ^~
In file included from freesubs.c:42:
At top level:
../wh/version.h:133:20: warning: ut_copyright_string defined but not used [-Wunused-variable]
 static const char *ut_copyright_string =                                             \
                    ^~~~~~~~~~~~~~~~~~~
freesubs.c:55:1: note: in expansion of macro UT_COPYRIGHT_STRING
 UT_COPYRIGHT_STRING(FREE_TITLE, FREE_VERSION, FREE_RELEASE, FREE_UPDATE, FREE_DESC)
 ^~~~~~~~~~~~~~~~~~~
gcc -g -Wall  -DACEDB4 `../w3rdparty/include-config glib-2.0 gtk+-2.0`   -I.. -I../wh -I../wstaden -DACEDB_GTK -DOPTERON -c -o freeout.o freeout.c
Package glib-2.0 was not found in the pkg-config search path.
Perhaps you should add the directory containing `glib-2.0.pc'
to the PKG_CONFIG_PATH environment variable
No package 'glib-2.0' found
Package gtk+-2.0 was not found in the pkg-config search path.
Perhaps you should add the directory containing `gtk+-2.0.pc'
to the PKG_CONFIG_PATH environment variable
No package 'gtk+-2.0' found
freesubs.c: In function freeread:
freesubs.c:363:8: warning: this while clause does not guard... [-Wmisleading-indentation]
      { while (getc(fil) != '\n' && !feof(fil)) ;
        ^~~~~
freesubs.c:364:8: note: ...this statement, but the latter is misleadingly indented as if it were guarded by the while
        ++*line ;
        ^~
In file included from freesubs.c:42:
At top level:
../wh/version.h:133:20: warning: ut_copyright_string defined but not used [-Wunused-variable]
 static const char *ut_copyright_string =                                             \
                    ^~~~~~~~~~~~~~~~~~~
freesubs.c:55:1: note: in expansion of macro UT_COPYRIGHT_STRING
 UT_COPYRIGHT_STRING(FREE_TITLE, FREE_VERSION, FREE_RELEASE, FREE_UPDATE, FREE_DESC)
 ^~~~~~~~~~~~~~~~~~~
gcc -g -Wall  -DACEDB4 `../w3rdparty/include-config glib-2.0 gtk+-2.0`   -I.. -I../wh -I../wstaden -DACEDB_GTK -DOPTERON -c -o messubs.o messubs.c
Package gtk+-2.0 was not found in the pkg-config search path.
Perhaps you should add the directory containing `gtk+-2.0.pc'
to the PKG_CONFIG_PATH environment variable
No package 'gtk+-2.0' found
/usr/bin/ld: cannot find -lfree
collect2: error: ld returned 1 exit status
make[3]: *** [makefile:1286: homonym] Error 1
make[3]: Leaving directory '/<<PKGBUILDDIR>>/bin.LINUX_64'
make[2]: *** [makefile:94: homonym] Error 2
gcc -g -Wall  -DACEDB4 `../w3rdparty/include-config glib-2.0 gtk+-2.0`   -I.. -I../wh -I../wstaden -DACEDB_GTK -DOPTERON -c -o arraysub.o arraysub.c
Package glib-2.0 was not found in the pkg-config search path.
Perhaps you should add the directory containing `glib-2.0.pc'
to the PKG_CONFIG_PATH environment variable
No package 'glib-2.0' found
Package gtk+-2.0 was not found in the pkg-config search path.
Perhaps you should add the directory containing `gtk+-2.0.pc'
to the PKG_CONFIG_PATH environment variable
No package 'gtk+-2.0' found
messubs.c:110:10: fatal error: glib.h: No such file or directory
 #include <glib.h>
          ^~~~~~~~
compilation terminated.
make[3]: *** [<builtin>: messubs.o] Error 1
gcc -g -Wall  -DACEDB4 `../w3rdparty/include-config glib-2.0 gtk+-2.0`   -I.. -I../wh -I../wstaden -DACEDB_GTK -DOPTERON -c -o liste.o liste.c
dbidx.c: In function isseq:
dbidx.c:109:13: warning: implicit declaration of function isalpha [-Wimplicit-function-declaration]
     return (isalpha(c) || (c == '*'));
             ^~~~~~~
dbidx.c: In function printheader:
dbidx.c:150:36: warning: format %u expects argument of type unsigned int, but argument 2 has type long unsigned int [-Wformat=]
   printf("Size of index file    = %u\n", head->file_size);
                                   ~^     ~~~~~~~~~~~~~~~
                                   %lu
dbidx.c:151:36: warning: format %u expects argument of type unsigned int, but argument 2 has type long unsigned int [-Wformat=]
   printf("Number of records     = %u\n", head->nrecords);
                                   ~^     ~~~~~~~~~~~~~~
                                   %lu
dbidx.c: In function printActrg:
dbidx.c:162:41: warning: format %u expects argument of type unsigned int, but argument 2 has type long unsigned int [-Wformat=]
   printf("Number of hits             = %u\n", rec->nhits);
                                        ~^     ~~~~~~~~~~
                                        %lu
dbidx.c:163:41: warning: format %u expects argument of type unsigned int, but argument 2 has type long unsigned int [-Wformat=]
   printf("Record number of first hit = %u\n", rec->hit_rec_num);
                                        ~^     ~~~~~~~~~~~~~~~~
                                        %lu
dbidx.c: In function readEntrynam:
dbidx.c:198:7: warning: suggest parentheses around assignment used as truth value [-Wparentheses]
   if( space = (char *)strchr(rec.entry_name, ' ') ) *space = '\0';
       ^~~~~
dbidx.c: In function printEntrynam:
dbidx.c:238:32: warning: format %u expects argument of type unsigned int, but argument 2 has type long unsigned int [-Wformat=]
   printf("Annotation offset = %u\n", rec->ann_offset);
                               ~^     ~~~~~~~~~~~~~~~
                               %lu
dbidx.c:239:32: warning: format %u expects argument of type unsigned int, but argument 2 has type long unsigned int [-Wformat=]
   printf("Sequence offset   = %u\n", rec->seq_offset);
                               ~^     ~~~~~~~~~~~~~~~
                               %lu
dbidx.c: In function printPIRseq:
dbidx.c:330:7: warning: suggest parentheses around assignment used as truth value [-Wparentheses]
   if( slash = (char *)strchr(ACnr, '\\') ) *slash = '\0';
       ^~~~~
dbidx.c:353:22: warning: implicit declaration of function toupper [-Wimplicit-function-declaration]
       TITLEline[i] = toupper(TITLEline[i]);
                      ^~~~~~~
dbidx.c: In function printGBseq:
dbidx.c:398:9: warning: suggest parentheses around assignment used as truth value [-Wparentheses]
     if( slash = (char *)strchr(ACnr, '\\') ) *slash = '\0';
         ^~~~~
dbidx.c: In function printEMBLseq:
dbidx.c:448:15: warning: suggest parentheses around assignment used as truth value [-Wparentheses]
           if( slash = (char *)strchr(buff, ';') ) *slash = '\0';
               ^~~~~
dbidx.c: In function getname:
dbidx.c:586:7: warning: suggest parentheses around assignment used as truth value [-Wparentheses]
   if (space = (char *)strchr(name, ' ')) *space = 0;
       ^~~~~
dbidx.c: In function getdbfile:
dbidx.c:627:38: warning: implicit declaration of function isspace [-Wimplicit-function-declaration]
   for (i=0; i<strlen(name); i++) if (isspace(name[i])) name[i] = '\0';
                                      ^~~~~~~
dbidx.c:631:44: warning: implicit declaration of function tolower [-Wimplicit-function-declaration]
   for (i=0; i<strlen(name); i++) name[i] = tolower(name[i]);
                                            ^~~~~~~
dbidx.c: In function bin_search:
dbidx.c:662:10: warning: suggest parentheses around assignment used as truth value [-Wparentheses]
      if (space = (char *)strchr(posname, ' ')) *space = 0;
          ^~~~~
dbidx.c:667:13: warning: suggest parentheses around assignment used as truth value [-Wparentheses]
      while (balance = strncmp(posname, query, qlen))
             ^~~~~~~
dbidx.c:669:30: warning: format %d expects argument of type int, but argument 4 has type size_t {aka long unsigned int} [-Wformat=]
   if (search) printf("%d %s %d %d\n", pos, posname, strlen(posname), qlen);
                             ~^                      ~~~~~~~~~~~~~~~
                             %ld
dbidx.c:686:33: warning: format %d expects argument of type int, but argument 4 has type size_t {aka long unsigned int} [-Wformat=]
      if (search) printf("%d %s %d %d\n", pos, posname, strlen(posname), qlen);
                                ~^                      ~~~~~~~~~~~~~~~
                                %ld
dbidx.c:655:62: warning: variable matchlen set but not used [-Wunused-but-set-variable]
      int recless, recmore, pos, pos1, pos2, balance, newpos, matchlen, qlen, i;
                                                              ^~~~~~~~
dbidx.c: In function getAcentry_rec_num:
dbidx.c:747:57: warning: format %u expects argument of type unsigned int, but argument 2 has type long unsigned int [-Wformat=]
         if (display_head) printf("Entry record number: %u\n%", entry_rec_num);
                                                        ~^      ~~~~~~~~~~~~~
                                                        %lu
dbidx.c:747:60: warning: spurious trailing % in format [-Wformat=]
         if (display_head) printf("Entry record number: %u\n%", entry_rec_num);
                                                            ^
gcc -g -Wl,-z,relro -Wl,-z,now -o efetch efetch.o dbidx.o
make[3]: Leaving directory '/<<PKGBUILDDIR>>/bin.LINUX_64'
gcc -g -Wall  -DACEDB4 `../w3rdparty/include-config glib-2.0 gtk+-2.0`   -I.. -I../wh -I../wstaden -DACEDB_GTK -DOPTERON -c -o filsubs.o filsubs.c
Package glib-2.0 was not found in the pkg-config search path.
Perhaps you should add the directory containing `glib-2.0.pc'
to the PKG_CONFIG_PATH environment variable
No package 'glib-2.0' found
Package gtk+-2.0 was not found in the pkg-config search path.
Perhaps you should add the directory containing `gtk+-2.0.pc'
to the PKG_CONFIG_PATH environment variable
No package 'gtk+-2.0' found
Package glib-2.0 was not found in the pkg-config search path.
Perhaps you should add the directory containing `glib-2.0.pc'
to the PKG_CONFIG_PATH environment variable
No package 'glib-2.0' found
Package gtk+-2.0 was not found in the pkg-config search path.
Perhaps you should add the directory containing `gtk+-2.0.pc'
to the PKG_CONFIG_PATH environment variable
No package 'gtk+-2.0' found
messubs.c:110:10: fatal error: glib.h: No such file or directory
 #include <glib.h>
          ^~~~~~~~
compilation terminated.
make[3]: *** [<builtin>: messubs.o] Error 1
gcc -g -Wall  -DACEDB4 `../w3rdparty/include-config glib-2.0 gtk+-2.0`   -I.. -I../wh -I../wstaden -DACEDB_GTK -DOPTERON -c -o msort.o msort.c
gcc -g -Wall  -DACEDB4 `../w3rdparty/include-config glib-2.0 gtk+-2.0`   -I.. -I../wh -I../wstaden -DACEDB_GTK -DOPTERON -c -o heap.o heap.c
Package glib-2.0 was not found in the pkg-config search path.
Perhaps you should add the directory containing `glib-2.0.pc'
to the PKG_CONFIG_PATH environment variable
No package 'glib-2.0' found
Package gtk+-2.0 was not found in the pkg-config search path.
Perhaps you should add the directory containing `gtk+-2.0.pc'
to the PKG_CONFIG_PATH environment variable
No package 'gtk+-2.0' found
Package glib-2.0 was not found in the pkg-config search path.
Perhaps you should add the directory containing `glib-2.0.pc'
to the PKG_CONFIG_PATH environment variable
No package 'glib-2.0' found
Package gtk+-2.0 was not found in the pkg-config search path.
Perhaps you should add the directory containing `gtk+-2.0.pc'
to the PKG_CONFIG_PATH environment variable
No package 'gtk+-2.0' found
gcc -g -Wall  -DACEDB4 `../w3rdparty/include-config glib-2.0 gtk+-2.0`   -I.. -I../wh -I../wstaden -DACEDB_GTK -DOPTERON -c -o timesubs.o timesubs.c
Package glib-2.0 was not found in the pkg-config search path.
Perhaps you should add the directory containing `glib-2.0.pc'
to the PKG_CONFIG_PATH environment variable
No package 'glib-2.0' found
Package gtk+-2.0 was not found in the pkg-config search path.
Perhaps you should add the directory containing `gtk+-2.0.pc'
to the PKG_CONFIG_PATH environment variable
No package 'gtk+-2.0' found
Package glib-2.0 was not found in the pkg-config search path.
Perhaps you should add the directory containing `glib-2.0.pc'
to the PKG_CONFIG_PATH environment variable
No package 'glib-2.0' found
Package gtk+-2.0 was not found in the pkg-config search path.
Perhaps you should add the directory containing `gtk+-2.0.pc'
to the PKG_CONFIG_PATH environment variable
No package 'gtk+-2.0' found
readseq.c: In function add:
readseq.c:48:4: warning: implicit declaration of function memcpy [-Wimplicit-function-declaration]
    memcpy (newbuf, *buf, n) ;
    ^~~~~~
readseq.c:48:4: warning: incompatible implicit declaration of built-in function memcpy
readseq.c:48:4: note: include <string.h> or provide a declaration of memcpy
readseq.c:21:1:
+#include <string.h>
 
readseq.c:48:4:
    memcpy (newbuf, *buf, n) ;
    ^~~~~~
readseq.c: In function readSequence:
readseq.c:121:15: warning: array subscript has type char [-Wchar-subscripts]
       if (conv[c] < -1)
               ^
readseq.c:130:15: warning: array subscript has type char [-Wchar-subscripts]
       if (conv[c] >= 0)
               ^
readseq.c:131:11: warning: array subscript has type char [-Wchar-subscripts]
  add (conv[c], seq, &buflen, n++) ;
           ^
readseq.c: In function writeSequence:
readseq.c:190:15: warning: array subscript has type char [-Wchar-subscripts]
       if (conv[seq[i]] > 0)
               ^
readseq.c:191:13: warning: array subscript has type char [-Wchar-subscripts]
  fputc (conv[seq[i]], fil) ;
             ^
readseq.c: In function readMatrix:
readseq.c:215:5: warning: implicit declaration of function strcpy [-Wimplicit-function-declaration]
     strcpy (matdirname, getenv ("BLASTMAT")) ;
     ^~~~~~
readseq.c:215:5: warning: incompatible implicit declaration of built-in function strcpy
readseq.c:215:5: note: include <string.h> or provide a declaration of strcpy
readseq.c:217:5: warning: incompatible implicit declaration of built-in function strcpy
     strcpy (matdirname, "/nfs/disk100/pubseq/blastdb/") ;
     ^~~~~~
readseq.c:217:5: note: include <string.h> or provide a declaration of strcpy
readseq.c:218:3: warning: incompatible implicit declaration of built-in function strcpy
   strcpy (fullname, matdirname) ;
   ^~~~~~
readseq.c:218:3: note: include <string.h> or provide a declaration of strcpy
readseq.c:219:3: warning: implicit declaration of function strcat [-Wimplicit-function-declaration]
   strcat (fullname, name) ;
   ^~~~~~
readseq.c:219:3: warning: incompatible implicit declaration of built-in function strcat
readseq.c:219:3: note: include <string.h> or provide a declaration of strcat
readseq.c:233:21: warning: array subscript has type char [-Wchar-subscripts]
     { symb[i] = conv[*p] ;
                     ^
readseq.c:252:20: warning: array subscript has type char [-Wchar-subscripts]
       if (p && conv[*p] == symb[i])
                    ^
gcc -g -Wl,-z,relro -Wl,-z,now -o genefeatures gfcode.o readseq.o -lm
Package glib-2.0 was not found in the pkg-config search path.
Perhaps you should add the directory containing `glib-2.0.pc'
to the PKG_CONFIG_PATH environment variable
No package 'glib-2.0' found
Package gtk+-2.0 was not found in the pkg-config search path.
Perhaps you should add the directory containing `gtk+-2.0.pc'
to the PKG_CONFIG_PATH environment variable
No package 'gtk+-2.0' found
gcc -g -Wall  -DACEDB4 `../w3rdparty/include-config glib-2.0 gtk+-2.0`   -I.. -I../wh -I../wstaden -DACEDB_GTK -DOPTERON -c -o bump.o bump.c
make[3]: Leaving directory '/<<PKGBUILDDIR>>/bin.LINUX_64'
make[2]: *** [makefile:94: metacheck] Error 2
gcc -g -Wall  -DACEDB4 `../w3rdparty/include-config glib-2.0 gtk+-2.0`   -I.. -I../wh -I../wstaden -DACEDB_GTK -DOPTERON -c -o randsubs.o randsubs.c
make[3]: Leaving directory '/<<PKGBUILDDIR>>/bin.LINUX_64'
gcc -g -Wall  -DACEDB4 `../w3rdparty/include-config glib-2.0 gtk+-2.0`   -I.. -I../wh -I../wstaden -DACEDB_GTK -DOPTERON -c -o call.o call.c
make[3]: Leaving directory '/<<PKGBUILDDIR>>/bin.LINUX_64'
make[2]: *** [makefile:94: tagcount] Error 2
gcc -g -Wall  -DACEDB4 `../w3rdparty/include-config glib-2.0 gtk+-2.0`   -I.. -I../wh -I../wstaden -DACEDB_GTK -DOPTERON -c -o liste.o liste.c
Package glib-2.0 was not found in the pkg-config search path.
Perhaps you should add the directory containing `glib-2.0.pc'
to the PKG_CONFIG_PATH environment variable
No package 'glib-2.0' found
Package gtk+-2.0 was not found in the pkg-config search path.
Perhaps you should add the directory containing `gtk+-2.0.pc'
to the PKG_CONFIG_PATH environment variable
No package 'gtk+-2.0' found
Package glib-2.0 was not found in the pkg-config search path.
Perhaps you should add the directory containing `glib-2.0.pc'
to the PKG_CONFIG_PATH environment variable
No package 'glib-2.0' found
Package gtk+-2.0 was not found in the pkg-config search path.
Perhaps you should add the directory containing `gtk+-2.0.pc'
to the PKG_CONFIG_PATH environment variable
No package 'gtk+-2.0' found
Package glib-2.0 was not found in the pkg-config search path.
Perhaps you should add the directory containing `glib-2.0.pc'
to the PKG_CONFIG_PATH environment variable
No package 'glib-2.0' found
Package gtk+-2.0 was not found in the pkg-config search path.
Perhaps you should add the directory containing `gtk+-2.0.pc'
to the PKG_CONFIG_PATH environment variable
No package 'gtk+-2.0' found
Package glib-2.0 was not found in the pkg-config search path.
Perhaps you should add the directory containing `glib-2.0.pc'
to the PKG_CONFIG_PATH environment variable
No package 'glib-2.0' found
Package gtk+-2.0 was not found in the pkg-config search path.
Perhaps you should add the directory containing `gtk+-2.0.pc'
to the PKG_CONFIG_PATH environment variable
No package 'gtk+-2.0' found
freeout.c:37:10: fatal error: glib.h: No such file or directory
 #include <glib.h>
          ^~~~~~~~
compilation terminated.
make[3]: *** [<builtin>: freeout.o] Error 1
make[3]: *** Waiting for unfinished jobs....
gcc -g -Wall  -DACEDB4 `../w3rdparty/include-config glib-2.0 gtk+-2.0`   -I.. -I../wh -I../wstaden -DACEDB_GTK -DOPTERON -c -o filsubs.o filsubs.c
messubs.c:110:10: fatal error: glib.h: No such file or directory
 #include <glib.h>
          ^~~~~~~~
compilation terminated.
make[3]: *** [<builtin>: messubs.o] Error 1
make[3]: *** Waiting for unfinished jobs....
gcc -g -Wall  -DACEDB4 `../w3rdparty/include-config glib-2.0 gtk+-2.0`   -I.. -I../wh -I../wstaden -DACEDB_GTK -DOPTERON -c -o messubs.o messubs.c
messubs.c:110:10: fatal error: glib.h: No such file or directory
 #include <glib.h>
          ^~~~~~~~
compilation terminated.
make[3]: *** [<builtin>: messubs.o] Error 1
gcc -g -Wall  -DACEDB4 `../w3rdparty/include-config glib-2.0 gtk+-2.0`   -I.. -I../wh -I../wstaden -DACEDB_GTK -DOPTERON -c -o filsubs.o filsubs.c
freeout.c:37:10: fatal error: glib.h: No such file or directory
 #include <glib.h>
          ^~~~~~~~
compilation terminated.
make[3]: *** [<builtin>: freeout.o] Error 1
gcc -g -Wall  -DACEDB4 `../w3rdparty/include-config glib-2.0 gtk+-2.0`   -I.. -I../wh -I../wstaden -DACEDB_GTK -DOPTERON -c -o msort.o msort.c
Package glib-2.0 was not found in the pkg-config search path.
Perhaps you should add the directory containing `glib-2.0.pc'
to the PKG_CONFIG_PATH environment variable
No package 'glib-2.0' found
Package gtk+-2.0 was not found in the pkg-config search path.
Perhaps you should add the directory containing `gtk+-2.0.pc'
to the PKG_CONFIG_PATH environment variable
No package 'gtk+-2.0' found
gcc -g -Wall  -DACEDB4 `../w3rdparty/include-config glib-2.0 gtk+-2.0`   -I.. -I../wh -I../wstaden -DACEDB_GTK -DOPTERON -c -o heap.o heap.c
Package glib-2.0 was not found in the pkg-config search path.
Perhaps you should add the directory containing `glib-2.0.pc'
to the PKG_CONFIG_PATH environment variable
No package 'glib-2.0' found
Package gtk+-2.0 was not found in the pkg-config search path.
Perhaps you should add the directory containing `gtk+-2.0.pc'
to the PKG_CONFIG_PATH environment variable
No package 'gtk+-2.0' found
Package glib-2.0 was not found in the pkg-config search path.
Perhaps you should add the directory containing `glib-2.0.pc'
to the PKG_CONFIG_PATH environment variable
No package 'glib-2.0' found
Package gtk+-2.0 was not found in the pkg-config search path.
Perhaps you should add the directory containing `gtk+-2.0.pc'
to the PKG_CONFIG_PATH environment variable
No package 'gtk+-2.0' found
gcc -g -Wall  -DACEDB4 `../w3rdparty/include-config glib-2.0 gtk+-2.0`   -I.. -I../wh -I../wstaden -DACEDB_GTK -DOPTERON -c -o timesubs.o timesubs.c
Package glib-2.0 was not found in the pkg-config search path.
Perhaps you should add the directory containing `glib-2.0.pc'
to the PKG_CONFIG_PATH environment variable
No package 'glib-2.0' found
Package gtk+-2.0 was not found in the pkg-config search path.
Perhaps you should add the directory containing `gtk+-2.0.pc'
to the PKG_CONFIG_PATH environment variable
No package 'gtk+-2.0' found
freeout.c:37:10: fatal error: glib.h: No such file or directory
 #include <glib.h>
          ^~~~~~~~
compilation terminated.
make[3]: *** [<builtin>: freeout.o] Error 1
make[3]: *** Waiting for unfinished jobs....
Package glib-2.0 was not found in the pkg-config search path.
Perhaps you should add the directory containing `glib-2.0.pc'
to the PKG_CONFIG_PATH environment variable
No package 'glib-2.0' found
Package gtk+-2.0 was not found in the pkg-config search path.
Perhaps you should add the directory containing `gtk+-2.0.pc'
to the PKG_CONFIG_PATH environment variable
No package 'gtk+-2.0' found
Package glib-2.0 was not found in the pkg-config search path.
Perhaps you should add the directory containing `glib-2.0.pc'
to the PKG_CONFIG_PATH environment variable
No package 'glib-2.0' found
Package gtk+-2.0 was not found in the pkg-config search path.
Perhaps you should add the directory containing `gtk+-2.0.pc'
to the PKG_CONFIG_PATH environment variable
No package 'gtk+-2.0' found
Package glib-2.0 was not found in the pkg-config search path.
Perhaps you should add the directory containing `glib-2.0.pc'
to the PKG_CONFIG_PATH environment variable
No package 'glib-2.0' found
Package gtk+-2.0 was not found in the pkg-config search path.
Perhaps you should add the directory containing `gtk+-2.0.pc'
to the PKG_CONFIG_PATH environment variable
No package 'gtk+-2.0' found
filsubs.c: In function filAge:
filsubs.c:1025:3: warning: this if clause does not guard... [-Wmisleading-indentation]
   if (diffYears)
   ^~
filsubs.c:1028:5: note: ...this statement, but the latter is misleadingly indented as if it were guarded by the if
     if (diffMonths)
     ^~
Package glib-2.0 was not found in the pkg-config search path.
Perhaps you should add the directory containing `glib-2.0.pc'
to the PKG_CONFIG_PATH environment variable
No package 'glib-2.0' found
Package gtk+-2.0 was not found in the pkg-config search path.
Perhaps you should add the directory containing `gtk+-2.0.pc'
to the PKG_CONFIG_PATH environment variable
No package 'gtk+-2.0' found
timesubs.c: In function timeStruct:
timesubs.c:242:15: warning: unused variable save [-Wunused-variable]
     struct tm save = *tm;
               ^~~~
Package glib-2.0 was not found in the pkg-config search path.
Perhaps you should add the directory containing `glib-2.0.pc'
to the PKG_CONFIG_PATH environment variable
No package 'glib-2.0' found
Package gtk+-2.0 was not found in the pkg-config search path.
Perhaps you should add the directory containing `gtk+-2.0.pc'
to the PKG_CONFIG_PATH environment variable
No package 'gtk+-2.0' found
Package glib-2.0 was not found in the pkg-config search path.
Perhaps you should add the directory containing `glib-2.0.pc'
to the PKG_CONFIG_PATH environment variable
No package 'glib-2.0' found
Package gtk+-2.0 was not found in the pkg-config search path.
Perhaps you should add the directory containing `gtk+-2.0.pc'
to the PKG_CONFIG_PATH environment variable
No package 'gtk+-2.0' found
Package glib-2.0 was not found in the pkg-config search path.
Perhaps you should add the directory containing `glib-2.0.pc'
to the PKG_CONFIG_PATH environment variable
No package 'glib-2.0' found
Package gtk+-2.0 was not found in the pkg-config search path.
Perhaps you should add the directory containing `gtk+-2.0.pc'
to the PKG_CONFIG_PATH environment variable
No package 'gtk+-2.0' found
Package glib-2.0 was not found in the pkg-config search path.
Perhaps you should add the directory containing `glib-2.0.pc'
to the PKG_CONFIG_PATH environment variable
No package 'glib-2.0' found
Package gtk+-2.0 was not found in the pkg-config search path.
Perhaps you should add the directory containing `gtk+-2.0.pc'
to the PKG_CONFIG_PATH environment variable
No package 'gtk+-2.0' found
messubs.c:110:10: fatal error: glib.h: No such file or directory
 #include <glib.h>
          ^~~~~~~~
compilation terminated.
make[3]: *** [<builtin>: messubs.o] Error 1
Package glib-2.0 was not found in the pkg-config search path.
Perhaps you should add the directory containing `glib-2.0.pc'
to the PKG_CONFIG_PATH environment variable
No package 'glib-2.0' found
Package gtk+-2.0 was not found in the pkg-config search path.
Perhaps you should add the directory containing `gtk+-2.0.pc'
to the PKG_CONFIG_PATH environment variable
No package 'gtk+-2.0' found
Package glib-2.0 was not found in the pkg-config search path.
Perhaps you should add the directory containing `glib-2.0.pc'
to the PKG_CONFIG_PATH environment variable
No package 'glib-2.0' found
Package gtk+-2.0 was not found in the pkg-config search path.
Perhaps you should add the directory containing `gtk+-2.0.pc'
to the PKG_CONFIG_PATH environment variable
No package 'gtk+-2.0' found
Package glib-2.0 was not found in the pkg-config search path.
Perhaps you should add the directory containing `glib-2.0.pc'
to the PKG_CONFIG_PATH environment variable
No package 'glib-2.0' found
Package gtk+-2.0 was not found in the pkg-config search path.
Perhaps you should add the directory containing `gtk+-2.0.pc'
to the PKG_CONFIG_PATH environment variable
No package 'gtk+-2.0' found
filsubs.c: In function filAge:
filsubs.c:1025:3: warning: this if clause does not guard... [-Wmisleading-indentation]
   if (diffYears)
   ^~
filsubs.c:1028:5: note: ...this statement, but the latter is misleadingly indented as if it were guarded by the if
     if (diffMonths)
     ^~
Package glib-2.0 was not found in the pkg-config search path.
Perhaps you should add the directory containing `glib-2.0.pc'
to the PKG_CONFIG_PATH environment variable
No package 'glib-2.0' found
Package gtk+-2.0 was not found in the pkg-config search path.
Perhaps you should add the directory containing `gtk+-2.0.pc'
to the PKG_CONFIG_PATH environment variable
No package 'gtk+-2.0' found
filsubs.c: In function filAge:
filsubs.c:1025:3: warning: this if clause does not guard... [-Wmisleading-indentation]
   if (diffYears)
   ^~
filsubs.c:1028:5: note: ...this statement, but the latter is misleadingly indented as if it were guarded by the if
     if (diffMonths)
     ^~
make[3]: Leaving directory '/<<PKGBUILDDIR>>/bin.LINUX_64'
make[2]: *** [makefile:94: jade2ace] Error 2
make[3]: Leaving directory '/<<PKGBUILDDIR>>/bin.LINUX_64'
make[2]: *** [makefile:94: blixem] Error 2
Package glib-2.0 was not found in the pkg-config search path.
Perhaps you should add the directory containing `glib-2.0.pc'
to the PKG_CONFIG_PATH environment variable
No package 'glib-2.0' found
Package gtk+-2.0 was not found in the pkg-config search path.
Perhaps you should add the directory containing `gtk+-2.0.pc'
to the PKG_CONFIG_PATH environment variable
No package 'gtk+-2.0' found
timesubs.c: In function timeStruct:
timesubs.c:242:15: warning: unused variable save [-Wunused-variable]
     struct tm save = *tm;
               ^~~~
Package glib-2.0 was not found in the pkg-config search path.
Perhaps you should add the directory containing `glib-2.0.pc'
to the PKG_CONFIG_PATH environment variable
No package 'glib-2.0' found
Package gtk+-2.0 was not found in the pkg-config search path.
Perhaps you should add the directory containing `gtk+-2.0.pc'
to the PKG_CONFIG_PATH environment variable
No package 'gtk+-2.0' found
make[3]: Leaving directory '/<<PKGBUILDDIR>>/bin.LINUX_64'
make[2]: *** [makefile:94: gnbk] Error 2
make[2]: Leaving directory '/<<PKGBUILDDIR>>'
make[1]: *** [debian/rules:35: override_dh_auto_build] Error 2
make[1]: Leaving directory '/<<PKGBUILDDIR>>'
make: *** [debian/rules:23: build-arch] Error 2
dpkg-buildpackage: error: debian/rules build-arch subprocess returned exit status 2
--------------------------------------------------------------------------------
Build finished at 2019-03-01T03:45:14Z

Finished
--------


+------------------------------------------------------------------------------+
| Cleanup                                                                      |
+------------------------------------------------------------------------------+

Purging /<<BUILDDIR>>
Reading package lists...
Building dependency tree...
Reading state information...
The following packages were automatically installed and are no longer required:
  libauthen-sasl-perl libdata-dump-perl libfont-afm-perl libhtml-form-perl
  libhtml-format-perl libhttp-daemon-perl libmailtools-perl
  libnet-smtp-ssl-perl libyaml-0-2 libyaml-libyaml-perl uuid-runtime
Use 'apt autoremove' to remove them.
0 upgraded, 0 newly installed, 0 to remove and 0 not upgraded.
Reading package lists...
Building dependency tree...
Reading state information...
The following packages were automatically installed and are no longer required:
  libauthen-sasl-perl libdata-dump-perl libfont-afm-perl libhtml-form-perl
  libhtml-format-perl libhttp-daemon-perl libmailtools-perl
  libnet-smtp-ssl-perl libyaml-0-2 libyaml-libyaml-perl uuid-runtime
Use 'apt autoremove' to remove them.
The following packages will be REMOVED:
  adwaita-icon-theme* autoconf* automake* autopoint* autotools-dev* bison*
  bsdmainutils* csh* debhelper* dh-autoreconf* dh-strip-nondeterminism* dwz*
  flex* fontconfig* fontconfig-config* fonts-dejavu-core* gcc-8-base:armhf*
  gettext* gettext-base* gir1.2-atk-1.0:armhf* gir1.2-freedesktop:armhf*
  gir1.2-gdkpixbuf-2.0:armhf* gir1.2-glib-2.0:armhf* gir1.2-gtk-2.0:armhf*
  gir1.2-harfbuzz-0.0:armhf* gir1.2-pango-1.0:armhf* groff-base*
  gtk-update-icon-cache* hicolor-icon-theme* icu-devtools* intltool-debian*
  libarchive-zip-perl* libasan5:armhf* libatk1.0-0:armhf* libatk1.0-data*
  libatk1.0-dev:armhf* libatomic1:armhf* libavahi-client3:armhf*
  libavahi-common-data:armhf* libavahi-common3:armhf* libbison-dev*
  libblkid-dev:armhf* libblkid1:armhf* libbsd0* libbsd0:armhf* libc6:armhf*
  libc6-dev:armhf* libcairo-gobject2:armhf*
  libcairo-script-interpreter2:armhf* libcairo2* libcairo2:armhf*
  libcairo2-dev:armhf* libcom-err2:armhf* libcroco3* libcups2:armhf*
  libdatrie1* libdatrie1:armhf* libdbus-1-3:armhf* libelf1* libexpat1:armhf*
  libexpat1-dev:armhf* libffi-dev:armhf* libffi6:armhf*
  libfile-stripnondeterminism-perl* libfl-dev:armhf* libfl2:armhf*
  libfontconfig1* libfontconfig1:armhf* libfontconfig1-dev:armhf*
  libfreetype6* libfreetype6:armhf* libfreetype6-dev:armhf*
  libfribidi-dev:armhf* libfribidi0* libfribidi0:armhf* libgcc-8-dev:armhf*
  libgcc1:armhf* libgcrypt20:armhf* libgdk-pixbuf2.0-0*
  libgdk-pixbuf2.0-0:armhf* libgdk-pixbuf2.0-bin* libgdk-pixbuf2.0-common*
  libgdk-pixbuf2.0-dev:armhf* libgirepository-1.0-1:armhf* libglib2.0-0*
  libglib2.0-0:armhf* libglib2.0-bin* libglib2.0-data* libglib2.0-dev:armhf*
  libglib2.0-dev-bin* libgmp10:armhf* libgnutls30:armhf* libgomp1:armhf*
  libgpg-error0:armhf* libgraphite2-3* libgraphite2-3:armhf*
  libgraphite2-dev:armhf* libgssapi-krb5-2:armhf* libgtk2.0-0:armhf*
  libgtk2.0-common* libgtk2.0-dev:armhf* libharfbuzz-dev:armhf*
  libharfbuzz-gobject0:armhf* libharfbuzz-icu0:armhf* libharfbuzz0b*
  libharfbuzz0b:armhf* libhogweed4:armhf* libice-dev:armhf* libice6:armhf*
  libicu-dev:armhf* libicu63:armhf* libidn2-0:armhf* libjbig0* libjbig0:armhf*
  libjpeg62-turbo* libjpeg62-turbo:armhf* libk5crypto3:armhf*
  libkeyutils1:armhf* libkrb5-3:armhf* libkrb5support0:armhf* liblz4-1:armhf*
  liblzma5:armhf* liblzo2-2:armhf* libmount-dev:armhf* libmount1:armhf*
  libmpdec2* libncurses-dev:armhf* libncurses6* libncurses6:armhf*
  libncursesw6:armhf* libnettle6:armhf* libp11-kit0:armhf* libpango-1.0-0*
  libpango-1.0-0:armhf* libpango1.0-dev:armhf* libpangocairo-1.0-0*
  libpangocairo-1.0-0:armhf* libpangoft2-1.0-0* libpangoft2-1.0-0:armhf*
  libpangoxft-1.0-0* libpangoxft-1.0-0:armhf* libpcre16-3:armhf*
  libpcre3:armhf* libpcre3-dev:armhf* libpcre32-3:armhf* libpcrecpp0v5:armhf*
  libpipeline1* libpixman-1-0* libpixman-1-0:armhf* libpixman-1-dev:armhf*
  libpng-dev:armhf* libpng16-16* libpng16-16:armhf*
  libpthread-stubs0-dev:armhf* libpython3-stdlib* libpython3.7-minimal*
  libpython3.7-stdlib* libreadline-dev:armhf* libreadline7:armhf* librsvg2-2*
  librsvg2-common* libselinux1:armhf* libselinux1-dev:armhf* libsepol1:armhf*
  libsepol1-dev:armhf* libsigsegv2* libsm-dev:armhf* libsm6:armhf*
  libssl1.1:armhf* libstdc++-8-dev:armhf* libstdc++6:armhf* libsystemd0:armhf*
  libtasn1-6:armhf* libthai-data* libthai0* libthai0:armhf* libtiff5*
  libtiff5:armhf* libtinfo6:armhf* libtool* libubsan1:armhf* libuchardet0*
  libunistring2:armhf* libuuid1:armhf* libwebp6* libwebp6:armhf* libx11-6*
  libx11-6:armhf* libx11-data* libx11-dev:armhf* libxau-dev:armhf* libxau6*
  libxau6:armhf* libxcb-render0* libxcb-render0:armhf*
  libxcb-render0-dev:armhf* libxcb-shm0* libxcb-shm0:armhf*
  libxcb-shm0-dev:armhf* libxcb1* libxcb1:armhf* libxcb1-dev:armhf*
  libxcomposite-dev:armhf* libxcomposite1:armhf* libxcursor-dev:armhf*
  libxcursor1:armhf* libxdamage-dev:armhf* libxdamage1:armhf*
  libxdmcp-dev:armhf* libxdmcp6* libxdmcp6:armhf* libxext-dev:armhf* libxext6*
  libxext6:armhf* libxfixes-dev:armhf* libxfixes3:armhf* libxft-dev:armhf*
  libxft2* libxft2:armhf* libxi-dev:armhf* libxi6:armhf*
  libxinerama-dev:armhf* libxinerama1:armhf* libxml2-utils*
  libxrandr-dev:armhf* libxrandr2:armhf* libxrender-dev:armhf* libxrender1*
  libxrender1:armhf* libzstd1:armhf* linux-libc-dev:armhf* m4* man-db*
  mime-support* pango1.0-tools* pkg-config* po-debconf* python3*
  python3-distutils* python3-lib2to3* python3-minimal* python3.7*
  python3.7-minimal* sbuild-build-depends-main-dummy:armhf* shared-mime-info*
  uuid-dev:armhf* x11-common* x11proto-composite-dev* x11proto-core-dev*
  x11proto-damage-dev* x11proto-dev* x11proto-fixes-dev* x11proto-input-dev*
  x11proto-randr-dev* x11proto-xext-dev* x11proto-xinerama-dev*
  xorg-sgml-doctools* xtrans-dev* zlib1g:armhf* zlib1g-dev:armhf*
0 upgraded, 0 newly installed, 260 to remove and 0 not upgraded.
After this operation, 363 MB disk space will be freed.
(Reading database ... 31394 files and directories currently installed.)
Removing sbuild-build-depends-main-dummy:armhf (0.invalid.0) ...
Removing libgtk2.0-dev:armhf (2.24.32-3) ...
Removing gir1.2-gtk-2.0:armhf (2.24.32-3) ...
Removing libgtk2.0-0:armhf (2.24.32-3) ...
Removing adwaita-icon-theme (3.30.1-1) ...
Removing bison (2:3.3.2.dfsg-1) ...
Removing csh (20110502-4) ...
Removing libfl-dev:armhf (2.6.4-6.2) ...
Removing flex (2.6.4-6.2) ...
Removing libpango1.0-dev:armhf (1.42.4-6) ...
Removing pango1.0-tools (1.42.4-6) ...
Removing libpangoxft-1.0-0:amd64 (1.42.4-6) ...
Removing gir1.2-pango-1.0:armhf (1.42.4-6) ...
Removing libpangoxft-1.0-0:armhf (1.42.4-6) ...
Removing libpangocairo-1.0-0:armhf (1.42.4-6) ...
Removing libpangoft2-1.0-0:armhf (1.42.4-6) ...
Removing libpango-1.0-0:armhf (1.42.4-6) ...
Removing libxft2:amd64 (2.3.2-2) ...
Removing librsvg2-common:amd64 (2.44.10-1) ...
Removing librsvg2-2:amd64 (2.44.10-1) ...
Removing libpangocairo-1.0-0:amd64 (1.42.4-6) ...
Removing libpangoft2-1.0-0:amd64 (1.42.4-6) ...
Removing libxft-dev:armhf (2.3.2-2) ...
Removing libxft2:armhf (2.3.2-2) ...
Removing libcairo2-dev:armhf (1.16.0-3) ...
Removing libfontconfig1-dev:armhf (2.13.1-2) ...
Removing libstdc++-8-dev:armhf (8.3.0-2) ...
Removing libgcc-8-dev:armhf (8.3.0-2) ...
Removing libubsan1:armhf (8.3.0-2) ...
Removing libharfbuzz-dev:armhf (2.3.1-1) ...
Removing libatk1.0-dev:armhf (2.30.0-2) ...
Removing gir1.2-atk-1.0:armhf (2.30.0-2) ...
Removing gir1.2-freedesktop:armhf (1.58.3-2) ...
Removing libgdk-pixbuf2.0-dev:armhf (2.38.0+dfsg-7) ...
Removing gir1.2-gdkpixbuf-2.0:armhf (2.38.0+dfsg-7) ...
Removing gir1.2-harfbuzz-0.0:armhf (2.3.1-1) ...
Removing gir1.2-glib-2.0:armhf (1.58.3-2) ...
Removing gtk-update-icon-cache (3.24.5-1) ...
Removing hicolor-icon-theme (0.17-2) ...
Removing libicu-dev:armhf (63.1-6) ...
Removing icu-devtools (63.1-6) ...
Removing libasan5:armhf (8.3.0-2) ...
Removing libatk1.0-0:armhf (2.30.0-2) ...
Removing libatk1.0-data (2.30.0-2) ...
Removing libatomic1:armhf (8.3.0-2) ...
Removing libcups2:armhf (2.2.10-4) ...
Removing libavahi-client3:armhf (0.7-4+b1) ...
Removing libavahi-common3:armhf (0.7-4+b1) ...
Removing libavahi-common-data:armhf (0.7-4+b1) ...
Removing libbison-dev:amd64 (2:3.3.2.dfsg-1) ...
Removing libharfbuzz-icu0:armhf (2.3.1-1) ...
Removing libcairo2:amd64 (1.16.0-3) ...
Removing libxrender1:amd64 (1:0.9.10-1) ...
Removing libxext6:amd64 (2:1.3.3-1+b2) ...
Removing libxcb-shm0:amd64 (1.13.1-2) ...
Removing libxrandr-dev:armhf (2:1.5.1-1) ...
Removing libxcursor-dev:armhf (1:1.1.15-2) ...
Removing libxrender-dev:armhf (1:0.9.10-1) ...
Removing libxinerama-dev:armhf (2:1.1.4-2) ...
Removing libxcb-shm0-dev:armhf (1.13.1-2) ...
Removing libxrandr2:armhf (2:1.5.1-1) ...
Removing libsm-dev:armhf (2:1.2.3-1) ...
Removing libice-dev:armhf (2:1.0.9-2) ...
Removing libfreetype6-dev:armhf (2.9.1-3) ...
Removing libpng-dev:armhf (1.6.36-5) ...
Removing libgdk-pixbuf2.0-0:armhf (2.38.0+dfsg-7) ...
Removing libtiff5:armhf (4.0.10-4) ...
Removing libdbus-1-3:armhf (1.12.12-1) ...
Removing libsystemd0:armhf (241-1) ...
Removing liblzma5:armhf (5.2.4-1) ...
Removing libreadline-dev:armhf (7.0-5) ...
Removing libncurses-dev:armhf (6.1+20181013-2) ...
Removing libexpat1-dev:armhf (2.2.6-1) ...
Removing libcairo-gobject2:armhf (1.16.0-3) ...
Removing libcairo-script-interpreter2:armhf (1.16.0-3) ...
Removing libcairo2:armhf (1.16.0-3) ...
Removing libgssapi-krb5-2:armhf (1.17-2) ...
Removing libkrb5-3:armhf (1.17-2) ...
Removing libcom-err2:armhf (1.44.5-1) ...
Removing libthai0:armhf (0.1.28-2) ...
Removing libdatrie1:armhf (0.2.12-2) ...
Removing libgnutls30:armhf (3.6.6-2) ...
Removing libp11-kit0:armhf (0.23.15-2) ...
Removing libgirepository-1.0-1:armhf (1.58.3-2) ...
Removing libfl2:armhf (2.6.4-6.2) ...
Removing libharfbuzz0b:amd64 (2.3.1-1) ...
Removing libfribidi-dev:armhf (1.0.5-3.1) ...
Removing libfribidi0:armhf (1.0.5-3.1) ...
Removing libicu63:armhf (63.1-6) ...
Removing libgcrypt20:armhf (1.8.4-5) ...
Removing libgdk-pixbuf2.0-bin (2.38.0+dfsg-7) ...
Removing libgdk-pixbuf2.0-0:amd64 (2.38.0+dfsg-7) ...
Removing libgdk-pixbuf2.0-common (2.38.0+dfsg-7) ...
Removing shared-mime-info (1.10-1) ...
Removing libhogweed4:armhf (3.4.1-1) ...
Removing libgmp10:armhf (2:6.1.2+dfsg-4) ...
Removing libgomp1:armhf (8.3.0-2) ...
Removing libgpg-error0:armhf (1.35-1) ...
Removing libgraphite2-dev:armhf (1.3.13-7) ...
Removing libgraphite2-3:amd64 (1.3.13-7) ...
Removing libgtk2.0-common (2.24.32-3) ...
Removing libharfbuzz-gobject0:armhf (2.3.1-1) ...
Removing libsm6:armhf (2:1.2.3-1) ...
Removing libidn2-0:armhf (2.0.5-1) ...
Removing libtiff5:amd64 (4.0.10-4) ...
Removing libjbig0:amd64 (2.1-3.1+b2) ...
Removing libjbig0:armhf (2.1-3.1+b2) ...
Removing libjpeg62-turbo:amd64 (1:1.5.2-2+b1) ...
Removing libjpeg62-turbo:armhf (1:1.5.2-2+b1) ...
Removing libk5crypto3:armhf (1.17-2) ...
Removing libkrb5support0:armhf (1.17-2) ...
Removing libkeyutils1:armhf (1.6-4) ...
Removing liblz4-1:armhf (1.8.3-1) ...
Removing liblzo2-2:armhf (2.10-0.1) ...
Removing libncurses6:armhf (6.1+20181013-2) ...
Removing libncursesw6:armhf (6.1+20181013-2) ...
Removing libnettle6:armhf (3.4.1-1) ...
Removing libpixman-1-0:amd64 (0.36.0-1) ...
Removing libpixman-1-dev:armhf (0.36.0-1) ...
Removing libpixman-1-0:armhf (0.36.0-1) ...
Removing libreadline7:armhf (7.0-5) ...
Removing libssl1.1:armhf (1.1.1b-1) ...
Removing libtasn1-6:armhf (4.13-3) ...
Removing libtinfo6:armhf (6.1+20181013-2) ...
Removing libunistring2:armhf (0.9.10-1) ...
Removing libwebp6:armhf (0.6.1-2) ...
Removing libwebp6:amd64 (0.6.1-2) ...
Removing libxcb-shm0:armhf (1.13.1-2) ...
Removing libxcb-render0-dev:armhf (1.13.1-2) ...
Removing libxcb-render0:armhf (1.13.1-2) ...
Removing libxcb-render0:amd64 (1.13.1-2) ...
Removing libxcomposite-dev:armhf (1:0.4.4-2) ...
Removing libxcomposite1:armhf (1:0.4.4-2) ...
Removing libxcursor1:armhf (1:1.1.15-2) ...
Removing libxdamage-dev:armhf (1:1.1.4-3) ...
Removing libxdamage1:armhf (1:1.1.4-3) ...
Removing libxi-dev:armhf (2:1.7.9-1) ...
Removing libxext-dev:armhf (2:1.3.3-1+b2) ...
Removing libxinerama1:armhf (2:1.1.4-2) ...
Removing libxi6:armhf (2:1.7.9-1) ...
Removing libxext6:armhf (2:1.3.3-1+b2) ...
Removing libxfixes-dev:armhf (1:5.0.3-1) ...
Removing libxfixes3:armhf (1:5.0.3-1) ...
Removing libxml2-utils (2.9.4+dfsg1-7+b3) ...
Removing libzstd1:armhf (1.3.8+dfsg-3) ...
Removing x11proto-composite-dev (1:2018.4-4) ...
Removing x11proto-damage-dev (1:2018.4-4) ...
Removing x11proto-xinerama-dev (2018.4-4) ...
Removing x11proto-xext-dev (2018.4-4) ...
Removing x11proto-fixes-dev (1:2018.4-4) ...
Removing x11proto-input-dev (2018.4-4) ...
Removing x11proto-randr-dev (2018.4-4) ...
Removing libpango-1.0-0:amd64 (1.42.4-6) ...
Removing fontconfig (2.13.1-2) ...
Removing libfontconfig1:amd64 (2.13.1-2) ...
Removing libfontconfig1:armhf (2.13.1-2) ...
Removing fontconfig-config (2.13.1-2) ...
Removing fonts-dejavu-core (2.37-1) ...
Removing libglib2.0-dev:armhf (2.58.3-1) ...
Removing libselinux1-dev:armhf (2.8-1+b1) ...
Removing libpcre3-dev:armhf (2:8.39-11) ...
Removing libpcrecpp0v5:armhf (2:8.39-11) ...
Removing libstdc++6:armhf (8.3.0-2) ...
Removing libmount-dev:armhf (2.33.1-0.1) ...
Removing libblkid-dev:armhf (2.33.1-0.1) ...
Removing libharfbuzz0b:armhf (2.3.1-1) ...
Removing libglib2.0-0:armhf (2.58.3-1) ...
Removing libmount1:armhf (2.33.1-0.1) ...
Removing libblkid1:armhf (2.33.1-0.1) ...
Removing libx11-6:amd64 (2:1.6.7-1) ...
Removing libxcb1:amd64 (1.13.1-2) ...
Removing libxdmcp6:amd64 (1:1.1.2-3) ...
Removing libx11-dev:armhf (2:1.6.7-1) ...
Removing libxcb1-dev:armhf (1.13.1-2) ...
Removing libxdmcp-dev:armhf (1:1.1.2-3) ...
Removing libxrender1:armhf (1:0.9.10-1) ...
Removing libx11-6:armhf (2:1.6.7-1) ...
Removing libxcb1:armhf (1.13.1-2) ...
Removing libxdmcp6:armhf (1:1.1.2-3) ...
Removing libice6:armhf (2:1.0.9-2) ...
Removing libbsd0:armhf (0.9.1-2) ...
Removing zlib1g-dev:armhf (1:1.2.11.dfsg-1) ...
Removing uuid-dev:armhf (2.33.1-0.1) ...
Removing libc6-dev:armhf (2.28-7) ...
Removing libthai0:amd64 (0.1.28-2) ...
Removing libdatrie1:amd64 (0.2.12-2) ...
Removing libglib2.0-bin (2.58.3-1) ...
Removing libexpat1:armhf (2.2.6-1) ...
Removing libffi-dev:armhf (3.2.1-9) ...
Removing libffi6:armhf (3.2.1-9) ...
Removing libfreetype6:amd64 (2.9.1-3) ...
Removing libfreetype6:armhf (2.9.1-3) ...
Removing libfribidi0:amd64 (1.0.5-3.1) ...
Removing pkg-config (0.29-6) ...
Removing libglib2.0-data (2.58.3-1) ...
Removing libglib2.0-dev-bin (2.58.3-1) ...
Removing libgraphite2-3:armhf (1.3.13-7) ...
Removing python3-distutils (3.7.2-3) ...
Removing python3-lib2to3 (3.7.2-3) ...
Removing python3 (3.7.2-1) ...
Removing python3.7 (3.7.2-2) ...
Removing libpython3-stdlib:amd64 (3.7.2-1) ...
Removing libpython3.7-stdlib:amd64 (3.7.2-2) ...
find: /usr/lib/python3: No such file or directory
Removing libmpdec2:amd64 (2.4.2-2) ...
Removing libpcre16-3:armhf (2:8.39-11) ...
Removing libselinux1:armhf (2.8-1+b1) ...
Removing libpcre3:armhf (2:8.39-11) ...
Removing libpcre32-3:armhf (2:8.39-11) ...
Removing libpng16-16:armhf (1.6.36-5) ...
Removing libpng16-16:amd64 (1.6.36-5) ...
Removing libpthread-stubs0-dev:armhf (0.4-1) ...
Removing python3-minimal (3.7.2-1) ...
Removing python3.7-minimal (3.7.2-2) ...
Removing libpython3.7-minimal:amd64 (3.7.2-2) ...
find: /usr/lib/python3: No such file or directory
Removing libsepol1-dev:armhf (2.8-1) ...
Removing libsepol1:armhf (2.8-1) ...
Removing libthai-data (0.1.28-2) ...
Removing libuuid1:armhf (2.33.1-0.1) ...
Removing libx11-data (2:1.6.7-1) ...
Removing libxau-dev:armhf (1:1.0.8-1+b2) ...
Removing libxau6:amd64 (1:1.0.8-1+b2) ...
Removing libxau6:armhf (1:1.0.8-1+b2) ...
Removing linux-libc-dev:armhf (4.19.20-1) ...
Removing mime-support (3.62) ...
Removing x11-common (1:7.7+19) ...
invoke-rc.d: could not determine current runlevel
All runlevel operations denied by policy
invoke-rc.d: policy-rc.d denied execution of stop.
Removing x11proto-core-dev (2018.4-4) ...
Removing x11proto-dev (2018.4-4) ...
Removing xorg-sgml-doctools (1:1.11-1) ...
Removing xtrans-dev (1.3.5-1) ...
Removing zlib1g:armhf (1:1.2.11.dfsg-1) ...
Removing libgcc1:armhf (1:8.3.0-2) ...
Removing dh-autoreconf (19) ...
Removing debhelper (12.1.1) ...
Removing dh-strip-nondeterminism (1.1.1-1) ...
Removing automake (1:1.16.1-4) ...
Removing autoconf (2.69-11) ...
Removing autopoint (0.19.8.1-9) ...
Removing libtool (2.4.6-10) ...
Removing autotools-dev (20180224.1) ...
Removing man-db (2.8.5-2) ...
Removing bsdmainutils (11.1.2+b1) ...
Removing dwz (0.12-3) ...
Removing gcc-8-base:armhf (8.3.0-2) ...
Removing po-debconf (1.0.21) ...
Removing intltool-debian (0.35.0+20060710.5) ...
Removing gettext (0.19.8.1-9) ...
Removing gettext-base (0.19.8.1-9) ...
Removing groff-base (1.22.4-2) ...
Removing libfile-stripnondeterminism-perl (1.1.1-1) ...
Removing libarchive-zip-perl (1.64-1) ...
Removing libbsd0:amd64 (0.9.1-2) ...
Removing libc6:armhf (2.28-7) ...
Removing libcroco3:amd64 (0.6.12-3) ...
Removing libelf1:amd64 (0.176-1) ...
Removing libglib2.0-0:amd64 (2.58.3-1) ...
Removing libncurses6:amd64 (6.1+20181013-2) ...
Removing libpipeline1:amd64 (1.5.1-2) ...
Removing m4 (1.4.18-2) ...
Removing libsigsegv2:amd64 (2.12-2) ...
Removing libuchardet0:amd64 (0.0.6-3) ...
Processing triggers for ccache (3.6-1) ...
Updating symlinks in /usr/lib/ccache ...
Processing triggers for libc-bin (2.28-7) ...
(Reading database ... 16507 files and directories currently installed.)
Purging configuration files for libblkid-dev:armhf (2.33.1-0.1) ...
Purging configuration files for fontconfig (2.13.1-2) ...
Purging configuration files for mime-support (3.62) ...
Purging configuration files for csh (20110502-4) ...
Purging configuration files for libglib2.0-0:amd64 (2.58.3-1) ...
Purging configuration files for libglib2.0-0:armhf (2.58.3-1) ...
Purging configuration files for fontconfig-config (2.13.1-2) ...
Purging configuration files for libssl1.1:armhf (1.1.1b-1) ...
Purging configuration files for libgtk2.0-0:armhf (2.24.32-3) ...
Purging configuration files for x11-common (1:7.7+19) ...
Purging configuration files for python3 (3.7.2-1) ...
Purging configuration files for man-db (2.8.5-2) ...
Purging configuration files for libpython3.7-minimal:amd64 (3.7.2-2) ...
Purging configuration files for libfreetype6-dev:armhf (2.9.1-3) ...
Purging configuration files for adwaita-icon-theme (3.30.1-1) ...
Purging configuration files for libgdk-pixbuf2.0-0:amd64 (2.38.0+dfsg-7) ...
Purging configuration files for libgdk-pixbuf2.0-0:armhf (2.38.0+dfsg-7) ...
Purging configuration files for shared-mime-info (1.10-1) ...
Purging configuration files for bsdmainutils (11.1.2+b1) ...
Purging configuration files for libgssapi-krb5-2:armhf (1.17-2) ...
Purging configuration files for pkg-config (0.29-6) ...
Purging configuration files for fonts-dejavu-core (2.37-1) ...
dpkg: warning: while removing fonts-dejavu-core, directory '/usr/share/fonts/truetype/dejavu' not empty so not removed
Purging configuration files for python3.7-minimal (3.7.2-2) ...
Purging configuration files for autoconf (2.69-11) ...
Purging configuration files for libc6:armhf (2.28-7) ...
Purging configuration files for groff-base (1.22.4-2) ...
Purging configuration files for libgtk2.0-common (2.24.32-3) ...
E: Build failure (dpkg-buildpackage died)

+------------------------------------------------------------------------------+
| Summary                                                                      |
+------------------------------------------------------------------------------+

Build Architecture: amd64
Build Profiles: cross nocheck
Build Type: any
Build-Space: n/a
Build-Time: 6
Distribution: unstable-amd64-sbuild
Fail-Stage: build
Foreign Architectures: armhf
Host Architecture: armhf
Install-Time: 28
Job: /home/build/sbuild-setup/repo/pool/main/a/acedb/acedb_4.9.39+dfsg.02-4.dsc
Machine Architecture: amd64
Package: acedb
Package-Time: 41
Source-Version: 4.9.39+dfsg.02-4
Space: n/a
Status: attempted
Version: 4.9.39+dfsg.02-4
--------------------------------------------------------------------------------
Finished at 2019-03-01T03:45:14Z
Build needed 00:00:41, no disk space
