sbuild (Debian sbuild) 0.78.1 (09 February 2019) on 36857dea695f

+==============================================================================+
| attica 0.4.2-2 (armhf)                       Fri, 01 Mar 2019 06:07:48 +0000 |
+==============================================================================+

Package: attica
Version: 0.4.2-2
Source Version: 0.4.2-2
Distribution: unstable-amd64-sbuild
Machine Architecture: amd64
Host Architecture: armhf
Build Architecture: amd64
Build Profiles: cross nocheck
Build Type: any

I: NOTICE: Log filtering will replace 'var/run/schroot/mount/unstable-amd64-sbuild-d19bb47d-4638-44e7-abe6-1f7076f868d3' with '<<CHROOT>>'
I: NOTICE: Log filtering will replace 'build/attica-KIS3ZP/resolver-5szI46' with '<<RESOLVERDIR>>'

+------------------------------------------------------------------------------+
| Update chroot                                                                |
+------------------------------------------------------------------------------+

Hit:1 http://10.116.41.102/debian sid InRelease
Hit:2 http://cdn-fastly.deb.debian.org/debian sid InRelease
Reading package lists...
Reading package lists...
Building dependency tree...
Reading state information...
Calculating upgrade...
The following packages were automatically installed and are no longer required:
  libauthen-sasl-perl libdata-dump-perl libfont-afm-perl libhtml-form-perl
  libhtml-format-perl libhttp-daemon-perl libmailtools-perl
  libnet-smtp-ssl-perl libyaml-0-2 libyaml-libyaml-perl uuid-runtime
Use 'apt autoremove' to remove them.
0 upgraded, 0 newly installed, 0 to remove and 0 not upgraded.

+------------------------------------------------------------------------------+
| Fetch source files                                                           |
+------------------------------------------------------------------------------+


Local sources
-------------

/home/build/sbuild-setup/repo/pool/main/a/attica/attica_0.4.2-2.dsc exists in /home/build/sbuild-setup/repo/pool/main/a/attica; copying to chroot
I: NOTICE: Log filtering will replace 'build/attica-KIS3ZP/attica-0.4.2' with '<<PKGBUILDDIR>>'
I: NOTICE: Log filtering will replace 'build/attica-KIS3ZP' with '<<BUILDDIR>>'

+------------------------------------------------------------------------------+
| Install package build dependencies                                           |
+------------------------------------------------------------------------------+


Setup apt archive
-----------------

Merged Build-Depends: debhelper (>= 9), cmake (>= 2.8.5), libqt4-dev (>= 4:4.7), pkg-kde-tools (>= 0.6), build-essential:amd64, fakeroot:amd64, crossbuild-essential-armhf:amd64, libc-dev:armhf, libstdc++-dev:armhf
Filtered Build-Depends: debhelper (>= 9), cmake (>= 2.8.5), libqt4-dev (>= 4:4.7), pkg-kde-tools (>= 0.6), build-essential:amd64, fakeroot:amd64, crossbuild-essential-armhf:amd64, libc-dev:armhf, libstdc++-dev:armhf
dpkg-deb: building package 'sbuild-build-depends-main-dummy' in '/<<RESOLVERDIR>>/apt_archive/sbuild-build-depends-main-dummy.deb'.
Ign:1 copy:/<<RESOLVERDIR>>/apt_archive ./ InRelease
Get:2 copy:/<<RESOLVERDIR>>/apt_archive ./ Release [957 B]
Ign:3 copy:/<<RESOLVERDIR>>/apt_archive ./ Release.gpg
Get:4 copy:/<<RESOLVERDIR>>/apt_archive ./ Sources [427 B]
Get:5 copy:/<<RESOLVERDIR>>/apt_archive ./ Packages [514 B]
Fetched 1898 B in 0s (151 kB/s)
Reading package lists...
Reading package lists...

Install main build dependencies (apt-based resolver)
----------------------------------------------------

Installing build dependencies
Reading package lists...
Building dependency tree...
Reading state information...
The following packages were automatically installed and are no longer required:
  libauthen-sasl-perl libdata-dump-perl libfont-afm-perl libhtml-form-perl
  libhtml-format-perl libhttp-daemon-perl libmailtools-perl
  libnet-smtp-ssl-perl libyaml-0-2 libyaml-libyaml-perl uuid-runtime
Use 'apt autoremove' to remove them.
The following additional packages will be installed:
  autoconf automake autopoint autotools-dev bsdmainutils cmake cmake-data
  debhelper dh-autoreconf dh-strip-nondeterminism dwz fontconfig
  fontconfig-config fonts-dejavu-core gcc-8-base:armhf gettext gettext-base
  groff-base intltool-debian libarchive-zip-perl libarchive13 libasan5:armhf
  libatomic1:armhf libaudio2:armhf libblkid1:armhf libbsd0 libbsd0:armhf
  libc6:armhf libc6-dev:armhf libcroco3 libcurl4 libdbus-1-3:armhf libelf1
  libexpat1:armhf libffi6:armhf libfile-stripnondeterminism-perl
  libfontconfig1 libfontconfig1:armhf libfreetype6 libfreetype6:armhf
  libgcc-8-dev:armhf libgcc1:armhf libgcrypt20:armhf libglib2.0-0
  libglib2.0-0:armhf libgomp1:armhf libgpg-error0:armhf libgssapi-krb5-2
  libice6:armhf libjbig0:armhf libjpeg62-turbo:armhf libjsoncpp1 libk5crypto3
  libkeyutils1 libkrb5-3 libkrb5support0 liblcms2-2:armhf liblz4-1:armhf
  liblzma5:armhf libmng1:armhf libmount1:armhf libmpdec2 libncurses6
  libnghttp2-14 libpcre3:armhf libpipeline1 libpng16-16 libpng16-16:armhf
  libprocps7 libpsl5 libpython3-stdlib libpython3.7-minimal
  libpython3.7-stdlib libqt4-dbus:armhf libqt4-declarative:armhf
  libqt4-designer:armhf libqt4-dev:armhf libqt4-dev-bin:armhf
  libqt4-help:armhf libqt4-network:armhf libqt4-qt3support:armhf
  libqt4-script:armhf libqt4-scripttools:armhf libqt4-sql:armhf
  libqt4-svg:armhf libqt4-test:armhf libqt4-xml:armhf libqt4-xmlpatterns:armhf
  libqtcore4:armhf libqtdbus4:armhf libqtgui4:armhf librhash0 librtmp1
  libselinux1:armhf libsigsegv2 libsm6:armhf libssh2-1 libstdc++-8-dev:armhf
  libstdc++6:armhf libsystemd0:armhf libtiff5:armhf libtool libubsan1:armhf
  libuchardet0 libuuid1:armhf libuv1 libwebp6:armhf libx11-6:armhf libx11-data
  libxau6:armhf libxcb1:armhf libxdmcp6:armhf libxext6:armhf libxrender1:armhf
  libxt6:armhf libzstd1:armhf linux-libc-dev:armhf m4 man-db mime-support
  pkg-kde-tools po-debconf procps python3 python3-minimal python3.7
  python3.7-minimal qdbus:armhf qt4-linguist-tools:armhf qt4-qmake:armhf
  qtchooser qtcore4-l10n x11-common zlib1g:armhf
Suggested packages:
  autoconf-archive gnu-standards autoconf-doc wamerican | wordlist whois
  vacation cmake-doc ninja-build dh-make gettext-doc libasprintf-dev
  libgettextpo-dev groff lrzip nas:armhf glibc-doc:armhf libc-l10n:armhf
  locales:armhf manpages-dev:armhf rng-tools:armhf krb5-doc krb5-user
  liblcms2-utils:armhf libqt4-declarative-folderlistmodel:armhf
  libqt4-declarative-gestures:armhf libqt4-declarative-particles:armhf
  libqt4-declarative-shaders:armhf qt4-qmlviewer:armhf
  default-libmysqlclient-dev:armhf firebird-dev:armhf libpq-dev:armhf
  libsqlite0-dev:armhf libsqlite3-dev:armhf qt4-dev-tools:armhf qt4-doc:armhf
  unixodbc-dev:armhf libicu57:armhf libthai0:armhf qt4-qtconfig:armhf
  libstdc++-8-doc:armhf libtool-doc gfortran | fortran95-compiler gcj-jdk
  m4-doc apparmor less www-browser cdbs libmail-box-perl python3-doc
  python3-tk python3-venv python3.7-venv python3.7-doc binfmt-support
Recommended packages:
  curl | wget | lynx libidn2-0:armhf dbus:armhf libarchive-cpio-perl
  libglib2.0-data shared-mime-info xdg-user-dirs libglib2.0-data:armhf
  shared-mime-info:armhf xdg-user-dirs:armhf libgpg-error-l10n:armhf
  krb5-locales libgpm2 publicsuffix libqt4-opengl-dev:armhf
  libqt4-sql-mysql:armhf | libqt4-sql-odbc:armhf | libqt4-sql-psql:armhf
  | libqt4-sql-sqlite:armhf | libqt4-sql-sqlite2:armhf libcups2:armhf
  qt-at-spi:armhf libltdl-dev libmail-sendmail-perl psmisc
The following NEW packages will be installed:
  autoconf automake autopoint autotools-dev bsdmainutils cmake cmake-data
  debhelper dh-autoreconf dh-strip-nondeterminism dwz fontconfig
  fontconfig-config fonts-dejavu-core gcc-8-base:armhf gettext gettext-base
  groff-base intltool-debian libarchive-zip-perl libarchive13 libasan5:armhf
  libatomic1:armhf libaudio2:armhf libblkid1:armhf libbsd0 libbsd0:armhf
  libc6:armhf libc6-dev:armhf libcroco3 libcurl4 libdbus-1-3:armhf libelf1
  libexpat1:armhf libffi6:armhf libfile-stripnondeterminism-perl
  libfontconfig1 libfontconfig1:armhf libfreetype6 libfreetype6:armhf
  libgcc-8-dev:armhf libgcc1:armhf libgcrypt20:armhf libglib2.0-0
  libglib2.0-0:armhf libgomp1:armhf libgpg-error0:armhf libgssapi-krb5-2
  libice6:armhf libjbig0:armhf libjpeg62-turbo:armhf libjsoncpp1 libk5crypto3
  libkeyutils1 libkrb5-3 libkrb5support0 liblcms2-2:armhf liblz4-1:armhf
  liblzma5:armhf libmng1:armhf libmount1:armhf libmpdec2 libncurses6
  libnghttp2-14 libpcre3:armhf libpipeline1 libpng16-16 libpng16-16:armhf
  libprocps7 libpsl5 libpython3-stdlib libpython3.7-minimal
  libpython3.7-stdlib libqt4-dbus:armhf libqt4-declarative:armhf
  libqt4-designer:armhf libqt4-dev:armhf libqt4-dev-bin:armhf
  libqt4-help:armhf libqt4-network:armhf libqt4-qt3support:armhf
  libqt4-script:armhf libqt4-scripttools:armhf libqt4-sql:armhf
  libqt4-svg:armhf libqt4-test:armhf libqt4-xml:armhf libqt4-xmlpatterns:armhf
  libqtcore4:armhf libqtdbus4:armhf libqtgui4:armhf librhash0 librtmp1
  libselinux1:armhf libsigsegv2 libsm6:armhf libssh2-1 libstdc++-8-dev:armhf
  libstdc++6:armhf libsystemd0:armhf libtiff5:armhf libtool libubsan1:armhf
  libuchardet0 libuuid1:armhf libuv1 libwebp6:armhf libx11-6:armhf libx11-data
  libxau6:armhf libxcb1:armhf libxdmcp6:armhf libxext6:armhf libxrender1:armhf
  libxt6:armhf libzstd1:armhf linux-libc-dev:armhf m4 man-db mime-support
  pkg-kde-tools po-debconf procps python3 python3-minimal python3.7
  python3.7-minimal qdbus:armhf qt4-linguist-tools:armhf qt4-qmake:armhf
  qtchooser qtcore4-l10n sbuild-build-depends-main-dummy:armhf x11-common
  zlib1g:armhf
0 upgraded, 135 newly installed, 0 to remove and 0 not upgraded.
Need to get 25.7 MB/59.3 MB of archives.
After this operation, 218 MB of additional disk space will be used.
Get:1 copy:/<<RESOLVERDIR>>/apt_archive ./ sbuild-build-depends-main-dummy 0.invalid.0 [940 B]
Get:2 http://10.116.41.102/debian sid/main amd64 libbsd0 amd64 0.9.1-2 [99.5 kB]
Get:3 http://10.116.41.102/debian sid/main armhf libsystemd0 armhf 241-1 [305 kB]
Get:4 http://10.116.41.102/debian sid/main amd64 libkeyutils1 amd64 1.6-4 [14.8 kB]
Get:5 http://10.116.41.102/debian sid/main amd64 libkrb5support0 amd64 1.17-2 [65.6 kB]
Get:6 http://10.116.41.102/debian sid/main amd64 libk5crypto3 amd64 1.17-2 [121 kB]
Get:7 http://10.116.41.102/debian sid/main amd64 libkrb5-3 amd64 1.17-2 [368 kB]
Get:8 http://10.116.41.102/debian sid/main amd64 libgssapi-krb5-2 amd64 1.17-2 [158 kB]
Get:9 http://10.116.41.102/debian sid/main amd64 libtool all 2.4.6-10 [547 kB]
Get:10 http://10.116.41.102/debian sid/main amd64 debhelper all 12.1.1 [1016 kB]
Get:11 http://10.116.41.102/debian sid/main armhf libstdc++6 armhf 8.3.0-2 [337 kB]
Get:12 http://10.116.41.102/debian sid/main armhf libasan5 armhf 8.3.0-2 [335 kB]
Get:13 http://10.116.41.102/debian sid/main armhf libatomic1 armhf 8.3.0-2 [6752 B]
Get:14 http://10.116.41.102/debian sid/main armhf libaudio2 armhf 1.9.4-6 [73.3 kB]
Get:15 http://10.116.41.102/debian sid/main armhf linux-libc-dev armhf 4.19.20-1 [1124 kB]
Get:16 http://10.116.41.102/debian sid/main armhf libgomp1 armhf 8.3.0-2 [64.7 kB]
Get:17 http://10.116.41.102/debian sid/main armhf libubsan1 armhf 8.3.0-2 [103 kB]
Get:18 http://10.116.41.102/debian sid/main armhf libgcc-8-dev armhf 8.3.0-2 [613 kB]
Get:19 http://10.116.41.102/debian sid/main armhf libmng1 armhf 1.0.10+dfsg-3.1+b5 [159 kB]
Get:20 http://10.116.41.102/debian sid/main amd64 qtcore4-l10n all 4:4.8.7+dfsg-17 [661 kB]
Get:21 http://10.116.41.102/debian sid/main armhf libqtcore4 armhf 4:4.8.7+dfsg-17+b1 [1399 kB]
Get:22 http://10.116.41.102/debian sid/main armhf libqt4-xml armhf 4:4.8.7+dfsg-17+b1 [130 kB]
Get:23 http://10.116.41.102/debian sid/main armhf libqtdbus4 armhf 4:4.8.7+dfsg-17+b1 [201 kB]
Get:24 http://10.116.41.102/debian sid/main armhf qdbus armhf 4:4.8.7+dfsg-17+b1 [72.9 kB]
Get:25 http://10.116.41.102/debian sid/main armhf libqt4-dbus armhf 4:4.8.7+dfsg-17+b1 [53.8 kB]
Get:26 http://10.116.41.102/debian sid/main armhf libqt4-network armhf 4:4.8.7+dfsg-17+b1 [515 kB]
Get:27 http://10.116.41.102/debian sid/main armhf libqt4-script armhf 4:4.8.7+dfsg-17+b1 [655 kB]
Get:28 http://10.116.41.102/debian sid/main armhf libqt4-sql armhf 4:4.8.7+dfsg-17+b1 [132 kB]
Get:29 http://10.116.41.102/debian sid/main armhf libqt4-xmlpatterns armhf 4:4.8.7+dfsg-17+b1 [916 kB]
Get:30 http://10.116.41.102/debian sid/main armhf libqtgui4 armhf 4:4.8.7+dfsg-17+b1 [3549 kB]
Get:31 http://10.116.41.102/debian sid/main armhf libqt4-declarative armhf 4:4.8.7+dfsg-17+b1 [951 kB]
Get:32 http://10.116.41.102/debian sid/main armhf libqt4-designer armhf 4:4.8.7+dfsg-17+b1 [3427 kB]
Get:33 http://10.116.41.102/debian sid/main armhf libqt4-qt3support armhf 4:4.8.7+dfsg-17+b1 [925 kB]
Get:34 http://10.116.41.102/debian sid/main armhf libqt4-dev-bin armhf 4:4.8.7+dfsg-17+b1 [1496 kB]
Get:35 http://10.116.41.102/debian sid/main armhf libqt4-help armhf 4:4.8.7+dfsg-17+b1 [226 kB]
Get:36 http://10.116.41.102/debian sid/main armhf libqt4-scripttools armhf 4:4.8.7+dfsg-17+b1 [242 kB]
Get:37 http://10.116.41.102/debian sid/main armhf libqt4-svg armhf 4:4.8.7+dfsg-17+b1 [162 kB]
Get:38 http://10.116.41.102/debian sid/main armhf libqt4-test armhf 4:4.8.7+dfsg-17+b1 [99.0 kB]
Get:39 http://10.116.41.102/debian sid/main armhf qt4-linguist-tools armhf 4:4.8.7+dfsg-17+b1 [783 kB]
Get:40 http://10.116.41.102/debian sid/main armhf qt4-qmake armhf 4:4.8.7+dfsg-17+b1 [1141 kB]
Get:41 http://10.116.41.102/debian sid/main armhf libqt4-dev armhf 4:4.8.7+dfsg-17+b1 [869 kB]
Get:42 http://10.116.41.102/debian sid/main armhf libstdc++-8-dev armhf 8.3.0-2 [1584 kB]
debconf: delaying package configuration, since apt-utils is not installed
Fetched 25.7 MB in 3s (7691 kB/s)
Selecting previously unselected package libbsd0:amd64.
(Reading database ... 16440 files and directories currently installed.)
Preparing to unpack .../00-libbsd0_0.9.1-2_amd64.deb ...
Unpacking libbsd0:amd64 (0.9.1-2) ...
Selecting previously unselected package bsdmainutils.
Preparing to unpack .../01-bsdmainutils_11.1.2+b1_amd64.deb ...
Unpacking bsdmainutils (11.1.2+b1) ...
Selecting previously unselected package libuchardet0:amd64.
Preparing to unpack .../02-libuchardet0_0.0.6-3_amd64.deb ...
Unpacking libuchardet0:amd64 (0.0.6-3) ...
Selecting previously unselected package groff-base.
Preparing to unpack .../03-groff-base_1.22.4-2_amd64.deb ...
Unpacking groff-base (1.22.4-2) ...
Selecting previously unselected package libpipeline1:amd64.
Preparing to unpack .../04-libpipeline1_1.5.1-2_amd64.deb ...
Unpacking libpipeline1:amd64 (1.5.1-2) ...
Selecting previously unselected package man-db.
Preparing to unpack .../05-man-db_2.8.5-2_amd64.deb ...
Unpacking man-db (2.8.5-2) ...
Selecting previously unselected package gcc-8-base:armhf.
Preparing to unpack .../06-gcc-8-base_8.3.0-2_armhf.deb ...
Unpacking gcc-8-base:armhf (8.3.0-2) ...
Selecting previously unselected package libgcc1:armhf.
Preparing to unpack .../07-libgcc1_1%3a8.3.0-2_armhf.deb ...
Unpacking libgcc1:armhf (1:8.3.0-2) ...
Selecting previously unselected package libc6:armhf.
Preparing to unpack .../08-libc6_2.28-7_armhf.deb ...
Unpacking libc6:armhf (2.28-7) ...
Selecting previously unselected package libgpg-error0:armhf.
Preparing to unpack .../09-libgpg-error0_1.35-1_armhf.deb ...
Unpacking libgpg-error0:armhf (1.35-1) ...
Selecting previously unselected package libgcrypt20:armhf.
Preparing to unpack .../10-libgcrypt20_1.8.4-5_armhf.deb ...
Unpacking libgcrypt20:armhf (1.8.4-5) ...
Selecting previously unselected package liblz4-1:armhf.
Preparing to unpack .../11-liblz4-1_1.8.3-1_armhf.deb ...
Unpacking liblz4-1:armhf (1.8.3-1) ...
Selecting previously unselected package liblzma5:armhf.
Preparing to unpack .../12-liblzma5_5.2.4-1_armhf.deb ...
Unpacking liblzma5:armhf (5.2.4-1) ...
Setting up gcc-8-base:armhf (8.3.0-2) ...
Setting up libgcc1:armhf (1:8.3.0-2) ...
Setting up libc6:armhf (2.28-7) ...
Setting up libgpg-error0:armhf (1.35-1) ...
Setting up libgcrypt20:armhf (1.8.4-5) ...
Setting up liblz4-1:armhf (1.8.3-1) ...
Setting up liblzma5:armhf (5.2.4-1) ...
Selecting previously unselected package libsystemd0:armhf.
(Reading database ... 17389 files and directories currently installed.)
Preparing to unpack .../libsystemd0_241-1_armhf.deb ...
Unpacking libsystemd0:armhf (241-1) ...
Selecting previously unselected package libpython3.7-minimal:amd64.
Preparing to unpack .../libpython3.7-minimal_3.7.2-2_amd64.deb ...
Unpacking libpython3.7-minimal:amd64 (3.7.2-2) ...
Selecting previously unselected package python3.7-minimal.
Preparing to unpack .../python3.7-minimal_3.7.2-2_amd64.deb ...
Unpacking python3.7-minimal (3.7.2-2) ...
Setting up libpython3.7-minimal:amd64 (3.7.2-2) ...
Setting up python3.7-minimal (3.7.2-2) ...
Selecting previously unselected package python3-minimal.
(Reading database ... 17632 files and directories currently installed.)
Preparing to unpack .../0-python3-minimal_3.7.2-1_amd64.deb ...
Unpacking python3-minimal (3.7.2-1) ...
Selecting previously unselected package mime-support.
Preparing to unpack .../1-mime-support_3.62_all.deb ...
Unpacking mime-support (3.62) ...
Selecting previously unselected package libmpdec2:amd64.
Preparing to unpack .../2-libmpdec2_2.4.2-2_amd64.deb ...
Unpacking libmpdec2:amd64 (2.4.2-2) ...
Selecting previously unselected package libpython3.7-stdlib:amd64.
Preparing to unpack .../3-libpython3.7-stdlib_3.7.2-2_amd64.deb ...
Unpacking libpython3.7-stdlib:amd64 (3.7.2-2) ...
Selecting previously unselected package python3.7.
Preparing to unpack .../4-python3.7_3.7.2-2_amd64.deb ...
Unpacking python3.7 (3.7.2-2) ...
Selecting previously unselected package libpython3-stdlib:amd64.
Preparing to unpack .../5-libpython3-stdlib_3.7.2-1_amd64.deb ...
Unpacking libpython3-stdlib:amd64 (3.7.2-1) ...
Setting up python3-minimal (3.7.2-1) ...
Selecting previously unselected package python3.
(Reading database ... 18066 files and directories currently installed.)
Preparing to unpack .../000-python3_3.7.2-1_amd64.deb ...
Unpacking python3 (3.7.2-1) ...
Selecting previously unselected package libncurses6:amd64.
Preparing to unpack .../001-libncurses6_6.1+20181013-2_amd64.deb ...
Unpacking libncurses6:amd64 (6.1+20181013-2) ...
Selecting previously unselected package libprocps7:amd64.
Preparing to unpack .../002-libprocps7_2%3a3.3.15-2_amd64.deb ...
Unpacking libprocps7:amd64 (2:3.3.15-2) ...
Selecting previously unselected package procps.
Preparing to unpack .../003-procps_2%3a3.3.15-2_amd64.deb ...
Unpacking procps (2:3.3.15-2) ...
Selecting previously unselected package gettext-base.
Preparing to unpack .../004-gettext-base_0.19.8.1-9_amd64.deb ...
Unpacking gettext-base (0.19.8.1-9) ...
Selecting previously unselected package libsigsegv2:amd64.
Preparing to unpack .../005-libsigsegv2_2.12-2_amd64.deb ...
Unpacking libsigsegv2:amd64 (2.12-2) ...
Selecting previously unselected package m4.
Preparing to unpack .../006-m4_1.4.18-2_amd64.deb ...
Unpacking m4 (1.4.18-2) ...
Selecting previously unselected package autoconf.
Preparing to unpack .../007-autoconf_2.69-11_all.deb ...
Unpacking autoconf (2.69-11) ...
Selecting previously unselected package autotools-dev.
Preparing to unpack .../008-autotools-dev_20180224.1_all.deb ...
Unpacking autotools-dev (20180224.1) ...
Selecting previously unselected package automake.
Preparing to unpack .../009-automake_1%3a1.16.1-4_all.deb ...
Unpacking automake (1:1.16.1-4) ...
Selecting previously unselected package autopoint.
Preparing to unpack .../010-autopoint_0.19.8.1-9_all.deb ...
Unpacking autopoint (0.19.8.1-9) ...
Selecting previously unselected package cmake-data.
Preparing to unpack .../011-cmake-data_3.13.4-1_all.deb ...
Unpacking cmake-data (3.13.4-1) ...
Selecting previously unselected package libarchive13:amd64.
Preparing to unpack .../012-libarchive13_3.3.3-4_amd64.deb ...
Unpacking libarchive13:amd64 (3.3.3-4) ...
Selecting previously unselected package libkeyutils1:amd64.
Preparing to unpack .../013-libkeyutils1_1.6-4_amd64.deb ...
Unpacking libkeyutils1:amd64 (1.6-4) ...
Selecting previously unselected package libkrb5support0:amd64.
Preparing to unpack .../014-libkrb5support0_1.17-2_amd64.deb ...
Unpacking libkrb5support0:amd64 (1.17-2) ...
Selecting previously unselected package libk5crypto3:amd64.
Preparing to unpack .../015-libk5crypto3_1.17-2_amd64.deb ...
Unpacking libk5crypto3:amd64 (1.17-2) ...
Selecting previously unselected package libkrb5-3:amd64.
Preparing to unpack .../016-libkrb5-3_1.17-2_amd64.deb ...
Unpacking libkrb5-3:amd64 (1.17-2) ...
Selecting previously unselected package libgssapi-krb5-2:amd64.
Preparing to unpack .../017-libgssapi-krb5-2_1.17-2_amd64.deb ...
Unpacking libgssapi-krb5-2:amd64 (1.17-2) ...
Selecting previously unselected package libnghttp2-14:amd64.
Preparing to unpack .../018-libnghttp2-14_1.36.0-2_amd64.deb ...
Unpacking libnghttp2-14:amd64 (1.36.0-2) ...
Selecting previously unselected package libpsl5:amd64.
Preparing to unpack .../019-libpsl5_0.20.2-2_amd64.deb ...
Unpacking libpsl5:amd64 (0.20.2-2) ...
Selecting previously unselected package librtmp1:amd64.
Preparing to unpack .../020-librtmp1_2.4+20151223.gitfa8646d.1-2_amd64.deb ...
Unpacking librtmp1:amd64 (2.4+20151223.gitfa8646d.1-2) ...
Selecting previously unselected package libssh2-1:amd64.
Preparing to unpack .../021-libssh2-1_1.8.0-2_amd64.deb ...
Unpacking libssh2-1:amd64 (1.8.0-2) ...
Selecting previously unselected package libcurl4:amd64.
Preparing to unpack .../022-libcurl4_7.64.0-1_amd64.deb ...
Unpacking libcurl4:amd64 (7.64.0-1) ...
Selecting previously unselected package libjsoncpp1:amd64.
Preparing to unpack .../023-libjsoncpp1_1.7.4-3_amd64.deb ...
Unpacking libjsoncpp1:amd64 (1.7.4-3) ...
Selecting previously unselected package librhash0:amd64.
Preparing to unpack .../024-librhash0_1.3.8-1_amd64.deb ...
Unpacking librhash0:amd64 (1.3.8-1) ...
Selecting previously unselected package libuv1:amd64.
Preparing to unpack .../025-libuv1_1.24.1-1_amd64.deb ...
Unpacking libuv1:amd64 (1.24.1-1) ...
Selecting previously unselected package cmake.
Preparing to unpack .../026-cmake_3.13.4-1_amd64.deb ...
Unpacking cmake (3.13.4-1) ...
Selecting previously unselected package libtool.
Preparing to unpack .../027-libtool_2.4.6-10_all.deb ...
Unpacking libtool (2.4.6-10) ...
Selecting previously unselected package dh-autoreconf.
Preparing to unpack .../028-dh-autoreconf_19_all.deb ...
Unpacking dh-autoreconf (19) ...
Selecting previously unselected package libarchive-zip-perl.
Preparing to unpack .../029-libarchive-zip-perl_1.64-1_all.deb ...
Unpacking libarchive-zip-perl (1.64-1) ...
Selecting previously unselected package libfile-stripnondeterminism-perl.
Preparing to unpack .../030-libfile-stripnondeterminism-perl_1.1.1-1_all.deb ...
Unpacking libfile-stripnondeterminism-perl (1.1.1-1) ...
Selecting previously unselected package dh-strip-nondeterminism.
Preparing to unpack .../031-dh-strip-nondeterminism_1.1.1-1_all.deb ...
Unpacking dh-strip-nondeterminism (1.1.1-1) ...
Selecting previously unselected package libelf1:amd64.
Preparing to unpack .../032-libelf1_0.176-1_amd64.deb ...
Unpacking libelf1:amd64 (0.176-1) ...
Selecting previously unselected package dwz.
Preparing to unpack .../033-dwz_0.12-3_amd64.deb ...
Unpacking dwz (0.12-3) ...
Selecting previously unselected package libglib2.0-0:amd64.
Preparing to unpack .../034-libglib2.0-0_2.58.3-1_amd64.deb ...
Unpacking libglib2.0-0:amd64 (2.58.3-1) ...
Selecting previously unselected package libcroco3:amd64.
Preparing to unpack .../035-libcroco3_0.6.12-3_amd64.deb ...
Unpacking libcroco3:amd64 (0.6.12-3) ...
Selecting previously unselected package gettext.
Preparing to unpack .../036-gettext_0.19.8.1-9_amd64.deb ...
Unpacking gettext (0.19.8.1-9) ...
Selecting previously unselected package intltool-debian.
Preparing to unpack .../037-intltool-debian_0.35.0+20060710.5_all.deb ...
Unpacking intltool-debian (0.35.0+20060710.5) ...
Selecting previously unselected package po-debconf.
Preparing to unpack .../038-po-debconf_1.0.21_all.deb ...
Unpacking po-debconf (1.0.21) ...
Selecting previously unselected package debhelper.
Preparing to unpack .../039-debhelper_12.1.1_all.deb ...
Unpacking debhelper (12.1.1) ...
Selecting previously unselected package libpng16-16:amd64.
Preparing to unpack .../040-libpng16-16_1.6.36-5_amd64.deb ...
Unpacking libpng16-16:amd64 (1.6.36-5) ...
Selecting previously unselected package libfreetype6:amd64.
Preparing to unpack .../041-libfreetype6_2.9.1-3_amd64.deb ...
Unpacking libfreetype6:amd64 (2.9.1-3) ...
Selecting previously unselected package fonts-dejavu-core.
Preparing to unpack .../042-fonts-dejavu-core_2.37-1_all.deb ...
Unpacking fonts-dejavu-core (2.37-1) ...
Selecting previously unselected package fontconfig-config.
Preparing to unpack .../043-fontconfig-config_2.13.1-2_all.deb ...
Unpacking fontconfig-config (2.13.1-2) ...
Selecting previously unselected package libfontconfig1:amd64.
Preparing to unpack .../044-libfontconfig1_2.13.1-2_amd64.deb ...
Unpacking libfontconfig1:amd64 (2.13.1-2) ...
Selecting previously unselected package fontconfig.
Preparing to unpack .../045-fontconfig_2.13.1-2_amd64.deb ...
Unpacking fontconfig (2.13.1-2) ...
Selecting previously unselected package libstdc++6:armhf.
Preparing to unpack .../046-libstdc++6_8.3.0-2_armhf.deb ...
Unpacking libstdc++6:armhf (8.3.0-2) ...
Selecting previously unselected package libasan5:armhf.
Preparing to unpack .../047-libasan5_8.3.0-2_armhf.deb ...
Unpacking libasan5:armhf (8.3.0-2) ...
Selecting previously unselected package libatomic1:armhf.
Preparing to unpack .../048-libatomic1_8.3.0-2_armhf.deb ...
Unpacking libatomic1:armhf (8.3.0-2) ...
Selecting previously unselected package libxau6:armhf.
Preparing to unpack .../049-libxau6_1%3a1.0.8-1+b2_armhf.deb ...
Unpacking libxau6:armhf (1:1.0.8-1+b2) ...
Selecting previously unselected package libbsd0:armhf.
Preparing to unpack .../050-libbsd0_0.9.1-2_armhf.deb ...
Unpacking libbsd0:armhf (0.9.1-2) ...
Selecting previously unselected package x11-common.
Preparing to unpack .../051-x11-common_1%3a7.7+19_all.deb ...
Unpacking x11-common (1:7.7+19) ...
Selecting previously unselected package libice6:armhf.
Preparing to unpack .../052-libice6_2%3a1.0.9-2_armhf.deb ...
Unpacking libice6:armhf (2:1.0.9-2) ...
Selecting previously unselected package libuuid1:armhf.
Preparing to unpack .../053-libuuid1_2.33.1-0.1_armhf.deb ...
Unpacking libuuid1:armhf (2.33.1-0.1) ...
Selecting previously unselected package libsm6:armhf.
Preparing to unpack .../054-libsm6_2%3a1.2.3-1_armhf.deb ...
Unpacking libsm6:armhf (2:1.2.3-1) ...
Selecting previously unselected package libxdmcp6:armhf.
Preparing to unpack .../055-libxdmcp6_1%3a1.1.2-3_armhf.deb ...
Unpacking libxdmcp6:armhf (1:1.1.2-3) ...
Selecting previously unselected package libxcb1:armhf.
Preparing to unpack .../056-libxcb1_1.13.1-2_armhf.deb ...
Unpacking libxcb1:armhf (1.13.1-2) ...
Selecting previously unselected package libx11-data.
Preparing to unpack .../057-libx11-data_2%3a1.6.7-1_all.deb ...
Unpacking libx11-data (2:1.6.7-1) ...
Selecting previously unselected package libx11-6:armhf.
Preparing to unpack .../058-libx11-6_2%3a1.6.7-1_armhf.deb ...
Unpacking libx11-6:armhf (2:1.6.7-1) ...
Selecting previously unselected package libxt6:armhf.
Preparing to unpack .../059-libxt6_1%3a1.1.5-1_armhf.deb ...
Unpacking libxt6:armhf (1:1.1.5-1) ...
Selecting previously unselected package libaudio2:armhf.
Preparing to unpack .../060-libaudio2_1.9.4-6_armhf.deb ...
Unpacking libaudio2:armhf (1.9.4-6) ...
Selecting previously unselected package libblkid1:armhf.
Preparing to unpack .../061-libblkid1_2.33.1-0.1_armhf.deb ...
Unpacking libblkid1:armhf (2.33.1-0.1) ...
Selecting previously unselected package linux-libc-dev:armhf.
Preparing to unpack .../062-linux-libc-dev_4.19.20-1_armhf.deb ...
Unpacking linux-libc-dev:armhf (4.19.20-1) ...
Selecting previously unselected package libc6-dev:armhf.
Preparing to unpack .../063-libc6-dev_2.28-7_armhf.deb ...
Unpacking libc6-dev:armhf (2.28-7) ...
Selecting previously unselected package libdbus-1-3:armhf.
Preparing to unpack .../064-libdbus-1-3_1.12.12-1_armhf.deb ...
Unpacking libdbus-1-3:armhf (1.12.12-1) ...
Selecting previously unselected package libexpat1:armhf.
Preparing to unpack .../065-libexpat1_2.2.6-1_armhf.deb ...
Unpacking libexpat1:armhf (2.2.6-1) ...
Selecting previously unselected package libffi6:armhf.
Preparing to unpack .../066-libffi6_3.2.1-9_armhf.deb ...
Unpacking libffi6:armhf (3.2.1-9) ...
Selecting previously unselected package zlib1g:armhf.
Preparing to unpack .../067-zlib1g_1%3a1.2.11.dfsg-1_armhf.deb ...
Unpacking zlib1g:armhf (1:1.2.11.dfsg-1) ...
Selecting previously unselected package libpng16-16:armhf.
Preparing to unpack .../068-libpng16-16_1.6.36-5_armhf.deb ...
Unpacking libpng16-16:armhf (1.6.36-5) ...
Selecting previously unselected package libfreetype6:armhf.
Preparing to unpack .../069-libfreetype6_2.9.1-3_armhf.deb ...
Unpacking libfreetype6:armhf (2.9.1-3) ...
Selecting previously unselected package libfontconfig1:armhf.
Preparing to unpack .../070-libfontconfig1_2.13.1-2_armhf.deb ...
Unpacking libfontconfig1:armhf (2.13.1-2) ...
Selecting previously unselected package libgomp1:armhf.
Preparing to unpack .../071-libgomp1_8.3.0-2_armhf.deb ...
Unpacking libgomp1:armhf (8.3.0-2) ...
Selecting previously unselected package libubsan1:armhf.
Preparing to unpack .../072-libubsan1_8.3.0-2_armhf.deb ...
Unpacking libubsan1:armhf (8.3.0-2) ...
Selecting previously unselected package libgcc-8-dev:armhf.
Preparing to unpack .../073-libgcc-8-dev_8.3.0-2_armhf.deb ...
Unpacking libgcc-8-dev:armhf (8.3.0-2) ...
Selecting previously unselected package libpcre3:armhf.
Preparing to unpack .../074-libpcre3_2%3a8.39-11_armhf.deb ...
Unpacking libpcre3:armhf (2:8.39-11) ...
Selecting previously unselected package libselinux1:armhf.
Preparing to unpack .../075-libselinux1_2.8-1+b1_armhf.deb ...
Unpacking libselinux1:armhf (2.8-1+b1) ...
Selecting previously unselected package libmount1:armhf.
Preparing to unpack .../076-libmount1_2.33.1-0.1_armhf.deb ...
Unpacking libmount1:armhf (2.33.1-0.1) ...
Selecting previously unselected package libglib2.0-0:armhf.
Preparing to unpack .../077-libglib2.0-0_2.58.3-1_armhf.deb ...
Unpacking libglib2.0-0:armhf (2.58.3-1) ...
Selecting previously unselected package libjbig0:armhf.
Preparing to unpack .../078-libjbig0_2.1-3.1+b2_armhf.deb ...
Unpacking libjbig0:armhf (2.1-3.1+b2) ...
Selecting previously unselected package libjpeg62-turbo:armhf.
Preparing to unpack .../079-libjpeg62-turbo_1%3a1.5.2-2+b1_armhf.deb ...
Unpacking libjpeg62-turbo:armhf (1:1.5.2-2+b1) ...
Selecting previously unselected package liblcms2-2:armhf.
Preparing to unpack .../080-liblcms2-2_2.9-3_armhf.deb ...
Unpacking liblcms2-2:armhf (2.9-3) ...
Selecting previously unselected package libmng1:armhf.
Preparing to unpack .../081-libmng1_1.0.10+dfsg-3.1+b5_armhf.deb ...
Unpacking libmng1:armhf (1.0.10+dfsg-3.1+b5) ...
Selecting previously unselected package qtcore4-l10n.
Preparing to unpack .../082-qtcore4-l10n_4%3a4.8.7+dfsg-17_all.deb ...
Unpacking qtcore4-l10n (4:4.8.7+dfsg-17) ...
Selecting previously unselected package libqtcore4:armhf.
Preparing to unpack .../083-libqtcore4_4%3a4.8.7+dfsg-17+b1_armhf.deb ...
Unpacking libqtcore4:armhf (4:4.8.7+dfsg-17+b1) ...
Selecting previously unselected package libqt4-xml:armhf.
Preparing to unpack .../084-libqt4-xml_4%3a4.8.7+dfsg-17+b1_armhf.deb ...
Unpacking libqt4-xml:armhf (4:4.8.7+dfsg-17+b1) ...
Selecting previously unselected package libqtdbus4:armhf.
Preparing to unpack .../085-libqtdbus4_4%3a4.8.7+dfsg-17+b1_armhf.deb ...
Unpacking libqtdbus4:armhf (4:4.8.7+dfsg-17+b1) ...
Selecting previously unselected package qtchooser.
Preparing to unpack .../086-qtchooser_66-1_amd64.deb ...
Unpacking qtchooser (66-1) ...
Selecting previously unselected package qdbus:armhf.
Preparing to unpack .../087-qdbus_4%3a4.8.7+dfsg-17+b1_armhf.deb ...
Unpacking qdbus:armhf (4:4.8.7+dfsg-17+b1) ...
Selecting previously unselected package libqt4-dbus:armhf.
Preparing to unpack .../088-libqt4-dbus_4%3a4.8.7+dfsg-17+b1_armhf.deb ...
Unpacking libqt4-dbus:armhf (4:4.8.7+dfsg-17+b1) ...
Selecting previously unselected package libqt4-network:armhf.
Preparing to unpack .../089-libqt4-network_4%3a4.8.7+dfsg-17+b1_armhf.deb ...
Unpacking libqt4-network:armhf (4:4.8.7+dfsg-17+b1) ...
Selecting previously unselected package libqt4-script:armhf.
Preparing to unpack .../090-libqt4-script_4%3a4.8.7+dfsg-17+b1_armhf.deb ...
Unpacking libqt4-script:armhf (4:4.8.7+dfsg-17+b1) ...
Selecting previously unselected package libqt4-sql:armhf.
Preparing to unpack .../091-libqt4-sql_4%3a4.8.7+dfsg-17+b1_armhf.deb ...
Unpacking libqt4-sql:armhf (4:4.8.7+dfsg-17+b1) ...
Selecting previously unselected package libqt4-xmlpatterns:armhf.
Preparing to unpack .../092-libqt4-xmlpatterns_4%3a4.8.7+dfsg-17+b1_armhf.deb ...
Unpacking libqt4-xmlpatterns:armhf (4:4.8.7+dfsg-17+b1) ...
Selecting previously unselected package libwebp6:armhf.
Preparing to unpack .../093-libwebp6_0.6.1-2_armhf.deb ...
Unpacking libwebp6:armhf (0.6.1-2) ...
Selecting previously unselected package libzstd1:armhf.
Preparing to unpack .../094-libzstd1_1.3.8+dfsg-3_armhf.deb ...
Unpacking libzstd1:armhf (1.3.8+dfsg-3) ...
Selecting previously unselected package libtiff5:armhf.
Preparing to unpack .../095-libtiff5_4.0.10-4_armhf.deb ...
Unpacking libtiff5:armhf (4.0.10-4) ...
Selecting previously unselected package libxext6:armhf.
Preparing to unpack .../096-libxext6_2%3a1.3.3-1+b2_armhf.deb ...
Unpacking libxext6:armhf (2:1.3.3-1+b2) ...
Selecting previously unselected package libxrender1:armhf.
Preparing to unpack .../097-libxrender1_1%3a0.9.10-1_armhf.deb ...
Unpacking libxrender1:armhf (1:0.9.10-1) ...
Selecting previously unselected package libqtgui4:armhf.
Preparing to unpack .../098-libqtgui4_4%3a4.8.7+dfsg-17+b1_armhf.deb ...
Unpacking libqtgui4:armhf (4:4.8.7+dfsg-17+b1) ...
Selecting previously unselected package libqt4-declarative:armhf.
Preparing to unpack .../099-libqt4-declarative_4%3a4.8.7+dfsg-17+b1_armhf.deb ...
Unpacking libqt4-declarative:armhf (4:4.8.7+dfsg-17+b1) ...
Selecting previously unselected package libqt4-designer:armhf.
Preparing to unpack .../100-libqt4-designer_4%3a4.8.7+dfsg-17+b1_armhf.deb ...
Unpacking libqt4-designer:armhf (4:4.8.7+dfsg-17+b1) ...
Selecting previously unselected package libqt4-qt3support:armhf.
Preparing to unpack .../101-libqt4-qt3support_4%3a4.8.7+dfsg-17+b1_armhf.deb ...
Unpacking libqt4-qt3support:armhf (4:4.8.7+dfsg-17+b1) ...
Selecting previously unselected package libqt4-dev-bin:armhf.
Preparing to unpack .../102-libqt4-dev-bin_4%3a4.8.7+dfsg-17+b1_armhf.deb ...
Unpacking libqt4-dev-bin:armhf (4:4.8.7+dfsg-17+b1) ...
Selecting previously unselected package libqt4-help:armhf.
Preparing to unpack .../103-libqt4-help_4%3a4.8.7+dfsg-17+b1_armhf.deb ...
Unpacking libqt4-help:armhf (4:4.8.7+dfsg-17+b1) ...
Selecting previously unselected package libqt4-scripttools:armhf.
Preparing to unpack .../104-libqt4-scripttools_4%3a4.8.7+dfsg-17+b1_armhf.deb ...
Unpacking libqt4-scripttools:armhf (4:4.8.7+dfsg-17+b1) ...
Selecting previously unselected package libqt4-svg:armhf.
Preparing to unpack .../105-libqt4-svg_4%3a4.8.7+dfsg-17+b1_armhf.deb ...
Unpacking libqt4-svg:armhf (4:4.8.7+dfsg-17+b1) ...
Selecting previously unselected package libqt4-test:armhf.
Preparing to unpack .../106-libqt4-test_4%3a4.8.7+dfsg-17+b1_armhf.deb ...
Unpacking libqt4-test:armhf (4:4.8.7+dfsg-17+b1) ...
Selecting previously unselected package qt4-linguist-tools:armhf.
Preparing to unpack .../107-qt4-linguist-tools_4%3a4.8.7+dfsg-17+b1_armhf.deb ...
Unpacking qt4-linguist-tools:armhf (4:4.8.7+dfsg-17+b1) ...
Selecting previously unselected package qt4-qmake:armhf.
Preparing to unpack .../108-qt4-qmake_4%3a4.8.7+dfsg-17+b1_armhf.deb ...
Unpacking qt4-qmake:armhf (4:4.8.7+dfsg-17+b1) ...
Selecting previously unselected package libqt4-dev:armhf.
Preparing to unpack .../109-libqt4-dev_4%3a4.8.7+dfsg-17+b1_armhf.deb ...
Unpacking libqt4-dev:armhf (4:4.8.7+dfsg-17+b1) ...
Selecting previously unselected package libstdc++-8-dev:armhf.
Preparing to unpack .../110-libstdc++-8-dev_8.3.0-2_armhf.deb ...
Unpacking libstdc++-8-dev:armhf (8.3.0-2) ...
Selecting previously unselected package pkg-kde-tools.
Preparing to unpack .../111-pkg-kde-tools_0.15.28_all.deb ...
Unpacking pkg-kde-tools (0.15.28) ...
Selecting previously unselected package sbuild-build-depends-main-dummy:armhf.
Preparing to unpack .../112-sbuild-build-depends-main-dummy_0.invalid.0_armhf.deb ...
Unpacking sbuild-build-depends-main-dummy:armhf (0.invalid.0) ...
Setting up libexpat1:armhf (2.2.6-1) ...
Setting up libpipeline1:amd64 (1.5.1-2) ...
Setting up liblcms2-2:armhf (2.9-3) ...
Setting up libzstd1:armhf (1.3.8+dfsg-3) ...
Setting up libxau6:armhf (1:1.0.8-1+b2) ...
Setting up libkeyutils1:amd64 (1.6-4) ...
Setting up libpsl5:amd64 (0.20.2-2) ...
Setting up mime-support (3.62) ...
Setting up libarchive13:amd64 (3.3.3-4) ...
Setting up libarchive-zip-perl (1.64-1) ...
Setting up libglib2.0-0:amd64 (2.58.3-1) ...
No schema files found: doing nothing.
Setting up libprocps7:amd64 (2:3.3.15-2) ...
Setting up x11-common (1:7.7+19) ...
update-rc.d: warning: start and stop actions are no longer supported; falling back to defaults
invoke-rc.d: could not determine current runlevel
All runlevel operations denied by policy
invoke-rc.d: policy-rc.d denied execution of start.
Setting up libnghttp2-14:amd64 (1.36.0-2) ...
Setting up linux-libc-dev:armhf (4.19.20-1) ...
Setting up gettext-base (0.19.8.1-9) ...
Setting up zlib1g:armhf (1:1.2.11.dfsg-1) ...
Setting up libffi6:armhf (3.2.1-9) ...
Setting up libgomp1:armhf (8.3.0-2) ...
Setting up libjbig0:armhf (2.1-3.1+b2) ...
Setting up libsystemd0:armhf (241-1) ...
Setting up libkrb5support0:amd64 (1.17-2) ...
Setting up libpcre3:armhf (2:8.39-11) ...
Setting up autotools-dev (20180224.1) ...
Setting up libuv1:amd64 (1.24.1-1) ...
Setting up libjpeg62-turbo:armhf (1:1.5.2-2+b1) ...
Setting up libx11-data (2:1.6.7-1) ...
Setting up librtmp1:amd64 (2.4+20151223.gitfa8646d.1-2) ...
Setting up libncurses6:amd64 (6.1+20181013-2) ...
Setting up libdbus-1-3:armhf (1.12.12-1) ...
Setting up libsigsegv2:amd64 (2.12-2) ...
Setting up libpng16-16:amd64 (1.6.36-5) ...
Setting up libpng16-16:armhf (1.6.36-5) ...
Setting up libatomic1:armhf (8.3.0-2) ...
Setting up libuuid1:armhf (2.33.1-0.1) ...
Setting up autopoint (0.19.8.1-9) ...
Setting up libwebp6:armhf (0.6.1-2) ...
Setting up libcroco3:amd64 (0.6.12-3) ...
Setting up fonts-dejavu-core (2.37-1) ...
Setting up libk5crypto3:amd64 (1.17-2) ...
Setting up librhash0:amd64 (1.3.8-1) ...
Setting up libuchardet0:amd64 (0.0.6-3) ...
Setting up procps (2:3.3.15-2) ...
update-alternatives: using /usr/bin/w.procps to provide /usr/bin/w (w) in auto mode
Setting up libc6-dev:armhf (2.28-7) ...
Setting up libssh2-1:amd64 (1.8.0-2) ...
Setting up cmake-data (3.13.4-1) ...
Setting up libkrb5-3:amd64 (1.17-2) ...
Setting up libtiff5:armhf (4.0.10-4) ...
Setting up libmpdec2:amd64 (2.4.2-2) ...
Setting up libbsd0:amd64 (0.9.1-2) ...
Setting up libbsd0:armhf (0.9.1-2) ...
Setting up libelf1:amd64 (0.176-1) ...
Setting up libblkid1:armhf (2.33.1-0.1) ...
Setting up libstdc++6:armhf (8.3.0-2) ...
Setting up qtchooser (66-1) ...
Setting up libjsoncpp1:amd64 (1.7.4-3) ...
Setting up qtcore4-l10n (4:4.8.7+dfsg-17) ...
Setting up libmng1:armhf (1.0.10+dfsg-3.1+b5) ...
Setting up libfile-stripnondeterminism-perl (1.1.1-1) ...
Setting up libice6:armhf (2:1.0.9-2) ...
Setting up libxdmcp6:armhf (1:1.1.2-3) ...
Setting up libpython3.7-stdlib:amd64 (3.7.2-2) ...
Setting up libxcb1:armhf (1.13.1-2) ...
Setting up gettext (0.19.8.1-9) ...
Setting up libtool (2.4.6-10) ...
Setting up fontconfig-config (2.13.1-2) ...
Setting up m4 (1.4.18-2) ...
Setting up intltool-debian (0.35.0+20060710.5) ...
Setting up libselinux1:armhf (2.8-1+b1) ...
Setting up libasan5:armhf (8.3.0-2) ...
Setting up libfreetype6:amd64 (2.9.1-3) ...
Setting up libfreetype6:armhf (2.9.1-3) ...
Setting up bsdmainutils (11.1.2+b1) ...
update-alternatives: using /usr/bin/bsd-write to provide /usr/bin/write (write) in auto mode
update-alternatives: using /usr/bin/bsd-from to provide /usr/bin/from (from) in auto mode
Setting up libgssapi-krb5-2:amd64 (1.17-2) ...
Setting up qt4-qmake:armhf (4:4.8.7+dfsg-17+b1) ...
Setting up autoconf (2.69-11) ...
Setting up libubsan1:armhf (8.3.0-2) ...
Setting up dwz (0.12-3) ...
Setting up groff-base (1.22.4-2) ...
Setting up libmount1:armhf (2.33.1-0.1) ...
Setting up libcurl4:amd64 (7.64.0-1) ...
Setting up libx11-6:armhf (2:1.6.7-1) ...
Setting up libfontconfig1:amd64 (2.13.1-2) ...
Setting up libfontconfig1:armhf (2.13.1-2) ...
Setting up libsm6:armhf (2:1.2.3-1) ...
Setting up libpython3-stdlib:amd64 (3.7.2-1) ...
Setting up automake (1:1.16.1-4) ...
update-alternatives: using /usr/bin/automake-1.16 to provide /usr/bin/automake (automake) in auto mode
Setting up python3.7 (3.7.2-2) ...
Setting up fontconfig (2.13.1-2) ...
Regenerating fonts cache... done.
Setting up libxrender1:armhf (1:0.9.10-1) ...
Setting up libglib2.0-0:armhf (2.58.3-1) ...
/var/lib/dpkg/info/libglib2.0-0:armhf.postinst: 47: /var/lib/dpkg/info/libglib2.0-0:armhf.postinst: /usr/lib/arm-linux-gnueabihf/glib-2.0/glib-compile-schemas: Exec format error
/var/lib/dpkg/info/libglib2.0-0:armhf.postinst: 50: /var/lib/dpkg/info/libglib2.0-0:armhf.postinst: /usr/lib/arm-linux-gnueabihf/glib-2.0/gio-querymodules: Exec format error
Setting up po-debconf (1.0.21) ...
Setting up libxext6:armhf (2:1.3.3-1+b2) ...
Setting up python3 (3.7.2-1) ...
Setting up man-db (2.8.5-2) ...
Not building database; man-db/auto-update is not 'true'.
Setting up libqtcore4:armhf (4:4.8.7+dfsg-17+b1) ...
Setting up pkg-kde-tools (0.15.28) ...
Setting up libxt6:armhf (1:1.1.5-1) ...
Setting up libaudio2:armhf (1.9.4-6) ...
Setting up libgcc-8-dev:armhf (8.3.0-2) ...
Setting up cmake (3.13.4-1) ...
Setting up libstdc++-8-dev:armhf (8.3.0-2) ...
Setting up libqtgui4:armhf (4:4.8.7+dfsg-17+b1) ...
Setting up libqt4-sql:armhf (4:4.8.7+dfsg-17+b1) ...
Setting up libqt4-xml:armhf (4:4.8.7+dfsg-17+b1) ...
Setting up libqt4-test:armhf (4:4.8.7+dfsg-17+b1) ...
Setting up libqt4-svg:armhf (4:4.8.7+dfsg-17+b1) ...
Setting up libqtdbus4:armhf (4:4.8.7+dfsg-17+b1) ...
Setting up libqt4-network:armhf (4:4.8.7+dfsg-17+b1) ...
Setting up qt4-linguist-tools:armhf (4:4.8.7+dfsg-17+b1) ...
Setting up libqt4-help:armhf (4:4.8.7+dfsg-17+b1) ...
Setting up libqt4-xmlpatterns:armhf (4:4.8.7+dfsg-17+b1) ...
Setting up qdbus:armhf (4:4.8.7+dfsg-17+b1) ...
Setting up libqt4-script:armhf (4:4.8.7+dfsg-17+b1) ...
Setting up libqt4-declarative:armhf (4:4.8.7+dfsg-17+b1) ...
Setting up libqt4-designer:armhf (4:4.8.7+dfsg-17+b1) ...
Setting up libqt4-qt3support:armhf (4:4.8.7+dfsg-17+b1) ...
Setting up libqt4-scripttools:armhf (4:4.8.7+dfsg-17+b1) ...
Setting up libqt4-dbus:armhf (4:4.8.7+dfsg-17+b1) ...
Setting up libqt4-dev-bin:armhf (4:4.8.7+dfsg-17+b1) ...
Setting up libqt4-dev:armhf (4:4.8.7+dfsg-17+b1) ...
Setting up debhelper (12.1.1) ...
Setting up dh-autoreconf (19) ...
Setting up dh-strip-nondeterminism (1.1.1-1) ...
Setting up sbuild-build-depends-main-dummy:armhf (0.invalid.0) ...
Processing triggers for libc-bin (2.28-7) ...
Processing triggers for ccache (3.6-1) ...
Updating symlinks in /usr/lib/ccache ...

+------------------------------------------------------------------------------+
| Check architectures                                                          |
+------------------------------------------------------------------------------+

Initial Foreign Architectures: armhf 
Arch check ok (armhf included in any)

+------------------------------------------------------------------------------+
| Build environment                                                            |
+------------------------------------------------------------------------------+

Kernel: Linux 3.16.0-4-amd64 #1 SMP Debian 3.16.51-3 (2017-12-13) amd64 (x86_64)
Toolchain package versions: binutils_2.31.1-14 dpkg-dev_1.19.5 g++-8_8.3.0-2 gcc-8_8.3.0-2 libc6-dev_2.28-7 libstdc++-8-dev_8.3.0-2 libstdc++-8-dev-armhf-cross_8.2.0-20cross1 libstdc++6_8.3.0-2 libstdc++6-armhf-cross_8.2.0-20cross1 linux-libc-dev_4.19.20-1
Package versions: adduser_3.118 apt_1.8.0~rc4 autoconf_2.69-11 automake_1:1.16.1-4 autopoint_0.19.8.1-9 autotools-dev_20180224.1 base-files_10.1 base-passwd_3.5.46 bash_5.0-2 binutils_2.31.1-14 binutils-arm-linux-gnueabihf_2.31.1-14 binutils-common_2.31.1-14 binutils-x86-64-linux-gnu_2.31.1-14 bsdmainutils_11.1.2+b1 bsdutils_1:2.33.1-0.1 build-essential_12.5 bzip2_1.0.6-9 ca-certificates_20190110 ccache_3.6-1 cmake_3.13.4-1 cmake-data_3.13.4-1 coreutils_8.30-2 cpp_4:8.2.0-2 cpp-8_8.3.0-2 cpp-8-arm-linux-gnueabihf_8.2.0-20cross1 cpp-arm-linux-gnueabihf_4:8.2.0-2 cross-config_2.6.15-2 crossbuild-essential-armhf_12.5 dash_0.5.10.2-5 debconf_1.5.71 debhelper_12.1.1 debian-archive-keyring_2018.1 debianutils_4.8.6.1 dh-autoreconf_19 dh-strip-nondeterminism_1.1.1-1 diffutils_1:3.7-2 dirmngr_2.2.12-1 dpkg_1.19.5 dpkg-cross_2.6.15-2 dpkg-dev_1.19.5 dwz_0.12-3 e2fsprogs_1.44.5-1 eatmydata_105-7 fakeroot_1.23-1 fdisk_2.33.1-0.1 file_1:5.35-2 findutils_4.6.0+git+20190209-2 fontconfig_2.13.1-2 fontconfig-config_2.13.1-2 fonts-dejavu-core_2.37-1 g++_4:8.2.0-2 g++-8_8.3.0-2 g++-8-arm-linux-gnueabihf_8.2.0-20cross1 g++-arm-linux-gnueabihf_4:8.2.0-2 gcc_4:8.2.0-2 gcc-8_8.3.0-2 gcc-8-arm-linux-gnueabihf_8.2.0-20cross1 gcc-8-arm-linux-gnueabihf-base_8.2.0-20cross1 gcc-8-base_8.3.0-2 gcc-8-cross-base_8.2.0-20cross1 gcc-arm-linux-gnueabihf_4:8.2.0-2 gettext_0.19.8.1-9 gettext-base_0.19.8.1-9 gnupg_2.2.12-1 gnupg-l10n_2.2.12-1 gnupg-utils_2.2.12-1 gpg_2.2.12-1 gpg-agent_2.2.12-1 gpg-wks-client_2.2.12-1 gpg-wks-server_2.2.12-1 gpgconf_2.2.12-1 gpgsm_2.2.12-1 gpgv_2.2.12-1 grep_3.3-1 groff-base_1.22.4-2 gzip_1.9-3 hostname_3.21 init-system-helpers_1.56+nmu1 intltool-debian_0.35.0+20060710.5 libacl1_2.2.52-5 libapt-pkg5.0_1.8.0~rc4 libarchive-zip-perl_1.64-1 libarchive13_3.3.3-4 libasan5_8.3.0-2 libasan5-armhf-cross_8.2.0-20cross1 libassuan0_2.5.2-1 libatomic1_8.3.0-2 libatomic1-armhf-cross_8.2.0-20cross1 libattr1_1:2.4.47-4 libaudio2_1.9.4-6 libaudit-common_1:2.8.4-2 libaudit1_1:2.8.4-2 libauthen-sasl-perl_2.1600-1 libbinutils_2.31.1-14 libblkid1_2.33.1-0.1 libbsd0_0.9.1-2 libbz2-1.0_1.0.6-9 libc-bin_2.28-7 libc-dev-bin_2.28-7 libc6_2.28-7 libc6-armhf-cross_2.28-4cross1 libc6-dev_2.28-7 libc6-dev-armhf-cross_2.28-4cross1 libcap-ng0_0.7.9-2 libcc1-0_8.3.0-2 libcom-err2_1.44.5-1 libconfig-auto-perl_0.44-1 libconfig-inifiles-perl_3.000001-1 libcroco3_0.6.12-3 libcurl4_7.64.0-1 libdata-dump-perl_1.23-1 libdb5.3_5.3.28+dfsg1-0.5 libdbus-1-3_1.12.12-1 libdebconfclient0_0.247 libdebian-dpkgcross-perl_2.6.15-2 libdpkg-perl_1.19.5 libeatmydata1_105-7 libelf1_0.176-1 libencode-locale-perl_1.05-1 libexpat1_2.2.6-1 libext2fs2_1.44.5-1 libfakeroot_1.23-1 libfdisk1_2.33.1-0.1 libffi6_3.2.1-9 libfile-homedir-perl_1.004-1 libfile-listing-perl_6.04-1 libfile-stripnondeterminism-perl_1.1.1-1 libfile-which-perl_1.23-1 libfont-afm-perl_1.20-2 libfontconfig1_2.13.1-2 libfreetype6_2.9.1-3 libgcc-8-dev_8.3.0-2 libgcc-8-dev-armhf-cross_8.2.0-20cross1 libgcc1_1:8.3.0-2 libgcc1-armhf-cross_1:8.2.0-20cross1 libgcrypt20_1.8.4-5 libgdbm-compat4_1.18.1-3 libgdbm6_1.18.1-3 libglib2.0-0_2.58.3-1 libgmp10_2:6.1.2+dfsg-4 libgnutls30_3.6.6-2 libgomp1_8.3.0-2 libgomp1-armhf-cross_8.2.0-20cross1 libgpg-error0_1.35-1 libgssapi-krb5-2_1.17-2 libhogweed4_3.4.1-1 libhtml-form-perl_6.03-1 libhtml-format-perl_2.12-1 libhtml-parser-perl_3.72-3+b3 libhtml-tagset-perl_3.20-3 libhtml-tree-perl_5.07-2 libhttp-cookies-perl_6.04-1 libhttp-daemon-perl_6.01-1 libhttp-date-perl_6.02-1 libhttp-message-perl_6.18-1 libhttp-negotiate-perl_6.01-1 libice6_2:1.0.9-2 libicu63_63.1-6 libidn2-0_2.0.5-1 libio-html-perl_1.001-1 libio-socket-ssl-perl_2.060-3 libio-string-perl_1.08-3 libisl19_0.20-2 libitm1_8.3.0-2 libjbig0_2.1-3.1+b2 libjpeg62-turbo_1:1.5.2-2+b1 libjsoncpp1_1.7.4-3 libk5crypto3_1.17-2 libkeyutils1_1.6-4 libkrb5-3_1.17-2 libkrb5support0_1.17-2 libksba8_1.3.5-2 liblcms2-2_2.9-3 libldap-2.4-2_2.4.47+dfsg-3 libldap-common_2.4.47+dfsg-3 liblocale-gettext-perl_1.07-3+b4 liblsan0_8.3.0-2 liblwp-mediatypes-perl_6.02-1 liblwp-protocol-https-perl_6.07-2 liblz4-1_1.8.3-1 liblzma5_5.2.4-1 libmagic-mgc_1:5.35-2 libmagic1_1:5.35-2 libmailtools-perl_2.18-1 libmng1_1.0.10+dfsg-3.1+b5 libmount1_2.33.1-0.1 libmpc3_1.1.0-1 libmpdec2_2.4.2-2 libmpfr6_4.0.2-1 libmpx2_8.3.0-2 libncurses6_6.1+20181013-2 libncursesw6_6.1+20181013-2 libnet-http-perl_6.18-1 libnet-smtp-ssl-perl_1.04-1 libnet-ssleay-perl_1.85-2+b1 libnettle6_3.4.1-1 libnghttp2-14_1.36.0-2 libnpth0_1.6-1 libp11-kit0_0.23.15-2 libpam-modules_1.3.1-5 libpam-modules-bin_1.3.1-5 libpam-runtime_1.3.1-5 libpam0g_1.3.1-5 libpcre3_2:8.39-11 libperl5.28_5.28.1-4 libpipeline1_1.5.1-2 libpng16-16_1.6.36-5 libprocps7_2:3.3.15-2 libpsl5_0.20.2-2 libpython3-stdlib_3.7.2-1 libpython3.7-minimal_3.7.2-2 libpython3.7-stdlib_3.7.2-2 libqt4-dbus_4:4.8.7+dfsg-17+b1 libqt4-declarative_4:4.8.7+dfsg-17+b1 libqt4-designer_4:4.8.7+dfsg-17+b1 libqt4-dev_4:4.8.7+dfsg-17+b1 libqt4-dev-bin_4:4.8.7+dfsg-17+b1 libqt4-help_4:4.8.7+dfsg-17+b1 libqt4-network_4:4.8.7+dfsg-17+b1 libqt4-qt3support_4:4.8.7+dfsg-17+b1 libqt4-script_4:4.8.7+dfsg-17+b1 libqt4-scripttools_4:4.8.7+dfsg-17+b1 libqt4-sql_4:4.8.7+dfsg-17+b1 libqt4-svg_4:4.8.7+dfsg-17+b1 libqt4-test_4:4.8.7+dfsg-17+b1 libqt4-xml_4:4.8.7+dfsg-17+b1 libqt4-xmlpatterns_4:4.8.7+dfsg-17+b1 libqtcore4_4:4.8.7+dfsg-17+b1 libqtdbus4_4:4.8.7+dfsg-17+b1 libqtgui4_4:4.8.7+dfsg-17+b1 libquadmath0_8.3.0-2 libreadline7_7.0-5 librhash0_1.3.8-1 librtmp1_2.4+20151223.gitfa8646d.1-2 libsasl2-2_2.1.27+dfsg-1 libsasl2-modules-db_2.1.27+dfsg-1 libseccomp2_2.3.3-4 libselinux1_2.8-1+b1 libsemanage-common_2.8-2 libsemanage1_2.8-2 libsepol1_2.8-1 libsigsegv2_2.12-2 libsm6_2:1.2.3-1 libsmartcols1_2.33.1-0.1 libsqlite3-0_3.27.2-1 libss2_1.44.5-1 libssh2-1_1.8.0-2 libssl1.1_1.1.1b-1 libstdc++-8-dev_8.3.0-2 libstdc++-8-dev-armhf-cross_8.2.0-20cross1 libstdc++6_8.3.0-2 libstdc++6-armhf-cross_8.2.0-20cross1 libsystemd0_241-1 libtasn1-6_4.13-3 libtiff5_4.0.10-4 libtimedate-perl_2.3000-2 libtinfo6_6.1+20181013-2 libtool_2.4.6-10 libtry-tiny-perl_0.30-1 libtsan0_8.3.0-2 libubsan1_8.3.0-2 libubsan1-armhf-cross_8.2.0-20cross1 libuchardet0_0.0.6-3 libudev1_241-1 libunistring2_0.9.10-1 liburi-perl_1.76-1 libuuid1_2.33.1-0.1 libuv1_1.24.1-1 libwebp6_0.6.1-2 libwww-perl_6.36-1 libwww-robotrules-perl_6.02-1 libx11-6_2:1.6.7-1 libx11-data_2:1.6.7-1 libxau6_1:1.0.8-1+b2 libxcb1_1.13.1-2 libxdmcp6_1:1.1.2-3 libxext6_2:1.3.3-1+b2 libxml-libxml-perl_2.0134+dfsg-1 libxml-namespacesupport-perl_1.12-1 libxml-parser-perl_2.44-3 libxml-sax-base-perl_1.09-1 libxml-sax-expat-perl_0.51-1 libxml-sax-perl_1.00+dfsg-1 libxml-simple-perl_2.25-1 libxml2_2.9.4+dfsg1-7+b3 libxrender1_1:0.9.10-1 libxt6_1:1.1.5-1 libyaml-0-2_0.2.1-1 libyaml-libyaml-perl_0.76+repack-1 libyaml-perl_1.27-1 libzstd1_1.3.8+dfsg-3 linux-libc-dev_4.19.20-1 linux-libc-dev-armhf-cross_4.19.13-1cross1 login_1:4.5-1.1 lsb-base_10.2018112800 m4_1.4.18-2 make_4.2.1-1.2 man-db_2.8.5-2 mawk_1.3.3-17+b3 mime-support_3.62 mount_2.33.1-0.1 ncurses-base_6.1+20181013-2 ncurses-bin_6.1+20181013-2 netbase_5.6 openssl_1.1.1b-1 passwd_1:4.5-1.1 patch_2.7.6-3 perl_5.28.1-4 perl-base_5.28.1-4 perl-modules-5.28_5.28.1-4 perl-openssl-defaults_3 pinentry-curses_1.1.0-1+b1 pkg-kde-tools_0.15.28 po-debconf_1.0.21 procps_2:3.3.15-2 python3_3.7.2-1 python3-minimal_3.7.2-1 python3.7_3.7.2-2 python3.7-minimal_3.7.2-2 qdbus_4:4.8.7+dfsg-17+b1 qt4-linguist-tools_4:4.8.7+dfsg-17+b1 qt4-qmake_4:4.8.7+dfsg-17+b1 qtchooser_66-1 qtcore4-l10n_4:4.8.7+dfsg-17 readline-common_7.0-5 sbuild-build-depends-main-dummy_0.invalid.0 sed_4.7-1 sensible-utils_0.0.12 sysvinit-utils_2.93-8 tar_1.30+dfsg-5 tzdata_2018i-1 ucf_3.0038+nmu1 util-linux_2.33.1-0.1 uuid-runtime_2.33.1-0.1 x11-common_1:7.7+19 xz-utils_5.2.4-1 zlib1g_1:1.2.11.dfsg-1

+------------------------------------------------------------------------------+
| Build                                                                        |
+------------------------------------------------------------------------------+


Unpack source
-------------

-----BEGIN PGP SIGNED MESSAGE-----
Hash: SHA256

Format: 3.0 (quilt)
Source: attica
Binary: libattica-dev, libattica0.4, libattica-dbg
Architecture: any
Version: 0.4.2-2
Maintainer: Debian Krap Maintainers <debian-qt-kde@lists.debian.org>
Uploaders: Pino Toscano <pino@debian.org>
Homepage: https://projects.kde.org/attica
Standards-Version: 3.9.4
Vcs-Browser: http://anonscm.debian.org/gitweb/?p=pkg-kde/krap/attica.git
Vcs-Git: git://anonscm.debian.org/pkg-kde/krap/attica.git
Build-Depends: debhelper (>= 9), cmake (>= 2.8.5), libqt4-dev (>= 4:4.7), pkg-kde-tools (>= 0.6)
Package-List:
 libattica-dbg deb debug extra arch=any
 libattica-dev deb libdevel optional arch=any
 libattica0.4 deb libs optional arch=any
Checksums-Sha1:
 5ae4adcb99db839902b70afd3d1cc7fd471bacd7 57093 attica_0.4.2.orig.tar.bz2
 0f969ba80a05d6d39c4af49b402c6dfbc08acd35 11756 attica_0.4.2-2.debian.tar.xz
Checksums-Sha256:
 3b9c53770862c0b21b7af7ea15951c35831126022bb8d052760d9cf8bd7ee4f8 57093 attica_0.4.2.orig.tar.bz2
 86bfbe494c17594031c88571f7250c817be00bd284129d499025be91ac4df2c6 11756 attica_0.4.2-2.debian.tar.xz
Files:
 d62c5c9489a68432e8d990dde7680c24 57093 attica_0.4.2.orig.tar.bz2
 71da78348fae84958302d386b62b7943 11756 attica_0.4.2-2.debian.tar.xz

-----BEGIN PGP SIGNATURE-----
Version: GnuPG v1

iQIcBAEBCAAGBQJVw3ASAAoJEMcZdpmymyMqMbQP/1LUSF8GJPPCHoZk5eyseFwX
y4jYYUJmXJD+pidi+Nxyw3O7DbmfUf8kvTXIGyQ7uUM6hI3U4ZQHzEjRu2goY03n
s7BUKKpPn9RTjMYqh5Qbprfrlb7YPXeQ4HBN6O3BPJMeKCTBlSLXXrL/5MOaHhyI
/l5pCrpRHDDOpA39a5V0ZuxCWcPKZ6xbZF4diKN8XbrSJ2cHzNJRTe8VigL3yaeL
OgUXfYZSbykrwr4/bvZJ7IqnbHPCy2V5fBArZBGgaEaBboiPF3A4jEOb/rPbfFdK
kwe/qXmbT05BXCPfuE/O/le4RnAWzn2/WUx2DQaxWTSyvohwasi+UdDq7Ryl0pQG
E1baj9of3WvYZxjB2IA2BWd9K9Cp/E51B/b/fIPEknAapmsfrOmwC2Hcke70g9Vn
6ThE40gux6uZmdyFccVwq8/hoXXhfxbkqgnNKgzWHIvgIdXLlf3oTU7/X5qCq/wg
RGZ79e0dGPngHRyzRK+AXjX1OIuGrIZnNspK9XjtK7y9i5HfYjL2WCjaxb75pZZ7
AFv0E3+V/IpIvuEsyzgRNn6NRFhzgAPWbFQmCnnZDlojn3LhnCt2QbblMyQ5iQ6W
Pue7aYQd9zECIP70W6p6lrjPh6qZOP7XrSWbxGoA3ouavobMtQc88p6QXDLPC8uZ
eCgdCtOWZQ1KdLjlKWTD
=dGC1
-----END PGP SIGNATURE-----

gpgv: unknown type of key resource 'trustedkeys.kbx'
gpgv: keyblock resource '/sbuild-nonexistent/.gnupg/trustedkeys.kbx': General error
gpgv: Signature made Thu Aug  6 14:32:50 2015 UTC
gpgv:                using RSA key C7197699B29B232A
gpgv: Can't check signature: No public key
dpkg-source: warning: failed to verify signature on ./attica_0.4.2-2.dsc
dpkg-source: info: extracting attica in /<<PKGBUILDDIR>>
dpkg-source: info: unpacking attica_0.4.2.orig.tar.bz2
dpkg-source: info: unpacking attica_0.4.2-2.debian.tar.xz
dpkg-source: info: using patch list from debian/patches/series
dpkg-source: info: applying switch-to-multiarch.patch

Check disk space
----------------

Sufficient free space for build

User Environment
----------------

APT_CONFIG=/var/lib/sbuild/apt.conf
CCACHE_COMPRESS=1
CCACHE_DIR=/var/cache/ccache-sbuild
CCACHE_UMASK=002
CONFIG_SITE=/etc/dpkg-cross/cross-config.armhf
DEB_BUILD_OPTIONS=nocheck
HOME=/sbuild-nonexistent
LANG=en_US.UTF-8
LC_ALL=C.UTF-8
LD_LIBRARY_PATH=/usr/lib/libeatmydata
LD_PRELOAD=libeatmydata.so
LOGNAME=build
PATH=/usr/lib/ccache:/usr/local/sbin:/usr/local/bin:/usr/sbin:/usr/bin:/sbin:/bin:/usr/games
PWD=/<<PKGBUILDDIR>>
SCHROOT_ALIAS_NAME=unstable-amd64-sbuild
SCHROOT_CHROOT_NAME=unstable-amd64-sbuild
SCHROOT_COMMAND=env
SCHROOT_GID=1000
SCHROOT_GROUP=build
SCHROOT_SESSION_ID=unstable-amd64-sbuild-d19bb47d-4638-44e7-abe6-1f7076f868d3
SCHROOT_UID=1000
SCHROOT_USER=build
SHELL=/bin/sh
USER=build

dpkg-buildpackage
-----------------

Command: dpkg-buildpackage -aarmhf -Pcross,nocheck -us -uc -B -rfakeroot -j16
dpkg-buildpackage: info: source package attica
dpkg-buildpackage: info: source version 0.4.2-2
dpkg-buildpackage: info: source distribution unstable
dpkg-buildpackage: info: source changed by Maximiliano Curia <maxy@debian.org>
dpkg-architecture: warning: specified GNU system type arm-linux-gnueabihf does not match CC system type x86_64-linux-gnu, try setting a correct CC environment variable
 dpkg-source --before-build .
dpkg-buildpackage: info: host architecture armhf
 fakeroot debian/rules clean
dh clean --parallel --with pkgkde_symbolshelper
   dh_auto_clean -O--parallel
   dh_clean -O--parallel
 debian/rules build-arch
dh build-arch --parallel --with pkgkde_symbolshelper
   dh_update_autotools_config -a -O--parallel
   debian/rules override_dh_auto_configure
make[1]: Entering directory '/<<PKGBUILDDIR>>'
dh_auto_configure -- -DATTICA_ENABLE_TESTS=OFF
	cd obj-arm-linux-gnueabihf && cmake -DCMAKE_INSTALL_PREFIX=/usr -DCMAKE_BUILD_TYPE=None -DCMAKE_INSTALL_SYSCONFDIR=/etc -DCMAKE_INSTALL_LOCALSTATEDIR=/var -DCMAKE_EXPORT_NO_PACKAGE_REGISTRY=ON -DCMAKE_FIND_PACKAGE_NO_PACKAGE_REGISTRY=ON "-GUnix Makefiles" -DCMAKE_VERBOSE_MAKEFILE=ON -DCMAKE_SYSTEM_NAME=Linux -DCMAKE_SYSTEM_PROCESSOR=arm -DCMAKE_C_COMPILER=arm-linux-gnueabihf-gcc -DCMAKE_CXX_COMPILER=arm-linux-gnueabihf-g\+\+ -DPKG_CONFIG_EXECUTABLE=/usr/bin/arm-linux-gnueabihf-pkg-config -DPKGCONFIG_EXECUTABLE=/usr/bin/arm-linux-gnueabihf-pkg-config -DQMAKE_EXECUTABLE=/usr/bin/arm-linux-gnueabihf-qmake -DCMAKE_INSTALL_LIBDIR=lib/arm-linux-gnueabihf -DATTICA_ENABLE_TESTS=OFF ..
-- The C compiler identification is GNU 8.2.0
-- The CXX compiler identification is GNU 8.2.0
-- Check for working C compiler: /usr/lib/ccache/arm-linux-gnueabihf-gcc
-- Check for working C compiler: /usr/lib/ccache/arm-linux-gnueabihf-gcc -- works
-- Detecting C compiler ABI info
-- Detecting C compiler ABI info - done
-- Detecting C compile features
-- Detecting C compile features - done
-- Check for working CXX compiler: /usr/lib/ccache/arm-linux-gnueabihf-g++
-- Check for working CXX compiler: /usr/lib/ccache/arm-linux-gnueabihf-g++ -- works
-- Detecting CXX compiler ABI info
-- Detecting CXX compiler ABI info - done
-- Detecting CXX compile features
-- Detecting CXX compile features - done
qmake: could not find a Qt installation of ''
/usr/bin/qmake-qt4: 1: /usr/bin/qmake-qt4: Syntax error: word unexpected (expecting ")")
CMake Error at /usr/share/cmake-3.13/Modules/FindQt4.cmake:1313 (message):
  Found unsuitable Qt version "" from NOTFOUND, this code requires Qt 4.x
Call Stack (most recent call first):
  CMakeLists.txt:17 (find_package)


-- Configuring incomplete, errors occurred!
See also "/<<PKGBUILDDIR>>/obj-arm-linux-gnueabihf/CMakeFiles/CMakeOutput.log".
	cd obj-arm-linux-gnueabihf && tail -v -n \+0 CMakeCache.txt
==> CMakeCache.txt <==
# This is the CMakeCache file.
# For build in directory: /<<PKGBUILDDIR>>/obj-arm-linux-gnueabihf
# It was generated by CMake: /usr/bin/cmake
# You can edit this file to change values found and used by cmake.
# If you do not want to change any of the values, simply exit the editor.
# If you do want to change a value, simply edit, save, and exit the editor.
# The syntax for the file is as follows:
# KEY:TYPE=VALUE
# KEY is the name of a variable in the cache.
# TYPE is a hint to GUIs for the type of VALUE, DO NOT EDIT TYPE!.
# VALUE is the current value for the KEY.

########################
# EXTERNAL cache entries
########################

//No help, variable specified on the command line.
ATTICA_ENABLE_TESTS:UNINITIALIZED=OFF

//Path to a program.
CMAKE_AR:FILEPATH=/usr/bin/arm-linux-gnueabihf-ar

//Choose the type of build, options are: None Debug Release RelWithDebInfo
// MinSizeRel ...
CMAKE_BUILD_TYPE:STRING=None

//Enable/Disable color output during build.
CMAKE_COLOR_MAKEFILE:BOOL=ON

//CXX compiler
CMAKE_CXX_COMPILER:STRING=/usr/lib/ccache/arm-linux-gnueabihf-g++

//A wrapper around 'ar' adding the appropriate '--plugin' option
// for the GCC compiler
CMAKE_CXX_COMPILER_AR:FILEPATH=/usr/bin/arm-linux-gnueabihf-gcc-ar-8

//A wrapper around 'ranlib' adding the appropriate '--plugin' option
// for the GCC compiler
CMAKE_CXX_COMPILER_RANLIB:FILEPATH=/usr/bin/arm-linux-gnueabihf-gcc-ranlib-8

//Flags used by the CXX compiler during all build types.
CMAKE_CXX_FLAGS:STRING=-g -O2 -fdebug-prefix-map=/<<PKGBUILDDIR>>=. -fstack-protector-strong -Wformat -Werror=format-security -fvisibility=hidden -fvisibility-inlines-hidden -Wdate-time -D_FORTIFY_SOURCE=2

//Flags used by the CXX compiler during DEBUG builds.
CMAKE_CXX_FLAGS_DEBUG:STRING=-g

//Flags used by the CXX compiler during MINSIZEREL builds.
CMAKE_CXX_FLAGS_MINSIZEREL:STRING=-Os -DNDEBUG

//Flags used by the CXX compiler during NONE builds.
CMAKE_CXX_FLAGS_NONE:STRING=

//Flags used by the CXX compiler during RELEASE builds.
CMAKE_CXX_FLAGS_RELEASE:STRING=-O3 -DNDEBUG

//Flags used by the CXX compiler during RELWITHDEBINFO builds.
CMAKE_CXX_FLAGS_RELWITHDEBINFO:STRING=-O2 -g -DNDEBUG

//C compiler
CMAKE_C_COMPILER:STRING=/usr/lib/ccache/arm-linux-gnueabihf-gcc

//A wrapper around 'ar' adding the appropriate '--plugin' option
// for the GCC compiler
CMAKE_C_COMPILER_AR:FILEPATH=/usr/bin/arm-linux-gnueabihf-gcc-ar-8

//A wrapper around 'ranlib' adding the appropriate '--plugin' option
// for the GCC compiler
CMAKE_C_COMPILER_RANLIB:FILEPATH=/usr/bin/arm-linux-gnueabihf-gcc-ranlib-8

//Flags used by the C compiler during all build types.
CMAKE_C_FLAGS:STRING=-g -O2 -fdebug-prefix-map=/<<PKGBUILDDIR>>=. -fstack-protector-strong -Wformat -Werror=format-security -Wdate-time -D_FORTIFY_SOURCE=2

//Flags used by the C compiler during DEBUG builds.
CMAKE_C_FLAGS_DEBUG:STRING=-g

//Flags used by the C compiler during MINSIZEREL builds.
CMAKE_C_FLAGS_MINSIZEREL:STRING=-Os -DNDEBUG

//Flags used by the C compiler during NONE builds.
CMAKE_C_FLAGS_NONE:STRING=

//Flags used by the C compiler during RELEASE builds.
CMAKE_C_FLAGS_RELEASE:STRING=-O3 -DNDEBUG

//Flags used by the C compiler during RELWITHDEBINFO builds.
CMAKE_C_FLAGS_RELWITHDEBINFO:STRING=-O2 -g -DNDEBUG

//Flags used by the linker during all build types.
CMAKE_EXE_LINKER_FLAGS:STRING=-Wl,-z,relro

//Flags used by the linker during DEBUG builds.
CMAKE_EXE_LINKER_FLAGS_DEBUG:STRING=

//Flags used by the linker during MINSIZEREL builds.
CMAKE_EXE_LINKER_FLAGS_MINSIZEREL:STRING=

//Flags used by the linker during NONE builds.
CMAKE_EXE_LINKER_FLAGS_NONE:STRING=

//Flags used by the linker during RELEASE builds.
CMAKE_EXE_LINKER_FLAGS_RELEASE:STRING=

//Flags used by the linker during RELWITHDEBINFO builds.
CMAKE_EXE_LINKER_FLAGS_RELWITHDEBINFO:STRING=

//Enable/Disable output of compile commands during generation.
CMAKE_EXPORT_COMPILE_COMMANDS:BOOL=OFF

//No help, variable specified on the command line.
CMAKE_EXPORT_NO_PACKAGE_REGISTRY:UNINITIALIZED=ON

//No help, variable specified on the command line.
CMAKE_FIND_PACKAGE_NO_PACKAGE_REGISTRY:UNINITIALIZED=ON

//No help, variable specified on the command line.
CMAKE_INSTALL_LIBDIR:UNINITIALIZED=lib/arm-linux-gnueabihf

//No help, variable specified on the command line.
CMAKE_INSTALL_LOCALSTATEDIR:UNINITIALIZED=/var

//Install path prefix, prepended onto install directories.
CMAKE_INSTALL_PREFIX:PATH=/usr

//No help, variable specified on the command line.
CMAKE_INSTALL_SYSCONFDIR:UNINITIALIZED=/etc

//Path to a program.
CMAKE_LINKER:FILEPATH=/usr/bin/arm-linux-gnueabihf-ld

//Path to a program.
CMAKE_MAKE_PROGRAM:FILEPATH=/usr/bin/make

//Flags used by the linker during the creation of modules during
// all build types.
CMAKE_MODULE_LINKER_FLAGS:STRING=-Wl,-z,relro

//Flags used by the linker during the creation of modules during
// DEBUG builds.
CMAKE_MODULE_LINKER_FLAGS_DEBUG:STRING=

//Flags used by the linker during the creation of modules during
// MINSIZEREL builds.
CMAKE_MODULE_LINKER_FLAGS_MINSIZEREL:STRING=

//Flags used by the linker during the creation of modules during
// NONE builds.
CMAKE_MODULE_LINKER_FLAGS_NONE:STRING=

//Flags used by the linker during the creation of modules during
// RELEASE builds.
CMAKE_MODULE_LINKER_FLAGS_RELEASE:STRING=

//Flags used by the linker during the creation of modules during
// RELWITHDEBINFO builds.
CMAKE_MODULE_LINKER_FLAGS_RELWITHDEBINFO:STRING=

//Path to a program.
CMAKE_NM:FILEPATH=/usr/bin/arm-linux-gnueabihf-nm

//Path to a program.
CMAKE_OBJCOPY:FILEPATH=/usr/bin/arm-linux-gnueabihf-objcopy

//Path to a program.
CMAKE_OBJDUMP:FILEPATH=/usr/bin/arm-linux-gnueabihf-objdump

//Value Computed by CMake
CMAKE_PROJECT_DESCRIPTION:STATIC=

//Value Computed by CMake
CMAKE_PROJECT_HOMEPAGE_URL:STATIC=

//Value Computed by CMake
CMAKE_PROJECT_NAME:STATIC=attica

//Path to a program.
CMAKE_RANLIB:FILEPATH=/usr/bin/arm-linux-gnueabihf-ranlib

//Flags used by the linker during the creation of shared libraries
// during all build types.
CMAKE_SHARED_LINKER_FLAGS:STRING=-Wl,-z,relro

//Flags used by the linker during the creation of shared libraries
// during DEBUG builds.
CMAKE_SHARED_LINKER_FLAGS_DEBUG:STRING=

//Flags used by the linker during the creation of shared libraries
// during MINSIZEREL builds.
CMAKE_SHARED_LINKER_FLAGS_MINSIZEREL:STRING=

//Flags used by the linker during the creation of shared libraries
// during NONE builds.
CMAKE_SHARED_LINKER_FLAGS_NONE:STRING=

//Flags used by the linker during the creation of shared libraries
// during RELEASE builds.
CMAKE_SHARED_LINKER_FLAGS_RELEASE:STRING=

//Flags used by the linker during the creation of shared libraries
// during RELWITHDEBINFO builds.
CMAKE_SHARED_LINKER_FLAGS_RELWITHDEBINFO:STRING=

//If set, runtime paths are not added when installing shared libraries,
// but are added when building.
CMAKE_SKIP_INSTALL_RPATH:BOOL=NO

//If set, runtime paths are not added when using shared libraries.
CMAKE_SKIP_RPATH:BOOL=NO

//Flags used by the linker during the creation of static libraries
// during all build types.
CMAKE_STATIC_LINKER_FLAGS:STRING=

//Flags used by the linker during the creation of static libraries
// during DEBUG builds.
CMAKE_STATIC_LINKER_FLAGS_DEBUG:STRING=

//Flags used by the linker during the creation of static libraries
// during MINSIZEREL builds.
CMAKE_STATIC_LINKER_FLAGS_MINSIZEREL:STRING=

//Flags used by the linker during the creation of static libraries
// during NONE builds.
CMAKE_STATIC_LINKER_FLAGS_NONE:STRING=

//Flags used by the linker during the creation of static libraries
// during RELEASE builds.
CMAKE_STATIC_LINKER_FLAGS_RELEASE:STRING=

//Flags used by the linker during the creation of static libraries
// during RELWITHDEBINFO builds.
CMAKE_STATIC_LINKER_FLAGS_RELWITHDEBINFO:STRING=

//Path to a program.
CMAKE_STRIP:FILEPATH=/usr/bin/arm-linux-gnueabihf-strip

//No help, variable specified on the command line.
CMAKE_SYSTEM_NAME:UNINITIALIZED=Linux

//No help, variable specified on the command line.
CMAKE_SYSTEM_PROCESSOR:UNINITIALIZED=arm

//If this value is on, makefiles will be generated without the
// .SILENT directive, and all commands will be echoed to the console
// during the make.  This is useful for debugging only. With Visual
// Studio IDE projects all commands are done without /nologo.
CMAKE_VERBOSE_MAKEFILE:BOOL=ON

//No help, variable specified on the command line.
PKGCONFIG_EXECUTABLE:UNINITIALIZED=/usr/bin/arm-linux-gnueabihf-pkg-config

//No help, variable specified on the command line.
PKG_CONFIG_EXECUTABLE:UNINITIALIZED=/usr/bin/arm-linux-gnueabihf-pkg-config

//No help, variable specified on the command line.
QMAKE_EXECUTABLE:UNINITIALIZED=/usr/bin/arm-linux-gnueabihf-qmake

//Force building with Qt4 even if Qt5 is found
QT4_BUILD:BOOL=OFF

QT_QMAKE_EXECUTABLE:FILEPATH=NOTFOUND

//The directory containing a CMake configuration file for Qt5Core.
Qt5Core_DIR:PATH=Qt5Core_DIR-NOTFOUND

//Value Computed by CMake
attica_BINARY_DIR:STATIC=/<<PKGBUILDDIR>>/obj-arm-linux-gnueabihf

//Value Computed by CMake
attica_SOURCE_DIR:STATIC=/<<PKGBUILDDIR>>


########################
# INTERNAL cache entries
########################

//ADVANCED property for variable: CMAKE_AR
CMAKE_AR-ADVANCED:INTERNAL=1
//This is the directory where this CMakeCache.txt was created
CMAKE_CACHEFILE_DIR:INTERNAL=/<<PKGBUILDDIR>>/obj-arm-linux-gnueabihf
//Major version of cmake used to create the current loaded cache
CMAKE_CACHE_MAJOR_VERSION:INTERNAL=3
//Minor version of cmake used to create the current loaded cache
CMAKE_CACHE_MINOR_VERSION:INTERNAL=13
//Patch version of cmake used to create the current loaded cache
CMAKE_CACHE_PATCH_VERSION:INTERNAL=4
//ADVANCED property for variable: CMAKE_COLOR_MAKEFILE
CMAKE_COLOR_MAKEFILE-ADVANCED:INTERNAL=1
//Path to CMake executable.
CMAKE_COMMAND:INTERNAL=/usr/bin/cmake
//Path to cpack program executable.
CMAKE_CPACK_COMMAND:INTERNAL=/usr/bin/cpack
//Path to ctest program executable.
CMAKE_CTEST_COMMAND:INTERNAL=/usr/bin/ctest
//ADVANCED property for variable: CMAKE_CXX_COMPILER
CMAKE_CXX_COMPILER-ADVANCED:INTERNAL=1
//ADVANCED property for variable: CMAKE_CXX_COMPILER_AR
CMAKE_CXX_COMPILER_AR-ADVANCED:INTERNAL=1
//ADVANCED property for variable: CMAKE_CXX_COMPILER_RANLIB
CMAKE_CXX_COMPILER_RANLIB-ADVANCED:INTERNAL=1
//ADVANCED property for variable: CMAKE_CXX_FLAGS
CMAKE_CXX_FLAGS-ADVANCED:INTERNAL=1
//ADVANCED property for variable: CMAKE_CXX_FLAGS_DEBUG
CMAKE_CXX_FLAGS_DEBUG-ADVANCED:INTERNAL=1
//ADVANCED property for variable: CMAKE_CXX_FLAGS_MINSIZEREL
CMAKE_CXX_FLAGS_MINSIZEREL-ADVANCED:INTERNAL=1
//ADVANCED property for variable: CMAKE_CXX_FLAGS_NONE
CMAKE_CXX_FLAGS_NONE-ADVANCED:INTERNAL=1
//ADVANCED property for variable: CMAKE_CXX_FLAGS_RELEASE
CMAKE_CXX_FLAGS_RELEASE-ADVANCED:INTERNAL=1
//ADVANCED property for variable: CMAKE_CXX_FLAGS_RELWITHDEBINFO
CMAKE_CXX_FLAGS_RELWITHDEBINFO-ADVANCED:INTERNAL=1
//ADVANCED property for variable: CMAKE_C_COMPILER
CMAKE_C_COMPILER-ADVANCED:INTERNAL=1
//ADVANCED property for variable: CMAKE_C_COMPILER_AR
CMAKE_C_COMPILER_AR-ADVANCED:INTERNAL=1
//ADVANCED property for variable: CMAKE_C_COMPILER_RANLIB
CMAKE_C_COMPILER_RANLIB-ADVANCED:INTERNAL=1
//ADVANCED property for variable: CMAKE_C_FLAGS
CMAKE_C_FLAGS-ADVANCED:INTERNAL=1
//ADVANCED property for variable: CMAKE_C_FLAGS_DEBUG
CMAKE_C_FLAGS_DEBUG-ADVANCED:INTERNAL=1
//ADVANCED property for variable: CMAKE_C_FLAGS_MINSIZEREL
CMAKE_C_FLAGS_MINSIZEREL-ADVANCED:INTERNAL=1
//ADVANCED property for variable: CMAKE_C_FLAGS_NONE
CMAKE_C_FLAGS_NONE-ADVANCED:INTERNAL=1
//ADVANCED property for variable: CMAKE_C_FLAGS_RELEASE
CMAKE_C_FLAGS_RELEASE-ADVANCED:INTERNAL=1
//ADVANCED property for variable: CMAKE_C_FLAGS_RELWITHDEBINFO
CMAKE_C_FLAGS_RELWITHDEBINFO-ADVANCED:INTERNAL=1
//Executable file format
CMAKE_EXECUTABLE_FORMAT:INTERNAL=ELF
//ADVANCED property for variable: CMAKE_EXE_LINKER_FLAGS
CMAKE_EXE_LINKER_FLAGS-ADVANCED:INTERNAL=1
//ADVANCED property for variable: CMAKE_EXE_LINKER_FLAGS_DEBUG
CMAKE_EXE_LINKER_FLAGS_DEBUG-ADVANCED:INTERNAL=1
//ADVANCED property for variable: CMAKE_EXE_LINKER_FLAGS_MINSIZEREL
CMAKE_EXE_LINKER_FLAGS_MINSIZEREL-ADVANCED:INTERNAL=1
//ADVANCED property for variable: CMAKE_EXE_LINKER_FLAGS_NONE
CMAKE_EXE_LINKER_FLAGS_NONE-ADVANCED:INTERNAL=1
//ADVANCED property for variable: CMAKE_EXE_LINKER_FLAGS_RELEASE
CMAKE_EXE_LINKER_FLAGS_RELEASE-ADVANCED:INTERNAL=1
//ADVANCED property for variable: CMAKE_EXE_LINKER_FLAGS_RELWITHDEBINFO
CMAKE_EXE_LINKER_FLAGS_RELWITHDEBINFO-ADVANCED:INTERNAL=1
//ADVANCED property for variable: CMAKE_EXPORT_COMPILE_COMMANDS
CMAKE_EXPORT_COMPILE_COMMANDS-ADVANCED:INTERNAL=1
//Name of external makefile project generator.
CMAKE_EXTRA_GENERATOR:INTERNAL=
//Name of generator.
CMAKE_GENERATOR:INTERNAL=Unix Makefiles
//Generator instance identifier.
CMAKE_GENERATOR_INSTANCE:INTERNAL=
//Name of generator platform.
CMAKE_GENERATOR_PLATFORM:INTERNAL=
//Name of generator toolset.
CMAKE_GENERATOR_TOOLSET:INTERNAL=
//Source directory with the top level CMakeLists.txt file for this
// project
CMAKE_HOME_DIRECTORY:INTERNAL=/<<PKGBUILDDIR>>
//Install .so files without execute permission.
CMAKE_INSTALL_SO_NO_EXE:INTERNAL=1
//ADVANCED property for variable: CMAKE_LINKER
CMAKE_LINKER-ADVANCED:INTERNAL=1
//ADVANCED property for variable: CMAKE_MAKE_PROGRAM
CMAKE_MAKE_PROGRAM-ADVANCED:INTERNAL=1
//ADVANCED property for variable: CMAKE_MODULE_LINKER_FLAGS
CMAKE_MODULE_LINKER_FLAGS-ADVANCED:INTERNAL=1
//ADVANCED property for variable: CMAKE_MODULE_LINKER_FLAGS_DEBUG
CMAKE_MODULE_LINKER_FLAGS_DEBUG-ADVANCED:INTERNAL=1
//ADVANCED property for variable: CMAKE_MODULE_LINKER_FLAGS_MINSIZEREL
CMAKE_MODULE_LINKER_FLAGS_MINSIZEREL-ADVANCED:INTERNAL=1
//ADVANCED property for variable: CMAKE_MODULE_LINKER_FLAGS_NONE
CMAKE_MODULE_LINKER_FLAGS_NONE-ADVANCED:INTERNAL=1
//ADVANCED property for variable: CMAKE_MODULE_LINKER_FLAGS_RELEASE
CMAKE_MODULE_LINKER_FLAGS_RELEASE-ADVANCED:INTERNAL=1
//ADVANCED property for variable: CMAKE_MODULE_LINKER_FLAGS_RELWITHDEBINFO
CMAKE_MODULE_LINKER_FLAGS_RELWITHDEBINFO-ADVANCED:INTERNAL=1
//ADVANCED property for variable: CMAKE_NM
CMAKE_NM-ADVANCED:INTERNAL=1
//number of local generators
CMAKE_NUMBER_OF_MAKEFILES:INTERNAL=1
//ADVANCED property for variable: CMAKE_OBJCOPY
CMAKE_OBJCOPY-ADVANCED:INTERNAL=1
//ADVANCED property for variable: CMAKE_OBJDUMP
CMAKE_OBJDUMP-ADVANCED:INTERNAL=1
//Platform information initialized
CMAKE_PLATFORM_INFO_INITIALIZED:INTERNAL=1
//ADVANCED property for variable: CMAKE_RANLIB
CMAKE_RANLIB-ADVANCED:INTERNAL=1
//Path to CMake installation.
CMAKE_ROOT:INTERNAL=/usr/share/cmake-3.13
//ADVANCED property for variable: CMAKE_SHARED_LINKER_FLAGS
CMAKE_SHARED_LINKER_FLAGS-ADVANCED:INTERNAL=1
//ADVANCED property for variable: CMAKE_SHARED_LINKER_FLAGS_DEBUG
CMAKE_SHARED_LINKER_FLAGS_DEBUG-ADVANCED:INTERNAL=1
//ADVANCED property for variable: CMAKE_SHARED_LINKER_FLAGS_MINSIZEREL
CMAKE_SHARED_LINKER_FLAGS_MINSIZEREL-ADVANCED:INTERNAL=1
//ADVANCED property for variable: CMAKE_SHARED_LINKER_FLAGS_NONE
CMAKE_SHARED_LINKER_FLAGS_NONE-ADVANCED:INTERNAL=1
//ADVANCED property for variable: CMAKE_SHARED_LINKER_FLAGS_RELEASE
CMAKE_SHARED_LINKER_FLAGS_RELEASE-ADVANCED:INTERNAL=1
//ADVANCED property for variable: CMAKE_SHARED_LINKER_FLAGS_RELWITHDEBINFO
CMAKE_SHARED_LINKER_FLAGS_RELWITHDEBINFO-ADVANCED:INTERNAL=1
//ADVANCED property for variable: CMAKE_SKIP_INSTALL_RPATH
CMAKE_SKIP_INSTALL_RPATH-ADVANCED:INTERNAL=1
//ADVANCED property for variable: CMAKE_SKIP_RPATH
CMAKE_SKIP_RPATH-ADVANCED:INTERNAL=1
//ADVANCED property for variable: CMAKE_STATIC_LINKER_FLAGS
CMAKE_STATIC_LINKER_FLAGS-ADVANCED:INTERNAL=1
//ADVANCED property for variable: CMAKE_STATIC_LINKER_FLAGS_DEBUG
CMAKE_STATIC_LINKER_FLAGS_DEBUG-ADVANCED:INTERNAL=1
//ADVANCED property for variable: CMAKE_STATIC_LINKER_FLAGS_MINSIZEREL
CMAKE_STATIC_LINKER_FLAGS_MINSIZEREL-ADVANCED:INTERNAL=1
//ADVANCED property for variable: CMAKE_STATIC_LINKER_FLAGS_NONE
CMAKE_STATIC_LINKER_FLAGS_NONE-ADVANCED:INTERNAL=1
//ADVANCED property for variable: CMAKE_STATIC_LINKER_FLAGS_RELEASE
CMAKE_STATIC_LINKER_FLAGS_RELEASE-ADVANCED:INTERNAL=1
//ADVANCED property for variable: CMAKE_STATIC_LINKER_FLAGS_RELWITHDEBINFO
CMAKE_STATIC_LINKER_FLAGS_RELWITHDEBINFO-ADVANCED:INTERNAL=1
//ADVANCED property for variable: CMAKE_STRIP
CMAKE_STRIP-ADVANCED:INTERNAL=1
//uname command
CMAKE_UNAME:INTERNAL=/bin/uname
//ADVANCED property for variable: CMAKE_VERBOSE_MAKEFILE
CMAKE_VERBOSE_MAKEFILE-ADVANCED:INTERNAL=1

	cd obj-arm-linux-gnueabihf && tail -v -n \+0 CMakeFiles/CMakeOutput.log
==> CMakeFiles/CMakeOutput.log <==
The target system is: Linux -  - arm
The host system is: Linux - 3.16.0-4-amd64 - x86_64
Compiling the C compiler identification source file "CMakeCCompilerId.c" succeeded.
Compiler: /usr/lib/ccache/arm-linux-gnueabihf-gcc 
Build flags: -g;-O2;-fdebug-prefix-map=/<<PKGBUILDDIR>>=.;-fstack-protector-strong;-Wformat;-Werror=format-security;-Wdate-time;-D_FORTIFY_SOURCE=2
Id flags:  

The output was:
0


Compilation of the C compiler identification source "CMakeCCompilerId.c" produced "a.out"

The C compiler identification is GNU, found in "/<<PKGBUILDDIR>>/obj-arm-linux-gnueabihf/CMakeFiles/3.13.4/CompilerIdC/a.out"

Compiling the CXX compiler identification source file "CMakeCXXCompilerId.cpp" succeeded.
Compiler: /usr/lib/ccache/arm-linux-gnueabihf-g++ 
Build flags: -g;-O2;-fdebug-prefix-map=/<<PKGBUILDDIR>>=.;-fstack-protector-strong;-Wformat;-Werror=format-security;-fvisibility=hidden;-fvisibility-inlines-hidden;-Wdate-time;-D_FORTIFY_SOURCE=2
Id flags:  

The output was:
0


Compilation of the CXX compiler identification source "CMakeCXXCompilerId.cpp" produced "a.out"

The CXX compiler identification is GNU, found in "/<<PKGBUILDDIR>>/obj-arm-linux-gnueabihf/CMakeFiles/3.13.4/CompilerIdCXX/a.out"

Determining if the C compiler works passed with the following output:
Change Dir: /<<PKGBUILDDIR>>/obj-arm-linux-gnueabihf/CMakeFiles/CMakeTmp

Run Build Command:"/usr/bin/make" "cmTC_e809d/fast"
make[2]: Entering directory '/<<PKGBUILDDIR>>/obj-arm-linux-gnueabihf/CMakeFiles/CMakeTmp'
/usr/bin/make -f CMakeFiles/cmTC_e809d.dir/build.make CMakeFiles/cmTC_e809d.dir/build
make[3]: Entering directory '/<<PKGBUILDDIR>>/obj-arm-linux-gnueabihf/CMakeFiles/CMakeTmp'
Building C object CMakeFiles/cmTC_e809d.dir/testCCompiler.c.o
/usr/lib/ccache/arm-linux-gnueabihf-gcc   -g -O2 -fdebug-prefix-map=/<<PKGBUILDDIR>>=. -fstack-protector-strong -Wformat -Werror=format-security -Wdate-time -D_FORTIFY_SOURCE=2    -o CMakeFiles/cmTC_e809d.dir/testCCompiler.c.o   -c /<<PKGBUILDDIR>>/obj-arm-linux-gnueabihf/CMakeFiles/CMakeTmp/testCCompiler.c
Linking C executable cmTC_e809d
/usr/bin/cmake -E cmake_link_script CMakeFiles/cmTC_e809d.dir/link.txt --verbose=1
/usr/lib/ccache/arm-linux-gnueabihf-gcc -g -O2 -fdebug-prefix-map=/<<PKGBUILDDIR>>=. -fstack-protector-strong -Wformat -Werror=format-security -Wdate-time -D_FORTIFY_SOURCE=2   -Wl,-z,relro  -rdynamic CMakeFiles/cmTC_e809d.dir/testCCompiler.c.o  -o cmTC_e809d 
make[3]: Leaving directory '/<<PKGBUILDDIR>>/obj-arm-linux-gnueabihf/CMakeFiles/CMakeTmp'
make[2]: Leaving directory '/<<PKGBUILDDIR>>/obj-arm-linux-gnueabihf/CMakeFiles/CMakeTmp'


Detecting C compiler ABI info compiled with the following output:
Change Dir: /<<PKGBUILDDIR>>/obj-arm-linux-gnueabihf/CMakeFiles/CMakeTmp

Run Build Command:"/usr/bin/make" "cmTC_315d5/fast"
make[2]: Entering directory '/<<PKGBUILDDIR>>/obj-arm-linux-gnueabihf/CMakeFiles/CMakeTmp'
/usr/bin/make -f CMakeFiles/cmTC_315d5.dir/build.make CMakeFiles/cmTC_315d5.dir/build
make[3]: Entering directory '/<<PKGBUILDDIR>>/obj-arm-linux-gnueabihf/CMakeFiles/CMakeTmp'
Building C object CMakeFiles/cmTC_315d5.dir/CMakeCCompilerABI.c.o
/usr/lib/ccache/arm-linux-gnueabihf-gcc   -g -O2 -fdebug-prefix-map=/<<PKGBUILDDIR>>=. -fstack-protector-strong -Wformat -Werror=format-security -Wdate-time -D_FORTIFY_SOURCE=2    -o CMakeFiles/cmTC_315d5.dir/CMakeCCompilerABI.c.o   -c /usr/share/cmake-3.13/Modules/CMakeCCompilerABI.c
Linking C executable cmTC_315d5
/usr/bin/cmake -E cmake_link_script CMakeFiles/cmTC_315d5.dir/link.txt --verbose=1
/usr/lib/ccache/arm-linux-gnueabihf-gcc -g -O2 -fdebug-prefix-map=/<<PKGBUILDDIR>>=. -fstack-protector-strong -Wformat -Werror=format-security -Wdate-time -D_FORTIFY_SOURCE=2   -Wl,-z,relro -v -rdynamic CMakeFiles/cmTC_315d5.dir/CMakeCCompilerABI.c.o  -o cmTC_315d5 
Using built-in specs.
COLLECT_GCC=/usr/bin/arm-linux-gnueabihf-gcc
COLLECT_LTO_WRAPPER=/usr/lib/gcc-cross/arm-linux-gnueabihf/8/lto-wrapper
Target: arm-linux-gnueabihf
Configured with: ../src/configure -v --with-pkgversion='Debian 8.2.0-20' --with-bugurl=file:///usr/share/doc/gcc-8/README.Bugs --enable-languages=c,ada,c++,go,d,fortran,objc,obj-c++ --prefix=/usr --with-gcc-major-version-only --program-suffix=-8 --enable-shared --enable-linker-build-id --libexecdir=/usr/lib --without-included-gettext --enable-threads=posix --libdir=/usr/lib --enable-nls --with-sysroot=/ --enable-clocale=gnu --enable-libstdcxx-debug --enable-libstdcxx-time=yes --with-default-libstdcxx-abi=new --enable-gnu-unique-object --disable-libitm --disable-libquadmath --disable-libquadmath-support --enable-plugin --enable-default-pie --with-system-zlib --with-target-system-zlib --enable-multiarch --disable-sjlj-exceptions --with-arch=armv7-a --with-fpu=vfpv3-d16 --with-float=hard --with-mode=thumb --disable-werror --enable-checking=release --build=x86_64-linux-gnu --host=x86_64-linux-gnu --target=arm-linux-gnueabihf --program-prefix=arm-linux-gnueabihf- --includedir=/usr/arm-linux-gnueabihf/include
Thread model: posix
gcc version 8.2.0 (Debian 8.2.0-20) 
COMPILER_PATH=/usr/lib/gcc-cross/arm-linux-gnueabihf/8/:/usr/lib/gcc-cross/arm-linux-gnueabihf/8/:/usr/lib/gcc-cross/arm-linux-gnueabihf/:/usr/lib/gcc-cross/arm-linux-gnueabihf/8/:/usr/lib/gcc-cross/arm-linux-gnueabihf/:/usr/lib/gcc-cross/arm-linux-gnueabihf/8/../../../../arm-linux-gnueabihf/bin/
LIBRARY_PATH=/usr/lib/gcc-cross/arm-linux-gnueabihf/8/:/usr/lib/gcc-cross/arm-linux-gnueabihf/8/../../../../arm-linux-gnueabihf/lib/:/lib/arm-linux-gnueabihf/:/lib/:/usr/lib/arm-linux-gnueabihf/:/usr/lib/
COLLECT_GCC_OPTIONS='-g' '-O2' '-fdebug-prefix-map=/<<PKGBUILDDIR>>=.' '-fstack-protector-strong' '-Wformat=1' '-Werror=format-security' '-Wdate-time' '-D' '_FORTIFY_SOURCE=2' '-v' '-rdynamic' '-o' 'cmTC_315d5'  '-mfloat-abi=hard' '-mfpu=vfpv3-d16' '-mthumb' '-mtls-dialect=gnu' '-march=armv7-a+fp'
 /usr/lib/gcc-cross/arm-linux-gnueabihf/8/collect2 -plugin /usr/lib/gcc-cross/arm-linux-gnueabihf/8/liblto_plugin.so -plugin-opt=/usr/lib/gcc-cross/arm-linux-gnueabihf/8/lto-wrapper -plugin-opt=-fresolution=/tmp/ccpp5Bop.res -plugin-opt=-pass-through=-lgcc -plugin-opt=-pass-through=-lgcc_s -plugin-opt=-pass-through=-lc -plugin-opt=-pass-through=-lgcc -plugin-opt=-pass-through=-lgcc_s --sysroot=/ --build-id --eh-frame-hdr -export-dynamic -dynamic-linker /lib/ld-linux-armhf.so.3 -X --hash-style=gnu -m armelf_linux_eabi -pie -o cmTC_315d5 /usr/lib/gcc-cross/arm-linux-gnueabihf/8/../../../../arm-linux-gnueabihf/lib/Scrt1.o /usr/lib/gcc-cross/arm-linux-gnueabihf/8/../../../../arm-linux-gnueabihf/lib/crti.o /usr/lib/gcc-cross/arm-linux-gnueabihf/8/crtbeginS.o -L/usr/lib/gcc-cross/arm-linux-gnueabihf/8 -L/usr/lib/gcc-cross/arm-linux-gnueabihf/8/../../../../arm-linux-gnueabihf/lib -L/lib/arm-linux-gnueabihf -L/usr/lib/arm-linux-gnueabihf -z relro CMakeFiles/cmTC_315d5.dir/CMakeCCompilerABI.c.o -lgcc --push-state --as-needed -lgcc_s --pop-state -lc -lgcc --push-state --as-needed -lgcc_s --pop-state /usr/lib/gcc-cross/arm-linux-gnueabihf/8/crtendS.o /usr/lib/gcc-cross/arm-linux-gnueabihf/8/../../../../arm-linux-gnueabihf/lib/crtn.o
COLLECT_GCC_OPTIONS='-g' '-O2' '-fdebug-prefix-map=/<<PKGBUILDDIR>>=.' '-fstack-protector-strong' '-Wformat=1' '-Werror=format-security' '-Wdate-time' '-D' '_FORTIFY_SOURCE=2' '-v' '-rdynamic' '-o' 'cmTC_315d5'  '-mfloat-abi=hard' '-mfpu=vfpv3-d16' '-mthumb' '-mtls-dialect=gnu' '-march=armv7-a+fp'
make[3]: Leaving directory '/<<PKGBUILDDIR>>/obj-arm-linux-gnueabihf/CMakeFiles/CMakeTmp'
make[2]: Leaving directory '/<<PKGBUILDDIR>>/obj-arm-linux-gnueabihf/CMakeFiles/CMakeTmp'


Parsed C implicit link information from above output:
  link line regex: [^( *|.*[/\])(arm-linux-gnueabihf-ld|CMAKE_LINK_STARTFILE-NOTFOUND|([^/\]+-)?ld|collect2)[^/\]*( |$)]
  ignore line: [Change Dir: /<<PKGBUILDDIR>>/obj-arm-linux-gnueabihf/CMakeFiles/CMakeTmp]
  ignore line: []
  ignore line: [Run Build Command:"/usr/bin/make" "cmTC_315d5/fast"]
  ignore line: [make[2]: Entering directory '/<<PKGBUILDDIR>>/obj-arm-linux-gnueabihf/CMakeFiles/CMakeTmp']
  ignore line: [/usr/bin/make -f CMakeFiles/cmTC_315d5.dir/build.make CMakeFiles/cmTC_315d5.dir/build]
  ignore line: [make[3]: Entering directory '/<<PKGBUILDDIR>>/obj-arm-linux-gnueabihf/CMakeFiles/CMakeTmp']
  ignore line: [Building C object CMakeFiles/cmTC_315d5.dir/CMakeCCompilerABI.c.o]
  ignore line: [/usr/lib/ccache/arm-linux-gnueabihf-gcc   -g -O2 -fdebug-prefix-map=/<<PKGBUILDDIR>>=. -fstack-protector-strong -Wformat -Werror=format-security -Wdate-time -D_FORTIFY_SOURCE=2    -o CMakeFiles/cmTC_315d5.dir/CMakeCCompilerABI.c.o   -c /usr/share/cmake-3.13/Modules/CMakeCCompilerABI.c]
  ignore line: [Linking C executable cmTC_315d5]
  ignore line: [/usr/bin/cmake -E cmake_link_script CMakeFiles/cmTC_315d5.dir/link.txt --verbose=1]
  ignore line: [/usr/lib/ccache/arm-linux-gnueabihf-gcc -g -O2 -fdebug-prefix-map=/<<PKGBUILDDIR>>=. -fstack-protector-strong -Wformat -Werror=format-security -Wdate-time -D_FORTIFY_SOURCE=2   -Wl,-z,relro -v -rdynamic CMakeFiles/cmTC_315d5.dir/CMakeCCompilerABI.c.o  -o cmTC_315d5 ]
  ignore line: [Using built-in specs.]
  ignore line: [COLLECT_GCC=/usr/bin/arm-linux-gnueabihf-gcc]
  ignore line: [COLLECT_LTO_WRAPPER=/usr/lib/gcc-cross/arm-linux-gnueabihf/8/lto-wrapper]
  ignore line: [Target: arm-linux-gnueabihf]
  ignore line: [Configured with: ../src/configure -v --with-pkgversion='Debian 8.2.0-20' --with-bugurl=file:///usr/share/doc/gcc-8/README.Bugs --enable-languages=c,ada,c++,go,d,fortran,objc,obj-c++ --prefix=/usr --with-gcc-major-version-only --program-suffix=-8 --enable-shared --enable-linker-build-id --libexecdir=/usr/lib --without-included-gettext --enable-threads=posix --libdir=/usr/lib --enable-nls --with-sysroot=/ --enable-clocale=gnu --enable-libstdcxx-debug --enable-libstdcxx-time=yes --with-default-libstdcxx-abi=new --enable-gnu-unique-object --disable-libitm --disable-libquadmath --disable-libquadmath-support --enable-plugin --enable-default-pie --with-system-zlib --with-target-system-zlib --enable-multiarch --disable-sjlj-exceptions --with-arch=armv7-a --with-fpu=vfpv3-d16 --with-float=hard --with-mode=thumb --disable-werror --enable-checking=release --build=x86_64-linux-gnu --host=x86_64-linux-gnu --target=arm-linux-gnueabihf --program-prefix=arm-linux-gnueabihf- --includedir=/usr/arm-linux-gnueabihf/include]
  ignore line: [Thread model: posix]
  ignore line: [gcc version 8.2.0 (Debian 8.2.0-20) ]
  ignore line: [COMPILER_PATH=/usr/lib/gcc-cross/arm-linux-gnueabihf/8/:/usr/lib/gcc-cross/arm-linux-gnueabihf/8/:/usr/lib/gcc-cross/arm-linux-gnueabihf/:/usr/lib/gcc-cross/arm-linux-gnueabihf/8/:/usr/lib/gcc-cross/arm-linux-gnueabihf/:/usr/lib/gcc-cross/arm-linux-gnueabihf/8/../../../../arm-linux-gnueabihf/bin/]
  ignore line: [LIBRARY_PATH=/usr/lib/gcc-cross/arm-linux-gnueabihf/8/:/usr/lib/gcc-cross/arm-linux-gnueabihf/8/../../../../arm-linux-gnueabihf/lib/:/lib/arm-linux-gnueabihf/:/lib/:/usr/lib/arm-linux-gnueabihf/:/usr/lib/]
  ignore line: [COLLECT_GCC_OPTIONS='-g' '-O2' '-fdebug-prefix-map=/<<PKGBUILDDIR>>=.' '-fstack-protector-strong' '-Wformat=1' '-Werror=format-security' '-Wdate-time' '-D' '_FORTIFY_SOURCE=2' '-v' '-rdynamic' '-o' 'cmTC_315d5'  '-mfloat-abi=hard' '-mfpu=vfpv3-d16' '-mthumb' '-mtls-dialect=gnu' '-march=armv7-a+fp']
  link line: [ /usr/lib/gcc-cross/arm-linux-gnueabihf/8/collect2 -plugin /usr/lib/gcc-cross/arm-linux-gnueabihf/8/liblto_plugin.so -plugin-opt=/usr/lib/gcc-cross/arm-linux-gnueabihf/8/lto-wrapper -plugin-opt=-fresolution=/tmp/ccpp5Bop.res -plugin-opt=-pass-through=-lgcc -plugin-opt=-pass-through=-lgcc_s -plugin-opt=-pass-through=-lc -plugin-opt=-pass-through=-lgcc -plugin-opt=-pass-through=-lgcc_s --sysroot=/ --build-id --eh-frame-hdr -export-dynamic -dynamic-linker /lib/ld-linux-armhf.so.3 -X --hash-style=gnu -m armelf_linux_eabi -pie -o cmTC_315d5 /usr/lib/gcc-cross/arm-linux-gnueabihf/8/../../../../arm-linux-gnueabihf/lib/Scrt1.o /usr/lib/gcc-cross/arm-linux-gnueabihf/8/../../../../arm-linux-gnueabihf/lib/crti.o /usr/lib/gcc-cross/arm-linux-gnueabihf/8/crtbeginS.o -L/usr/lib/gcc-cross/arm-linux-gnueabihf/8 -L/usr/lib/gcc-cross/arm-linux-gnueabihf/8/../../../../arm-linux-gnueabihf/lib -L/lib/arm-linux-gnueabihf -L/usr/lib/arm-linux-gnueabihf -z relro CMakeFiles/cmTC_315d5.dir/CMakeCCompilerABI.c.o -lgcc --push-state --as-needed -lgcc_s --pop-state -lc -lgcc --push-state --as-needed -lgcc_s --pop-state /usr/lib/gcc-cross/arm-linux-gnueabihf/8/crtendS.o /usr/lib/gcc-cross/arm-linux-gnueabihf/8/../../../../arm-linux-gnueabihf/lib/crtn.o]
    arg [/usr/lib/gcc-cross/arm-linux-gnueabihf/8/collect2] ==> ignore
    arg [-plugin] ==> ignore
    arg [/usr/lib/gcc-cross/arm-linux-gnueabihf/8/liblto_plugin.so] ==> ignore
    arg [-plugin-opt=/usr/lib/gcc-cross/arm-linux-gnueabihf/8/lto-wrapper] ==> ignore
    arg [-plugin-opt=-fresolution=/tmp/ccpp5Bop.res] ==> ignore
    arg [-plugin-opt=-pass-through=-lgcc] ==> ignore
    arg [-plugin-opt=-pass-through=-lgcc_s] ==> ignore
    arg [-plugin-opt=-pass-through=-lc] ==> ignore
    arg [-plugin-opt=-pass-through=-lgcc] ==> ignore
    arg [-plugin-opt=-pass-through=-lgcc_s] ==> ignore
    arg [--sysroot=/] ==> ignore
    arg [--build-id] ==> ignore
    arg [--eh-frame-hdr] ==> ignore
    arg [-export-dynamic] ==> ignore
    arg [-dynamic-linker] ==> ignore
    arg [/lib/ld-linux-armhf.so.3] ==> ignore
    arg [-X] ==> ignore
    arg [--hash-style=gnu] ==> ignore
    arg [-m] ==> ignore
    arg [armelf_linux_eabi] ==> ignore
    arg [-pie] ==> ignore
    arg [-o] ==> ignore
    arg [cmTC_315d5] ==> ignore
    arg [/usr/lib/gcc-cross/arm-linux-gnueabihf/8/../../../../arm-linux-gnueabihf/lib/Scrt1.o] ==> ignore
    arg [/usr/lib/gcc-cross/arm-linux-gnueabihf/8/../../../../arm-linux-gnueabihf/lib/crti.o] ==> ignore
    arg [/usr/lib/gcc-cross/arm-linux-gnueabihf/8/crtbeginS.o] ==> ignore
    arg [-L/usr/lib/gcc-cross/arm-linux-gnueabihf/8] ==> dir [/usr/lib/gcc-cross/arm-linux-gnueabihf/8]
    arg [-L/usr/lib/gcc-cross/arm-linux-gnueabihf/8/../../../../arm-linux-gnueabihf/lib] ==> dir [/usr/lib/gcc-cross/arm-linux-gnueabihf/8/../../../../arm-linux-gnueabihf/lib]
    arg [-L/lib/arm-linux-gnueabihf] ==> dir [/lib/arm-linux-gnueabihf]
    arg [-L/usr/lib/arm-linux-gnueabihf] ==> dir [/usr/lib/arm-linux-gnueabihf]
    arg [-zrelro] ==> ignore
    arg [CMakeFiles/cmTC_315d5.dir/CMakeCCompilerABI.c.o] ==> ignore
    arg [-lgcc] ==> lib [gcc]
    arg [--push-state] ==> ignore
    arg [--as-needed] ==> ignore
    arg [-lgcc_s] ==> lib [gcc_s]
    arg [--pop-state] ==> ignore
    arg [-lc] ==> lib [c]
    arg [-lgcc] ==> lib [gcc]
    arg [--push-state] ==> ignore
    arg [--as-needed] ==> ignore
    arg [-lgcc_s] ==> lib [gcc_s]
    arg [--pop-state] ==> ignore
    arg [/usr/lib/gcc-cross/arm-linux-gnueabihf/8/crtendS.o] ==> ignore
    arg [/usr/lib/gcc-cross/arm-linux-gnueabihf/8/../../../../arm-linux-gnueabihf/lib/crtn.o] ==> ignore
  collapse library dir [/usr/lib/gcc-cross/arm-linux-gnueabihf/8] ==> [/usr/lib/gcc-cross/arm-linux-gnueabihf/8]
  collapse library dir [/usr/lib/gcc-cross/arm-linux-gnueabihf/8/../../../../arm-linux-gnueabihf/lib] ==> [/usr/arm-linux-gnueabihf/lib]
  collapse library dir [/lib/arm-linux-gnueabihf] ==> [/lib/arm-linux-gnueabihf]
  collapse library dir [/usr/lib/arm-linux-gnueabihf] ==> [/usr/lib/arm-linux-gnueabihf]
  implicit libs: [gcc;gcc_s;c;gcc;gcc_s]
  implicit dirs: [/usr/lib/gcc-cross/arm-linux-gnueabihf/8;/usr/arm-linux-gnueabihf/lib;/lib/arm-linux-gnueabihf;/usr/lib/arm-linux-gnueabihf]
  implicit fwks: []




Detecting C [-std=c11] compiler features compiled with the following output:
Change Dir: /<<PKGBUILDDIR>>/obj-arm-linux-gnueabihf/CMakeFiles/CMakeTmp

Run Build Command:"/usr/bin/make" "cmTC_231ad/fast"
make[2]: Entering directory '/<<PKGBUILDDIR>>/obj-arm-linux-gnueabihf/CMakeFiles/CMakeTmp'
/usr/bin/make -f CMakeFiles/cmTC_231ad.dir/build.make CMakeFiles/cmTC_231ad.dir/build
make[3]: Entering directory '/<<PKGBUILDDIR>>/obj-arm-linux-gnueabihf/CMakeFiles/CMakeTmp'
Building C object CMakeFiles/cmTC_231ad.dir/feature_tests.c.o
/usr/lib/ccache/arm-linux-gnueabihf-gcc   -g -O2 -fdebug-prefix-map=/<<PKGBUILDDIR>>=. -fstack-protector-strong -Wformat -Werror=format-security -Wdate-time -D_FORTIFY_SOURCE=2    -std=c11 -o CMakeFiles/cmTC_231ad.dir/feature_tests.c.o   -c /<<PKGBUILDDIR>>/obj-arm-linux-gnueabihf/CMakeFiles/feature_tests.c
Linking C executable cmTC_231ad
/usr/bin/cmake -E cmake_link_script CMakeFiles/cmTC_231ad.dir/link.txt --verbose=1
/usr/lib/ccache/arm-linux-gnueabihf-gcc -g -O2 -fdebug-prefix-map=/<<PKGBUILDDIR>>=. -fstack-protector-strong -Wformat -Werror=format-security -Wdate-time -D_FORTIFY_SOURCE=2   -Wl,-z,relro  -rdynamic CMakeFiles/cmTC_231ad.dir/feature_tests.c.o  -o cmTC_231ad 
make[3]: Leaving directory '/<<PKGBUILDDIR>>/obj-arm-linux-gnueabihf/CMakeFiles/CMakeTmp'
make[2]: Leaving directory '/<<PKGBUILDDIR>>/obj-arm-linux-gnueabihf/CMakeFiles/CMakeTmp'


    Feature record: C_FEATURE:1c_function_prototypes
    Feature record: C_FEATURE:1c_restrict
    Feature record: C_FEATURE:1c_static_assert
    Feature record: C_FEATURE:1c_variadic_macros


Detecting C [-std=c99] compiler features compiled with the following output:
Change Dir: /<<PKGBUILDDIR>>/obj-arm-linux-gnueabihf/CMakeFiles/CMakeTmp

Run Build Command:"/usr/bin/make" "cmTC_40708/fast"
make[2]: Entering directory '/<<PKGBUILDDIR>>/obj-arm-linux-gnueabihf/CMakeFiles/CMakeTmp'
/usr/bin/make -f CMakeFiles/cmTC_40708.dir/build.make CMakeFiles/cmTC_40708.dir/build
make[3]: Entering directory '/<<PKGBUILDDIR>>/obj-arm-linux-gnueabihf/CMakeFiles/CMakeTmp'
Building C object CMakeFiles/cmTC_40708.dir/feature_tests.c.o
/usr/lib/ccache/arm-linux-gnueabihf-gcc   -g -O2 -fdebug-prefix-map=/<<PKGBUILDDIR>>=. -fstack-protector-strong -Wformat -Werror=format-security -Wdate-time -D_FORTIFY_SOURCE=2    -std=c99 -o CMakeFiles/cmTC_40708.dir/feature_tests.c.o   -c /<<PKGBUILDDIR>>/obj-arm-linux-gnueabihf/CMakeFiles/feature_tests.c
Linking C executable cmTC_40708
/usr/bin/cmake -E cmake_link_script CMakeFiles/cmTC_40708.dir/link.txt --verbose=1
/usr/lib/ccache/arm-linux-gnueabihf-gcc -g -O2 -fdebug-prefix-map=/<<PKGBUILDDIR>>=. -fstack-protector-strong -Wformat -Werror=format-security -Wdate-time -D_FORTIFY_SOURCE=2   -Wl,-z,relro  -rdynamic CMakeFiles/cmTC_40708.dir/feature_tests.c.o  -o cmTC_40708 
make[3]: Leaving directory '/<<PKGBUILDDIR>>/obj-arm-linux-gnueabihf/CMakeFiles/CMakeTmp'
make[2]: Leaving directory '/<<PKGBUILDDIR>>/obj-arm-linux-gnueabihf/CMakeFiles/CMakeTmp'


    Feature record: C_FEATURE:1c_function_prototypes
    Feature record: C_FEATURE:1c_restrict
    Feature record: C_FEATURE:0c_static_assert
    Feature record: C_FEATURE:1c_variadic_macros


Detecting C [-std=c90] compiler features compiled with the following output:
Change Dir: /<<PKGBUILDDIR>>/obj-arm-linux-gnueabihf/CMakeFiles/CMakeTmp

Run Build Command:"/usr/bin/make" "cmTC_ebb9b/fast"
make[2]: Entering directory '/<<PKGBUILDDIR>>/obj-arm-linux-gnueabihf/CMakeFiles/CMakeTmp'
/usr/bin/make -f CMakeFiles/cmTC_ebb9b.dir/build.make CMakeFiles/cmTC_ebb9b.dir/build
make[3]: Entering directory '/<<PKGBUILDDIR>>/obj-arm-linux-gnueabihf/CMakeFiles/CMakeTmp'
Building C object CMakeFiles/cmTC_ebb9b.dir/feature_tests.c.o
/usr/lib/ccache/arm-linux-gnueabihf-gcc   -g -O2 -fdebug-prefix-map=/<<PKGBUILDDIR>>=. -fstack-protector-strong -Wformat -Werror=format-security -Wdate-time -D_FORTIFY_SOURCE=2    -std=c90 -o CMakeFiles/cmTC_ebb9b.dir/feature_tests.c.o   -c /<<PKGBUILDDIR>>/obj-arm-linux-gnueabihf/CMakeFiles/feature_tests.c
Linking C executable cmTC_ebb9b
/usr/bin/cmake -E cmake_link_script CMakeFiles/cmTC_ebb9b.dir/link.txt --verbose=1
/usr/lib/ccache/arm-linux-gnueabihf-gcc -g -O2 -fdebug-prefix-map=/<<PKGBUILDDIR>>=. -fstack-protector-strong -Wformat -Werror=format-security -Wdate-time -D_FORTIFY_SOURCE=2   -Wl,-z,relro  -rdynamic CMakeFiles/cmTC_ebb9b.dir/feature_tests.c.o  -o cmTC_ebb9b 
make[3]: Leaving directory '/<<PKGBUILDDIR>>/obj-arm-linux-gnueabihf/CMakeFiles/CMakeTmp'
make[2]: Leaving directory '/<<PKGBUILDDIR>>/obj-arm-linux-gnueabihf/CMakeFiles/CMakeTmp'


    Feature record: C_FEATURE:1c_function_prototypes
    Feature record: C_FEATURE:0c_restrict
    Feature record: C_FEATURE:0c_static_assert
    Feature record: C_FEATURE:0c_variadic_macros
Determining if the CXX compiler works passed with the following output:
Change Dir: /<<PKGBUILDDIR>>/obj-arm-linux-gnueabihf/CMakeFiles/CMakeTmp

Run Build Command:"/usr/bin/make" "cmTC_977fa/fast"
make[2]: Entering directory '/<<PKGBUILDDIR>>/obj-arm-linux-gnueabihf/CMakeFiles/CMakeTmp'
/usr/bin/make -f CMakeFiles/cmTC_977fa.dir/build.make CMakeFiles/cmTC_977fa.dir/build
make[3]: Entering directory '/<<PKGBUILDDIR>>/obj-arm-linux-gnueabihf/CMakeFiles/CMakeTmp'
Building CXX object CMakeFiles/cmTC_977fa.dir/testCXXCompiler.cxx.o
/usr/lib/ccache/arm-linux-gnueabihf-g++    -g -O2 -fdebug-prefix-map=/<<PKGBUILDDIR>>=. -fstack-protector-strong -Wformat -Werror=format-security -fvisibility=hidden -fvisibility-inlines-hidden -Wdate-time -D_FORTIFY_SOURCE=2    -o CMakeFiles/cmTC_977fa.dir/testCXXCompiler.cxx.o -c /<<PKGBUILDDIR>>/obj-arm-linux-gnueabihf/CMakeFiles/CMakeTmp/testCXXCompiler.cxx
Linking CXX executable cmTC_977fa
/usr/bin/cmake -E cmake_link_script CMakeFiles/cmTC_977fa.dir/link.txt --verbose=1
/usr/lib/ccache/arm-linux-gnueabihf-g++  -g -O2 -fdebug-prefix-map=/<<PKGBUILDDIR>>=. -fstack-protector-strong -Wformat -Werror=format-security -fvisibility=hidden -fvisibility-inlines-hidden -Wdate-time -D_FORTIFY_SOURCE=2   -Wl,-z,relro  -rdynamic CMakeFiles/cmTC_977fa.dir/testCXXCompiler.cxx.o  -o cmTC_977fa 
make[3]: Leaving directory '/<<PKGBUILDDIR>>/obj-arm-linux-gnueabihf/CMakeFiles/CMakeTmp'
make[2]: Leaving directory '/<<PKGBUILDDIR>>/obj-arm-linux-gnueabihf/CMakeFiles/CMakeTmp'


Detecting CXX compiler ABI info compiled with the following output:
Change Dir: /<<PKGBUILDDIR>>/obj-arm-linux-gnueabihf/CMakeFiles/CMakeTmp

Run Build Command:"/usr/bin/make" "cmTC_254b9/fast"
make[2]: Entering directory '/<<PKGBUILDDIR>>/obj-arm-linux-gnueabihf/CMakeFiles/CMakeTmp'
/usr/bin/make -f CMakeFiles/cmTC_254b9.dir/build.make CMakeFiles/cmTC_254b9.dir/build
make[3]: Entering directory '/<<PKGBUILDDIR>>/obj-arm-linux-gnueabihf/CMakeFiles/CMakeTmp'
Building CXX object CMakeFiles/cmTC_254b9.dir/CMakeCXXCompilerABI.cpp.o
/usr/lib/ccache/arm-linux-gnueabihf-g++    -g -O2 -fdebug-prefix-map=/<<PKGBUILDDIR>>=. -fstack-protector-strong -Wformat -Werror=format-security -fvisibility=hidden -fvisibility-inlines-hidden -Wdate-time -D_FORTIFY_SOURCE=2    -o CMakeFiles/cmTC_254b9.dir/CMakeCXXCompilerABI.cpp.o -c /usr/share/cmake-3.13/Modules/CMakeCXXCompilerABI.cpp
Linking CXX executable cmTC_254b9
/usr/bin/cmake -E cmake_link_script CMakeFiles/cmTC_254b9.dir/link.txt --verbose=1
/usr/lib/ccache/arm-linux-gnueabihf-g++  -g -O2 -fdebug-prefix-map=/<<PKGBUILDDIR>>=. -fstack-protector-strong -Wformat -Werror=format-security -fvisibility=hidden -fvisibility-inlines-hidden -Wdate-time -D_FORTIFY_SOURCE=2   -Wl,-z,relro -v -rdynamic CMakeFiles/cmTC_254b9.dir/CMakeCXXCompilerABI.cpp.o  -o cmTC_254b9 
Using built-in specs.
COLLECT_GCC=/usr/bin/arm-linux-gnueabihf-g++
COLLECT_LTO_WRAPPER=/usr/lib/gcc-cross/arm-linux-gnueabihf/8/lto-wrapper
Target: arm-linux-gnueabihf
Configured with: ../src/configure -v --with-pkgversion='Debian 8.2.0-20' --with-bugurl=file:///usr/share/doc/gcc-8/README.Bugs --enable-languages=c,ada,c++,go,d,fortran,objc,obj-c++ --prefix=/usr --with-gcc-major-version-only --program-suffix=-8 --enable-shared --enable-linker-build-id --libexecdir=/usr/lib --without-included-gettext --enable-threads=posix --libdir=/usr/lib --enable-nls --with-sysroot=/ --enable-clocale=gnu --enable-libstdcxx-debug --enable-libstdcxx-time=yes --with-default-libstdcxx-abi=new --enable-gnu-unique-object --disable-libitm --disable-libquadmath --disable-libquadmath-support --enable-plugin --enable-default-pie --with-system-zlib --with-target-system-zlib --enable-multiarch --disable-sjlj-exceptions --with-arch=armv7-a --with-fpu=vfpv3-d16 --with-float=hard --with-mode=thumb --disable-werror --enable-checking=release --build=x86_64-linux-gnu --host=x86_64-linux-gnu --target=arm-linux-gnueabihf --program-prefix=arm-linux-gnueabihf- --includedir=/usr/arm-linux-gnueabihf/include
Thread model: posix
gcc version 8.2.0 (Debian 8.2.0-20) 
COMPILER_PATH=/usr/lib/gcc-cross/arm-linux-gnueabihf/8/:/usr/lib/gcc-cross/arm-linux-gnueabihf/8/:/usr/lib/gcc-cross/arm-linux-gnueabihf/:/usr/lib/gcc-cross/arm-linux-gnueabihf/8/:/usr/lib/gcc-cross/arm-linux-gnueabihf/:/usr/lib/gcc-cross/arm-linux-gnueabihf/8/../../../../arm-linux-gnueabihf/bin/
LIBRARY_PATH=/usr/lib/gcc-cross/arm-linux-gnueabihf/8/:/usr/lib/gcc-cross/arm-linux-gnueabihf/8/../../../../arm-linux-gnueabihf/lib/:/lib/arm-linux-gnueabihf/:/lib/:/usr/lib/arm-linux-gnueabihf/:/usr/lib/
COLLECT_GCC_OPTIONS='-g' '-O2' '-fdebug-prefix-map=/<<PKGBUILDDIR>>=.' '-fstack-protector-strong' '-Wformat=1' '-Werror=format-security' '-fvisibility=hidden' '-fvisibility-inlines-hidden' '-Wdate-time' '-D' '_FORTIFY_SOURCE=2' '-v' '-rdynamic' '-o' 'cmTC_254b9' '-shared-libgcc'  '-mfloat-abi=hard' '-mfpu=vfpv3-d16' '-mthumb' '-mtls-dialect=gnu' '-march=armv7-a+fp'
 /usr/lib/gcc-cross/arm-linux-gnueabihf/8/collect2 -plugin /usr/lib/gcc-cross/arm-linux-gnueabihf/8/liblto_plugin.so -plugin-opt=/usr/lib/gcc-cross/arm-linux-gnueabihf/8/lto-wrapper -plugin-opt=-fresolution=/tmp/ccZx9duj.res -plugin-opt=-pass-through=-lgcc_s -plugin-opt=-pass-through=-lgcc -plugin-opt=-pass-through=-lc -plugin-opt=-pass-through=-lgcc_s -plugin-opt=-pass-through=-lgcc --sysroot=/ --build-id --eh-frame-hdr -export-dynamic -dynamic-linker /lib/ld-linux-armhf.so.3 -X --hash-style=gnu -m armelf_linux_eabi -pie -o cmTC_254b9 /usr/lib/gcc-cross/arm-linux-gnueabihf/8/../../../../arm-linux-gnueabihf/lib/Scrt1.o /usr/lib/gcc-cross/arm-linux-gnueabihf/8/../../../../arm-linux-gnueabihf/lib/crti.o /usr/lib/gcc-cross/arm-linux-gnueabihf/8/crtbeginS.o -L/usr/lib/gcc-cross/arm-linux-gnueabihf/8 -L/usr/lib/gcc-cross/arm-linux-gnueabihf/8/../../../../arm-linux-gnueabihf/lib -L/lib/arm-linux-gnueabihf -L/usr/lib/arm-linux-gnueabihf -z relro CMakeFiles/cmTC_254b9.dir/CMakeCXXCompilerABI.cpp.o -lstdc++ -lm -lgcc_s -lgcc -lc -lgcc_s -lgcc /usr/lib/gcc-cross/arm-linux-gnueabihf/8/crtendS.o /usr/lib/gcc-cross/arm-linux-gnueabihf/8/../../../../arm-linux-gnueabihf/lib/crtn.o
COLLECT_GCC_OPTIONS='-g' '-O2' '-fdebug-prefix-map=/<<PKGBUILDDIR>>=.' '-fstack-protector-strong' '-Wformat=1' '-Werror=format-security' '-fvisibility=hidden' '-fvisibility-inlines-hidden' '-Wdate-time' '-D' '_FORTIFY_SOURCE=2' '-v' '-rdynamic' '-o' 'cmTC_254b9' '-shared-libgcc'  '-mfloat-abi=hard' '-mfpu=vfpv3-d16' '-mthumb' '-mtls-dialect=gnu' '-march=armv7-a+fp'
make[3]: Leaving directory '/<<PKGBUILDDIR>>/obj-arm-linux-gnueabihf/CMakeFiles/CMakeTmp'
make[2]: Leaving directory '/<<PKGBUILDDIR>>/obj-arm-linux-gnueabihf/CMakeFiles/CMakeTmp'


Parsed CXX implicit link information from above output:
  link line regex: [^( *|.*[/\])(arm-linux-gnueabihf-ld|CMAKE_LINK_STARTFILE-NOTFOUND|([^/\]+-)?ld|collect2)[^/\]*( |$)]
  ignore line: [Change Dir: /<<PKGBUILDDIR>>/obj-arm-linux-gnueabihf/CMakeFiles/CMakeTmp]
  ignore line: []
  ignore line: [Run Build Command:"/usr/bin/make" "cmTC_254b9/fast"]
  ignore line: [make[2]: Entering directory '/<<PKGBUILDDIR>>/obj-arm-linux-gnueabihf/CMakeFiles/CMakeTmp']
  ignore line: [/usr/bin/make -f CMakeFiles/cmTC_254b9.dir/build.make CMakeFiles/cmTC_254b9.dir/build]
  ignore line: [make[3]: Entering directory '/<<PKGBUILDDIR>>/obj-arm-linux-gnueabihf/CMakeFiles/CMakeTmp']
  ignore line: [Building CXX object CMakeFiles/cmTC_254b9.dir/CMakeCXXCompilerABI.cpp.o]
  ignore line: [/usr/lib/ccache/arm-linux-gnueabihf-g++    -g -O2 -fdebug-prefix-map=/<<PKGBUILDDIR>>=. -fstack-protector-strong -Wformat -Werror=format-security -fvisibility=hidden -fvisibility-inlines-hidden -Wdate-time -D_FORTIFY_SOURCE=2    -o CMakeFiles/cmTC_254b9.dir/CMakeCXXCompilerABI.cpp.o -c /usr/share/cmake-3.13/Modules/CMakeCXXCompilerABI.cpp]
  ignore line: [Linking CXX executable cmTC_254b9]
  ignore line: [/usr/bin/cmake -E cmake_link_script CMakeFiles/cmTC_254b9.dir/link.txt --verbose=1]
  ignore line: [/usr/lib/ccache/arm-linux-gnueabihf-g++  -g -O2 -fdebug-prefix-map=/<<PKGBUILDDIR>>=. -fstack-protector-strong -Wformat -Werror=format-security -fvisibility=hidden -fvisibility-inlines-hidden -Wdate-time -D_FORTIFY_SOURCE=2   -Wl,-z,relro -v -rdynamic CMakeFiles/cmTC_254b9.dir/CMakeCXXCompilerABI.cpp.o  -o cmTC_254b9 ]
  ignore line: [Using built-in specs.]
  ignore line: [COLLECT_GCC=/usr/bin/arm-linux-gnueabihf-g++]
  ignore line: [COLLECT_LTO_WRAPPER=/usr/lib/gcc-cross/arm-linux-gnueabihf/8/lto-wrapper]
  ignore line: [Target: arm-linux-gnueabihf]
  ignore line: [Configured with: ../src/configure -v --with-pkgversion='Debian 8.2.0-20' --with-bugurl=file:///usr/share/doc/gcc-8/README.Bugs --enable-languages=c,ada,c++,go,d,fortran,objc,obj-c++ --prefix=/usr --with-gcc-major-version-only --program-suffix=-8 --enable-shared --enable-linker-build-id --libexecdir=/usr/lib --without-included-gettext --enable-threads=posix --libdir=/usr/lib --enable-nls --with-sysroot=/ --enable-clocale=gnu --enable-libstdcxx-debug --enable-libstdcxx-time=yes --with-default-libstdcxx-abi=new --enable-gnu-unique-object --disable-libitm --disable-libquadmath --disable-libquadmath-support --enable-plugin --enable-default-pie --with-system-zlib --with-target-system-zlib --enable-multiarch --disable-sjlj-exceptions --with-arch=armv7-a --with-fpu=vfpv3-d16 --with-float=hard --with-mode=thumb --disable-werror --enable-checking=release --build=x86_64-linux-gnu --host=x86_64-linux-gnu --target=arm-linux-gnueabihf --program-prefix=arm-linux-gnueabihf- --includedir=/usr/arm-linux-gnueabihf/include]
  ignore line: [Thread model: posix]
  ignore line: [gcc version 8.2.0 (Debian 8.2.0-20) ]
  ignore line: [COMPILER_PATH=/usr/lib/gcc-cross/arm-linux-gnueabihf/8/:/usr/lib/gcc-cross/arm-linux-gnueabihf/8/:/usr/lib/gcc-cross/arm-linux-gnueabihf/:/usr/lib/gcc-cross/arm-linux-gnueabihf/8/:/usr/lib/gcc-cross/arm-linux-gnueabihf/:/usr/lib/gcc-cross/arm-linux-gnueabihf/8/../../../../arm-linux-gnueabihf/bin/]
  ignore line: [LIBRARY_PATH=/usr/lib/gcc-cross/arm-linux-gnueabihf/8/:/usr/lib/gcc-cross/arm-linux-gnueabihf/8/../../../../arm-linux-gnueabihf/lib/:/lib/arm-linux-gnueabihf/:/lib/:/usr/lib/arm-linux-gnueabihf/:/usr/lib/]
  ignore line: [COLLECT_GCC_OPTIONS='-g' '-O2' '-fdebug-prefix-map=/<<PKGBUILDDIR>>=.' '-fstack-protector-strong' '-Wformat=1' '-Werror=format-security' '-fvisibility=hidden' '-fvisibility-inlines-hidden' '-Wdate-time' '-D' '_FORTIFY_SOURCE=2' '-v' '-rdynamic' '-o' 'cmTC_254b9' '-shared-libgcc'  '-mfloat-abi=hard' '-mfpu=vfpv3-d16' '-mthumb' '-mtls-dialect=gnu' '-march=armv7-a+fp']
  link line: [ /usr/lib/gcc-cross/arm-linux-gnueabihf/8/collect2 -plugin /usr/lib/gcc-cross/arm-linux-gnueabihf/8/liblto_plugin.so -plugin-opt=/usr/lib/gcc-cross/arm-linux-gnueabihf/8/lto-wrapper -plugin-opt=-fresolution=/tmp/ccZx9duj.res -plugin-opt=-pass-through=-lgcc_s -plugin-opt=-pass-through=-lgcc -plugin-opt=-pass-through=-lc -plugin-opt=-pass-through=-lgcc_s -plugin-opt=-pass-through=-lgcc --sysroot=/ --build-id --eh-frame-hdr -export-dynamic -dynamic-linker /lib/ld-linux-armhf.so.3 -X --hash-style=gnu -m armelf_linux_eabi -pie -o cmTC_254b9 /usr/lib/gcc-cross/arm-linux-gnueabihf/8/../../../../arm-linux-gnueabihf/lib/Scrt1.o /usr/lib/gcc-cross/arm-linux-gnueabihf/8/../../../../arm-linux-gnueabihf/lib/crti.o /usr/lib/gcc-cross/arm-linux-gnueabihf/8/crtbeginS.o -L/usr/lib/gcc-cross/arm-linux-gnueabihf/8 -L/usr/lib/gcc-cross/arm-linux-gnueabihf/8/../../../../arm-linux-gnueabihf/lib -L/lib/arm-linux-gnueabihf -L/usr/lib/arm-linux-gnueabihf -z relro CMakeFiles/cmTC_254b9.dir/CMakeCXXCompilerABI.cpp.o -lstdc++ -lm -lgcc_s -lgcc -lc -lgcc_s -lgcc /usr/lib/gcc-cross/arm-linux-gnueabihf/8/crtendS.o /usr/lib/gcc-cross/arm-linux-gnueabihf/8/../../../../arm-linux-gnueabihf/lib/crtn.o]
    arg [/usr/lib/gcc-cross/arm-linux-gnueabihf/8/collect2] ==> ignore
    arg [-plugin] ==> ignore
    arg [/usr/lib/gcc-cross/arm-linux-gnueabihf/8/liblto_plugin.so] ==> ignore
    arg [-plugin-opt=/usr/lib/gcc-cross/arm-linux-gnueabihf/8/lto-wrapper] ==> ignore
    arg [-plugin-opt=-fresolution=/tmp/ccZx9duj.res] ==> ignore
    arg [-plugin-opt=-pass-through=-lgcc_s] ==> ignore
    arg [-plugin-opt=-pass-through=-lgcc] ==> ignore
    arg [-plugin-opt=-pass-through=-lc] ==> ignore
    arg [-plugin-opt=-pass-through=-lgcc_s] ==> ignore
    arg [-plugin-opt=-pass-through=-lgcc] ==> ignore
    arg [--sysroot=/] ==> ignore
    arg [--build-id] ==> ignore
    arg [--eh-frame-hdr] ==> ignore
    arg [-export-dynamic] ==> ignore
    arg [-dynamic-linker] ==> ignore
    arg [/lib/ld-linux-armhf.so.3] ==> ignore
    arg [-X] ==> ignore
    arg [--hash-style=gnu] ==> ignore
    arg [-m] ==> ignore
    arg [armelf_linux_eabi] ==> ignore
    arg [-pie] ==> ignore
    arg [-o] ==> ignore
    arg [cmTC_254b9] ==> ignore
    arg [/usr/lib/gcc-cross/arm-linux-gnueabihf/8/../../../../arm-linux-gnueabihf/lib/Scrt1.o] ==> ignore
    arg [/usr/lib/gcc-cross/arm-linux-gnueabihf/8/../../../../arm-linux-gnueabihf/lib/crti.o] ==> ignore
    arg [/usr/lib/gcc-cross/arm-linux-gnueabihf/8/crtbeginS.o] ==> ignore
    arg [-L/usr/lib/gcc-cross/arm-linux-gnueabihf/8] ==> dir [/usr/lib/gcc-cross/arm-linux-gnueabihf/8]
    arg [-L/usr/lib/gcc-cross/arm-linux-gnueabihf/8/../../../../arm-linux-gnueabihf/lib] ==> dir [/usr/lib/gcc-cross/arm-linux-gnueabihf/8/../../../../arm-linux-gnueabihf/lib]
    arg [-L/lib/arm-linux-gnueabihf] ==> dir [/lib/arm-linux-gnueabihf]
    arg [-L/usr/lib/arm-linux-gnueabihf] ==> dir [/usr/lib/arm-linux-gnueabihf]
    arg [-zrelro] ==> ignore
    arg [CMakeFiles/cmTC_254b9.dir/CMakeCXXCompilerABI.cpp.o] ==> ignore
    arg [-lstdc++] ==> lib [stdc++]
    arg [-lm] ==> lib [m]
    arg [-lgcc_s] ==> lib [gcc_s]
    arg [-lgcc] ==> lib [gcc]
    arg [-lc] ==> lib [c]
    arg [-lgcc_s] ==> lib [gcc_s]
    arg [-lgcc] ==> lib [gcc]
    arg [/usr/lib/gcc-cross/arm-linux-gnueabihf/8/crtendS.o] ==> ignore
    arg [/usr/lib/gcc-cross/arm-linux-gnueabihf/8/../../../../arm-linux-gnueabihf/lib/crtn.o] ==> ignore
  collapse library dir [/usr/lib/gcc-cross/arm-linux-gnueabihf/8] ==> [/usr/lib/gcc-cross/arm-linux-gnueabihf/8]
  collapse library dir [/usr/lib/gcc-cross/arm-linux-gnueabihf/8/../../../../arm-linux-gnueabihf/lib] ==> [/usr/arm-linux-gnueabihf/lib]
  collapse library dir [/lib/arm-linux-gnueabihf] ==> [/lib/arm-linux-gnueabihf]
  collapse library dir [/usr/lib/arm-linux-gnueabihf] ==> [/usr/lib/arm-linux-gnueabihf]
  implicit libs: [stdc++;m;gcc_s;gcc;c;gcc_s;gcc]
  implicit dirs: [/usr/lib/gcc-cross/arm-linux-gnueabihf/8;/usr/arm-linux-gnueabihf/lib;/lib/arm-linux-gnueabihf;/usr/lib/arm-linux-gnueabihf]
  implicit fwks: []




Detecting CXX [-std=c++2a] compiler features compiled with the following output:
Change Dir: /<<PKGBUILDDIR>>/obj-arm-linux-gnueabihf/CMakeFiles/CMakeTmp

Run Build Command:"/usr/bin/make" "cmTC_668ee/fast"
make[2]: Entering directory '/<<PKGBUILDDIR>>/obj-arm-linux-gnueabihf/CMakeFiles/CMakeTmp'
/usr/bin/make -f CMakeFiles/cmTC_668ee.dir/build.make CMakeFiles/cmTC_668ee.dir/build
make[3]: Entering directory '/<<PKGBUILDDIR>>/obj-arm-linux-gnueabihf/CMakeFiles/CMakeTmp'
Building CXX object CMakeFiles/cmTC_668ee.dir/feature_tests.cxx.o
/usr/lib/ccache/arm-linux-gnueabihf-g++    -g -O2 -fdebug-prefix-map=/<<PKGBUILDDIR>>=. -fstack-protector-strong -Wformat -Werror=format-security -fvisibility=hidden -fvisibility-inlines-hidden -Wdate-time -D_FORTIFY_SOURCE=2    -std=c++2a -o CMakeFiles/cmTC_668ee.dir/feature_tests.cxx.o -c /<<PKGBUILDDIR>>/obj-arm-linux-gnueabihf/CMakeFiles/feature_tests.cxx
Linking CXX executable cmTC_668ee
/usr/bin/cmake -E cmake_link_script CMakeFiles/cmTC_668ee.dir/link.txt --verbose=1
/usr/lib/ccache/arm-linux-gnueabihf-g++  -g -O2 -fdebug-prefix-map=/<<PKGBUILDDIR>>=. -fstack-protector-strong -Wformat -Werror=format-security -fvisibility=hidden -fvisibility-inlines-hidden -Wdate-time -D_FORTIFY_SOURCE=2   -Wl,-z,relro  -rdynamic CMakeFiles/cmTC_668ee.dir/feature_tests.cxx.o  -o cmTC_668ee 
make[3]: Leaving directory '/<<PKGBUILDDIR>>/obj-arm-linux-gnueabihf/CMakeFiles/CMakeTmp'
make[2]: Leaving directory '/<<PKGBUILDDIR>>/obj-arm-linux-gnueabihf/CMakeFiles/CMakeTmp'


    Feature record: CXX_FEATURE:1cxx_aggregate_default_initializers
    Feature record: CXX_FEATURE:1cxx_alias_templates
    Feature record: CXX_FEATURE:1cxx_alignas
    Feature record: CXX_FEATURE:1cxx_alignof
    Feature record: CXX_FEATURE:1cxx_attributes
    Feature record: CXX_FEATURE:1cxx_attribute_deprecated
    Feature record: CXX_FEATURE:1cxx_auto_type
    Feature record: CXX_FEATURE:1cxx_binary_literals
    Feature record: CXX_FEATURE:1cxx_constexpr
    Feature record: CXX_FEATURE:1cxx_contextual_conversions
    Feature record: CXX_FEATURE:1cxx_decltype
    Feature record: CXX_FEATURE:1cxx_decltype_auto
    Feature record: CXX_FEATURE:1cxx_decltype_incomplete_return_types
    Feature record: CXX_FEATURE:1cxx_default_function_template_args
    Feature record: CXX_FEATURE:1cxx_defaulted_functions
    Feature record: CXX_FEATURE:1cxx_defaulted_move_initializers
    Feature record: CXX_FEATURE:1cxx_delegating_constructors
    Feature record: CXX_FEATURE:1cxx_deleted_functions
    Feature record: CXX_FEATURE:1cxx_digit_separators
    Feature record: CXX_FEATURE:1cxx_enum_forward_declarations
    Feature record: CXX_FEATURE:1cxx_explicit_conversions
    Feature record: CXX_FEATURE:1cxx_extended_friend_declarations
    Feature record: CXX_FEATURE:1cxx_extern_templates
    Feature record: CXX_FEATURE:1cxx_final
    Feature record: CXX_FEATURE:1cxx_func_identifier
    Feature record: CXX_FEATURE:1cxx_generalized_initializers
    Feature record: CXX_FEATURE:1cxx_generic_lambdas
    Feature record: CXX_FEATURE:1cxx_inheriting_constructors
    Feature record: CXX_FEATURE:1cxx_inline_namespaces
    Feature record: CXX_FEATURE:1cxx_lambdas
    Feature record: CXX_FEATURE:1cxx_lambda_init_captures
    Feature record: CXX_FEATURE:1cxx_local_type_template_args
    Feature record: CXX_FEATURE:1cxx_long_long_type
    Feature record: CXX_FEATURE:1cxx_noexcept
    Feature record: CXX_FEATURE:1cxx_nonstatic_member_init
    Feature record: CXX_FEATURE:1cxx_nullptr
    Feature record: CXX_FEATURE:1cxx_override
    Feature record: CXX_FEATURE:1cxx_range_for
    Feature record: CXX_FEATURE:1cxx_raw_string_literals
    Feature record: CXX_FEATURE:1cxx_reference_qualified_functions
    Feature record: CXX_FEATURE:1cxx_relaxed_constexpr
    Feature record: CXX_FEATURE:1cxx_return_type_deduction
    Feature record: CXX_FEATURE:1cxx_right_angle_brackets
    Feature record: CXX_FEATURE:1cxx_rvalue_references
    Feature record: CXX_FEATURE:1cxx_sizeof_member
    Feature record: CXX_FEATURE:1cxx_static_assert
    Feature record: CXX_FEATURE:1cxx_strong_enums
    Feature record: CXX_FEATURE:1cxx_template_template_parameters
    Feature record: CXX_FEATURE:1cxx_thread_local
    Feature record: CXX_FEATURE:1cxx_trailing_return_types
    Feature record: CXX_FEATURE:1cxx_unicode_literals
    Feature record: CXX_FEATURE:1cxx_uniform_initialization
    Feature record: CXX_FEATURE:1cxx_unrestricted_unions
    Feature record: CXX_FEATURE:1cxx_user_literals
    Feature record: CXX_FEATURE:1cxx_variable_templates
    Feature record: CXX_FEATURE:1cxx_variadic_macros
    Feature record: CXX_FEATURE:1cxx_variadic_templates


Detecting CXX [-std=c++17] compiler features compiled with the following output:
Change Dir: /<<PKGBUILDDIR>>/obj-arm-linux-gnueabihf/CMakeFiles/CMakeTmp

Run Build Command:"/usr/bin/make" "cmTC_cae02/fast"
make[2]: Entering directory '/<<PKGBUILDDIR>>/obj-arm-linux-gnueabihf/CMakeFiles/CMakeTmp'
/usr/bin/make -f CMakeFiles/cmTC_cae02.dir/build.make CMakeFiles/cmTC_cae02.dir/build
make[3]: Entering directory '/<<PKGBUILDDIR>>/obj-arm-linux-gnueabihf/CMakeFiles/CMakeTmp'
Building CXX object CMakeFiles/cmTC_cae02.dir/feature_tests.cxx.o
/usr/lib/ccache/arm-linux-gnueabihf-g++    -g -O2 -fdebug-prefix-map=/<<PKGBUILDDIR>>=. -fstack-protector-strong -Wformat -Werror=format-security -fvisibility=hidden -fvisibility-inlines-hidden -Wdate-time -D_FORTIFY_SOURCE=2    -std=c++17 -o CMakeFiles/cmTC_cae02.dir/feature_tests.cxx.o -c /<<PKGBUILDDIR>>/obj-arm-linux-gnueabihf/CMakeFiles/feature_tests.cxx
Linking CXX executable cmTC_cae02
/usr/bin/cmake -E cmake_link_script CMakeFiles/cmTC_cae02.dir/link.txt --verbose=1
/usr/lib/ccache/arm-linux-gnueabihf-g++  -g -O2 -fdebug-prefix-map=/<<PKGBUILDDIR>>=. -fstack-protector-strong -Wformat -Werror=format-security -fvisibility=hidden -fvisibility-inlines-hidden -Wdate-time -D_FORTIFY_SOURCE=2   -Wl,-z,relro  -rdynamic CMakeFiles/cmTC_cae02.dir/feature_tests.cxx.o  -o cmTC_cae02 
make[3]: Leaving directory '/<<PKGBUILDDIR>>/obj-arm-linux-gnueabihf/CMakeFiles/CMakeTmp'
make[2]: Leaving directory '/<<PKGBUILDDIR>>/obj-arm-linux-gnueabihf/CMakeFiles/CMakeTmp'


    Feature record: CXX_FEATURE:1cxx_aggregate_default_initializers
    Feature record: CXX_FEATURE:1cxx_alias_templates
    Feature record: CXX_FEATURE:1cxx_alignas
    Feature record: CXX_FEATURE:1cxx_alignof
    Feature record: CXX_FEATURE:1cxx_attributes
    Feature record: CXX_FEATURE:1cxx_attribute_deprecated
    Feature record: CXX_FEATURE:1cxx_auto_type
    Feature record: CXX_FEATURE:1cxx_binary_literals
    Feature record: CXX_FEATURE:1cxx_constexpr
    Feature record: CXX_FEATURE:1cxx_contextual_conversions
    Feature record: CXX_FEATURE:1cxx_decltype
    Feature record: CXX_FEATURE:1cxx_decltype_auto
    Feature record: CXX_FEATURE:1cxx_decltype_incomplete_return_types
    Feature record: CXX_FEATURE:1cxx_default_function_template_args
    Feature record: CXX_FEATURE:1cxx_defaulted_functions
    Feature record: CXX_FEATURE:1cxx_defaulted_move_initializers
    Feature record: CXX_FEATURE:1cxx_delegating_constructors
    Feature record: CXX_FEATURE:1cxx_deleted_functions
    Feature record: CXX_FEATURE:1cxx_digit_separators
    Feature record: CXX_FEATURE:1cxx_enum_forward_declarations
    Feature record: CXX_FEATURE:1cxx_explicit_conversions
    Feature record: CXX_FEATURE:1cxx_extended_friend_declarations
    Feature record: CXX_FEATURE:1cxx_extern_templates
    Feature record: CXX_FEATURE:1cxx_final
    Feature record: CXX_FEATURE:1cxx_func_identifier
    Feature record: CXX_FEATURE:1cxx_generalized_initializers
    Feature record: CXX_FEATURE:1cxx_generic_lambdas
    Feature record: CXX_FEATURE:1cxx_inheriting_constructors
    Feature record: CXX_FEATURE:1cxx_inline_namespaces
    Feature record: CXX_FEATURE:1cxx_lambdas
    Feature record: CXX_FEATURE:1cxx_lambda_init_captures
    Feature record: CXX_FEATURE:1cxx_local_type_template_args
    Feature record: CXX_FEATURE:1cxx_long_long_type
    Feature record: CXX_FEATURE:1cxx_noexcept
    Feature record: CXX_FEATURE:1cxx_nonstatic_member_init
    Feature record: CXX_FEATURE:1cxx_nullptr
    Feature record: CXX_FEATURE:1cxx_override
    Feature record: CXX_FEATURE:1cxx_range_for
    Feature record: CXX_FEATURE:1cxx_raw_string_literals
    Feature record: CXX_FEATURE:1cxx_reference_qualified_functions
    Feature record: CXX_FEATURE:1cxx_relaxed_constexpr
    Feature record: CXX_FEATURE:1cxx_return_type_deduction
    Feature record: CXX_FEATURE:1cxx_right_angle_brackets
    Feature record: CXX_FEATURE:1cxx_rvalue_references
    Feature record: CXX_FEATURE:1cxx_sizeof_member
    Feature record: CXX_FEATURE:1cxx_static_assert
    Feature record: CXX_FEATURE:1cxx_strong_enums
    Feature record: CXX_FEATURE:1cxx_template_template_parameters
    Feature record: CXX_FEATURE:1cxx_thread_local
    Feature record: CXX_FEATURE:1cxx_trailing_return_types
    Feature record: CXX_FEATURE:1cxx_unicode_literals
    Feature record: CXX_FEATURE:1cxx_uniform_initialization
    Feature record: CXX_FEATURE:1cxx_unrestricted_unions
    Feature record: CXX_FEATURE:1cxx_user_literals
    Feature record: CXX_FEATURE:1cxx_variable_templates
    Feature record: CXX_FEATURE:1cxx_variadic_macros
    Feature record: CXX_FEATURE:1cxx_variadic_templates


Detecting CXX [-std=c++14] compiler features compiled with the following output:
Change Dir: /<<PKGBUILDDIR>>/obj-arm-linux-gnueabihf/CMakeFiles/CMakeTmp

Run Build Command:"/usr/bin/make" "cmTC_0ab9b/fast"
make[2]: Entering directory '/<<PKGBUILDDIR>>/obj-arm-linux-gnueabihf/CMakeFiles/CMakeTmp'
/usr/bin/make -f CMakeFiles/cmTC_0ab9b.dir/build.make CMakeFiles/cmTC_0ab9b.dir/build
make[3]: Entering directory '/<<PKGBUILDDIR>>/obj-arm-linux-gnueabihf/CMakeFiles/CMakeTmp'
Building CXX object CMakeFiles/cmTC_0ab9b.dir/feature_tests.cxx.o
/usr/lib/ccache/arm-linux-gnueabihf-g++    -g -O2 -fdebug-prefix-map=/<<PKGBUILDDIR>>=. -fstack-protector-strong -Wformat -Werror=format-security -fvisibility=hidden -fvisibility-inlines-hidden -Wdate-time -D_FORTIFY_SOURCE=2    -std=c++14 -o CMakeFiles/cmTC_0ab9b.dir/feature_tests.cxx.o -c /<<PKGBUILDDIR>>/obj-arm-linux-gnueabihf/CMakeFiles/feature_tests.cxx
Linking CXX executable cmTC_0ab9b
/usr/bin/cmake -E cmake_link_script CMakeFiles/cmTC_0ab9b.dir/link.txt --verbose=1
/usr/lib/ccache/arm-linux-gnueabihf-g++  -g -O2 -fdebug-prefix-map=/<<PKGBUILDDIR>>=. -fstack-protector-strong -Wformat -Werror=format-security -fvisibility=hidden -fvisibility-inlines-hidden -Wdate-time -D_FORTIFY_SOURCE=2   -Wl,-z,relro  -rdynamic CMakeFiles/cmTC_0ab9b.dir/feature_tests.cxx.o  -o cmTC_0ab9b 
make[3]: Leaving directory '/<<PKGBUILDDIR>>/obj-arm-linux-gnueabihf/CMakeFiles/CMakeTmp'
make[2]: Leaving directory '/<<PKGBUILDDIR>>/obj-arm-linux-gnueabihf/CMakeFiles/CMakeTmp'


    Feature record: CXX_FEATURE:1cxx_aggregate_default_initializers
    Feature record: CXX_FEATURE:1cxx_alias_templates
    Feature record: CXX_FEATURE:1cxx_alignas
    Feature record: CXX_FEATURE:1cxx_alignof
    Feature record: CXX_FEATURE:1cxx_attributes
    Feature record: CXX_FEATURE:1cxx_attribute_deprecated
    Feature record: CXX_FEATURE:1cxx_auto_type
    Feature record: CXX_FEATURE:1cxx_binary_literals
    Feature record: CXX_FEATURE:1cxx_constexpr
    Feature record: CXX_FEATURE:1cxx_contextual_conversions
    Feature record: CXX_FEATURE:1cxx_decltype
    Feature record: CXX_FEATURE:1cxx_decltype_auto
    Feature record: CXX_FEATURE:1cxx_decltype_incomplete_return_types
    Feature record: CXX_FEATURE:1cxx_default_function_template_args
    Feature record: CXX_FEATURE:1cxx_defaulted_functions
    Feature record: CXX_FEATURE:1cxx_defaulted_move_initializers
    Feature record: CXX_FEATURE:1cxx_delegating_constructors
    Feature record: CXX_FEATURE:1cxx_deleted_functions
    Feature record: CXX_FEATURE:1cxx_digit_separators
    Feature record: CXX_FEATURE:1cxx_enum_forward_declarations
    Feature record: CXX_FEATURE:1cxx_explicit_conversions
    Feature record: CXX_FEATURE:1cxx_extended_friend_declarations
    Feature record: CXX_FEATURE:1cxx_extern_templates
    Feature record: CXX_FEATURE:1cxx_final
    Feature record: CXX_FEATURE:1cxx_func_identifier
    Feature record: CXX_FEATURE:1cxx_generalized_initializers
    Feature record: CXX_FEATURE:1cxx_generic_lambdas
    Feature record: CXX_FEATURE:1cxx_inheriting_constructors
    Feature record: CXX_FEATURE:1cxx_inline_namespaces
    Feature record: CXX_FEATURE:1cxx_lambdas
    Feature record: CXX_FEATURE:1cxx_lambda_init_captures
    Feature record: CXX_FEATURE:1cxx_local_type_template_args
    Feature record: CXX_FEATURE:1cxx_long_long_type
    Feature record: CXX_FEATURE:1cxx_noexcept
    Feature record: CXX_FEATURE:1cxx_nonstatic_member_init
    Feature record: CXX_FEATURE:1cxx_nullptr
    Feature record: CXX_FEATURE:1cxx_override
    Feature record: CXX_FEATURE:1cxx_range_for
    Feature record: CXX_FEATURE:1cxx_raw_string_literals
    Feature record: CXX_FEATURE:1cxx_reference_qualified_functions
    Feature record: CXX_FEATURE:1cxx_relaxed_constexpr
    Feature record: CXX_FEATURE:1cxx_return_type_deduction
    Feature record: CXX_FEATURE:1cxx_right_angle_brackets
    Feature record: CXX_FEATURE:1cxx_rvalue_references
    Feature record: CXX_FEATURE:1cxx_sizeof_member
    Feature record: CXX_FEATURE:1cxx_static_assert
    Feature record: CXX_FEATURE:1cxx_strong_enums
    Feature record: CXX_FEATURE:1cxx_template_template_parameters
    Feature record: CXX_FEATURE:1cxx_thread_local
    Feature record: CXX_FEATURE:1cxx_trailing_return_types
    Feature record: CXX_FEATURE:1cxx_unicode_literals
    Feature record: CXX_FEATURE:1cxx_uniform_initialization
    Feature record: CXX_FEATURE:1cxx_unrestricted_unions
    Feature record: CXX_FEATURE:1cxx_user_literals
    Feature record: CXX_FEATURE:1cxx_variable_templates
    Feature record: CXX_FEATURE:1cxx_variadic_macros
    Feature record: CXX_FEATURE:1cxx_variadic_templates


Detecting CXX [-std=c++11] compiler features compiled with the following output:
Change Dir: /<<PKGBUILDDIR>>/obj-arm-linux-gnueabihf/CMakeFiles/CMakeTmp

Run Build Command:"/usr/bin/make" "cmTC_b90b4/fast"
make[2]: Entering directory '/<<PKGBUILDDIR>>/obj-arm-linux-gnueabihf/CMakeFiles/CMakeTmp'
/usr/bin/make -f CMakeFiles/cmTC_b90b4.dir/build.make CMakeFiles/cmTC_b90b4.dir/build
make[3]: Entering directory '/<<PKGBUILDDIR>>/obj-arm-linux-gnueabihf/CMakeFiles/CMakeTmp'
Building CXX object CMakeFiles/cmTC_b90b4.dir/feature_tests.cxx.o
/usr/lib/ccache/arm-linux-gnueabihf-g++    -g -O2 -fdebug-prefix-map=/<<PKGBUILDDIR>>=. -fstack-protector-strong -Wformat -Werror=format-security -fvisibility=hidden -fvisibility-inlines-hidden -Wdate-time -D_FORTIFY_SOURCE=2    -std=c++11 -o CMakeFiles/cmTC_b90b4.dir/feature_tests.cxx.o -c /<<PKGBUILDDIR>>/obj-arm-linux-gnueabihf/CMakeFiles/feature_tests.cxx
Linking CXX executable cmTC_b90b4
/usr/bin/cmake -E cmake_link_script CMakeFiles/cmTC_b90b4.dir/link.txt --verbose=1
/usr/lib/ccache/arm-linux-gnueabihf-g++  -g -O2 -fdebug-prefix-map=/<<PKGBUILDDIR>>=. -fstack-protector-strong -Wformat -Werror=format-security -fvisibility=hidden -fvisibility-inlines-hidden -Wdate-time -D_FORTIFY_SOURCE=2   -Wl,-z,relro  -rdynamic CMakeFiles/cmTC_b90b4.dir/feature_tests.cxx.o  -o cmTC_b90b4 
make[3]: Leaving directory '/<<PKGBUILDDIR>>/obj-arm-linux-gnueabihf/CMakeFiles/CMakeTmp'
make[2]: Leaving directory '/<<PKGBUILDDIR>>/obj-arm-linux-gnueabihf/CMakeFiles/CMakeTmp'


    Feature record: CXX_FEATURE:0cxx_aggregate_default_initializers
    Feature record: CXX_FEATURE:1cxx_alias_templates
    Feature record: CXX_FEATURE:1cxx_alignas
    Feature record: CXX_FEATURE:1cxx_alignof
    Feature record: CXX_FEATURE:1cxx_attributes
    Feature record: CXX_FEATURE:0cxx_attribute_deprecated
    Feature record: CXX_FEATURE:1cxx_auto_type
    Feature record: CXX_FEATURE:0cxx_binary_literals
    Feature record: CXX_FEATURE:1cxx_constexpr
    Feature record: CXX_FEATURE:0cxx_contextual_conversions
    Feature record: CXX_FEATURE:1cxx_decltype
    Feature record: CXX_FEATURE:0cxx_decltype_auto
    Feature record: CXX_FEATURE:1cxx_decltype_incomplete_return_types
    Feature record: CXX_FEATURE:1cxx_default_function_template_args
    Feature record: CXX_FEATURE:1cxx_defaulted_functions
    Feature record: CXX_FEATURE:1cxx_defaulted_move_initializers
    Feature record: CXX_FEATURE:1cxx_delegating_constructors
    Feature record: CXX_FEATURE:1cxx_deleted_functions
    Feature record: CXX_FEATURE:0cxx_digit_separators
    Feature record: CXX_FEATURE:1cxx_enum_forward_declarations
    Feature record: CXX_FEATURE:1cxx_explicit_conversions
    Feature record: CXX_FEATURE:1cxx_extended_friend_declarations
    Feature record: CXX_FEATURE:1cxx_extern_templates
    Feature record: CXX_FEATURE:1cxx_final
    Feature record: CXX_FEATURE:1cxx_func_identifier
    Feature record: CXX_FEATURE:1cxx_generalized_initializers
    Feature record: CXX_FEATURE:0cxx_generic_lambdas
    Feature record: CXX_FEATURE:1cxx_inheriting_constructors
    Feature record: CXX_FEATURE:1cxx_inline_namespaces
    Feature record: CXX_FEATURE:1cxx_lambdas
    Feature record: CXX_FEATURE:0cxx_lambda_init_captures
    Feature record: CXX_FEATURE:1cxx_local_type_template_args
    Feature record: CXX_FEATURE:1cxx_long_long_type
    Feature record: CXX_FEATURE:1cxx_noexcept
    Feature record: CXX_FEATURE:1cxx_nonstatic_member_init
    Feature record: CXX_FEATURE:1cxx_nullptr
    Feature record: CXX_FEATURE:1cxx_override
    Feature record: CXX_FEATURE:1cxx_range_for
    Feature record: CXX_FEATURE:1cxx_raw_string_literals
    Feature record: CXX_FEATURE:1cxx_reference_qualified_functions
    Feature record: CXX_FEATURE:0cxx_relaxed_constexpr
    Feature record: CXX_FEATURE:0cxx_return_type_deduction
    Feature record: CXX_FEATURE:1cxx_right_angle_brackets
    Feature record: CXX_FEATURE:1cxx_rvalue_references
    Feature record: CXX_FEATURE:1cxx_sizeof_member
    Feature record: CXX_FEATURE:1cxx_static_assert
    Feature record: CXX_FEATURE:1cxx_strong_enums
    Feature record: CXX_FEATURE:1cxx_template_template_parameters
    Feature record: CXX_FEATURE:1cxx_thread_local
    Feature record: CXX_FEATURE:1cxx_trailing_return_types
    Feature record: CXX_FEATURE:1cxx_unicode_literals
    Feature record: CXX_FEATURE:1cxx_uniform_initialization
    Feature record: CXX_FEATURE:1cxx_unrestricted_unions
    Feature record: CXX_FEATURE:1cxx_user_literals
    Feature record: CXX_FEATURE:0cxx_variable_templates
    Feature record: CXX_FEATURE:1cxx_variadic_macros
    Feature record: CXX_FEATURE:1cxx_variadic_templates


Detecting CXX [-std=c++98] compiler features compiled with the following output:
Change Dir: /<<PKGBUILDDIR>>/obj-arm-linux-gnueabihf/CMakeFiles/CMakeTmp

Run Build Command:"/usr/bin/make" "cmTC_34d44/fast"
make[2]: Entering directory '/<<PKGBUILDDIR>>/obj-arm-linux-gnueabihf/CMakeFiles/CMakeTmp'
/usr/bin/make -f CMakeFiles/cmTC_34d44.dir/build.make CMakeFiles/cmTC_34d44.dir/build
make[3]: Entering directory '/<<PKGBUILDDIR>>/obj-arm-linux-gnueabihf/CMakeFiles/CMakeTmp'
Building CXX object CMakeFiles/cmTC_34d44.dir/feature_tests.cxx.o
/usr/lib/ccache/arm-linux-gnueabihf-g++    -g -O2 -fdebug-prefix-map=/<<PKGBUILDDIR>>=. -fstack-protector-strong -Wformat -Werror=format-security -fvisibility=hidden -fvisibility-inlines-hidden -Wdate-time -D_FORTIFY_SOURCE=2    -std=c++98 -o CMakeFiles/cmTC_34d44.dir/feature_tests.cxx.o -c /<<PKGBUILDDIR>>/obj-arm-linux-gnueabihf/CMakeFiles/feature_tests.cxx
Linking CXX executable cmTC_34d44
/usr/bin/cmake -E cmake_link_script CMakeFiles/cmTC_34d44.dir/link.txt --verbose=1
/usr/lib/ccache/arm-linux-gnueabihf-g++  -g -O2 -fdebug-prefix-map=/<<PKGBUILDDIR>>=. -fstack-protector-strong -Wformat -Werror=format-security -fvisibility=hidden -fvisibility-inlines-hidden -Wdate-time -D_FORTIFY_SOURCE=2   -Wl,-z,relro  -rdynamic CMakeFiles/cmTC_34d44.dir/feature_tests.cxx.o  -o cmTC_34d44 
make[3]: Leaving directory '/<<PKGBUILDDIR>>/obj-arm-linux-gnueabihf/CMakeFiles/CMakeTmp'
make[2]: Leaving directory '/<<PKGBUILDDIR>>/obj-arm-linux-gnueabihf/CMakeFiles/CMakeTmp'


    Feature record: CXX_FEATURE:0cxx_aggregate_default_initializers
    Feature record: CXX_FEATURE:0cxx_alias_templates
    Feature record: CXX_FEATURE:0cxx_alignas
    Feature record: CXX_FEATURE:0cxx_alignof
    Feature record: CXX_FEATURE:0cxx_attributes
    Feature record: CXX_FEATURE:0cxx_attribute_deprecated
    Feature record: CXX_FEATURE:0cxx_auto_type
    Feature record: CXX_FEATURE:0cxx_binary_literals
    Feature record: CXX_FEATURE:0cxx_constexpr
    Feature record: CXX_FEATURE:0cxx_contextual_conversions
    Feature record: CXX_FEATURE:0cxx_decltype
    Feature record: CXX_FEATURE:0cxx_decltype_auto
    Feature record: CXX_FEATURE:0cxx_decltype_incomplete_return_types
    Feature record: CXX_FEATURE:0cxx_default_function_template_args
    Feature record: CXX_FEATURE:0cxx_defaulted_functions
    Feature record: CXX_FEATURE:0cxx_defaulted_move_initializers
    Feature record: CXX_FEATURE:0cxx_delegating_constructors
    Feature record: CXX_FEATURE:0cxx_deleted_functions
    Feature record: CXX_FEATURE:0cxx_digit_separators
    Feature record: CXX_FEATURE:0cxx_enum_forward_declarations
    Feature record: CXX_FEATURE:0cxx_explicit_conversions
    Feature record: CXX_FEATURE:0cxx_extended_friend_declarations
    Feature record: CXX_FEATURE:0cxx_extern_templates
    Feature record: CXX_FEATURE:0cxx_final
    Feature record: CXX_FEATURE:0cxx_func_identifier
    Feature record: CXX_FEATURE:0cxx_generalized_initializers
    Feature record: CXX_FEATURE:0cxx_generic_lambdas
    Feature record: CXX_FEATURE:0cxx_inheriting_constructors
    Feature record: CXX_FEATURE:0cxx_inline_namespaces
    Feature record: CXX_FEATURE:0cxx_lambdas
    Feature record: CXX_FEATURE:0cxx_lambda_init_captures
    Feature record: CXX_FEATURE:0cxx_local_type_template_args
    Feature record: CXX_FEATURE:0cxx_long_long_type
    Feature record: CXX_FEATURE:0cxx_noexcept
    Feature record: CXX_FEATURE:0cxx_nonstatic_member_init
    Feature record: CXX_FEATURE:0cxx_nullptr
    Feature record: CXX_FEATURE:0cxx_override
    Feature record: CXX_FEATURE:0cxx_range_for
    Feature record: CXX_FEATURE:0cxx_raw_string_literals
    Feature record: CXX_FEATURE:0cxx_reference_qualified_functions
    Feature record: CXX_FEATURE:0cxx_relaxed_constexpr
    Feature record: CXX_FEATURE:0cxx_return_type_deduction
    Feature record: CXX_FEATURE:0cxx_right_angle_brackets
    Feature record: CXX_FEATURE:0cxx_rvalue_references
    Feature record: CXX_FEATURE:0cxx_sizeof_member
    Feature record: CXX_FEATURE:0cxx_static_assert
    Feature record: CXX_FEATURE:0cxx_strong_enums
    Feature record: CXX_FEATURE:1cxx_template_template_parameters
    Feature record: CXX_FEATURE:0cxx_thread_local
    Feature record: CXX_FEATURE:0cxx_trailing_return_types
    Feature record: CXX_FEATURE:0cxx_unicode_literals
    Feature record: CXX_FEATURE:0cxx_uniform_initialization
    Feature record: CXX_FEATURE:0cxx_unrestricted_unions
    Feature record: CXX_FEATURE:0cxx_user_literals
    Feature record: CXX_FEATURE:0cxx_variable_templates
    Feature record: CXX_FEATURE:0cxx_variadic_macros
    Feature record: CXX_FEATURE:0cxx_variadic_templates
dh_auto_configure: cd obj-arm-linux-gnueabihf && cmake -DCMAKE_INSTALL_PREFIX=/usr -DCMAKE_BUILD_TYPE=None -DCMAKE_INSTALL_SYSCONFDIR=/etc -DCMAKE_INSTALL_LOCALSTATEDIR=/var -DCMAKE_EXPORT_NO_PACKAGE_REGISTRY=ON -DCMAKE_FIND_PACKAGE_NO_PACKAGE_REGISTRY=ON "-GUnix Makefiles" -DCMAKE_VERBOSE_MAKEFILE=ON -DCMAKE_SYSTEM_NAME=Linux -DCMAKE_SYSTEM_PROCESSOR=arm -DCMAKE_C_COMPILER=arm-linux-gnueabihf-gcc -DCMAKE_CXX_COMPILER=arm-linux-gnueabihf-g\+\+ -DPKG_CONFIG_EXECUTABLE=/usr/bin/arm-linux-gnueabihf-pkg-config -DPKGCONFIG_EXECUTABLE=/usr/bin/arm-linux-gnueabihf-pkg-config -DQMAKE_EXECUTABLE=/usr/bin/arm-linux-gnueabihf-qmake -DCMAKE_INSTALL_LIBDIR=lib/arm-linux-gnueabihf -DATTICA_ENABLE_TESTS=OFF .. returned exit code 1
make[1]: *** [debian/rules:10: override_dh_auto_configure] Error 2
make[1]: Leaving directory '/<<PKGBUILDDIR>>'
make: *** [debian/rules:7: build-arch] Error 2
dpkg-buildpackage: error: debian/rules build-arch subprocess returned exit status 2
--------------------------------------------------------------------------------
Build finished at 2019-03-01T06:08:18Z

Finished
--------


+------------------------------------------------------------------------------+
| Cleanup                                                                      |
+------------------------------------------------------------------------------+

Purging /<<BUILDDIR>>
Reading package lists...
Building dependency tree...
Reading state information...
The following packages were automatically installed and are no longer required:
  libauthen-sasl-perl libdata-dump-perl libfont-afm-perl libhtml-form-perl
  libhtml-format-perl libhttp-daemon-perl libmailtools-perl
  libnet-smtp-ssl-perl libyaml-0-2 libyaml-libyaml-perl uuid-runtime
Use 'apt autoremove' to remove them.
0 upgraded, 0 newly installed, 0 to remove and 0 not upgraded.
Reading package lists...
Building dependency tree...
Reading state information...
The following packages were automatically installed and are no longer required:
  libauthen-sasl-perl libdata-dump-perl libfont-afm-perl libhtml-form-perl
  libhtml-format-perl libhttp-daemon-perl libmailtools-perl
  libnet-smtp-ssl-perl libyaml-0-2 libyaml-libyaml-perl uuid-runtime
Use 'apt autoremove' to remove them.
The following packages will be REMOVED:
  autoconf* automake* autopoint* autotools-dev* bsdmainutils* cmake*
  cmake-data* debhelper* dh-autoreconf* dh-strip-nondeterminism* dwz*
  fontconfig* fontconfig-config* fonts-dejavu-core* gcc-8-base:armhf* gettext*
  gettext-base* groff-base* intltool-debian* libarchive-zip-perl*
  libarchive13* libasan5:armhf* libatomic1:armhf* libaudio2:armhf*
  libblkid1:armhf* libbsd0* libbsd0:armhf* libc6:armhf* libc6-dev:armhf*
  libcroco3* libcurl4* libdbus-1-3:armhf* libelf1* libexpat1:armhf*
  libffi6:armhf* libfile-stripnondeterminism-perl* libfontconfig1*
  libfontconfig1:armhf* libfreetype6* libfreetype6:armhf* libgcc-8-dev:armhf*
  libgcc1:armhf* libgcrypt20:armhf* libglib2.0-0* libglib2.0-0:armhf*
  libgomp1:armhf* libgpg-error0:armhf* libgssapi-krb5-2* libice6:armhf*
  libjbig0:armhf* libjpeg62-turbo:armhf* libjsoncpp1* libk5crypto3*
  libkeyutils1* libkrb5-3* libkrb5support0* liblcms2-2:armhf* liblz4-1:armhf*
  liblzma5:armhf* libmng1:armhf* libmount1:armhf* libmpdec2* libncurses6*
  libnghttp2-14* libpcre3:armhf* libpipeline1* libpng16-16* libpng16-16:armhf*
  libprocps7* libpsl5* libpython3-stdlib* libpython3.7-minimal*
  libpython3.7-stdlib* libqt4-dbus:armhf* libqt4-declarative:armhf*
  libqt4-designer:armhf* libqt4-dev:armhf* libqt4-dev-bin:armhf*
  libqt4-help:armhf* libqt4-network:armhf* libqt4-qt3support:armhf*
  libqt4-script:armhf* libqt4-scripttools:armhf* libqt4-sql:armhf*
  libqt4-svg:armhf* libqt4-test:armhf* libqt4-xml:armhf*
  libqt4-xmlpatterns:armhf* libqtcore4:armhf* libqtdbus4:armhf*
  libqtgui4:armhf* librhash0* librtmp1* libselinux1:armhf* libsigsegv2*
  libsm6:armhf* libssh2-1* libstdc++-8-dev:armhf* libstdc++6:armhf*
  libsystemd0:armhf* libtiff5:armhf* libtool* libubsan1:armhf* libuchardet0*
  libuuid1:armhf* libuv1* libwebp6:armhf* libx11-6:armhf* libx11-data*
  libxau6:armhf* libxcb1:armhf* libxdmcp6:armhf* libxext6:armhf*
  libxrender1:armhf* libxt6:armhf* libzstd1:armhf* linux-libc-dev:armhf* m4*
  man-db* mime-support* pkg-kde-tools* po-debconf* procps* python3*
  python3-minimal* python3.7* python3.7-minimal* qdbus:armhf*
  qt4-linguist-tools:armhf* qt4-qmake:armhf* qtchooser* qtcore4-l10n*
  sbuild-build-depends-main-dummy:armhf* x11-common* zlib1g:armhf*
0 upgraded, 0 newly installed, 135 to remove and 0 not upgraded.
After this operation, 218 MB disk space will be freed.
(Reading database ... 27386 files and directories currently installed.)
Removing sbuild-build-depends-main-dummy:armhf (0.invalid.0) ...
Removing cmake (3.13.4-1) ...
Removing cmake-data (3.13.4-1) ...
Removing libqt4-dev:armhf (4:4.8.7+dfsg-17+b1) ...
Removing libqt4-declarative:armhf (4:4.8.7+dfsg-17+b1) ...
Removing libqt4-svg:armhf (4:4.8.7+dfsg-17+b1) ...
Removing libstdc++-8-dev:armhf (8.3.0-2) ...
Removing libgcc-8-dev:armhf (8.3.0-2) ...
Removing libubsan1:armhf (8.3.0-2) ...
Removing qt4-qmake:armhf (4:4.8.7+dfsg-17+b1) ...
Removing libarchive13:amd64 (3.3.3-4) ...
Removing libasan5:armhf (8.3.0-2) ...
Removing libatomic1:armhf (8.3.0-2) ...
Removing qt4-linguist-tools:armhf (4:4.8.7+dfsg-17+b1) ...
Removing libqt4-dbus:armhf (4:4.8.7+dfsg-17+b1) ...
Removing qdbus:armhf (4:4.8.7+dfsg-17+b1) ...
Removing libqt4-xmlpatterns:armhf (4:4.8.7+dfsg-17+b1) ...
Removing libqt4-scripttools:armhf (4:4.8.7+dfsg-17+b1) ...
Removing libc6-dev:armhf (2.28-7) ...
Removing libcurl4:amd64 (7.64.0-1) ...
Removing libqt4-dev-bin:armhf (4:4.8.7+dfsg-17+b1) ...
Removing libqt4-qt3support:armhf (4:4.8.7+dfsg-17+b1) ...
Removing libqt4-designer:armhf (4:4.8.7+dfsg-17+b1) ...
Removing libgomp1:armhf (8.3.0-2) ...
Removing libgssapi-krb5-2:amd64 (1.17-2) ...
Removing libjsoncpp1:amd64 (1.7.4-3) ...
Removing libkrb5-3:amd64 (1.17-2) ...
Removing libk5crypto3:amd64 (1.17-2) ...
Removing libkrb5support0:amd64 (1.17-2) ...
Removing libkeyutils1:amd64 (1.6-4) ...
Removing pkg-kde-tools (0.15.28) ...
Removing python3 (3.7.2-1) ...
Removing python3.7 (3.7.2-2) ...
Removing libpython3-stdlib:amd64 (3.7.2-1) ...
Removing libpython3.7-stdlib:amd64 (3.7.2-2) ...
find: /usr/lib/python3: No such file or directory
Removing libmpdec2:amd64 (2.4.2-2) ...
Removing procps (2:3.3.15-2) ...
Removing libnghttp2-14:amd64 (1.36.0-2) ...
Removing libprocps7:amd64 (2:3.3.15-2) ...
Removing libpsl5:amd64 (0.20.2-2) ...
Removing python3-minimal (3.7.2-1) ...
Removing python3.7-minimal (3.7.2-2) ...
Removing libpython3.7-minimal:amd64 (3.7.2-2) ...
find: /usr/lib/python3: No such file or directory
Removing libqt4-help:armhf (4:4.8.7+dfsg-17+b1) ...
Removing libqt4-sql:armhf (4:4.8.7+dfsg-17+b1) ...
Removing libqt4-test:armhf (4:4.8.7+dfsg-17+b1) ...
Removing librhash0:amd64 (1.3.8-1) ...
Removing librtmp1:amd64 (2.4+20151223.gitfa8646d.1-2) ...
Removing libssh2-1:amd64 (1.8.0-2) ...
Removing libuv1:amd64 (1.24.1-1) ...
Removing linux-libc-dev:armhf (4.19.20-1) ...
Removing mime-support (3.62) ...
Removing qtchooser (66-1) ...
Removing libqtgui4:armhf (4:4.8.7+dfsg-17+b1) ...
Removing fontconfig (2.13.1-2) ...
Removing libfontconfig1:amd64 (2.13.1-2) ...
Removing libfontconfig1:armhf (2.13.1-2) ...
Removing fontconfig-config (2.13.1-2) ...
Removing fonts-dejavu-core (2.37-1) ...
Removing libaudio2:armhf (1.9.4-6) ...
Removing libxt6:armhf (1:1.1.5-1) ...
Removing libxrender1:armhf (1:0.9.10-1) ...
Removing libsm6:armhf (2:1.2.3-1) ...
Removing libice6:armhf (2:1.0.9-2) ...
Removing libtiff5:armhf (4.0.10-4) ...
Removing libqt4-network:armhf (4:4.8.7+dfsg-17+b1) ...
Removing libqt4-script:armhf (4:4.8.7+dfsg-17+b1) ...
Removing libqtdbus4:armhf (4:4.8.7+dfsg-17+b1) ...
Removing libdbus-1-3:armhf (1.12.12-1) ...
Removing libsystemd0:armhf (241-1) ...
Removing liblzma5:armhf (5.2.4-1) ...
Removing libexpat1:armhf (2.2.6-1) ...
Removing libfreetype6:armhf (2.9.1-3) ...
Removing libfreetype6:amd64 (2.9.1-3) ...
Removing libqt4-xml:armhf (4:4.8.7+dfsg-17+b1) ...
Removing libgcrypt20:armhf (1.8.4-5) ...
Removing libgpg-error0:armhf (1.35-1) ...
Removing libjbig0:armhf (2.1-3.1+b2) ...
Removing libmng1:armhf (1.0.10+dfsg-3.1+b5) ...
Removing libjpeg62-turbo:armhf (1:1.5.2-2+b1) ...
Removing liblcms2-2:armhf (2.9-3) ...
Removing liblz4-1:armhf (1.8.3-1) ...
Removing libpng16-16:armhf (1.6.36-5) ...
Removing libpng16-16:amd64 (1.6.36-5) ...
Removing libwebp6:armhf (0.6.1-2) ...
Removing libxext6:armhf (2:1.3.3-1+b2) ...
Removing libzstd1:armhf (1.3.8+dfsg-3) ...
Removing x11-common (1:7.7+19) ...
invoke-rc.d: could not determine current runlevel
All runlevel operations denied by policy
invoke-rc.d: policy-rc.d denied execution of stop.
Removing libqtcore4:armhf (4:4.8.7+dfsg-17+b1) ...
Removing libglib2.0-0:armhf (2.58.3-1) ...
Removing libmount1:armhf (2.33.1-0.1) ...
Removing libblkid1:armhf (2.33.1-0.1) ...
Removing libx11-6:armhf (2:1.6.7-1) ...
Removing libxcb1:armhf (1.13.1-2) ...
Removing libxdmcp6:armhf (1:1.1.2-3) ...
Removing libbsd0:armhf (0.9.1-2) ...
Removing zlib1g:armhf (1:1.2.11.dfsg-1) ...
Removing libffi6:armhf (3.2.1-9) ...
Removing libselinux1:armhf (2.8-1+b1) ...
Removing libpcre3:armhf (2:8.39-11) ...
Removing libuuid1:armhf (2.33.1-0.1) ...
Removing libx11-data (2:1.6.7-1) ...
Removing libxau6:armhf (1:1.0.8-1+b2) ...
Removing qtcore4-l10n (4:4.8.7+dfsg-17) ...
Removing libstdc++6:armhf (8.3.0-2) ...
Removing libgcc1:armhf (1:8.3.0-2) ...
Removing dh-autoreconf (19) ...
Removing debhelper (12.1.1) ...
Removing dh-strip-nondeterminism (1.1.1-1) ...
Removing automake (1:1.16.1-4) ...
Removing autoconf (2.69-11) ...
Removing autopoint (0.19.8.1-9) ...
Removing libtool (2.4.6-10) ...
Removing autotools-dev (20180224.1) ...
Removing man-db (2.8.5-2) ...
Removing bsdmainutils (11.1.2+b1) ...
Removing dwz (0.12-3) ...
Removing gcc-8-base:armhf (8.3.0-2) ...
Removing po-debconf (1.0.21) ...
Removing intltool-debian (0.35.0+20060710.5) ...
Removing gettext (0.19.8.1-9) ...
Removing gettext-base (0.19.8.1-9) ...
Removing groff-base (1.22.4-2) ...
Removing libfile-stripnondeterminism-perl (1.1.1-1) ...
Removing libarchive-zip-perl (1.64-1) ...
Removing libbsd0:amd64 (0.9.1-2) ...
Removing libc6:armhf (2.28-7) ...
Removing libcroco3:amd64 (0.6.12-3) ...
Removing libelf1:amd64 (0.176-1) ...
Removing libglib2.0-0:amd64 (2.58.3-1) ...
Removing libncurses6:amd64 (6.1+20181013-2) ...
Removing libpipeline1:amd64 (1.5.1-2) ...
Removing m4 (1.4.18-2) ...
Removing libsigsegv2:amd64 (2.12-2) ...
Removing libuchardet0:amd64 (0.0.6-3) ...
Processing triggers for ccache (3.6-1) ...
Updating symlinks in /usr/lib/ccache ...
Processing triggers for libc-bin (2.28-7) ...
(Reading database ... 16503 files and directories currently installed.)
Purging configuration files for fontconfig (2.13.1-2) ...
Purging configuration files for mime-support (3.62) ...
Purging configuration files for libglib2.0-0:amd64 (2.58.3-1) ...
Purging configuration files for libglib2.0-0:armhf (2.58.3-1) ...
Purging configuration files for fontconfig-config (2.13.1-2) ...
Purging configuration files for x11-common (1:7.7+19) ...
Purging configuration files for python3 (3.7.2-1) ...
Purging configuration files for man-db (2.8.5-2) ...
Purging configuration files for libpython3.7-minimal:amd64 (3.7.2-2) ...
Purging configuration files for bsdmainutils (11.1.2+b1) ...
Purging configuration files for libgssapi-krb5-2:amd64 (1.17-2) ...
Purging configuration files for fonts-dejavu-core (2.37-1) ...
dpkg: warning: while removing fonts-dejavu-core, directory '/usr/share/fonts/truetype/dejavu' not empty so not removed
Purging configuration files for python3.7-minimal (3.7.2-2) ...
Purging configuration files for autoconf (2.69-11) ...
Purging configuration files for libc6:armhf (2.28-7) ...
Purging configuration files for groff-base (1.22.4-2) ...
Purging configuration files for procps (2:3.3.15-2) ...
Purging configuration files for cmake-data (3.13.4-1) ...
E: Build failure (dpkg-buildpackage died)

+------------------------------------------------------------------------------+
| Summary                                                                      |
+------------------------------------------------------------------------------+

Build Architecture: amd64
Build Profiles: cross nocheck
Build Type: any
Build-Space: n/a
Build-Time: 4
Distribution: unstable-amd64-sbuild
Fail-Stage: build
Foreign Architectures: armhf
Host Architecture: armhf
Install-Time: 22
Job: /home/build/sbuild-setup/repo/pool/main/a/attica/attica_0.4.2-2.dsc
Machine Architecture: amd64
Package: attica
Package-Time: 30
Source-Version: 0.4.2-2
Space: n/a
Status: attempted
Version: 0.4.2-2
--------------------------------------------------------------------------------
Finished at 2019-03-01T06:08:18Z
Build needed 00:00:30, no disk space
