sbuild (Debian sbuild) 0.78.1 (09 February 2019) on 36857dea695f

+==============================================================================+
| cvs 2:1.12.13+real-27 (armhf)                Fri, 01 Mar 2019 13:15:54 +0000 |
+==============================================================================+

Package: cvs
Version: 2:1.12.13+real-27
Source Version: 2:1.12.13+real-27
Distribution: unstable-amd64-sbuild
Machine Architecture: amd64
Host Architecture: armhf
Build Architecture: amd64
Build Profiles: cross nocheck
Build Type: any

I: NOTICE: Log filtering will replace 'var/run/schroot/mount/unstable-amd64-sbuild-06f1df54-13ab-4317-8f2e-891209cd5555' with '<<CHROOT>>'
I: NOTICE: Log filtering will replace 'build/cvs-mEOL1R/resolver-rkQIyQ' with '<<RESOLVERDIR>>'

+------------------------------------------------------------------------------+
| Update chroot                                                                |
+------------------------------------------------------------------------------+

Hit:1 http://10.116.41.102/debian sid InRelease
Hit:2 http://cdn-fastly.deb.debian.org/debian sid InRelease
Reading package lists...
Reading package lists...
Building dependency tree...
Reading state information...
Calculating upgrade...
The following packages were automatically installed and are no longer required:
  libauthen-sasl-perl libdata-dump-perl libfont-afm-perl libhtml-form-perl
  libhtml-format-perl libhttp-daemon-perl libmailtools-perl
  libnet-smtp-ssl-perl libyaml-0-2 libyaml-libyaml-perl uuid-runtime
Use 'apt autoremove' to remove them.
0 upgraded, 0 newly installed, 0 to remove and 0 not upgraded.

+------------------------------------------------------------------------------+
| Fetch source files                                                           |
+------------------------------------------------------------------------------+


Local sources
-------------

/home/build/sbuild-setup/repo/pool/main/c/cvs/cvs_1.12.13+real-27.dsc exists in /home/build/sbuild-setup/repo/pool/main/c/cvs; copying to chroot
I: NOTICE: Log filtering will replace 'build/cvs-mEOL1R/cvs-1.12.13+real' with '<<PKGBUILDDIR>>'
I: NOTICE: Log filtering will replace 'build/cvs-mEOL1R' with '<<BUILDDIR>>'

+------------------------------------------------------------------------------+
| Install package build dependencies                                           |
+------------------------------------------------------------------------------+


Setup apt archive
-----------------

Merged Build-Depends: debhelper (>= 11), bsdmainutils, ghostscript, groff, libbsd-dev, libkrb5-dev | heimdal-dev, procps, texinfo, texlive-latex-recommended, texlive-fonts-recommended, zlib1g-dev, build-essential:amd64, fakeroot:amd64, crossbuild-essential-armhf:amd64, libc-dev:armhf, libstdc++-dev:armhf
Filtered Build-Depends: debhelper (>= 11), bsdmainutils, ghostscript, groff, libbsd-dev, libkrb5-dev, procps, texinfo, texlive-latex-recommended, texlive-fonts-recommended, zlib1g-dev, build-essential:amd64, fakeroot:amd64, crossbuild-essential-armhf:amd64, libc-dev:armhf, libstdc++-dev:armhf
dpkg-deb: building package 'sbuild-build-depends-main-dummy' in '/<<RESOLVERDIR>>/apt_archive/sbuild-build-depends-main-dummy.deb'.
Ign:1 copy:/<<RESOLVERDIR>>/apt_archive ./ InRelease
Get:2 copy:/<<RESOLVERDIR>>/apt_archive ./ Release [957 B]
Ign:3 copy:/<<RESOLVERDIR>>/apt_archive ./ Release.gpg
Get:4 copy:/<<RESOLVERDIR>>/apt_archive ./ Sources [476 B]
Get:5 copy:/<<RESOLVERDIR>>/apt_archive ./ Packages [554 B]
Fetched 1987 B in 0s (134 kB/s)
Reading package lists...
Reading package lists...

Install main build dependencies (apt-based resolver)
----------------------------------------------------

Installing build dependencies
Reading package lists...
Building dependency tree...
Reading state information...
The following packages were automatically installed and are no longer required:
  libauthen-sasl-perl libdata-dump-perl libfont-afm-perl libhtml-form-perl
  libhtml-format-perl libhttp-daemon-perl libmailtools-perl
  libnet-smtp-ssl-perl libyaml-0-2 libyaml-libyaml-perl uuid-runtime
Use 'apt autoremove' to remove them.
The following additional packages will be installed:
  autoconf automake autopoint autotools-dev bsdmainutils comerr-dev:armhf
  debhelper dh-autoreconf dh-strip-nondeterminism dwz fontconfig-config
  fonts-dejavu-core fonts-lmodern gcc-8-base:armhf gettext gettext-base
  ghostscript groff groff-base intltool-debian krb5-multidev:armhf
  libarchive-zip-perl libasan5:armhf libatomic1:armhf libavahi-client3
  libavahi-common-data libavahi-common3 libbrotli1 libbsd-dev:armhf libbsd0
  libbsd0:armhf libc6:armhf libc6-dev:armhf libcairo2 libcom-err2:armhf
  libcroco3 libcups2 libcupsimage2 libdbus-1-3 libelf1
  libfile-stripnondeterminism-perl libfontconfig1 libfreetype6
  libgcc-8-dev:armhf libgcc1:armhf libglib2.0-0 libgomp1:armhf libgraphite2-3
  libgs9 libgs9-common libgssapi-krb5-2 libgssapi-krb5-2:armhf
  libgssrpc4:armhf libharfbuzz-icu0 libharfbuzz0b libice6 libidn11 libijs-0.35
  libjbig0 libjbig2dec0 libjpeg62-turbo libk5crypto3 libk5crypto3:armhf
  libkadm5clnt-mit11:armhf libkadm5srv-mit11:armhf libkdb5-9:armhf
  libkeyutils1 libkeyutils1:armhf libkpathsea6 libkrb5-3 libkrb5-3:armhf
  libkrb5-dev:armhf libkrb5support0 libkrb5support0:armhf liblcms2-2
  libncurses6 libopenjp2-7 libpaper-utils libpaper1 libpipeline1 libpixman-1-0
  libpng16-16 libpotrace0 libprocps7 libptexenc1 libsigsegv2 libsm6
  libssl1.1:armhf libstdc++-8-dev:armhf libstdc++6:armhf libsynctex2
  libteckit0 libtexlua52 libtexlua53 libtexluajit2 libtext-unidecode-perl
  libtiff5 libtool libubsan1:armhf libuchardet0 libwebp6 libwoff1 libx11-6
  libx11-data libxau6 libxaw7 libxcb-render0 libxcb-shm0 libxcb1 libxdmcp6
  libxext6 libxi6 libxmu6 libxpm4 libxrender1 libxt6 libxxhash0 libzzip-0-13
  linux-libc-dev:armhf m4 man-db po-debconf poppler-data procps t1utils
  tex-common texinfo texlive-base texlive-binaries texlive-fonts-recommended
  texlive-latex-base texlive-latex-recommended x11-common xdg-utils
  zlib1g:armhf zlib1g-dev:armhf
Suggested packages:
  autoconf-archive gnu-standards autoconf-doc wamerican | wordlist whois
  vacation doc-base:armhf dh-make gettext-doc libasprintf-dev libgettextpo-dev
  ghostscript-x krb5-doc:armhf glibc-doc:armhf libc-l10n:armhf locales:armhf
  manpages-dev:armhf cups-common krb5-doc krb5-user krb5-user:armhf
  liblcms2-utils libstdc++-8-doc:armhf libtool-doc gfortran
  | fortran95-compiler gcj-jdk m4-doc apparmor less www-browser
  libmail-box-perl poppler-utils fonts-japanese-mincho | fonts-ipafont-mincho
  fonts-japanese-gothic | fonts-ipafont-gothic fonts-arphic-ukai
  fonts-arphic-uming fonts-nanum texlive-generic-recommended
  texinfo-doc-nonfree perl-tk xpdf-reader | pdf-viewer
  texlive-fonts-recommended-doc texlive-latex-base-doc
  texlive-latex-recommended-doc texlive-pstricks
Recommended packages:
  curl | wget | lynx gsfonts imagemagick netpbm psutils libidn2-0:armhf
  libcupsfilters1 dbus libarchive-cpio-perl libglib2.0-data shared-mime-info
  xdg-user-dirs fonts-droid-fallback krb5-locales krb5-locales:armhf libgpm2
  libltdl-dev libmail-sendmail-perl psmisc lmodern tex-gyre tipa
  libfile-mimeinfo-perl libnet-dbus-perl libx11-protocol-perl x11-utils
  x11-xserver-utils
The following NEW packages will be installed:
  autoconf automake autopoint autotools-dev bsdmainutils comerr-dev:armhf
  debhelper dh-autoreconf dh-strip-nondeterminism dwz fontconfig-config
  fonts-dejavu-core fonts-lmodern gcc-8-base:armhf gettext gettext-base
  ghostscript groff groff-base intltool-debian krb5-multidev:armhf
  libarchive-zip-perl libasan5:armhf libatomic1:armhf libavahi-client3
  libavahi-common-data libavahi-common3 libbrotli1 libbsd-dev:armhf libbsd0
  libbsd0:armhf libc6:armhf libc6-dev:armhf libcairo2 libcom-err2:armhf
  libcroco3 libcups2 libcupsimage2 libdbus-1-3 libelf1
  libfile-stripnondeterminism-perl libfontconfig1 libfreetype6
  libgcc-8-dev:armhf libgcc1:armhf libglib2.0-0 libgomp1:armhf libgraphite2-3
  libgs9 libgs9-common libgssapi-krb5-2 libgssapi-krb5-2:armhf
  libgssrpc4:armhf libharfbuzz-icu0 libharfbuzz0b libice6 libidn11 libijs-0.35
  libjbig0 libjbig2dec0 libjpeg62-turbo libk5crypto3 libk5crypto3:armhf
  libkadm5clnt-mit11:armhf libkadm5srv-mit11:armhf libkdb5-9:armhf
  libkeyutils1 libkeyutils1:armhf libkpathsea6 libkrb5-3 libkrb5-3:armhf
  libkrb5-dev:armhf libkrb5support0 libkrb5support0:armhf liblcms2-2
  libncurses6 libopenjp2-7 libpaper-utils libpaper1 libpipeline1 libpixman-1-0
  libpng16-16 libpotrace0 libprocps7 libptexenc1 libsigsegv2 libsm6
  libssl1.1:armhf libstdc++-8-dev:armhf libstdc++6:armhf libsynctex2
  libteckit0 libtexlua52 libtexlua53 libtexluajit2 libtext-unidecode-perl
  libtiff5 libtool libubsan1:armhf libuchardet0 libwebp6 libwoff1 libx11-6
  libx11-data libxau6 libxaw7 libxcb-render0 libxcb-shm0 libxcb1 libxdmcp6
  libxext6 libxi6 libxmu6 libxpm4 libxrender1 libxt6 libxxhash0 libzzip-0-13
  linux-libc-dev:armhf m4 man-db po-debconf poppler-data procps
  sbuild-build-depends-main-dummy:armhf t1utils tex-common texinfo
  texlive-base texlive-binaries texlive-fonts-recommended texlive-latex-base
  texlive-latex-recommended x11-common xdg-utils zlib1g:armhf zlib1g-dev:armhf
0 upgraded, 137 newly installed, 0 to remove and 0 not upgraded.
Need to get 75.2 MB/106 MB of archives.
After this operation, 360 MB of additional disk space will be used.
Get:1 copy:/<<RESOLVERDIR>>/apt_archive ./ sbuild-build-depends-main-dummy 0.invalid.0 [976 B]
Get:2 http://10.116.41.102/debian sid/main amd64 poppler-data all 0.4.9-2 [1473 kB]
Get:3 http://10.116.41.102/debian sid/main amd64 tex-common all 6.10 [53.0 kB]
Get:4 http://10.116.41.102/debian sid/main amd64 fonts-lmodern all 2.004.5-5 [4539 kB]
Get:5 http://10.116.41.102/debian sid/main amd64 libgs9-common all 9.26a~dfsg-2 [5136 kB]
Get:6 http://10.116.41.102/debian sid/main amd64 libcupsimage2 amd64 2.2.10-4 [132 kB]
Get:7 http://10.116.41.102/debian sid/main amd64 libijs-0.35 amd64 0.35-13 [18.5 kB]
Get:8 http://10.116.41.102/debian sid/main amd64 libjbig2dec0 amd64 0.15-2 [61.7 kB]
Get:9 http://10.116.41.102/debian sid/main amd64 libopenjp2-7 amd64 2.3.0-1.1 [158 kB]
Get:10 http://10.116.41.102/debian sid/main amd64 libpaper1 amd64 1.1.26 [20.8 kB]
Get:11 http://10.116.41.102/debian sid/main amd64 libgs9 amd64 9.26a~dfsg-2 [2198 kB]
Get:12 http://10.116.41.102/debian sid/main amd64 ghostscript amd64 9.26a~dfsg-2 [94.4 kB]
Get:13 http://10.116.41.102/debian sid/main amd64 libice6 amd64 2:1.0.9-2 [58.7 kB]
Get:14 http://10.116.41.102/debian sid/main amd64 libsm6 amd64 2:1.2.3-1 [35.1 kB]
Get:15 http://10.116.41.102/debian sid/main amd64 libxt6 amd64 1:1.1.5-1 [188 kB]
Get:16 http://10.116.41.102/debian sid/main amd64 libxmu6 amd64 2:1.1.2-2 [60.3 kB]
Get:17 http://10.116.41.102/debian sid/main amd64 libxpm4 amd64 1:3.5.12-1 [49.1 kB]
Get:18 http://10.116.41.102/debian sid/main amd64 libxaw7 amd64 2:1.0.13-1+b2 [201 kB]
Get:19 http://10.116.41.102/debian sid/main amd64 groff amd64 1.22.4-2 [3974 kB]
Get:20 http://10.116.41.102/debian sid/main amd64 libbrotli1 amd64 1.0.7-2 [270 kB]
Get:21 http://10.116.41.102/debian sid/main armhf libbsd-dev armhf 0.9.1-2 [222 kB]
Get:22 http://10.116.41.102/debian sid/main amd64 libharfbuzz-icu0 amd64 2.3.1-1 [834 kB]
Get:23 http://10.116.41.102/debian sid/main amd64 libkpathsea6 amd64 2018.20181218.49446-1 [167 kB]
Get:24 http://10.116.41.102/debian sid/main amd64 libpaper-utils amd64 1.1.26 [17.9 kB]
Get:25 http://10.116.41.102/debian sid/main amd64 libpotrace0 amd64 1.15-1 [26.3 kB]
Get:26 http://10.116.41.102/debian sid/main amd64 libptexenc1 amd64 2018.20181218.49446-1 [61.0 kB]
Get:27 http://10.116.41.102/debian sid/main amd64 libsynctex2 amd64 2018.20181218.49446-1 [80.5 kB]
Get:28 http://10.116.41.102/debian sid/main amd64 libteckit0 amd64 2.5.8+ds2-5 [318 kB]
Get:29 http://10.116.41.102/debian sid/main amd64 libtexlua52 amd64 2018.20181218.49446-1 [112 kB]
Get:30 http://10.116.41.102/debian sid/main amd64 libtexlua53 amd64 2018.20181218.49446-1 [126 kB]
Get:31 http://10.116.41.102/debian sid/main amd64 libtexluajit2 amd64 2018.20181218.49446-1 [256 kB]
Get:32 http://10.116.41.102/debian sid/main amd64 libtext-unidecode-perl all 1.30-1 [103 kB]
Get:33 http://10.116.41.102/debian sid/main amd64 libwoff1 amd64 1.0.2-1 [43.2 kB]
Get:34 http://10.116.41.102/debian sid/main amd64 libxxhash0 amd64 0.6.5-2 [7156 B]
Get:35 http://10.116.41.102/debian sid/main amd64 libzzip-0-13 amd64 0.13.62-3.1 [55.4 kB]
Get:36 http://10.116.41.102/debian sid/main amd64 t1utils amd64 1.41-3 [62.3 kB]
Get:37 http://10.116.41.102/debian sid/main amd64 texinfo amd64 6.5.0.dfsg.1-4+b1 [1431 kB]
Get:38 http://10.116.41.102/debian sid/main amd64 texlive-binaries amd64 2018.20181218.49446-1 [11.3 MB]
Get:39 http://10.116.41.102/debian sid/main amd64 xdg-utils all 1.1.3-1 [73.3 kB]
Get:40 http://10.116.41.102/debian sid/main amd64 texlive-base all 2018.20190207-1 [19.7 MB]
Get:41 http://10.116.41.102/debian sid/main amd64 texlive-fonts-recommended all 2018.20190207-1 [5229 kB]
Get:42 http://10.116.41.102/debian sid/main amd64 texlive-latex-base all 2018.20190207-1 [986 kB]
Get:43 http://10.116.41.102/debian sid/main amd64 texlive-latex-recommended all 2018.20190207-1 [15.2 MB]
debconf: delaying package configuration, since apt-utils is not installed
Fetched 75.2 MB in 7s (10.3 MB/s)
Selecting previously unselected package libbsd0:amd64.
(Reading database ... 16440 files and directories currently installed.)
Preparing to unpack .../000-libbsd0_0.9.1-2_amd64.deb ...
Unpacking libbsd0:amd64 (0.9.1-2) ...
Selecting previously unselected package bsdmainutils.
Preparing to unpack .../001-bsdmainutils_11.1.2+b1_amd64.deb ...
Unpacking bsdmainutils (11.1.2+b1) ...
Selecting previously unselected package libuchardet0:amd64.
Preparing to unpack .../002-libuchardet0_0.0.6-3_amd64.deb ...
Unpacking libuchardet0:amd64 (0.0.6-3) ...
Selecting previously unselected package groff-base.
Preparing to unpack .../003-groff-base_1.22.4-2_amd64.deb ...
Unpacking groff-base (1.22.4-2) ...
Selecting previously unselected package libpipeline1:amd64.
Preparing to unpack .../004-libpipeline1_1.5.1-2_amd64.deb ...
Unpacking libpipeline1:amd64 (1.5.1-2) ...
Selecting previously unselected package man-db.
Preparing to unpack .../005-man-db_2.8.5-2_amd64.deb ...
Unpacking man-db (2.8.5-2) ...
Selecting previously unselected package poppler-data.
Preparing to unpack .../006-poppler-data_0.4.9-2_all.deb ...
Unpacking poppler-data (0.4.9-2) ...
Selecting previously unselected package tex-common.
Preparing to unpack .../007-tex-common_6.10_all.deb ...
Unpacking tex-common (6.10) ...
Selecting previously unselected package libncurses6:amd64.
Preparing to unpack .../008-libncurses6_6.1+20181013-2_amd64.deb ...
Unpacking libncurses6:amd64 (6.1+20181013-2) ...
Selecting previously unselected package libprocps7:amd64.
Preparing to unpack .../009-libprocps7_2%3a3.3.15-2_amd64.deb ...
Unpacking libprocps7:amd64 (2:3.3.15-2) ...
Selecting previously unselected package procps.
Preparing to unpack .../010-procps_2%3a3.3.15-2_amd64.deb ...
Unpacking procps (2:3.3.15-2) ...
Selecting previously unselected package gettext-base.
Preparing to unpack .../011-gettext-base_0.19.8.1-9_amd64.deb ...
Unpacking gettext-base (0.19.8.1-9) ...
Selecting previously unselected package libsigsegv2:amd64.
Preparing to unpack .../012-libsigsegv2_2.12-2_amd64.deb ...
Unpacking libsigsegv2:amd64 (2.12-2) ...
Selecting previously unselected package m4.
Preparing to unpack .../013-m4_1.4.18-2_amd64.deb ...
Unpacking m4 (1.4.18-2) ...
Selecting previously unselected package autoconf.
Preparing to unpack .../014-autoconf_2.69-11_all.deb ...
Unpacking autoconf (2.69-11) ...
Selecting previously unselected package autotools-dev.
Preparing to unpack .../015-autotools-dev_20180224.1_all.deb ...
Unpacking autotools-dev (20180224.1) ...
Selecting previously unselected package automake.
Preparing to unpack .../016-automake_1%3a1.16.1-4_all.deb ...
Unpacking automake (1:1.16.1-4) ...
Selecting previously unselected package autopoint.
Preparing to unpack .../017-autopoint_0.19.8.1-9_all.deb ...
Unpacking autopoint (0.19.8.1-9) ...
Selecting previously unselected package gcc-8-base:armhf.
Preparing to unpack .../018-gcc-8-base_8.3.0-2_armhf.deb ...
Unpacking gcc-8-base:armhf (8.3.0-2) ...
Selecting previously unselected package libgcc1:armhf.
Preparing to unpack .../019-libgcc1_1%3a8.3.0-2_armhf.deb ...
Unpacking libgcc1:armhf (1:8.3.0-2) ...
Selecting previously unselected package libc6:armhf.
Preparing to unpack .../020-libc6_2.28-7_armhf.deb ...
Unpacking libc6:armhf (2.28-7) ...
Selecting previously unselected package linux-libc-dev:armhf.
Preparing to unpack .../021-linux-libc-dev_4.19.20-1_armhf.deb ...
Unpacking linux-libc-dev:armhf (4.19.20-1) ...
Selecting previously unselected package libc6-dev:armhf.
Preparing to unpack .../022-libc6-dev_2.28-7_armhf.deb ...
Unpacking libc6-dev:armhf (2.28-7) ...
Selecting previously unselected package libcom-err2:armhf.
Preparing to unpack .../023-libcom-err2_1.44.5-1_armhf.deb ...
Unpacking libcom-err2:armhf (1.44.5-1) ...
Selecting previously unselected package comerr-dev:armhf.
Preparing to unpack .../024-comerr-dev_2.1-1.44.5-1_armhf.deb ...
Unpacking comerr-dev:armhf (2.1-1.44.5-1) ...
Selecting previously unselected package libtool.
Preparing to unpack .../025-libtool_2.4.6-10_all.deb ...
Unpacking libtool (2.4.6-10) ...
Selecting previously unselected package dh-autoreconf.
Preparing to unpack .../026-dh-autoreconf_19_all.deb ...
Unpacking dh-autoreconf (19) ...
Selecting previously unselected package libarchive-zip-perl.
Preparing to unpack .../027-libarchive-zip-perl_1.64-1_all.deb ...
Unpacking libarchive-zip-perl (1.64-1) ...
Selecting previously unselected package libfile-stripnondeterminism-perl.
Preparing to unpack .../028-libfile-stripnondeterminism-perl_1.1.1-1_all.deb ...
Unpacking libfile-stripnondeterminism-perl (1.1.1-1) ...
Selecting previously unselected package dh-strip-nondeterminism.
Preparing to unpack .../029-dh-strip-nondeterminism_1.1.1-1_all.deb ...
Unpacking dh-strip-nondeterminism (1.1.1-1) ...
Selecting previously unselected package libelf1:amd64.
Preparing to unpack .../030-libelf1_0.176-1_amd64.deb ...
Unpacking libelf1:amd64 (0.176-1) ...
Selecting previously unselected package dwz.
Preparing to unpack .../031-dwz_0.12-3_amd64.deb ...
Unpacking dwz (0.12-3) ...
Selecting previously unselected package libglib2.0-0:amd64.
Preparing to unpack .../032-libglib2.0-0_2.58.3-1_amd64.deb ...
Unpacking libglib2.0-0:amd64 (2.58.3-1) ...
Selecting previously unselected package libcroco3:amd64.
Preparing to unpack .../033-libcroco3_0.6.12-3_amd64.deb ...
Unpacking libcroco3:amd64 (0.6.12-3) ...
Selecting previously unselected package gettext.
Preparing to unpack .../034-gettext_0.19.8.1-9_amd64.deb ...
Unpacking gettext (0.19.8.1-9) ...
Selecting previously unselected package intltool-debian.
Preparing to unpack .../035-intltool-debian_0.35.0+20060710.5_all.deb ...
Unpacking intltool-debian (0.35.0+20060710.5) ...
Selecting previously unselected package po-debconf.
Preparing to unpack .../036-po-debconf_1.0.21_all.deb ...
Unpacking po-debconf (1.0.21) ...
Selecting previously unselected package debhelper.
Preparing to unpack .../037-debhelper_12.1.1_all.deb ...
Unpacking debhelper (12.1.1) ...
Selecting previously unselected package fonts-dejavu-core.
Preparing to unpack .../038-fonts-dejavu-core_2.37-1_all.deb ...
Unpacking fonts-dejavu-core (2.37-1) ...
Selecting previously unselected package fontconfig-config.
Preparing to unpack .../039-fontconfig-config_2.13.1-2_all.deb ...
Unpacking fontconfig-config (2.13.1-2) ...
Selecting previously unselected package fonts-lmodern.
Preparing to unpack .../040-fonts-lmodern_2.004.5-5_all.deb ...
Unpacking fonts-lmodern (2.004.5-5) ...
Selecting previously unselected package libgs9-common.
Preparing to unpack .../041-libgs9-common_9.26a~dfsg-2_all.deb ...
Unpacking libgs9-common (9.26a~dfsg-2) ...
Selecting previously unselected package libavahi-common-data:amd64.
Preparing to unpack .../042-libavahi-common-data_0.7-4+b1_amd64.deb ...
Unpacking libavahi-common-data:amd64 (0.7-4+b1) ...
Selecting previously unselected package libavahi-common3:amd64.
Preparing to unpack .../043-libavahi-common3_0.7-4+b1_amd64.deb ...
Unpacking libavahi-common3:amd64 (0.7-4+b1) ...
Selecting previously unselected package libdbus-1-3:amd64.
Preparing to unpack .../044-libdbus-1-3_1.12.12-1_amd64.deb ...
Unpacking libdbus-1-3:amd64 (1.12.12-1) ...
Selecting previously unselected package libavahi-client3:amd64.
Preparing to unpack .../045-libavahi-client3_0.7-4+b1_amd64.deb ...
Unpacking libavahi-client3:amd64 (0.7-4+b1) ...
Selecting previously unselected package libkeyutils1:amd64.
Preparing to unpack .../046-libkeyutils1_1.6-4_amd64.deb ...
Unpacking libkeyutils1:amd64 (1.6-4) ...
Selecting previously unselected package libkrb5support0:amd64.
Preparing to unpack .../047-libkrb5support0_1.17-2_amd64.deb ...
Unpacking libkrb5support0:amd64 (1.17-2) ...
Selecting previously unselected package libk5crypto3:amd64.
Preparing to unpack .../048-libk5crypto3_1.17-2_amd64.deb ...
Unpacking libk5crypto3:amd64 (1.17-2) ...
Selecting previously unselected package libkrb5-3:amd64.
Preparing to unpack .../049-libkrb5-3_1.17-2_amd64.deb ...
Unpacking libkrb5-3:amd64 (1.17-2) ...
Selecting previously unselected package libgssapi-krb5-2:amd64.
Preparing to unpack .../050-libgssapi-krb5-2_1.17-2_amd64.deb ...
Unpacking libgssapi-krb5-2:amd64 (1.17-2) ...
Selecting previously unselected package libcups2:amd64.
Preparing to unpack .../051-libcups2_2.2.10-4_amd64.deb ...
Unpacking libcups2:amd64 (2.2.10-4) ...
Selecting previously unselected package libcupsimage2:amd64.
Preparing to unpack .../052-libcupsimage2_2.2.10-4_amd64.deb ...
Unpacking libcupsimage2:amd64 (2.2.10-4) ...
Selecting previously unselected package libpng16-16:amd64.
Preparing to unpack .../053-libpng16-16_1.6.36-5_amd64.deb ...
Unpacking libpng16-16:amd64 (1.6.36-5) ...
Selecting previously unselected package libfreetype6:amd64.
Preparing to unpack .../054-libfreetype6_2.9.1-3_amd64.deb ...
Unpacking libfreetype6:amd64 (2.9.1-3) ...
Selecting previously unselected package libfontconfig1:amd64.
Preparing to unpack .../055-libfontconfig1_2.13.1-2_amd64.deb ...
Unpacking libfontconfig1:amd64 (2.13.1-2) ...
Selecting previously unselected package libidn11:amd64.
Preparing to unpack .../056-libidn11_1.33-2.2_amd64.deb ...
Unpacking libidn11:amd64 (1.33-2.2) ...
Selecting previously unselected package libijs-0.35:amd64.
Preparing to unpack .../057-libijs-0.35_0.35-13_amd64.deb ...
Unpacking libijs-0.35:amd64 (0.35-13) ...
Selecting previously unselected package libjbig2dec0:amd64.
Preparing to unpack .../058-libjbig2dec0_0.15-2_amd64.deb ...
Unpacking libjbig2dec0:amd64 (0.15-2) ...
Selecting previously unselected package libjpeg62-turbo:amd64.
Preparing to unpack .../059-libjpeg62-turbo_1%3a1.5.2-2+b1_amd64.deb ...
Unpacking libjpeg62-turbo:amd64 (1:1.5.2-2+b1) ...
Selecting previously unselected package liblcms2-2:amd64.
Preparing to unpack .../060-liblcms2-2_2.9-3_amd64.deb ...
Unpacking liblcms2-2:amd64 (2.9-3) ...
Selecting previously unselected package libopenjp2-7:amd64.
Preparing to unpack .../061-libopenjp2-7_2.3.0-1.1_amd64.deb ...
Unpacking libopenjp2-7:amd64 (2.3.0-1.1) ...
Selecting previously unselected package libpaper1:amd64.
Preparing to unpack .../062-libpaper1_1.1.26_amd64.deb ...
Unpacking libpaper1:amd64 (1.1.26) ...
Selecting previously unselected package libjbig0:amd64.
Preparing to unpack .../063-libjbig0_2.1-3.1+b2_amd64.deb ...
Unpacking libjbig0:amd64 (2.1-3.1+b2) ...
Selecting previously unselected package libwebp6:amd64.
Preparing to unpack .../064-libwebp6_0.6.1-2_amd64.deb ...
Unpacking libwebp6:amd64 (0.6.1-2) ...
Selecting previously unselected package libtiff5:amd64.
Preparing to unpack .../065-libtiff5_4.0.10-4_amd64.deb ...
Unpacking libtiff5:amd64 (4.0.10-4) ...
Selecting previously unselected package libgs9:amd64.
Preparing to unpack .../066-libgs9_9.26a~dfsg-2_amd64.deb ...
Unpacking libgs9:amd64 (9.26a~dfsg-2) ...
Selecting previously unselected package ghostscript.
Preparing to unpack .../067-ghostscript_9.26a~dfsg-2_amd64.deb ...
Unpacking ghostscript (9.26a~dfsg-2) ...
Selecting previously unselected package x11-common.
Preparing to unpack .../068-x11-common_1%3a7.7+19_all.deb ...
Unpacking x11-common (1:7.7+19) ...
Selecting previously unselected package libice6:amd64.
Preparing to unpack .../069-libice6_2%3a1.0.9-2_amd64.deb ...
Unpacking libice6:amd64 (2:1.0.9-2) ...
Selecting previously unselected package libsm6:amd64.
Preparing to unpack .../070-libsm6_2%3a1.2.3-1_amd64.deb ...
Unpacking libsm6:amd64 (2:1.2.3-1) ...
Selecting previously unselected package libxau6:amd64.
Preparing to unpack .../071-libxau6_1%3a1.0.8-1+b2_amd64.deb ...
Unpacking libxau6:amd64 (1:1.0.8-1+b2) ...
Selecting previously unselected package libxdmcp6:amd64.
Preparing to unpack .../072-libxdmcp6_1%3a1.1.2-3_amd64.deb ...
Unpacking libxdmcp6:amd64 (1:1.1.2-3) ...
Selecting previously unselected package libxcb1:amd64.
Preparing to unpack .../073-libxcb1_1.13.1-2_amd64.deb ...
Unpacking libxcb1:amd64 (1.13.1-2) ...
Selecting previously unselected package libx11-data.
Preparing to unpack .../074-libx11-data_2%3a1.6.7-1_all.deb ...
Unpacking libx11-data (2:1.6.7-1) ...
Selecting previously unselected package libx11-6:amd64.
Preparing to unpack .../075-libx11-6_2%3a1.6.7-1_amd64.deb ...
Unpacking libx11-6:amd64 (2:1.6.7-1) ...
Selecting previously unselected package libxext6:amd64.
Preparing to unpack .../076-libxext6_2%3a1.3.3-1+b2_amd64.deb ...
Unpacking libxext6:amd64 (2:1.3.3-1+b2) ...
Selecting previously unselected package libxt6:amd64.
Preparing to unpack .../077-libxt6_1%3a1.1.5-1_amd64.deb ...
Unpacking libxt6:amd64 (1:1.1.5-1) ...
Selecting previously unselected package libxmu6:amd64.
Preparing to unpack .../078-libxmu6_2%3a1.1.2-2_amd64.deb ...
Unpacking libxmu6:amd64 (2:1.1.2-2) ...
Selecting previously unselected package libxpm4:amd64.
Preparing to unpack .../079-libxpm4_1%3a3.5.12-1_amd64.deb ...
Unpacking libxpm4:amd64 (1:3.5.12-1) ...
Selecting previously unselected package libxaw7:amd64.
Preparing to unpack .../080-libxaw7_2%3a1.0.13-1+b2_amd64.deb ...
Unpacking libxaw7:amd64 (2:1.0.13-1+b2) ...
Selecting previously unselected package groff.
Preparing to unpack .../081-groff_1.22.4-2_amd64.deb ...
Unpacking groff (1.22.4-2) ...
Selecting previously unselected package libkeyutils1:armhf.
Preparing to unpack .../082-libkeyutils1_1.6-4_armhf.deb ...
Unpacking libkeyutils1:armhf (1.6-4) ...
Selecting previously unselected package libkrb5support0:armhf.
Preparing to unpack .../083-libkrb5support0_1.17-2_armhf.deb ...
Unpacking libkrb5support0:armhf (1.17-2) ...
Selecting previously unselected package libk5crypto3:armhf.
Preparing to unpack .../084-libk5crypto3_1.17-2_armhf.deb ...
Unpacking libk5crypto3:armhf (1.17-2) ...
Selecting previously unselected package libssl1.1:armhf.
Preparing to unpack .../085-libssl1.1_1.1.1b-1_armhf.deb ...
Unpacking libssl1.1:armhf (1.1.1b-1) ...
Selecting previously unselected package libkrb5-3:armhf.
Preparing to unpack .../086-libkrb5-3_1.17-2_armhf.deb ...
Unpacking libkrb5-3:armhf (1.17-2) ...
Selecting previously unselected package libgssapi-krb5-2:armhf.
Preparing to unpack .../087-libgssapi-krb5-2_1.17-2_armhf.deb ...
Unpacking libgssapi-krb5-2:armhf (1.17-2) ...
Selecting previously unselected package libgssrpc4:armhf.
Preparing to unpack .../088-libgssrpc4_1.17-2_armhf.deb ...
Unpacking libgssrpc4:armhf (1.17-2) ...
Selecting previously unselected package libkdb5-9:armhf.
Preparing to unpack .../089-libkdb5-9_1.17-2_armhf.deb ...
Unpacking libkdb5-9:armhf (1.17-2) ...
Selecting previously unselected package libkadm5srv-mit11:armhf.
Preparing to unpack .../090-libkadm5srv-mit11_1.17-2_armhf.deb ...
Unpacking libkadm5srv-mit11:armhf (1.17-2) ...
Selecting previously unselected package libkadm5clnt-mit11:armhf.
Preparing to unpack .../091-libkadm5clnt-mit11_1.17-2_armhf.deb ...
Unpacking libkadm5clnt-mit11:armhf (1.17-2) ...
Selecting previously unselected package krb5-multidev:armhf.
Preparing to unpack .../092-krb5-multidev_1.17-2_armhf.deb ...
Unpacking krb5-multidev:armhf (1.17-2) ...
Selecting previously unselected package libstdc++6:armhf.
Preparing to unpack .../093-libstdc++6_8.3.0-2_armhf.deb ...
Unpacking libstdc++6:armhf (8.3.0-2) ...
Selecting previously unselected package libasan5:armhf.
Preparing to unpack .../094-libasan5_8.3.0-2_armhf.deb ...
Unpacking libasan5:armhf (8.3.0-2) ...
Selecting previously unselected package libatomic1:armhf.
Preparing to unpack .../095-libatomic1_8.3.0-2_armhf.deb ...
Unpacking libatomic1:armhf (8.3.0-2) ...
Selecting previously unselected package libbrotli1:amd64.
Preparing to unpack .../096-libbrotli1_1.0.7-2_amd64.deb ...
Unpacking libbrotli1:amd64 (1.0.7-2) ...
Selecting previously unselected package libbsd0:armhf.
Preparing to unpack .../097-libbsd0_0.9.1-2_armhf.deb ...
Unpacking libbsd0:armhf (0.9.1-2) ...
Selecting previously unselected package libbsd-dev:armhf.
Preparing to unpack .../098-libbsd-dev_0.9.1-2_armhf.deb ...
Unpacking libbsd-dev:armhf (0.9.1-2) ...
Selecting previously unselected package libpixman-1-0:amd64.
Preparing to unpack .../099-libpixman-1-0_0.36.0-1_amd64.deb ...
Unpacking libpixman-1-0:amd64 (0.36.0-1) ...
Selecting previously unselected package libxcb-render0:amd64.
Preparing to unpack .../100-libxcb-render0_1.13.1-2_amd64.deb ...
Unpacking libxcb-render0:amd64 (1.13.1-2) ...
Selecting previously unselected package libxcb-shm0:amd64.
Preparing to unpack .../101-libxcb-shm0_1.13.1-2_amd64.deb ...
Unpacking libxcb-shm0:amd64 (1.13.1-2) ...
Selecting previously unselected package libxrender1:amd64.
Preparing to unpack .../102-libxrender1_1%3a0.9.10-1_amd64.deb ...
Unpacking libxrender1:amd64 (1:0.9.10-1) ...
Selecting previously unselected package libcairo2:amd64.
Preparing to unpack .../103-libcairo2_1.16.0-3_amd64.deb ...
Unpacking libcairo2:amd64 (1.16.0-3) ...
Selecting previously unselected package libgomp1:armhf.
Preparing to unpack .../104-libgomp1_8.3.0-2_armhf.deb ...
Unpacking libgomp1:armhf (8.3.0-2) ...
Selecting previously unselected package libubsan1:armhf.
Preparing to unpack .../105-libubsan1_8.3.0-2_armhf.deb ...
Unpacking libubsan1:armhf (8.3.0-2) ...
Selecting previously unselected package libgcc-8-dev:armhf.
Preparing to unpack .../106-libgcc-8-dev_8.3.0-2_armhf.deb ...
Unpacking libgcc-8-dev:armhf (8.3.0-2) ...
Selecting previously unselected package libgraphite2-3:amd64.
Preparing to unpack .../107-libgraphite2-3_1.3.13-7_amd64.deb ...
Unpacking libgraphite2-3:amd64 (1.3.13-7) ...
Selecting previously unselected package libharfbuzz0b:amd64.
Preparing to unpack .../108-libharfbuzz0b_2.3.1-1_amd64.deb ...
Unpacking libharfbuzz0b:amd64 (2.3.1-1) ...
Selecting previously unselected package libharfbuzz-icu0:amd64.
Preparing to unpack .../109-libharfbuzz-icu0_2.3.1-1_amd64.deb ...
Unpacking libharfbuzz-icu0:amd64 (2.3.1-1) ...
Selecting previously unselected package libkpathsea6:amd64.
Preparing to unpack .../110-libkpathsea6_2018.20181218.49446-1_amd64.deb ...
Unpacking libkpathsea6:amd64 (2018.20181218.49446-1) ...
Selecting previously unselected package libkrb5-dev:armhf.
Preparing to unpack .../111-libkrb5-dev_1.17-2_armhf.deb ...
Unpacking libkrb5-dev:armhf (1.17-2) ...
Selecting previously unselected package libpaper-utils.
Preparing to unpack .../112-libpaper-utils_1.1.26_amd64.deb ...
Unpacking libpaper-utils (1.1.26) ...
Selecting previously unselected package libpotrace0:amd64.
Preparing to unpack .../113-libpotrace0_1.15-1_amd64.deb ...
Unpacking libpotrace0:amd64 (1.15-1) ...
Selecting previously unselected package libptexenc1:amd64.
Preparing to unpack .../114-libptexenc1_2018.20181218.49446-1_amd64.deb ...
Unpacking libptexenc1:amd64 (2018.20181218.49446-1) ...
Selecting previously unselected package libstdc++-8-dev:armhf.
Preparing to unpack .../115-libstdc++-8-dev_8.3.0-2_armhf.deb ...
Unpacking libstdc++-8-dev:armhf (8.3.0-2) ...
Selecting previously unselected package libsynctex2:amd64.
Preparing to unpack .../116-libsynctex2_2018.20181218.49446-1_amd64.deb ...
Unpacking libsynctex2:amd64 (2018.20181218.49446-1) ...
Selecting previously unselected package libteckit0:amd64.
Preparing to unpack .../117-libteckit0_2.5.8+ds2-5_amd64.deb ...
Unpacking libteckit0:amd64 (2.5.8+ds2-5) ...
Selecting previously unselected package libtexlua52:amd64.
Preparing to unpack .../118-libtexlua52_2018.20181218.49446-1_amd64.deb ...
Unpacking libtexlua52:amd64 (2018.20181218.49446-1) ...
Selecting previously unselected package libtexlua53:amd64.
Preparing to unpack .../119-libtexlua53_2018.20181218.49446-1_amd64.deb ...
Unpacking libtexlua53:amd64 (2018.20181218.49446-1) ...
Selecting previously unselected package libtexluajit2:amd64.
Preparing to unpack .../120-libtexluajit2_2018.20181218.49446-1_amd64.deb ...
Unpacking libtexluajit2:amd64 (2018.20181218.49446-1) ...
Selecting previously unselected package libtext-unidecode-perl.
Preparing to unpack .../121-libtext-unidecode-perl_1.30-1_all.deb ...
Unpacking libtext-unidecode-perl (1.30-1) ...
Selecting previously unselected package libwoff1:amd64.
Preparing to unpack .../122-libwoff1_1.0.2-1_amd64.deb ...
Unpacking libwoff1:amd64 (1.0.2-1) ...
Selecting previously unselected package libxi6:amd64.
Preparing to unpack .../123-libxi6_2%3a1.7.9-1_amd64.deb ...
Unpacking libxi6:amd64 (2:1.7.9-1) ...
Selecting previously unselected package libxxhash0:amd64.
Preparing to unpack .../124-libxxhash0_0.6.5-2_amd64.deb ...
Unpacking libxxhash0:amd64 (0.6.5-2) ...
Selecting previously unselected package libzzip-0-13:amd64.
Preparing to unpack .../125-libzzip-0-13_0.13.62-3.1_amd64.deb ...
Unpacking libzzip-0-13:amd64 (0.13.62-3.1) ...
Selecting previously unselected package t1utils.
Preparing to unpack .../126-t1utils_1.41-3_amd64.deb ...
Unpacking t1utils (1.41-3) ...
Selecting previously unselected package texinfo.
Preparing to unpack .../127-texinfo_6.5.0.dfsg.1-4+b1_amd64.deb ...
Unpacking texinfo (6.5.0.dfsg.1-4+b1) ...
Selecting previously unselected package texlive-binaries.
Preparing to unpack .../128-texlive-binaries_2018.20181218.49446-1_amd64.deb ...
Unpacking texlive-binaries (2018.20181218.49446-1) ...
Selecting previously unselected package xdg-utils.
Preparing to unpack .../129-xdg-utils_1.1.3-1_all.deb ...
Unpacking xdg-utils (1.1.3-1) ...
Selecting previously unselected package texlive-base.
Preparing to unpack .../130-texlive-base_2018.20190207-1_all.deb ...
Unpacking texlive-base (2018.20190207-1) ...
Selecting previously unselected package texlive-fonts-recommended.
Preparing to unpack .../131-texlive-fonts-recommended_2018.20190207-1_all.deb ...
Unpacking texlive-fonts-recommended (2018.20190207-1) ...
Selecting previously unselected package texlive-latex-base.
Preparing to unpack .../132-texlive-latex-base_2018.20190207-1_all.deb ...
Unpacking texlive-latex-base (2018.20190207-1) ...
Selecting previously unselected package texlive-latex-recommended.
Preparing to unpack .../133-texlive-latex-recommended_2018.20190207-1_all.deb ...
Unpacking texlive-latex-recommended (2018.20190207-1) ...
Selecting previously unselected package zlib1g:armhf.
Preparing to unpack .../134-zlib1g_1%3a1.2.11.dfsg-1_armhf.deb ...
Unpacking zlib1g:armhf (1:1.2.11.dfsg-1) ...
Selecting previously unselected package zlib1g-dev:armhf.
Preparing to unpack .../135-zlib1g-dev_1%3a1.2.11.dfsg-1_armhf.deb ...
Unpacking zlib1g-dev:armhf (1:1.2.11.dfsg-1) ...
Selecting previously unselected package sbuild-build-depends-main-dummy:armhf.
Preparing to unpack .../136-sbuild-build-depends-main-dummy_0.invalid.0_armhf.deb ...
Unpacking sbuild-build-depends-main-dummy:armhf (0.invalid.0) ...
Setting up libgs9-common (9.26a~dfsg-2) ...
Setting up libpipeline1:amd64 (1.5.1-2) ...
Setting up libgraphite2-3:amd64 (1.3.13-7) ...
Setting up liblcms2-2:amd64 (2.9-3) ...
Setting up libpixman-1-0:amd64 (0.36.0-1) ...
Setting up libpaper1:amd64 (1.1.26) ...

Creating config file /etc/papersize with new version
Setting up libxau6:amd64 (1:1.0.8-1+b2) ...
Setting up libkeyutils1:amd64 (1.6-4) ...
Setting up libtexlua52:amd64 (2018.20181218.49446-1) ...
Setting up libtexlua53:amd64 (2018.20181218.49446-1) ...
Setting up libarchive-zip-perl (1.64-1) ...
Setting up libglib2.0-0:amd64 (2.58.3-1) ...
No schema files found: doing nothing.
Setting up libijs-0.35:amd64 (0.35-13) ...
Setting up libprocps7:amd64 (2:3.3.15-2) ...
Setting up libtexluajit2:amd64 (2018.20181218.49446-1) ...
Setting up libbrotli1:amd64 (1.0.7-2) ...
Setting up x11-common (1:7.7+19) ...
update-rc.d: warning: start and stop actions are no longer supported; falling back to defaults
invoke-rc.d: could not determine current runlevel
All runlevel operations denied by policy
invoke-rc.d: policy-rc.d denied execution of start.
Setting up linux-libc-dev:armhf (4.19.20-1) ...
Setting up gettext-base (0.19.8.1-9) ...
Setting up libzzip-0-13:amd64 (0.13.62-3.1) ...
Setting up libpaper-utils (1.1.26) ...
Setting up libjbig0:amd64 (2.1-3.1+b2) ...
Setting up poppler-data (0.4.9-2) ...
Setting up libkrb5support0:amd64 (1.17-2) ...
Setting up tex-common (6.10) ...
update-language: texlive-base not installed and configured, doing nothing!
Setting up autotools-dev (20180224.1) ...
Setting up libjpeg62-turbo:amd64 (1:1.5.2-2+b1) ...
Setting up libx11-data (2:1.6.7-1) ...
Setting up libjbig2dec0:amd64 (0.15-2) ...
Setting up libidn11:amd64 (1.33-2.2) ...
Setting up libteckit0:amd64 (2.5.8+ds2-5) ...
Setting up libavahi-common-data:amd64 (0.7-4+b1) ...
Setting up libncurses6:amd64 (6.1+20181013-2) ...
Setting up libdbus-1-3:amd64 (1.12.12-1) ...
Setting up libsigsegv2:amd64 (2.12-2) ...
Setting up t1utils (1.41-3) ...
Setting up libpng16-16:amd64 (1.6.36-5) ...
Setting up gcc-8-base:armhf (8.3.0-2) ...
Setting up autopoint (0.19.8.1-9) ...
Setting up libwebp6:amd64 (0.6.1-2) ...
Setting up libcroco3:amd64 (0.6.12-3) ...
Setting up fonts-dejavu-core (2.37-1) ...
Setting up libk5crypto3:amd64 (1.17-2) ...
Setting up libkpathsea6:amd64 (2018.20181218.49446-1) ...
Setting up libxxhash0:amd64 (0.6.5-2) ...
Setting up libuchardet0:amd64 (0.0.6-3) ...
Setting up procps (2:3.3.15-2) ...
update-alternatives: using /usr/bin/w.procps to provide /usr/bin/w (w) in auto mode
Setting up fonts-lmodern (2.004.5-5) ...
Setting up libopenjp2-7:amd64 (2.3.0-1.1) ...
Setting up libkrb5-3:amd64 (1.17-2) ...
Setting up libtiff5:amd64 (4.0.10-4) ...
Setting up libtext-unidecode-perl (1.30-1) ...
Setting up libbsd0:amd64 (0.9.1-2) ...
Setting up libelf1:amd64 (0.176-1) ...
Setting up xdg-utils (1.1.3-1) ...
Setting up libsynctex2:amd64 (2018.20181218.49446-1) ...
Setting up libpotrace0:amd64 (1.15-1) ...
Setting up libfile-stripnondeterminism-perl (1.1.1-1) ...
Setting up libice6:amd64 (2:1.0.9-2) ...
Setting up libxdmcp6:amd64 (1:1.1.2-3) ...
Setting up libxcb1:amd64 (1.13.1-2) ...
Setting up gettext (0.19.8.1-9) ...
Setting up libwoff1:amd64 (1.0.2-1) ...
Setting up libtool (2.4.6-10) ...
Setting up libxcb-render0:amd64 (1.13.1-2) ...
Setting up fontconfig-config (2.13.1-2) ...
Setting up libavahi-common3:amd64 (0.7-4+b1) ...
Setting up m4 (1.4.18-2) ...
Setting up libxcb-shm0:amd64 (1.13.1-2) ...
Setting up intltool-debian (0.35.0+20060710.5) ...
Setting up libptexenc1:amd64 (2018.20181218.49446-1) ...
Setting up libfreetype6:amd64 (2.9.1-3) ...
Setting up bsdmainutils (11.1.2+b1) ...
update-alternatives: using /usr/bin/bsd-write to provide /usr/bin/write (write) in auto mode
update-alternatives: using /usr/bin/bsd-from to provide /usr/bin/from (from) in auto mode
Setting up libgssapi-krb5-2:amd64 (1.17-2) ...
Setting up texinfo (6.5.0.dfsg.1-4+b1) ...
Running mktexlsr. This may take some time. ... done.
Setting up autoconf (2.69-11) ...
Setting up dwz (0.12-3) ...
Setting up groff-base (1.22.4-2) ...
Setting up libx11-6:amd64 (2:1.6.7-1) ...
Setting up libharfbuzz0b:amd64 (2.3.1-1) ...
Setting up libfontconfig1:amd64 (2.13.1-2) ...
Setting up libsm6:amd64 (2:1.2.3-1) ...
Setting up libavahi-client3:amd64 (0.7-4+b1) ...
Setting up automake (1:1.16.1-4) ...
update-alternatives: using /usr/bin/automake-1.16 to provide /usr/bin/automake (automake) in auto mode
Setting up libharfbuzz-icu0:amd64 (2.3.1-1) ...
Setting up libxpm4:amd64 (1:3.5.12-1) ...
Setting up libxrender1:amd64 (1:0.9.10-1) ...
Setting up po-debconf (1.0.21) ...
Setting up libxext6:amd64 (2:1.3.3-1+b2) ...
Setting up man-db (2.8.5-2) ...
Not building database; man-db/auto-update is not 'true'.
Setting up libcairo2:amd64 (1.16.0-3) ...
Setting up libxt6:amd64 (1:1.1.5-1) ...
Setting up libcups2:amd64 (2.2.10-4) ...
Setting up libxmu6:amd64 (2:1.1.2-2) ...
Setting up libxi6:amd64 (2:1.7.9-1) ...
Setting up libxaw7:amd64 (2:1.0.13-1+b2) ...
Setting up libcupsimage2:amd64 (2.2.10-4) ...
Setting up groff (1.22.4-2) ...
Setting up libgs9:amd64 (9.26a~dfsg-2) ...
Setting up ghostscript (9.26a~dfsg-2) ...
Setting up texlive-binaries (2018.20181218.49446-1) ...
update-alternatives: using /usr/bin/xdvi-xaw to provide /usr/bin/xdvi.bin (xdvi.bin) in auto mode
update-alternatives: using /usr/bin/bibtex.original to provide /usr/bin/bibtex (bibtex) in auto mode
Setting up texlive-base (2018.20190207-1) ...
tl-paper: setting paper size for dvips to a4: /var/lib/texmf/dvips/config/config-paper.ps
tl-paper: setting paper size for dvipdfmx to a4: /var/lib/texmf/dvipdfmx/dvipdfmx-paper.cfg
tl-paper: setting paper size for xdvi to a4: /var/lib/texmf/xdvi/XDvi-paper
tl-paper: setting paper size for pdftex to a4: /var/lib/texmf/tex/generic/config/pdftexconfig.tex
tl-paper: setting paper size for dvipdfmx to letter: /var/lib/texmf/dvipdfmx/dvipdfmx-paper.cfg
tl-paper: setting paper size for dvips to letter: /var/lib/texmf/dvips/config/config-paper.ps
tl-paper: setting paper size for pdftex to letter: /var/lib/texmf/tex/generic/config/pdftexconfig.tex
tl-paper: setting paper size for xdvi to letter: /var/lib/texmf/xdvi/XDvi-paper
Setting up texlive-latex-base (2018.20190207-1) ...
Setting up texlive-latex-recommended (2018.20190207-1) ...
Setting up texlive-fonts-recommended (2018.20190207-1) ...
Setting up dh-autoreconf (19) ...
Setting up libc6:armhf (2.28-7) ...
Setting up dh-strip-nondeterminism (1.1.1-1) ...
Setting up libc6-dev:armhf (2.28-7) ...
Setting up libbsd0:armhf (0.9.1-2) ...
Setting up libbsd-dev:armhf (0.9.1-2) ...
Setting up libkeyutils1:armhf (1.6-4) ...
Setting up libgcc1:armhf (1:8.3.0-2) ...
Setting up libssl1.1:armhf (1.1.1b-1) ...
Setting up debhelper (12.1.1) ...
Setting up zlib1g:armhf (1:1.2.11.dfsg-1) ...
Setting up libcom-err2:armhf (1.44.5-1) ...
Setting up libgomp1:armhf (8.3.0-2) ...
Setting up libkrb5support0:armhf (1.17-2) ...
Setting up comerr-dev:armhf (2.1-1.44.5-1) ...
Setting up libatomic1:armhf (8.3.0-2) ...
Setting up libk5crypto3:armhf (1.17-2) ...
Setting up zlib1g-dev:armhf (1:1.2.11.dfsg-1) ...
Setting up libkrb5-3:armhf (1.17-2) ...
Setting up libstdc++6:armhf (8.3.0-2) ...
Setting up libasan5:armhf (8.3.0-2) ...
Setting up libgssapi-krb5-2:armhf (1.17-2) ...
Setting up libubsan1:armhf (8.3.0-2) ...
Setting up libgssrpc4:armhf (1.17-2) ...
Setting up libgcc-8-dev:armhf (8.3.0-2) ...
Setting up libkdb5-9:armhf (1.17-2) ...
Setting up libkadm5srv-mit11:armhf (1.17-2) ...
Setting up libstdc++-8-dev:armhf (8.3.0-2) ...
Setting up libkadm5clnt-mit11:armhf (1.17-2) ...
Setting up krb5-multidev:armhf (1.17-2) ...
Setting up libkrb5-dev:armhf (1.17-2) ...
Setting up sbuild-build-depends-main-dummy:armhf (0.invalid.0) ...
Processing triggers for libc-bin (2.28-7) ...
Processing triggers for ccache (3.6-1) ...
Updating symlinks in /usr/lib/ccache ...
Processing triggers for tex-common (6.10) ...
Running updmap-sys. This may take some time... done.
Running mktexlsr /var/lib/texmf ... done.
Building format(s) --all.
	This may take some time... done.

+------------------------------------------------------------------------------+
| Check architectures                                                          |
+------------------------------------------------------------------------------+

Initial Foreign Architectures: armhf 
Arch check ok (armhf included in any)

+------------------------------------------------------------------------------+
| Build environment                                                            |
+------------------------------------------------------------------------------+

Kernel: Linux 3.16.0-4-amd64 #1 SMP Debian 3.16.51-3 (2017-12-13) amd64 (x86_64)
Toolchain package versions: binutils_2.31.1-14 dpkg-dev_1.19.5 g++-8_8.3.0-2 gcc-8_8.3.0-2 libc6-dev_2.28-7 libstdc++-8-dev_8.3.0-2 libstdc++-8-dev-armhf-cross_8.2.0-20cross1 libstdc++6_8.3.0-2 libstdc++6-armhf-cross_8.2.0-20cross1 linux-libc-dev_4.19.20-1
Package versions: adduser_3.118 apt_1.8.0~rc4 autoconf_2.69-11 automake_1:1.16.1-4 autopoint_0.19.8.1-9 autotools-dev_20180224.1 base-files_10.1 base-passwd_3.5.46 bash_5.0-2 binutils_2.31.1-14 binutils-arm-linux-gnueabihf_2.31.1-14 binutils-common_2.31.1-14 binutils-x86-64-linux-gnu_2.31.1-14 bsdmainutils_11.1.2+b1 bsdutils_1:2.33.1-0.1 build-essential_12.5 bzip2_1.0.6-9 ca-certificates_20190110 ccache_3.6-1 comerr-dev_2.1-1.44.5-1 coreutils_8.30-2 cpp_4:8.2.0-2 cpp-8_8.3.0-2 cpp-8-arm-linux-gnueabihf_8.2.0-20cross1 cpp-arm-linux-gnueabihf_4:8.2.0-2 cross-config_2.6.15-2 crossbuild-essential-armhf_12.5 dash_0.5.10.2-5 debconf_1.5.71 debhelper_12.1.1 debian-archive-keyring_2018.1 debianutils_4.8.6.1 dh-autoreconf_19 dh-strip-nondeterminism_1.1.1-1 diffutils_1:3.7-2 dirmngr_2.2.12-1 dpkg_1.19.5 dpkg-cross_2.6.15-2 dpkg-dev_1.19.5 dwz_0.12-3 e2fsprogs_1.44.5-1 eatmydata_105-7 fakeroot_1.23-1 fdisk_2.33.1-0.1 file_1:5.35-2 findutils_4.6.0+git+20190209-2 fontconfig-config_2.13.1-2 fonts-dejavu-core_2.37-1 fonts-lmodern_2.004.5-5 g++_4:8.2.0-2 g++-8_8.3.0-2 g++-8-arm-linux-gnueabihf_8.2.0-20cross1 g++-arm-linux-gnueabihf_4:8.2.0-2 gcc_4:8.2.0-2 gcc-8_8.3.0-2 gcc-8-arm-linux-gnueabihf_8.2.0-20cross1 gcc-8-arm-linux-gnueabihf-base_8.2.0-20cross1 gcc-8-base_8.3.0-2 gcc-8-cross-base_8.2.0-20cross1 gcc-arm-linux-gnueabihf_4:8.2.0-2 gettext_0.19.8.1-9 gettext-base_0.19.8.1-9 ghostscript_9.26a~dfsg-2 gnupg_2.2.12-1 gnupg-l10n_2.2.12-1 gnupg-utils_2.2.12-1 gpg_2.2.12-1 gpg-agent_2.2.12-1 gpg-wks-client_2.2.12-1 gpg-wks-server_2.2.12-1 gpgconf_2.2.12-1 gpgsm_2.2.12-1 gpgv_2.2.12-1 grep_3.3-1 groff_1.22.4-2 groff-base_1.22.4-2 gzip_1.9-3 hostname_3.21 init-system-helpers_1.56+nmu1 intltool-debian_0.35.0+20060710.5 krb5-multidev_1.17-2 libacl1_2.2.52-5 libapt-pkg5.0_1.8.0~rc4 libarchive-zip-perl_1.64-1 libasan5_8.3.0-2 libasan5-armhf-cross_8.2.0-20cross1 libassuan0_2.5.2-1 libatomic1_8.3.0-2 libatomic1-armhf-cross_8.2.0-20cross1 libattr1_1:2.4.47-4 libaudit-common_1:2.8.4-2 libaudit1_1:2.8.4-2 libauthen-sasl-perl_2.1600-1 libavahi-client3_0.7-4+b1 libavahi-common-data_0.7-4+b1 libavahi-common3_0.7-4+b1 libbinutils_2.31.1-14 libblkid1_2.33.1-0.1 libbrotli1_1.0.7-2 libbsd-dev_0.9.1-2 libbsd0_0.9.1-2 libbz2-1.0_1.0.6-9 libc-bin_2.28-7 libc-dev-bin_2.28-7 libc6_2.28-7 libc6-armhf-cross_2.28-4cross1 libc6-dev_2.28-7 libc6-dev-armhf-cross_2.28-4cross1 libcairo2_1.16.0-3 libcap-ng0_0.7.9-2 libcc1-0_8.3.0-2 libcom-err2_1.44.5-1 libconfig-auto-perl_0.44-1 libconfig-inifiles-perl_3.000001-1 libcroco3_0.6.12-3 libcups2_2.2.10-4 libcupsimage2_2.2.10-4 libdata-dump-perl_1.23-1 libdb5.3_5.3.28+dfsg1-0.5 libdbus-1-3_1.12.12-1 libdebconfclient0_0.247 libdebian-dpkgcross-perl_2.6.15-2 libdpkg-perl_1.19.5 libeatmydata1_105-7 libelf1_0.176-1 libencode-locale-perl_1.05-1 libexpat1_2.2.6-1 libext2fs2_1.44.5-1 libfakeroot_1.23-1 libfdisk1_2.33.1-0.1 libffi6_3.2.1-9 libfile-homedir-perl_1.004-1 libfile-listing-perl_6.04-1 libfile-stripnondeterminism-perl_1.1.1-1 libfile-which-perl_1.23-1 libfont-afm-perl_1.20-2 libfontconfig1_2.13.1-2 libfreetype6_2.9.1-3 libgcc-8-dev_8.3.0-2 libgcc-8-dev-armhf-cross_8.2.0-20cross1 libgcc1_1:8.3.0-2 libgcc1-armhf-cross_1:8.2.0-20cross1 libgcrypt20_1.8.4-5 libgdbm-compat4_1.18.1-3 libgdbm6_1.18.1-3 libglib2.0-0_2.58.3-1 libgmp10_2:6.1.2+dfsg-4 libgnutls30_3.6.6-2 libgomp1_8.3.0-2 libgomp1-armhf-cross_8.2.0-20cross1 libgpg-error0_1.35-1 libgraphite2-3_1.3.13-7 libgs9_9.26a~dfsg-2 libgs9-common_9.26a~dfsg-2 libgssapi-krb5-2_1.17-2 libgssrpc4_1.17-2 libharfbuzz-icu0_2.3.1-1 libharfbuzz0b_2.3.1-1 libhogweed4_3.4.1-1 libhtml-form-perl_6.03-1 libhtml-format-perl_2.12-1 libhtml-parser-perl_3.72-3+b3 libhtml-tagset-perl_3.20-3 libhtml-tree-perl_5.07-2 libhttp-cookies-perl_6.04-1 libhttp-daemon-perl_6.01-1 libhttp-date-perl_6.02-1 libhttp-message-perl_6.18-1 libhttp-negotiate-perl_6.01-1 libice6_2:1.0.9-2 libicu63_63.1-6 libidn11_1.33-2.2 libidn2-0_2.0.5-1 libijs-0.35_0.35-13 libio-html-perl_1.001-1 libio-socket-ssl-perl_2.060-3 libio-string-perl_1.08-3 libisl19_0.20-2 libitm1_8.3.0-2 libjbig0_2.1-3.1+b2 libjbig2dec0_0.15-2 libjpeg62-turbo_1:1.5.2-2+b1 libk5crypto3_1.17-2 libkadm5clnt-mit11_1.17-2 libkadm5srv-mit11_1.17-2 libkdb5-9_1.17-2 libkeyutils1_1.6-4 libkpathsea6_2018.20181218.49446-1 libkrb5-3_1.17-2 libkrb5-dev_1.17-2 libkrb5support0_1.17-2 libksba8_1.3.5-2 liblcms2-2_2.9-3 libldap-2.4-2_2.4.47+dfsg-3 libldap-common_2.4.47+dfsg-3 liblocale-gettext-perl_1.07-3+b4 liblsan0_8.3.0-2 liblwp-mediatypes-perl_6.02-1 liblwp-protocol-https-perl_6.07-2 liblz4-1_1.8.3-1 liblzma5_5.2.4-1 libmagic-mgc_1:5.35-2 libmagic1_1:5.35-2 libmailtools-perl_2.18-1 libmount1_2.33.1-0.1 libmpc3_1.1.0-1 libmpfr6_4.0.2-1 libmpx2_8.3.0-2 libncurses6_6.1+20181013-2 libncursesw6_6.1+20181013-2 libnet-http-perl_6.18-1 libnet-smtp-ssl-perl_1.04-1 libnet-ssleay-perl_1.85-2+b1 libnettle6_3.4.1-1 libnpth0_1.6-1 libopenjp2-7_2.3.0-1.1 libp11-kit0_0.23.15-2 libpam-modules_1.3.1-5 libpam-modules-bin_1.3.1-5 libpam-runtime_1.3.1-5 libpam0g_1.3.1-5 libpaper-utils_1.1.26 libpaper1_1.1.26 libpcre3_2:8.39-11 libperl5.28_5.28.1-4 libpipeline1_1.5.1-2 libpixman-1-0_0.36.0-1 libpng16-16_1.6.36-5 libpotrace0_1.15-1 libprocps7_2:3.3.15-2 libptexenc1_2018.20181218.49446-1 libquadmath0_8.3.0-2 libreadline7_7.0-5 libsasl2-2_2.1.27+dfsg-1 libsasl2-modules-db_2.1.27+dfsg-1 libseccomp2_2.3.3-4 libselinux1_2.8-1+b1 libsemanage-common_2.8-2 libsemanage1_2.8-2 libsepol1_2.8-1 libsigsegv2_2.12-2 libsm6_2:1.2.3-1 libsmartcols1_2.33.1-0.1 libsqlite3-0_3.27.2-1 libss2_1.44.5-1 libssl1.1_1.1.1b-1 libstdc++-8-dev_8.3.0-2 libstdc++-8-dev-armhf-cross_8.2.0-20cross1 libstdc++6_8.3.0-2 libstdc++6-armhf-cross_8.2.0-20cross1 libsynctex2_2018.20181218.49446-1 libsystemd0_241-1 libtasn1-6_4.13-3 libteckit0_2.5.8+ds2-5 libtexlua52_2018.20181218.49446-1 libtexlua53_2018.20181218.49446-1 libtexluajit2_2018.20181218.49446-1 libtext-unidecode-perl_1.30-1 libtiff5_4.0.10-4 libtimedate-perl_2.3000-2 libtinfo6_6.1+20181013-2 libtool_2.4.6-10 libtry-tiny-perl_0.30-1 libtsan0_8.3.0-2 libubsan1_8.3.0-2 libubsan1-armhf-cross_8.2.0-20cross1 libuchardet0_0.0.6-3 libudev1_241-1 libunistring2_0.9.10-1 liburi-perl_1.76-1 libuuid1_2.33.1-0.1 libwebp6_0.6.1-2 libwoff1_1.0.2-1 libwww-perl_6.36-1 libwww-robotrules-perl_6.02-1 libx11-6_2:1.6.7-1 libx11-data_2:1.6.7-1 libxau6_1:1.0.8-1+b2 libxaw7_2:1.0.13-1+b2 libxcb-render0_1.13.1-2 libxcb-shm0_1.13.1-2 libxcb1_1.13.1-2 libxdmcp6_1:1.1.2-3 libxext6_2:1.3.3-1+b2 libxi6_2:1.7.9-1 libxml-libxml-perl_2.0134+dfsg-1 libxml-namespacesupport-perl_1.12-1 libxml-parser-perl_2.44-3 libxml-sax-base-perl_1.09-1 libxml-sax-expat-perl_0.51-1 libxml-sax-perl_1.00+dfsg-1 libxml-simple-perl_2.25-1 libxml2_2.9.4+dfsg1-7+b3 libxmu6_2:1.1.2-2 libxpm4_1:3.5.12-1 libxrender1_1:0.9.10-1 libxt6_1:1.1.5-1 libxxhash0_0.6.5-2 libyaml-0-2_0.2.1-1 libyaml-libyaml-perl_0.76+repack-1 libyaml-perl_1.27-1 libzstd1_1.3.8+dfsg-3 libzzip-0-13_0.13.62-3.1 linux-libc-dev_4.19.20-1 linux-libc-dev-armhf-cross_4.19.13-1cross1 login_1:4.5-1.1 lsb-base_10.2018112800 m4_1.4.18-2 make_4.2.1-1.2 man-db_2.8.5-2 mawk_1.3.3-17+b3 mount_2.33.1-0.1 ncurses-base_6.1+20181013-2 ncurses-bin_6.1+20181013-2 netbase_5.6 openssl_1.1.1b-1 passwd_1:4.5-1.1 patch_2.7.6-3 perl_5.28.1-4 perl-base_5.28.1-4 perl-modules-5.28_5.28.1-4 perl-openssl-defaults_3 pinentry-curses_1.1.0-1+b1 po-debconf_1.0.21 poppler-data_0.4.9-2 procps_2:3.3.15-2 readline-common_7.0-5 sbuild-build-depends-main-dummy_0.invalid.0 sed_4.7-1 sensible-utils_0.0.12 sysvinit-utils_2.93-8 t1utils_1.41-3 tar_1.30+dfsg-5 tex-common_6.10 texinfo_6.5.0.dfsg.1-4+b1 texlive-base_2018.20190207-1 texlive-binaries_2018.20181218.49446-1 texlive-fonts-recommended_2018.20190207-1 texlive-latex-base_2018.20190207-1 texlive-latex-recommended_2018.20190207-1 tzdata_2018i-1 ucf_3.0038+nmu1 util-linux_2.33.1-0.1 uuid-runtime_2.33.1-0.1 x11-common_1:7.7+19 xdg-utils_1.1.3-1 xz-utils_5.2.4-1 zlib1g_1:1.2.11.dfsg-1 zlib1g-dev_1:1.2.11.dfsg-1

+------------------------------------------------------------------------------+
| Build                                                                        |
+------------------------------------------------------------------------------+


Unpack source
-------------

-----BEGIN PGP SIGNED MESSAGE-----
Hash: SHA384

Format: 1.0
Source: cvs
Binary: cvs
Architecture: any
Version: 2:1.12.13+real-27
Maintainer: Thorsten Glaser <tg@mirbsd.de>
Homepage: http://www.nongnu.org/cvs/
Standards-Version: 4.3.0
Vcs-Browser: https://evolvis.org/plugins/scmgit/cgi-bin/gitweb.cgi?p=alioth/cvs.git;a=shortlog;h=refs/heads/master
Vcs-Git: https://evolvis.org/anonscm/git/alioth/cvs.git -b master
Build-Depends: debhelper (>= 11), bsdmainutils, ghostscript, groff, libbsd-dev, libkrb5-dev | heimdal-dev, procps, texinfo, texlive-latex-recommended, texlive-fonts-recommended, zlib1g-dev
Package-List:
 cvs deb vcs optional arch=any
Checksums-Sha1:
 a868aaad46c54cb1f7510b79c8cb0b38534483ce 4737137 cvs_1.12.13+real.orig.tar.gz
 b805bcdd9f673e98092eadf63ab234ea5d9ccd64 142269 cvs_1.12.13+real-27.diff.gz
Checksums-Sha256:
 4734971a59471744e4ad8665c1dca54cb3ebf9fc66ce9c2dff3d04670d3f7312 4737137 cvs_1.12.13+real.orig.tar.gz
 c12562e9e71e1aa801a77d1eea722845863e4564be296c9e02e23779335bfe64 142269 cvs_1.12.13+real-27.diff.gz
Files:
 7a71a2e7a64973ecf255965956a1d338 4737137 cvs_1.12.13+real.orig.tar.gz
 d60318f11ad99d15fafe8dd267111000 142269 cvs_1.12.13+real-27.diff.gz

-----BEGIN PGP SIGNATURE-----
Version: GnuPG v1.4.14 (MirBSD)
Comment: 

iQIcBAEBCQAGBQJcWdgIAAoJEHa1NLLpkAfgjqQP/0GppQ3/Gvr9oo5s3mreYMn8
mkhKn1RztDMDNMILyLkdjNNHF1FVimsOmyY6t/gzBR1A3M4SwGxJ17l9Up7z5Sz7
32cjDYPhVsmXw3DK1Fq8cyJWT89hhgZd7CRCsjBqhNsMHNszi1/1295lasdzaXyF
YQ7DzkZCJMWQZKo3ruMDglsVAysqC3xW5i/T0NTOWPai1hhbWexvQZfy2RwD5Xq2
hVfaxG5znLPKDMT1wQlpdlTuDngUqH+9qq3QxTKk+i0cZumSUdi4/5IY8JerBvV5
aDuyurI7+KdEljtTEdnCXG4HOTAjOJC/h+ZQxrdg5CHCesPtfJde7MWUjutv77w9
0fZB2lqEPu8+vY2CSK7PU9Zwf/hs7czCgBG6LmjDcusInG/2lej/derYXgYlXxEh
vn1ILPVjkxUAmWKYF/pFHGTPz9bkHwDw5tsZqWRlJ4OSf1fjT+/duymXTvCTB2eS
B71NzPn2gqriab0xfnOZyK5UwTT7x9nAgW5hoEHF9U+n6HyleprxYQ72JRDNXhBm
9gWWlYlFNMkuxyr78csci1IoHACtuDCs9cecLWfraWHyale3kQ6Ugyubki8MKicU
SD0TLyRDTlN2ZSbSjIhgTzITPBUapNMDywPbhctWn2yH2oJG98YpfWK99hj8xMEZ
9Ga6a6Ws6P6BJGm+pHiR
=KI3b
-----END PGP SIGNATURE-----

gpgv: unknown type of key resource 'trustedkeys.kbx'
gpgv: keyblock resource '/sbuild-nonexistent/.gnupg/trustedkeys.kbx': General error
gpgv: Signature made Tue Feb  5 18:38:00 2019 UTC
gpgv:                using RSA key 76B534B2E99007E0
gpgv: Can't check signature: No public key
dpkg-source: warning: failed to verify signature on ./cvs_1.12.13+real-27.dsc
dpkg-source: info: extracting cvs in /<<PKGBUILDDIR>>
dpkg-source: info: unpacking cvs_1.12.13+real.orig.tar.gz
dpkg-source: info: applying cvs_1.12.13+real-27.diff.gz
dpkg-source: info: upstream files that have been modified: 
 /<<PKGBUILDDIR>>/AUTHORS
 /<<PKGBUILDDIR>>/DEVEL-CVS
 /<<PKGBUILDDIR>>/FAQ
 /<<PKGBUILDDIR>>/MINOR-BUGS
 /<<PKGBUILDDIR>>/NEWS
 /<<PKGBUILDDIR>>/TODO
 /<<PKGBUILDDIR>>/configure.in
 /<<PKGBUILDDIR>>/contrib/cvs_acls.html
 /<<PKGBUILDDIR>>/contrib/cvs_acls.in
 /<<PKGBUILDDIR>>/contrib/rcs2log.1
 /<<PKGBUILDDIR>>/contrib/rcs2log.sh
 /<<PKGBUILDDIR>>/contrib/sccs2rcs.in
 /<<PKGBUILDDIR>>/diff/analyze.c
 /<<PKGBUILDDIR>>/diff/diff3.c
 /<<PKGBUILDDIR>>/diff/ifdef.c
 /<<PKGBUILDDIR>>/diff/side.c
 /<<PKGBUILDDIR>>/diff/util.c
 /<<PKGBUILDDIR>>/doc/HACKING.DOCS
 /<<PKGBUILDDIR>>/doc/Makefile.am
 /<<PKGBUILDDIR>>/doc/cvs-paper.ms
 /<<PKGBUILDDIR>>/doc/cvs.man.footer
 /<<PKGBUILDDIR>>/doc/cvs.man.header
 /<<PKGBUILDDIR>>/doc/cvs.texinfo
 /<<PKGBUILDDIR>>/doc/cvsclient.texi
 /<<PKGBUILDDIR>>/doc/getdate.texi
 /<<PKGBUILDDIR>>/doc/mkman.pl
 /<<PKGBUILDDIR>>/doc/writeproxy.rtf
 /<<PKGBUILDDIR>>/lib/Makefile.am
 /<<PKGBUILDDIR>>/lib/__fpending.h
 /<<PKGBUILDDIR>>/lib/allocsa.h
 /<<PKGBUILDDIR>>/lib/chdir-long.c
 /<<PKGBUILDDIR>>/lib/closeout.c
 /<<PKGBUILDDIR>>/lib/filenamecat.c
 /<<PKGBUILDDIR>>/lib/fncase.c
 /<<PKGBUILDDIR>>/lib/getcwd.c
 /<<PKGBUILDDIR>>/lib/getdate.c
 /<<PKGBUILDDIR>>/lib/getdate.h
 /<<PKGBUILDDIR>>/lib/getdate.y
 /<<PKGBUILDDIR>>/lib/getdelim.c
 /<<PKGBUILDDIR>>/lib/gettext.h
 /<<PKGBUILDDIR>>/lib/minmax.h
 /<<PKGBUILDDIR>>/lib/pagealign_alloc.c
 /<<PKGBUILDDIR>>/lib/regcomp.c
 /<<PKGBUILDDIR>>/lib/regex_internal.c
 /<<PKGBUILDDIR>>/lib/regex_internal.h
 /<<PKGBUILDDIR>>/lib/sunos57-select.c
 /<<PKGBUILDDIR>>/lib/system.h
 /<<PKGBUILDDIR>>/lib/tempname.c
 /<<PKGBUILDDIR>>/lib/test-getdate.sh
 /<<PKGBUILDDIR>>/lib/vasnprintf.c
 /<<PKGBUILDDIR>>/lib/xalloc.h
 /<<PKGBUILDDIR>>/m4/getcwd-path-max.m4
 /<<PKGBUILDDIR>>/m4/getdate.m4
 /<<PKGBUILDDIR>>/m4/longdouble.m4
 /<<PKGBUILDDIR>>/m4/mktime.m4
 /<<PKGBUILDDIR>>/man/cvs.5
 /<<PKGBUILDDIR>>/src/ChangeLog
 /<<PKGBUILDDIR>>/src/Makefile.am
 /<<PKGBUILDDIR>>/src/add.c
 /<<PKGBUILDDIR>>/src/admin.c
 /<<PKGBUILDDIR>>/src/annotate.c
 /<<PKGBUILDDIR>>/src/buffer.c
 /<<PKGBUILDDIR>>/src/checkout.c
 /<<PKGBUILDDIR>>/src/client.c
 /<<PKGBUILDDIR>>/src/client.h
 /<<PKGBUILDDIR>>/src/commit.c
 /<<PKGBUILDDIR>>/src/cvs.h
 /<<PKGBUILDDIR>>/src/cvsrc.c
 /<<PKGBUILDDIR>>/src/diff.c
 /<<PKGBUILDDIR>>/src/edit.c
 /<<PKGBUILDDIR>>/src/error.c
 /<<PKGBUILDDIR>>/src/fileattr.c
 /<<PKGBUILDDIR>>/src/filesubr.c
 /<<PKGBUILDDIR>>/src/history.c
 /<<PKGBUILDDIR>>/src/import.c
 /<<PKGBUILDDIR>>/src/kerberos4-client.c
 /<<PKGBUILDDIR>>/src/lock.c
 /<<PKGBUILDDIR>>/src/log-buffer.c
 /<<PKGBUILDDIR>>/src/log.c
 /<<PKGBUILDDIR>>/src/login.c
 /<<PKGBUILDDIR>>/src/logmsg.c
 /<<PKGBUILDDIR>>/src/main.c
 /<<PKGBUILDDIR>>/src/mkmodules.c
 /<<PKGBUILDDIR>>/src/modules.c
 /<<PKGBUILDDIR>>/src/parseinfo.c
 /<<PKGBUILDDIR>>/src/parseinfo.h
 /<<PKGBUILDDIR>>/src/patch.c
 /<<PKGBUILDDIR>>/src/rcs.c
 /<<PKGBUILDDIR>>/src/rcs.h
 /<<PKGBUILDDIR>>/src/root.c
 /<<PKGBUILDDIR>>/src/root.h
 /<<PKGBUILDDIR>>/src/rsh-client.c
 /<<PKGBUILDDIR>>/src/sanity.sh
 /<<PKGBUILDDIR>>/src/server.c
 /<<PKGBUILDDIR>>/src/server.h
 /<<PKGBUILDDIR>>/src/status.c
 /<<PKGBUILDDIR>>/src/subr.c
 /<<PKGBUILDDIR>>/src/suck.c
 /<<PKGBUILDDIR>>/src/tag.c
 /<<PKGBUILDDIR>>/src/update.c
 /<<PKGBUILDDIR>>/src/vers_ts.c
 /<<PKGBUILDDIR>>/src/version.c
 /<<PKGBUILDDIR>>/src/watch.c
 /<<PKGBUILDDIR>>/src/wrapper.c
 /<<PKGBUILDDIR>>/src/zlib.c

Check disk space
----------------

Sufficient free space for build

User Environment
----------------

APT_CONFIG=/var/lib/sbuild/apt.conf
CCACHE_COMPRESS=1
CCACHE_DIR=/var/cache/ccache-sbuild
CCACHE_UMASK=002
CONFIG_SITE=/etc/dpkg-cross/cross-config.armhf
DEB_BUILD_OPTIONS=nocheck
HOME=/sbuild-nonexistent
LANG=en_US.UTF-8
LC_ALL=C.UTF-8
LD_LIBRARY_PATH=/usr/lib/libeatmydata
LD_PRELOAD=libeatmydata.so
LOGNAME=build
PATH=/usr/lib/ccache:/usr/local/sbin:/usr/local/bin:/usr/sbin:/usr/bin:/sbin:/bin:/usr/games
PWD=/<<PKGBUILDDIR>>
SCHROOT_ALIAS_NAME=unstable-amd64-sbuild
SCHROOT_CHROOT_NAME=unstable-amd64-sbuild
SCHROOT_COMMAND=env
SCHROOT_GID=1000
SCHROOT_GROUP=build
SCHROOT_SESSION_ID=unstable-amd64-sbuild-06f1df54-13ab-4317-8f2e-891209cd5555
SCHROOT_UID=1000
SCHROOT_USER=build
SHELL=/bin/sh
USER=build

dpkg-buildpackage
-----------------

Command: dpkg-buildpackage -aarmhf -Pcross,nocheck -us -uc -B -rfakeroot -j16
dpkg-buildpackage: info: source package cvs
dpkg-buildpackage: info: source version 2:1.12.13+real-27
dpkg-buildpackage: info: source distribution unstable
dpkg-buildpackage: info: source changed by Thorsten Glaser <tg@mirbsd.de>
dpkg-architecture: warning: specified GNU system type arm-linux-gnueabihf does not match CC system type x86_64-linux-gnu, try setting a correct CC environment variable
 dpkg-source --before-build .
dpkg-buildpackage: info: host architecture armhf
 debian/rules clean
dh_testdir
dh_autoreconf_clean
rm -rf autom4te.cache build-aux/config.guess build-aux/config.sub cvs.spec debian/.*_stamp debian/CVSTEMP debian/builddir debian/stagedir doc/cvs-paper.pdf doc/cvs.1 doc/cvs.info* doc/cvs.pdf doc/cvsclient.info* doc/cvsclient.pdf doc/getdate-cvs.texi emx/Makefile os2/Makefile vms/config.h windows-NT/config.h
dh_clean
	rm -f debian/debhelper-build-stamp
	rm -rf debian/.debhelper/
	rm -f -- debian/cvs.substvars debian/files
	rm -fr -- debian/cvs/ debian/tmp/
	find .  \( \( \
		\( -path .\*/.git -o -path .\*/.svn -o -path .\*/.bzr -o -path .\*/.hg -o -path .\*/CVS -o -path .\*/.pc -o -path .\*/_darcs \) -prune -o -type f -a \
	        \( -name '#*#' -o -name '.*~' -o -name '*~' -o -name DEADJOE \
		 -o -name '*.orig' -o -name '*.rej' -o -name '*.bak' \
		 -o -name '.*.orig' -o -name .*.rej -o -name '.SUMS' \
		 -o -name TAGS -o \( -path '*/.deps/*' -a -name '*.P' \) \
		\) -exec rm -f {} + \) -o \
		\( -type d -a -name autom4te.cache -prune -exec rm -rf {} + \) \)
 debian/rules binary-arch
dh_testdir
rm -rf autom4te.cache build-aux/config.guess build-aux/config.sub cvs.spec debian/.*_stamp debian/CVSTEMP debian/builddir debian/stagedir doc/cvs-paper.pdf doc/cvs.1 doc/cvs.info* doc/cvs.pdf doc/cvsclient.info* doc/cvsclient.pdf doc/getdate-cvs.texi emx/Makefile os2/Makefile vms/config.h windows-NT/config.h
cp /usr/share/misc/config.guess /usr/share/misc/config.sub build-aux/
dh_autoreconf
	find ! -ipath "./debian/*" -a ! \( -path '*/.git/*' -o -path '*/.hg/*' -o -path '*/.bzr/*' -o -path '*/.svn/*' -o -path '*/CVS/*' \) -a  -type f -exec md5sum {} + -o -type l -printf "symlink  %p
" > debian/autoreconf.before
	grep -q ^XDT_ configure.in
	autoreconf -f -i
Copying file ABOUT-NLS
Copying file m4/glibc2.m4
Copying file m4/glibc21.m4
Copying file m4/intdiv0.m4
Copying file m4/intmax.m4
Copying file m4/inttypes-pri.m4
Copying file m4/isc-posix.m4
Copying file m4/lcmessage.m4
Copying file m4/printf-posix.m4
Copying file build-aux/mkinstalldirs
Creating directory po
Copying file po/Makefile.in.in
Copying file po/Makevars.template
Copying file po/Rules-quot
Copying file po/boldquot.sed
Copying file po/en@boldquot.header
Copying file po/en@quot.header
Copying file po/insert-header.sin
Copying file po/quot.sed
Copying file po/remove-potcdate.sin
aclocal: warning: autoconf input should be named 'configure.ac', not 'configure.in'
configure.in:34: warning: AC_COMPILE_IFELSE was called before gl_USE_SYSTEM_EXTENSIONS
m4/extensions.m4:12: gl_USE_SYSTEM_EXTENSIONS is expanded from...
m4/gnulib-comp.m4:19: gl_EARLY is expanded from...
configure.in:34: the top level
configure.in:34: warning: AC_RUN_IFELSE was called before gl_USE_SYSTEM_EXTENSIONS
m4/extensions.m4:12: gl_USE_SYSTEM_EXTENSIONS is expanded from...
m4/gnulib-comp.m4:19: gl_EARLY is expanded from...
configure.in:34: the top level
configure.in:216: warning: AC_CACHE_VAL(gl_have_path_max_definition, ...): suspicious cache-id, must contain _cv_ to be cached
../../lib/autoconf/general.m4:2042: AC_CACHE_VAL is expanded from...
../../lib/autoconf/general.m4:2063: AC_CACHE_CHECK is expanded from...
m4/chdir-long.m4:16: gl_FUNC_CHDIR_LONG is expanded from...
m4/gnulib-comp.m4:27: gl_INIT is expanded from...
configure.in:216: the top level
configure.in:216: warning: AC_LANG_CONFTEST: no AC_LANG_SOURCE call detected in body
../../lib/autoconf/lang.m4:193: AC_LANG_CONFTEST is expanded from...
../../lib/autoconf/general.m4:2601: _AC_COMPILE_IFELSE is expanded from...
../../lib/autoconf/general.m4:2617: AC_COMPILE_IFELSE is expanded from...
../../lib/m4sugar/m4sh.m4:639: AS_IF is expanded from...
../../lib/autoconf/general.m4:2042: AC_CACHE_VAL is expanded from...
../../lib/autoconf/general.m4:2063: AC_CACHE_CHECK is expanded from...
m4/glob.m4:21: gl_GLOB is expanded from...
m4/gnulib-comp.m4:27: gl_INIT is expanded from...
configure.in:216: the top level
configure.in:216: warning: AC_LANG_CONFTEST: no AC_LANG_SOURCE call detected in body
../../lib/autoconf/lang.m4:193: AC_LANG_CONFTEST is expanded from...
../../lib/autoconf/general.m4:2740: _AC_RUN_IFELSE is expanded from...
../../lib/m4sugar/m4sh.m4:639: AS_IF is expanded from...
../../lib/autoconf/general.m4:2759: AC_RUN_IFELSE is expanded from...
../../lib/m4sugar/m4sh.m4:639: AS_IF is expanded from...
../../lib/autoconf/general.m4:2042: AC_CACHE_VAL is expanded from...
../../lib/autoconf/general.m4:2063: AC_CACHE_CHECK is expanded from...
m4/glob.m4:21: gl_GLOB is expanded from...
m4/gnulib-comp.m4:27: gl_INIT is expanded from...
configure.in:216: the top level
configure.in:216: warning: AC_REQUIRE: `AC_STRUCT_TIMEZONE' was expanded before it was required
configure.in:216: http://www.gnu.org/software/autoconf/manual/autoconf.html#Expanded-Before-Required
m4/strftime.m4:18: gl_FUNC_STRFTIME is expanded from...
m4/strftime.m4:12: gl_FUNC_GNU_STRFTIME is expanded from...
m4/gnulib-comp.m4:27: gl_INIT is expanded from...
configure.in:216: the top level
configure.in:236: warning: AC_LANG_CONFTEST: no AC_LANG_SOURCE call detected in body
../../lib/autoconf/lang.m4:193: AC_LANG_CONFTEST is expanded from...
../../lib/autoconf/general.m4:2601: _AC_COMPILE_IFELSE is expanded from...
../../lib/autoconf/general.m4:2617: AC_COMPILE_IFELSE is expanded from...
../../lib/m4sugar/m4sh.m4:639: AS_IF is expanded from...
../../lib/autoconf/general.m4:2042: AC_CACHE_VAL is expanded from...
../../lib/autoconf/general.m4:2063: AC_CACHE_CHECK is expanded from...
m4/glob.m4:21: gl_GLOB is expanded from...
configure.in:236: the top level
configure.in:236: warning: AC_LANG_CONFTEST: no AC_LANG_SOURCE call detected in body
../../lib/autoconf/lang.m4:193: AC_LANG_CONFTEST is expanded from...
../../lib/autoconf/general.m4:2740: _AC_RUN_IFELSE is expanded from...
../../lib/m4sugar/m4sh.m4:639: AS_IF is expanded from...
../../lib/autoconf/general.m4:2759: AC_RUN_IFELSE is expanded from...
../../lib/m4sugar/m4sh.m4:639: AS_IF is expanded from...
../../lib/autoconf/general.m4:2042: AC_CACHE_VAL is expanded from...
../../lib/autoconf/general.m4:2063: AC_CACHE_CHECK is expanded from...
m4/glob.m4:21: gl_GLOB is expanded from...
configure.in:236: the top level
configure.in:34: warning: AC_COMPILE_IFELSE was called before gl_USE_SYSTEM_EXTENSIONS
m4/extensions.m4:12: gl_USE_SYSTEM_EXTENSIONS is expanded from...
m4/gnulib-comp.m4:19: gl_EARLY is expanded from...
configure.in:34: the top level
configure.in:34: warning: AC_RUN_IFELSE was called before gl_USE_SYSTEM_EXTENSIONS
m4/extensions.m4:12: gl_USE_SYSTEM_EXTENSIONS is expanded from...
m4/gnulib-comp.m4:19: gl_EARLY is expanded from...
configure.in:34: the top level
configure.in:216: warning: AC_CACHE_VAL(gl_have_path_max_definition, ...): suspicious cache-id, must contain _cv_ to be cached
../../lib/autoconf/general.m4:2042: AC_CACHE_VAL is expanded from...
../../lib/autoconf/general.m4:2063: AC_CACHE_CHECK is expanded from...
m4/chdir-long.m4:16: gl_FUNC_CHDIR_LONG is expanded from...
m4/gnulib-comp.m4:27: gl_INIT is expanded from...
configure.in:216: the top level
configure.in:216: warning: AC_LANG_CONFTEST: no AC_LANG_SOURCE call detected in body
../../lib/autoconf/lang.m4:193: AC_LANG_CONFTEST is expanded from...
../../lib/autoconf/general.m4:2601: _AC_COMPILE_IFELSE is expanded from...
../../lib/autoconf/general.m4:2617: AC_COMPILE_IFELSE is expanded from...
../../lib/m4sugar/m4sh.m4:639: AS_IF is expanded from...
../../lib/autoconf/general.m4:2042: AC_CACHE_VAL is expanded from...
../../lib/autoconf/general.m4:2063: AC_CACHE_CHECK is expanded from...
m4/glob.m4:21: gl_GLOB is expanded from...
m4/gnulib-comp.m4:27: gl_INIT is expanded from...
configure.in:216: the top level
configure.in:216: warning: AC_LANG_CONFTEST: no AC_LANG_SOURCE call detected in body
../../lib/autoconf/lang.m4:193: AC_LANG_CONFTEST is expanded from...
../../lib/autoconf/general.m4:2740: _AC_RUN_IFELSE is expanded from...
../../lib/m4sugar/m4sh.m4:639: AS_IF is expanded from...
../../lib/autoconf/general.m4:2759: AC_RUN_IFELSE is expanded from...
../../lib/m4sugar/m4sh.m4:639: AS_IF is expanded from...
../../lib/autoconf/general.m4:2042: AC_CACHE_VAL is expanded from...
../../lib/autoconf/general.m4:2063: AC_CACHE_CHECK is expanded from...
m4/glob.m4:21: gl_GLOB is expanded from...
m4/gnulib-comp.m4:27: gl_INIT is expanded from...
configure.in:216: the top level
configure.in:216: warning: AC_REQUIRE: `AC_STRUCT_TIMEZONE' was expanded before it was required
configure.in:216: http://www.gnu.org/software/autoconf/manual/autoconf.html#Expanded-Before-Required
m4/strftime.m4:18: gl_FUNC_STRFTIME is expanded from...
m4/strftime.m4:12: gl_FUNC_GNU_STRFTIME is expanded from...
m4/gnulib-comp.m4:27: gl_INIT is expanded from...
configure.in:216: the top level
configure.in:236: warning: AC_LANG_CONFTEST: no AC_LANG_SOURCE call detected in body
../../lib/autoconf/lang.m4:193: AC_LANG_CONFTEST is expanded from...
../../lib/autoconf/general.m4:2601: _AC_COMPILE_IFELSE is expanded from...
../../lib/autoconf/general.m4:2617: AC_COMPILE_IFELSE is expanded from...
../../lib/m4sugar/m4sh.m4:639: AS_IF is expanded from...
../../lib/autoconf/general.m4:2042: AC_CACHE_VAL is expanded from...
../../lib/autoconf/general.m4:2063: AC_CACHE_CHECK is expanded from...
m4/glob.m4:21: gl_GLOB is expanded from...
configure.in:236: the top level
configure.in:236: warning: AC_LANG_CONFTEST: no AC_LANG_SOURCE call detected in body
../../lib/autoconf/lang.m4:193: AC_LANG_CONFTEST is expanded from...
../../lib/autoconf/general.m4:2740: _AC_RUN_IFELSE is expanded from...
../../lib/m4sugar/m4sh.m4:639: AS_IF is expanded from...
../../lib/autoconf/general.m4:2759: AC_RUN_IFELSE is expanded from...
../../lib/m4sugar/m4sh.m4:639: AS_IF is expanded from...
../../lib/autoconf/general.m4:2042: AC_CACHE_VAL is expanded from...
../../lib/autoconf/general.m4:2063: AC_CACHE_CHECK is expanded from...
m4/glob.m4:21: gl_GLOB is expanded from...
configure.in:236: the top level
configure.in:34: warning: AC_COMPILE_IFELSE was called before gl_USE_SYSTEM_EXTENSIONS
m4/extensions.m4:12: gl_USE_SYSTEM_EXTENSIONS is expanded from...
m4/gnulib-comp.m4:19: gl_EARLY is expanded from...
configure.in:34: the top level
configure.in:34: warning: AC_RUN_IFELSE was called before gl_USE_SYSTEM_EXTENSIONS
m4/extensions.m4:12: gl_USE_SYSTEM_EXTENSIONS is expanded from...
m4/gnulib-comp.m4:19: gl_EARLY is expanded from...
configure.in:34: the top level
configure.in:216: warning: AC_CACHE_VAL(gl_have_path_max_definition, ...): suspicious cache-id, must contain _cv_ to be cached
../../lib/autoconf/general.m4:2042: AC_CACHE_VAL is expanded from...
../../lib/autoconf/general.m4:2063: AC_CACHE_CHECK is expanded from...
m4/chdir-long.m4:16: gl_FUNC_CHDIR_LONG is expanded from...
m4/gnulib-comp.m4:27: gl_INIT is expanded from...
configure.in:216: the top level
configure.in:216: warning: AC_LANG_CONFTEST: no AC_LANG_SOURCE call detected in body
../../lib/autoconf/lang.m4:193: AC_LANG_CONFTEST is expanded from...
../../lib/autoconf/general.m4:2601: _AC_COMPILE_IFELSE is expanded from...
../../lib/autoconf/general.m4:2617: AC_COMPILE_IFELSE is expanded from...
../../lib/m4sugar/m4sh.m4:639: AS_IF is expanded from...
../../lib/autoconf/general.m4:2042: AC_CACHE_VAL is expanded from...
../../lib/autoconf/general.m4:2063: AC_CACHE_CHECK is expanded from...
m4/glob.m4:21: gl_GLOB is expanded from...
m4/gnulib-comp.m4:27: gl_INIT is expanded from...
configure.in:216: the top level
configure.in:216: warning: AC_LANG_CONFTEST: no AC_LANG_SOURCE call detected in body
../../lib/autoconf/lang.m4:193: AC_LANG_CONFTEST is expanded from...
../../lib/autoconf/general.m4:2740: _AC_RUN_IFELSE is expanded from...
../../lib/m4sugar/m4sh.m4:639: AS_IF is expanded from...
../../lib/autoconf/general.m4:2759: AC_RUN_IFELSE is expanded from...
../../lib/m4sugar/m4sh.m4:639: AS_IF is expanded from...
../../lib/autoconf/general.m4:2042: AC_CACHE_VAL is expanded from...
../../lib/autoconf/general.m4:2063: AC_CACHE_CHECK is expanded from...
m4/glob.m4:21: gl_GLOB is expanded from...
m4/gnulib-comp.m4:27: gl_INIT is expanded from...
configure.in:216: the top level
configure.in:216: warning: AC_REQUIRE: `AC_STRUCT_TIMEZONE' was expanded before it was required
configure.in:216: http://www.gnu.org/software/autoconf/manual/autoconf.html#Expanded-Before-Required
m4/strftime.m4:18: gl_FUNC_STRFTIME is expanded from...
m4/strftime.m4:12: gl_FUNC_GNU_STRFTIME is expanded from...
m4/gnulib-comp.m4:27: gl_INIT is expanded from...
configure.in:216: the top level
configure.in:236: warning: AC_LANG_CONFTEST: no AC_LANG_SOURCE call detected in body
../../lib/autoconf/lang.m4:193: AC_LANG_CONFTEST is expanded from...
../../lib/autoconf/general.m4:2601: _AC_COMPILE_IFELSE is expanded from...
../../lib/autoconf/general.m4:2617: AC_COMPILE_IFELSE is expanded from...
../../lib/m4sugar/m4sh.m4:639: AS_IF is expanded from...
../../lib/autoconf/general.m4:2042: AC_CACHE_VAL is expanded from...
../../lib/autoconf/general.m4:2063: AC_CACHE_CHECK is expanded from...
m4/glob.m4:21: gl_GLOB is expanded from...
configure.in:236: the top level
configure.in:236: warning: AC_LANG_CONFTEST: no AC_LANG_SOURCE call detected in body
../../lib/autoconf/lang.m4:193: AC_LANG_CONFTEST is expanded from...
../../lib/autoconf/general.m4:2740: _AC_RUN_IFELSE is expanded from...
../../lib/m4sugar/m4sh.m4:639: AS_IF is expanded from...
../../lib/autoconf/general.m4:2759: AC_RUN_IFELSE is expanded from...
../../lib/m4sugar/m4sh.m4:639: AS_IF is expanded from...
../../lib/autoconf/general.m4:2042: AC_CACHE_VAL is expanded from...
../../lib/autoconf/general.m4:2063: AC_CACHE_CHECK is expanded from...
m4/glob.m4:21: gl_GLOB is expanded from...
configure.in:236: the top level
configure.in:34: warning: AC_COMPILE_IFELSE was called before gl_USE_SYSTEM_EXTENSIONS
m4/extensions.m4:12: gl_USE_SYSTEM_EXTENSIONS is expanded from...
m4/gnulib-comp.m4:19: gl_EARLY is expanded from...
configure.in:34: the top level
configure.in:34: warning: AC_RUN_IFELSE was called before gl_USE_SYSTEM_EXTENSIONS
m4/extensions.m4:12: gl_USE_SYSTEM_EXTENSIONS is expanded from...
m4/gnulib-comp.m4:19: gl_EARLY is expanded from...
configure.in:34: the top level
configure.in:216: warning: AC_CACHE_VAL(gl_have_path_max_definition, ...): suspicious cache-id, must contain _cv_ to be cached
../../lib/autoconf/general.m4:2042: AC_CACHE_VAL is expanded from...
../../lib/autoconf/general.m4:2063: AC_CACHE_CHECK is expanded from...
m4/chdir-long.m4:16: gl_FUNC_CHDIR_LONG is expanded from...
m4/gnulib-comp.m4:27: gl_INIT is expanded from...
configure.in:216: the top level
configure.in:216: warning: AC_LANG_CONFTEST: no AC_LANG_SOURCE call detected in body
../../lib/autoconf/lang.m4:193: AC_LANG_CONFTEST is expanded from...
../../lib/autoconf/general.m4:2601: _AC_COMPILE_IFELSE is expanded from...
../../lib/autoconf/general.m4:2617: AC_COMPILE_IFELSE is expanded from...
../../lib/m4sugar/m4sh.m4:639: AS_IF is expanded from...
../../lib/autoconf/general.m4:2042: AC_CACHE_VAL is expanded from...
../../lib/autoconf/general.m4:2063: AC_CACHE_CHECK is expanded from...
m4/glob.m4:21: gl_GLOB is expanded from...
m4/gnulib-comp.m4:27: gl_INIT is expanded from...
configure.in:216: the top level
configure.in:216: warning: AC_LANG_CONFTEST: no AC_LANG_SOURCE call detected in body
../../lib/autoconf/lang.m4:193: AC_LANG_CONFTEST is expanded from...
../../lib/autoconf/general.m4:2740: _AC_RUN_IFELSE is expanded from...
../../lib/m4sugar/m4sh.m4:639: AS_IF is expanded from...
../../lib/autoconf/general.m4:2759: AC_RUN_IFELSE is expanded from...
../../lib/m4sugar/m4sh.m4:639: AS_IF is expanded from...
../../lib/autoconf/general.m4:2042: AC_CACHE_VAL is expanded from...
../../lib/autoconf/general.m4:2063: AC_CACHE_CHECK is expanded from...
m4/glob.m4:21: gl_GLOB is expanded from...
m4/gnulib-comp.m4:27: gl_INIT is expanded from...
configure.in:216: the top level
configure.in:216: warning: AC_REQUIRE: `AC_STRUCT_TIMEZONE' was expanded before it was required
configure.in:216: http://www.gnu.org/software/autoconf/manual/autoconf.html#Expanded-Before-Required
m4/strftime.m4:18: gl_FUNC_STRFTIME is expanded from...
m4/strftime.m4:12: gl_FUNC_GNU_STRFTIME is expanded from...
m4/gnulib-comp.m4:27: gl_INIT is expanded from...
configure.in:216: the top level
configure.in:236: warning: AC_LANG_CONFTEST: no AC_LANG_SOURCE call detected in body
../../lib/autoconf/lang.m4:193: AC_LANG_CONFTEST is expanded from...
../../lib/autoconf/general.m4:2601: _AC_COMPILE_IFELSE is expanded from...
../../lib/autoconf/general.m4:2617: AC_COMPILE_IFELSE is expanded from...
../../lib/m4sugar/m4sh.m4:639: AS_IF is expanded from...
../../lib/autoconf/general.m4:2042: AC_CACHE_VAL is expanded from...
../../lib/autoconf/general.m4:2063: AC_CACHE_CHECK is expanded from...
m4/glob.m4:21: gl_GLOB is expanded from...
configure.in:236: the top level
configure.in:236: warning: AC_LANG_CONFTEST: no AC_LANG_SOURCE call detected in body
../../lib/autoconf/lang.m4:193: AC_LANG_CONFTEST is expanded from...
../../lib/autoconf/general.m4:2740: _AC_RUN_IFELSE is expanded from...
../../lib/m4sugar/m4sh.m4:639: AS_IF is expanded from...
../../lib/autoconf/general.m4:2759: AC_RUN_IFELSE is expanded from...
../../lib/m4sugar/m4sh.m4:639: AS_IF is expanded from...
../../lib/autoconf/general.m4:2042: AC_CACHE_VAL is expanded from...
../../lib/autoconf/general.m4:2063: AC_CACHE_CHECK is expanded from...
m4/glob.m4:21: gl_GLOB is expanded from...
configure.in:236: the top level
automake: warning: autoconf input should be named 'configure.ac', not 'configure.in'
configure.in:34: warning: AC_COMPILE_IFELSE was called before gl_USE_SYSTEM_EXTENSIONS
m4/extensions.m4:12: gl_USE_SYSTEM_EXTENSIONS is expanded from...
m4/gnulib-comp.m4:19: gl_EARLY is expanded from...
configure.in:34: the top level
configure.in:34: warning: AC_RUN_IFELSE was called before gl_USE_SYSTEM_EXTENSIONS
m4/extensions.m4:12: gl_USE_SYSTEM_EXTENSIONS is expanded from...
m4/gnulib-comp.m4:19: gl_EARLY is expanded from...
configure.in:34: the top level
configure.in:216: warning: AC_CACHE_VAL(gl_have_path_max_definition, ...): suspicious cache-id, must contain _cv_ to be cached
../../lib/autoconf/general.m4:2042: AC_CACHE_VAL is expanded from...
../../lib/autoconf/general.m4:2063: AC_CACHE_CHECK is expanded from...
m4/chdir-long.m4:16: gl_FUNC_CHDIR_LONG is expanded from...
m4/gnulib-comp.m4:27: gl_INIT is expanded from...
configure.in:216: the top level
configure.in:216: warning: AC_LANG_CONFTEST: no AC_LANG_SOURCE call detected in body
../../lib/autoconf/lang.m4:193: AC_LANG_CONFTEST is expanded from...
../../lib/autoconf/general.m4:2601: _AC_COMPILE_IFELSE is expanded from...
../../lib/autoconf/general.m4:2617: AC_COMPILE_IFELSE is expanded from...
../../lib/m4sugar/m4sh.m4:639: AS_IF is expanded from...
../../lib/autoconf/general.m4:2042: AC_CACHE_VAL is expanded from...
../../lib/autoconf/general.m4:2063: AC_CACHE_CHECK is expanded from...
m4/glob.m4:21: gl_GLOB is expanded from...
m4/gnulib-comp.m4:27: gl_INIT is expanded from...
configure.in:216: the top level
configure.in:216: warning: AC_LANG_CONFTEST: no AC_LANG_SOURCE call detected in body
../../lib/autoconf/lang.m4:193: AC_LANG_CONFTEST is expanded from...
../../lib/autoconf/general.m4:2740: _AC_RUN_IFELSE is expanded from...
../../lib/m4sugar/m4sh.m4:639: AS_IF is expanded from...
../../lib/autoconf/general.m4:2759: AC_RUN_IFELSE is expanded from...
../../lib/m4sugar/m4sh.m4:639: AS_IF is expanded from...
../../lib/autoconf/general.m4:2042: AC_CACHE_VAL is expanded from...
../../lib/autoconf/general.m4:2063: AC_CACHE_CHECK is expanded from...
m4/glob.m4:21: gl_GLOB is expanded from...
m4/gnulib-comp.m4:27: gl_INIT is expanded from...
configure.in:216: the top level
configure.in:216: warning: AC_REQUIRE: `AC_STRUCT_TIMEZONE' was expanded before it was required
configure.in:216: http://www.gnu.org/software/autoconf/manual/autoconf.html#Expanded-Before-Required
m4/strftime.m4:18: gl_FUNC_STRFTIME is expanded from...
m4/strftime.m4:12: gl_FUNC_GNU_STRFTIME is expanded from...
m4/gnulib-comp.m4:27: gl_INIT is expanded from...
configure.in:216: the top level
configure.in:236: warning: AC_LANG_CONFTEST: no AC_LANG_SOURCE call detected in body
../../lib/autoconf/lang.m4:193: AC_LANG_CONFTEST is expanded from...
../../lib/autoconf/general.m4:2601: _AC_COMPILE_IFELSE is expanded from...
../../lib/autoconf/general.m4:2617: AC_COMPILE_IFELSE is expanded from...
../../lib/m4sugar/m4sh.m4:639: AS_IF is expanded from...
../../lib/autoconf/general.m4:2042: AC_CACHE_VAL is expanded from...
../../lib/autoconf/general.m4:2063: AC_CACHE_CHECK is expanded from...
m4/glob.m4:21: gl_GLOB is expanded from...
configure.in:236: the top level
configure.in:236: warning: AC_LANG_CONFTEST: no AC_LANG_SOURCE call detected in body
../../lib/autoconf/lang.m4:193: AC_LANG_CONFTEST is expanded from...
../../lib/autoconf/general.m4:2740: _AC_RUN_IFELSE is expanded from...
../../lib/m4sugar/m4sh.m4:639: AS_IF is expanded from...
../../lib/autoconf/general.m4:2759: AC_RUN_IFELSE is expanded from...
../../lib/m4sugar/m4sh.m4:639: AS_IF is expanded from...
../../lib/autoconf/general.m4:2042: AC_CACHE_VAL is expanded from...
../../lib/autoconf/general.m4:2063: AC_CACHE_CHECK is expanded from...
m4/glob.m4:21: gl_GLOB is expanded from...
configure.in:236: the top level
Makefile.am:22: warning: AM_GNU_GETTEXT used but 'po' not in SUBDIRS
automake: warning: autoconf input should be named 'configure.ac', not 'configure.in'
diff/Makefile.am:16: warning: 'INCLUDES' is the old name for 'AM_CPPFLAGS' (or '*_CPPFLAGS')
doc/Makefile.am:22: warning: suffix '.texinfo' for Texinfo files is discouraged; use '.texi' instead
parallel-tests: installing 'build-aux/test-driver'
	find ! -ipath "./debian/*" -a ! \( -path '*/.git/*' -o -path '*/.hg/*' -o -path '*/.bzr/*' -o -path '*/.svn/*' -o -path '*/CVS/*' \) -a  -type f -exec md5sum {} + -o -type l -printf "symlink  %p
" > debian/autoreconf.after
mkdir debian/builddir debian/stagedir
cd debian/builddir && \
    env CC='arm-linux-gnueabihf-gcc' LIBS='-lbsd' CSH=/bin/csh ac_cv_path_MKTEMP=/bin/mktemp sh ../../configure --build=x86_64-linux-gnu --host=arm-linux-gnueabihf --prefix=/usr --infodir=/usr/share/info --mandir=/usr/share/man --sysconfdir=/etc --disable-dependency-tracking --disable-maintainer-mode --disable-pam --disable-nls --enable-client --enable-password-authenticated-client --enable-server --enable-proxy --enable-case-sensitivity --enable-encryption --disable-lock-compatibility --enable-rootcommit --disable-old-info-format-support --enable-config-override=no --without-krb4 --with-gssapi --with-external-zlib --with-rsh=ssh --with-editor=/usr/bin/editor --with-tmpdir=/var/tmp --with-umask=002 --with-cvs-admin-group=_cvsadmin
configure: WARNING: unrecognized options: --disable-old-info-format-support
configure: loading site script /etc/dpkg-cross/cross-config.armhf
checking for a BSD-compatible install... /usr/bin/install -c
checking whether build environment is sane... yes
checking for arm-linux-gnueabihf-strip... arm-linux-gnueabihf-strip
checking for a thread-safe mkdir -p... /bin/mkdir -p
checking for gawk... no
checking for mawk... mawk
checking whether make sets $(MAKE)... yes
checking whether make supports nested variables... yes
checking whether to enable maintainer-specific portions of Makefiles... no
checking whether make supports the include directive... yes (GNU style)
checking for arm-linux-gnueabihf-gcc... arm-linux-gnueabihf-gcc
checking whether the C compiler works... yes
checking for C compiler default output file name... a.out
checking for suffix of executables... 
checking whether we are cross compiling... yes
checking for suffix of object files... o
checking whether we are using the GNU C compiler... yes
checking whether arm-linux-gnueabihf-gcc accepts -g... yes
checking for arm-linux-gnueabihf-gcc option to accept ISO C89... none needed
checking whether arm-linux-gnueabihf-gcc understands -c and -o together... yes
checking dependency style of arm-linux-gnueabihf-gcc... none
checking how to run the C preprocessor... arm-linux-gnueabihf-gcc -E
checking for grep that handles long lines and -e... /bin/grep
checking for egrep... /bin/grep -E
checking for ANSI C header files... yes
checking for sys/types.h... yes
checking for sys/stat.h... yes
checking for stdlib.h... yes
checking for string.h... yes
checking for memory.h... yes
checking for strings.h... yes
checking for inttypes.h... yes
checking for stdint.h... yes
checking for unistd.h... yes
checking minix/config.h usability... no
checking minix/config.h presence... no
checking for minix/config.h... no
checking whether it is safe to define __EXTENSIONS__... yes
checking for arm-linux-gnueabihf-gcc... (cached) arm-linux-gnueabihf-gcc
checking whether we are using the GNU C compiler... (cached) yes
checking whether arm-linux-gnueabihf-gcc accepts -g... (cached) yes
checking for arm-linux-gnueabihf-gcc option to accept ISO C89... (cached) none needed
checking whether arm-linux-gnueabihf-gcc understands -c and -o together... (cached) yes
checking dependency style of arm-linux-gnueabihf-gcc... (cached) none
checking for library containing strerror... none required
checking for arm-linux-gnueabihf-ranlib... arm-linux-gnueabihf-ranlib
checking whether ln -s works... yes
checking for special C compiler options needed for large files... no
checking for _FILE_OFFSET_BITS value needed for large files... 64
checking for perl... /usr/bin/perl
checking for csh... /bin/csh
checking for mktemp... (cached) /bin/mktemp
checking for sendmail... no
checking for pr... /usr/bin/pr
checking for groff... /usr/bin/groff
checking for ps2pdf... /usr/bin/ps2pdf
checking for texi2dvi... /usr/bin/texi2dvi
checking whether #! works in shell scripts... yes
checking for BSD VPATH bug in make... no
checking for dirent.h that defines DIR... yes
checking for library containing opendir... none required
checking for ANSI C header files... (cached) yes
checking for sys/wait.h that is POSIX.1 compatible... yes
checking direct.h usability... no
checking direct.h presence... no
checking for direct.h... no
checking fcntl.h usability... yes
checking fcntl.h presence... yes
checking for fcntl.h... yes
checking getopt.h usability... yes
checking getopt.h presence... yes
checking for getopt.h... yes
checking for inttypes.h... (cached) yes
checking io.h usability... no
checking io.h presence... no
checking for io.h... no
checking for memory.h... (cached) yes
checking ndbm.h usability... no
checking ndbm.h presence... no
checking for ndbm.h... no
checking for stdint.h... (cached) yes
checking syslog.h usability... yes
checking syslog.h presence... yes
checking for syslog.h... yes
checking sys/bsdtypes.h usability... no
checking sys/bsdtypes.h presence... no
checking for sys/bsdtypes.h... no
checking sys/file.h usability... yes
checking sys/file.h presence... yes
checking for sys/file.h... yes
checking sys/inttypes.h usability... no
checking sys/inttypes.h presence... no
checking for sys/inttypes.h... no
checking sys/param.h usability... yes
checking sys/param.h presence... yes
checking for sys/param.h... yes
checking sys/resource.h usability... yes
checking sys/resource.h presence... yes
checking for sys/resource.h... yes
checking sys/select.h usability... yes
checking sys/select.h presence... yes
checking for sys/select.h... yes
checking for unistd.h... (cached) yes
checking utime.h usability... yes
checking utime.h presence... yes
checking for utime.h... yes
checking wctype.h usability... yes
checking wctype.h presence... yes
checking for wctype.h... yes
checking zlib.h usability... yes
checking zlib.h presence... yes
checking for zlib.h... yes
checking whether stat file-mode macros are broken... no
checking for an ANSI C-conforming const... yes
checking for uid_t in sys/types.h... yes
checking for mode_t... yes
checking for pid_t... yes
checking return type of signal handlers... void
checking for struct stat.st_blksize... yes
checking for struct stat.st_rdev... yes
checking for _LARGEFILE_SOURCE value needed for large files... no
checking for size_t... yes
checking for working alloca.h... yes
checking for alloca... yes
checking for fseeko... yes
checking for waitpid... yes
checking for fcntl.h... (cached) yes
checking whether select hangs on /dev/null fd when timeout is NULL... yes
checking for fcntl.h... (cached) yes
checking for unistd.h... (cached) yes
checking for stdlib.h... (cached) yes
checking for GNU libc compatible malloc... (cached) yes
checking for long long... yes
checking for long double... yes
checking for C/C++ restrict keyword... restrict
checking for IPv4 sockets... yes
checking for IPv6 sockets... yes
checking for inline... inline
checking for library containing getaddrinfo... none required
checking for getaddrinfo... yes
checking for gai_strerror... yes
checking for stdbool.h that conforms to C99... yes
checking for _Bool... yes
checking for fchdir... yes
checking for mempcpy... yes
checking for isascii... yes
checking for __fsetlocking... yes
checking for tcgetattr... yes
checking for tcsetattr... yes
checking for gettimeofday... yes
checking for nanotime... no
checking for getlogin_r... yes
checking for getpwnam_r... yes
checking for siginterrupt... yes
checking for posix_memalign... yes
checking for iswprint... yes
checking for mbsinit... yes
checking for isblank... yes
checking for mbrtowc... yes
checking for wcrtomb... yes
checking for wcscoll... yes
checking for mblen... yes
checking for mbrlen... yes
checking for tzset... yes
checking for unistd.h... (cached) yes
checking sys/time.h usability... yes
checking sys/time.h presence... yes
checking for sys/time.h... yes
checking for sys/param.h... (cached) yes
checking stdio_ext.h usability... yes
checking stdio_ext.h presence... yes
checking for stdio_ext.h... yes
checking termios.h usability... yes
checking termios.h presence... yes
checking for termios.h... yes
checking sys/cdefs.h usability... yes
checking sys/cdefs.h presence... yes
checking for sys/cdefs.h... yes
checking wchar.h usability... yes
checking wchar.h presence... yes
checking for wchar.h... yes
checking for wctype.h... (cached) yes
checking for stdint.h... (cached) yes
checking for stdlib.h... (cached) yes
checking locale.h usability... yes
checking locale.h presence... yes
checking for locale.h... yes
checking for utime.h... (cached) yes
checking whether memrchr is declared... yes
checking whether system is Windows or MSDOS... no
checking whether strerror_r is declared... yes
checking for strerror_r... yes
checking whether strerror_r returns char *... yes
checking for mbstate_t... yes
checking whether getcwd (NULL, 0) allocates memory for result... no
checking whether getcwd is declared... yes
checking for d_ino member in directory struct... yes
checking whether time.h and sys/time.h may both be included... yes
checking for struct timespec... yes
checking whether nanosleep is declared... yes
checking whether struct tm is in sys/time.h or time.h... time.h
checking for library containing clock_gettime... none required
checking for clock_gettime... yes
checking for clock_settime... yes
checking for struct tm.tm_gmtoff... yes
checking whether getdelim is declared... yes
checking whether getlogin is declared... yes
checking whether getlogin_r is declared... yes
checking for ssize_t... yes
checking for getopt.h... (cached) yes
checking for getopt_long_only... yes
checking whether optreset is declared... no
checking for working GNU getopt function... checking whether getopt_clip is declared... no
yes
checking whether getpass is declared... yes
checking whether fflush_unlocked is declared... yes
checking whether flockfile is declared... yes
checking whether fputs_unlocked is declared... yes
checking whether funlockfile is declared... yes
checking whether putc_unlocked is declared... yes
checking for d_type member in directory struct... yes
checking whether lstat correctly handles trailing slash... no
checking for uint32_t... uint32_t
checking for UINT32_MAX... yes
checking whether byte ordering is bigendian... (cached) no
checking whether <limits.h> defines MIN and MAX... no
checking whether <sys/param.h> defines MIN and MAX... yes
checking whether getenv is declared... yes
checking for inttypes.h... yes
checking for stdint.h... yes
checking for unsigned long long... yes
checking for stdlib.h... (cached) yes
checking for sys/time.h... (cached) yes
checking for unistd.h... (cached) yes
checking for alarm... yes
checking for working mktime... no
checking for getpagesize... yes
checking for working mmap... no
checking for nl_langinfo and CODESET... yes
checking for inttypes.h... yes
checking whether strdup is declared... yes
checking for strftime... yes
checking for struct tm.tm_zone... yes
checking whether clearerr_unlocked is declared... yes
checking whether feof_unlocked is declared... yes
checking whether ferror_unlocked is declared... yes
checking whether fgets_unlocked is declared... yes
checking whether fputc_unlocked is declared... yes
checking whether fread_unlocked is declared... yes
checking whether fwrite_unlocked is declared... yes
checking whether getc_unlocked is declared... yes
checking whether getchar_unlocked is declared... yes
checking whether putchar_unlocked is declared... yes
checking for EOVERFLOW... yes
checking for signed... yes
checking for wchar_t... yes
checking for wint_t... yes
checking for intmax_t... yes
checking for atexit... yes
checking for string.h... (cached) yes
checking for sys/param.h... (cached) yes
checking for resolvepath... no
checking for canonicalize_file_name... yes
checking whether this system has a definition of PATH_MAX... yes
checking for mempcpy... (cached) yes
checking for openat... yes
checking for memrchr... yes
checking for dup2... yes
checking for working POSIX fnmatch... cross
checking whether getenv is declared... (cached) yes
checking for btowc... yes
checking for mbsrtowcs... yes
checking for mempcpy... (cached) yes
checking for wmemchr... yes
checking for wmemcpy... yes
checking for wmempcpy... yes
checking for wchar.h... (cached) yes
checking for wctype.h... (cached) yes
checking for stdio_ext.h... (cached) yes
checking for __fpending... yes
checking whether __fpending is declared... yes
checking for ftruncate... yes
checking for library containing getaddrinfo... (cached) none required
checking for getaddrinfo... (cached) yes
checking for gai_strerror... (cached) yes
checking for struct tm.tm_zone... (cached) yes
checking for getdelim... yes
checking for gethostname... yes
checking whether getline is declared... yes
checking for getline... yes
checking for working getline function... no
checking for getdelim... (cached) yes
checking for getlogin_r... (cached) yes
checking OS.h usability... no
checking OS.h presence... no
checking for OS.h... no
checking for getpagesize... (cached) yes
checking whether gettimeofday clobbers localtime buffer... yes
checking glob.h usability... yes
checking glob.h presence... yes
checking for glob.h... yes
checking for GNU glob interface version 1... no
checking for stdlib.h... (cached) yes
checking for GNU libc compatible malloc... (cached) yes
checking for memchr... yes
checking for memmove... yes
checking for mempcpy... (cached) yes
checking for memrchr... (cached) yes
checking whether mkdir fails due to a trailing slash... yes
checking for mkstemp... yes
checking for mkstemp limitations... yes
checking for __secure_getenv... no
checking for gettimeofday... (cached) yes
checking for library containing nanosleep... none required
checking whether nanosleep works... no
checking for openat... (cached) yes
checking for mbstate_t... (cached) yes
checking whether mbrtowc and mbstate_t are properly declared... yes
checking for readlink... yes
checking for stdlib.h... (cached) yes
checking for GNU libc compatible realloc... (cached) yes
checking for working re_compile_pattern... yes
checking whether rename is broken... yes
checking for C/C++ restrict keyword... (cached) restrict
checking for rpmatch... yes
checking for setenv... yes
checking for unsetenv... yes
checking for unsetenv() return type... int
checking for stdint.h... (cached) yes
checking for SIZE_MAX... yes
checking for ssize_t... (cached) yes
checking for sys/inttypes.h... (cached) no
checking for stdint.h... (cached) yes
checking whether mbrtowc and mbstate_t are properly declared... (cached) yes
checking for strncasecmp... yes
checking for strdup... yes
checking for strerror... yes
checking whether mbrtowc and mbstate_t are properly declared... (cached) yes
checking for strtol... yes
checking for strtoul... yes
checking whether localtime_r is compatible with its POSIX signature... yes
checking for struct timespec... (cached) yes
checking whether nanosleep is declared... (cached) yes
checking whether tzset clobbers localtime buffer... yes
checking for vasnprintf... no
checking for ptrdiff_t... yes
checking for snprintf... yes
checking for wcslen... yes
checking for vasprintf... yes
checking for stdint.h... (cached) yes
checking whether NLS is requested... no
checking for msgfmt... /usr/bin/msgfmt
checking for gmsgfmt... /usr/bin/msgfmt
checking for xgettext... /usr/bin/xgettext
checking for msgmerge... /usr/bin/msgmerge
checking build system type... x86_64-pc-linux-gnu
checking host system type... arm-unknown-linux-gnueabihf
checking for ld used by GCC... /usr/arm-linux-gnueabihf/bin/ld
checking if the linker (/usr/arm-linux-gnueabihf/bin/ld) is GNU ld... yes
checking for shared library run path origin... done
checking for CFPreferencesCopyAppValue... no
checking for CFLocaleCopyCurrent... no
checking whether NLS is requested... no
checking whether to use NLS... no
checking whether strerror_r is declared... (cached) yes
checking for strerror_r... (cached) yes
checking whether strerror_r returns char *... (cached) yes
checking for glob.h... (cached) yes
checking for GNU glob interface version 1... (cached) no
checking for fchdir... (cached) yes
checking for fchmod... yes
checking for fsync... yes
checking for ftime... yes
checking for geteuid... yes
checking for getgroups... yes
checking for getpagesize... (cached) yes
checking for gettimeofday... (cached) yes
checking for initgroups... yes
checking for login... no
checking for logout... no
checking for mknod... yes
checking for regcomp... yes
checking for regerror... yes
checking for regexec... yes
checking for regfree... yes
checking for sigaction... yes
checking for sigblock... yes
checking for sigprocmask... yes
checking for sigsetmask... yes
checking for sigvec... no
checking for timezone... yes
checking for tzset... (cached) yes
checking for vprintf... yes
checking for wait3... yes
checking vfork.h usability... no
checking vfork.h presence... no
checking for vfork.h... no
checking for fork... yes
checking for vfork... yes
checking for working fork... cross
configure: WARNING: result yes guessed because of cross compilation
checking for working vfork... (cached) yes
checking whether closedir returns void... yes
checking for library containing getspnam... none required
checking whether utime accepts a null argument... guessing yes
checking for long file names... yes
checking whether printf supports %p... configure: error: in `/<<PKGBUILDDIR>>/debian/builddir':
configure: error: cannot run test program while cross compiling
See `config.log' for more details
make: *** [debian/rules:104: debian/.configure_stamp] Error 1
dpkg-buildpackage: error: debian/rules binary-arch subprocess returned exit status 2
--------------------------------------------------------------------------------
Build finished at 2019-03-01T13:17:05Z

Finished
--------


+------------------------------------------------------------------------------+
| Cleanup                                                                      |
+------------------------------------------------------------------------------+

Purging /<<BUILDDIR>>
Reading package lists...
Building dependency tree...
Reading state information...
The following packages were automatically installed and are no longer required:
  libauthen-sasl-perl libdata-dump-perl libfont-afm-perl libhtml-form-perl
  libhtml-format-perl libhttp-daemon-perl libmailtools-perl
  libnet-smtp-ssl-perl libyaml-0-2 libyaml-libyaml-perl uuid-runtime
Use 'apt autoremove' to remove them.
0 upgraded, 0 newly installed, 0 to remove and 0 not upgraded.
Reading package lists...
Building dependency tree...
Reading state information...
The following packages were automatically installed and are no longer required:
  libauthen-sasl-perl libdata-dump-perl libfont-afm-perl libhtml-form-perl
  libhtml-format-perl libhttp-daemon-perl libmailtools-perl
  libnet-smtp-ssl-perl libyaml-0-2 libyaml-libyaml-perl uuid-runtime
Use 'apt autoremove' to remove them.
The following packages will be REMOVED:
  autoconf* automake* autopoint* autotools-dev* bsdmainutils*
  comerr-dev:armhf* debhelper* dh-autoreconf* dh-strip-nondeterminism* dwz*
  fontconfig-config* fonts-dejavu-core* fonts-lmodern* gcc-8-base:armhf*
  gettext* gettext-base* ghostscript* groff* groff-base* intltool-debian*
  krb5-multidev:armhf* libarchive-zip-perl* libasan5:armhf* libatomic1:armhf*
  libavahi-client3* libavahi-common-data* libavahi-common3* libbrotli1*
  libbsd-dev:armhf* libbsd0* libbsd0:armhf* libc6:armhf* libc6-dev:armhf*
  libcairo2* libcom-err2:armhf* libcroco3* libcups2* libcupsimage2*
  libdbus-1-3* libelf1* libfile-stripnondeterminism-perl* libfontconfig1*
  libfreetype6* libgcc-8-dev:armhf* libgcc1:armhf* libglib2.0-0*
  libgomp1:armhf* libgraphite2-3* libgs9* libgs9-common* libgssapi-krb5-2*
  libgssapi-krb5-2:armhf* libgssrpc4:armhf* libharfbuzz-icu0* libharfbuzz0b*
  libice6* libidn11* libijs-0.35* libjbig0* libjbig2dec0* libjpeg62-turbo*
  libk5crypto3* libk5crypto3:armhf* libkadm5clnt-mit11:armhf*
  libkadm5srv-mit11:armhf* libkdb5-9:armhf* libkeyutils1* libkeyutils1:armhf*
  libkpathsea6* libkrb5-3* libkrb5-3:armhf* libkrb5-dev:armhf*
  libkrb5support0* libkrb5support0:armhf* liblcms2-2* libncurses6*
  libopenjp2-7* libpaper-utils* libpaper1* libpipeline1* libpixman-1-0*
  libpng16-16* libpotrace0* libprocps7* libptexenc1* libsigsegv2* libsm6*
  libssl1.1:armhf* libstdc++-8-dev:armhf* libstdc++6:armhf* libsynctex2*
  libteckit0* libtexlua52* libtexlua53* libtexluajit2* libtext-unidecode-perl*
  libtiff5* libtool* libubsan1:armhf* libuchardet0* libwebp6* libwoff1*
  libx11-6* libx11-data* libxau6* libxaw7* libxcb-render0* libxcb-shm0*
  libxcb1* libxdmcp6* libxext6* libxi6* libxmu6* libxpm4* libxrender1* libxt6*
  libxxhash0* libzzip-0-13* linux-libc-dev:armhf* m4* man-db* po-debconf*
  poppler-data* procps* sbuild-build-depends-main-dummy:armhf* t1utils*
  tex-common* texinfo* texlive-base* texlive-binaries*
  texlive-fonts-recommended* texlive-latex-base* texlive-latex-recommended*
  x11-common* xdg-utils* zlib1g:armhf* zlib1g-dev:armhf*
0 upgraded, 0 newly installed, 137 to remove and 0 not upgraded.
After this operation, 360 MB disk space will be freed.
(Reading database ... 31999 files and directories currently installed.)
Removing sbuild-build-depends-main-dummy:armhf (0.invalid.0) ...
Removing libkrb5-dev:armhf (1.17-2) ...
Removing krb5-multidev:armhf (1.17-2) ...
Removing comerr-dev:armhf (2.1-1.44.5-1) ...
Removing texlive-latex-recommended (2018.20190207-1) ...
Removing texlive-latex-base (2018.20190207-1) ...
Removing ghostscript (9.26a~dfsg-2) ...
Removing fonts-lmodern (2.004.5-5) ...
Removing libstdc++-8-dev:armhf (8.3.0-2) ...
Removing libgcc-8-dev:armhf (8.3.0-2) ...
Removing libubsan1:armhf (8.3.0-2) ...
Removing libasan5:armhf (8.3.0-2) ...
Removing libstdc++6:armhf (8.3.0-2) ...
Removing groff (1.22.4-2) ...
Removing libatomic1:armhf (8.3.0-2) ...
Removing libbsd-dev:armhf (0.9.1-2) ...
Removing libbsd0:armhf (0.9.1-2) ...
Removing zlib1g-dev:armhf (1:1.2.11.dfsg-1) ...
Removing zlib1g:armhf (1:1.2.11.dfsg-1) ...
Removing libkadm5srv-mit11:armhf (1.17-2) ...
Removing libkdb5-9:armhf (1.17-2) ...
Removing libc6-dev:armhf (2.28-7) ...
Removing libkadm5clnt-mit11:armhf (1.17-2) ...
Removing libgomp1:armhf (8.3.0-2) ...
Removing libgssrpc4:armhf (1.17-2) ...
Removing libgssapi-krb5-2:armhf (1.17-2) ...
Removing procps (2:3.3.15-2) ...
Removing texlive-fonts-recommended (2018.20190207-1) ...
Removing texlive-base (2018.20190207-1) ...
Removing libpaper-utils (1.1.26) ...
Removing libprocps7:amd64 (2:3.3.15-2) ...
Removing texinfo (6.5.0.dfsg.1-4+b1) ...
Running update-fmtutil. This may take some time. ... done.
Running mktexlsr. This may take some time. ... done.
Removing libtext-unidecode-perl (1.30-1) ...
Removing linux-libc-dev:armhf (4.19.20-1) ...
Removing xdg-utils (1.1.3-1) ...
Removing texlive-binaries (2018.20181218.49446-1) ...
Removing libgs9:amd64 (9.26a~dfsg-2) ...
Removing libcupsimage2:amd64 (2.2.10-4) ...
Removing libcups2:amd64 (2.2.10-4) ...
Removing libavahi-client3:amd64 (0.7-4+b1) ...
Removing libavahi-common3:amd64 (0.7-4+b1) ...
Removing libavahi-common-data:amd64 (0.7-4+b1) ...
Removing libwoff1:amd64 (1.0.2-1) ...
Removing libbrotli1:amd64 (1.0.7-2) ...
Removing libxaw7:amd64 (2:1.0.13-1+b2) ...
Removing libxmu6:amd64 (2:1.1.2-2) ...
Removing libxt6:amd64 (1:1.1.5-1) ...
Removing libcairo2:amd64 (1.16.0-3) ...
Removing libxrender1:amd64 (1:0.9.10-1) ...
Removing libxcb-shm0:amd64 (1.13.1-2) ...
Removing libsm6:amd64 (2:1.2.3-1) ...
Removing libice6:amd64 (2:1.0.9-2) ...
Removing libkrb5-3:armhf (1.17-2) ...
Removing libssl1.1:armhf (1.1.1b-1) ...
Removing libcom-err2:armhf (1.44.5-1) ...
Removing libdbus-1-3:amd64 (1.12.12-1) ...
Removing libharfbuzz-icu0:amd64 (2.3.1-1) ...
Removing libharfbuzz0b:amd64 (2.3.1-1) ...
Removing libgraphite2-3:amd64 (1.3.13-7) ...
Removing libgs9-common (9.26a~dfsg-2) ...
Removing libgssapi-krb5-2:amd64 (1.17-2) ...
Removing libidn11:amd64 (1.33-2.2) ...
Removing libijs-0.35:amd64 (0.35-13) ...
Removing libtiff5:amd64 (4.0.10-4) ...
Removing libjbig0:amd64 (2.1-3.1+b2) ...
Removing libjbig2dec0:amd64 (0.15-2) ...
Removing libjpeg62-turbo:amd64 (1:1.5.2-2+b1) ...
Removing libkrb5-3:amd64 (1.17-2) ...
Removing libk5crypto3:amd64 (1.17-2) ...
Removing libk5crypto3:armhf (1.17-2) ...
Removing libkrb5support0:amd64 (1.17-2) ...
Removing libkeyutils1:amd64 (1.6-4) ...
Removing libkrb5support0:armhf (1.17-2) ...
Removing libkeyutils1:armhf (1.6-4) ...
Removing libptexenc1:amd64 (2018.20181218.49446-1) ...
Removing libkpathsea6:amd64 (2018.20181218.49446-1) ...
Removing liblcms2-2:amd64 (2.9-3) ...
Removing libopenjp2-7:amd64 (2.3.0-1.1) ...
Removing libpaper1:amd64 (1.1.26) ...
Removing libpixman-1-0:amd64 (0.36.0-1) ...
Removing libpotrace0:amd64 (1.15-1) ...
Removing libsynctex2:amd64 (2018.20181218.49446-1) ...
Removing libteckit0:amd64 (2.5.8+ds2-5) ...
Removing libtexlua52:amd64 (2018.20181218.49446-1) ...
Removing libtexlua53:amd64 (2018.20181218.49446-1) ...
Removing libtexluajit2:amd64 (2018.20181218.49446-1) ...
Removing libwebp6:amd64 (0.6.1-2) ...
Removing libxcb-render0:amd64 (1.13.1-2) ...
Removing libxi6:amd64 (2:1.7.9-1) ...
Removing libxext6:amd64 (2:1.3.3-1+b2) ...
Removing libxpm4:amd64 (1:3.5.12-1) ...
Removing libxxhash0:amd64 (0.6.5-2) ...
Removing libzzip-0-13:amd64 (0.13.62-3.1) ...
Removing poppler-data (0.4.9-2) ...
Removing t1utils (1.41-3) ...
Removing tex-common (6.10) ...
Removing x11-common (1:7.7+19) ...
invoke-rc.d: could not determine current runlevel
All runlevel operations denied by policy
invoke-rc.d: policy-rc.d denied execution of stop.
Removing libfontconfig1:amd64 (2.13.1-2) ...
Removing fontconfig-config (2.13.1-2) ...
Removing fonts-dejavu-core (2.37-1) ...
Removing libx11-6:amd64 (2:1.6.7-1) ...
Removing libxcb1:amd64 (1.13.1-2) ...
Removing libxdmcp6:amd64 (1:1.1.2-3) ...
Removing libfreetype6:amd64 (2.9.1-3) ...
Removing libpng16-16:amd64 (1.6.36-5) ...
Removing libx11-data (2:1.6.7-1) ...
Removing libxau6:amd64 (1:1.0.8-1+b2) ...
Removing libgcc1:armhf (1:8.3.0-2) ...
Removing debhelper (12.1.1) ...
Removing dh-strip-nondeterminism (1.1.1-1) ...
Removing man-db (2.8.5-2) ...
Removing bsdmainutils (11.1.2+b1) ...
Removing dwz (0.12-3) ...
Removing gcc-8-base:armhf (8.3.0-2) ...
Removing po-debconf (1.0.21) ...
Removing intltool-debian (0.35.0+20060710.5) ...
Removing gettext (0.19.8.1-9) ...
Removing gettext-base (0.19.8.1-9) ...
Removing groff-base (1.22.4-2) ...
Removing libfile-stripnondeterminism-perl (1.1.1-1) ...
Removing libarchive-zip-perl (1.64-1) ...
Removing libbsd0:amd64 (0.9.1-2) ...
Removing libc6:armhf (2.28-7) ...
Removing libcroco3:amd64 (0.6.12-3) ...
Removing libelf1:amd64 (0.176-1) ...
Removing libglib2.0-0:amd64 (2.58.3-1) ...
Removing libncurses6:amd64 (6.1+20181013-2) ...
Removing libpipeline1:amd64 (1.5.1-2) ...
Removing libuchardet0:amd64 (0.0.6-3) ...
Removing dh-autoreconf (19) ...
Removing automake (1:1.16.1-4) ...
Removing autoconf (2.69-11) ...
Removing autopoint (0.19.8.1-9) ...
Removing libtool (2.4.6-10) ...
Removing autotools-dev (20180224.1) ...
Removing m4 (1.4.18-2) ...
Removing libsigsegv2:amd64 (2.12-2) ...
Processing triggers for ccache (3.6-1) ...
Updating symlinks in /usr/lib/ccache ...
Processing triggers for libc-bin (2.28-7) ...
(Reading database ... 16540 files and directories currently installed.)
Purging configuration files for libpaper1:amd64 (1.1.26) ...
Purging configuration files for libglib2.0-0:amd64 (2.58.3-1) ...
Purging configuration files for fontconfig-config (2.13.1-2) ...
Purging configuration files for libssl1.1:armhf (1.1.1b-1) ...
Purging configuration files for x11-common (1:7.7+19) ...
Purging configuration files for man-db (2.8.5-2) ...
Purging configuration files for poppler-data (0.4.9-2) ...
dpkg: warning: while removing poppler-data, directory '/usr/share/poppler/cMap/Adobe-Korea1' not empty so not removed
dpkg: warning: while removing poppler-data, directory '/usr/share/poppler/cMap/Adobe-Japan2' not empty so not removed
dpkg: warning: while removing poppler-data, directory '/usr/share/poppler/cMap/Adobe-Japan1' not empty so not removed
dpkg: warning: while removing poppler-data, directory '/usr/share/poppler/cMap/Adobe-GB1' not empty so not removed
dpkg: warning: while removing poppler-data, directory '/usr/share/poppler/cMap/Adobe-CNS1' not empty so not removed
dpkg: warning: while removing poppler-data, directory '/usr/share/fonts/cmap' not empty so not removed
dpkg: warning: while removing poppler-data, directory '/usr/share/fonts/cMap' not empty so not removed
Purging configuration files for groff (1.22.4-2) ...
Purging configuration files for tex-common (6.10) ...
Purging configuration files for texlive-latex-base (2018.20190207-1) ...
Purging configuration files for texlive-latex-recommended (2018.20190207-1) ...
Purging configuration files for bsdmainutils (11.1.2+b1) ...
Purging configuration files for comerr-dev:armhf (2.1-1.44.5-1) ...
Purging configuration files for libgssapi-krb5-2:amd64 (1.17-2) ...
Purging configuration files for libgssapi-krb5-2:armhf (1.17-2) ...
Purging configuration files for fonts-dejavu-core (2.37-1) ...
dpkg: warning: while removing fonts-dejavu-core, directory '/usr/share/fonts/truetype/dejavu' not empty so not removed
Purging configuration files for texinfo (6.5.0.dfsg.1-4+b1) ...
Purging configuration files for autoconf (2.69-11) ...
Purging configuration files for libc6:armhf (2.28-7) ...
Purging configuration files for groff-base (1.22.4-2) ...
Purging configuration files for procps (2:3.3.15-2) ...
Purging configuration files for texlive-fonts-recommended (2018.20190207-1) ...
dpkg: warning: while removing texlive-fonts-recommended, directory '/usr/share/fonts/type1/texlive-fonts-recommended' not empty so not removed
Purging configuration files for fonts-lmodern (2.004.5-5) ...
dpkg: warning: while removing fonts-lmodern, directory '/usr/share/texmf/fonts/opentype/public/lm-math' not empty so not removed
dpkg: warning: while removing fonts-lmodern, directory '/usr/share/texmf/fonts/opentype/public/lm' not empty so not removed
Purging configuration files for texlive-base (2018.20190207-1) ...
E: Build failure (dpkg-buildpackage died)

+------------------------------------------------------------------------------+
| Summary                                                                      |
+------------------------------------------------------------------------------+

Build Architecture: amd64
Build Profiles: cross nocheck
Build Type: any
Build-Space: n/a
Build-Time: 34
Distribution: unstable-amd64-sbuild
Fail-Stage: build
Foreign Architectures: armhf
Host Architecture: armhf
Install-Time: 33
Job: /home/build/sbuild-setup/repo/pool/main/c/cvs/cvs_1.12.13+real-27.dsc
Machine Architecture: amd64
Package: cvs
Package-Time: 71
Source-Version: 2:1.12.13+real-27
Space: n/a
Status: attempted
Version: 2:1.12.13+real-27
--------------------------------------------------------------------------------
Finished at 2019-03-01T13:17:05Z
Build needed 00:01:11, no disk space
