sbuild (Debian sbuild) 0.78.1 (09 February 2019) on 4be29f1fdf49

+==============================================================================+
| ksh 2020.0.0~beta1-1 (armhf)                 Sat, 21 Sep 2019 12:39:48 +0000 |
+==============================================================================+

Package: ksh
Version: 2020.0.0~beta1-1
Source Version: 2020.0.0~beta1-1
Distribution: unstable-amd64-sbuild
Machine Architecture: amd64
Host Architecture: armhf
Build Architecture: amd64
Build Profiles: cross nocheck
Build Type: any

I: NOTICE: Log filtering will replace 'var/run/schroot/mount/unstable-amd64-sbuild-c94ceff2-12a3-4ac7-8858-f1ec2d2a649d' with '<<CHROOT>>'
I: NOTICE: Log filtering will replace 'build/ksh-5TMOze/resolver-QkRW1R' with '<<RESOLVERDIR>>'

+------------------------------------------------------------------------------+
| Update chroot                                                                |
+------------------------------------------------------------------------------+

Hit:1 http://cdn-fastly.deb.debian.org/debian unstable InRelease
Reading package lists...
Reading package lists...
Building dependency tree...
Reading state information...
Calculating upgrade...
The following package was automatically installed and is no longer required:
  sensible-utils
Use 'apt autoremove' to remove it.
0 upgraded, 0 newly installed, 0 to remove and 0 not upgraded.

+------------------------------------------------------------------------------+
| Fetch source files                                                           |
+------------------------------------------------------------------------------+


Local sources
-------------

/home/build/sbuild-setup/repo/pool/main/k/ksh/ksh_2020.0.0~beta1-1.dsc exists in /home/build/sbuild-setup/repo/pool/main/k/ksh; copying to chroot
I: NOTICE: Log filtering will replace 'build/ksh-5TMOze/ksh-2020.0.0~beta1' with '<<PKGBUILDDIR>>'
I: NOTICE: Log filtering will replace 'build/ksh-5TMOze' with '<<BUILDDIR>>'

+------------------------------------------------------------------------------+
| Install package build dependencies                                           |
+------------------------------------------------------------------------------+


Setup apt archive
-----------------

Merged Build-Depends: debhelper-compat (= 12), dh-exec, locales-all, meson, ninja-build, procps, build-essential:amd64, fakeroot:amd64, crossbuild-essential-armhf:amd64, libc-dev:armhf, libstdc++-dev:armhf
Filtered Build-Depends: debhelper-compat (= 12), dh-exec, locales-all, meson, ninja-build, procps, build-essential:amd64, fakeroot:amd64, crossbuild-essential-armhf:amd64, libc-dev:armhf, libstdc++-dev:armhf
dpkg-deb: building package 'sbuild-build-depends-main-dummy' in '/<<RESOLVERDIR>>/apt_archive/sbuild-build-depends-main-dummy.deb'.
Ign:1 copy:/<<RESOLVERDIR>>/apt_archive ./ InRelease
Get:2 copy:/<<RESOLVERDIR>>/apt_archive ./ Release [957 B]
Ign:3 copy:/<<RESOLVERDIR>>/apt_archive ./ Release.gpg
Get:4 copy:/<<RESOLVERDIR>>/apt_archive ./ Sources [454 B]
Get:5 copy:/<<RESOLVERDIR>>/apt_archive ./ Packages [518 B]
Fetched 1929 B in 0s (168 kB/s)
Reading package lists...
Reading package lists...

Install main build dependencies (apt-based resolver)
----------------------------------------------------

Installing build dependencies
Reading package lists...
Building dependency tree...
Reading state information...
The following additional packages will be installed:
  autoconf automake autopoint autotools-dev binutils-arm-linux-gnueabihf
  bsdmainutils cpp-9-arm-linux-gnueabihf cpp-arm-linux-gnueabihf cross-config
  crossbuild-essential-armhf debhelper dh-autoreconf dh-exec
  dh-strip-nondeterminism dpkg-cross dwz file g++-9-arm-linux-gnueabihf
  g++-arm-linux-gnueabihf gcc-9-arm-linux-gnueabihf
  gcc-9-arm-linux-gnueabihf-base gcc-9-base:armhf gcc-9-cross-base
  gcc-arm-linux-gnueabihf gettext gettext-base groff-base intltool-debian
  libarchive-zip-perl libasan5:armhf libasan5-armhf-cross libatomic1:armhf
  libatomic1-armhf-cross libbsd0 libc-l10n libc6:armhf libc6-armhf-cross
  libc6-dev:armhf libc6-dev-armhf-cross libconfig-auto-perl
  libconfig-inifiles-perl libcroco3 libdebhelper-perl libdebian-dpkgcross-perl
  libexpat1 libfile-homedir-perl libfile-stripnondeterminism-perl
  libfile-which-perl libgcc-9-dev:armhf libgcc-9-dev-armhf-cross libgcc1:armhf
  libgcc1-armhf-cross libglib2.0-0 libgomp1:armhf libgomp1-armhf-cross
  libicu63 libio-string-perl liblocale-gettext-perl libmagic-mgc libmagic1
  libmpdec2 libncurses6 libpipeline1 libprocps7 libpython3-stdlib
  libpython3.7-minimal libpython3.7-stdlib libsigsegv2 libssl1.1
  libstdc++-9-dev:armhf libstdc++-9-dev-armhf-cross libstdc++6:armhf
  libstdc++6-armhf-cross libsub-override-perl libtool libubsan1:armhf
  libubsan1-armhf-cross libuchardet0 libxml-libxml-perl
  libxml-namespacesupport-perl libxml-sax-base-perl libxml-sax-perl
  libxml-simple-perl libxml2 libyaml-perl linux-libc-dev:armhf
  linux-libc-dev-armhf-cross locales-all m4 man-db meson mime-support
  ninja-build po-debconf procps python3 python3-minimal python3-pkg-resources
  python3.7 python3.7-minimal ucf
Suggested packages:
  autoconf-archive gnu-standards autoconf-doc binutils-doc wamerican
  | wordlist whois vacation gcc-9-locales cpp-doc dh-make binutils-multiarch
  gcc-9-doc libstdc++6-9-dbg-armhf-cross libgcc1-dbg-armhf-cross
  libgomp1-dbg-armhf-cross libitm1-dbg-armhf-cross libatomic1-dbg-armhf-cross
  libasan5-dbg-armhf-cross liblsan0-dbg-armhf-cross libtsan0-dbg-armhf-cross
  libubsan1-dbg-armhf-cross libquadmath0-dbg-armhf-cross manpages-dev flex
  bison gdb-arm-linux-gnueabihf gcc-doc gettext-doc libasprintf-dev
  libgettextpo-dev groff glibc-doc:armhf locales:armhf manpages-dev:armhf
  libstdc++-9-doc:armhf libtool-doc gfortran | fortran95-compiler gcj-jdk
  libyaml-shell-perl m4-doc apparmor less www-browser libmail-box-perl
  python3-doc python3-tk python3-venv python3-setuptools python3.7-venv
  python3.7-doc binfmt-support
Recommended packages:
  curl | wget | lynx libidn2-0:armhf libarchive-cpio-perl libglib2.0-data
  shared-mime-info xdg-user-dirs libgpm2 libltdl-dev libwww-perl
  libxml-sax-expat-perl libyaml-libyaml-perl | libyaml-syck-perl
  libmail-sendmail-perl psmisc
The following NEW packages will be installed:
  autoconf automake autopoint autotools-dev binutils-arm-linux-gnueabihf
  bsdmainutils cpp-9-arm-linux-gnueabihf cpp-arm-linux-gnueabihf cross-config
  crossbuild-essential-armhf debhelper dh-autoreconf dh-exec
  dh-strip-nondeterminism dpkg-cross dwz file g++-9-arm-linux-gnueabihf
  g++-arm-linux-gnueabihf gcc-9-arm-linux-gnueabihf
  gcc-9-arm-linux-gnueabihf-base gcc-9-base:armhf gcc-9-cross-base
  gcc-arm-linux-gnueabihf gettext gettext-base groff-base intltool-debian
  libarchive-zip-perl libasan5:armhf libasan5-armhf-cross libatomic1:armhf
  libatomic1-armhf-cross libbsd0 libc-l10n libc6:armhf libc6-armhf-cross
  libc6-dev:armhf libc6-dev-armhf-cross libconfig-auto-perl
  libconfig-inifiles-perl libcroco3 libdebhelper-perl libdebian-dpkgcross-perl
  libexpat1 libfile-homedir-perl libfile-stripnondeterminism-perl
  libfile-which-perl libgcc-9-dev:armhf libgcc-9-dev-armhf-cross libgcc1:armhf
  libgcc1-armhf-cross libglib2.0-0 libgomp1:armhf libgomp1-armhf-cross
  libicu63 libio-string-perl liblocale-gettext-perl libmagic-mgc libmagic1
  libmpdec2 libncurses6 libpipeline1 libprocps7 libpython3-stdlib
  libpython3.7-minimal libpython3.7-stdlib libsigsegv2 libssl1.1
  libstdc++-9-dev:armhf libstdc++-9-dev-armhf-cross libstdc++6:armhf
  libstdc++6-armhf-cross libsub-override-perl libtool libubsan1:armhf
  libubsan1-armhf-cross libuchardet0 libxml-libxml-perl
  libxml-namespacesupport-perl libxml-sax-base-perl libxml-sax-perl
  libxml-simple-perl libxml2 libyaml-perl linux-libc-dev:armhf
  linux-libc-dev-armhf-cross locales-all m4 man-db meson mime-support
  ninja-build po-debconf procps python3 python3-minimal python3-pkg-resources
  python3.7 python3.7-minimal sbuild-build-depends-main-dummy:armhf ucf
0 upgraded, 102 newly installed, 0 to remove and 0 not upgraded.
Need to get 11.7 MB/80.7 MB of archives.
After this operation, 501 MB of additional disk space will be used.
Get:1 copy:/<<RESOLVERDIR>>/apt_archive ./ sbuild-build-depends-main-dummy 0.invalid.0 [944 B]
Get:2 http://cdn-fastly.deb.debian.org/debian unstable/main amd64 libc-l10n all 2.29-1 [857 kB]
Get:3 http://cdn-fastly.deb.debian.org/debian unstable/main amd64 locales-all amd64 2.29-1 [10.8 MB]
debconf: delaying package configuration, since apt-utils is not installed
Fetched 11.7 MB in 6s (1963 kB/s)
Selecting previously unselected package libbsd0:amd64.
(Reading database ... 13604 files and directories currently installed.)
Preparing to unpack .../00-libbsd0_0.10.0-1_amd64.deb ...
Unpacking libbsd0:amd64 (0.10.0-1) ...
Selecting previously unselected package bsdmainutils.
Preparing to unpack .../01-bsdmainutils_11.1.2+b1_amd64.deb ...
Unpacking bsdmainutils (11.1.2+b1) ...
Selecting previously unselected package libuchardet0:amd64.
Preparing to unpack .../02-libuchardet0_0.0.6-3_amd64.deb ...
Unpacking libuchardet0:amd64 (0.0.6-3) ...
Selecting previously unselected package groff-base.
Preparing to unpack .../03-groff-base_1.22.4-3_amd64.deb ...
Unpacking groff-base (1.22.4-3) ...
Selecting previously unselected package libpipeline1:amd64.
Preparing to unpack .../04-libpipeline1_1.5.1-2_amd64.deb ...
Unpacking libpipeline1:amd64 (1.5.1-2) ...
Selecting previously unselected package man-db.
Preparing to unpack .../05-man-db_2.8.7-3_amd64.deb ...
Unpacking man-db (2.8.7-3) ...
Selecting previously unselected package liblocale-gettext-perl.
Preparing to unpack .../06-liblocale-gettext-perl_1.07-3+b4_amd64.deb ...
Unpacking liblocale-gettext-perl (1.07-3+b4) ...
Selecting previously unselected package libssl1.1:amd64.
Preparing to unpack .../07-libssl1.1_1.1.1d-1_amd64.deb ...
Unpacking libssl1.1:amd64 (1.1.1d-1) ...
Selecting previously unselected package libpython3.7-minimal:amd64.
Preparing to unpack .../08-libpython3.7-minimal_3.7.4-4_amd64.deb ...
Unpacking libpython3.7-minimal:amd64 (3.7.4-4) ...
Selecting previously unselected package libexpat1:amd64.
Preparing to unpack .../09-libexpat1_2.2.7-2_amd64.deb ...
Unpacking libexpat1:amd64 (2.2.7-2) ...
Selecting previously unselected package python3.7-minimal.
Preparing to unpack .../10-python3.7-minimal_3.7.4-4_amd64.deb ...
Unpacking python3.7-minimal (3.7.4-4) ...
Setting up libssl1.1:amd64 (1.1.1d-1) ...
Setting up libpython3.7-minimal:amd64 (3.7.4-4) ...
Setting up libexpat1:amd64 (2.2.7-2) ...
Setting up python3.7-minimal (3.7.4-4) ...
Selecting previously unselected package python3-minimal.
(Reading database ... 14514 files and directories currently installed.)
Preparing to unpack .../0-python3-minimal_3.7.3-1_amd64.deb ...
Unpacking python3-minimal (3.7.3-1) ...
Selecting previously unselected package mime-support.
Preparing to unpack .../1-mime-support_3.63_all.deb ...
Unpacking mime-support (3.63) ...
Selecting previously unselected package libmpdec2:amd64.
Preparing to unpack .../2-libmpdec2_2.4.2-2_amd64.deb ...
Unpacking libmpdec2:amd64 (2.4.2-2) ...
Selecting previously unselected package libpython3.7-stdlib:amd64.
Preparing to unpack .../3-libpython3.7-stdlib_3.7.4-4_amd64.deb ...
Unpacking libpython3.7-stdlib:amd64 (3.7.4-4) ...
Selecting previously unselected package python3.7.
Preparing to unpack .../4-python3.7_3.7.4-4_amd64.deb ...
Unpacking python3.7 (3.7.4-4) ...
Selecting previously unselected package libpython3-stdlib:amd64.
Preparing to unpack .../5-libpython3-stdlib_3.7.3-1_amd64.deb ...
Unpacking libpython3-stdlib:amd64 (3.7.3-1) ...
Setting up python3-minimal (3.7.3-1) ...
Selecting previously unselected package python3.
(Reading database ... 14952 files and directories currently installed.)
Preparing to unpack .../00-python3_3.7.3-1_amd64.deb ...
Unpacking python3 (3.7.3-1) ...
Selecting previously unselected package gcc-9-base:armhf.
Preparing to unpack .../01-gcc-9-base_9.2.1-8_armhf.deb ...
Unpacking gcc-9-base:armhf (9.2.1-8) ...
Selecting previously unselected package libncurses6:amd64.
Preparing to unpack .../02-libncurses6_6.1+20190803-1_amd64.deb ...
Unpacking libncurses6:amd64 (6.1+20190803-1) ...
Selecting previously unselected package libprocps7:amd64.
Preparing to unpack .../03-libprocps7_2%3a3.3.15-2+b1_amd64.deb ...
Unpacking libprocps7:amd64 (2:3.3.15-2+b1) ...
Selecting previously unselected package procps.
Preparing to unpack .../04-procps_2%3a3.3.15-2+b1_amd64.deb ...
Unpacking procps (2:3.3.15-2+b1) ...
Selecting previously unselected package libmagic-mgc.
Preparing to unpack .../05-libmagic-mgc_1%3a5.37-5_amd64.deb ...
Unpacking libmagic-mgc (1:5.37-5) ...
Selecting previously unselected package libmagic1:amd64.
Preparing to unpack .../06-libmagic1_1%3a5.37-5_amd64.deb ...
Unpacking libmagic1:amd64 (1:5.37-5) ...
Selecting previously unselected package file.
Preparing to unpack .../07-file_1%3a5.37-5_amd64.deb ...
Unpacking file (1:5.37-5) ...
Selecting previously unselected package gettext-base.
Preparing to unpack .../08-gettext-base_0.19.8.1-9_amd64.deb ...
Unpacking gettext-base (0.19.8.1-9) ...
Selecting previously unselected package libc-l10n.
Preparing to unpack .../09-libc-l10n_2.29-1_all.deb ...
Unpacking libc-l10n (2.29-1) ...
Selecting previously unselected package ucf.
Preparing to unpack .../10-ucf_3.0038+nmu1_all.deb ...
Moving old data out of the way
Unpacking ucf (3.0038+nmu1) ...
Selecting previously unselected package libsigsegv2:amd64.
Preparing to unpack .../11-libsigsegv2_2.12-2_amd64.deb ...
Unpacking libsigsegv2:amd64 (2.12-2) ...
Selecting previously unselected package m4.
Preparing to unpack .../12-m4_1.4.18-2_amd64.deb ...
Unpacking m4 (1.4.18-2) ...
Selecting previously unselected package autoconf.
Preparing to unpack .../13-autoconf_2.69-11_all.deb ...
Unpacking autoconf (2.69-11) ...
Selecting previously unselected package autotools-dev.
Preparing to unpack .../14-autotools-dev_20180224.1_all.deb ...
Unpacking autotools-dev (20180224.1) ...
Selecting previously unselected package automake.
Preparing to unpack .../15-automake_1%3a1.16.1-4_all.deb ...
Unpacking automake (1:1.16.1-4) ...
Selecting previously unselected package autopoint.
Preparing to unpack .../16-autopoint_0.19.8.1-9_all.deb ...
Unpacking autopoint (0.19.8.1-9) ...
Selecting previously unselected package binutils-arm-linux-gnueabihf.
Preparing to unpack .../17-binutils-arm-linux-gnueabihf_2.32.51.20190909-1_amd64.deb ...
Unpacking binutils-arm-linux-gnueabihf (2.32.51.20190909-1) ...
Selecting previously unselected package gcc-9-arm-linux-gnueabihf-base:amd64.
Preparing to unpack .../18-gcc-9-arm-linux-gnueabihf-base_9.2.1-8cross1_amd64.deb ...
Unpacking gcc-9-arm-linux-gnueabihf-base:amd64 (9.2.1-8cross1) ...
Selecting previously unselected package cpp-9-arm-linux-gnueabihf.
Preparing to unpack .../19-cpp-9-arm-linux-gnueabihf_9.2.1-8cross1_amd64.deb ...
Unpacking cpp-9-arm-linux-gnueabihf (9.2.1-8cross1) ...
Selecting previously unselected package cpp-arm-linux-gnueabihf.
Preparing to unpack .../20-cpp-arm-linux-gnueabihf_4%3a9.2.1-3.1_amd64.deb ...
Unpacking cpp-arm-linux-gnueabihf (4:9.2.1-3.1) ...
Selecting previously unselected package cross-config.
Preparing to unpack .../21-cross-config_2.6.15-3_all.deb ...
Unpacking cross-config (2.6.15-3) ...
Selecting previously unselected package gcc-9-cross-base.
Preparing to unpack .../22-gcc-9-cross-base_9.2.1-8cross1_all.deb ...
Unpacking gcc-9-cross-base (9.2.1-8cross1) ...
Selecting previously unselected package libc6-armhf-cross.
Preparing to unpack .../23-libc6-armhf-cross_2.29-1cross7_all.deb ...
Unpacking libc6-armhf-cross (2.29-1cross7) ...
Selecting previously unselected package libgcc1-armhf-cross.
Preparing to unpack .../24-libgcc1-armhf-cross_1%3a9.2.1-8cross1_all.deb ...
Unpacking libgcc1-armhf-cross (1:9.2.1-8cross1) ...
Selecting previously unselected package libgomp1-armhf-cross.
Preparing to unpack .../25-libgomp1-armhf-cross_9.2.1-8cross1_all.deb ...
Unpacking libgomp1-armhf-cross (9.2.1-8cross1) ...
Selecting previously unselected package libatomic1-armhf-cross.
Preparing to unpack .../26-libatomic1-armhf-cross_9.2.1-8cross1_all.deb ...
Unpacking libatomic1-armhf-cross (9.2.1-8cross1) ...
Selecting previously unselected package libasan5-armhf-cross.
Preparing to unpack .../27-libasan5-armhf-cross_9.2.1-8cross1_all.deb ...
Unpacking libasan5-armhf-cross (9.2.1-8cross1) ...
Selecting previously unselected package libstdc++6-armhf-cross.
Preparing to unpack .../28-libstdc++6-armhf-cross_9.2.1-8cross1_all.deb ...
Unpacking libstdc++6-armhf-cross (9.2.1-8cross1) ...
Selecting previously unselected package libubsan1-armhf-cross.
Preparing to unpack .../29-libubsan1-armhf-cross_9.2.1-8cross1_all.deb ...
Unpacking libubsan1-armhf-cross (9.2.1-8cross1) ...
Selecting previously unselected package libgcc-9-dev-armhf-cross.
Preparing to unpack .../30-libgcc-9-dev-armhf-cross_9.2.1-8cross1_all.deb ...
Unpacking libgcc-9-dev-armhf-cross (9.2.1-8cross1) ...
Selecting previously unselected package gcc-9-arm-linux-gnueabihf.
Preparing to unpack .../31-gcc-9-arm-linux-gnueabihf_9.2.1-8cross1_amd64.deb ...
Unpacking gcc-9-arm-linux-gnueabihf (9.2.1-8cross1) ...
Selecting previously unselected package gcc-arm-linux-gnueabihf.
Preparing to unpack .../32-gcc-arm-linux-gnueabihf_4%3a9.2.1-3.1_amd64.deb ...
Unpacking gcc-arm-linux-gnueabihf (4:9.2.1-3.1) ...
Selecting previously unselected package linux-libc-dev-armhf-cross.
Preparing to unpack .../33-linux-libc-dev-armhf-cross_5.2.9-2cross7_all.deb ...
Unpacking linux-libc-dev-armhf-cross (5.2.9-2cross7) ...
Selecting previously unselected package libc6-dev-armhf-cross.
Preparing to unpack .../34-libc6-dev-armhf-cross_2.29-1cross7_all.deb ...
Unpacking libc6-dev-armhf-cross (2.29-1cross7) ...
Selecting previously unselected package libstdc++-9-dev-armhf-cross.
Preparing to unpack .../35-libstdc++-9-dev-armhf-cross_9.2.1-8cross1_all.deb ...
Unpacking libstdc++-9-dev-armhf-cross (9.2.1-8cross1) ...
Selecting previously unselected package g++-9-arm-linux-gnueabihf.
Preparing to unpack .../36-g++-9-arm-linux-gnueabihf_9.2.1-8cross1_amd64.deb ...
Unpacking g++-9-arm-linux-gnueabihf (9.2.1-8cross1) ...
Selecting previously unselected package g++-arm-linux-gnueabihf.
Preparing to unpack .../37-g++-arm-linux-gnueabihf_4%3a9.2.1-3.1_amd64.deb ...
Unpacking g++-arm-linux-gnueabihf (4:9.2.1-3.1) ...
Selecting previously unselected package libconfig-inifiles-perl.
Preparing to unpack .../38-libconfig-inifiles-perl_3.000001-1_all.deb ...
Unpacking libconfig-inifiles-perl (3.000001-1) ...
Selecting previously unselected package libio-string-perl.
Preparing to unpack .../39-libio-string-perl_1.08-3_all.deb ...
Unpacking libio-string-perl (1.08-3) ...
Selecting previously unselected package libicu63:amd64.
Preparing to unpack .../40-libicu63_63.2-2_amd64.deb ...
Unpacking libicu63:amd64 (63.2-2) ...
Selecting previously unselected package libxml2:amd64.
Preparing to unpack .../41-libxml2_2.9.4+dfsg1-7+b3_amd64.deb ...
Unpacking libxml2:amd64 (2.9.4+dfsg1-7+b3) ...
Selecting previously unselected package libxml-namespacesupport-perl.
Preparing to unpack .../42-libxml-namespacesupport-perl_1.12-1_all.deb ...
Unpacking libxml-namespacesupport-perl (1.12-1) ...
Selecting previously unselected package libxml-sax-base-perl.
Preparing to unpack .../43-libxml-sax-base-perl_1.09-1_all.deb ...
Unpacking libxml-sax-base-perl (1.09-1) ...
Selecting previously unselected package libxml-sax-perl.
Preparing to unpack .../44-libxml-sax-perl_1.02+dfsg-1_all.deb ...
Unpacking libxml-sax-perl (1.02+dfsg-1) ...
Selecting previously unselected package libxml-libxml-perl.
Preparing to unpack .../45-libxml-libxml-perl_2.0134+dfsg-1_amd64.deb ...
Unpacking libxml-libxml-perl (2.0134+dfsg-1) ...
Selecting previously unselected package libxml-simple-perl.
Preparing to unpack .../46-libxml-simple-perl_2.25-1_all.deb ...
Unpacking libxml-simple-perl (2.25-1) ...
Selecting previously unselected package libyaml-perl.
Preparing to unpack .../47-libyaml-perl_1.29-1_all.deb ...
Unpacking libyaml-perl (1.29-1) ...
Selecting previously unselected package libconfig-auto-perl.
Preparing to unpack .../48-libconfig-auto-perl_0.44-1_all.deb ...
Unpacking libconfig-auto-perl (0.44-1) ...
Selecting previously unselected package libfile-which-perl.
Preparing to unpack .../49-libfile-which-perl_1.23-1_all.deb ...
Unpacking libfile-which-perl (1.23-1) ...
Selecting previously unselected package libfile-homedir-perl.
Preparing to unpack .../50-libfile-homedir-perl_1.004-1_all.deb ...
Unpacking libfile-homedir-perl (1.004-1) ...
Selecting previously unselected package libdebian-dpkgcross-perl.
Preparing to unpack .../51-libdebian-dpkgcross-perl_2.6.15-3_all.deb ...
Unpacking libdebian-dpkgcross-perl (2.6.15-3) ...
Selecting previously unselected package dpkg-cross.
Preparing to unpack .../52-dpkg-cross_2.6.15-3_all.deb ...
Unpacking dpkg-cross (2.6.15-3) ...
Selecting previously unselected package crossbuild-essential-armhf.
Preparing to unpack .../53-crossbuild-essential-armhf_12.8_all.deb ...
Unpacking crossbuild-essential-armhf (12.8) ...
Selecting previously unselected package libtool.
Preparing to unpack .../54-libtool_2.4.6-11_all.deb ...
Unpacking libtool (2.4.6-11) ...
Selecting previously unselected package dh-autoreconf.
Preparing to unpack .../55-dh-autoreconf_19_all.deb ...
Unpacking dh-autoreconf (19) ...
Selecting previously unselected package libarchive-zip-perl.
Preparing to unpack .../56-libarchive-zip-perl_1.66-1_all.deb ...
Unpacking libarchive-zip-perl (1.66-1) ...
Selecting previously unselected package libsub-override-perl.
Preparing to unpack .../57-libsub-override-perl_0.09-2_all.deb ...
Unpacking libsub-override-perl (0.09-2) ...
Selecting previously unselected package libfile-stripnondeterminism-perl.
Preparing to unpack .../58-libfile-stripnondeterminism-perl_1.6.0-1_all.deb ...
Unpacking libfile-stripnondeterminism-perl (1.6.0-1) ...
Selecting previously unselected package dh-strip-nondeterminism.
Preparing to unpack .../59-dh-strip-nondeterminism_1.6.0-1_all.deb ...
Unpacking dh-strip-nondeterminism (1.6.0-1) ...
Selecting previously unselected package dwz.
Preparing to unpack .../60-dwz_0.13-1_amd64.deb ...
Unpacking dwz (0.13-1) ...
Selecting previously unselected package libdebhelper-perl.
Preparing to unpack .../61-libdebhelper-perl_12.6.1_all.deb ...
Unpacking libdebhelper-perl (12.6.1) ...
Selecting previously unselected package libglib2.0-0:amd64.
Preparing to unpack .../62-libglib2.0-0_2.60.6-2_amd64.deb ...
Unpacking libglib2.0-0:amd64 (2.60.6-2) ...
Selecting previously unselected package libcroco3:amd64.
Preparing to unpack .../63-libcroco3_0.6.13-1_amd64.deb ...
Unpacking libcroco3:amd64 (0.6.13-1) ...
Selecting previously unselected package gettext.
Preparing to unpack .../64-gettext_0.19.8.1-9_amd64.deb ...
Unpacking gettext (0.19.8.1-9) ...
Selecting previously unselected package intltool-debian.
Preparing to unpack .../65-intltool-debian_0.35.0+20060710.5_all.deb ...
Unpacking intltool-debian (0.35.0+20060710.5) ...
Selecting previously unselected package po-debconf.
Preparing to unpack .../66-po-debconf_1.0.21_all.deb ...
Unpacking po-debconf (1.0.21) ...
Selecting previously unselected package debhelper.
Preparing to unpack .../67-debhelper_12.6.1_all.deb ...
Unpacking debhelper (12.6.1) ...
Selecting previously unselected package dh-exec.
Preparing to unpack .../68-dh-exec_0.23.2_amd64.deb ...
Unpacking dh-exec (0.23.2) ...
Selecting previously unselected package libgcc1:armhf.
Preparing to unpack .../69-libgcc1_1%3a9.2.1-8_armhf.deb ...
Unpacking libgcc1:armhf (1:9.2.1-8) ...
Selecting previously unselected package libc6:armhf.
Preparing to unpack .../70-libc6_2.29-1_armhf.deb ...
Unpacking libc6:armhf (2.29-1) ...
Selecting previously unselected package libasan5:armhf.
Preparing to unpack .../71-libasan5_9.2.1-8_armhf.deb ...
Unpacking libasan5:armhf (9.2.1-8) ...
Selecting previously unselected package libatomic1:armhf.
Preparing to unpack .../72-libatomic1_9.2.1-8_armhf.deb ...
Unpacking libatomic1:armhf (9.2.1-8) ...
Selecting previously unselected package linux-libc-dev:armhf.
Preparing to unpack .../73-linux-libc-dev_5.2.9-2_armhf.deb ...
Unpacking linux-libc-dev:armhf (5.2.9-2) ...
Selecting previously unselected package libc6-dev:armhf.
Preparing to unpack .../74-libc6-dev_2.29-1_armhf.deb ...
Unpacking libc6-dev:armhf (2.29-1) ...
Selecting previously unselected package libgomp1:armhf.
Preparing to unpack .../75-libgomp1_9.2.1-8_armhf.deb ...
Unpacking libgomp1:armhf (9.2.1-8) ...
Selecting previously unselected package libstdc++6:armhf.
Preparing to unpack .../76-libstdc++6_9.2.1-8_armhf.deb ...
Unpacking libstdc++6:armhf (9.2.1-8) ...
Selecting previously unselected package libubsan1:armhf.
Preparing to unpack .../77-libubsan1_9.2.1-8_armhf.deb ...
Unpacking libubsan1:armhf (9.2.1-8) ...
Selecting previously unselected package libgcc-9-dev:armhf.
Preparing to unpack .../78-libgcc-9-dev_9.2.1-8_armhf.deb ...
Unpacking libgcc-9-dev:armhf (9.2.1-8) ...
Selecting previously unselected package libstdc++-9-dev:armhf.
Preparing to unpack .../79-libstdc++-9-dev_9.2.1-8_armhf.deb ...
Unpacking libstdc++-9-dev:armhf (9.2.1-8) ...
Selecting previously unselected package locales-all.
Preparing to unpack .../80-locales-all_2.29-1_amd64.deb ...
Unpacking locales-all (2.29-1) ...
Selecting previously unselected package ninja-build.
Preparing to unpack .../81-ninja-build_1.9.0-3_amd64.deb ...
Unpacking ninja-build (1.9.0-3) ...
Selecting previously unselected package python3-pkg-resources.
Preparing to unpack .../82-python3-pkg-resources_41.2.0-1_all.deb ...
Unpacking python3-pkg-resources (41.2.0-1) ...
Selecting previously unselected package meson.
Preparing to unpack .../83-meson_0.51.2-1_all.deb ...
Unpacking meson (0.51.2-1) ...
Selecting previously unselected package sbuild-build-depends-main-dummy:armhf.
Preparing to unpack .../84-sbuild-build-depends-main-dummy_0.invalid.0_armhf.deb ...
Unpacking sbuild-build-depends-main-dummy:armhf (0.invalid.0) ...
Setting up libconfig-inifiles-perl (3.000001-1) ...
Setting up libpipeline1:amd64 (1.5.1-2) ...
Setting up libfile-which-perl (1.23-1) ...
Setting up libc-l10n (2.29-1) ...
Setting up libc6-armhf-cross (2.29-1cross7) ...
Setting up mime-support (3.63) ...
Setting up libmagic-mgc (1:5.37-5) ...
Setting up libarchive-zip-perl (1.66-1) ...
Setting up libglib2.0-0:amd64 (2.60.6-2) ...
No schema files found: doing nothing.
Setting up libprocps7:amd64 (2:3.3.15-2+b1) ...
Setting up libdebhelper-perl (12.6.1) ...
Setting up libmagic1:amd64 (1:5.37-5) ...
Setting up linux-libc-dev:armhf (5.2.9-2) ...
Setting up libxml-namespacesupport-perl (1.12-1) ...
Setting up gettext-base (0.19.8.1-9) ...
Setting up file (1:5.37-5) ...
Setting up libyaml-perl (1.29-1) ...
Setting up locales-all (2.29-1) ...
Setting up libicu63:amd64 (63.2-2) ...
Setting up ninja-build (1.9.0-3) ...
Setting up gcc-9-arm-linux-gnueabihf-base:amd64 (9.2.1-8cross1) ...
Setting up libxml-sax-base-perl (1.09-1) ...
Setting up libio-string-perl (1.08-3) ...
Setting up autotools-dev (20180224.1) ...
Setting up cross-config (2.6.15-3) ...
Setting up libncurses6:amd64 (6.1+20190803-1) ...
Setting up libsigsegv2:amd64 (2.12-2) ...
Setting up linux-libc-dev-armhf-cross (5.2.9-2cross7) ...
Setting up autopoint (0.19.8.1-9) ...
Setting up ucf (3.0038+nmu1) ...
Setting up gcc-9-cross-base (9.2.1-8cross1) ...
Setting up dwz (0.13-1) ...
Setting up libuchardet0:amd64 (0.0.6-3) ...
Setting up procps (2:3.3.15-2+b1) ...
update-alternatives: using /usr/bin/w.procps to provide /usr/bin/w (w) in auto mode
Setting up libsub-override-perl (0.09-2) ...
Setting up libmpdec2:amd64 (2.4.2-2) ...
Setting up libfile-homedir-perl (1.004-1) ...
Setting up libbsd0:amd64 (0.10.0-1) ...
Setting up binutils-arm-linux-gnueabihf (2.32.51.20190909-1) ...
Setting up libxml2:amd64 (2.9.4+dfsg1-7+b3) ...
Setting up liblocale-gettext-perl (1.07-3+b4) ...
Setting up gcc-9-base:armhf (9.2.1-8) ...
Setting up libgomp1-armhf-cross (9.2.1-8cross1) ...
Setting up libfile-stripnondeterminism-perl (1.6.0-1) ...
Setting up libpython3.7-stdlib:amd64 (3.7.4-4) ...
Setting up libtool (2.4.6-11) ...
Setting up cpp-9-arm-linux-gnueabihf (9.2.1-8cross1) ...
Setting up libc6-dev-armhf-cross (2.29-1cross7) ...
Setting up m4 (1.4.18-2) ...
Setting up libatomic1-armhf-cross (9.2.1-8cross1) ...
Setting up libxml-sax-perl (1.02+dfsg-1) ...
update-perl-sax-parsers: Registering Perl SAX parser XML::SAX::PurePerl with priority 10...
update-perl-sax-parsers: Updating overall Perl SAX parser modules info file...

Creating config file /etc/perl/XML/SAX/ParserDetails.ini with new version
Setting up libgcc1-armhf-cross (1:9.2.1-8cross1) ...
Setting up bsdmainutils (11.1.2+b1) ...
update-alternatives: using /usr/bin/bsd-write to provide /usr/bin/write (write) in auto mode
update-alternatives: using /usr/bin/bsd-from to provide /usr/bin/from (from) in auto mode
Setting up libcroco3:amd64 (0.6.13-1) ...
Setting up autoconf (2.69-11) ...
Setting up libxml-libxml-perl (2.0134+dfsg-1) ...
update-perl-sax-parsers: Registering Perl SAX parser XML::LibXML::SAX::Parser with priority 50...
update-perl-sax-parsers: Registering Perl SAX parser XML::LibXML::SAX with priority 50...
update-perl-sax-parsers: Updating overall Perl SAX parser modules info file...
Replacing config file /etc/perl/XML/SAX/ParserDetails.ini with new version
Setting up groff-base (1.22.4-3) ...
Setting up cpp-arm-linux-gnueabihf (4:9.2.1-3.1) ...
Setting up libpython3-stdlib:amd64 (3.7.3-1) ...
Setting up automake (1:1.16.1-4) ...
update-alternatives: using /usr/bin/automake-1.16 to provide /usr/bin/automake (automake) in auto mode
Setting up python3.7 (3.7.4-4) ...
Setting up gettext (0.19.8.1-9) ...
Setting up python3 (3.7.3-1) ...
Setting up man-db (2.8.7-3) ...
Not building database; man-db/auto-update is not 'true'.
Setting up libasan5-armhf-cross (9.2.1-8cross1) ...
Setting up intltool-debian (0.35.0+20060710.5) ...
Setting up libstdc++6-armhf-cross (9.2.1-8cross1) ...
Setting up libubsan1-armhf-cross (9.2.1-8cross1) ...
Setting up libxml-simple-perl (2.25-1) ...
Setting up libgcc-9-dev-armhf-cross (9.2.1-8cross1) ...
Setting up python3-pkg-resources (41.2.0-1) ...
Setting up po-debconf (1.0.21) ...
Setting up meson (0.51.2-1) ...
Setting up libconfig-auto-perl (0.44-1) ...
Setting up gcc-9-arm-linux-gnueabihf (9.2.1-8cross1) ...
Setting up libstdc++-9-dev-armhf-cross (9.2.1-8cross1) ...
Setting up libdebian-dpkgcross-perl (2.6.15-3) ...
Setting up gcc-arm-linux-gnueabihf (4:9.2.1-3.1) ...
Setting up g++-9-arm-linux-gnueabihf (9.2.1-8cross1) ...
Setting up dpkg-cross (2.6.15-3) ...
Setting up g++-arm-linux-gnueabihf (4:9.2.1-3.1) ...
Setting up crossbuild-essential-armhf (12.8) ...
Setting up libgcc1:armhf (1:9.2.1-8) ...
Setting up dh-autoreconf (19) ...
Setting up libc6:armhf (2.29-1) ...
Setting up dh-strip-nondeterminism (1.6.0-1) ...
Setting up libc6-dev:armhf (2.29-1) ...
Setting up libstdc++6:armhf (9.2.1-8) ...
Setting up debhelper (12.6.1) ...
Setting up dh-exec (0.23.2) ...
Setting up libgomp1:armhf (9.2.1-8) ...
Setting up libasan5:armhf (9.2.1-8) ...
Setting up libatomic1:armhf (9.2.1-8) ...
Setting up libubsan1:armhf (9.2.1-8) ...
Setting up libgcc-9-dev:armhf (9.2.1-8) ...
Setting up libstdc++-9-dev:armhf (9.2.1-8) ...
Setting up sbuild-build-depends-main-dummy:armhf (0.invalid.0) ...
Processing triggers for libc-bin (2.29-1) ...
Processing triggers for ccache (3.7.4-1) ...
Updating symlinks in /usr/lib/ccache ...

+------------------------------------------------------------------------------+
| Check architectures                                                          |
+------------------------------------------------------------------------------+

Initial Foreign Architectures: armhf 
Arch check ok (armhf included in any)

+------------------------------------------------------------------------------+
| Build environment                                                            |
+------------------------------------------------------------------------------+

Kernel: Linux 3.16.0-4-amd64 #1 SMP Debian 3.16.51-3 (2017-12-13) amd64 (x86_64)
Toolchain package versions: binutils_2.32.51.20190909-1 dpkg-dev_1.19.7 g++-8_8.3.0-22 g++-9_9.2.1-8 gcc-8_8.3.0-22 gcc-9_9.2.1-8 libc6-dev_2.29-1 libstdc++-8-dev_8.3.0-22 libstdc++-9-dev_9.2.1-8 libstdc++-9-dev-armhf-cross_9.2.1-8cross1 libstdc++6_9.2.1-8 libstdc++6-armhf-cross_9.2.1-8cross1 linux-libc-dev_5.2.9-2
Package versions: adduser_3.118 apt_1.8.4 autoconf_2.69-11 automake_1:1.16.1-4 autopoint_0.19.8.1-9 autotools-dev_20180224.1 base-files_11 base-passwd_3.5.46 bash_5.0-4 binutils_2.32.51.20190909-1 binutils-arm-linux-gnueabihf_2.32.51.20190909-1 binutils-common_2.32.51.20190909-1 binutils-x86-64-linux-gnu_2.32.51.20190909-1 bsdmainutils_11.1.2+b1 bsdutils_1:2.34-0.1 build-essential_12.8 bzip2_1.0.8-2 ccache_3.7.4-1 coreutils_8.30-3+b1 cpp_4:9.2.1-3.1 cpp-8_8.3.0-22 cpp-9_9.2.1-8 cpp-9-arm-linux-gnueabihf_9.2.1-8cross1 cpp-arm-linux-gnueabihf_4:9.2.1-3.1 cross-config_2.6.15-3 crossbuild-essential-armhf_12.8 dash_0.5.10.2-6 debconf_1.5.73 debhelper_12.6.1 debian-archive-keyring_2019.1 debianutils_4.9 dh-autoreconf_19 dh-exec_0.23.2 dh-strip-nondeterminism_1.6.0-1 diffutils_1:3.7-3 dirmngr_2.2.17-3 dose-distcheck_5.0.1-14 dpkg_1.19.7 dpkg-cross_2.6.15-3 dpkg-dev_1.19.7 dwz_0.13-1 e2fsprogs_1.45.3-4 eatmydata_105-7 fakeroot_1.24-1 fdisk_2.34-0.1 file_1:5.37-5 findutils_4.7.0-1 g++_4:9.2.1-3.1 g++-8_8.3.0-22 g++-9_9.2.1-8 g++-9-arm-linux-gnueabihf_9.2.1-8cross1 g++-arm-linux-gnueabihf_4:9.2.1-3.1 gcc_4:9.2.1-3.1 gcc-8_8.3.0-22 gcc-8-base_8.3.0-22 gcc-9_9.2.1-8 gcc-9-arm-linux-gnueabihf_9.2.1-8cross1 gcc-9-arm-linux-gnueabihf-base_9.2.1-8cross1 gcc-9-base_9.2.1-8 gcc-9-cross-base_9.2.1-8cross1 gcc-arm-linux-gnueabihf_4:9.2.1-3.1 gettext_0.19.8.1-9 gettext-base_0.19.8.1-9 gnupg_2.2.17-3 gnupg-l10n_2.2.17-3 gnupg-utils_2.2.17-3 gpg_2.2.17-3 gpg-agent_2.2.17-3 gpg-wks-client_2.2.17-3 gpg-wks-server_2.2.17-3 gpgconf_2.2.17-3 gpgsm_2.2.17-3 gpgv_2.2.17-3 grep_3.3-1 groff-base_1.22.4-3 gzip_1.9-3+b1 hostname_3.22+b1 init-system-helpers_1.57 intltool-debian_0.35.0+20060710.5 libacl1_2.2.53-4 libapt-pkg5.0_1.8.4 libarchive-zip-perl_1.66-1 libasan5_9.2.1-8 libasan5-armhf-cross_9.2.1-8cross1 libassuan0_2.5.3-7 libatomic1_9.2.1-8 libatomic1-armhf-cross_9.2.1-8cross1 libattr1_1:2.4.48-4 libaudit-common_1:2.8.5-2 libaudit1_1:2.8.5-2 libbinutils_2.32.51.20190909-1 libblkid1_2.34-0.1 libbsd0_0.10.0-1 libbz2-1.0_1.0.8-2 libc-bin_2.29-1 libc-dev-bin_2.29-1 libc-l10n_2.29-1 libc6_2.29-1 libc6-armhf-cross_2.29-1cross7 libc6-dev_2.29-1 libc6-dev-armhf-cross_2.29-1cross7 libcap-ng0_0.7.9-2+b1 libcap2_1:2.25-2 libcc1-0_9.2.1-8 libcom-err2_1.45.3-4 libconfig-auto-perl_0.44-1 libconfig-inifiles-perl_3.000001-1 libcroco3_0.6.13-1 libdb5.3_5.3.28+dfsg1-0.6 libdebconfclient0_0.249 libdebhelper-perl_12.6.1 libdebian-dpkgcross-perl_2.6.15-3 libdpkg-perl_1.19.7 libeatmydata1_105-7 libelf1_0.176-1.1 libexpat1_2.2.7-2 libext2fs2_1.45.3-4 libfakeroot_1.24-1 libfdisk1_2.34-0.1 libffi6_3.2.1-9 libfile-homedir-perl_1.004-1 libfile-stripnondeterminism-perl_1.6.0-1 libfile-which-perl_1.23-1 libgcc-8-dev_8.3.0-22 libgcc-9-dev_9.2.1-8 libgcc-9-dev-armhf-cross_9.2.1-8cross1 libgcc1_1:9.2.1-8 libgcc1-armhf-cross_1:9.2.1-8cross1 libgcrypt20_1.8.5-2 libgdbm-compat4_1.18.1-5 libgdbm6_1.18.1-5 libglib2.0-0_2.60.6-2 libgmp10_2:6.1.2+dfsg-4 libgnutls30_3.6.9-5 libgomp1_9.2.1-8 libgomp1-armhf-cross_9.2.1-8cross1 libgpg-error0_1.36-7 libhogweed4_3.5.1+really3.4.1-1 libicu63_63.2-2 libidn2-0_2.2.0-2 libio-string-perl_1.08-3 libisl19_0.20-2 libisl21_0.21-2 libitm1_9.2.1-8 libksba8_1.3.5-2 libldap-2.4-2_2.4.48+dfsg-1 libldap-common_2.4.48+dfsg-1 liblocale-gettext-perl_1.07-3+b4 liblsan0_9.2.1-8 liblua5.2-0_5.2.4-1.1+b3 liblz4-1_1.8.3-1+b1 liblzma5_5.2.4-1+b1 libmagic-mgc_1:5.37-5 libmagic1_1:5.37-5 libmount1_2.34-0.1 libmpc3_1.1.0-1 libmpdec2_2.4.2-2 libmpfr6_4.0.2-1 libmpx2_8.3.0-22 libncurses6_6.1+20190803-1 libncursesw6_6.1+20190803-1 libnettle6_3.5.1+really3.4.1-1 libnpth0_1.6-1 libnspr4_2:4.21-2 libnss3_2:3.45-1 libp11-kit0_0.23.17-2 libpam-modules_1.3.1-5 libpam-modules-bin_1.3.1-5 libpam-runtime_1.3.1-5 libpam0g_1.3.1-5 libpcre2-8-0_10.32-5+b1 libpcre3_2:8.39-12+b1 libperl5.28_5.28.1-6 libpipeline1_1.5.1-2 libpopt0_1.16-12 libprocps7_2:3.3.15-2+b1 libpython3-stdlib_3.7.3-1 libpython3.7-minimal_3.7.4-4 libpython3.7-stdlib_3.7.4-4 libquadmath0_9.2.1-8 libreadline7_7.0-5 libreadline8_8.0-3 librpm8_4.14.2.1+dfsg1-1 librpmio8_4.14.2.1+dfsg1-1 libsasl2-2_2.1.27+dfsg-1 libsasl2-modules-db_2.1.27+dfsg-1 libseccomp2_2.4.1-2 libselinux1_2.9-2+b2 libsemanage-common_2.9-3 libsemanage1_2.9-3 libsepol1_2.9-2+b2 libsigsegv2_2.12-2 libsmartcols1_2.34-0.1 libsqlite3-0_3.29.0-2 libss2_1.45.3-4 libssl1.1_1.1.1d-1 libstdc++-8-dev_8.3.0-22 libstdc++-9-dev_9.2.1-8 libstdc++-9-dev-armhf-cross_9.2.1-8cross1 libstdc++6_9.2.1-8 libstdc++6-armhf-cross_9.2.1-8cross1 libsub-override-perl_0.09-2 libsystemd0_242-7 libtasn1-6_4.14-3 libtinfo6_6.1+20190803-1 libtool_2.4.6-11 libtsan0_9.2.1-8 libubsan1_9.2.1-8 libubsan1-armhf-cross_9.2.1-8cross1 libuchardet0_0.0.6-3 libudev1_242-7 libunistring2_0.9.10-2 libuuid1_2.34-0.1 libxml-libxml-perl_2.0134+dfsg-1 libxml-namespacesupport-perl_1.12-1 libxml-sax-base-perl_1.09-1 libxml-sax-perl_1.02+dfsg-1 libxml-simple-perl_2.25-1 libxml2_2.9.4+dfsg1-7+b3 libyaml-perl_1.29-1 libzstd1_1.4.3+dfsg-1 linux-libc-dev_5.2.9-2 linux-libc-dev-armhf-cross_5.2.9-2cross7 locales-all_2.29-1 login_1:4.7-2 logsave_1.45.3-4 lsb-base_11.1.0 m4_1.4.18-2 make_4.2.1-1.2 man-db_2.8.7-3 mawk_1.3.3-17+b3 meson_0.51.2-1 mime-support_3.63 mount_2.34-0.1 ncurses-base_6.1+20190803-1 ncurses-bin_6.1+20190803-1 ninja-build_1.9.0-3 passwd_1:4.7-2 patch_2.7.6-6 perl_5.28.1-6 perl-base_5.28.1-6 perl-modules-5.28_5.28.1-6 pinentry-curses_1.1.0-3 po-debconf_1.0.21 procps_2:3.3.15-2+b1 python3_3.7.3-1 python3-minimal_3.7.3-1 python3-pkg-resources_41.2.0-1 python3.7_3.7.4-4 python3.7-minimal_3.7.4-4 readline-common_8.0-3 sbuild-build-depends-dose3-dummy_0.invalid.0 sbuild-build-depends-main-dummy_0.invalid.0 sed_4.7-1 sensible-utils_0.0.12 sysvinit-utils_2.96~beta-1 tar_1.30+dfsg-6+b1 tzdata_2019c-1 ucf_3.0038+nmu1 util-linux_2.34-0.1 xz-utils_5.2.4-1+b1 zlib1g_1:1.2.11.dfsg-1+b1

+------------------------------------------------------------------------------+
| Build                                                                        |
+------------------------------------------------------------------------------+


Unpack source
-------------

-----BEGIN PGP SIGNED MESSAGE-----
Hash: SHA512

Format: 3.0 (quilt)
Source: ksh
Binary: ksh
Architecture: any
Version: 2020.0.0~beta1-1
Maintainer: Debian QA Group <packages@qa.debian.org>
Homepage: http://www.kornshell.com/
Standards-Version: 4.4.0
Vcs-Browser: https://salsa.debian.org/debian/ksh
Vcs-Git: https://salsa.debian.org/debian/ksh.git
Build-Depends: debhelper-compat (= 12), dh-exec, expect <!nocheck>, locales-all, meson, netcat-openbsd <!nocheck>, ninja-build, procps
Package-List:
 ksh deb shells optional arch=any
Checksums-Sha1:
 08bb316ffba939cb9c9f55d23a38f3dd9cf0a754 2022260 ksh_2020.0.0~beta1.orig.tar.gz
 5041fc8cd0f72c61042ea372b65e3c4db64bae79 16532 ksh_2020.0.0~beta1-1.debian.tar.xz
Checksums-Sha256:
 bc63b59be0087299f9e933d7f32806995e3e3ba57b887ca0d2517275972711e2 2022260 ksh_2020.0.0~beta1.orig.tar.gz
 502fa2752008394bdeeb48ab5cb2a30f06463070888c7262f3524ce548fe4df4 16532 ksh_2020.0.0~beta1-1.debian.tar.xz
Files:
 f80af3625be4606a045faf2e0e47aeeb 2022260 ksh_2020.0.0~beta1.orig.tar.gz
 a408c7bffcd359d9c067f261db6a4d3a 16532 ksh_2020.0.0~beta1-1.debian.tar.xz

-----BEGIN PGP SIGNATURE-----

iQIzBAEBCgAdFiEEfncpR22H1vEdkazLwpPntGGCWs4FAl2BOHsACgkQwpPntGGC
Ws65BA/6AmrL1t23EPwWG8OLPXYEJIz185eozrwJHaUBIlHjaUHF81JekGx28Srm
yoKh4ZGSFOCBJPH7lDjT33gAobU9+aidD5OAIDckoRGw3a7MY2wTQ7Y+9NLEUylK
zCKW3coekgM6jT0ye5NzlRFxpZdJvBtv7wNXVrkTyHi0c7btrPtxjERkNViHhfqx
5t47ZCq3NrmLbc0mdpiVMKyqLjgnLafffygEOYLw36fcXWto1QsN64IaF7woks7a
zMF6Y4F8PzsTEmOyAtDICQHAAmHPXdM6TCVGw/pDzXhfy96YxfbduJ9hBap25nJy
eFpmRdr+SA5/SGV42eZxHkm3Yy1y+R0Igd6midN3gYVu/94HBRQyM24wmRgYxI58
reCzNWnPxlDN4sjxc2A7Z6boMcejltCIFAnieJeBz0JSwIzwtIMKU2LzUESk4jcM
YfBeB6xVEW/lVsMlb4iw5LzOLjcG1CehVuiR4NY0CRTO7/V8L82wyCtKin3HfWSa
QBOfzOLA+AiM9wUTgXlR/qf+VJ/f40Sk+mTnDdOq4vNnU/x9YmT0jcOnhD/Vlqih
u326s/P2nzYoDoaS+LIqF2PErpyWYNmJ+M8QnRvfDTCww6HsrtK/a7jdURiAYNOH
mD7+WZcLh6K7XW4f24X8qPOzO3tjdlLF0W74fpsAe96botjzFys=
=aej+
-----END PGP SIGNATURE-----

gpgv: unknown type of key resource 'trustedkeys.kbx'
gpgv: keyblock resource '/sbuild-nonexistent/.gnupg/trustedkeys.kbx': General error
gpgv: Signature made Tue Sep 17 19:48:11 2019 UTC
gpgv:                using RSA key 7E7729476D87D6F11D91ACCBC293E7B461825ACE
gpgv: Can't check signature: No public key
dpkg-source: warning: failed to verify signature on ./ksh_2020.0.0~beta1-1.dsc
dpkg-source: info: extracting ksh in /<<PKGBUILDDIR>>
dpkg-source: info: unpacking ksh_2020.0.0~beta1.orig.tar.gz
dpkg-source: info: unpacking ksh_2020.0.0~beta1-1.debian.tar.xz
dpkg-source: info: using patch list from debian/patches/series
dpkg-source: info: applying 0001-List-only-supported-names-for-ksh.patch
dpkg-source: info: applying backport/0002-Make-b_times.exp-unit-test-more-robust.patch
dpkg-source: info: applying backport/0003-Fix-expansion-of-bare-tildes-when-HOME-is-unset.patch
dpkg-source: info: applying backport/0004-Document-fix-for-issue-1391.patch

Check disk space
----------------

Sufficient free space for build

User Environment
----------------

APT_CONFIG=/var/lib/sbuild/apt.conf
CCACHE_COMPRESS=1
CCACHE_DIR=/var/cache/ccache-sbuild
CCACHE_UMASK=002
CONFIG_SITE=/etc/dpkg-cross/cross-config.armhf
DEB_BUILD_OPTIONS=nocheck
HOME=/sbuild-nonexistent
LANG=en_US.UTF-8
LC_ALL=C.UTF-8
LD_LIBRARY_PATH=/usr/lib/libeatmydata
LD_PRELOAD=libeatmydata.so
LOGNAME=build
PATH=/usr/lib/ccache:/usr/local/sbin:/usr/local/bin:/usr/sbin:/usr/bin:/sbin:/bin:/usr/games
PWD=/<<PKGBUILDDIR>>
SCHROOT_ALIAS_NAME=unstable-amd64-sbuild
SCHROOT_CHROOT_NAME=unstable-amd64-sbuild
SCHROOT_COMMAND=env
SCHROOT_GID=1000
SCHROOT_GROUP=build
SCHROOT_SESSION_ID=unstable-amd64-sbuild-c94ceff2-12a3-4ac7-8858-f1ec2d2a649d
SCHROOT_UID=1000
SCHROOT_USER=build
SHELL=/bin/sh
USER=build

dpkg-buildpackage
-----------------

Command: dpkg-buildpackage -aarmhf -Pcross,nocheck -us -uc -B -rfakeroot -j16
dpkg-buildpackage: info: source package ksh
dpkg-buildpackage: info: source version 2020.0.0~beta1-1
dpkg-buildpackage: info: source distribution unstable
dpkg-buildpackage: info: source changed by Boyuan Yang <byang@debian.org>
dpkg-architecture: warning: specified GNU system type arm-linux-gnueabihf does not match CC system type x86_64-linux-gnu, try setting a correct CC environment variable
 dpkg-source --before-build .
dpkg-buildpackage: info: host architecture armhf
 fakeroot debian/rules clean
dh clean --no-parallel
   dh_auto_clean -O--no-parallel
   dh_autoreconf_clean -O--no-parallel
   dh_clean -O--no-parallel
	rm -f debian/debhelper-build-stamp
	rm -rf debian/.debhelper/
	rm -f -- debian/ksh.substvars debian/files
	rm -fr -- debian/ksh/ debian/tmp/
	find .  \( \( \
		\( -path .\*/.git -o -path .\*/.svn -o -path .\*/.bzr -o -path .\*/.hg -o -path .\*/CVS -o -path .\*/.pc -o -path .\*/_darcs \) -prune -o -type f -a \
	        \( -name '#*#' -o -name '.*~' -o -name '*~' -o -name DEADJOE \
		 -o -name '*.orig' -o -name '*.rej' -o -name '*.bak' \
		 -o -name '.*.orig' -o -name .*.rej -o -name '.SUMS' \
		 -o -name TAGS -o \( -path '*/.deps/*' -a -name '*.P' \) \
		\) -exec rm -f {} + \) -o \
		\( -type d -a -name autom4te.cache -prune -exec rm -rf {} + \) \)
 debian/rules build-arch
dh build-arch --no-parallel
   dh_update_autotools_config -a -O--no-parallel
   dh_autoreconf -a -O--no-parallel
   dh_auto_configure -a -O--no-parallel
	install -d debian/.debhelper/generated/_source
	LC_ALL=C.UTF-8 /usr/share/meson/debcrossgen -odebian/.debhelper/generated/_source/meson-cross-file.conf > /dev/null
	install -d obj-arm-linux-gnueabihf
	cd obj-arm-linux-gnueabihf && LC_ALL=C.UTF-8 meson .. --wrap-mode=nodownload --buildtype=plain --prefix=/usr --sysconfdir=/etc --localstatedir=/var --libdir=lib/arm-linux-gnueabihf --cross-file /<<BUILDDIR>>/ksh-2020.0.0\~beta1/debian/.debhelper/generated/_source/meson-cross-file.conf
Traceback (most recent call last):
  File "/usr/lib/python3/dist-packages/mesonbuild/mesonmain.py", line 127, in run
    return options.run_func(options)
  File "/usr/lib/python3/dist-packages/mesonbuild/msetup.py", line 241, in run
    app.generate()
  File "/usr/lib/python3/dist-packages/mesonbuild/msetup.py", line 159, in generate
    self._generate(env)
  File "/usr/lib/python3/dist-packages/mesonbuild/msetup.py", line 188, in _generate
    intr.run()
  File "/usr/lib/python3/dist-packages/mesonbuild/interpreter.py", line 3924, in run
    super().run()
  File "/usr/lib/python3/dist-packages/mesonbuild/interpreterbase.py", line 412, in run
    self.evaluate_codeblock(self.ast, start=1)
  File "/usr/lib/python3/dist-packages/mesonbuild/interpreterbase.py", line 436, in evaluate_codeblock
    raise e
  File "/usr/lib/python3/dist-packages/mesonbuild/interpreterbase.py", line 430, in evaluate_codeblock
    self.evaluate_statement(cur)
  File "/usr/lib/python3/dist-packages/mesonbuild/interpreterbase.py", line 441, in evaluate_statement
    return self.function_call(cur)
  File "/usr/lib/python3/dist-packages/mesonbuild/interpreterbase.py", line 778, in function_call
    return func(node, posargs, kwargs)
  File "/usr/lib/python3/dist-packages/mesonbuild/interpreterbase.py", line 285, in wrapped
    return f(*wrapped_args, **wrapped_kwargs)
  File "/usr/lib/python3/dist-packages/mesonbuild/interpreterbase.py", line 174, in wrapped
    return f(*wrapped_args, **wrapped_kwargs)
  File "/usr/lib/python3/dist-packages/mesonbuild/interpreter.py", line 3465, in func_subdir
    self.evaluate_codeblock(codeblock)
  File "/usr/lib/python3/dist-packages/mesonbuild/interpreterbase.py", line 436, in evaluate_codeblock
    raise e
  File "/usr/lib/python3/dist-packages/mesonbuild/interpreterbase.py", line 430, in evaluate_codeblock
    self.evaluate_statement(cur)
  File "/usr/lib/python3/dist-packages/mesonbuild/interpreterbase.py", line 451, in evaluate_statement
    return self.evaluate_if(cur)
  File "/usr/lib/python3/dist-packages/mesonbuild/interpreterbase.py", line 516, in evaluate_if
    self.evaluate_codeblock(i.block)
  File "/usr/lib/python3/dist-packages/mesonbuild/interpreterbase.py", line 436, in evaluate_codeblock
    raise e
  File "/usr/lib/python3/dist-packages/mesonbuild/interpreterbase.py", line 430, in evaluate_codeblock
    self.evaluate_statement(cur)
  File "/usr/lib/python3/dist-packages/mesonbuild/interpreterbase.py", line 443, in evaluate_statement
    return self.assignment(cur)
  File "/usr/lib/python3/dist-packages/mesonbuild/interpreterbase.py", line 1053, in assignment
    value = self.evaluate_statement(node.value)
  File "/usr/lib/python3/dist-packages/mesonbuild/interpreterbase.py", line 445, in evaluate_statement
    return self.method_call(cur)
  File "/usr/lib/python3/dist-packages/mesonbuild/interpreterbase.py", line 815, in method_call
    return obj.method_call(method_name, args, kwargs)
  File "/usr/lib/python3/dist-packages/mesonbuild/interpreterbase.py", line 325, in method_call
    return method(args, kwargs)
  File "/usr/lib/python3/dist-packages/mesonbuild/interpreterbase.py", line 174, in wrapped
    return f(*wrapped_args, **wrapped_kwargs)
  File "/usr/lib/python3/dist-packages/mesonbuild/interpreter.py", line 1110, in run_method
    dependencies=deps)
  File "/usr/lib/python3/dist-packages/mesonbuild/compilers/clike.py", line 451, in run
    raise mesonlib.CrossNoRunException('Can not run test applications in this cross environment.')
AttributeError: module 'mesonbuild.mesonlib' has no attribute 'CrossNoRunException'
The Meson build system
Version: 0.51.2
Source dir: /<<PKGBUILDDIR>>
Build dir: /<<PKGBUILDDIR>>/obj-arm-linux-gnueabihf
Build type: cross build
Project name: ksh93
Project version: undefined
Appending CFLAGS from environment: '-g -O2 -fdebug-prefix-map=/<<PKGBUILDDIR>>=. -fstack-protector-strong -Wformat -Werror=format-security'
Appending LDFLAGS from environment: '-Wl,-z,relro -Wl,-z,now -Wl,--as-needed'
Appending CPPFLAGS from environment: '-Wdate-time -D_FORTIFY_SOURCE=2'
C compiler for the build machine: ccache cc (gcc 9.2.1 "cc (Debian 9.2.1-8) 9.2.1 20190909")
C compiler for the host machine: /usr/lib/ccache/arm-linux-gnueabihf-gcc (gcc 9.2.1 "arm-linux-gnueabihf-gcc (Debian 9.2.1-8) 9.2.1 20190909")
Host machine cpu family: arm
Host machine cpu: arm7hlf
Target machine cpu family: arm
Target machine cpu: arm7hlf
Build machine cpu family: x86_64
Build machine cpu: x86_64
Compiler for C supports arguments -Wno-cast-function-type -Wcast-function-type: YES 
Compiler for C supports arguments -Werror=implicit: YES 
Checking for size of "void*" : 4
Checking for size of "int" : 4
Checking for size of "long" : 4
Checking for size of "size_t" : 4
Checking for size of "off_t" : 8
Checking for size of "int32_t" : 4
Checking for size of "wchar_t" : 4
Checking for size of "long long" : 8
Library m found: YES
Library socket found: NO
Library nsl found: YES
Library dl found: YES
Library execinfo found: NO
Library fts found: NO
Library iconv found: NO
Library catgets found: NO
Has header "execinfo.h" : YES 
Has header "filio.h" : NO 
Has header "malloc.h" : YES 
Has header "stdlib.h" : YES 
Has header "sys/filio.h" : NO 
Has header "sys/ldr.h" : NO 
Has header "sys/pstat.h" : NO 
Has header "sys/ptem.h" : NO 
Has header "stream.h" : NO 
Checking for function "lchmod" : NO 
	cd obj-arm-linux-gnueabihf && tail -v -n \+0 meson-logs/meson-log.txt
==> meson-logs/meson-log.txt <==
Build started at 2019-09-21T12:40:21.141856
Main binary: /usr/bin/python3
Python system: Linux
The Meson build system
Version: 0.51.2
Source dir: /<<PKGBUILDDIR>>
Build dir: /<<PKGBUILDDIR>>/obj-arm-linux-gnueabihf
Build type: cross build
Project name: ksh93
Project version: undefined
Appending CFLAGS from environment: '-g -O2 -fdebug-prefix-map=/<<PKGBUILDDIR>>=. -fstack-protector-strong -Wformat -Werror=format-security'
Appending LDFLAGS from environment: '-Wl,-z,relro -Wl,-z,now -Wl,--as-needed'
Appending CPPFLAGS from environment: '-Wdate-time -D_FORTIFY_SOURCE=2'
Sanity testing C compiler: ccache cc
Is cross compiler: False.
Sanity check compiler command line: ccache cc -g -O2 -fdebug-prefix-map=/<<PKGBUILDDIR>>=. -fstack-protector-strong -Wformat -Werror=format-security -Wdate-time -D_FORTIFY_SOURCE=2 -Wl,-z,relro -Wl,-z,now -Wl,--as-needed -pipe -D_FILE_OFFSET_BITS=64 /<<PKGBUILDDIR>>/obj-arm-linux-gnueabihf/meson-private/sanitycheckc.c -o /<<PKGBUILDDIR>>/obj-arm-linux-gnueabihf/meson-private/sanitycheckc.exe
Sanity check compile stdout:

-----
Sanity check compile stderr:

-----
Running test binary command: /<<PKGBUILDDIR>>/obj-arm-linux-gnueabihf/meson-private/sanitycheckc.exe
C compiler for the build machine: ccache cc (gcc 9.2.1 "cc (Debian 9.2.1-8) 9.2.1 20190909")
Sanity testing C compiler: /usr/lib/ccache/arm-linux-gnueabihf-gcc
Is cross compiler: True.
Sanity check compiler command line: /usr/lib/ccache/arm-linux-gnueabihf-gcc -Wdate-time -D_FORTIFY_SOURCE=2 -g -O2 -fdebug-prefix-map=/<<PKGBUILDDIR>>=. -fstack-protector-strong -Wformat -Werror=format-security -pipe -D_FILE_OFFSET_BITS=64 -c /<<PKGBUILDDIR>>/obj-arm-linux-gnueabihf/meson-private/sanitycheckc.c -o /<<PKGBUILDDIR>>/obj-arm-linux-gnueabihf/meson-private/sanitycheckc_cross.exe
Sanity check compile stdout:

-----
Sanity check compile stderr:

-----
C compiler for the host machine: /usr/lib/ccache/arm-linux-gnueabihf-gcc (gcc 9.2.1 "arm-linux-gnueabihf-gcc (Debian 9.2.1-8) 9.2.1 20190909")
Host machine cpu family: arm
Host machine cpu: arm7hlf
Target machine cpu family: arm
Target machine cpu: arm7hlf
Build machine cpu family: x86_64
Build machine cpu: x86_64
Running compile:
Working directory:  /tmp/tmpmbs5jd_z
Command line:  /usr/lib/ccache/arm-linux-gnueabihf-gcc /tmp/tmpmbs5jd_z/testfile.c -o /tmp/tmpmbs5jd_z/output.obj -pipe -c -Wdate-time -D_FORTIFY_SOURCE=2 -g -O2 -fdebug-prefix-map=/<<PKGBUILDDIR>>=. -fstack-protector-strong -Wformat -Werror=format-security -D_FILE_OFFSET_BITS=64 -O0 -Wno-cast-function-type -Wcast-function-type 

Code:
 int i;

Compiler stdout:
 
Compiler stderr:
 
Compiler for C supports arguments -Wno-cast-function-type -Wcast-function-type: YES 
Running compile:
Working directory:  /tmp/tmpwai5pesw
Command line:  /usr/lib/ccache/arm-linux-gnueabihf-gcc /tmp/tmpwai5pesw/testfile.c -o /tmp/tmpwai5pesw/output.obj -pipe -c -Wdate-time -D_FORTIFY_SOURCE=2 -g -O2 -fdebug-prefix-map=/<<PKGBUILDDIR>>=. -fstack-protector-strong -Wformat -Werror=format-security -D_FILE_OFFSET_BITS=64 -O0 -Werror=implicit 

Code:
 int i;

Compiler stdout:
 
Compiler stderr:
 
Compiler for C supports arguments -Werror=implicit: YES 
Running compile:
Working directory:  /tmp/tmpdcd4x0qg
Command line:  /usr/lib/ccache/arm-linux-gnueabihf-gcc /tmp/tmpdcd4x0qg/testfile.c -o /tmp/tmpdcd4x0qg/output.obj -pipe -c -Wdate-time -D_FORTIFY_SOURCE=2 -g -O2 -fdebug-prefix-map=/<<PKGBUILDDIR>>=. -fstack-protector-strong -Wformat -Werror=format-security -D_FILE_OFFSET_BITS=64 -O0 

Code:
 #include <stdio.h>
        
        int main() {
            void* something;
            return 0;
        }
Compiler stdout:
 
Compiler stderr:
 
Running compile:
Working directory:  /tmp/tmp4zotskip
Command line:  /usr/lib/ccache/arm-linux-gnueabihf-gcc /tmp/tmp4zotskip/testfile.c -o /tmp/tmp4zotskip/output.obj -pipe -c -Wdate-time -D_FORTIFY_SOURCE=2 -g -O2 -fdebug-prefix-map=/<<PKGBUILDDIR>>=. -fstack-protector-strong -Wformat -Werror=format-security -D_FILE_OFFSET_BITS=64 -O0 

Code:
 #include <stdio.h>
        
        int main() { static int a[1-2*!(sizeof(void*) >= 0)]; a[0]=0; return 0; }
Compiler stdout:
 
Compiler stderr:
 
Running compile:
Working directory:  /tmp/tmpc0248z16
Command line:  /usr/lib/ccache/arm-linux-gnueabihf-gcc /tmp/tmpc0248z16/testfile.c -o /tmp/tmpc0248z16/output.obj -pipe -c -Wdate-time -D_FORTIFY_SOURCE=2 -g -O2 -fdebug-prefix-map=/<<PKGBUILDDIR>>=. -fstack-protector-strong -Wformat -Werror=format-security -D_FILE_OFFSET_BITS=64 -O0 

Code:
 #include <stdio.h>
        
        int main() { static int a[1-2*!(sizeof(void*) > 0)]; a[0]=0; return 0; }
Compiler stdout:
 
Compiler stderr:
 
Running compile:
Working directory:  /tmp/tmp9soihajw
Command line:  /usr/lib/ccache/arm-linux-gnueabihf-gcc /tmp/tmp9soihajw/testfile.c -o /tmp/tmp9soihajw/output.obj -pipe -c -Wdate-time -D_FORTIFY_SOURCE=2 -g -O2 -fdebug-prefix-map=/<<PKGBUILDDIR>>=. -fstack-protector-strong -Wformat -Werror=format-security -D_FILE_OFFSET_BITS=64 -O0 

Code:
 #include <stdio.h>
        
        int main() { static int a[1-2*!(sizeof(void*) > 1)]; a[0]=0; return 0; }
Compiler stdout:
 
Compiler stderr:
 
Running compile:
Working directory:  /tmp/tmpz8lfsins
Command line:  /usr/lib/ccache/arm-linux-gnueabihf-gcc /tmp/tmpz8lfsins/testfile.c -o /tmp/tmpz8lfsins/output.obj -pipe -c -Wdate-time -D_FORTIFY_SOURCE=2 -g -O2 -fdebug-prefix-map=/<<PKGBUILDDIR>>=. -fstack-protector-strong -Wformat -Werror=format-security -D_FILE_OFFSET_BITS=64 -O0 

Code:
 #include <stdio.h>
        
        int main() { static int a[1-2*!(sizeof(void*) > 3)]; a[0]=0; return 0; }
Compiler stdout:
 
Compiler stderr:
 
Running compile:
Working directory:  /tmp/tmpvc5ll6vu
Command line:  /usr/lib/ccache/arm-linux-gnueabihf-gcc /tmp/tmpvc5ll6vu/testfile.c -o /tmp/tmpvc5ll6vu/output.obj -pipe -c -Wdate-time -D_FORTIFY_SOURCE=2 -g -O2 -fdebug-prefix-map=/<<PKGBUILDDIR>>=. -fstack-protector-strong -Wformat -Werror=format-security -D_FILE_OFFSET_BITS=64 -O0 

Code:
 #include <stdio.h>
        
        int main() { static int a[1-2*!(sizeof(void*) > 7)]; a[0]=0; return 0; }
Compiler stdout:
 
Compiler stderr:
 /tmp/tmpvc5ll6vu/testfile.c: In function 'main':
/tmp/tmpvc5ll6vu/testfile.c:3:33: error: size of array 'a' is negative
    3 |         int main() { static int a[1-2*!(sizeof(void*) > 7)]; a[0]=0; return 0; }
      |                                 ^

Running compile:
Working directory:  /tmp/tmp56atc0a2
Command line:  /usr/lib/ccache/arm-linux-gnueabihf-gcc /tmp/tmp56atc0a2/testfile.c -o /tmp/tmp56atc0a2/output.obj -pipe -c -Wdate-time -D_FORTIFY_SOURCE=2 -g -O2 -fdebug-prefix-map=/<<PKGBUILDDIR>>=. -fstack-protector-strong -Wformat -Werror=format-security -D_FILE_OFFSET_BITS=64 -O0 

Code:
 #include <stdio.h>
        
        int main() { static int a[1-2*!(sizeof(void*) <= 5)]; a[0]=0; return 0; }
Compiler stdout:
 
Compiler stderr:
 
Running compile:
Working directory:  /tmp/tmpo0xf5kn6
Command line:  /usr/lib/ccache/arm-linux-gnueabihf-gcc /tmp/tmpo0xf5kn6/testfile.c -o /tmp/tmpo0xf5kn6/output.obj -pipe -c -Wdate-time -D_FORTIFY_SOURCE=2 -g -O2 -fdebug-prefix-map=/<<PKGBUILDDIR>>=. -fstack-protector-strong -Wformat -Werror=format-security -D_FILE_OFFSET_BITS=64 -O0 

Code:
 #include <stdio.h>
        
        int main() { static int a[1-2*!(sizeof(void*) <= 4)]; a[0]=0; return 0; }
Compiler stdout:
 
Compiler stderr:
 
Checking for size of "void*" : 4
Running compile:
Working directory:  /tmp/tmp9e_zmkv9
Command line:  /usr/lib/ccache/arm-linux-gnueabihf-gcc /tmp/tmp9e_zmkv9/testfile.c -o /tmp/tmp9e_zmkv9/output.obj -pipe -c -Wdate-time -D_FORTIFY_SOURCE=2 -g -O2 -fdebug-prefix-map=/<<PKGBUILDDIR>>=. -fstack-protector-strong -Wformat -Werror=format-security -D_FILE_OFFSET_BITS=64 -O0 

Code:
 #include <stdio.h>
        
        int main() {
            int something;
            return 0;
        }
Compiler stdout:
 
Compiler stderr:
 
Running compile:
Working directory:  /tmp/tmpw8kv3rrg
Command line:  /usr/lib/ccache/arm-linux-gnueabihf-gcc /tmp/tmpw8kv3rrg/testfile.c -o /tmp/tmpw8kv3rrg/output.obj -pipe -c -Wdate-time -D_FORTIFY_SOURCE=2 -g -O2 -fdebug-prefix-map=/<<PKGBUILDDIR>>=. -fstack-protector-strong -Wformat -Werror=format-security -D_FILE_OFFSET_BITS=64 -O0 

Code:
 #include <stdio.h>
        
        int main() { static int a[1-2*!(sizeof(int) >= 0)]; a[0]=0; return 0; }
Compiler stdout:
 
Compiler stderr:
 
Running compile:
Working directory:  /tmp/tmpu3wckq01
Command line:  /usr/lib/ccache/arm-linux-gnueabihf-gcc /tmp/tmpu3wckq01/testfile.c -o /tmp/tmpu3wckq01/output.obj -pipe -c -Wdate-time -D_FORTIFY_SOURCE=2 -g -O2 -fdebug-prefix-map=/<<PKGBUILDDIR>>=. -fstack-protector-strong -Wformat -Werror=format-security -D_FILE_OFFSET_BITS=64 -O0 

Code:
 #include <stdio.h>
        
        int main() { static int a[1-2*!(sizeof(int) > 0)]; a[0]=0; return 0; }
Compiler stdout:
 
Compiler stderr:
 
Running compile:
Working directory:  /tmp/tmpiw4_f15k
Command line:  /usr/lib/ccache/arm-linux-gnueabihf-gcc /tmp/tmpiw4_f15k/testfile.c -o /tmp/tmpiw4_f15k/output.obj -pipe -c -Wdate-time -D_FORTIFY_SOURCE=2 -g -O2 -fdebug-prefix-map=/<<PKGBUILDDIR>>=. -fstack-protector-strong -Wformat -Werror=format-security -D_FILE_OFFSET_BITS=64 -O0 

Code:
 #include <stdio.h>
        
        int main() { static int a[1-2*!(sizeof(int) > 1)]; a[0]=0; return 0; }
Compiler stdout:
 
Compiler stderr:
 
Running compile:
Working directory:  /tmp/tmpc8bgku1w
Command line:  /usr/lib/ccache/arm-linux-gnueabihf-gcc /tmp/tmpc8bgku1w/testfile.c -o /tmp/tmpc8bgku1w/output.obj -pipe -c -Wdate-time -D_FORTIFY_SOURCE=2 -g -O2 -fdebug-prefix-map=/<<PKGBUILDDIR>>=. -fstack-protector-strong -Wformat -Werror=format-security -D_FILE_OFFSET_BITS=64 -O0 

Code:
 #include <stdio.h>
        
        int main() { static int a[1-2*!(sizeof(int) > 3)]; a[0]=0; return 0; }
Compiler stdout:
 
Compiler stderr:
 
Running compile:
Working directory:  /tmp/tmpu_87otwi
Command line:  /usr/lib/ccache/arm-linux-gnueabihf-gcc /tmp/tmpu_87otwi/testfile.c -o /tmp/tmpu_87otwi/output.obj -pipe -c -Wdate-time -D_FORTIFY_SOURCE=2 -g -O2 -fdebug-prefix-map=/<<PKGBUILDDIR>>=. -fstack-protector-strong -Wformat -Werror=format-security -D_FILE_OFFSET_BITS=64 -O0 

Code:
 #include <stdio.h>
        
        int main() { static int a[1-2*!(sizeof(int) > 7)]; a[0]=0; return 0; }
Compiler stdout:
 
Compiler stderr:
 /tmp/tmpu_87otwi/testfile.c: In function 'main':
/tmp/tmpu_87otwi/testfile.c:3:33: error: size of array 'a' is negative
    3 |         int main() { static int a[1-2*!(sizeof(int) > 7)]; a[0]=0; return 0; }
      |                                 ^

Running compile:
Working directory:  /tmp/tmpbf35dhs5
Command line:  /usr/lib/ccache/arm-linux-gnueabihf-gcc /tmp/tmpbf35dhs5/testfile.c -o /tmp/tmpbf35dhs5/output.obj -pipe -c -Wdate-time -D_FORTIFY_SOURCE=2 -g -O2 -fdebug-prefix-map=/<<PKGBUILDDIR>>=. -fstack-protector-strong -Wformat -Werror=format-security -D_FILE_OFFSET_BITS=64 -O0 

Code:
 #include <stdio.h>
        
        int main() { static int a[1-2*!(sizeof(int) <= 5)]; a[0]=0; return 0; }
Compiler stdout:
 
Compiler stderr:
 
Running compile:
Working directory:  /tmp/tmpq8ivmlhv
Command line:  /usr/lib/ccache/arm-linux-gnueabihf-gcc /tmp/tmpq8ivmlhv/testfile.c -o /tmp/tmpq8ivmlhv/output.obj -pipe -c -Wdate-time -D_FORTIFY_SOURCE=2 -g -O2 -fdebug-prefix-map=/<<PKGBUILDDIR>>=. -fstack-protector-strong -Wformat -Werror=format-security -D_FILE_OFFSET_BITS=64 -O0 

Code:
 #include <stdio.h>
        
        int main() { static int a[1-2*!(sizeof(int) <= 4)]; a[0]=0; return 0; }
Compiler stdout:
 
Compiler stderr:
 
Checking for size of "int" : 4
Running compile:
Working directory:  /tmp/tmp43g35mue
Command line:  /usr/lib/ccache/arm-linux-gnueabihf-gcc /tmp/tmp43g35mue/testfile.c -o /tmp/tmp43g35mue/output.obj -pipe -c -Wdate-time -D_FORTIFY_SOURCE=2 -g -O2 -fdebug-prefix-map=/<<PKGBUILDDIR>>=. -fstack-protector-strong -Wformat -Werror=format-security -D_FILE_OFFSET_BITS=64 -O0 

Code:
 #include <stdio.h>
        
        int main() {
            long something;
            return 0;
        }
Compiler stdout:
 
Compiler stderr:
 
Running compile:
Working directory:  /tmp/tmp2by7p38j
Command line:  /usr/lib/ccache/arm-linux-gnueabihf-gcc /tmp/tmp2by7p38j/testfile.c -o /tmp/tmp2by7p38j/output.obj -pipe -c -Wdate-time -D_FORTIFY_SOURCE=2 -g -O2 -fdebug-prefix-map=/<<PKGBUILDDIR>>=. -fstack-protector-strong -Wformat -Werror=format-security -D_FILE_OFFSET_BITS=64 -O0 

Code:
 #include <stdio.h>
        
        int main() { static int a[1-2*!(sizeof(long) >= 0)]; a[0]=0; return 0; }
Compiler stdout:
 
Compiler stderr:
 
Running compile:
Working directory:  /tmp/tmpqv8vhmgq
Command line:  /usr/lib/ccache/arm-linux-gnueabihf-gcc /tmp/tmpqv8vhmgq/testfile.c -o /tmp/tmpqv8vhmgq/output.obj -pipe -c -Wdate-time -D_FORTIFY_SOURCE=2 -g -O2 -fdebug-prefix-map=/<<PKGBUILDDIR>>=. -fstack-protector-strong -Wformat -Werror=format-security -D_FILE_OFFSET_BITS=64 -O0 

Code:
 #include <stdio.h>
        
        int main() { static int a[1-2*!(sizeof(long) > 0)]; a[0]=0; return 0; }
Compiler stdout:
 
Compiler stderr:
 
Running compile:
Working directory:  /tmp/tmp4wfrmf6t
Command line:  /usr/lib/ccache/arm-linux-gnueabihf-gcc /tmp/tmp4wfrmf6t/testfile.c -o /tmp/tmp4wfrmf6t/output.obj -pipe -c -Wdate-time -D_FORTIFY_SOURCE=2 -g -O2 -fdebug-prefix-map=/<<PKGBUILDDIR>>=. -fstack-protector-strong -Wformat -Werror=format-security -D_FILE_OFFSET_BITS=64 -O0 

Code:
 #include <stdio.h>
        
        int main() { static int a[1-2*!(sizeof(long) > 1)]; a[0]=0; return 0; }
Compiler stdout:
 
Compiler stderr:
 
Running compile:
Working directory:  /tmp/tmp0aalslrw
Command line:  /usr/lib/ccache/arm-linux-gnueabihf-gcc /tmp/tmp0aalslrw/testfile.c -o /tmp/tmp0aalslrw/output.obj -pipe -c -Wdate-time -D_FORTIFY_SOURCE=2 -g -O2 -fdebug-prefix-map=/<<PKGBUILDDIR>>=. -fstack-protector-strong -Wformat -Werror=format-security -D_FILE_OFFSET_BITS=64 -O0 

Code:
 #include <stdio.h>
        
        int main() { static int a[1-2*!(sizeof(long) > 3)]; a[0]=0; return 0; }
Compiler stdout:
 
Compiler stderr:
 
Running compile:
Working directory:  /tmp/tmp39tvjy6v
Command line:  /usr/lib/ccache/arm-linux-gnueabihf-gcc /tmp/tmp39tvjy6v/testfile.c -o /tmp/tmp39tvjy6v/output.obj -pipe -c -Wdate-time -D_FORTIFY_SOURCE=2 -g -O2 -fdebug-prefix-map=/<<PKGBUILDDIR>>=. -fstack-protector-strong -Wformat -Werror=format-security -D_FILE_OFFSET_BITS=64 -O0 

Code:
 #include <stdio.h>
        
        int main() { static int a[1-2*!(sizeof(long) > 7)]; a[0]=0; return 0; }
Compiler stdout:
 
Compiler stderr:
 /tmp/tmp39tvjy6v/testfile.c: In function 'main':
/tmp/tmp39tvjy6v/testfile.c:3:33: error: size of array 'a' is negative
    3 |         int main() { static int a[1-2*!(sizeof(long) > 7)]; a[0]=0; return 0; }
      |                                 ^

Running compile:
Working directory:  /tmp/tmpowjopd4l
Command line:  /usr/lib/ccache/arm-linux-gnueabihf-gcc /tmp/tmpowjopd4l/testfile.c -o /tmp/tmpowjopd4l/output.obj -pipe -c -Wdate-time -D_FORTIFY_SOURCE=2 -g -O2 -fdebug-prefix-map=/<<PKGBUILDDIR>>=. -fstack-protector-strong -Wformat -Werror=format-security -D_FILE_OFFSET_BITS=64 -O0 

Code:
 #include <stdio.h>
        
        int main() { static int a[1-2*!(sizeof(long) <= 5)]; a[0]=0; return 0; }
Compiler stdout:
 
Compiler stderr:
 
Running compile:
Working directory:  /tmp/tmp183er51u
Command line:  /usr/lib/ccache/arm-linux-gnueabihf-gcc /tmp/tmp183er51u/testfile.c -o /tmp/tmp183er51u/output.obj -pipe -c -Wdate-time -D_FORTIFY_SOURCE=2 -g -O2 -fdebug-prefix-map=/<<PKGBUILDDIR>>=. -fstack-protector-strong -Wformat -Werror=format-security -D_FILE_OFFSET_BITS=64 -O0 

Code:
 #include <stdio.h>
        
        int main() { static int a[1-2*!(sizeof(long) <= 4)]; a[0]=0; return 0; }
Compiler stdout:
 
Compiler stderr:
 
Checking for size of "long" : 4
Running compile:
Working directory:  /tmp/tmpr_7r7vdz
Command line:  /usr/lib/ccache/arm-linux-gnueabihf-gcc /tmp/tmpr_7r7vdz/testfile.c -o /tmp/tmpr_7r7vdz/output.obj -pipe -c -Wdate-time -D_FORTIFY_SOURCE=2 -g -O2 -fdebug-prefix-map=/<<PKGBUILDDIR>>=. -fstack-protector-strong -Wformat -Werror=format-security -D_FILE_OFFSET_BITS=64 -O0 

Code:
 #include <stdio.h>
        
        int main() {
            size_t something;
            return 0;
        }
Compiler stdout:
 
Compiler stderr:
 
Running compile:
Working directory:  /tmp/tmpdu3wxv9b
Command line:  /usr/lib/ccache/arm-linux-gnueabihf-gcc /tmp/tmpdu3wxv9b/testfile.c -o /tmp/tmpdu3wxv9b/output.obj -pipe -c -Wdate-time -D_FORTIFY_SOURCE=2 -g -O2 -fdebug-prefix-map=/<<PKGBUILDDIR>>=. -fstack-protector-strong -Wformat -Werror=format-security -D_FILE_OFFSET_BITS=64 -O0 

Code:
 #include <stdio.h>
        
        int main() { static int a[1-2*!(sizeof(size_t) >= 0)]; a[0]=0; return 0; }
Compiler stdout:
 
Compiler stderr:
 
Running compile:
Working directory:  /tmp/tmp_qc8nzwo
Command line:  /usr/lib/ccache/arm-linux-gnueabihf-gcc /tmp/tmp_qc8nzwo/testfile.c -o /tmp/tmp_qc8nzwo/output.obj -pipe -c -Wdate-time -D_FORTIFY_SOURCE=2 -g -O2 -fdebug-prefix-map=/<<PKGBUILDDIR>>=. -fstack-protector-strong -Wformat -Werror=format-security -D_FILE_OFFSET_BITS=64 -O0 

Code:
 #include <stdio.h>
        
        int main() { static int a[1-2*!(sizeof(size_t) > 0)]; a[0]=0; return 0; }
Compiler stdout:
 
Compiler stderr:
 
Running compile:
Working directory:  /tmp/tmpjlpehc_c
Command line:  /usr/lib/ccache/arm-linux-gnueabihf-gcc /tmp/tmpjlpehc_c/testfile.c -o /tmp/tmpjlpehc_c/output.obj -pipe -c -Wdate-time -D_FORTIFY_SOURCE=2 -g -O2 -fdebug-prefix-map=/<<PKGBUILDDIR>>=. -fstack-protector-strong -Wformat -Werror=format-security -D_FILE_OFFSET_BITS=64 -O0 

Code:
 #include <stdio.h>
        
        int main() { static int a[1-2*!(sizeof(size_t) > 1)]; a[0]=0; return 0; }
Compiler stdout:
 
Compiler stderr:
 
Running compile:
Working directory:  /tmp/tmpg7el9fds
Command line:  /usr/lib/ccache/arm-linux-gnueabihf-gcc /tmp/tmpg7el9fds/testfile.c -o /tmp/tmpg7el9fds/output.obj -pipe -c -Wdate-time -D_FORTIFY_SOURCE=2 -g -O2 -fdebug-prefix-map=/<<PKGBUILDDIR>>=. -fstack-protector-strong -Wformat -Werror=format-security -D_FILE_OFFSET_BITS=64 -O0 

Code:
 #include <stdio.h>
        
        int main() { static int a[1-2*!(sizeof(size_t) > 3)]; a[0]=0; return 0; }
Compiler stdout:
 
Compiler stderr:
 
Running compile:
Working directory:  /tmp/tmpuxhs5_9d
Command line:  /usr/lib/ccache/arm-linux-gnueabihf-gcc /tmp/tmpuxhs5_9d/testfile.c -o /tmp/tmpuxhs5_9d/output.obj -pipe -c -Wdate-time -D_FORTIFY_SOURCE=2 -g -O2 -fdebug-prefix-map=/<<PKGBUILDDIR>>=. -fstack-protector-strong -Wformat -Werror=format-security -D_FILE_OFFSET_BITS=64 -O0 

Code:
 #include <stdio.h>
        
        int main() { static int a[1-2*!(sizeof(size_t) > 7)]; a[0]=0; return 0; }
Compiler stdout:
 
Compiler stderr:
 /tmp/tmpuxhs5_9d/testfile.c: In function 'main':
/tmp/tmpuxhs5_9d/testfile.c:3:33: error: size of array 'a' is negative
    3 |         int main() { static int a[1-2*!(sizeof(size_t) > 7)]; a[0]=0; return 0; }
      |                                 ^

Running compile:
Working directory:  /tmp/tmpz2xf51p8
Command line:  /usr/lib/ccache/arm-linux-gnueabihf-gcc /tmp/tmpz2xf51p8/testfile.c -o /tmp/tmpz2xf51p8/output.obj -pipe -c -Wdate-time -D_FORTIFY_SOURCE=2 -g -O2 -fdebug-prefix-map=/<<PKGBUILDDIR>>=. -fstack-protector-strong -Wformat -Werror=format-security -D_FILE_OFFSET_BITS=64 -O0 

Code:
 #include <stdio.h>
        
        int main() { static int a[1-2*!(sizeof(size_t) <= 5)]; a[0]=0; return 0; }
Compiler stdout:
 
Compiler stderr:
 
Running compile:
Working directory:  /tmp/tmps0qgf3ht
Command line:  /usr/lib/ccache/arm-linux-gnueabihf-gcc /tmp/tmps0qgf3ht/testfile.c -o /tmp/tmps0qgf3ht/output.obj -pipe -c -Wdate-time -D_FORTIFY_SOURCE=2 -g -O2 -fdebug-prefix-map=/<<PKGBUILDDIR>>=. -fstack-protector-strong -Wformat -Werror=format-security -D_FILE_OFFSET_BITS=64 -O0 

Code:
 #include <stdio.h>
        
        int main() { static int a[1-2*!(sizeof(size_t) <= 4)]; a[0]=0; return 0; }
Compiler stdout:
 
Compiler stderr:
 
Checking for size of "size_t" : 4
Running compile:
Working directory:  /tmp/tmp69n14vxd
Command line:  /usr/lib/ccache/arm-linux-gnueabihf-gcc /tmp/tmp69n14vxd/testfile.c -o /tmp/tmp69n14vxd/output.obj -pipe -c -Wdate-time -D_FORTIFY_SOURCE=2 -g -O2 -fdebug-prefix-map=/<<PKGBUILDDIR>>=. -fstack-protector-strong -Wformat -Werror=format-security -D_FILE_OFFSET_BITS=64 -O0 

Code:
 #include <stdio.h>
        
        int main() {
            off_t something;
            return 0;
        }
Compiler stdout:
 
Compiler stderr:
 
Running compile:
Working directory:  /tmp/tmp9pgmfsgi
Command line:  /usr/lib/ccache/arm-linux-gnueabihf-gcc /tmp/tmp9pgmfsgi/testfile.c -o /tmp/tmp9pgmfsgi/output.obj -pipe -c -Wdate-time -D_FORTIFY_SOURCE=2 -g -O2 -fdebug-prefix-map=/<<PKGBUILDDIR>>=. -fstack-protector-strong -Wformat -Werror=format-security -D_FILE_OFFSET_BITS=64 -O0 

Code:
 #include <stdio.h>
        
        int main() { static int a[1-2*!(sizeof(off_t) >= 0)]; a[0]=0; return 0; }
Compiler stdout:
 
Compiler stderr:
 
Running compile:
Working directory:  /tmp/tmpeu1xw6ft
Command line:  /usr/lib/ccache/arm-linux-gnueabihf-gcc /tmp/tmpeu1xw6ft/testfile.c -o /tmp/tmpeu1xw6ft/output.obj -pipe -c -Wdate-time -D_FORTIFY_SOURCE=2 -g -O2 -fdebug-prefix-map=/<<PKGBUILDDIR>>=. -fstack-protector-strong -Wformat -Werror=format-security -D_FILE_OFFSET_BITS=64 -O0 

Code:
 #include <stdio.h>
        
        int main() { static int a[1-2*!(sizeof(off_t) > 0)]; a[0]=0; return 0; }
Compiler stdout:
 
Compiler stderr:
 
Running compile:
Working directory:  /tmp/tmpnpx62xzg
Command line:  /usr/lib/ccache/arm-linux-gnueabihf-gcc /tmp/tmpnpx62xzg/testfile.c -o /tmp/tmpnpx62xzg/output.obj -pipe -c -Wdate-time -D_FORTIFY_SOURCE=2 -g -O2 -fdebug-prefix-map=/<<PKGBUILDDIR>>=. -fstack-protector-strong -Wformat -Werror=format-security -D_FILE_OFFSET_BITS=64 -O0 

Code:
 #include <stdio.h>
        
        int main() { static int a[1-2*!(sizeof(off_t) > 1)]; a[0]=0; return 0; }
Compiler stdout:
 
Compiler stderr:
 
Running compile:
Working directory:  /tmp/tmp6k3a_srd
Command line:  /usr/lib/ccache/arm-linux-gnueabihf-gcc /tmp/tmp6k3a_srd/testfile.c -o /tmp/tmp6k3a_srd/output.obj -pipe -c -Wdate-time -D_FORTIFY_SOURCE=2 -g -O2 -fdebug-prefix-map=/<<PKGBUILDDIR>>=. -fstack-protector-strong -Wformat -Werror=format-security -D_FILE_OFFSET_BITS=64 -O0 

Code:
 #include <stdio.h>
        
        int main() { static int a[1-2*!(sizeof(off_t) > 3)]; a[0]=0; return 0; }
Compiler stdout:
 
Compiler stderr:
 
Running compile:
Working directory:  /tmp/tmpd7o_sl5x
Command line:  /usr/lib/ccache/arm-linux-gnueabihf-gcc /tmp/tmpd7o_sl5x/testfile.c -o /tmp/tmpd7o_sl5x/output.obj -pipe -c -Wdate-time -D_FORTIFY_SOURCE=2 -g -O2 -fdebug-prefix-map=/<<PKGBUILDDIR>>=. -fstack-protector-strong -Wformat -Werror=format-security -D_FILE_OFFSET_BITS=64 -O0 

Code:
 #include <stdio.h>
        
        int main() { static int a[1-2*!(sizeof(off_t) > 7)]; a[0]=0; return 0; }
Compiler stdout:
 
Compiler stderr:
 
Running compile:
Working directory:  /tmp/tmpg_ptoq1h
Command line:  /usr/lib/ccache/arm-linux-gnueabihf-gcc /tmp/tmpg_ptoq1h/testfile.c -o /tmp/tmpg_ptoq1h/output.obj -pipe -c -Wdate-time -D_FORTIFY_SOURCE=2 -g -O2 -fdebug-prefix-map=/<<PKGBUILDDIR>>=. -fstack-protector-strong -Wformat -Werror=format-security -D_FILE_OFFSET_BITS=64 -O0 

Code:
 #include <stdio.h>
        
        int main() { static int a[1-2*!(sizeof(off_t) > 15)]; a[0]=0; return 0; }
Compiler stdout:
 
Compiler stderr:
 /tmp/tmpg_ptoq1h/testfile.c: In function 'main':
/tmp/tmpg_ptoq1h/testfile.c:3:33: error: size of array 'a' is negative
    3 |         int main() { static int a[1-2*!(sizeof(off_t) > 15)]; a[0]=0; return 0; }
      |                                 ^

Running compile:
Working directory:  /tmp/tmpm3s5i1fa
Command line:  /usr/lib/ccache/arm-linux-gnueabihf-gcc /tmp/tmpm3s5i1fa/testfile.c -o /tmp/tmpm3s5i1fa/output.obj -pipe -c -Wdate-time -D_FORTIFY_SOURCE=2 -g -O2 -fdebug-prefix-map=/<<PKGBUILDDIR>>=. -fstack-protector-strong -Wformat -Werror=format-security -D_FILE_OFFSET_BITS=64 -O0 

Code:
 #include <stdio.h>
        
        int main() { static int a[1-2*!(sizeof(off_t) <= 11)]; a[0]=0; return 0; }
Compiler stdout:
 
Compiler stderr:
 
Running compile:
Working directory:  /tmp/tmpuyhw2lap
Command line:  /usr/lib/ccache/arm-linux-gnueabihf-gcc /tmp/tmpuyhw2lap/testfile.c -o /tmp/tmpuyhw2lap/output.obj -pipe -c -Wdate-time -D_FORTIFY_SOURCE=2 -g -O2 -fdebug-prefix-map=/<<PKGBUILDDIR>>=. -fstack-protector-strong -Wformat -Werror=format-security -D_FILE_OFFSET_BITS=64 -O0 

Code:
 #include <stdio.h>
        
        int main() { static int a[1-2*!(sizeof(off_t) <= 9)]; a[0]=0; return 0; }
Compiler stdout:
 
Compiler stderr:
 
Running compile:
Working directory:  /tmp/tmpqfe9piyd
Command line:  /usr/lib/ccache/arm-linux-gnueabihf-gcc /tmp/tmpqfe9piyd/testfile.c -o /tmp/tmpqfe9piyd/output.obj -pipe -c -Wdate-time -D_FORTIFY_SOURCE=2 -g -O2 -fdebug-prefix-map=/<<PKGBUILDDIR>>=. -fstack-protector-strong -Wformat -Werror=format-security -D_FILE_OFFSET_BITS=64 -O0 

Code:
 #include <stdio.h>
        
        int main() { static int a[1-2*!(sizeof(off_t) <= 8)]; a[0]=0; return 0; }
Compiler stdout:
 
Compiler stderr:
 
Checking for size of "off_t" : 8
Running compile:
Working directory:  /tmp/tmpur1nhsde
Command line:  /usr/lib/ccache/arm-linux-gnueabihf-gcc /tmp/tmpur1nhsde/testfile.c -o /tmp/tmpur1nhsde/output.obj -pipe -c -Wdate-time -D_FORTIFY_SOURCE=2 -g -O2 -fdebug-prefix-map=/<<PKGBUILDDIR>>=. -fstack-protector-strong -Wformat -Werror=format-security -D_FILE_OFFSET_BITS=64 -O0 

Code:
 #include <stdio.h>
        #include <sys/types.h>
        int main() {
            int32_t something;
            return 0;
        }
Compiler stdout:
 
Compiler stderr:
 
Running compile:
Working directory:  /tmp/tmppoh77ti7
Command line:  /usr/lib/ccache/arm-linux-gnueabihf-gcc /tmp/tmppoh77ti7/testfile.c -o /tmp/tmppoh77ti7/output.obj -pipe -c -Wdate-time -D_FORTIFY_SOURCE=2 -g -O2 -fdebug-prefix-map=/<<PKGBUILDDIR>>=. -fstack-protector-strong -Wformat -Werror=format-security -D_FILE_OFFSET_BITS=64 -O0 

Code:
 #include <stdio.h>
        #include <sys/types.h>
        int main() { static int a[1-2*!(sizeof(int32_t) >= 0)]; a[0]=0; return 0; }
Compiler stdout:
 
Compiler stderr:
 
Running compile:
Working directory:  /tmp/tmp28ug5dyo
Command line:  /usr/lib/ccache/arm-linux-gnueabihf-gcc /tmp/tmp28ug5dyo/testfile.c -o /tmp/tmp28ug5dyo/output.obj -pipe -c -Wdate-time -D_FORTIFY_SOURCE=2 -g -O2 -fdebug-prefix-map=/<<PKGBUILDDIR>>=. -fstack-protector-strong -Wformat -Werror=format-security -D_FILE_OFFSET_BITS=64 -O0 

Code:
 #include <stdio.h>
        #include <sys/types.h>
        int main() { static int a[1-2*!(sizeof(int32_t) > 0)]; a[0]=0; return 0; }
Compiler stdout:
 
Compiler stderr:
 
Running compile:
Working directory:  /tmp/tmpnwtodc_o
Command line:  /usr/lib/ccache/arm-linux-gnueabihf-gcc /tmp/tmpnwtodc_o/testfile.c -o /tmp/tmpnwtodc_o/output.obj -pipe -c -Wdate-time -D_FORTIFY_SOURCE=2 -g -O2 -fdebug-prefix-map=/<<PKGBUILDDIR>>=. -fstack-protector-strong -Wformat -Werror=format-security -D_FILE_OFFSET_BITS=64 -O0 

Code:
 #include <stdio.h>
        #include <sys/types.h>
        int main() { static int a[1-2*!(sizeof(int32_t) > 1)]; a[0]=0; return 0; }
Compiler stdout:
 
Compiler stderr:
 
Running compile:
Working directory:  /tmp/tmpd46fs7aa
Command line:  /usr/lib/ccache/arm-linux-gnueabihf-gcc /tmp/tmpd46fs7aa/testfile.c -o /tmp/tmpd46fs7aa/output.obj -pipe -c -Wdate-time -D_FORTIFY_SOURCE=2 -g -O2 -fdebug-prefix-map=/<<PKGBUILDDIR>>=. -fstack-protector-strong -Wformat -Werror=format-security -D_FILE_OFFSET_BITS=64 -O0 

Code:
 #include <stdio.h>
        #include <sys/types.h>
        int main() { static int a[1-2*!(sizeof(int32_t) > 3)]; a[0]=0; return 0; }
Compiler stdout:
 
Compiler stderr:
 
Running compile:
Working directory:  /tmp/tmpyns6h6bg
Command line:  /usr/lib/ccache/arm-linux-gnueabihf-gcc /tmp/tmpyns6h6bg/testfile.c -o /tmp/tmpyns6h6bg/output.obj -pipe -c -Wdate-time -D_FORTIFY_SOURCE=2 -g -O2 -fdebug-prefix-map=/<<PKGBUILDDIR>>=. -fstack-protector-strong -Wformat -Werror=format-security -D_FILE_OFFSET_BITS=64 -O0 

Code:
 #include <stdio.h>
        #include <sys/types.h>
        int main() { static int a[1-2*!(sizeof(int32_t) > 7)]; a[0]=0; return 0; }
Compiler stdout:
 
Compiler stderr:
 /tmp/tmpyns6h6bg/testfile.c: In function 'main':
/tmp/tmpyns6h6bg/testfile.c:3:33: error: size of array 'a' is negative
    3 |         int main() { static int a[1-2*!(sizeof(int32_t) > 7)]; a[0]=0; return 0; }
      |                                 ^

Running compile:
Working directory:  /tmp/tmprz0zzwjw
Command line:  /usr/lib/ccache/arm-linux-gnueabihf-gcc /tmp/tmprz0zzwjw/testfile.c -o /tmp/tmprz0zzwjw/output.obj -pipe -c -Wdate-time -D_FORTIFY_SOURCE=2 -g -O2 -fdebug-prefix-map=/<<PKGBUILDDIR>>=. -fstack-protector-strong -Wformat -Werror=format-security -D_FILE_OFFSET_BITS=64 -O0 

Code:
 #include <stdio.h>
        #include <sys/types.h>
        int main() { static int a[1-2*!(sizeof(int32_t) <= 5)]; a[0]=0; return 0; }
Compiler stdout:
 
Compiler stderr:
 
Running compile:
Working directory:  /tmp/tmp9q972k_x
Command line:  /usr/lib/ccache/arm-linux-gnueabihf-gcc /tmp/tmp9q972k_x/testfile.c -o /tmp/tmp9q972k_x/output.obj -pipe -c -Wdate-time -D_FORTIFY_SOURCE=2 -g -O2 -fdebug-prefix-map=/<<PKGBUILDDIR>>=. -fstack-protector-strong -Wformat -Werror=format-security -D_FILE_OFFSET_BITS=64 -O0 

Code:
 #include <stdio.h>
        #include <sys/types.h>
        int main() { static int a[1-2*!(sizeof(int32_t) <= 4)]; a[0]=0; return 0; }
Compiler stdout:
 
Compiler stderr:
 
Checking for size of "int32_t" : 4
Running compile:
Working directory:  /tmp/tmp6dj4xtou
Command line:  /usr/lib/ccache/arm-linux-gnueabihf-gcc /tmp/tmp6dj4xtou/testfile.c -o /tmp/tmp6dj4xtou/output.obj -pipe -c -Wdate-time -D_FORTIFY_SOURCE=2 -g -O2 -fdebug-prefix-map=/<<PKGBUILDDIR>>=. -fstack-protector-strong -Wformat -Werror=format-security -D_FILE_OFFSET_BITS=64 -O0 

Code:
 #include <stdio.h>
        #include <wchar.h>
        int main() {
            wchar_t something;
            return 0;
        }
Compiler stdout:
 
Compiler stderr:
 
Running compile:
Working directory:  /tmp/tmp6fthwbk1
Command line:  /usr/lib/ccache/arm-linux-gnueabihf-gcc /tmp/tmp6fthwbk1/testfile.c -o /tmp/tmp6fthwbk1/output.obj -pipe -c -Wdate-time -D_FORTIFY_SOURCE=2 -g -O2 -fdebug-prefix-map=/<<PKGBUILDDIR>>=. -fstack-protector-strong -Wformat -Werror=format-security -D_FILE_OFFSET_BITS=64 -O0 

Code:
 #include <stdio.h>
        #include <wchar.h>
        int main() { static int a[1-2*!(sizeof(wchar_t) >= 0)]; a[0]=0; return 0; }
Compiler stdout:
 
Compiler stderr:
 
Running compile:
Working directory:  /tmp/tmpiwnkhzns
Command line:  /usr/lib/ccache/arm-linux-gnueabihf-gcc /tmp/tmpiwnkhzns/testfile.c -o /tmp/tmpiwnkhzns/output.obj -pipe -c -Wdate-time -D_FORTIFY_SOURCE=2 -g -O2 -fdebug-prefix-map=/<<PKGBUILDDIR>>=. -fstack-protector-strong -Wformat -Werror=format-security -D_FILE_OFFSET_BITS=64 -O0 

Code:
 #include <stdio.h>
        #include <wchar.h>
        int main() { static int a[1-2*!(sizeof(wchar_t) > 0)]; a[0]=0; return 0; }
Compiler stdout:
 
Compiler stderr:
 
Running compile:
Working directory:  /tmp/tmpqrahzma5
Command line:  /usr/lib/ccache/arm-linux-gnueabihf-gcc /tmp/tmpqrahzma5/testfile.c -o /tmp/tmpqrahzma5/output.obj -pipe -c -Wdate-time -D_FORTIFY_SOURCE=2 -g -O2 -fdebug-prefix-map=/<<PKGBUILDDIR>>=. -fstack-protector-strong -Wformat -Werror=format-security -D_FILE_OFFSET_BITS=64 -O0 

Code:
 #include <stdio.h>
        #include <wchar.h>
        int main() { static int a[1-2*!(sizeof(wchar_t) > 1)]; a[0]=0; return 0; }
Compiler stdout:
 
Compiler stderr:
 
Running compile:
Working directory:  /tmp/tmpsn6q2n3x
Command line:  /usr/lib/ccache/arm-linux-gnueabihf-gcc /tmp/tmpsn6q2n3x/testfile.c -o /tmp/tmpsn6q2n3x/output.obj -pipe -c -Wdate-time -D_FORTIFY_SOURCE=2 -g -O2 -fdebug-prefix-map=/<<PKGBUILDDIR>>=. -fstack-protector-strong -Wformat -Werror=format-security -D_FILE_OFFSET_BITS=64 -O0 

Code:
 #include <stdio.h>
        #include <wchar.h>
        int main() { static int a[1-2*!(sizeof(wchar_t) > 3)]; a[0]=0; return 0; }
Compiler stdout:
 
Compiler stderr:
 
Running compile:
Working directory:  /tmp/tmpjzk202yr
Command line:  /usr/lib/ccache/arm-linux-gnueabihf-gcc /tmp/tmpjzk202yr/testfile.c -o /tmp/tmpjzk202yr/output.obj -pipe -c -Wdate-time -D_FORTIFY_SOURCE=2 -g -O2 -fdebug-prefix-map=/<<PKGBUILDDIR>>=. -fstack-protector-strong -Wformat -Werror=format-security -D_FILE_OFFSET_BITS=64 -O0 

Code:
 #include <stdio.h>
        #include <wchar.h>
        int main() { static int a[1-2*!(sizeof(wchar_t) > 7)]; a[0]=0; return 0; }
Compiler stdout:
 
Compiler stderr:
 /tmp/tmpjzk202yr/testfile.c: In function 'main':
/tmp/tmpjzk202yr/testfile.c:3:33: error: size of array 'a' is negative
    3 |         int main() { static int a[1-2*!(sizeof(wchar_t) > 7)]; a[0]=0; return 0; }
      |                                 ^

Running compile:
Working directory:  /tmp/tmp0ln3hfjo
Command line:  /usr/lib/ccache/arm-linux-gnueabihf-gcc /tmp/tmp0ln3hfjo/testfile.c -o /tmp/tmp0ln3hfjo/output.obj -pipe -c -Wdate-time -D_FORTIFY_SOURCE=2 -g -O2 -fdebug-prefix-map=/<<PKGBUILDDIR>>=. -fstack-protector-strong -Wformat -Werror=format-security -D_FILE_OFFSET_BITS=64 -O0 

Code:
 #include <stdio.h>
        #include <wchar.h>
        int main() { static int a[1-2*!(sizeof(wchar_t) <= 5)]; a[0]=0; return 0; }
Compiler stdout:
 
Compiler stderr:
 
Running compile:
Working directory:  /tmp/tmpahl_x0zs
Command line:  /usr/lib/ccache/arm-linux-gnueabihf-gcc /tmp/tmpahl_x0zs/testfile.c -o /tmp/tmpahl_x0zs/output.obj -pipe -c -Wdate-time -D_FORTIFY_SOURCE=2 -g -O2 -fdebug-prefix-map=/<<PKGBUILDDIR>>=. -fstack-protector-strong -Wformat -Werror=format-security -D_FILE_OFFSET_BITS=64 -O0 

Code:
 #include <stdio.h>
        #include <wchar.h>
        int main() { static int a[1-2*!(sizeof(wchar_t) <= 4)]; a[0]=0; return 0; }
Compiler stdout:
 
Compiler stderr:
 
Checking for size of "wchar_t" : 4
Running command: /<<PKGBUILDDIR>>/scripts/hosttype
--- stdout ---
linux.x86_64

--- stderr ---


Running command: /<<PKGBUILDDIR>>/features/detect_wsl.sh
--- stdout ---

--- stderr ---


Running command: /<<PKGBUILDDIR>>/features/detect_nproc.sh
--- stdout ---

--- stderr ---


Running compile:
Working directory:  /tmp/tmp_vdhsolr
Command line:  /usr/lib/ccache/arm-linux-gnueabihf-gcc /tmp/tmp_vdhsolr/testfile.c -o /tmp/tmp_vdhsolr/output.obj -pipe -c -Wdate-time -D_FORTIFY_SOURCE=2 -g -O2 -fdebug-prefix-map=/<<PKGBUILDDIR>>=. -fstack-protector-strong -Wformat -Werror=format-security -D_FILE_OFFSET_BITS=64 -O0 

Code:
 #include <stdio.h>
        
        int main() {
            long long something;
            return 0;
        }
Compiler stdout:
 
Compiler stderr:
 
Running compile:
Working directory:  /tmp/tmp7k36o21l
Command line:  /usr/lib/ccache/arm-linux-gnueabihf-gcc /tmp/tmp7k36o21l/testfile.c -o /tmp/tmp7k36o21l/output.obj -pipe -c -Wdate-time -D_FORTIFY_SOURCE=2 -g -O2 -fdebug-prefix-map=/<<PKGBUILDDIR>>=. -fstack-protector-strong -Wformat -Werror=format-security -D_FILE_OFFSET_BITS=64 -O0 

Code:
 #include <stdio.h>
        
        int main() { static int a[1-2*!(sizeof(long long) >= 0)]; a[0]=0; return 0; }
Compiler stdout:
 
Compiler stderr:
 
Running compile:
Working directory:  /tmp/tmpzdoof724
Command line:  /usr/lib/ccache/arm-linux-gnueabihf-gcc /tmp/tmpzdoof724/testfile.c -o /tmp/tmpzdoof724/output.obj -pipe -c -Wdate-time -D_FORTIFY_SOURCE=2 -g -O2 -fdebug-prefix-map=/<<PKGBUILDDIR>>=. -fstack-protector-strong -Wformat -Werror=format-security -D_FILE_OFFSET_BITS=64 -O0 

Code:
 #include <stdio.h>
        
        int main() { static int a[1-2*!(sizeof(long long) > 0)]; a[0]=0; return 0; }
Compiler stdout:
 
Compiler stderr:
 
Running compile:
Working directory:  /tmp/tmpm856xg5d
Command line:  /usr/lib/ccache/arm-linux-gnueabihf-gcc /tmp/tmpm856xg5d/testfile.c -o /tmp/tmpm856xg5d/output.obj -pipe -c -Wdate-time -D_FORTIFY_SOURCE=2 -g -O2 -fdebug-prefix-map=/<<PKGBUILDDIR>>=. -fstack-protector-strong -Wformat -Werror=format-security -D_FILE_OFFSET_BITS=64 -O0 

Code:
 #include <stdio.h>
        
        int main() { static int a[1-2*!(sizeof(long long) > 1)]; a[0]=0; return 0; }
Compiler stdout:
 
Compiler stderr:
 
Running compile:
Working directory:  /tmp/tmpmfyxd414
Command line:  /usr/lib/ccache/arm-linux-gnueabihf-gcc /tmp/tmpmfyxd414/testfile.c -o /tmp/tmpmfyxd414/output.obj -pipe -c -Wdate-time -D_FORTIFY_SOURCE=2 -g -O2 -fdebug-prefix-map=/<<PKGBUILDDIR>>=. -fstack-protector-strong -Wformat -Werror=format-security -D_FILE_OFFSET_BITS=64 -O0 

Code:
 #include <stdio.h>
        
        int main() { static int a[1-2*!(sizeof(long long) > 3)]; a[0]=0; return 0; }
Compiler stdout:
 
Compiler stderr:
 
Running compile:
Working directory:  /tmp/tmp0tnffia2
Command line:  /usr/lib/ccache/arm-linux-gnueabihf-gcc /tmp/tmp0tnffia2/testfile.c -o /tmp/tmp0tnffia2/output.obj -pipe -c -Wdate-time -D_FORTIFY_SOURCE=2 -g -O2 -fdebug-prefix-map=/<<PKGBUILDDIR>>=. -fstack-protector-strong -Wformat -Werror=format-security -D_FILE_OFFSET_BITS=64 -O0 

Code:
 #include <stdio.h>
        
        int main() { static int a[1-2*!(sizeof(long long) > 7)]; a[0]=0; return 0; }
Compiler stdout:
 
Compiler stderr:
 
Running compile:
Working directory:  /tmp/tmpmn_jazu9
Command line:  /usr/lib/ccache/arm-linux-gnueabihf-gcc /tmp/tmpmn_jazu9/testfile.c -o /tmp/tmpmn_jazu9/output.obj -pipe -c -Wdate-time -D_FORTIFY_SOURCE=2 -g -O2 -fdebug-prefix-map=/<<PKGBUILDDIR>>=. -fstack-protector-strong -Wformat -Werror=format-security -D_FILE_OFFSET_BITS=64 -O0 

Code:
 #include <stdio.h>
        
        int main() { static int a[1-2*!(sizeof(long long) > 15)]; a[0]=0; return 0; }
Compiler stdout:
 
Compiler stderr:
 /tmp/tmpmn_jazu9/testfile.c: In function 'main':
/tmp/tmpmn_jazu9/testfile.c:3:33: error: size of array 'a' is negative
    3 |         int main() { static int a[1-2*!(sizeof(long long) > 15)]; a[0]=0; return 0; }
      |                                 ^

Running compile:
Working directory:  /tmp/tmple3leuce
Command line:  /usr/lib/ccache/arm-linux-gnueabihf-gcc /tmp/tmple3leuce/testfile.c -o /tmp/tmple3leuce/output.obj -pipe -c -Wdate-time -D_FORTIFY_SOURCE=2 -g -O2 -fdebug-prefix-map=/<<PKGBUILDDIR>>=. -fstack-protector-strong -Wformat -Werror=format-security -D_FILE_OFFSET_BITS=64 -O0 

Code:
 #include <stdio.h>
        
        int main() { static int a[1-2*!(sizeof(long long) <= 11)]; a[0]=0; return 0; }
Compiler stdout:
 
Compiler stderr:
 
Running compile:
Working directory:  /tmp/tmpx6os4251
Command line:  /usr/lib/ccache/arm-linux-gnueabihf-gcc /tmp/tmpx6os4251/testfile.c -o /tmp/tmpx6os4251/output.obj -pipe -c -Wdate-time -D_FORTIFY_SOURCE=2 -g -O2 -fdebug-prefix-map=/<<PKGBUILDDIR>>=. -fstack-protector-strong -Wformat -Werror=format-security -D_FILE_OFFSET_BITS=64 -O0 

Code:
 #include <stdio.h>
        
        int main() { static int a[1-2*!(sizeof(long long) <= 9)]; a[0]=0; return 0; }
Compiler stdout:
 
Compiler stderr:
 
Running compile:
Working directory:  /tmp/tmp_0xwnwzh
Command line:  /usr/lib/ccache/arm-linux-gnueabihf-gcc /tmp/tmp_0xwnwzh/testfile.c -o /tmp/tmp_0xwnwzh/output.obj -pipe -c -Wdate-time -D_FORTIFY_SOURCE=2 -g -O2 -fdebug-prefix-map=/<<PKGBUILDDIR>>=. -fstack-protector-strong -Wformat -Werror=format-security -D_FILE_OFFSET_BITS=64 -O0 

Code:
 #include <stdio.h>
        
        int main() { static int a[1-2*!(sizeof(long long) <= 8)]; a[0]=0; return 0; }
Compiler stdout:
 
Compiler stderr:
 
Checking for size of "long long" : 8
Running compile:
Working directory:  /tmp/tmpy04fq_39
Command line:  /usr/lib/ccache/arm-linux-gnueabihf-gcc /tmp/tmpy04fq_39/testfile.c -o /tmp/tmpy04fq_39/output.exe -pipe -Wdate-time -D_FORTIFY_SOURCE=2 -g -O2 -fdebug-prefix-map=/<<PKGBUILDDIR>>=. -fstack-protector-strong -Wformat -Werror=format-security -Wl,-z,relro -Wl,-z,now -Wl,--as-needed -D_FILE_OFFSET_BITS=64 -O0 -Wl,--start-group -lm -Wl,--end-group -Wl,--allow-shlib-undefined 

Code:
 int main() { return 0; }
Compiler stdout:
 
Compiler stderr:
 
Library m found: YES
Running compile:
Working directory:  /tmp/tmp4uvkqnha
Command line:  /usr/lib/ccache/arm-linux-gnueabihf-gcc /tmp/tmp4uvkqnha/testfile.c -o /tmp/tmp4uvkqnha/output.exe -pipe -Wdate-time -D_FORTIFY_SOURCE=2 -g -O2 -fdebug-prefix-map=/<<PKGBUILDDIR>>=. -fstack-protector-strong -Wformat -Werror=format-security -Wl,-z,relro -Wl,-z,now -Wl,--as-needed -D_FILE_OFFSET_BITS=64 -O0 -Wl,--start-group -lsocket -Wl,--end-group -Wl,--allow-shlib-undefined 

Code:
 int main() { return 0; }
Compiler stdout:
 
Compiler stderr:
 /usr/lib/gcc-cross/arm-linux-gnueabihf/9/../../../../arm-linux-gnueabihf/bin/ld: cannot find -lsocket
collect2: error: ld returned 1 exit status

Running compile:
Working directory:  /tmp/tmp4gpujohu
Command line:  /usr/lib/ccache/arm-linux-gnueabihf-gcc /tmp/tmp4gpujohu/testfile.c -o /tmp/tmp4gpujohu/output.obj -pipe -c -Wdate-time -D_FORTIFY_SOURCE=2 -g -O2 -fdebug-prefix-map=/<<PKGBUILDDIR>>=. -fstack-protector-strong -Wformat -Werror=format-security -D_FILE_OFFSET_BITS=64 -O0 

Code:
 #include <stdio.h>
        
        int main() {
            void * something;
            return 0;
        }
Compiler stdout:
 
Compiler stderr:
 
Running compile:
Working directory:  /tmp/tmpau5d9x_8
Command line:  /usr/lib/ccache/arm-linux-gnueabihf-gcc /tmp/tmpau5d9x_8/testfile.c -o /tmp/tmpau5d9x_8/output.obj -pipe -c -Wdate-time -D_FORTIFY_SOURCE=2 -g -O2 -fdebug-prefix-map=/<<PKGBUILDDIR>>=. -fstack-protector-strong -Wformat -Werror=format-security -D_FILE_OFFSET_BITS=64 -O0 

Code:
 #include <stdio.h>
        
        int main() { static int a[1-2*!(sizeof(void *) >= 0)]; a[0]=0; return 0; }
Compiler stdout:
 
Compiler stderr:
 
Running compile:
Working directory:  /tmp/tmp32i3s57y
Command line:  /usr/lib/ccache/arm-linux-gnueabihf-gcc /tmp/tmp32i3s57y/testfile.c -o /tmp/tmp32i3s57y/output.obj -pipe -c -Wdate-time -D_FORTIFY_SOURCE=2 -g -O2 -fdebug-prefix-map=/<<PKGBUILDDIR>>=. -fstack-protector-strong -Wformat -Werror=format-security -D_FILE_OFFSET_BITS=64 -O0 

Code:
 #include <stdio.h>
        
        int main() { static int a[1-2*!(sizeof(void *) > 0)]; a[0]=0; return 0; }
Compiler stdout:
 
Compiler stderr:
 
Running compile:
Working directory:  /tmp/tmpkxn2f1vr
Command line:  /usr/lib/ccache/arm-linux-gnueabihf-gcc /tmp/tmpkxn2f1vr/testfile.c -o /tmp/tmpkxn2f1vr/output.obj -pipe -c -Wdate-time -D_FORTIFY_SOURCE=2 -g -O2 -fdebug-prefix-map=/<<PKGBUILDDIR>>=. -fstack-protector-strong -Wformat -Werror=format-security -D_FILE_OFFSET_BITS=64 -O0 

Code:
 #include <stdio.h>
        
        int main() { static int a[1-2*!(sizeof(void *) > 1)]; a[0]=0; return 0; }
Compiler stdout:
 
Compiler stderr:
 
Running compile:
Working directory:  /tmp/tmp69vfipui
Command line:  /usr/lib/ccache/arm-linux-gnueabihf-gcc /tmp/tmp69vfipui/testfile.c -o /tmp/tmp69vfipui/output.obj -pipe -c -Wdate-time -D_FORTIFY_SOURCE=2 -g -O2 -fdebug-prefix-map=/<<PKGBUILDDIR>>=. -fstack-protector-strong -Wformat -Werror=format-security -D_FILE_OFFSET_BITS=64 -O0 

Code:
 #include <stdio.h>
        
        int main() { static int a[1-2*!(sizeof(void *) > 3)]; a[0]=0; return 0; }
Compiler stdout:
 
Compiler stderr:
 
Running compile:
Working directory:  /tmp/tmp429m1n50
Command line:  /usr/lib/ccache/arm-linux-gnueabihf-gcc /tmp/tmp429m1n50/testfile.c -o /tmp/tmp429m1n50/output.obj -pipe -c -Wdate-time -D_FORTIFY_SOURCE=2 -g -O2 -fdebug-prefix-map=/<<PKGBUILDDIR>>=. -fstack-protector-strong -Wformat -Werror=format-security -D_FILE_OFFSET_BITS=64 -O0 

Code:
 #include <stdio.h>
        
        int main() { static int a[1-2*!(sizeof(void *) > 7)]; a[0]=0; return 0; }
Compiler stdout:
 
Compiler stderr:
 /tmp/tmp429m1n50/testfile.c: In function 'main':
/tmp/tmp429m1n50/testfile.c:3:33: error: size of array 'a' is negative
    3 |         int main() { static int a[1-2*!(sizeof(void *) > 7)]; a[0]=0; return 0; }
      |                                 ^

Running compile:
Working directory:  /tmp/tmpmd0c0zh4
Command line:  /usr/lib/ccache/arm-linux-gnueabihf-gcc /tmp/tmpmd0c0zh4/testfile.c -o /tmp/tmpmd0c0zh4/output.obj -pipe -c -Wdate-time -D_FORTIFY_SOURCE=2 -g -O2 -fdebug-prefix-map=/<<PKGBUILDDIR>>=. -fstack-protector-strong -Wformat -Werror=format-security -D_FILE_OFFSET_BITS=64 -O0 

Code:
 #include <stdio.h>
        
        int main() { static int a[1-2*!(sizeof(void *) <= 5)]; a[0]=0; return 0; }
Compiler stdout:
 
Compiler stderr:
 
Running compile:
Working directory:  /tmp/tmp9a_0vfng
Command line:  /usr/lib/ccache/arm-linux-gnueabihf-gcc /tmp/tmp9a_0vfng/testfile.c -o /tmp/tmp9a_0vfng/output.obj -pipe -c -Wdate-time -D_FORTIFY_SOURCE=2 -g -O2 -fdebug-prefix-map=/<<PKGBUILDDIR>>=. -fstack-protector-strong -Wformat -Werror=format-security -D_FILE_OFFSET_BITS=64 -O0 

Code:
 #include <stdio.h>
        
        int main() { static int a[1-2*!(sizeof(void *) <= 4)]; a[0]=0; return 0; }
Compiler stdout:
 
Compiler stderr:
 
Running compile:
Working directory:  /tmp/tmpikycy2ij
Command line:  /usr/lib/ccache/arm-linux-gnueabihf-gcc /tmp/tmpikycy2ij/testfile.c -o /tmp/tmpikycy2ij/output.obj -pipe -c -Wdate-time -D_FORTIFY_SOURCE=2 -g -O2 -fdebug-prefix-map=/<<PKGBUILDDIR>>=. -fstack-protector-strong -Wformat -Werror=format-security -D_FILE_OFFSET_BITS=64 -O0 --print-search-dirs 

Code:
 
Compiler stdout:
 install: /usr/lib/gcc-cross/arm-linux-gnueabihf/9/
programs: =/usr/lib/gcc-cross/arm-linux-gnueabihf/9/:/usr/lib/gcc-cross/arm-linux-gnueabihf/9/:/usr/lib/gcc-cross/arm-linux-gnueabihf/:/usr/lib/gcc-cross/arm-linux-gnueabihf/9/:/usr/lib/gcc-cross/arm-linux-gnueabihf/:/usr/lib/gcc-cross/arm-linux-gnueabihf/9/../../../../arm-linux-gnueabihf/bin/arm-linux-gnueabihf/9/:/usr/lib/gcc-cross/arm-linux-gnueabihf/9/../../../../arm-linux-gnueabihf/bin/arm-linux-gnueabihf/:/usr/lib/gcc-cross/arm-linux-gnueabihf/9/../../../../arm-linux-gnueabihf/bin/
libraries: =/usr/lib/gcc-cross/arm-linux-gnueabihf/9/:/usr/lib/gcc-cross/arm-linux-gnueabihf/9/../../../../arm-linux-gnueabihf/lib/arm-linux-gnueabihf/9/:/usr/lib/gcc-cross/arm-linux-gnueabihf/9/../../../../arm-linux-gnueabihf/lib/arm-linux-gnueabihf/:/usr/lib/gcc-cross/arm-linux-gnueabihf/9/../../../../arm-linux-gnueabihf/lib/:/lib/arm-linux-gnueabihf/9/:/lib/arm-linux-gnueabihf/:/lib/:/usr/lib/arm-linux-gnueabihf/9/:/usr/lib/arm-linux-gnueabihf/:/usr/lib/

Compiler stderr:
 
Library socket found: NO
Running compile:
Working directory:  /tmp/tmpzak6tdfw
Command line:  /usr/lib/ccache/arm-linux-gnueabihf-gcc /tmp/tmpzak6tdfw/testfile.c -o /tmp/tmpzak6tdfw/output.exe -pipe -Wdate-time -D_FORTIFY_SOURCE=2 -g -O2 -fdebug-prefix-map=/<<PKGBUILDDIR>>=. -fstack-protector-strong -Wformat -Werror=format-security -Wl,-z,relro -Wl,-z,now -Wl,--as-needed -D_FILE_OFFSET_BITS=64 -O0 -Wl,--start-group -lnsl -Wl,--end-group -Wl,--allow-shlib-undefined 

Code:
 int main() { return 0; }
Compiler stdout:
 
Compiler stderr:
 
Library nsl found: YES
Running compile:
Working directory:  /tmp/tmpvd15pzju
Command line:  /usr/lib/ccache/arm-linux-gnueabihf-gcc /tmp/tmpvd15pzju/testfile.c -o /tmp/tmpvd15pzju/output.exe -pipe -Wdate-time -D_FORTIFY_SOURCE=2 -g -O2 -fdebug-prefix-map=/<<PKGBUILDDIR>>=. -fstack-protector-strong -Wformat -Werror=format-security -Wl,-z,relro -Wl,-z,now -Wl,--as-needed -D_FILE_OFFSET_BITS=64 -O0 -Wl,--start-group -ldl -Wl,--end-group -Wl,--allow-shlib-undefined 

Code:
 int main() { return 0; }
Compiler stdout:
 
Compiler stderr:
 
Library dl found: YES
Running compile:
Working directory:  /tmp/tmpq64lill_
Command line:  /usr/lib/ccache/arm-linux-gnueabihf-gcc /tmp/tmpq64lill_/testfile.c -o /tmp/tmpq64lill_/output.exe -pipe -Wdate-time -D_FORTIFY_SOURCE=2 -g -O2 -fdebug-prefix-map=/<<PKGBUILDDIR>>=. -fstack-protector-strong -Wformat -Werror=format-security -Wl,-z,relro -Wl,-z,now -Wl,--as-needed -D_FILE_OFFSET_BITS=64 -O0 -Wl,--start-group -lexecinfo -Wl,--end-group -Wl,--allow-shlib-undefined 

Code:
 int main() { return 0; }
Compiler stdout:
 
Compiler stderr:
 /usr/lib/gcc-cross/arm-linux-gnueabihf/9/../../../../arm-linux-gnueabihf/bin/ld: cannot find -lexecinfo
collect2: error: ld returned 1 exit status

Library execinfo found: NO
Running compile:
Working directory:  /tmp/tmpxuvl8dwn
Command line:  /usr/lib/ccache/arm-linux-gnueabihf-gcc /tmp/tmpxuvl8dwn/testfile.c -o /tmp/tmpxuvl8dwn/output.exe -pipe -Wdate-time -D_FORTIFY_SOURCE=2 -g -O2 -fdebug-prefix-map=/<<PKGBUILDDIR>>=. -fstack-protector-strong -Wformat -Werror=format-security -Wl,-z,relro -Wl,-z,now -Wl,--as-needed -D_FILE_OFFSET_BITS=64 -O0 -Wl,--start-group -lfts -Wl,--end-group -Wl,--allow-shlib-undefined 

Code:
 int main() { return 0; }
Compiler stdout:
 
Compiler stderr:
 /usr/lib/gcc-cross/arm-linux-gnueabihf/9/../../../../arm-linux-gnueabihf/bin/ld: cannot find -lfts
collect2: error: ld returned 1 exit status

Library fts found: NO
Running compile:
Working directory:  /tmp/tmpalkqdidh
Command line:  /usr/lib/ccache/arm-linux-gnueabihf-gcc /tmp/tmpalkqdidh/testfile.c -o /tmp/tmpalkqdidh/output.exe -pipe -Wdate-time -D_FORTIFY_SOURCE=2 -g -O2 -fdebug-prefix-map=/<<PKGBUILDDIR>>=. -fstack-protector-strong -Wformat -Werror=format-security -Wl,-z,relro -Wl,-z,now -Wl,--as-needed -D_FILE_OFFSET_BITS=64 -O0 -Wl,--start-group -liconv -Wl,--end-group -Wl,--allow-shlib-undefined 

Code:
 int main() { return 0; }
Compiler stdout:
 
Compiler stderr:
 /usr/lib/gcc-cross/arm-linux-gnueabihf/9/../../../../arm-linux-gnueabihf/bin/ld: cannot find -liconv
collect2: error: ld returned 1 exit status

Library iconv found: NO
Running compile:
Working directory:  /tmp/tmpw3sgw20_
Command line:  /usr/lib/ccache/arm-linux-gnueabihf-gcc /tmp/tmpw3sgw20_/testfile.c -o /tmp/tmpw3sgw20_/output.exe -pipe -Wdate-time -D_FORTIFY_SOURCE=2 -g -O2 -fdebug-prefix-map=/<<PKGBUILDDIR>>=. -fstack-protector-strong -Wformat -Werror=format-security -Wl,-z,relro -Wl,-z,now -Wl,--as-needed -D_FILE_OFFSET_BITS=64 -O0 -Wl,--start-group -lcatgets -Wl,--end-group -Wl,--allow-shlib-undefined 

Code:
 int main() { return 0; }
Compiler stdout:
 
Compiler stderr:
 /usr/lib/gcc-cross/arm-linux-gnueabihf/9/../../../../arm-linux-gnueabihf/bin/ld: cannot find -lcatgets
collect2: error: ld returned 1 exit status

Library catgets found: NO
Running compile:
Working directory:  /tmp/tmplge5e7fx
Command line:  /usr/lib/ccache/arm-linux-gnueabihf-gcc /tmp/tmplge5e7fx/testfile.c -pipe -E -P -Wdate-time -D_FORTIFY_SOURCE=2 -g -O2 -fdebug-prefix-map=/<<PKGBUILDDIR>>=. -fstack-protector-strong -Wformat -Werror=format-security -D_FILE_OFFSET_BITS=64 -P -O0 -std=gnu99 -D_GNU_SOURCE 

Code:
 
        #ifdef __has_include
         #if !__has_include("execinfo.h")
          #error "Header 'execinfo.h' could not be found"
         #endif
        #else
         #include <execinfo.h>
        #endif
Compiler stdout:
 
Compiler stderr:
 
Has header "execinfo.h" : YES 
Running compile:
Working directory:  /tmp/tmpuylserof
Command line:  /usr/lib/ccache/arm-linux-gnueabihf-gcc /tmp/tmpuylserof/testfile.c -pipe -E -P -Wdate-time -D_FORTIFY_SOURCE=2 -g -O2 -fdebug-prefix-map=/<<PKGBUILDDIR>>=. -fstack-protector-strong -Wformat -Werror=format-security -D_FILE_OFFSET_BITS=64 -P -O0 -std=gnu99 -D_GNU_SOURCE 

Code:
 
        #ifdef __has_include
         #if !__has_include("filio.h")
          #error "Header 'filio.h' could not be found"
         #endif
        #else
         #include <filio.h>
        #endif
Compiler stdout:
 
Compiler stderr:
 /tmp/tmpuylserof/testfile.c:4:12: error: #error "Header 'filio.h' could not be found"
    4 |           #error "Header 'filio.h' could not be found"
      |            ^~~~~

Has header "filio.h" : NO 
Running compile:
Working directory:  /tmp/tmpfxf3ij6e
Command line:  /usr/lib/ccache/arm-linux-gnueabihf-gcc /tmp/tmpfxf3ij6e/testfile.c -pipe -E -P -Wdate-time -D_FORTIFY_SOURCE=2 -g -O2 -fdebug-prefix-map=/<<PKGBUILDDIR>>=. -fstack-protector-strong -Wformat -Werror=format-security -D_FILE_OFFSET_BITS=64 -P -O0 -std=gnu99 -D_GNU_SOURCE 

Code:
 
        #ifdef __has_include
         #if !__has_include("malloc.h")
          #error "Header 'malloc.h' could not be found"
         #endif
        #else
         #include <malloc.h>
        #endif
Compiler stdout:
 
Compiler stderr:
 
Has header "malloc.h" : YES 
Running compile:
Working directory:  /tmp/tmpgln2405c
Command line:  /usr/lib/ccache/arm-linux-gnueabihf-gcc /tmp/tmpgln2405c/testfile.c -pipe -E -P -Wdate-time -D_FORTIFY_SOURCE=2 -g -O2 -fdebug-prefix-map=/<<PKGBUILDDIR>>=. -fstack-protector-strong -Wformat -Werror=format-security -D_FILE_OFFSET_BITS=64 -P -O0 -std=gnu99 -D_GNU_SOURCE 

Code:
 
        #ifdef __has_include
         #if !__has_include("stdlib.h")
          #error "Header 'stdlib.h' could not be found"
         #endif
        #else
         #include <stdlib.h>
        #endif
Compiler stdout:
 
Compiler stderr:
 
Has header "stdlib.h" : YES 
Running compile:
Working directory:  /tmp/tmpmnhpaj9n
Command line:  /usr/lib/ccache/arm-linux-gnueabihf-gcc /tmp/tmpmnhpaj9n/testfile.c -pipe -E -P -Wdate-time -D_FORTIFY_SOURCE=2 -g -O2 -fdebug-prefix-map=/<<PKGBUILDDIR>>=. -fstack-protector-strong -Wformat -Werror=format-security -D_FILE_OFFSET_BITS=64 -P -O0 -std=gnu99 -D_GNU_SOURCE 

Code:
 
        #ifdef __has_include
         #if !__has_include("sys/filio.h")
          #error "Header 'sys/filio.h' could not be found"
         #endif
        #else
         #include <sys/filio.h>
        #endif
Compiler stdout:
 
Compiler stderr:
 /tmp/tmpmnhpaj9n/testfile.c:4:12: error: #error "Header 'sys/filio.h' could not be found"
    4 |           #error "Header 'sys/filio.h' could not be found"
      |            ^~~~~

Has header "sys/filio.h" : NO 
Running compile:
Working directory:  /tmp/tmpwdiyn69j
Command line:  /usr/lib/ccache/arm-linux-gnueabihf-gcc /tmp/tmpwdiyn69j/testfile.c -pipe -E -P -Wdate-time -D_FORTIFY_SOURCE=2 -g -O2 -fdebug-prefix-map=/<<PKGBUILDDIR>>=. -fstack-protector-strong -Wformat -Werror=format-security -D_FILE_OFFSET_BITS=64 -P -O0 -std=gnu99 -D_GNU_SOURCE 

Code:
 
        #ifdef __has_include
         #if !__has_include("sys/ldr.h")
          #error "Header 'sys/ldr.h' could not be found"
         #endif
        #else
         #include <sys/ldr.h>
        #endif
Compiler stdout:
 
Compiler stderr:
 /tmp/tmpwdiyn69j/testfile.c:4:12: error: #error "Header 'sys/ldr.h' could not be found"
    4 |           #error "Header 'sys/ldr.h' could not be found"
      |            ^~~~~

Has header "sys/ldr.h" : NO 
Running compile:
Working directory:  /tmp/tmpwvoiqkz3
Command line:  /usr/lib/ccache/arm-linux-gnueabihf-gcc /tmp/tmpwvoiqkz3/testfile.c -pipe -E -P -Wdate-time -D_FORTIFY_SOURCE=2 -g -O2 -fdebug-prefix-map=/<<PKGBUILDDIR>>=. -fstack-protector-strong -Wformat -Werror=format-security -D_FILE_OFFSET_BITS=64 -P -O0 -std=gnu99 -D_GNU_SOURCE 

Code:
 
        #ifdef __has_include
         #if !__has_include("sys/pstat.h")
          #error "Header 'sys/pstat.h' could not be found"
         #endif
        #else
         #include <sys/pstat.h>
        #endif
Compiler stdout:
 
Compiler stderr:
 /tmp/tmpwvoiqkz3/testfile.c:4:12: error: #error "Header 'sys/pstat.h' could not be found"
    4 |           #error "Header 'sys/pstat.h' could not be found"
      |            ^~~~~

Has header "sys/pstat.h" : NO 
Running compile:
Working directory:  /tmp/tmpwcinqr6t
Command line:  /usr/lib/ccache/arm-linux-gnueabihf-gcc /tmp/tmpwcinqr6t/testfile.c -pipe -E -P -Wdate-time -D_FORTIFY_SOURCE=2 -g -O2 -fdebug-prefix-map=/<<PKGBUILDDIR>>=. -fstack-protector-strong -Wformat -Werror=format-security -D_FILE_OFFSET_BITS=64 -P -O0 -std=gnu99 -D_GNU_SOURCE 

Code:
 
        #ifdef __has_include
         #if !__has_include("sys/ptem.h")
          #error "Header 'sys/ptem.h' could not be found"
         #endif
        #else
         #include <sys/ptem.h>
        #endif
Compiler stdout:
 
Compiler stderr:
 /tmp/tmpwcinqr6t/testfile.c:4:12: error: #error "Header 'sys/ptem.h' could not be found"
    4 |           #error "Header 'sys/ptem.h' could not be found"
      |            ^~~~~

Has header "sys/ptem.h" : NO 
Running compile:
Working directory:  /tmp/tmpjd4blog4
Command line:  /usr/lib/ccache/arm-linux-gnueabihf-gcc /tmp/tmpjd4blog4/testfile.c -pipe -E -P -Wdate-time -D_FORTIFY_SOURCE=2 -g -O2 -fdebug-prefix-map=/<<PKGBUILDDIR>>=. -fstack-protector-strong -Wformat -Werror=format-security -D_FILE_OFFSET_BITS=64 -P -O0 -std=gnu99 -D_GNU_SOURCE 

Code:
 
        #ifdef __has_include
         #if !__has_include("stream.h")
          #error "Header 'stream.h' could not be found"
         #endif
        #else
         #include <stream.h>
        #endif
Compiler stdout:
 
Compiler stderr:
 /tmp/tmpjd4blog4/testfile.c:4:12: error: #error "Header 'stream.h' could not be found"
    4 |           #error "Header 'stream.h' could not be found"
      |            ^~~~~

Has header "stream.h" : NO 
Running compile:
Working directory:  /tmp/tmpq9mbi8jd
Command line:  /usr/lib/ccache/arm-linux-gnueabihf-gcc /tmp/tmpq9mbi8jd/testfile.c -o /tmp/tmpq9mbi8jd/output.exe -pipe -Wdate-time -D_FORTIFY_SOURCE=2 -g -O2 -fdebug-prefix-map=/<<PKGBUILDDIR>>=. -fstack-protector-strong -Wformat -Werror=format-security -Wl,-z,relro -Wl,-z,now -Wl,--as-needed -D_FILE_OFFSET_BITS=64 -O0 -std=gnu99 -D_GNU_SOURCE 

Code:
 #include <unistd.h>
#include <sys/stat.h>
#include <limits.h>

        #if defined __stub_lchmod || defined __stub___lchmod
        fail fail fail this function is not going to work
        #endif
        
int main() {
            void *a = (void*) &lchmod;
            long b = (long) a;
            return (int) b;
        }
Compiler stdout:
 
Compiler stderr:
 /tmp/tmpq9mbi8jd/testfile.c:6:9: error: unknown type name 'fail'
    6 |         fail fail fail this function is not going to work
      |         ^~~~
/tmp/tmpq9mbi8jd/testfile.c:6:19: error: expected '=', ',', ';', 'asm' or '__attribute__' before 'fail'
    6 |         fail fail fail this function is not going to work
      |                   ^~~~
/tmp/tmpq9mbi8jd/testfile.c:6:19: error: unknown type name 'fail'

Running compile:
Working directory:  /tmp/tmp0jcyu2nb
Command line:  /usr/lib/ccache/arm-linux-gnueabihf-gcc /tmp/tmp0jcyu2nb/testfile.c -o /tmp/tmp0jcyu2nb/output.exe -pipe -Wdate-time -D_FORTIFY_SOURCE=2 -g -O2 -fdebug-prefix-map=/<<PKGBUILDDIR>>=. -fstack-protector-strong -Wformat -Werror=format-security -Wl,-z,relro -Wl,-z,now -Wl,--as-needed -D_FILE_OFFSET_BITS=64 -O0 -std=gnu99 -D_GNU_SOURCE 

Code:
 #include <unistd.h>
#include <sys/stat.h>
        int main() {
        #ifdef __has_builtin
            #if !__has_builtin(__builtin_lchmod)
                #error "__builtin_lchmod not found"
            #endif
        #elif ! defined(lchmod)
            /* Check for __builtin_lchmod only if no includes were added to the
             * prefix above, which means no definition of lchmod can be found.
             * We would always check for this, but we get false positives on
             * MSYS2 if we do. Their toolchain is broken, but we can at least
             * give them a workaround. */
            #if 0
                __builtin_lchmod;
            #else
                #error "No definition for __builtin_lchmod found in the prefix"
            #endif
        #endif
        return 0;
        }
Compiler stdout:
 
Compiler stderr:
 /tmp/tmp0jcyu2nb/testfile.c: In function 'main':
/tmp/tmp0jcyu2nb/testfile.c:17:18: error: #error "No definition for __builtin_lchmod found in the prefix"
   17 |                 #error "No definition for __builtin_lchmod found in the prefix"
      |                  ^~~~~

Checking for function "lchmod" : NO 
dh_auto_configure: cd obj-arm-linux-gnueabihf && LC_ALL=C.UTF-8 meson .. --wrap-mode=nodownload --buildtype=plain --prefix=/usr --sysconfdir=/etc --localstatedir=/var --libdir=lib/arm-linux-gnueabihf --cross-file /<<BUILDDIR>>/ksh-2020.0.0\~beta1/debian/.debhelper/generated/_source/meson-cross-file.conf returned exit code 2
make: *** [debian/rules:28: build-arch] Error 255
dpkg-buildpackage: error: debian/rules build-arch subprocess returned exit status 2
--------------------------------------------------------------------------------
Build finished at 2019-09-21T12:40:26Z

Finished
--------


+------------------------------------------------------------------------------+
| Cleanup                                                                      |
+------------------------------------------------------------------------------+

Purging /<<BUILDDIR>>
Reading package lists...
Building dependency tree...
Reading state information...
0 upgraded, 0 newly installed, 0 to remove and 0 not upgraded.
Reading package lists...
Building dependency tree...
Reading state information...
The following package was automatically installed and is no longer required:
  sensible-utils
Use 'apt autoremove' to remove it.
The following packages will be REMOVED:
  autoconf* automake* autopoint* autotools-dev* binutils-arm-linux-gnueabihf*
  bsdmainutils* cpp-9-arm-linux-gnueabihf* cpp-arm-linux-gnueabihf*
  cross-config* crossbuild-essential-armhf* debhelper* dh-autoreconf* dh-exec*
  dh-strip-nondeterminism* dpkg-cross* dwz* file* g++-9-arm-linux-gnueabihf*
  g++-arm-linux-gnueabihf* gcc-9-arm-linux-gnueabihf*
  gcc-9-arm-linux-gnueabihf-base* gcc-9-base:armhf* gcc-9-cross-base*
  gcc-arm-linux-gnueabihf* gettext* gettext-base* groff-base* intltool-debian*
  libarchive-zip-perl* libasan5:armhf* libasan5-armhf-cross* libatomic1:armhf*
  libatomic1-armhf-cross* libbsd0* libc-l10n* libc6:armhf* libc6-armhf-cross*
  libc6-dev:armhf* libc6-dev-armhf-cross* libconfig-auto-perl*
  libconfig-inifiles-perl* libcroco3* libdebhelper-perl*
  libdebian-dpkgcross-perl* libexpat1* libfile-homedir-perl*
  libfile-stripnondeterminism-perl* libfile-which-perl* libgcc-9-dev:armhf*
  libgcc-9-dev-armhf-cross* libgcc1:armhf* libgcc1-armhf-cross* libglib2.0-0*
  libgomp1:armhf* libgomp1-armhf-cross* libicu63* libio-string-perl*
  liblocale-gettext-perl* libmagic-mgc* libmagic1* libmpdec2* libncurses6*
  libpipeline1* libprocps7* libpython3-stdlib* libpython3.7-minimal*
  libpython3.7-stdlib* libsigsegv2* libssl1.1* libstdc++-9-dev:armhf*
  libstdc++-9-dev-armhf-cross* libstdc++6:armhf* libstdc++6-armhf-cross*
  libsub-override-perl* libtool* libubsan1:armhf* libubsan1-armhf-cross*
  libuchardet0* libxml-libxml-perl* libxml-namespacesupport-perl*
  libxml-sax-base-perl* libxml-sax-perl* libxml-simple-perl* libxml2*
  libyaml-perl* linux-libc-dev:armhf* linux-libc-dev-armhf-cross* locales-all*
  m4* man-db* meson* mime-support* ninja-build* po-debconf* procps* python3*
  python3-minimal* python3-pkg-resources* python3.7* python3.7-minimal*
  sbuild-build-depends-main-dummy:armhf* ucf*
0 upgraded, 0 newly installed, 102 to remove and 0 not upgraded.
After this operation, 501 MB disk space will be freed.
(Reading database ... 27418 files and directories currently installed.)
Removing sbuild-build-depends-main-dummy:armhf (0.invalid.0) ...
Removing dh-exec (0.23.2) ...
Removing crossbuild-essential-armhf (12.8) ...
Removing g++-arm-linux-gnueabihf (4:9.2.1-3.1) ...
Removing gcc-arm-linux-gnueabihf (4:9.2.1-3.1) ...
Removing g++-9-arm-linux-gnueabihf (9.2.1-8cross1) ...
Removing gcc-9-arm-linux-gnueabihf (9.2.1-8cross1) ...
Removing binutils-arm-linux-gnueabihf (2.32.51.20190909-1) ...
Removing cpp-arm-linux-gnueabihf (4:9.2.1-3.1) ...
Removing cpp-9-arm-linux-gnueabihf (9.2.1-8cross1) ...
Removing dpkg-cross (2.6.15-3) ...
Removing cross-config (2.6.15-3) ...
Removing libdebian-dpkgcross-perl (2.6.15-3) ...
Removing gcc-9-arm-linux-gnueabihf-base:amd64 (9.2.1-8cross1) ...
Removing libstdc++-9-dev:armhf (9.2.1-8) ...
Removing libgcc-9-dev:armhf (9.2.1-8) ...
Removing libubsan1:armhf (9.2.1-8) ...
Removing libstdc++6:armhf (9.2.1-8) ...
Removing libstdc++-9-dev-armhf-cross (9.2.1-8cross1) ...
Removing libgcc-9-dev-armhf-cross (9.2.1-8cross1) ...
Removing libubsan1-armhf-cross (9.2.1-8cross1) ...
Removing libstdc++6-armhf-cross (9.2.1-8cross1) ...
Removing libasan5:armhf (9.2.1-8) ...
Removing libasan5-armhf-cross (9.2.1-8cross1) ...
Removing libatomic1:armhf (9.2.1-8) ...
Removing libatomic1-armhf-cross (9.2.1-8cross1) ...
Removing locales-all (2.29-1) ...
Removing libc-l10n (2.29-1) ...
Removing libc6-dev:armhf (2.29-1) ...
Removing libgomp1:armhf (9.2.1-8) ...
Removing libc6-dev-armhf-cross (2.29-1cross7) ...
Removing libgomp1-armhf-cross (9.2.1-8cross1) ...
Removing libconfig-auto-perl (0.44-1) ...
Removing libconfig-inifiles-perl (3.000001-1) ...
Removing meson (0.51.2-1) ...
Removing python3-pkg-resources (41.2.0-1) ...
Removing python3 (3.7.3-1) ...
Removing python3.7 (3.7.4-4) ...
Removing python3-minimal (3.7.3-1) ...
Removing python3.7-minimal (3.7.4-4) ...
Removing libexpat1:amd64 (2.2.7-2) ...
Removing libfile-homedir-perl (1.004-1) ...
Removing libfile-which-perl (1.23-1) ...
Removing libgcc1-armhf-cross (1:9.2.1-8cross1) ...
Removing libxml-simple-perl (2.25-1) ...
Removing libxml-libxml-perl (2.0134+dfsg-1) ...
update-perl-sax-parsers: Unregistering Perl SAX parser XML::LibXML::SAX::Parser with priority 50...
update-perl-sax-parsers: Unregistering Perl SAX parser XML::LibXML::SAX with priority 50...
update-perl-sax-parsers: Updating overall Perl SAX parser modules info file...
Replacing config file /etc/perl/XML/SAX/ParserDetails.ini with new version
Removing libio-string-perl (1.08-3) ...
Removing liblocale-gettext-perl (1.07-3+b4) ...
Removing libpython3-stdlib:amd64 (3.7.3-1) ...
Removing libpython3.7-stdlib:amd64 (3.7.4-4) ...
find: /usr/lib/python3: No such file or directory
Removing libmpdec2:amd64 (2.4.2-2) ...
Removing procps (2:3.3.15-2+b1) ...
Removing libprocps7:amd64 (2:3.3.15-2+b1) ...
Removing libpython3.7-minimal:amd64 (3.7.4-4) ...
find: /usr/lib/python3: No such file or directory
Removing libssl1.1:amd64 (1.1.1d-1) ...
Removing libxml-sax-perl (1.02+dfsg-1) ...
update-perl-sax-parsers: Unregistering Perl SAX parser XML::SAX::PurePerl with priority 50...
update-perl-sax-parsers: Updating overall Perl SAX parser modules info file...
Removing libxml-namespacesupport-perl (1.12-1) ...
Removing libxml-sax-base-perl (1.09-1) ...
Removing libyaml-perl (1.29-1) ...
Removing linux-libc-dev:armhf (5.2.9-2) ...
Removing linux-libc-dev-armhf-cross (5.2.9-2cross7) ...
Removing mime-support (3.63) ...
Removing ninja-build (1.9.0-3) ...
Removing ucf (3.0038+nmu1) ...
Removing gcc-9-cross-base (9.2.1-8cross1) ...
Removing libc6-armhf-cross (2.29-1cross7) ...
Removing libc6:armhf (2.29-1) ...
Removing libgcc1:armhf (1:9.2.1-8) ...
Removing debhelper (12.6.1) ...
Removing dh-strip-nondeterminism (1.6.0-1) ...
Removing dh-autoreconf (19) ...
Removing automake (1:1.16.1-4) ...
Removing autoconf (2.69-11) ...
Removing autopoint (0.19.8.1-9) ...
Removing libtool (2.4.6-11) ...
Removing autotools-dev (20180224.1) ...
Removing man-db (2.8.7-3) ...
Removing bsdmainutils (11.1.2+b1) ...
Removing dwz (0.13-1) ...
Removing file (1:5.37-5) ...
Removing gcc-9-base:armhf (9.2.1-8) ...
Removing po-debconf (1.0.21) ...
Removing intltool-debian (0.35.0+20060710.5) ...
Removing gettext (0.19.8.1-9) ...
Removing gettext-base (0.19.8.1-9) ...
Removing groff-base (1.22.4-3) ...
Removing libfile-stripnondeterminism-perl (1.6.0-1) ...
Removing libarchive-zip-perl (1.66-1) ...
Removing libbsd0:amd64 (0.10.0-1) ...
Removing libcroco3:amd64 (0.6.13-1) ...
Removing libdebhelper-perl (12.6.1) ...
Removing libglib2.0-0:amd64 (2.60.6-2) ...
Removing libxml2:amd64 (2.9.4+dfsg1-7+b3) ...
Removing libicu63:amd64 (63.2-2) ...
Removing libmagic1:amd64 (1:5.37-5) ...
Removing libmagic-mgc (1:5.37-5) ...
Removing libncurses6:amd64 (6.1+20190803-1) ...
Removing libpipeline1:amd64 (1.5.1-2) ...
Removing m4 (1.4.18-2) ...
Removing libsigsegv2:amd64 (2.12-2) ...
Removing libsub-override-perl (0.09-2) ...
Removing libuchardet0:amd64 (0.0.6-3) ...
Processing triggers for ccache (3.7.4-1) ...
Updating symlinks in /usr/lib/ccache ...
Processing triggers for libc-bin (2.29-1) ...
(Reading database ... 13670 files and directories currently installed.)
Purging configuration files for mime-support (3.63) ...
Purging configuration files for libglib2.0-0:amd64 (2.60.6-2) ...
Purging configuration files for libssl1.1:amd64 (1.1.1d-1) ...
Purging configuration files for libmagic1:amd64 (1:5.37-5) ...
Purging configuration files for python3 (3.7.3-1) ...
Purging configuration files for man-db (2.8.7-3) ...
Purging configuration files for libpython3.7-minimal:amd64 (3.7.4-4) ...
dpkg: warning: while removing libpython3.7-minimal:amd64, directory '/usr/lib/python3.7' not empty so not removed
Purging configuration files for libxml-sax-perl (1.02+dfsg-1) ...
Purging configuration files for cross-config (2.6.15-3) ...
Purging configuration files for bsdmainutils (11.1.2+b1) ...
Purging configuration files for ucf (3.0038+nmu1) ...
Purging configuration files for python3.7-minimal (3.7.4-4) ...
Purging configuration files for autoconf (2.69-11) ...
Purging configuration files for libc6:armhf (2.29-1) ...
Purging configuration files for groff-base (1.22.4-3) ...
Purging configuration files for procps (2:3.3.15-2+b1) ...
Purging configuration files for dpkg-cross (2.6.15-3) ...
Purging configuration files for libdebian-dpkgcross-perl (2.6.15-3) ...
E: Build failure (dpkg-buildpackage died)

+------------------------------------------------------------------------------+
| Summary                                                                      |
+------------------------------------------------------------------------------+

Build Architecture: amd64
Build Profiles: cross nocheck
Build Type: any
Build-Space: n/a
Build-Time: 8
Distribution: unstable-amd64-sbuild
Fail-Stage: build
Foreign Architectures: armhf
Host Architecture: armhf
Install-Time: 26
Job: /home/build/sbuild-setup/repo/pool/main/k/ksh/ksh_2020.0.0~beta1-1.dsc
Machine Architecture: amd64
Package: ksh
Package-Time: 38
Source-Version: 2020.0.0~beta1-1
Space: n/a
Status: attempted
Version: 2020.0.0~beta1-1
--------------------------------------------------------------------------------
Finished at 2019-09-21T12:40:26Z
Build needed 00:00:38, no disk space
