sbuild (Debian sbuild) 0.78.1 (09 February 2019) on 36857dea695f

+==============================================================================+
| openal-soft 1:1.19.1-1 (armhf)               Thu, 07 Mar 2019 17:09:44 +0000 |
+==============================================================================+

Package: openal-soft
Version: 1:1.19.1-1
Source Version: 1:1.19.1-1
Distribution: unstable-amd64-sbuild
Machine Architecture: amd64
Host Architecture: armhf
Build Architecture: amd64
Build Profiles: cross nocheck
Build Type: any

I: NOTICE: Log filtering will replace 'var/run/schroot/mount/unstable-amd64-sbuild-4d7a541c-5067-467e-9c15-8f853aecfcee' with '<<CHROOT>>'
I: NOTICE: Log filtering will replace 'build/openal-soft-yd9Vh8/resolver-v4gXCd' with '<<RESOLVERDIR>>'

+------------------------------------------------------------------------------+
| Update chroot                                                                |
+------------------------------------------------------------------------------+

Hit:1 http://cdn-fastly.deb.debian.org/debian sid InRelease
Reading package lists...
Reading package lists...
Building dependency tree...
Reading state information...
Calculating upgrade...
The following packages were automatically installed and are no longer required:
  libauthen-sasl-perl libdata-dump-perl libfont-afm-perl libhtml-form-perl
  libhtml-format-perl libhttp-daemon-perl libmailtools-perl
  libnet-smtp-ssl-perl libyaml-0-2 libyaml-libyaml-perl uuid-runtime
Use 'apt autoremove' to remove them.
0 upgraded, 0 newly installed, 0 to remove and 0 not upgraded.

+------------------------------------------------------------------------------+
| Fetch source files                                                           |
+------------------------------------------------------------------------------+


Local sources
-------------

/home/build/sbuild-setup/repo/pool/main/o/openal-soft/openal-soft_1.19.1-1.dsc exists in /home/build/sbuild-setup/repo/pool/main/o/openal-soft; copying to chroot
I: NOTICE: Log filtering will replace 'build/openal-soft-yd9Vh8/openal-soft-1.19.1' with '<<PKGBUILDDIR>>'
I: NOTICE: Log filtering will replace 'build/openal-soft-yd9Vh8' with '<<BUILDDIR>>'

+------------------------------------------------------------------------------+
| Install package build dependencies                                           |
+------------------------------------------------------------------------------+


Setup apt archive
-----------------

Merged Build-Depends: debhelper (>= 11), libasound2-dev, cmake, portaudio19-dev, libpulse-dev, libsndio-dev, build-essential:amd64, fakeroot:amd64, crossbuild-essential-armhf:amd64, libc-dev:armhf, libstdc++-dev:armhf
Filtered Build-Depends: debhelper (>= 11), libasound2-dev, cmake, portaudio19-dev, libpulse-dev, libsndio-dev, build-essential:amd64, fakeroot:amd64, crossbuild-essential-armhf:amd64, libc-dev:armhf, libstdc++-dev:armhf
dpkg-deb: building package 'sbuild-build-depends-main-dummy' in '/<<RESOLVERDIR>>/apt_archive/sbuild-build-depends-main-dummy.deb'.
Ign:1 copy:/<<RESOLVERDIR>>/apt_archive ./ InRelease
Get:2 copy:/<<RESOLVERDIR>>/apt_archive ./ Release [957 B]
Ign:3 copy:/<<RESOLVERDIR>>/apt_archive ./ Release.gpg
Get:4 copy:/<<RESOLVERDIR>>/apt_archive ./ Sources [439 B]
Get:5 copy:/<<RESOLVERDIR>>/apt_archive ./ Packages [516 B]
Fetched 1912 B in 0s (133 kB/s)
Reading package lists...
Reading package lists...

Install main build dependencies (apt-based resolver)
----------------------------------------------------

Installing build dependencies
Reading package lists...
Building dependency tree...
Reading state information...
The following packages were automatically installed and are no longer required:
  libauthen-sasl-perl libdata-dump-perl libfont-afm-perl libhtml-form-perl
  libhtml-format-perl libhttp-daemon-perl libmailtools-perl
  libnet-smtp-ssl-perl libyaml-0-2 libyaml-libyaml-perl uuid-runtime
Use 'apt autoremove' to remove them.
The following additional packages will be installed:
  autoconf automake autopoint autotools-dev bsdmainutils cmake cmake-data
  debhelper dh-autoreconf dh-strip-nondeterminism dwz gcc-8-base:armhf gettext
  gettext-base groff-base intltool-debian libarchive-zip-perl libarchive13
  libasan5:armhf libasound2:armhf libasound2-data libasound2-dev:armhf
  libasyncns0:armhf libatomic1:armhf libblkid-dev:armhf libblkid1:armhf
  libbsd0 libbsd0:armhf libc6:armhf libc6-dev:armhf libcap2:armhf libcroco3
  libcurl4 libdb5.3:armhf libdbus-1-3:armhf libelf1 libffi-dev:armhf
  libffi6:armhf libfile-stripnondeterminism-perl libflac8:armhf
  libgcc-8-dev:armhf libgcc1:armhf libgcrypt20:armhf libglib2.0-0
  libglib2.0-0:armhf libglib2.0-bin libglib2.0-data libglib2.0-dev:armhf
  libglib2.0-dev-bin libgomp1:armhf libgpg-error0:armhf libgssapi-krb5-2
  libice6:armhf libjack-dev:armhf libjack0:armhf libjsoncpp1 libk5crypto3
  libkeyutils1 libkrb5-3 libkrb5support0 liblz4-1:armhf liblzma5:armhf
  libmount-dev:armhf libmount1:armhf libmpdec2 libncurses6 libnghttp2-14
  libogg0:armhf libpcre16-3:armhf libpcre3:armhf libpcre3-dev:armhf
  libpcre32-3:armhf libpcrecpp0v5:armhf libpipeline1 libportaudio2:armhf
  libportaudiocpp0:armhf libprocps7 libpsl5 libpulse-dev:armhf
  libpulse-mainloop-glib0:armhf libpulse0:armhf libpython3-stdlib
  libpython3.7-minimal libpython3.7-stdlib librhash0 librtmp1
  libselinux1:armhf libselinux1-dev:armhf libsepol1:armhf libsepol1-dev:armhf
  libsigsegv2 libsm6:armhf libsndfile1:armhf libsndio-dev:armhf
  libsndio7.0:armhf libssh2-1 libstdc++-8-dev:armhf libstdc++6:armhf
  libsystemd0:armhf libtool libubsan1:armhf libuchardet0 libuuid1:armhf libuv1
  libvorbis0a:armhf libvorbisenc2:armhf libwrap0:armhf libx11-6:armhf
  libx11-data libx11-xcb1:armhf libxau6:armhf libxcb1:armhf libxdmcp6:armhf
  libxext6:armhf libxi6:armhf libxtst6:armhf linux-libc-dev:armhf m4 man-db
  mime-support pkg-config po-debconf portaudio19-dev:armhf procps python3
  python3-distutils python3-lib2to3 python3-minimal python3.7
  python3.7-minimal uuid-dev:armhf x11-common zlib1g:armhf zlib1g-dev:armhf
Suggested packages:
  autoconf-archive gnu-standards autoconf-doc wamerican | wordlist whois
  vacation cmake-doc ninja-build dh-make gettext-doc libasprintf-dev
  libgettextpo-dev groff lrzip libasound2-plugins:armhf alsa-utils
  libasound2-doc:armhf glibc-doc:armhf libc-l10n:armhf locales:armhf
  manpages-dev:armhf rng-tools:armhf libglib2.0-doc:armhf libgdk-pixbuf2.0-bin
  | libgdk-pixbuf2.0-dev libxml2-utils krb5-doc krb5-user jackd1:armhf
  pulseaudio:armhf sndiod:armhf libstdc++-8-doc:armhf libtool-doc gfortran
  | fortran95-compiler gcj-jdk m4-doc apparmor less www-browser
  libmail-box-perl portaudio19-doc:armhf python3-doc python3-tk python3-venv
  python3.7-venv python3.7-doc binfmt-support
Recommended packages:
  curl | wget | lynx libidn2-0:armhf dbus:armhf libarchive-cpio-perl
  shared-mime-info xdg-user-dirs shared-mime-info:armhf xdg-user-dirs:armhf
  libgpg-error-l10n:armhf krb5-locales libgpm2 publicsuffix libltdl-dev
  libmail-sendmail-perl psmisc
The following NEW packages will be installed:
  autoconf automake autopoint autotools-dev bsdmainutils cmake cmake-data
  debhelper dh-autoreconf dh-strip-nondeterminism dwz gcc-8-base:armhf gettext
  gettext-base groff-base intltool-debian libarchive-zip-perl libarchive13
  libasan5:armhf libasound2:armhf libasound2-data libasound2-dev:armhf
  libasyncns0:armhf libatomic1:armhf libblkid-dev:armhf libblkid1:armhf
  libbsd0 libbsd0:armhf libc6:armhf libc6-dev:armhf libcap2:armhf libcroco3
  libcurl4 libdb5.3:armhf libdbus-1-3:armhf libelf1 libffi-dev:armhf
  libffi6:armhf libfile-stripnondeterminism-perl libflac8:armhf
  libgcc-8-dev:armhf libgcc1:armhf libgcrypt20:armhf libglib2.0-0
  libglib2.0-0:armhf libglib2.0-bin libglib2.0-data libglib2.0-dev:armhf
  libglib2.0-dev-bin libgomp1:armhf libgpg-error0:armhf libgssapi-krb5-2
  libice6:armhf libjack-dev:armhf libjack0:armhf libjsoncpp1 libk5crypto3
  libkeyutils1 libkrb5-3 libkrb5support0 liblz4-1:armhf liblzma5:armhf
  libmount-dev:armhf libmount1:armhf libmpdec2 libncurses6 libnghttp2-14
  libogg0:armhf libpcre16-3:armhf libpcre3:armhf libpcre3-dev:armhf
  libpcre32-3:armhf libpcrecpp0v5:armhf libpipeline1 libportaudio2:armhf
  libportaudiocpp0:armhf libprocps7 libpsl5 libpulse-dev:armhf
  libpulse-mainloop-glib0:armhf libpulse0:armhf libpython3-stdlib
  libpython3.7-minimal libpython3.7-stdlib librhash0 librtmp1
  libselinux1:armhf libselinux1-dev:armhf libsepol1:armhf libsepol1-dev:armhf
  libsigsegv2 libsm6:armhf libsndfile1:armhf libsndio-dev:armhf
  libsndio7.0:armhf libssh2-1 libstdc++-8-dev:armhf libstdc++6:armhf
  libsystemd0:armhf libtool libubsan1:armhf libuchardet0 libuuid1:armhf libuv1
  libvorbis0a:armhf libvorbisenc2:armhf libwrap0:armhf libx11-6:armhf
  libx11-data libx11-xcb1:armhf libxau6:armhf libxcb1:armhf libxdmcp6:armhf
  libxext6:armhf libxi6:armhf libxtst6:armhf linux-libc-dev:armhf m4 man-db
  mime-support pkg-config po-debconf portaudio19-dev:armhf procps python3
  python3-distutils python3-lib2to3 python3-minimal python3.7
  python3.7-minimal sbuild-build-depends-main-dummy:armhf uuid-dev:armhf
  x11-common zlib1g:armhf zlib1g-dev:armhf
0 upgraded, 135 newly installed, 0 to remove and 0 not upgraded.
Need to get 940 B/44.2 MB of archives.
After this operation, 178 MB of additional disk space will be used.
Get:1 copy:/<<RESOLVERDIR>>/apt_archive ./ sbuild-build-depends-main-dummy 0.invalid.0 [940 B]
debconf: delaying package configuration, since apt-utils is not installed
Fetched 940 B in 0s (0 B/s)
Selecting previously unselected package libbsd0:amd64.
(Reading database ... 16452 files and directories currently installed.)
Preparing to unpack .../00-libbsd0_0.9.1-2_amd64.deb ...
Unpacking libbsd0:amd64 (0.9.1-2) ...
Selecting previously unselected package bsdmainutils.
Preparing to unpack .../01-bsdmainutils_11.1.2+b1_amd64.deb ...
Unpacking bsdmainutils (11.1.2+b1) ...
Selecting previously unselected package libuchardet0:amd64.
Preparing to unpack .../02-libuchardet0_0.0.6-3_amd64.deb ...
Unpacking libuchardet0:amd64 (0.0.6-3) ...
Selecting previously unselected package groff-base.
Preparing to unpack .../03-groff-base_1.22.4-3_amd64.deb ...
Unpacking groff-base (1.22.4-3) ...
Selecting previously unselected package libpipeline1:amd64.
Preparing to unpack .../04-libpipeline1_1.5.1-2_amd64.deb ...
Unpacking libpipeline1:amd64 (1.5.1-2) ...
Selecting previously unselected package man-db.
Preparing to unpack .../05-man-db_2.8.5-2_amd64.deb ...
Unpacking man-db (2.8.5-2) ...
Selecting previously unselected package gcc-8-base:armhf.
Preparing to unpack .../06-gcc-8-base_8.3.0-2_armhf.deb ...
Unpacking gcc-8-base:armhf (8.3.0-2) ...
Selecting previously unselected package libgcc1:armhf.
Preparing to unpack .../07-libgcc1_1%3a8.3.0-2_armhf.deb ...
Unpacking libgcc1:armhf (1:8.3.0-2) ...
Selecting previously unselected package libc6:armhf.
Preparing to unpack .../08-libc6_2.28-8_armhf.deb ...
Unpacking libc6:armhf (2.28-8) ...
Selecting previously unselected package libgpg-error0:armhf.
Preparing to unpack .../09-libgpg-error0_1.35-1_armhf.deb ...
Unpacking libgpg-error0:armhf (1.35-1) ...
Selecting previously unselected package libgcrypt20:armhf.
Preparing to unpack .../10-libgcrypt20_1.8.4-5_armhf.deb ...
Unpacking libgcrypt20:armhf (1.8.4-5) ...
Selecting previously unselected package liblz4-1:armhf.
Preparing to unpack .../11-liblz4-1_1.8.3-1_armhf.deb ...
Unpacking liblz4-1:armhf (1.8.3-1) ...
Selecting previously unselected package liblzma5:armhf.
Preparing to unpack .../12-liblzma5_5.2.4-1_armhf.deb ...
Unpacking liblzma5:armhf (5.2.4-1) ...
Setting up gcc-8-base:armhf (8.3.0-2) ...
Setting up libgcc1:armhf (1:8.3.0-2) ...
Setting up libc6:armhf (2.28-8) ...
Setting up libgpg-error0:armhf (1.35-1) ...
Setting up libgcrypt20:armhf (1.8.4-5) ...
Setting up liblz4-1:armhf (1.8.3-1) ...
Setting up liblzma5:armhf (5.2.4-1) ...
Selecting previously unselected package libsystemd0:armhf.
(Reading database ... 17401 files and directories currently installed.)
Preparing to unpack .../libsystemd0_241-1_armhf.deb ...
Unpacking libsystemd0:armhf (241-1) ...
Selecting previously unselected package libpython3.7-minimal:amd64.
Preparing to unpack .../libpython3.7-minimal_3.7.2-3_amd64.deb ...
Unpacking libpython3.7-minimal:amd64 (3.7.2-3) ...
Selecting previously unselected package python3.7-minimal.
Preparing to unpack .../python3.7-minimal_3.7.2-3_amd64.deb ...
Unpacking python3.7-minimal (3.7.2-3) ...
Setting up libpython3.7-minimal:amd64 (3.7.2-3) ...
Setting up python3.7-minimal (3.7.2-3) ...
Selecting previously unselected package python3-minimal.
(Reading database ... 17644 files and directories currently installed.)
Preparing to unpack .../0-python3-minimal_3.7.2-1_amd64.deb ...
Unpacking python3-minimal (3.7.2-1) ...
Selecting previously unselected package mime-support.
Preparing to unpack .../1-mime-support_3.62_all.deb ...
Unpacking mime-support (3.62) ...
Selecting previously unselected package libmpdec2:amd64.
Preparing to unpack .../2-libmpdec2_2.4.2-2_amd64.deb ...
Unpacking libmpdec2:amd64 (2.4.2-2) ...
Selecting previously unselected package libpython3.7-stdlib:amd64.
Preparing to unpack .../3-libpython3.7-stdlib_3.7.2-3_amd64.deb ...
Unpacking libpython3.7-stdlib:amd64 (3.7.2-3) ...
Selecting previously unselected package python3.7.
Preparing to unpack .../4-python3.7_3.7.2-3_amd64.deb ...
Unpacking python3.7 (3.7.2-3) ...
Selecting previously unselected package libpython3-stdlib:amd64.
Preparing to unpack .../5-libpython3-stdlib_3.7.2-1_amd64.deb ...
Unpacking libpython3-stdlib:amd64 (3.7.2-1) ...
Setting up python3-minimal (3.7.2-1) ...
Selecting previously unselected package python3.
(Reading database ... 18081 files and directories currently installed.)
Preparing to unpack .../000-python3_3.7.2-1_amd64.deb ...
Unpacking python3 (3.7.2-1) ...
Selecting previously unselected package libncurses6:amd64.
Preparing to unpack .../001-libncurses6_6.1+20181013-2_amd64.deb ...
Unpacking libncurses6:amd64 (6.1+20181013-2) ...
Selecting previously unselected package libprocps7:amd64.
Preparing to unpack .../002-libprocps7_2%3a3.3.15-2_amd64.deb ...
Unpacking libprocps7:amd64 (2:3.3.15-2) ...
Selecting previously unselected package procps.
Preparing to unpack .../003-procps_2%3a3.3.15-2_amd64.deb ...
Unpacking procps (2:3.3.15-2) ...
Selecting previously unselected package gettext-base.
Preparing to unpack .../004-gettext-base_0.19.8.1-9_amd64.deb ...
Unpacking gettext-base (0.19.8.1-9) ...
Selecting previously unselected package libsigsegv2:amd64.
Preparing to unpack .../005-libsigsegv2_2.12-2_amd64.deb ...
Unpacking libsigsegv2:amd64 (2.12-2) ...
Selecting previously unselected package m4.
Preparing to unpack .../006-m4_1.4.18-2_amd64.deb ...
Unpacking m4 (1.4.18-2) ...
Selecting previously unselected package autoconf.
Preparing to unpack .../007-autoconf_2.69-11_all.deb ...
Unpacking autoconf (2.69-11) ...
Selecting previously unselected package autotools-dev.
Preparing to unpack .../008-autotools-dev_20180224.1_all.deb ...
Unpacking autotools-dev (20180224.1) ...
Selecting previously unselected package automake.
Preparing to unpack .../009-automake_1%3a1.16.1-4_all.deb ...
Unpacking automake (1:1.16.1-4) ...
Selecting previously unselected package autopoint.
Preparing to unpack .../010-autopoint_0.19.8.1-9_all.deb ...
Unpacking autopoint (0.19.8.1-9) ...
Selecting previously unselected package cmake-data.
Preparing to unpack .../011-cmake-data_3.13.4-1_all.deb ...
Unpacking cmake-data (3.13.4-1) ...
Selecting previously unselected package libarchive13:amd64.
Preparing to unpack .../012-libarchive13_3.3.3-4_amd64.deb ...
Unpacking libarchive13:amd64 (3.3.3-4) ...
Selecting previously unselected package libkeyutils1:amd64.
Preparing to unpack .../013-libkeyutils1_1.6-6_amd64.deb ...
Unpacking libkeyutils1:amd64 (1.6-6) ...
Selecting previously unselected package libkrb5support0:amd64.
Preparing to unpack .../014-libkrb5support0_1.17-2_amd64.deb ...
Unpacking libkrb5support0:amd64 (1.17-2) ...
Selecting previously unselected package libk5crypto3:amd64.
Preparing to unpack .../015-libk5crypto3_1.17-2_amd64.deb ...
Unpacking libk5crypto3:amd64 (1.17-2) ...
Selecting previously unselected package libkrb5-3:amd64.
Preparing to unpack .../016-libkrb5-3_1.17-2_amd64.deb ...
Unpacking libkrb5-3:amd64 (1.17-2) ...
Selecting previously unselected package libgssapi-krb5-2:amd64.
Preparing to unpack .../017-libgssapi-krb5-2_1.17-2_amd64.deb ...
Unpacking libgssapi-krb5-2:amd64 (1.17-2) ...
Selecting previously unselected package libnghttp2-14:amd64.
Preparing to unpack .../018-libnghttp2-14_1.36.0-2_amd64.deb ...
Unpacking libnghttp2-14:amd64 (1.36.0-2) ...
Selecting previously unselected package libpsl5:amd64.
Preparing to unpack .../019-libpsl5_0.20.2-2_amd64.deb ...
Unpacking libpsl5:amd64 (0.20.2-2) ...
Selecting previously unselected package librtmp1:amd64.
Preparing to unpack .../020-librtmp1_2.4+20151223.gitfa8646d.1-2_amd64.deb ...
Unpacking librtmp1:amd64 (2.4+20151223.gitfa8646d.1-2) ...
Selecting previously unselected package libssh2-1:amd64.
Preparing to unpack .../021-libssh2-1_1.8.0-2_amd64.deb ...
Unpacking libssh2-1:amd64 (1.8.0-2) ...
Selecting previously unselected package libcurl4:amd64.
Preparing to unpack .../022-libcurl4_7.64.0-1_amd64.deb ...
Unpacking libcurl4:amd64 (7.64.0-1) ...
Selecting previously unselected package libjsoncpp1:amd64.
Preparing to unpack .../023-libjsoncpp1_1.7.4-3_amd64.deb ...
Unpacking libjsoncpp1:amd64 (1.7.4-3) ...
Selecting previously unselected package librhash0:amd64.
Preparing to unpack .../024-librhash0_1.3.8-1_amd64.deb ...
Unpacking librhash0:amd64 (1.3.8-1) ...
Selecting previously unselected package libuv1:amd64.
Preparing to unpack .../025-libuv1_1.24.1-1_amd64.deb ...
Unpacking libuv1:amd64 (1.24.1-1) ...
Selecting previously unselected package cmake.
Preparing to unpack .../026-cmake_3.13.4-1_amd64.deb ...
Unpacking cmake (3.13.4-1) ...
Selecting previously unselected package libtool.
Preparing to unpack .../027-libtool_2.4.6-10_all.deb ...
Unpacking libtool (2.4.6-10) ...
Selecting previously unselected package dh-autoreconf.
Preparing to unpack .../028-dh-autoreconf_19_all.deb ...
Unpacking dh-autoreconf (19) ...
Selecting previously unselected package libarchive-zip-perl.
Preparing to unpack .../029-libarchive-zip-perl_1.64-1_all.deb ...
Unpacking libarchive-zip-perl (1.64-1) ...
Selecting previously unselected package libfile-stripnondeterminism-perl.
Preparing to unpack .../030-libfile-stripnondeterminism-perl_1.1.1-1_all.deb ...
Unpacking libfile-stripnondeterminism-perl (1.1.1-1) ...
Selecting previously unselected package dh-strip-nondeterminism.
Preparing to unpack .../031-dh-strip-nondeterminism_1.1.1-1_all.deb ...
Unpacking dh-strip-nondeterminism (1.1.1-1) ...
Selecting previously unselected package libelf1:amd64.
Preparing to unpack .../032-libelf1_0.176-1_amd64.deb ...
Unpacking libelf1:amd64 (0.176-1) ...
Selecting previously unselected package dwz.
Preparing to unpack .../033-dwz_0.12-3_amd64.deb ...
Unpacking dwz (0.12-3) ...
Selecting previously unselected package libglib2.0-0:amd64.
Preparing to unpack .../034-libglib2.0-0_2.58.3-1_amd64.deb ...
Unpacking libglib2.0-0:amd64 (2.58.3-1) ...
Selecting previously unselected package libcroco3:amd64.
Preparing to unpack .../035-libcroco3_0.6.12-3_amd64.deb ...
Unpacking libcroco3:amd64 (0.6.12-3) ...
Selecting previously unselected package gettext.
Preparing to unpack .../036-gettext_0.19.8.1-9_amd64.deb ...
Unpacking gettext (0.19.8.1-9) ...
Selecting previously unselected package intltool-debian.
Preparing to unpack .../037-intltool-debian_0.35.0+20060710.5_all.deb ...
Unpacking intltool-debian (0.35.0+20060710.5) ...
Selecting previously unselected package po-debconf.
Preparing to unpack .../038-po-debconf_1.0.21_all.deb ...
Unpacking po-debconf (1.0.21) ...
Selecting previously unselected package debhelper.
Preparing to unpack .../039-debhelper_12.1.1_all.deb ...
Unpacking debhelper (12.1.1) ...
Selecting previously unselected package libstdc++6:armhf.
Preparing to unpack .../040-libstdc++6_8.3.0-2_armhf.deb ...
Unpacking libstdc++6:armhf (8.3.0-2) ...
Selecting previously unselected package libasan5:armhf.
Preparing to unpack .../041-libasan5_8.3.0-2_armhf.deb ...
Unpacking libasan5:armhf (8.3.0-2) ...
Selecting previously unselected package libasound2-data.
Preparing to unpack .../042-libasound2-data_1.1.8-1_all.deb ...
Unpacking libasound2-data (1.1.8-1) ...
Selecting previously unselected package libasound2:armhf.
Preparing to unpack .../043-libasound2_1.1.8-1_armhf.deb ...
Unpacking libasound2:armhf (1.1.8-1) ...
Selecting previously unselected package libasound2-dev:armhf.
Preparing to unpack .../044-libasound2-dev_1.1.8-1_armhf.deb ...
Unpacking libasound2-dev:armhf (1.1.8-1) ...
Selecting previously unselected package libasyncns0:armhf.
Preparing to unpack .../045-libasyncns0_0.8-6_armhf.deb ...
Unpacking libasyncns0:armhf (0.8-6) ...
Selecting previously unselected package libatomic1:armhf.
Preparing to unpack .../046-libatomic1_8.3.0-2_armhf.deb ...
Unpacking libatomic1:armhf (8.3.0-2) ...
Selecting previously unselected package libuuid1:armhf.
Preparing to unpack .../047-libuuid1_2.33.1-0.1_armhf.deb ...
Unpacking libuuid1:armhf (2.33.1-0.1) ...
Selecting previously unselected package libblkid1:armhf.
Preparing to unpack .../048-libblkid1_2.33.1-0.1_armhf.deb ...
Unpacking libblkid1:armhf (2.33.1-0.1) ...
Selecting previously unselected package linux-libc-dev:armhf.
Preparing to unpack .../049-linux-libc-dev_4.19.20-1_armhf.deb ...
Unpacking linux-libc-dev:armhf (4.19.20-1) ...
Selecting previously unselected package libc6-dev:armhf.
Preparing to unpack .../050-libc6-dev_2.28-8_armhf.deb ...
Unpacking libc6-dev:armhf (2.28-8) ...
Selecting previously unselected package uuid-dev:armhf.
Preparing to unpack .../051-uuid-dev_2.33.1-0.1_armhf.deb ...
Unpacking uuid-dev:armhf (2.33.1-0.1) ...
Selecting previously unselected package libblkid-dev:armhf.
Preparing to unpack .../052-libblkid-dev_2.33.1-0.1_armhf.deb ...
Unpacking libblkid-dev:armhf (2.33.1-0.1) ...
Selecting previously unselected package libbsd0:armhf.
Preparing to unpack .../053-libbsd0_0.9.1-2_armhf.deb ...
Unpacking libbsd0:armhf (0.9.1-2) ...
Selecting previously unselected package libcap2:armhf.
Preparing to unpack .../054-libcap2_1%3a2.25-2_armhf.deb ...
Unpacking libcap2:armhf (1:2.25-2) ...
Selecting previously unselected package libdb5.3:armhf.
Preparing to unpack .../055-libdb5.3_5.3.28+dfsg1-0.5_armhf.deb ...
Unpacking libdb5.3:armhf (5.3.28+dfsg1-0.5) ...
Selecting previously unselected package libdbus-1-3:armhf.
Preparing to unpack .../056-libdbus-1-3_1.12.12-1_armhf.deb ...
Unpacking libdbus-1-3:armhf (1.12.12-1) ...
Selecting previously unselected package libffi6:armhf.
Preparing to unpack .../057-libffi6_3.2.1-9_armhf.deb ...
Unpacking libffi6:armhf (3.2.1-9) ...
Selecting previously unselected package libffi-dev:armhf.
Preparing to unpack .../058-libffi-dev_3.2.1-9_armhf.deb ...
Unpacking libffi-dev:armhf (3.2.1-9) ...
Selecting previously unselected package libogg0:armhf.
Preparing to unpack .../059-libogg0_1.3.2-1+b1_armhf.deb ...
Unpacking libogg0:armhf (1.3.2-1+b1) ...
Selecting previously unselected package libflac8:armhf.
Preparing to unpack .../060-libflac8_1.3.2-3_armhf.deb ...
Unpacking libflac8:armhf (1.3.2-3) ...
Selecting previously unselected package libgomp1:armhf.
Preparing to unpack .../061-libgomp1_8.3.0-2_armhf.deb ...
Unpacking libgomp1:armhf (8.3.0-2) ...
Selecting previously unselected package libubsan1:armhf.
Preparing to unpack .../062-libubsan1_8.3.0-2_armhf.deb ...
Unpacking libubsan1:armhf (8.3.0-2) ...
Selecting previously unselected package libgcc-8-dev:armhf.
Preparing to unpack .../063-libgcc-8-dev_8.3.0-2_armhf.deb ...
Unpacking libgcc-8-dev:armhf (8.3.0-2) ...
Selecting previously unselected package libpcre3:armhf.
Preparing to unpack .../064-libpcre3_2%3a8.39-11_armhf.deb ...
Unpacking libpcre3:armhf (2:8.39-11) ...
Selecting previously unselected package libselinux1:armhf.
Preparing to unpack .../065-libselinux1_2.8-1+b1_armhf.deb ...
Unpacking libselinux1:armhf (2.8-1+b1) ...
Selecting previously unselected package libmount1:armhf.
Preparing to unpack .../066-libmount1_2.33.1-0.1_armhf.deb ...
Unpacking libmount1:armhf (2.33.1-0.1) ...
Selecting previously unselected package zlib1g:armhf.
Preparing to unpack .../067-zlib1g_1%3a1.2.11.dfsg-1_armhf.deb ...
Unpacking zlib1g:armhf (1:1.2.11.dfsg-1) ...
Selecting previously unselected package libglib2.0-0:armhf.
Preparing to unpack .../068-libglib2.0-0_2.58.3-1_armhf.deb ...
Unpacking libglib2.0-0:armhf (2.58.3-1) ...
Selecting previously unselected package libglib2.0-data.
Preparing to unpack .../069-libglib2.0-data_2.58.3-1_all.deb ...
Unpacking libglib2.0-data (2.58.3-1) ...
Selecting previously unselected package libglib2.0-bin.
Preparing to unpack .../070-libglib2.0-bin_2.58.3-1_amd64.deb ...
Unpacking libglib2.0-bin (2.58.3-1) ...
Selecting previously unselected package python3-lib2to3.
Preparing to unpack .../071-python3-lib2to3_3.7.2-3_all.deb ...
Unpacking python3-lib2to3 (3.7.2-3) ...
Selecting previously unselected package python3-distutils.
Preparing to unpack .../072-python3-distutils_3.7.2-3_all.deb ...
Unpacking python3-distutils (3.7.2-3) ...
Selecting previously unselected package libglib2.0-dev-bin.
Preparing to unpack .../073-libglib2.0-dev-bin_2.58.3-1_amd64.deb ...
Unpacking libglib2.0-dev-bin (2.58.3-1) ...
Selecting previously unselected package libmount-dev:armhf.
Preparing to unpack .../074-libmount-dev_2.33.1-0.1_armhf.deb ...
Unpacking libmount-dev:armhf (2.33.1-0.1) ...
Selecting previously unselected package libpcre16-3:armhf.
Preparing to unpack .../075-libpcre16-3_2%3a8.39-11_armhf.deb ...
Unpacking libpcre16-3:armhf (2:8.39-11) ...
Selecting previously unselected package libpcre32-3:armhf.
Preparing to unpack .../076-libpcre32-3_2%3a8.39-11_armhf.deb ...
Unpacking libpcre32-3:armhf (2:8.39-11) ...
Selecting previously unselected package libpcrecpp0v5:armhf.
Preparing to unpack .../077-libpcrecpp0v5_2%3a8.39-11_armhf.deb ...
Unpacking libpcrecpp0v5:armhf (2:8.39-11) ...
Selecting previously unselected package libpcre3-dev:armhf.
Preparing to unpack .../078-libpcre3-dev_2%3a8.39-11_armhf.deb ...
Unpacking libpcre3-dev:armhf (2:8.39-11) ...
Selecting previously unselected package libsepol1:armhf.
Preparing to unpack .../079-libsepol1_2.8-1_armhf.deb ...
Unpacking libsepol1:armhf (2.8-1) ...
Selecting previously unselected package libsepol1-dev:armhf.
Preparing to unpack .../080-libsepol1-dev_2.8-1_armhf.deb ...
Unpacking libsepol1-dev:armhf (2.8-1) ...
Selecting previously unselected package libselinux1-dev:armhf.
Preparing to unpack .../081-libselinux1-dev_2.8-1+b1_armhf.deb ...
Unpacking libselinux1-dev:armhf (2.8-1+b1) ...
Selecting previously unselected package pkg-config.
Preparing to unpack .../082-pkg-config_0.29-6_amd64.deb ...
Unpacking pkg-config (0.29-6) ...
Selecting previously unselected package zlib1g-dev:armhf.
Preparing to unpack .../083-zlib1g-dev_1%3a1.2.11.dfsg-1_armhf.deb ...
Unpacking zlib1g-dev:armhf (1:1.2.11.dfsg-1) ...
Selecting previously unselected package libglib2.0-dev:armhf.
Preparing to unpack .../084-libglib2.0-dev_2.58.3-1_armhf.deb ...
Unpacking libglib2.0-dev:armhf (2.58.3-1) ...
Selecting previously unselected package x11-common.
Preparing to unpack .../085-x11-common_1%3a7.7+19_all.deb ...
Unpacking x11-common (1:7.7+19) ...
Selecting previously unselected package libice6:armhf.
Preparing to unpack .../086-libice6_2%3a1.0.9-2_armhf.deb ...
Unpacking libice6:armhf (2:1.0.9-2) ...
Selecting previously unselected package libjack0:armhf.
Preparing to unpack .../087-libjack0_1%3a0.125.0-3_armhf.deb ...
Unpacking libjack0:armhf (1:0.125.0-3) ...
Selecting previously unselected package libjack-dev:armhf.
Preparing to unpack .../088-libjack-dev_1%3a0.125.0-3_armhf.deb ...
Unpacking libjack-dev:armhf (1:0.125.0-3) ...
Selecting previously unselected package libportaudio2:armhf.
Preparing to unpack .../089-libportaudio2_19.6.0-1_armhf.deb ...
Unpacking libportaudio2:armhf (19.6.0-1) ...
Selecting previously unselected package libportaudiocpp0:armhf.
Preparing to unpack .../090-libportaudiocpp0_19.6.0-1_armhf.deb ...
Unpacking libportaudiocpp0:armhf (19.6.0-1) ...
Selecting previously unselected package libsm6:armhf.
Preparing to unpack .../091-libsm6_2%3a1.2.3-1_armhf.deb ...
Unpacking libsm6:armhf (2:1.2.3-1) ...
Selecting previously unselected package libvorbis0a:armhf.
Preparing to unpack .../092-libvorbis0a_1.3.6-2_armhf.deb ...
Unpacking libvorbis0a:armhf (1.3.6-2) ...
Selecting previously unselected package libvorbisenc2:armhf.
Preparing to unpack .../093-libvorbisenc2_1.3.6-2_armhf.deb ...
Unpacking libvorbisenc2:armhf (1.3.6-2) ...
Selecting previously unselected package libsndfile1:armhf.
Preparing to unpack .../094-libsndfile1_1.0.28-5_armhf.deb ...
Unpacking libsndfile1:armhf (1.0.28-5) ...
Selecting previously unselected package libwrap0:armhf.
Preparing to unpack .../095-libwrap0_7.6.q-28_armhf.deb ...
Unpacking libwrap0:armhf (7.6.q-28) ...
Selecting previously unselected package libxau6:armhf.
Preparing to unpack .../096-libxau6_1%3a1.0.8-1+b2_armhf.deb ...
Unpacking libxau6:armhf (1:1.0.8-1+b2) ...
Selecting previously unselected package libxdmcp6:armhf.
Preparing to unpack .../097-libxdmcp6_1%3a1.1.2-3_armhf.deb ...
Unpacking libxdmcp6:armhf (1:1.1.2-3) ...
Selecting previously unselected package libxcb1:armhf.
Preparing to unpack .../098-libxcb1_1.13.1-2_armhf.deb ...
Unpacking libxcb1:armhf (1.13.1-2) ...
Selecting previously unselected package libx11-data.
Preparing to unpack .../099-libx11-data_2%3a1.6.7-1_all.deb ...
Unpacking libx11-data (2:1.6.7-1) ...
Selecting previously unselected package libx11-6:armhf.
Preparing to unpack .../100-libx11-6_2%3a1.6.7-1_armhf.deb ...
Unpacking libx11-6:armhf (2:1.6.7-1) ...
Selecting previously unselected package libx11-xcb1:armhf.
Preparing to unpack .../101-libx11-xcb1_2%3a1.6.7-1_armhf.deb ...
Unpacking libx11-xcb1:armhf (2:1.6.7-1) ...
Selecting previously unselected package libxext6:armhf.
Preparing to unpack .../102-libxext6_2%3a1.3.3-1+b2_armhf.deb ...
Unpacking libxext6:armhf (2:1.3.3-1+b2) ...
Selecting previously unselected package libxi6:armhf.
Preparing to unpack .../103-libxi6_2%3a1.7.9-1_armhf.deb ...
Unpacking libxi6:armhf (2:1.7.9-1) ...
Selecting previously unselected package libxtst6:armhf.
Preparing to unpack .../104-libxtst6_2%3a1.2.3-1_armhf.deb ...
Unpacking libxtst6:armhf (2:1.2.3-1) ...
Selecting previously unselected package libpulse0:armhf.
Preparing to unpack .../105-libpulse0_12.2-4_armhf.deb ...
Unpacking libpulse0:armhf (12.2-4) ...
Selecting previously unselected package libpulse-mainloop-glib0:armhf.
Preparing to unpack .../106-libpulse-mainloop-glib0_12.2-4_armhf.deb ...
Unpacking libpulse-mainloop-glib0:armhf (12.2-4) ...
Selecting previously unselected package libpulse-dev:armhf.
Preparing to unpack .../107-libpulse-dev_12.2-4_armhf.deb ...
Unpacking libpulse-dev:armhf (12.2-4) ...
Selecting previously unselected package libsndio7.0:armhf.
Preparing to unpack .../108-libsndio7.0_1.5.0-3_armhf.deb ...
Unpacking libsndio7.0:armhf (1.5.0-3) ...
Selecting previously unselected package libsndio-dev:armhf.
Preparing to unpack .../109-libsndio-dev_1.5.0-3_armhf.deb ...
Unpacking libsndio-dev:armhf (1.5.0-3) ...
Selecting previously unselected package libstdc++-8-dev:armhf.
Preparing to unpack .../110-libstdc++-8-dev_8.3.0-2_armhf.deb ...
Unpacking libstdc++-8-dev:armhf (8.3.0-2) ...
Selecting previously unselected package portaudio19-dev:armhf.
Preparing to unpack .../111-portaudio19-dev_19.6.0-1_armhf.deb ...
Unpacking portaudio19-dev:armhf (19.6.0-1) ...
Selecting previously unselected package sbuild-build-depends-main-dummy:armhf.
Preparing to unpack .../112-sbuild-build-depends-main-dummy_0.invalid.0_armhf.deb ...
Unpacking sbuild-build-depends-main-dummy:armhf (0.invalid.0) ...
Setting up libpipeline1:amd64 (1.5.1-2) ...
Setting up libx11-xcb1:armhf (2:1.6.7-1) ...
Setting up libxau6:armhf (1:1.0.8-1+b2) ...
Setting up libkeyutils1:amd64 (1.6-6) ...
Setting up libpsl5:amd64 (0.20.2-2) ...
Setting up libogg0:armhf (1.3.2-1+b1) ...
Setting up mime-support (3.62) ...
Setting up libpcre16-3:armhf (2:8.39-11) ...
Setting up libarchive13:amd64 (3.3.3-4) ...
Setting up libarchive-zip-perl (1.64-1) ...
Setting up libglib2.0-0:amd64 (2.58.3-1) ...
No schema files found: doing nothing.
Setting up libprocps7:amd64 (2:3.3.15-2) ...
Setting up x11-common (1:7.7+19) ...
update-rc.d: warning: start and stop actions are no longer supported; falling back to defaults
invoke-rc.d: could not determine current runlevel
All runlevel operations denied by policy
invoke-rc.d: policy-rc.d denied execution of start.
Setting up libnghttp2-14:amd64 (1.36.0-2) ...
Setting up linux-libc-dev:armhf (4.19.20-1) ...
Setting up gettext-base (0.19.8.1-9) ...
Setting up zlib1g:armhf (1:1.2.11.dfsg-1) ...
Setting up libffi6:armhf (3.2.1-9) ...
Setting up libgomp1:armhf (8.3.0-2) ...
Setting up libffi-dev:armhf (3.2.1-9) ...
Setting up libsystemd0:armhf (241-1) ...
Setting up libcap2:armhf (1:2.25-2) ...
Setting up libflac8:armhf (1.3.2-3) ...
Setting up libkrb5support0:amd64 (1.17-2) ...
Setting up libasound2-data (1.1.8-1) ...
Setting up libpcre3:armhf (2:8.39-11) ...
Setting up autotools-dev (20180224.1) ...
Setting up libglib2.0-data (2.58.3-1) ...
Setting up libuv1:amd64 (1.24.1-1) ...
Setting up libwrap0:armhf (7.6.q-28) ...
Setting up libx11-data (2:1.6.7-1) ...
Setting up librtmp1:amd64 (2.4+20151223.gitfa8646d.1-2) ...
Setting up libncurses6:amd64 (6.1+20181013-2) ...
Setting up libdbus-1-3:armhf (1.12.12-1) ...
Setting up libsigsegv2:amd64 (2.12-2) ...
Setting up libpcre32-3:armhf (2:8.39-11) ...
Setting up libatomic1:armhf (8.3.0-2) ...
Setting up libvorbis0a:armhf (1.3.6-2) ...
Setting up libuuid1:armhf (2.33.1-0.1) ...
Setting up autopoint (0.19.8.1-9) ...
Setting up libcroco3:amd64 (0.6.12-3) ...
Setting up pkg-config (0.29-6) ...
Setting up libk5crypto3:amd64 (1.17-2) ...
Setting up libsepol1:armhf (2.8-1) ...
Setting up libasyncns0:armhf (0.8-6) ...
Setting up librhash0:amd64 (1.3.8-1) ...
Setting up libuchardet0:amd64 (0.0.6-3) ...
Setting up procps (2:3.3.15-2) ...
update-alternatives: using /usr/bin/w.procps to provide /usr/bin/w (w) in auto mode
Setting up libasound2:armhf (1.1.8-1) ...
Setting up libc6-dev:armhf (2.28-8) ...
Setting up libssh2-1:amd64 (1.8.0-2) ...
Setting up cmake-data (3.13.4-1) ...
Setting up libkrb5-3:amd64 (1.17-2) ...
Setting up libmpdec2:amd64 (2.4.2-2) ...
Setting up libasound2-dev:armhf (1.1.8-1) ...
Setting up libbsd0:amd64 (0.9.1-2) ...
Setting up libbsd0:armhf (0.9.1-2) ...
Setting up libelf1:amd64 (0.176-1) ...
Setting up libdb5.3:armhf (5.3.28+dfsg1-0.5) ...
Setting up libblkid1:armhf (2.33.1-0.1) ...
Setting up libstdc++6:armhf (8.3.0-2) ...
Setting up libvorbisenc2:armhf (1.3.6-2) ...
Setting up libjsoncpp1:amd64 (1.7.4-3) ...
Setting up libpcrecpp0v5:armhf (2:8.39-11) ...
Setting up libfile-stripnondeterminism-perl (1.1.1-1) ...
Setting up libice6:armhf (2:1.0.9-2) ...
Setting up libxdmcp6:armhf (1:1.1.2-3) ...
Setting up libpython3.7-stdlib:amd64 (3.7.2-3) ...
Setting up libxcb1:armhf (1.13.1-2) ...
Setting up gettext (0.19.8.1-9) ...
Setting up libtool (2.4.6-10) ...
Setting up libpcre3-dev:armhf (2:8.39-11) ...
Setting up libsepol1-dev:armhf (2.8-1) ...
Setting up libglib2.0-bin (2.58.3-1) ...
Setting up m4 (1.4.18-2) ...
Setting up intltool-debian (0.35.0+20060710.5) ...
Setting up libselinux1:armhf (2.8-1+b1) ...
Setting up libasan5:armhf (8.3.0-2) ...
Setting up libjack0:armhf (1:0.125.0-3) ...
Setting up uuid-dev:armhf (2.33.1-0.1) ...
Setting up bsdmainutils (11.1.2+b1) ...
update-alternatives: using /usr/bin/bsd-write to provide /usr/bin/write (write) in auto mode
update-alternatives: using /usr/bin/bsd-from to provide /usr/bin/from (from) in auto mode
Setting up libgssapi-krb5-2:amd64 (1.17-2) ...
Setting up autoconf (2.69-11) ...
Setting up libubsan1:armhf (8.3.0-2) ...
Setting up libsndio7.0:armhf (1.5.0-3) ...
Setting up zlib1g-dev:armhf (1:1.2.11.dfsg-1) ...
Setting up dwz (0.12-3) ...
Setting up groff-base (1.22.4-3) ...
Setting up libmount1:armhf (2.33.1-0.1) ...
Setting up libcurl4:amd64 (7.64.0-1) ...
Setting up libx11-6:armhf (2:1.6.7-1) ...
Setting up libjack-dev:armhf (1:0.125.0-3) ...
Setting up libsndfile1:armhf (1.0.28-5) ...
Setting up libsm6:armhf (2:1.2.3-1) ...
Setting up libpython3-stdlib:amd64 (3.7.2-1) ...
Setting up automake (1:1.16.1-4) ...
update-alternatives: using /usr/bin/automake-1.16 to provide /usr/bin/automake (automake) in auto mode
Setting up libblkid-dev:armhf (2.33.1-0.1) ...
Setting up python3.7 (3.7.2-3) ...
Setting up libportaudio2:armhf (19.6.0-1) ...
Setting up libsndio-dev:armhf (1.5.0-3) ...
Setting up libselinux1-dev:armhf (2.8-1+b1) ...
Setting up libglib2.0-0:armhf (2.58.3-1) ...
/var/lib/dpkg/info/libglib2.0-0:armhf.postinst: 47: /var/lib/dpkg/info/libglib2.0-0:armhf.postinst: /usr/lib/arm-linux-gnueabihf/glib-2.0/glib-compile-schemas: Exec format error
/var/lib/dpkg/info/libglib2.0-0:armhf.postinst: 50: /var/lib/dpkg/info/libglib2.0-0:armhf.postinst: /usr/lib/arm-linux-gnueabihf/glib-2.0/gio-querymodules: Exec format error
Setting up po-debconf (1.0.21) ...
Setting up libxext6:armhf (2:1.3.3-1+b2) ...
Setting up python3 (3.7.2-1) ...
Setting up man-db (2.8.5-2) ...
Not building database; man-db/auto-update is not 'true'.
Setting up libportaudiocpp0:armhf (19.6.0-1) ...
Setting up portaudio19-dev:armhf (19.6.0-1) ...
Setting up libgcc-8-dev:armhf (8.3.0-2) ...
Setting up cmake (3.13.4-1) ...
Setting up python3-lib2to3 (3.7.2-3) ...
Setting up libmount-dev:armhf (2.33.1-0.1) ...
Setting up libstdc++-8-dev:armhf (8.3.0-2) ...
Setting up python3-distutils (3.7.2-3) ...
Setting up libglib2.0-dev-bin (2.58.3-1) ...
Setting up libxi6:armhf (2:1.7.9-1) ...
Setting up libxtst6:armhf (2:1.2.3-1) ...
Setting up libglib2.0-dev:armhf (2.58.3-1) ...
Setting up libpulse0:armhf (12.2-4) ...
Setting up libpulse-mainloop-glib0:armhf (12.2-4) ...
Setting up libpulse-dev:armhf (12.2-4) ...
Setting up dh-autoreconf (19) ...
Setting up debhelper (12.1.1) ...
Setting up dh-strip-nondeterminism (1.1.1-1) ...
Setting up sbuild-build-depends-main-dummy:armhf (0.invalid.0) ...
Processing triggers for libc-bin (2.28-8) ...
Processing triggers for ccache (3.6-1) ...
Updating symlinks in /usr/lib/ccache ...

+------------------------------------------------------------------------------+
| Check architectures                                                          |
+------------------------------------------------------------------------------+

Initial Foreign Architectures: armhf 
Arch check ok (armhf included in any all)

+------------------------------------------------------------------------------+
| Build environment                                                            |
+------------------------------------------------------------------------------+

Kernel: Linux 3.16.0-4-amd64 #1 SMP Debian 3.16.51-3 (2017-12-13) amd64 (x86_64)
Toolchain package versions: binutils_2.31.1-15 dpkg-dev_1.19.5 g++-8_8.3.0-2 gcc-8_8.3.0-2 libc6-dev_2.28-8 libstdc++-8-dev_8.3.0-2 libstdc++-8-dev-armhf-cross_8.3.0-2cross1 libstdc++6_8.3.0-2 libstdc++6-armhf-cross_8.3.0-2cross1 linux-libc-dev_4.19.20-1
Package versions: adduser_3.118 apt_1.8.0~rc4 autoconf_2.69-11 automake_1:1.16.1-4 autopoint_0.19.8.1-9 autotools-dev_20180224.1 base-files_10.1 base-passwd_3.5.46 bash_5.0-2 binutils_2.31.1-15 binutils-arm-linux-gnueabihf_2.31.1-15 binutils-common_2.31.1-15 binutils-x86-64-linux-gnu_2.31.1-15 bsdmainutils_11.1.2+b1 bsdutils_1:2.33.1-0.1 build-essential_12.6 bzip2_1.0.6-9 ca-certificates_20190110 ccache_3.6-1 cmake_3.13.4-1 cmake-data_3.13.4-1 coreutils_8.30-3 cpp_4:8.3.0-1 cpp-8_8.3.0-2 cpp-8-arm-linux-gnueabihf_8.3.0-2cross1 cpp-arm-linux-gnueabihf_4:8.3.0-1 cross-config_2.6.15-2 crossbuild-essential-armhf_12.6 dash_0.5.10.2-5 debconf_1.5.71 debhelper_12.1.1 debian-archive-keyring_2018.1 debianutils_4.8.6.1 dh-autoreconf_19 dh-strip-nondeterminism_1.1.1-1 diffutils_1:3.7-2 dirmngr_2.2.13-1 dpkg_1.19.5 dpkg-cross_2.6.15-2 dpkg-dev_1.19.5 dwz_0.12-3 e2fsprogs_1.45.0-1 eatmydata_105-7 fakeroot_1.23-1 fdisk_2.33.1-0.1 file_1:5.35-4 findutils_4.6.0+git+20190209-2 g++_4:8.3.0-1 g++-8_8.3.0-2 g++-8-arm-linux-gnueabihf_8.3.0-2cross1 g++-arm-linux-gnueabihf_4:8.3.0-1 gcc_4:8.3.0-1 gcc-8_8.3.0-2 gcc-8-arm-linux-gnueabihf_8.3.0-2cross1 gcc-8-arm-linux-gnueabihf-base_8.3.0-2cross1 gcc-8-base_8.3.0-2 gcc-8-cross-base_8.3.0-2cross1 gcc-arm-linux-gnueabihf_4:8.3.0-1 gettext_0.19.8.1-9 gettext-base_0.19.8.1-9 gnupg_2.2.13-1 gnupg-l10n_2.2.13-1 gnupg-utils_2.2.13-1 gpg_2.2.13-1 gpg-agent_2.2.13-1 gpg-wks-client_2.2.13-1 gpg-wks-server_2.2.13-1 gpgconf_2.2.13-1 gpgsm_2.2.13-1 gpgv_2.2.13-1 grep_3.3-1 groff-base_1.22.4-3 gzip_1.9-3 hostname_3.21 init-system-helpers_1.56+nmu1 intltool-debian_0.35.0+20060710.5 libacl1_2.2.53-4 libapt-pkg5.0_1.8.0~rc4 libarchive-zip-perl_1.64-1 libarchive13_3.3.3-4 libasan5_8.3.0-2 libasan5-armhf-cross_8.3.0-2cross1 libasound2_1.1.8-1 libasound2-data_1.1.8-1 libasound2-dev_1.1.8-1 libassuan0_2.5.2-1 libasyncns0_0.8-6 libatomic1_8.3.0-2 libatomic1-armhf-cross_8.3.0-2cross1 libattr1_1:2.4.48-4 libaudit-common_1:2.8.4-2 libaudit1_1:2.8.4-2 libauthen-sasl-perl_2.1600-1 libbinutils_2.31.1-15 libblkid-dev_2.33.1-0.1 libblkid1_2.33.1-0.1 libbsd0_0.9.1-2 libbz2-1.0_1.0.6-9 libc-bin_2.28-8 libc-dev-bin_2.28-8 libc6_2.28-8 libc6-armhf-cross_2.28-7cross1 libc6-dev_2.28-8 libc6-dev-armhf-cross_2.28-7cross1 libcap-ng0_0.7.9-2 libcap2_1:2.25-2 libcc1-0_8.3.0-2 libcom-err2_1.45.0-1 libconfig-auto-perl_0.44-1 libconfig-inifiles-perl_3.000001-1 libcroco3_0.6.12-3 libcurl4_7.64.0-1 libdata-dump-perl_1.23-1 libdb5.3_5.3.28+dfsg1-0.5 libdbus-1-3_1.12.12-1 libdebconfclient0_0.248 libdebian-dpkgcross-perl_2.6.15-2 libdpkg-perl_1.19.5 libeatmydata1_105-7 libelf1_0.176-1 libencode-locale-perl_1.05-1 libexpat1_2.2.6-1 libext2fs2_1.45.0-1 libfakeroot_1.23-1 libfdisk1_2.33.1-0.1 libffi-dev_3.2.1-9 libffi6_3.2.1-9 libfile-homedir-perl_1.004-1 libfile-listing-perl_6.04-1 libfile-stripnondeterminism-perl_1.1.1-1 libfile-which-perl_1.23-1 libflac8_1.3.2-3 libfont-afm-perl_1.20-2 libgcc-8-dev_8.3.0-2 libgcc-8-dev-armhf-cross_8.3.0-2cross1 libgcc1_1:8.3.0-2 libgcc1-armhf-cross_1:8.3.0-2cross1 libgcrypt20_1.8.4-5 libgdbm-compat4_1.18.1-3 libgdbm6_1.18.1-3 libglib2.0-0_2.58.3-1 libglib2.0-bin_2.58.3-1 libglib2.0-data_2.58.3-1 libglib2.0-dev_2.58.3-1 libglib2.0-dev-bin_2.58.3-1 libgmp10_2:6.1.2+dfsg-4 libgnutls30_3.6.6-2 libgomp1_8.3.0-2 libgomp1-armhf-cross_8.3.0-2cross1 libgpg-error0_1.35-1 libgssapi-krb5-2_1.17-2 libhogweed4_3.4.1-1 libhtml-form-perl_6.03-1 libhtml-format-perl_2.12-1 libhtml-parser-perl_3.72-3+b3 libhtml-tagset-perl_3.20-3 libhtml-tree-perl_5.07-2 libhttp-cookies-perl_6.04-1 libhttp-daemon-perl_6.01-3 libhttp-date-perl_6.02-1 libhttp-message-perl_6.18-1 libhttp-negotiate-perl_6.01-1 libice6_2:1.0.9-2 libicu63_63.1-6 libidn2-0_2.0.5-1 libio-html-perl_1.001-1 libio-socket-ssl-perl_2.060-3 libio-string-perl_1.08-3 libisl19_0.20-2 libitm1_8.3.0-2 libjack-dev_1:0.125.0-3 libjack0_1:0.125.0-3 libjsoncpp1_1.7.4-3 libk5crypto3_1.17-2 libkeyutils1_1.6-6 libkrb5-3_1.17-2 libkrb5support0_1.17-2 libksba8_1.3.5-2 libldap-2.4-2_2.4.47+dfsg-3 libldap-common_2.4.47+dfsg-3 liblocale-gettext-perl_1.07-3+b4 liblsan0_8.3.0-2 liblwp-mediatypes-perl_6.02-1 liblwp-protocol-https-perl_6.07-2 liblz4-1_1.8.3-1 liblzma5_5.2.4-1 libmagic-mgc_1:5.35-4 libmagic1_1:5.35-4 libmailtools-perl_2.18-1 libmount-dev_2.33.1-0.1 libmount1_2.33.1-0.1 libmpc3_1.1.0-1 libmpdec2_2.4.2-2 libmpfr6_4.0.2-1 libmpx2_8.3.0-2 libncurses6_6.1+20181013-2 libncursesw6_6.1+20181013-2 libnet-http-perl_6.18-1 libnet-smtp-ssl-perl_1.04-1 libnet-ssleay-perl_1.85-2+b1 libnettle6_3.4.1-1 libnghttp2-14_1.36.0-2 libnpth0_1.6-1 libogg0_1.3.2-1+b1 libp11-kit0_0.23.15-2 libpam-modules_1.3.1-5 libpam-modules-bin_1.3.1-5 libpam-runtime_1.3.1-5 libpam0g_1.3.1-5 libpcre16-3_2:8.39-11 libpcre3_2:8.39-11 libpcre3-dev_2:8.39-11 libpcre32-3_2:8.39-11 libpcrecpp0v5_2:8.39-11 libperl5.28_5.28.1-4 libpipeline1_1.5.1-2 libportaudio2_19.6.0-1 libportaudiocpp0_19.6.0-1 libprocps7_2:3.3.15-2 libpsl5_0.20.2-2 libpulse-dev_12.2-4 libpulse-mainloop-glib0_12.2-4 libpulse0_12.2-4 libpython3-stdlib_3.7.2-1 libpython3.7-minimal_3.7.2-3 libpython3.7-stdlib_3.7.2-3 libquadmath0_8.3.0-2 libreadline7_7.0-5 librhash0_1.3.8-1 librtmp1_2.4+20151223.gitfa8646d.1-2 libsasl2-2_2.1.27+dfsg-1 libsasl2-modules-db_2.1.27+dfsg-1 libseccomp2_2.3.3-4 libselinux1_2.8-1+b1 libselinux1-dev_2.8-1+b1 libsemanage-common_2.8-2 libsemanage1_2.8-2 libsepol1_2.8-1 libsepol1-dev_2.8-1 libsigsegv2_2.12-2 libsm6_2:1.2.3-1 libsmartcols1_2.33.1-0.1 libsndfile1_1.0.28-5 libsndio-dev_1.5.0-3 libsndio7.0_1.5.0-3 libsqlite3-0_3.27.2-1 libss2_1.45.0-1 libssh2-1_1.8.0-2 libssl1.1_1.1.1b-1 libstdc++-8-dev_8.3.0-2 libstdc++-8-dev-armhf-cross_8.3.0-2cross1 libstdc++6_8.3.0-2 libstdc++6-armhf-cross_8.3.0-2cross1 libsystemd0_241-1 libtasn1-6_4.13-3 libtimedate-perl_2.3000-2 libtinfo6_6.1+20181013-2 libtool_2.4.6-10 libtry-tiny-perl_0.30-1 libtsan0_8.3.0-2 libubsan1_8.3.0-2 libubsan1-armhf-cross_8.3.0-2cross1 libuchardet0_0.0.6-3 libudev1_241-1 libunistring2_0.9.10-1 liburi-perl_1.76-1 libuuid1_2.33.1-0.1 libuv1_1.24.1-1 libvorbis0a_1.3.6-2 libvorbisenc2_1.3.6-2 libwrap0_7.6.q-28 libwww-perl_6.36-1 libwww-robotrules-perl_6.02-1 libx11-6_2:1.6.7-1 libx11-data_2:1.6.7-1 libx11-xcb1_2:1.6.7-1 libxau6_1:1.0.8-1+b2 libxcb1_1.13.1-2 libxdmcp6_1:1.1.2-3 libxext6_2:1.3.3-1+b2 libxi6_2:1.7.9-1 libxml-libxml-perl_2.0134+dfsg-1 libxml-namespacesupport-perl_1.12-1 libxml-parser-perl_2.44-4 libxml-sax-base-perl_1.09-1 libxml-sax-expat-perl_0.51-1 libxml-sax-perl_1.00+dfsg-1 libxml-simple-perl_2.25-1 libxml2_2.9.4+dfsg1-7+b3 libxtst6_2:1.2.3-1 libyaml-0-2_0.2.1-1 libyaml-libyaml-perl_0.76+repack-1 libyaml-perl_1.27-1 libzstd1_1.3.8+dfsg-3 linux-libc-dev_4.19.20-1 linux-libc-dev-armhf-cross_4.19.20-1cross1 login_1:4.5-1.1 lsb-base_10.2018112800 m4_1.4.18-2 make_4.2.1-1.2 man-db_2.8.5-2 mawk_1.3.3-17+b3 mime-support_3.62 mount_2.33.1-0.1 ncurses-base_6.1+20181013-2 ncurses-bin_6.1+20181013-2 netbase_5.6 openssl_1.1.1b-1 passwd_1:4.5-1.1 patch_2.7.6-3 perl_5.28.1-4 perl-base_5.28.1-4 perl-modules-5.28_5.28.1-4 perl-openssl-defaults_3 pinentry-curses_1.1.0-1+b1 pkg-config_0.29-6 po-debconf_1.0.21 portaudio19-dev_19.6.0-1 procps_2:3.3.15-2 python3_3.7.2-1 python3-distutils_3.7.2-3 python3-lib2to3_3.7.2-3 python3-minimal_3.7.2-1 python3.7_3.7.2-3 python3.7-minimal_3.7.2-3 readline-common_7.0-5 sbuild-build-depends-main-dummy_0.invalid.0 sed_4.7-1 sensible-utils_0.0.12 sysvinit-utils_2.93-8 tar_1.30+dfsg-5 tzdata_2018i-2 ucf_3.0038+nmu1 util-linux_2.33.1-0.1 uuid-dev_2.33.1-0.1 uuid-runtime_2.33.1-0.1 x11-common_1:7.7+19 xz-utils_5.2.4-1 zlib1g_1:1.2.11.dfsg-1 zlib1g-dev_1:1.2.11.dfsg-1

+------------------------------------------------------------------------------+
| Build                                                                        |
+------------------------------------------------------------------------------+


Unpack source
-------------

-----BEGIN PGP SIGNED MESSAGE-----
Hash: SHA512

Format: 3.0 (quilt)
Source: openal-soft
Binary: libopenal-dev, libopenal1, openal-info, makehrtf, libopenal-data
Architecture: any all
Version: 1:1.19.1-1
Maintainer: Debian Games Team <pkg-games-devel@lists.alioth.debian.org>
Uploaders: Bruno "Fuddl" Kleinert <fuddl@tauware.de>, Reinhard Tartler <siretart@tauware.de>, Gon√©ri Le Bouder <goneri@rulezlan.org>, Bret Curtis <psi29a@gmail.com>
Homepage: http://kcat.strangesoft.net/openal.html
Standards-Version: 4.2.1
Vcs-Browser: https://salsa.debian.org/games-team/openal-soft
Vcs-Git: https://salsa.debian.org/games-team/openal-soft.git
Build-Depends: debhelper (>= 11), libasound2-dev [linux-any], cmake, portaudio19-dev, libpulse-dev, libsndio-dev
Package-List:
 libopenal-data deb libs optional arch=all
 libopenal-dev deb libdevel optional arch=any
 libopenal1 deb libs optional arch=any
 makehrtf deb sound optional arch=any
 openal-info deb sound optional arch=any
Checksums-Sha1:
 436ee636215555a351ac2ec3ea06611ad63d4bc7 683061 openal-soft_1.19.1.orig.tar.gz
 f9bc6be23acca14470e0358a19e3df5cf837a624 12768 openal-soft_1.19.1-1.debian.tar.xz
Checksums-Sha256:
 9f3536ab2bb7781dbafabc6a61e0b34b17edd16bd6c2eaf2ae71bc63078f98c7 683061 openal-soft_1.19.1.orig.tar.gz
 6bb1a5c6dbfdc02e5ff1d0eca00c7f2af43ca1be532424513cea20726ad48646 12768 openal-soft_1.19.1-1.debian.tar.xz
Files:
 616ecdccb6fb4ac42a04d74f54c9a188 683061 openal-soft_1.19.1.orig.tar.gz
 466696c38928e2cf572f51cda728847b 12768 openal-soft_1.19.1-1.debian.tar.xz

-----BEGIN PGP SIGNATURE-----

iQKmBAEBCgCQFiEEf0vHzDygb5cza7/rBmjMFIbC17UFAlvER8VfFIAAAAAALgAo
aXNzdWVyLWZwckBub3RhdGlvbnMub3BlbnBncC5maWZ0aGhvcnNlbWFuLm5ldDdG
NEJDN0NDM0NBMDZGOTczMzZCQkZFQjA2NjhDQzE0ODZDMkQ3QjUSHHNsb21vQGNv
YXhpb24ubmV0AAoJEAZozBSGwte1NFAQAIvebYmikU8yNRCinWygHy/9p3dKFI1b
CO8PxlTefZnpPkFCwdoIkQBNhRu4noxt/mt5+zmefeKSh59xaWUJNnkLqgzI+CrN
aFeOi3qqqGDcX51K6Aa6SCj7ngFUq132NT/lUz8d+DcR2iDCmpKAgShCxp5xvhTl
N7yuEPMt47eAd04381RJJkCaQ51bj8WmNMjZ7znjEBImtYpFmHmnHJw5/MH24/KW
dYOi4K0oes+amn0GvZ3gOAjj4nzToP0NP7bnRxPBDmcvSObkk1WLyqt9t1Wt/Kmv
FVGmxpmXAHjdryE/9qNOQtsisZ9YdmrEkanZQ2a6t0I4h5RkqidiWsk2ISZgGXGF
X9UBlHaDC6JFgikz0Ae+LPMKpzRIBWLLWZDNWIHs5XNKGoyCMC4bsHYvo7anmSOD
NBuQl8zuuXe7WzleOCswLzt6LtlYX3M6CyRWPkHtJnNw1qJSnhDTP9SAGs7n/rEf
dY/Ln8LQks7SKIHOO7KKExzgs/T+52oc49C8kjGBBLb8GsBHawcyC6w5fnedkE0j
1Tvz3kSkF+zWEYz2BtDRVFgJurSKX9ySMI1kinXi0V+Z1ZYnHQCZjSqMfdHXL3XT
g0FfoP+IZhFOKgoVNVihyNNyPMZJHeI+siXNwShqmsHsw99/BLz2b1+poRlcbpRB
SoXeFK5slS6W
=sPZt
-----END PGP SIGNATURE-----

gpgv: unknown type of key resource 'trustedkeys.kbx'
gpgv: keyblock resource '/sbuild-nonexistent/.gnupg/trustedkeys.kbx': General error
gpgv: Signature made Mon Oct 15 07:54:45 2018 UTC
gpgv:                using RSA key 7F4BC7CC3CA06F97336BBFEB0668CC1486C2D7B5
gpgv:                issuer "slomo@coaxion.net"
gpgv: Can't check signature: No public key
dpkg-source: warning: failed to verify signature on ./openal-soft_1.19.1-1.dsc
dpkg-source: info: extracting openal-soft in /<<PKGBUILDDIR>>
dpkg-source: info: unpacking openal-soft_1.19.1.orig.tar.gz
dpkg-source: info: unpacking openal-soft_1.19.1-1.debian.tar.xz

Check disk space
----------------

Sufficient free space for build

User Environment
----------------

APT_CONFIG=/var/lib/sbuild/apt.conf
CCACHE_COMPRESS=1
CCACHE_DIR=/var/cache/ccache-sbuild
CCACHE_UMASK=002
CONFIG_SITE=/etc/dpkg-cross/cross-config.armhf
DEB_BUILD_OPTIONS=nocheck
HOME=/sbuild-nonexistent
LANG=en_US.UTF-8
LC_ALL=C.UTF-8
LD_LIBRARY_PATH=/usr/lib/libeatmydata
LD_PRELOAD=libeatmydata.so
LOGNAME=build
PATH=/usr/lib/ccache:/usr/local/sbin:/usr/local/bin:/usr/sbin:/usr/bin:/sbin:/bin:/usr/games
PWD=/<<PKGBUILDDIR>>
SCHROOT_ALIAS_NAME=unstable-amd64-sbuild
SCHROOT_CHROOT_NAME=unstable-amd64-sbuild
SCHROOT_COMMAND=env
SCHROOT_GID=1000
SCHROOT_GROUP=build
SCHROOT_SESSION_ID=unstable-amd64-sbuild-4d7a541c-5067-467e-9c15-8f853aecfcee
SCHROOT_UID=1000
SCHROOT_USER=build
SHELL=/bin/sh
USER=build

dpkg-buildpackage
-----------------

Command: dpkg-buildpackage -aarmhf -Pcross,nocheck -us -uc -B -rfakeroot -j16
dpkg-buildpackage: info: source package openal-soft
dpkg-buildpackage: info: source version 1:1.19.1-1
dpkg-buildpackage: info: source distribution unstable
dpkg-buildpackage: info: source changed by Bret Curtis <psi29a@gmail.com>
dpkg-architecture: warning: specified GNU system type arm-linux-gnueabihf does not match CC system type x86_64-linux-gnu, try setting a correct CC environment variable
 dpkg-source --before-build .
dpkg-buildpackage: info: host architecture armhf
 fakeroot debian/rules clean
dh clean --builddirectory=/<<PKGBUILDDIR>>/build-tree
   debian/rules override_dh_auto_clean
make[1]: Entering directory '/<<PKGBUILDDIR>>'
rm -rf /<<PKGBUILDDIR>>/build-tree
make[1]: Leaving directory '/<<PKGBUILDDIR>>'
   dh_autoreconf_clean -O--builddirectory=/<<PKGBUILDDIR>>/build-tree
   dh_clean -O--builddirectory=/<<PKGBUILDDIR>>/build-tree
 debian/rules build-arch
dh build-arch --builddirectory=/<<PKGBUILDDIR>>/build-tree
   dh_update_autotools_config -a -O--builddirectory=/<<PKGBUILDDIR>>/build-tree
   dh_autoreconf -a -O--builddirectory=/<<PKGBUILDDIR>>/build-tree
   debian/rules override_dh_auto_configure
make[1]: Entering directory '/<<PKGBUILDDIR>>'
dh_auto_configure -- -DCMAKE_VERBOSE_MAKEFILE=ON -DLIB_SUFFIX="/arm-linux-gnueabihf" -DEXAMPLES=OFF ..
	cd build-tree && cmake -DCMAKE_INSTALL_PREFIX=/usr -DCMAKE_BUILD_TYPE=None -DCMAKE_INSTALL_SYSCONFDIR=/etc -DCMAKE_INSTALL_LOCALSTATEDIR=/var -DCMAKE_EXPORT_NO_PACKAGE_REGISTRY=ON -DCMAKE_FIND_PACKAGE_NO_PACKAGE_REGISTRY=ON -DCMAKE_INSTALL_RUNSTATEDIR=/run "-GUnix Makefiles" -DCMAKE_VERBOSE_MAKEFILE=ON -DCMAKE_SYSTEM_NAME=Linux -DCMAKE_SYSTEM_PROCESSOR=arm -DCMAKE_C_COMPILER=arm-linux-gnueabihf-gcc -DCMAKE_CXX_COMPILER=arm-linux-gnueabihf-g\+\+ -DPKG_CONFIG_EXECUTABLE=/usr/bin/arm-linux-gnueabihf-pkg-config -DPKGCONFIG_EXECUTABLE=/usr/bin/arm-linux-gnueabihf-pkg-config -DQMAKE_EXECUTABLE=/usr/bin/arm-linux-gnueabihf-qmake -DCMAKE_INSTALL_LIBDIR=lib/arm-linux-gnueabihf -DCMAKE_VERBOSE_MAKEFILE=ON -DLIB_SUFFIX=/arm-linux-gnueabihf -DEXAMPLES=OFF .. ..
Re-run cmake no build system arguments
-- The C compiler identification is GNU 8.3.0
-- The CXX compiler identification is GNU 8.3.0
-- Check for working C compiler: /usr/lib/ccache/arm-linux-gnueabihf-gcc
-- Check for working C compiler: /usr/lib/ccache/arm-linux-gnueabihf-gcc -- works
-- Detecting C compiler ABI info
-- Detecting C compiler ABI info - done
-- Detecting C compile features
-- Detecting C compile features - done
-- Check for working CXX compiler: /usr/lib/ccache/arm-linux-gnueabihf-g++
-- Check for working CXX compiler: /usr/lib/ccache/arm-linux-gnueabihf-g++ -- works
-- Detecting CXX compiler ABI info
-- Detecting CXX compiler ABI info - done
-- Detecting CXX compile features
-- Detecting CXX compile features - done
CMake Warning at CMakeLists.txt:61 (message):
  LIB_SUFFIX is deprecated.  Use the variables provided by the GNUInstallDirs
  module instead


-- Looking for sys/types.h
-- Looking for sys/types.h - found
-- Looking for stdint.h
-- Looking for stdint.h - found
-- Looking for stddef.h
-- Looking for stddef.h - found
-- Check size of long
-- Check size of long - done
-- Check size of long long
-- Check size of long long - done
-- Performing Test HAVE_STD_C11
-- Performing Test HAVE_STD_C11 - Success
-- Performing Test HAVE_STD_CXX11
-- Performing Test HAVE_STD_CXX11 - Success
-- Looking for posix_memalign
-- Looking for posix_memalign - not found
-- Looking for posix_memalign
-- Looking for posix_memalign - found
-- Checking _FILE_OFFSET_BITS for large files
-- Checking _FILE_OFFSET_BITS for large files - 64
-- Performing Test INLINE_IS_C99
-- Performing Test INLINE_IS_C99 - Success
-- Performing Test HAVE_STRUCT_TIMESPEC
-- Performing Test HAVE_STRUCT_TIMESPEC - Success
-- Performing Test HAVE_LIBATOMIC
-- Performing Test HAVE_LIBATOMIC - Success
-- Looking for __android_log_print in log
-- Looking for __android_log_print in log - not found
-- Performing Test HAVE_C99_BOOL
-- Performing Test HAVE_C99_BOOL - Success
-- Performing Test HAVE_C11_STATIC_ASSERT
-- Performing Test HAVE_C11_STATIC_ASSERT - Success
-- Performing Test HAVE_C11_ALIGNAS
-- Performing Test HAVE_C11_ALIGNAS - Success
-- Performing Test HAVE_C11_ATOMIC
-- Performing Test HAVE_C11_ATOMIC - Success
-- Performing Test HAVE_W_EXTRA
-- Performing Test HAVE_W_EXTRA - Success
-- Performing Test HAVE_FNO_MATH_ERRNO
-- Performing Test HAVE_FNO_MATH_ERRNO - Success
-- Performing Test HAVE_GCC_DESTRUCTOR
-- Performing Test HAVE_GCC_DESTRUCTOR - Success
-- Performing Test HAVE_GCC_PROTECTED_VISIBILITY
-- Performing Test HAVE_GCC_PROTECTED_VISIBILITY - Success
-- Performing Test HAVE_VISIBILITY_HIDDEN_SWITCH
-- Performing Test HAVE_VISIBILITY_HIDDEN_SWITCH - Success
-- Performing Test HAVE_ATTRIBUTE_ALIGNED
-- Performing Test HAVE_ATTRIBUTE_ALIGNED - Success
-- Performing Test HAVE___BUILTIN_ASSUME_ALIGNED
-- Performing Test HAVE___BUILTIN_ASSUME_ALIGNED - Success
-- Performing Test HAVE_MSSE_SWITCH
-- Performing Test HAVE_MSSE_SWITCH - Failed
-- Performing Test HAVE_MSSE2_SWITCH
-- Performing Test HAVE_MSSE2_SWITCH - Failed
-- Performing Test HAVE_MSSE3_SWITCH
-- Performing Test HAVE_MSSE3_SWITCH - Failed
-- Performing Test HAVE_MSSE4_1_SWITCH
-- Performing Test HAVE_MSSE4_1_SWITCH - Failed
-- Performing Test HAVE_MFPU_NEON_SWITCH
-- Performing Test HAVE_MFPU_NEON_SWITCH - Success
-- Performing Test HAVE_GCC_FORMAT
-- Performing Test HAVE_GCC_FORMAT - Success
-- Looking for stdbool.h
CMake Warning (dev) at /usr/share/cmake-3.13/Modules/CheckIncludeFile.cmake:70 (message):
  Policy CMP0075 is not set: Include file check macros honor
  CMAKE_REQUIRED_LIBRARIES.  Run "cmake --help-policy CMP0075" for policy
  details.  Use the cmake_policy command to set the policy and suppress this
  warning.

  CMAKE_REQUIRED_LIBRARIES is set to:

    atomic

  For compatibility with CMake 3.11 and below this check is ignoring it.
Call Stack (most recent call first):
  CMakeLists.txt:480 (CHECK_INCLUDE_FILE)
This warning is for project developers.  Use -Wno-dev to suppress it.

-- Looking for stdbool.h - found
-- Looking for stdalign.h
-- Looking for stdalign.h - found
-- Looking for malloc.h
-- Looking for malloc.h - found
-- Looking for dirent.h
-- Looking for dirent.h - found
-- Looking for strings.h
-- Looking for strings.h - found
-- Looking for cpuid.h
-- Looking for cpuid.h - not found
-- Looking for intrin.h
-- Looking for intrin.h - not found
-- Looking for sys/sysconf.h
-- Looking for sys/sysconf.h - not found
-- Looking for fenv.h
-- Looking for fenv.h - found
-- Looking for float.h
-- Looking for float.h - found
-- Looking for ieeefp.h
-- Looking for ieeefp.h - not found
-- Looking for guiddef.h
-- Looking for guiddef.h - not found
-- Looking for initguid.h
-- Looking for initguid.h - not found
-- Looking for pow in m
-- Looking for pow in m - found
-- Looking for dlopen in dl
-- Looking for dlopen in dl - found
-- Looking for dlfcn.h
-- Looking for dlfcn.h - found
-- Looking for sysconf
-- Looking for sysconf - found
-- Looking for aligned_alloc
-- Looking for aligned_alloc - found
-- Looking for posix_memalign
-- Looking for posix_memalign - found
-- Looking for _aligned_malloc
-- Looking for _aligned_malloc - not found
-- Looking for proc_pidpath
-- Looking for proc_pidpath - not found
-- Looking for lrintf
-- Looking for lrintf - found
-- Looking for modff
-- Looking for modff - found
-- Looking for log2f
-- Looking for log2f - found
-- Looking for cbrtf
-- Looking for cbrtf - found
-- Looking for copysignf
-- Looking for copysignf - found
-- Looking for _controlfp
-- Looking for _controlfp - not found
-- Looking for __control87_2
-- Looking for __control87_2 - not found
-- Looking for stat
-- Looking for stat - found
-- Looking for strtof
-- Looking for strtof - found
-- Looking for strcasecmp
-- Looking for strcasecmp - found
-- Looking for strncasecmp
-- Looking for strncasecmp - found
-- Looking for strnlen
-- Looking for strnlen - not found
-- Looking for snprintf
-- Looking for snprintf - found
-- Looking for isfinite
-- Looking for isfinite - found
-- Looking for isnan
-- Looking for isnan - found
-- Looking for windows.h
-- Looking for windows.h - not found
-- Looking for gettimeofday
-- Looking for gettimeofday - found
-- Looking for nanosleep
-- Looking for nanosleep - found
-- Looking for pthread.h
-- Looking for pthread.h - found
-- Looking for include files pthread.h, pthread_np.h
-- Looking for include files pthread.h, pthread_np.h - not found
-- Performing Test HAVE_PTHREAD
-- Performing Test HAVE_PTHREAD - Success
-- Looking for pthread_create in pthread
-- Looking for pthread_create in pthread - found
-- Looking for pthread_setschedparam
-- Looking for pthread_setschedparam - found
-- Looking for pthread_setname_np
-- Looking for pthread_setname_np - not found
-- Looking for pthread_set_name_np
-- Looking for pthread_set_name_np - not found
-- Looking for pthread_mutexattr_setkind_np
-- Looking for pthread_mutexattr_setkind_np - not found
-- Looking for pthread_mutex_timedlock
-- Looking for pthread_mutex_timedlock - found
-- Looking for clock_gettime in rt
-- Looking for clock_gettime in rt - found
-- Looking for getopt
-- Looking for getopt - found
-- Looking for xmmintrin.h
-- Looking for xmmintrin.h - not found
-- Looking for emmintrin.h
-- Looking for emmintrin.h - not found
-- Looking for pmmintrin.h
-- Looking for pmmintrin.h - not found
-- Looking for smmintrin.h
-- Looking for smmintrin.h - not found
-- Looking for arm_neon.h
-- Looking for arm_neon.h - found
-- Found ALSA: /usr/lib/arm-linux-gnueabihf/libasound.so (found version "1.1.8") 
-- Found OSS: /usr/include/arm-linux-gnueabihf  
-- Could NOT find AudioIO (missing: AUDIOIO_INCLUDE_DIR) 
-- Found SoundIO: /usr/lib/arm-linux-gnueabihf/libsndio.so  
-- Could NOT find QSA (missing: QSA_LIBRARY QSA_INCLUDE_DIR) 
-- Found PortAudio: /usr/lib/arm-linux-gnueabihf/libportaudio.so  
-- Found PulseAudio: /usr/lib/arm-linux-gnueabihf/libpulse.so (found version "12.2.0") 
-- Found JACK: /usr/lib/arm-linux-gnueabihf/libjack.so  
-- Looking for include files SLES/OpenSLES.h, SLES/OpenSLES_Android.h
-- Looking for include files SLES/OpenSLES.h, SLES/OpenSLES_Android.h - not found
-- Looking for pthread.h
-- Looking for pthread.h - found
-- Looking for pthread_create
-- Looking for pthread_create - found
-- Found Threads: TRUE  
-- Could NOT find SDL2 (missing: SDL2_LIBRARY SDL2_INCLUDE_DIR) 
-- Could NOT find Git (missing: GIT_EXECUTABLE) 
CMake Warning at utils/alsoft-config/CMakeLists.txt:15 (find_package):
  By not providing "FindQt5Widgets.cmake" in CMAKE_MODULE_PATH this project
  has asked CMake to find a package configuration file provided by
  "Qt5Widgets", but CMake did not find one.

  Could not find a package configuration file provided by "Qt5Widgets" with
  any of the following names:

    Qt5WidgetsConfig.cmake
    qt5widgets-config.cmake

  Add the installation prefix of "Qt5Widgets" to CMAKE_PREFIX_PATH or set
  "Qt5Widgets_DIR" to a directory containing one of the above files.  If
  "Qt5Widgets" provides a separate development package or SDK, be sure it has
  been installed.


-- Found unsuitable Qt version "" from NOTFOUND
-- Could NOT find SDL2 (missing: SDL2_LIBRARY SDL2_INCLUDE_DIR) 
-- 
-- Building OpenAL with support for the following backends:
--      ALSA, OSS, SndIO (linked), PortAudio, PulseAudio, JACK, WaveFile, Null
-- 
-- Building with support for CPU extensions:
--     Default, Neon
-- 
-- Embedding HRTF datasets
-- 
-- Installing sample configuration
-- 
-- Installing HRTF definitions
-- 
-- Installing AmbDec presets
-- 
-- Building utility programs
-- 
-- Building test programs
-- 
-- Building example programs
-- Configuring done
-- Generating done
CMake Warning:
  Manually-specified variables were not used by the project:

    CMAKE_EXPORT_NO_PACKAGE_REGISTRY
    EXAMPLES
    LIB_SUFFIX
    PKGCONFIG_EXECUTABLE
    PKG_CONFIG_EXECUTABLE
    QMAKE_EXECUTABLE


-- Build files have been written to: /<<PKGBUILDDIR>>/build-tree
make[1]: Leaving directory '/<<PKGBUILDDIR>>'
   dh_auto_build -a -O--builddirectory=/<<PKGBUILDDIR>>/build-tree
	cd build-tree && make -j16 "INSTALL=install --strip-program=true" PKG_CONFIG=arm-linux-gnueabihf-pkg-config CXX=arm-linux-gnueabihf-g\+\+ CC=arm-linux-gnueabihf-gcc
make[1]: Entering directory '/<<PKGBUILDDIR>>/build-tree'
/usr/bin/cmake -S/<<PKGBUILDDIR>> -B/<<PKGBUILDDIR>>/build-tree --check-build-system CMakeFiles/Makefile.cmake 0
/usr/bin/cmake -E cmake_progress_start /<<PKGBUILDDIR>>/build-tree/CMakeFiles /<<PKGBUILDDIR>>/build-tree/CMakeFiles/progress.marks
make -f CMakeFiles/Makefile2 all
make[2]: Entering directory '/<<PKGBUILDDIR>>/build-tree'
make -f CMakeFiles/common.dir/build.make CMakeFiles/common.dir/depend
make -f CMakeFiles/native-tools.dir/build.make CMakeFiles/native-tools.dir/depend
make -f CMakeFiles/makehrtf.dir/build.make CMakeFiles/makehrtf.dir/depend
make[3]: Entering directory '/<<PKGBUILDDIR>>/build-tree'
cd /<<PKGBUILDDIR>>/build-tree && /usr/bin/cmake -E cmake_depends "Unix Makefiles" /<<PKGBUILDDIR>> /<<PKGBUILDDIR>> /<<PKGBUILDDIR>>/build-tree /<<PKGBUILDDIR>>/build-tree /<<PKGBUILDDIR>>/build-tree/CMakeFiles/makehrtf.dir/DependInfo.cmake --color=
make[3]: Entering directory '/<<PKGBUILDDIR>>/build-tree'
cd /<<PKGBUILDDIR>>/build-tree && /usr/bin/cmake -E cmake_depends "Unix Makefiles" /<<PKGBUILDDIR>> /<<PKGBUILDDIR>> /<<PKGBUILDDIR>>/build-tree /<<PKGBUILDDIR>>/build-tree /<<PKGBUILDDIR>>/build-tree/CMakeFiles/native-tools.dir/DependInfo.cmake --color=
make[3]: Entering directory '/<<PKGBUILDDIR>>/build-tree'
cd /<<PKGBUILDDIR>>/build-tree && /usr/bin/cmake -E cmake_depends "Unix Makefiles" /<<PKGBUILDDIR>> /<<PKGBUILDDIR>> /<<PKGBUILDDIR>>/build-tree /<<PKGBUILDDIR>>/build-tree /<<PKGBUILDDIR>>/build-tree/CMakeFiles/common.dir/DependInfo.cmake --color=
Dependee "/<<PKGBUILDDIR>>/build-tree/CMakeFiles/common.dir/DependInfo.cmake" is newer than depender "/<<PKGBUILDDIR>>/build-tree/CMakeFiles/common.dir/depend.internal".
Dependee "/<<PKGBUILDDIR>>/build-tree/CMakeFiles/CMakeDirectoryInformation.cmake" is newer than depender "/<<PKGBUILDDIR>>/build-tree/CMakeFiles/common.dir/depend.internal".
Dependee "/<<PKGBUILDDIR>>/build-tree/CMakeFiles/native-tools.dir/DependInfo.cmake" is newer than depender "/<<PKGBUILDDIR>>/build-tree/CMakeFiles/native-tools.dir/depend.internal".
Scanning dependencies of target common
Dependee "/<<PKGBUILDDIR>>/build-tree/CMakeFiles/CMakeDirectoryInformation.cmake" is newer than depender "/<<PKGBUILDDIR>>/build-tree/CMakeFiles/native-tools.dir/depend.internal".
make[3]: Leaving directory '/<<PKGBUILDDIR>>/build-tree'
make -f CMakeFiles/common.dir/build.make CMakeFiles/common.dir/build
Scanning dependencies of target native-tools
make[3]: Leaving directory '/<<PKGBUILDDIR>>/build-tree'
make -f CMakeFiles/native-tools.dir/build.make CMakeFiles/native-tools.dir/build
Dependee "/<<PKGBUILDDIR>>/build-tree/CMakeFiles/makehrtf.dir/DependInfo.cmake" is newer than depender "/<<PKGBUILDDIR>>/build-tree/CMakeFiles/makehrtf.dir/depend.internal".
Dependee "/<<PKGBUILDDIR>>/build-tree/CMakeFiles/CMakeDirectoryInformation.cmake" is newer than depender "/<<PKGBUILDDIR>>/build-tree/CMakeFiles/makehrtf.dir/depend.internal".
make[3]: Entering directory '/<<PKGBUILDDIR>>/build-tree'
make[3]: Entering directory '/<<PKGBUILDDIR>>/build-tree'
Scanning dependencies of target makehrtf
make[3]: Leaving directory '/<<PKGBUILDDIR>>/build-tree'
make -f CMakeFiles/makehrtf.dir/build.make CMakeFiles/makehrtf.dir/build
make[3]: Entering directory '/<<PKGBUILDDIR>>/build-tree'
[  2%] Building C object CMakeFiles/common.dir/common/threads.c.o
[  2%] Building C object CMakeFiles/common.dir/common/almalloc.c.o
[  4%] Building C object CMakeFiles/common.dir/common/alcomplex.c.o
/usr/lib/ccache/arm-linux-gnueabihf-gcc -DHAVE_STRUCT_TIMESPEC -D_FILE_OFFSET_BITS=64 -D_LARGEFILE_SOURCE -D_LARGE_FILES -D_POSIX_C_SOURCE=200112L -D_XOPEN_SOURCE=600 -I/<<PKGBUILDDIR>>/include -I/<<PKGBUILDDIR>>/common -I/<<PKGBUILDDIR>>/build-tree  -fno-gnu89-inline -std=c11 -g -O2 -fdebug-prefix-map=/<<PKGBUILDDIR>>=. -fstack-protector-strong -Wformat -Werror=format-security -Wdate-time -D_FORTIFY_SOURCE=2 -Wdate-time -D_FORTIFY_SOURCE=2 -fPIC   -Winline -Wall -Wextra -fno-math-errno -fvisibility=hidden -pthread -o CMakeFiles/common.dir/common/threads.c.o   -c /<<PKGBUILDDIR>>/common/threads.c
/usr/lib/ccache/arm-linux-gnueabihf-gcc -DHAVE_STRUCT_TIMESPEC -D_FILE_OFFSET_BITS=64 -D_LARGEFILE_SOURCE -D_LARGE_FILES -D_POSIX_C_SOURCE=200112L -D_XOPEN_SOURCE=600 -I/<<PKGBUILDDIR>>/include -I/<<PKGBUILDDIR>>/common -I/<<PKGBUILDDIR>>/build-tree  -fno-gnu89-inline -std=c11 -g -O2 -fdebug-prefix-map=/<<PKGBUILDDIR>>=. -fstack-protector-strong -Wformat -Werror=format-security -Wdate-time -D_FORTIFY_SOURCE=2 -Wdate-time -D_FORTIFY_SOURCE=2 -fPIC   -Winline -Wall -Wextra -fno-math-errno -fvisibility=hidden -pthread -o CMakeFiles/common.dir/common/almalloc.c.o   -c /<<PKGBUILDDIR>>/common/almalloc.c
/usr/lib/ccache/arm-linux-gnueabihf-gcc -DHAVE_STRUCT_TIMESPEC -D_FILE_OFFSET_BITS=64 -D_LARGEFILE_SOURCE -D_LARGE_FILES -D_POSIX_C_SOURCE=200112L -D_XOPEN_SOURCE=600 -I/<<PKGBUILDDIR>>/include -I/<<PKGBUILDDIR>>/common -I/<<PKGBUILDDIR>>/build-tree  -fno-gnu89-inline -std=c11 -g -O2 -fdebug-prefix-map=/<<PKGBUILDDIR>>=. -fstack-protector-strong -Wformat -Werror=format-security -Wdate-time -D_FORTIFY_SOURCE=2 -Wdate-time -D_FORTIFY_SOURCE=2 -fPIC   -Winline -Wall -Wextra -fno-math-errno -fvisibility=hidden -pthread -o CMakeFiles/common.dir/common/alcomplex.c.o   -c /<<PKGBUILDDIR>>/common/alcomplex.c
[  5%] Building C object CMakeFiles/common.dir/common/uintmap.c.o
/usr/lib/ccache/arm-linux-gnueabihf-gcc -DHAVE_STRUCT_TIMESPEC -D_FILE_OFFSET_BITS=64 -D_LARGEFILE_SOURCE -D_LARGE_FILES -D_POSIX_C_SOURCE=200112L -D_XOPEN_SOURCE=600 -I/<<PKGBUILDDIR>>/include -I/<<PKGBUILDDIR>>/common -I/<<PKGBUILDDIR>>/build-tree  -fno-gnu89-inline -std=c11 -g -O2 -fdebug-prefix-map=/<<PKGBUILDDIR>>=. -fstack-protector-strong -Wformat -Werror=format-security -Wdate-time -D_FORTIFY_SOURCE=2 -Wdate-time -D_FORTIFY_SOURCE=2 -fPIC   -Winline -Wall -Wextra -fno-math-errno -fvisibility=hidden -pthread -o CMakeFiles/common.dir/common/uintmap.c.o   -c /<<PKGBUILDDIR>>/common/uintmap.c
[  6%] Building C object CMakeFiles/common.dir/common/atomic.c.o
[  8%] Building C object CMakeFiles/common.dir/common/rwlock.c.o
/usr/lib/ccache/arm-linux-gnueabihf-gcc -DHAVE_STRUCT_TIMESPEC -D_FILE_OFFSET_BITS=64 -D_LARGEFILE_SOURCE -D_LARGE_FILES -D_POSIX_C_SOURCE=200112L -D_XOPEN_SOURCE=600 -I/<<PKGBUILDDIR>>/include -I/<<PKGBUILDDIR>>/common -I/<<PKGBUILDDIR>>/build-tree  -fno-gnu89-inline -std=c11 -g -O2 -fdebug-prefix-map=/<<PKGBUILDDIR>>=. -fstack-protector-strong -Wformat -Werror=format-security -Wdate-time -D_FORTIFY_SOURCE=2 -Wdate-time -D_FORTIFY_SOURCE=2 -fPIC   -Winline -Wall -Wextra -fno-math-errno -fvisibility=hidden -pthread -o CMakeFiles/common.dir/common/atomic.c.o   -c /<<PKGBUILDDIR>>/common/atomic.c
/usr/lib/ccache/arm-linux-gnueabihf-gcc -DHAVE_STRUCT_TIMESPEC -D_FILE_OFFSET_BITS=64 -D_LARGEFILE_SOURCE -D_LARGE_FILES -D_POSIX_C_SOURCE=200112L -D_XOPEN_SOURCE=600 -I/<<PKGBUILDDIR>>/include -I/<<PKGBUILDDIR>>/common -I/<<PKGBUILDDIR>>/build-tree  -fno-gnu89-inline -std=c11 -g -O2 -fdebug-prefix-map=/<<PKGBUILDDIR>>=. -fstack-protector-strong -Wformat -Werror=format-security -Wdate-time -D_FORTIFY_SOURCE=2 -Wdate-time -D_FORTIFY_SOURCE=2 -fPIC   -Winline -Wall -Wextra -fno-math-errno -fvisibility=hidden -pthread -o CMakeFiles/common.dir/common/rwlock.c.o   -c /<<PKGBUILDDIR>>/common/rwlock.c
[  9%] Generating native-tools/bin2h, native-tools/bsincgen
[ 10%] Building C object CMakeFiles/makehrtf.dir/utils/makehrtf.c.o
cd /<<PKGBUILDDIR>>/build-tree/native-tools && /usr/bin/cmake -G "Unix Makefiles" /<<PKGBUILDDIR>>/native-tools/
/usr/lib/ccache/arm-linux-gnueabihf-gcc -DHAVE_STRUCT_TIMESPEC -D_FILE_OFFSET_BITS=64 -D_LARGEFILE_SOURCE -D_LARGE_FILES -D_POSIX_C_SOURCE=200112L -D_XOPEN_SOURCE=600 -I/<<PKGBUILDDIR>>/include -I/<<PKGBUILDDIR>>/common -I/<<PKGBUILDDIR>>/build-tree  -fno-gnu89-inline -std=c11 -g -O2 -fdebug-prefix-map=/<<PKGBUILDDIR>>=. -fstack-protector-strong -Wformat -Werror=format-security -Wdate-time -D_FORTIFY_SOURCE=2 -Wdate-time -D_FORTIFY_SOURCE=2   -Winline -Wall -Wextra -fno-math-errno -fvisibility=hidden -pthread -o CMakeFiles/makehrtf.dir/utils/makehrtf.c.o   -c /<<PKGBUILDDIR>>/utils/makehrtf.c
Re-run cmake no build system arguments
-- The C compiler identification is GNU 8.3.0
-- The CXX compiler identification is GNU 8.3.0
[ 12%] Linking C static library libcommon.a
/usr/bin/cmake -P CMakeFiles/common.dir/cmake_clean_target.cmake
-- Check for working C compiler: /usr/lib/ccache/arm-linux-gnueabihf-gcc
/usr/bin/cmake -E cmake_link_script CMakeFiles/common.dir/link.txt --verbose=1
/usr/bin/arm-linux-gnueabihf-ar qc libcommon.a  CMakeFiles/common.dir/common/alcomplex.c.o CMakeFiles/common.dir/common/almalloc.c.o CMakeFiles/common.dir/common/atomic.c.o CMakeFiles/common.dir/common/rwlock.c.o CMakeFiles/common.dir/common/threads.c.o CMakeFiles/common.dir/common/uintmap.c.o
/usr/bin/arm-linux-gnueabihf-ranlib libcommon.a
make[3]: Leaving directory '/<<PKGBUILDDIR>>/build-tree'
[ 12%] Built target common
-- Check for working C compiler: /usr/lib/ccache/arm-linux-gnueabihf-gcc -- works
-- Detecting C compiler ABI info
-- Detecting C compiler ABI info - done
-- Detecting C compile features
-- Detecting C compile features - done
-- Check for working CXX compiler: /usr/lib/ccache/arm-linux-gnueabihf-g++
-- Check for working CXX compiler: /usr/lib/ccache/arm-linux-gnueabihf-g++ -- works
-- Detecting CXX compiler ABI info
[ 13%] Linking C executable makehrtf
/usr/bin/cmake -E cmake_link_script CMakeFiles/makehrtf.dir/link.txt --verbose=1
/usr/lib/ccache/arm-linux-gnueabihf-gcc -fno-gnu89-inline -std=c11 -g -O2 -fdebug-prefix-map=/<<PKGBUILDDIR>>=. -fstack-protector-strong -Wformat -Werror=format-security -Wdate-time -D_FORTIFY_SOURCE=2 -Wdate-time -D_FORTIFY_SOURCE=2  -Wl,-z,relro -rdynamic CMakeFiles/makehrtf.dir/utils/makehrtf.c.o  -o makehrtf -pthread -lm 
make[3]: Leaving directory '/<<PKGBUILDDIR>>/build-tree'
[ 13%] Built target makehrtf
-- Detecting CXX compiler ABI info - done
-- Detecting CXX compile features
-- Detecting CXX compile features - done
-- Looking for pow in m
-- Looking for pow in m - found
-- Configuring done
-- Generating done
-- Build files have been written to: /<<PKGBUILDDIR>>/build-tree/native-tools
cd /<<PKGBUILDDIR>>/build-tree/native-tools && /usr/bin/cmake -E remove /<<PKGBUILDDIR>>/build-tree/native-tools/bin2h /<<PKGBUILDDIR>>/build-tree/native-tools/bsincgen
cd /<<PKGBUILDDIR>>/build-tree/native-tools && /usr/bin/cmake --build . --config Release
make[4]: Entering directory '/<<PKGBUILDDIR>>/build-tree/native-tools'
make[4]: warning: jobserver unavailable: using -j1.  Add '+' to parent make rule.
/usr/bin/cmake -S/<<PKGBUILDDIR>>/native-tools -B/<<PKGBUILDDIR>>/build-tree/native-tools --check-build-system CMakeFiles/Makefile.cmake 0
/usr/bin/cmake -E cmake_progress_start /<<PKGBUILDDIR>>/build-tree/native-tools/CMakeFiles /<<PKGBUILDDIR>>/build-tree/native-tools/CMakeFiles/progress.marks
/usr/bin/make -f CMakeFiles/Makefile2 all
make[5]: Entering directory '/<<PKGBUILDDIR>>/build-tree/native-tools'
/usr/bin/make -f CMakeFiles/bin2h.dir/build.make CMakeFiles/bin2h.dir/depend
make[6]: Entering directory '/<<PKGBUILDDIR>>/build-tree/native-tools'
cd /<<PKGBUILDDIR>>/build-tree/native-tools && /usr/bin/cmake -E cmake_depends "Unix Makefiles" /<<PKGBUILDDIR>>/native-tools /<<PKGBUILDDIR>>/native-tools /<<PKGBUILDDIR>>/build-tree/native-tools /<<PKGBUILDDIR>>/build-tree/native-tools /<<PKGBUILDDIR>>/build-tree/native-tools/CMakeFiles/bin2h.dir/DependInfo.cmake --color=
Dependee "/<<PKGBUILDDIR>>/build-tree/native-tools/CMakeFiles/bin2h.dir/DependInfo.cmake" is newer than depender "/<<PKGBUILDDIR>>/build-tree/native-tools/CMakeFiles/bin2h.dir/depend.internal".
Dependee "/<<PKGBUILDDIR>>/build-tree/native-tools/CMakeFiles/CMakeDirectoryInformation.cmake" is newer than depender "/<<PKGBUILDDIR>>/build-tree/native-tools/CMakeFiles/bin2h.dir/depend.internal".
Scanning dependencies of target bin2h
make[6]: Leaving directory '/<<PKGBUILDDIR>>/build-tree/native-tools'
/usr/bin/make -f CMakeFiles/bin2h.dir/build.make CMakeFiles/bin2h.dir/build
make[6]: Entering directory '/<<PKGBUILDDIR>>/build-tree/native-tools'
[ 25%] Building C object CMakeFiles/bin2h.dir/bin2h.c.o
/usr/lib/ccache/arm-linux-gnueabihf-gcc   -g -O2 -fdebug-prefix-map=/<<PKGBUILDDIR>>=. -fstack-protector-strong -Wformat -Werror=format-security   -o CMakeFiles/bin2h.dir/bin2h.c.o   -c /<<PKGBUILDDIR>>/native-tools/bin2h.c
[ 50%] Linking C executable bin2h
/usr/bin/cmake -E cmake_link_script CMakeFiles/bin2h.dir/link.txt --verbose=1
/usr/lib/ccache/arm-linux-gnueabihf-gcc -g -O2 -fdebug-prefix-map=/<<PKGBUILDDIR>>=. -fstack-protector-strong -Wformat -Werror=format-security  -Wl,-z,relro -rdynamic CMakeFiles/bin2h.dir/bin2h.c.o  -o bin2h 
make[6]: Leaving directory '/<<PKGBUILDDIR>>/build-tree/native-tools'
[ 50%] Built target bin2h
/usr/bin/make -f CMakeFiles/bsincgen.dir/build.make CMakeFiles/bsincgen.dir/depend
make[6]: Entering directory '/<<PKGBUILDDIR>>/build-tree/native-tools'
cd /<<PKGBUILDDIR>>/build-tree/native-tools && /usr/bin/cmake -E cmake_depends "Unix Makefiles" /<<PKGBUILDDIR>>/native-tools /<<PKGBUILDDIR>>/native-tools /<<PKGBUILDDIR>>/build-tree/native-tools /<<PKGBUILDDIR>>/build-tree/native-tools /<<PKGBUILDDIR>>/build-tree/native-tools/CMakeFiles/bsincgen.dir/DependInfo.cmake --color=
Dependee "/<<PKGBUILDDIR>>/build-tree/native-tools/CMakeFiles/bsincgen.dir/DependInfo.cmake" is newer than depender "/<<PKGBUILDDIR>>/build-tree/native-tools/CMakeFiles/bsincgen.dir/depend.internal".
Dependee "/<<PKGBUILDDIR>>/build-tree/native-tools/CMakeFiles/CMakeDirectoryInformation.cmake" is newer than depender "/<<PKGBUILDDIR>>/build-tree/native-tools/CMakeFiles/bsincgen.dir/depend.internal".
Scanning dependencies of target bsincgen
make[6]: Leaving directory '/<<PKGBUILDDIR>>/build-tree/native-tools'
/usr/bin/make -f CMakeFiles/bsincgen.dir/build.make CMakeFiles/bsincgen.dir/build
make[6]: Entering directory '/<<PKGBUILDDIR>>/build-tree/native-tools'
[ 75%] Building C object CMakeFiles/bsincgen.dir/bsincgen.c.o
/usr/lib/ccache/arm-linux-gnueabihf-gcc   -g -O2 -fdebug-prefix-map=/<<PKGBUILDDIR>>=. -fstack-protector-strong -Wformat -Werror=format-security   -o CMakeFiles/bsincgen.dir/bsincgen.c.o   -c /<<PKGBUILDDIR>>/native-tools/bsincgen.c
[100%] Linking C executable bsincgen
/usr/bin/cmake -E cmake_link_script CMakeFiles/bsincgen.dir/link.txt --verbose=1
/usr/lib/ccache/arm-linux-gnueabihf-gcc -g -O2 -fdebug-prefix-map=/<<PKGBUILDDIR>>=. -fstack-protector-strong -Wformat -Werror=format-security  -Wl,-z,relro -rdynamic CMakeFiles/bsincgen.dir/bsincgen.c.o  -o bsincgen -lm 
make[6]: Leaving directory '/<<PKGBUILDDIR>>/build-tree/native-tools'
[100%] Built target bsincgen
make[5]: Leaving directory '/<<PKGBUILDDIR>>/build-tree/native-tools'
/usr/bin/cmake -E cmake_progress_start /<<PKGBUILDDIR>>/build-tree/native-tools/CMakeFiles 0
make[4]: Leaving directory '/<<PKGBUILDDIR>>/build-tree/native-tools'
make[3]: Leaving directory '/<<PKGBUILDDIR>>/build-tree'
[ 13%] Built target native-tools
make -f CMakeFiles/OpenAL.dir/build.make CMakeFiles/OpenAL.dir/depend
make[3]: Entering directory '/<<PKGBUILDDIR>>/build-tree'
[ 15%] Generating default-44100.mhr.h
native-tools/bin2h /<<PKGBUILDDIR>>/hrtf/default-44100.mhr /<<PKGBUILDDIR>>/build-tree/default-44100.mhr.h hrtf_default_44100
[ 16%] Generating default-48000.mhr.h
native-tools/bin2h: 1: native-tools/bin2h: Syntax error: word unexpected (expecting ")")
native-tools/bin2h /<<PKGBUILDDIR>>/hrtf/default-48000.mhr /<<PKGBUILDDIR>>/build-tree/default-48000.mhr.h hrtf_default_48000
make[3]: *** [CMakeFiles/OpenAL.dir/build.make:65: default-44100.mhr.h] Error 2
make[3]: *** Waiting for unfinished jobs....
native-tools/bin2h: 1: native-tools/bin2h: Syntax error: word unexpected (expecting ")")
make[3]: *** [CMakeFiles/OpenAL.dir/build.make:69: default-48000.mhr.h] Error 2
[ 17%] Generating bsinc_inc.h
native-tools/bsincgen /<<PKGBUILDDIR>>/build-tree/bsinc_inc.h
native-tools/bsincgen: 1: native-tools/bsincgen: Syntax error: word unexpected (expecting ")")
make[3]: *** [CMakeFiles/OpenAL.dir/build.make:73: bsinc_inc.h] Error 2
make[3]: Leaving directory '/<<PKGBUILDDIR>>/build-tree'
make[2]: *** [CMakeFiles/Makefile2:188: CMakeFiles/OpenAL.dir/all] Error 2
make[2]: Leaving directory '/<<PKGBUILDDIR>>/build-tree'
make[1]: *** [Makefile:133: all] Error 2
make[1]: Leaving directory '/<<PKGBUILDDIR>>/build-tree'
dh_auto_build: cd build-tree && make -j16 "INSTALL=install --strip-program=true" PKG_CONFIG=arm-linux-gnueabihf-pkg-config CXX=arm-linux-gnueabihf-g\+\+ CC=arm-linux-gnueabihf-gcc returned exit code 2
make: *** [debian/rules:38: build-arch] Error 2
dpkg-buildpackage: error: debian/rules build-arch subprocess returned exit status 2
--------------------------------------------------------------------------------
Build finished at 2019-03-07T17:10:25Z

Finished
--------


+------------------------------------------------------------------------------+
| Cleanup                                                                      |
+------------------------------------------------------------------------------+

Purging /<<BUILDDIR>>
Reading package lists...
Building dependency tree...
Reading state information...
The following packages were automatically installed and are no longer required:
  libauthen-sasl-perl libdata-dump-perl libfont-afm-perl libhtml-form-perl
  libhtml-format-perl libhttp-daemon-perl libmailtools-perl
  libnet-smtp-ssl-perl libyaml-0-2 libyaml-libyaml-perl uuid-runtime
Use 'apt autoremove' to remove them.
0 upgraded, 0 newly installed, 0 to remove and 0 not upgraded.
Reading package lists...
Building dependency tree...
Reading state information...
The following packages were automatically installed and are no longer required:
  libauthen-sasl-perl libdata-dump-perl libfont-afm-perl libhtml-form-perl
  libhtml-format-perl libhttp-daemon-perl libmailtools-perl
  libnet-smtp-ssl-perl libyaml-0-2 libyaml-libyaml-perl uuid-runtime
Use 'apt autoremove' to remove them.
The following packages will be REMOVED:
  autoconf* automake* autopoint* autotools-dev* bsdmainutils* cmake*
  cmake-data* debhelper* dh-autoreconf* dh-strip-nondeterminism* dwz*
  gcc-8-base:armhf* gettext* gettext-base* groff-base* intltool-debian*
  libarchive-zip-perl* libarchive13* libasan5:armhf* libasound2:armhf*
  libasound2-data* libasound2-dev:armhf* libasyncns0:armhf* libatomic1:armhf*
  libblkid-dev:armhf* libblkid1:armhf* libbsd0* libbsd0:armhf* libc6:armhf*
  libc6-dev:armhf* libcap2:armhf* libcroco3* libcurl4* libdb5.3:armhf*
  libdbus-1-3:armhf* libelf1* libffi-dev:armhf* libffi6:armhf*
  libfile-stripnondeterminism-perl* libflac8:armhf* libgcc-8-dev:armhf*
  libgcc1:armhf* libgcrypt20:armhf* libglib2.0-0* libglib2.0-0:armhf*
  libglib2.0-bin* libglib2.0-data* libglib2.0-dev:armhf* libglib2.0-dev-bin*
  libgomp1:armhf* libgpg-error0:armhf* libgssapi-krb5-2* libice6:armhf*
  libjack-dev:armhf* libjack0:armhf* libjsoncpp1* libk5crypto3* libkeyutils1*
  libkrb5-3* libkrb5support0* liblz4-1:armhf* liblzma5:armhf*
  libmount-dev:armhf* libmount1:armhf* libmpdec2* libncurses6* libnghttp2-14*
  libogg0:armhf* libpcre16-3:armhf* libpcre3:armhf* libpcre3-dev:armhf*
  libpcre32-3:armhf* libpcrecpp0v5:armhf* libpipeline1* libportaudio2:armhf*
  libportaudiocpp0:armhf* libprocps7* libpsl5* libpulse-dev:armhf*
  libpulse-mainloop-glib0:armhf* libpulse0:armhf* libpython3-stdlib*
  libpython3.7-minimal* libpython3.7-stdlib* librhash0* librtmp1*
  libselinux1:armhf* libselinux1-dev:armhf* libsepol1:armhf*
  libsepol1-dev:armhf* libsigsegv2* libsm6:armhf* libsndfile1:armhf*
  libsndio-dev:armhf* libsndio7.0:armhf* libssh2-1* libstdc++-8-dev:armhf*
  libstdc++6:armhf* libsystemd0:armhf* libtool* libubsan1:armhf* libuchardet0*
  libuuid1:armhf* libuv1* libvorbis0a:armhf* libvorbisenc2:armhf*
  libwrap0:armhf* libx11-6:armhf* libx11-data* libx11-xcb1:armhf*
  libxau6:armhf* libxcb1:armhf* libxdmcp6:armhf* libxext6:armhf* libxi6:armhf*
  libxtst6:armhf* linux-libc-dev:armhf* m4* man-db* mime-support* pkg-config*
  po-debconf* portaudio19-dev:armhf* procps* python3* python3-distutils*
  python3-lib2to3* python3-minimal* python3.7* python3.7-minimal*
  sbuild-build-depends-main-dummy:armhf* uuid-dev:armhf* x11-common*
  zlib1g:armhf* zlib1g-dev:armhf*
0 upgraded, 0 newly installed, 135 to remove and 0 not upgraded.
After this operation, 178 MB disk space will be freed.
(Reading database ... 24928 files and directories currently installed.)
Removing sbuild-build-depends-main-dummy:armhf (0.invalid.0) ...
Removing cmake (3.13.4-1) ...
Removing cmake-data (3.13.4-1) ...
Removing libstdc++-8-dev:armhf (8.3.0-2) ...
Removing libgcc-8-dev:armhf (8.3.0-2) ...
Removing libubsan1:armhf (8.3.0-2) ...
Removing portaudio19-dev:armhf (19.6.0-1) ...
Removing libportaudiocpp0:armhf (19.6.0-1) ...
Removing libarchive13:amd64 (3.3.3-4) ...
Removing libasan5:armhf (8.3.0-2) ...
Removing libsndio-dev:armhf (1.5.0-3) ...
Removing libsndio7.0:armhf (1.5.0-3) ...
Removing libportaudio2:armhf (19.6.0-1) ...
Removing libasound2-dev:armhf (1.1.8-1) ...
Removing libpulse-dev:armhf (12.2-4) ...
Removing libpulse-mainloop-glib0:armhf (12.2-4) ...
Removing libpulse0:armhf (12.2-4) ...
Removing libasyncns0:armhf (0.8-6) ...
Removing libatomic1:armhf (8.3.0-2) ...
Removing libglib2.0-dev:armhf (2.58.3-1) ...
Removing libmount-dev:armhf (2.33.1-0.1) ...
Removing libblkid-dev:armhf (2.33.1-0.1) ...
Removing libglib2.0-0:armhf (2.58.3-1) ...
Removing libmount1:armhf (2.33.1-0.1) ...
Removing libblkid1:armhf (2.33.1-0.1) ...
Removing libxtst6:armhf (2:1.2.3-1) ...
Removing libxi6:armhf (2:1.7.9-1) ...
Removing libsm6:armhf (2:1.2.3-1) ...
Removing libice6:armhf (2:1.0.9-2) ...
Removing zlib1g-dev:armhf (1:1.2.11.dfsg-1) ...
Removing zlib1g:armhf (1:1.2.11.dfsg-1) ...
Removing libdbus-1-3:armhf (1.12.12-1) ...
Removing libsystemd0:armhf (241-1) ...
Removing liblzma5:armhf (5.2.4-1) ...
Removing libjack-dev:armhf (1:0.125.0-3) ...
Removing uuid-dev:armhf (2.33.1-0.1) ...
Removing libselinux1-dev:armhf (2.8-1+b1) ...
Removing libpcre3-dev:armhf (2:8.39-11) ...
Removing libc6-dev:armhf (2.28-8) ...
Removing libcap2:armhf (1:2.25-2) ...
Removing libcurl4:amd64 (7.64.0-1) ...
Removing libjack0:armhf (1:0.125.0-3) ...
Removing libdb5.3:armhf (5.3.28+dfsg1-0.5) ...
Removing libglib2.0-bin (2.58.3-1) ...
Removing libffi-dev:armhf (3.2.1-9) ...
Removing libffi6:armhf (3.2.1-9) ...
Removing libsndfile1:armhf (1.0.28-5) ...
Removing libflac8:armhf (1.3.2-3) ...
Removing libpcrecpp0v5:armhf (2:8.39-11) ...
Removing libgcrypt20:armhf (1.8.4-5) ...
Removing pkg-config (0.29-6) ...
Removing libglib2.0-dev-bin (2.58.3-1) ...
Removing libglib2.0-data (2.58.3-1) ...
Removing libgomp1:armhf (8.3.0-2) ...
Removing libgpg-error0:armhf (1.35-1) ...
Removing libgssapi-krb5-2:amd64 (1.17-2) ...
Removing libjsoncpp1:amd64 (1.7.4-3) ...
Removing libkrb5-3:amd64 (1.17-2) ...
Removing libk5crypto3:amd64 (1.17-2) ...
Removing libkrb5support0:amd64 (1.17-2) ...
Removing libkeyutils1:amd64 (1.6-6) ...
Removing liblz4-1:armhf (1.8.3-1) ...
Removing python3-distutils (3.7.2-3) ...
Removing python3-lib2to3 (3.7.2-3) ...
Removing python3 (3.7.2-1) ...
Removing python3.7 (3.7.2-3) ...
Removing libpython3-stdlib:amd64 (3.7.2-1) ...
Removing libpython3.7-stdlib:amd64 (3.7.2-3) ...
find: ‚Äò/usr/lib/python3‚Äô: No such file or directory
Removing libmpdec2:amd64 (2.4.2-2) ...
Removing procps (2:3.3.15-2) ...
Removing libnghttp2-14:amd64 (1.36.0-2) ...
Removing libvorbisenc2:armhf (1.3.6-2) ...
Removing libvorbis0a:armhf (1.3.6-2) ...
Removing libogg0:armhf (1.3.2-1+b1) ...
Removing libpcre16-3:armhf (2:8.39-11) ...
Removing libselinux1:armhf (2.8-1+b1) ...
Removing libpcre3:armhf (2:8.39-11) ...
Removing libpcre32-3:armhf (2:8.39-11) ...
Removing libprocps7:amd64 (2:3.3.15-2) ...
Removing libpsl5:amd64 (0.20.2-2) ...
Removing python3-minimal (3.7.2-1) ...
Removing python3.7-minimal (3.7.2-3) ...
Removing libpython3.7-minimal:amd64 (3.7.2-3) ...
find: ‚Äò/usr/lib/python3‚Äô: No such file or directory
Removing librhash0:amd64 (1.3.8-1) ...
Removing librtmp1:amd64 (2.4+20151223.gitfa8646d.1-2) ...
Removing libsepol1-dev:armhf (2.8-1) ...
Removing libsepol1:armhf (2.8-1) ...
Removing libssh2-1:amd64 (1.8.0-2) ...
Removing libuuid1:armhf (2.33.1-0.1) ...
Removing libuv1:amd64 (1.24.1-1) ...
Removing libwrap0:armhf (7.6.q-28) ...
Removing libx11-xcb1:armhf (2:1.6.7-1) ...
Removing libxext6:armhf (2:1.3.3-1+b2) ...
Removing linux-libc-dev:armhf (4.19.20-1) ...
Removing mime-support (3.62) ...
Removing x11-common (1:7.7+19) ...
invoke-rc.d: could not determine current runlevel
All runlevel operations denied by policy
invoke-rc.d: policy-rc.d denied execution of stop.
Removing libstdc++6:armhf (8.3.0-2) ...
Removing libasound2:armhf (1.1.8-1) ...
Removing libasound2-data (1.1.8-1) ...
Removing libx11-6:armhf (2:1.6.7-1) ...
Removing libxcb1:armhf (1.13.1-2) ...
Removing libxdmcp6:armhf (1:1.1.2-3) ...
Removing libbsd0:armhf (0.9.1-2) ...
Removing libx11-data (2:1.6.7-1) ...
Removing libxau6:armhf (1:1.0.8-1+b2) ...
Removing libgcc1:armhf (1:8.3.0-2) ...
Removing debhelper (12.1.1) ...
Removing dh-strip-nondeterminism (1.1.1-1) ...
Removing man-db (2.8.5-2) ...
Removing bsdmainutils (11.1.2+b1) ...
Removing dwz (0.12-3) ...
Removing gcc-8-base:armhf (8.3.0-2) ...
Removing po-debconf (1.0.21) ...
Removing intltool-debian (0.35.0+20060710.5) ...
Removing gettext (0.19.8.1-9) ...
Removing gettext-base (0.19.8.1-9) ...
Removing groff-base (1.22.4-3) ...
Removing libfile-stripnondeterminism-perl (1.1.1-1) ...
Removing libarchive-zip-perl (1.64-1) ...
Removing libbsd0:amd64 (0.9.1-2) ...
Removing libc6:armhf (2.28-8) ...
Removing libcroco3:amd64 (0.6.12-3) ...
Removing libelf1:amd64 (0.176-1) ...
Removing libglib2.0-0:amd64 (2.58.3-1) ...
Removing libncurses6:amd64 (6.1+20181013-2) ...
Removing libpipeline1:amd64 (1.5.1-2) ...
Removing libuchardet0:amd64 (0.0.6-3) ...
Removing dh-autoreconf (19) ...
Removing automake (1:1.16.1-4) ...
Removing autoconf (2.69-11) ...
Removing autopoint (0.19.8.1-9) ...
Removing libtool (2.4.6-10) ...
Removing autotools-dev (20180224.1) ...
Removing m4 (1.4.18-2) ...
Removing libsigsegv2:amd64 (2.12-2) ...
Processing triggers for ccache (3.6-1) ...
Updating symlinks in /usr/lib/ccache ...
Processing triggers for libc-bin (2.28-8) ...
(Reading database ... 16500 files and directories currently installed.)
Purging configuration files for libblkid-dev:armhf (2.33.1-0.1) ...
Purging configuration files for mime-support (3.62) ...
Purging configuration files for libpulse0:armhf (12.2-4) ...
Purging configuration files for libglib2.0-0:amd64 (2.58.3-1) ...
Purging configuration files for libglib2.0-0:armhf (2.58.3-1) ...
Purging configuration files for x11-common (1:7.7+19) ...
Purging configuration files for python3 (3.7.2-1) ...
Purging configuration files for man-db (2.8.5-2) ...
Purging configuration files for libpython3.7-minimal:amd64 (3.7.2-3) ...
Purging configuration files for libwrap0:armhf (7.6.q-28) ...
Purging configuration files for bsdmainutils (11.1.2+b1) ...
Purging configuration files for libgssapi-krb5-2:amd64 (1.17-2) ...
Purging configuration files for pkg-config (0.29-6) ...
Purging configuration files for python3.7-minimal (3.7.2-3) ...
Purging configuration files for autoconf (2.69-11) ...
Purging configuration files for libc6:armhf (2.28-8) ...
Purging configuration files for groff-base (1.22.4-3) ...
Purging configuration files for procps (2:3.3.15-2) ...
Purging configuration files for cmake-data (3.13.4-1) ...
E: Build failure (dpkg-buildpackage died)

+------------------------------------------------------------------------------+
| Summary                                                                      |
+------------------------------------------------------------------------------+

Build Architecture: amd64
Build Profiles: cross nocheck
Build Type: any
Build-Space: n/a
Build-Time: 22
Distribution: unstable-amd64-sbuild
Fail-Stage: build
Foreign Architectures: armhf
Host Architecture: armhf
Install-Time: 15
Job: /home/build/sbuild-setup/repo/pool/main/o/openal-soft/openal-soft_1.19.1-1.dsc
Machine Architecture: amd64
Package: openal-soft
Package-Time: 41
Source-Version: 1:1.19.1-1
Space: n/a
Status: attempted
Version: 1:1.19.1-1
--------------------------------------------------------------------------------
Finished at 2019-03-07T17:10:25Z
Build needed 00:00:41, no disk space
