sbuild (Debian sbuild) 0.78.1 (09 February 2019) on 4be29f1fdf49

+==============================================================================+
| openal-soft 1:1.19.1-1 (armhf)               Tue, 02 Jul 2019 11:49:57 +0000 |
+==============================================================================+

Package: openal-soft
Version: 1:1.19.1-1
Source Version: 1:1.19.1-1
Distribution: unstable-amd64-sbuild
Machine Architecture: amd64
Host Architecture: armhf
Build Architecture: amd64
Build Profiles: cross nocheck
Build Type: any

I: NOTICE: Log filtering will replace 'var/run/schroot/mount/unstable-amd64-sbuild-deec7a5a-f5d5-403e-843c-8bc8dcc72b4e' with '<<CHROOT>>'
I: NOTICE: Log filtering will replace 'build/openal-soft-27kxjl/resolver-XvAVUQ' with '<<RESOLVERDIR>>'

+------------------------------------------------------------------------------+
| Update chroot                                                                |
+------------------------------------------------------------------------------+

Hit:1 http://cdn-fastly.deb.debian.org/debian unstable InRelease
Reading package lists...
Reading package lists...
Building dependency tree...
Reading state information...
Calculating upgrade...
The following package was automatically installed and is no longer required:
  sensible-utils
Use 'apt autoremove' to remove it.
0 upgraded, 0 newly installed, 0 to remove and 0 not upgraded.

+------------------------------------------------------------------------------+
| Fetch source files                                                           |
+------------------------------------------------------------------------------+


Local sources
-------------

/home/build/sbuild-setup/repo/pool/main/o/openal-soft/openal-soft_1.19.1-1.dsc exists in /home/build/sbuild-setup/repo/pool/main/o/openal-soft; copying to chroot
I: NOTICE: Log filtering will replace 'build/openal-soft-27kxjl/openal-soft-1.19.1' with '<<PKGBUILDDIR>>'
I: NOTICE: Log filtering will replace 'build/openal-soft-27kxjl' with '<<BUILDDIR>>'

+------------------------------------------------------------------------------+
| Install package build dependencies                                           |
+------------------------------------------------------------------------------+


Setup apt archive
-----------------

Merged Build-Depends: debhelper (>= 11), libasound2-dev, cmake, portaudio19-dev, libpulse-dev, libsndio-dev, build-essential:amd64, fakeroot:amd64, crossbuild-essential-armhf:amd64, libc-dev:armhf, libstdc++-dev:armhf
Filtered Build-Depends: debhelper (>= 11), libasound2-dev, cmake, portaudio19-dev, libpulse-dev, libsndio-dev, build-essential:amd64, fakeroot:amd64, crossbuild-essential-armhf:amd64, libc-dev:armhf, libstdc++-dev:armhf
dpkg-deb: building package 'sbuild-build-depends-main-dummy' in '/<<RESOLVERDIR>>/apt_archive/sbuild-build-depends-main-dummy.deb'.
Ign:1 copy:/<<RESOLVERDIR>>/apt_archive ./ InRelease
Get:2 copy:/<<RESOLVERDIR>>/apt_archive ./ Release [957 B]
Ign:3 copy:/<<RESOLVERDIR>>/apt_archive ./ Release.gpg
Get:4 copy:/<<RESOLVERDIR>>/apt_archive ./ Sources [439 B]
Get:5 copy:/<<RESOLVERDIR>>/apt_archive ./ Packages [514 B]
Fetched 1910 B in 0s (155 kB/s)
Reading package lists...
Reading package lists...

Install main build dependencies (apt-based resolver)
----------------------------------------------------

Installing build dependencies
Reading package lists...
Building dependency tree...
Reading state information...
The following additional packages will be installed:
  autoconf automake autopoint autotools-dev binutils-arm-linux-gnueabihf
  bsdmainutils cmake cmake-data cpp-8-arm-linux-gnueabihf
  cpp-arm-linux-gnueabihf cross-config crossbuild-essential-armhf debhelper
  dh-autoreconf dh-strip-nondeterminism dpkg-cross dwz file
  g++-8-arm-linux-gnueabihf g++-arm-linux-gnueabihf gcc-8-arm-linux-gnueabihf
  gcc-8-arm-linux-gnueabihf-base gcc-8-base:armhf gcc-8-cross-base
  gcc-arm-linux-gnueabihf gettext gettext-base groff-base intltool-debian
  libarchive-zip-perl libarchive13 libasan5:armhf libasan5-armhf-cross
  libasound2:armhf libasound2-data libasound2-dev:armhf libasyncns0:armhf
  libatomic1:armhf libatomic1-armhf-cross libblkid-dev:armhf libblkid1:armhf
  libbsd0 libbsd0:armhf libc6:armhf libc6-armhf-cross libc6-dev:armhf
  libc6-dev-armhf-cross libcap2:armhf libconfig-auto-perl
  libconfig-inifiles-perl libcroco3 libcurl4 libdb5.3:armhf libdbus-1-3:armhf
  libdebian-dpkgcross-perl libexpat1 libffi-dev:armhf libffi6:armhf
  libfile-homedir-perl libfile-stripnondeterminism-perl libfile-which-perl
  libflac8:armhf libgcc-8-dev:armhf libgcc-8-dev-armhf-cross libgcc1:armhf
  libgcc1-armhf-cross libgcrypt20:armhf libglib2.0-0 libglib2.0-0:armhf
  libglib2.0-bin libglib2.0-data libglib2.0-dev:armhf libglib2.0-dev-bin
  libgomp1:armhf libgomp1-armhf-cross libgpg-error0:armhf libgssapi-krb5-2
  libice6:armhf libicu63 libio-string-perl libjack-dev:armhf libjack0:armhf
  libjsoncpp1 libk5crypto3 libkeyutils1 libkrb5-3 libkrb5support0
  liblocale-gettext-perl liblz4-1:armhf liblzma5:armhf libmagic-mgc libmagic1
  libmount-dev:armhf libmount1:armhf libmpdec2 libncurses6 libnghttp2-14
  libogg0:armhf libpcre16-3:armhf libpcre3:armhf libpcre3-dev:armhf
  libpcre32-3:armhf libpcrecpp0v5:armhf libpipeline1 libportaudio2:armhf
  libportaudiocpp0:armhf libprocps7 libpsl5 libpulse-dev:armhf
  libpulse-mainloop-glib0:armhf libpulse0:armhf libpython3-stdlib
  libpython3.7-minimal libpython3.7-stdlib librhash0 librtmp1
  libselinux1:armhf libselinux1-dev:armhf libsepol1:armhf libsepol1-dev:armhf
  libsigsegv2 libsm6:armhf libsndfile1:armhf libsndio-dev:armhf
  libsndio7.0:armhf libssh2-1 libssl1.1 libstdc++-8-dev:armhf
  libstdc++-8-dev-armhf-cross libstdc++6:armhf libstdc++6-armhf-cross
  libsystemd0:armhf libtool libubsan1:armhf libubsan1-armhf-cross libuchardet0
  libuuid1:armhf libuv1 libvorbis0a:armhf libvorbisenc2:armhf libwrap0:armhf
  libx11-6:armhf libx11-data libx11-xcb1:armhf libxau6:armhf libxcb1:armhf
  libxdmcp6:armhf libxext6:armhf libxi6:armhf libxml-libxml-perl
  libxml-namespacesupport-perl libxml-sax-base-perl libxml-sax-perl
  libxml-simple-perl libxml2 libxtst6:armhf libyaml-perl linux-libc-dev:armhf
  linux-libc-dev-armhf-cross m4 man-db mime-support pkg-config po-debconf
  portaudio19-dev:armhf procps python3 python3-distutils python3-lib2to3
  python3-minimal python3.7 python3.7-minimal ucf uuid-dev:armhf x11-common
  zlib1g:armhf zlib1g-dev:armhf
Suggested packages:
  autoconf-archive gnu-standards autoconf-doc binutils-doc wamerican
  | wordlist whois vacation cmake-doc ninja-build gcc-8-locales cpp-doc
  dh-make binutils-multiarch gcc-8-doc libstdc++6-8-dbg-armhf-cross
  libgcc1-dbg-armhf-cross libgomp1-dbg-armhf-cross libitm1-dbg-armhf-cross
  libatomic1-dbg-armhf-cross libasan5-dbg-armhf-cross liblsan0-dbg-armhf-cross
  libtsan0-dbg-armhf-cross libubsan1-dbg-armhf-cross libmpx2-dbg-armhf-cross
  libquadmath0-dbg-armhf-cross manpages-dev flex bison gdb-arm-linux-gnueabihf
  gcc-doc gettext-doc libasprintf-dev libgettextpo-dev groff lrzip
  libasound2-plugins:armhf alsa-utils libasound2-doc:armhf glibc-doc:armhf
  libc-l10n:armhf locales:armhf manpages-dev:armhf rng-tools:armhf
  libglib2.0-doc:armhf libgdk-pixbuf2.0-bin | libgdk-pixbuf2.0-dev
  libxml2-utils krb5-doc krb5-user jackd1:armhf pulseaudio:armhf sndiod:armhf
  libstdc++-8-doc:armhf libtool-doc gfortran | fortran95-compiler gcj-jdk
  libyaml-shell-perl m4-doc apparmor less www-browser libmail-box-perl
  portaudio19-doc:armhf python3-doc python3-tk python3-venv python3.7-venv
  python3.7-doc binfmt-support
Recommended packages:
  curl | wget | lynx libidn2-0:armhf ca-certificates dbus:armhf
  libarchive-cpio-perl shared-mime-info xdg-user-dirs shared-mime-info:armhf
  xdg-user-dirs:armhf libgpg-error-l10n:armhf krb5-locales libgpm2
  publicsuffix libltdl-dev uuid-runtime:armhf libwww-perl
  libxml-sax-expat-perl libyaml-libyaml-perl | libyaml-syck-perl
  libmail-sendmail-perl psmisc
The following NEW packages will be installed:
  autoconf automake autopoint autotools-dev binutils-arm-linux-gnueabihf
  bsdmainutils cmake cmake-data cpp-8-arm-linux-gnueabihf
  cpp-arm-linux-gnueabihf cross-config crossbuild-essential-armhf debhelper
  dh-autoreconf dh-strip-nondeterminism dpkg-cross dwz file
  g++-8-arm-linux-gnueabihf g++-arm-linux-gnueabihf gcc-8-arm-linux-gnueabihf
  gcc-8-arm-linux-gnueabihf-base gcc-8-base:armhf gcc-8-cross-base
  gcc-arm-linux-gnueabihf gettext gettext-base groff-base intltool-debian
  libarchive-zip-perl libarchive13 libasan5:armhf libasan5-armhf-cross
  libasound2:armhf libasound2-data libasound2-dev:armhf libasyncns0:armhf
  libatomic1:armhf libatomic1-armhf-cross libblkid-dev:armhf libblkid1:armhf
  libbsd0 libbsd0:armhf libc6:armhf libc6-armhf-cross libc6-dev:armhf
  libc6-dev-armhf-cross libcap2:armhf libconfig-auto-perl
  libconfig-inifiles-perl libcroco3 libcurl4 libdb5.3:armhf libdbus-1-3:armhf
  libdebian-dpkgcross-perl libexpat1 libffi-dev:armhf libffi6:armhf
  libfile-homedir-perl libfile-stripnondeterminism-perl libfile-which-perl
  libflac8:armhf libgcc-8-dev:armhf libgcc-8-dev-armhf-cross libgcc1:armhf
  libgcc1-armhf-cross libgcrypt20:armhf libglib2.0-0 libglib2.0-0:armhf
  libglib2.0-bin libglib2.0-data libglib2.0-dev:armhf libglib2.0-dev-bin
  libgomp1:armhf libgomp1-armhf-cross libgpg-error0:armhf libgssapi-krb5-2
  libice6:armhf libicu63 libio-string-perl libjack-dev:armhf libjack0:armhf
  libjsoncpp1 libk5crypto3 libkeyutils1 libkrb5-3 libkrb5support0
  liblocale-gettext-perl liblz4-1:armhf liblzma5:armhf libmagic-mgc libmagic1
  libmount-dev:armhf libmount1:armhf libmpdec2 libncurses6 libnghttp2-14
  libogg0:armhf libpcre16-3:armhf libpcre3:armhf libpcre3-dev:armhf
  libpcre32-3:armhf libpcrecpp0v5:armhf libpipeline1 libportaudio2:armhf
  libportaudiocpp0:armhf libprocps7 libpsl5 libpulse-dev:armhf
  libpulse-mainloop-glib0:armhf libpulse0:armhf libpython3-stdlib
  libpython3.7-minimal libpython3.7-stdlib librhash0 librtmp1
  libselinux1:armhf libselinux1-dev:armhf libsepol1:armhf libsepol1-dev:armhf
  libsigsegv2 libsm6:armhf libsndfile1:armhf libsndio-dev:armhf
  libsndio7.0:armhf libssh2-1 libssl1.1 libstdc++-8-dev:armhf
  libstdc++-8-dev-armhf-cross libstdc++6:armhf libstdc++6-armhf-cross
  libsystemd0:armhf libtool libubsan1:armhf libubsan1-armhf-cross libuchardet0
  libuuid1:armhf libuv1 libvorbis0a:armhf libvorbisenc2:armhf libwrap0:armhf
  libx11-6:armhf libx11-data libx11-xcb1:armhf libxau6:armhf libxcb1:armhf
  libxdmcp6:armhf libxext6:armhf libxi6:armhf libxml-libxml-perl
  libxml-namespacesupport-perl libxml-sax-base-perl libxml-sax-perl
  libxml-simple-perl libxml2 libxtst6:armhf libyaml-perl linux-libc-dev:armhf
  linux-libc-dev-armhf-cross m4 man-db mime-support pkg-config po-debconf
  portaudio19-dev:armhf procps python3 python3-distutils python3-lib2to3
  python3-minimal python3.7 python3.7-minimal
  sbuild-build-depends-main-dummy:armhf ucf uuid-dev:armhf x11-common
  zlib1g:armhf zlib1g-dev:armhf
0 upgraded, 178 newly installed, 0 to remove and 0 not upgraded.
Need to get 174 kB/87.6 MB of archives.
After this operation, 334 MB of additional disk space will be used.
Get:1 copy:/<<RESOLVERDIR>>/apt_archive ./ sbuild-build-depends-main-dummy 0.invalid.0 [940 B]
Get:2 http://cdn-fastly.deb.debian.org/debian unstable/main armhf libportaudio2 armhf 19.6.0-1 [57.5 kB]
Get:3 http://cdn-fastly.deb.debian.org/debian unstable/main armhf libportaudiocpp0 armhf 19.6.0-1 [17.0 kB]
Get:4 http://cdn-fastly.deb.debian.org/debian unstable/main armhf portaudio19-dev armhf 19.6.0-1 [98.6 kB]
debconf: delaying package configuration, since apt-utils is not installed
Fetched 174 kB in 1s (310 kB/s)
Selecting previously unselected package libbsd0:amd64.
(Reading database ... 12449 files and directories currently installed.)
Preparing to unpack .../00-libbsd0_0.9.1-2_amd64.deb ...
Unpacking libbsd0:amd64 (0.9.1-2) ...
Selecting previously unselected package bsdmainutils.
Preparing to unpack .../01-bsdmainutils_11.1.2+b1_amd64.deb ...
Unpacking bsdmainutils (11.1.2+b1) ...
Selecting previously unselected package libuchardet0:amd64.
Preparing to unpack .../02-libuchardet0_0.0.6-3_amd64.deb ...
Unpacking libuchardet0:amd64 (0.0.6-3) ...
Selecting previously unselected package groff-base.
Preparing to unpack .../03-groff-base_1.22.4-3_amd64.deb ...
Unpacking groff-base (1.22.4-3) ...
Selecting previously unselected package libpipeline1:amd64.
Preparing to unpack .../04-libpipeline1_1.5.1-2_amd64.deb ...
Unpacking libpipeline1:amd64 (1.5.1-2) ...
Selecting previously unselected package man-db.
Preparing to unpack .../05-man-db_2.8.5-2_amd64.deb ...
Unpacking man-db (2.8.5-2) ...
Selecting previously unselected package liblocale-gettext-perl.
Preparing to unpack .../06-liblocale-gettext-perl_1.07-3+b4_amd64.deb ...
Unpacking liblocale-gettext-perl (1.07-3+b4) ...
Selecting previously unselected package gcc-8-base:armhf.
Preparing to unpack .../07-gcc-8-base_8.3.0-7_armhf.deb ...
Unpacking gcc-8-base:armhf (8.3.0-7) ...
Selecting previously unselected package libgcc1:armhf.
Preparing to unpack .../08-libgcc1_1%3a8.3.0-7_armhf.deb ...
Unpacking libgcc1:armhf (1:8.3.0-7) ...
Selecting previously unselected package libc6:armhf.
Preparing to unpack .../09-libc6_2.28-10_armhf.deb ...
Unpacking libc6:armhf (2.28-10) ...
Selecting previously unselected package libgpg-error0:armhf.
Preparing to unpack .../10-libgpg-error0_1.35-1_armhf.deb ...
Unpacking libgpg-error0:armhf (1.35-1) ...
Selecting previously unselected package libgcrypt20:armhf.
Preparing to unpack .../11-libgcrypt20_1.8.4-5_armhf.deb ...
Unpacking libgcrypt20:armhf (1.8.4-5) ...
Selecting previously unselected package liblz4-1:armhf.
Preparing to unpack .../12-liblz4-1_1.8.3-1_armhf.deb ...
Unpacking liblz4-1:armhf (1.8.3-1) ...
Selecting previously unselected package liblzma5:armhf.
Preparing to unpack .../13-liblzma5_5.2.4-1_armhf.deb ...
Unpacking liblzma5:armhf (5.2.4-1) ...
Setting up gcc-8-base:armhf (8.3.0-7) ...
Setting up libgcc1:armhf (1:8.3.0-7) ...
Setting up libc6:armhf (2.28-10) ...
Setting up libgpg-error0:armhf (1.35-1) ...
Setting up libgcrypt20:armhf (1.8.4-5) ...
Setting up liblz4-1:armhf (1.8.3-1) ...
Setting up liblzma5:armhf (5.2.4-1) ...
Selecting previously unselected package libsystemd0:armhf.
(Reading database ... 13414 files and directories currently installed.)
Preparing to unpack .../libsystemd0_241-5_armhf.deb ...
Unpacking libsystemd0:armhf (241-5) ...
Selecting previously unselected package libssl1.1:amd64.
Preparing to unpack .../libssl1.1_1.1.1c-1_amd64.deb ...
Unpacking libssl1.1:amd64 (1.1.1c-1) ...
Selecting previously unselected package libpython3.7-minimal:amd64.
Preparing to unpack .../libpython3.7-minimal_3.7.3-2_amd64.deb ...
Unpacking libpython3.7-minimal:amd64 (3.7.3-2) ...
Selecting previously unselected package libexpat1:amd64.
Preparing to unpack .../libexpat1_2.2.6-2_amd64.deb ...
Unpacking libexpat1:amd64 (2.2.6-2) ...
Selecting previously unselected package python3.7-minimal.
Preparing to unpack .../python3.7-minimal_3.7.3-2_amd64.deb ...
Unpacking python3.7-minimal (3.7.3-2) ...
Setting up libssl1.1:amd64 (1.1.1c-1) ...
Setting up libpython3.7-minimal:amd64 (3.7.3-2) ...
Setting up libexpat1:amd64 (2.2.6-2) ...
Setting up python3.7-minimal (3.7.3-2) ...
Selecting previously unselected package python3-minimal.
(Reading database ... 13677 files and directories currently installed.)
Preparing to unpack .../0-python3-minimal_3.7.3-1_amd64.deb ...
Unpacking python3-minimal (3.7.3-1) ...
Selecting previously unselected package mime-support.
Preparing to unpack .../1-mime-support_3.62_all.deb ...
Unpacking mime-support (3.62) ...
Selecting previously unselected package libmpdec2:amd64.
Preparing to unpack .../2-libmpdec2_2.4.2-2_amd64.deb ...
Unpacking libmpdec2:amd64 (2.4.2-2) ...
Selecting previously unselected package libpython3.7-stdlib:amd64.
Preparing to unpack .../3-libpython3.7-stdlib_3.7.3-2_amd64.deb ...
Unpacking libpython3.7-stdlib:amd64 (3.7.3-2) ...
Selecting previously unselected package python3.7.
Preparing to unpack .../4-python3.7_3.7.3-2_amd64.deb ...
Unpacking python3.7 (3.7.3-2) ...
Selecting previously unselected package libpython3-stdlib:amd64.
Preparing to unpack .../5-libpython3-stdlib_3.7.3-1_amd64.deb ...
Unpacking libpython3-stdlib:amd64 (3.7.3-1) ...
Setting up python3-minimal (3.7.3-1) ...
Selecting previously unselected package python3.
(Reading database ... 14114 files and directories currently installed.)
Preparing to unpack .../000-python3_3.7.3-1_amd64.deb ...
Unpacking python3 (3.7.3-1) ...
Selecting previously unselected package libncurses6:amd64.
Preparing to unpack .../001-libncurses6_6.1+20181013-2_amd64.deb ...
Unpacking libncurses6:amd64 (6.1+20181013-2) ...
Selecting previously unselected package libprocps7:amd64.
Preparing to unpack .../002-libprocps7_2%3a3.3.15-2_amd64.deb ...
Unpacking libprocps7:amd64 (2:3.3.15-2) ...
Selecting previously unselected package procps.
Preparing to unpack .../003-procps_2%3a3.3.15-2_amd64.deb ...
Unpacking procps (2:3.3.15-2) ...
Selecting previously unselected package libmagic-mgc.
Preparing to unpack .../004-libmagic-mgc_1%3a5.35-4_amd64.deb ...
Unpacking libmagic-mgc (1:5.35-4) ...
Selecting previously unselected package libmagic1:amd64.
Preparing to unpack .../005-libmagic1_1%3a5.35-4_amd64.deb ...
Unpacking libmagic1:amd64 (1:5.35-4) ...
Selecting previously unselected package file.
Preparing to unpack .../006-file_1%3a5.35-4_amd64.deb ...
Unpacking file (1:5.35-4) ...
Selecting previously unselected package gettext-base.
Preparing to unpack .../007-gettext-base_0.19.8.1-9_amd64.deb ...
Unpacking gettext-base (0.19.8.1-9) ...
Selecting previously unselected package ucf.
Preparing to unpack .../008-ucf_3.0038+nmu1_all.deb ...
Moving old data out of the way
Unpacking ucf (3.0038+nmu1) ...
Selecting previously unselected package libsigsegv2:amd64.
Preparing to unpack .../009-libsigsegv2_2.12-2_amd64.deb ...
Unpacking libsigsegv2:amd64 (2.12-2) ...
Selecting previously unselected package m4.
Preparing to unpack .../010-m4_1.4.18-2_amd64.deb ...
Unpacking m4 (1.4.18-2) ...
Selecting previously unselected package autoconf.
Preparing to unpack .../011-autoconf_2.69-11_all.deb ...
Unpacking autoconf (2.69-11) ...
Selecting previously unselected package autotools-dev.
Preparing to unpack .../012-autotools-dev_20180224.1_all.deb ...
Unpacking autotools-dev (20180224.1) ...
Selecting previously unselected package automake.
Preparing to unpack .../013-automake_1%3a1.16.1-4_all.deb ...
Unpacking automake (1:1.16.1-4) ...
Selecting previously unselected package autopoint.
Preparing to unpack .../014-autopoint_0.19.8.1-9_all.deb ...
Unpacking autopoint (0.19.8.1-9) ...
Selecting previously unselected package binutils-arm-linux-gnueabihf.
Preparing to unpack .../015-binutils-arm-linux-gnueabihf_2.31.1-16_amd64.deb ...
Unpacking binutils-arm-linux-gnueabihf (2.31.1-16) ...
Selecting previously unselected package cmake-data.
Preparing to unpack .../016-cmake-data_3.13.4-1_all.deb ...
Unpacking cmake-data (3.13.4-1) ...
Selecting previously unselected package libicu63:amd64.
Preparing to unpack .../017-libicu63_63.2-2_amd64.deb ...
Unpacking libicu63:amd64 (63.2-2) ...
Selecting previously unselected package libxml2:amd64.
Preparing to unpack .../018-libxml2_2.9.4+dfsg1-7+b3_amd64.deb ...
Unpacking libxml2:amd64 (2.9.4+dfsg1-7+b3) ...
Selecting previously unselected package libarchive13:amd64.
Preparing to unpack .../019-libarchive13_3.3.3-4_amd64.deb ...
Unpacking libarchive13:amd64 (3.3.3-4) ...
Selecting previously unselected package libkeyutils1:amd64.
Preparing to unpack .../020-libkeyutils1_1.6-6_amd64.deb ...
Unpacking libkeyutils1:amd64 (1.6-6) ...
Selecting previously unselected package libkrb5support0:amd64.
Preparing to unpack .../021-libkrb5support0_1.17-3_amd64.deb ...
Unpacking libkrb5support0:amd64 (1.17-3) ...
Selecting previously unselected package libk5crypto3:amd64.
Preparing to unpack .../022-libk5crypto3_1.17-3_amd64.deb ...
Unpacking libk5crypto3:amd64 (1.17-3) ...
Selecting previously unselected package libkrb5-3:amd64.
Preparing to unpack .../023-libkrb5-3_1.17-3_amd64.deb ...
Unpacking libkrb5-3:amd64 (1.17-3) ...
Selecting previously unselected package libgssapi-krb5-2:amd64.
Preparing to unpack .../024-libgssapi-krb5-2_1.17-3_amd64.deb ...
Unpacking libgssapi-krb5-2:amd64 (1.17-3) ...
Selecting previously unselected package libnghttp2-14:amd64.
Preparing to unpack .../025-libnghttp2-14_1.37.0-1_amd64.deb ...
Unpacking libnghttp2-14:amd64 (1.37.0-1) ...
Selecting previously unselected package libpsl5:amd64.
Preparing to unpack .../026-libpsl5_0.20.2-2_amd64.deb ...
Unpacking libpsl5:amd64 (0.20.2-2) ...
Selecting previously unselected package librtmp1:amd64.
Preparing to unpack .../027-librtmp1_2.4+20151223.gitfa8646d.1-2_amd64.deb ...
Unpacking librtmp1:amd64 (2.4+20151223.gitfa8646d.1-2) ...
Selecting previously unselected package libssh2-1:amd64.
Preparing to unpack .../028-libssh2-1_1.8.0-2.1_amd64.deb ...
Unpacking libssh2-1:amd64 (1.8.0-2.1) ...
Selecting previously unselected package libcurl4:amd64.
Preparing to unpack .../029-libcurl4_7.64.0-4_amd64.deb ...
Unpacking libcurl4:amd64 (7.64.0-4) ...
Selecting previously unselected package libjsoncpp1:amd64.
Preparing to unpack .../030-libjsoncpp1_1.7.4-3_amd64.deb ...
Unpacking libjsoncpp1:amd64 (1.7.4-3) ...
Selecting previously unselected package librhash0:amd64.
Preparing to unpack .../031-librhash0_1.3.8-1_amd64.deb ...
Unpacking librhash0:amd64 (1.3.8-1) ...
Selecting previously unselected package libuv1:amd64.
Preparing to unpack .../032-libuv1_1.24.1-1_amd64.deb ...
Unpacking libuv1:amd64 (1.24.1-1) ...
Selecting previously unselected package cmake.
Preparing to unpack .../033-cmake_3.13.4-1_amd64.deb ...
Unpacking cmake (3.13.4-1) ...
Selecting previously unselected package gcc-8-arm-linux-gnueabihf-base:amd64.
Preparing to unpack .../034-gcc-8-arm-linux-gnueabihf-base_8.3.0-7cross1_amd64.deb ...
Unpacking gcc-8-arm-linux-gnueabihf-base:amd64 (8.3.0-7cross1) ...
Selecting previously unselected package cpp-8-arm-linux-gnueabihf.
Preparing to unpack .../035-cpp-8-arm-linux-gnueabihf_8.3.0-7cross1_amd64.deb ...
Unpacking cpp-8-arm-linux-gnueabihf (8.3.0-7cross1) ...
Selecting previously unselected package cpp-arm-linux-gnueabihf.
Preparing to unpack .../036-cpp-arm-linux-gnueabihf_4%3a8.3.0-1_amd64.deb ...
Unpacking cpp-arm-linux-gnueabihf (4:8.3.0-1) ...
Selecting previously unselected package cross-config.
Preparing to unpack .../037-cross-config_2.6.15-3_all.deb ...
Unpacking cross-config (2.6.15-3) ...
Selecting previously unselected package gcc-8-cross-base.
Preparing to unpack .../038-gcc-8-cross-base_8.3.0-7cross1_all.deb ...
Unpacking gcc-8-cross-base (8.3.0-7cross1) ...
Selecting previously unselected package libc6-armhf-cross.
Preparing to unpack .../039-libc6-armhf-cross_2.28-10cross2_all.deb ...
Unpacking libc6-armhf-cross (2.28-10cross2) ...
Selecting previously unselected package libgcc1-armhf-cross.
Preparing to unpack .../040-libgcc1-armhf-cross_1%3a8.3.0-7cross1_all.deb ...
Unpacking libgcc1-armhf-cross (1:8.3.0-7cross1) ...
Selecting previously unselected package libgomp1-armhf-cross.
Preparing to unpack .../041-libgomp1-armhf-cross_8.3.0-7cross1_all.deb ...
Unpacking libgomp1-armhf-cross (8.3.0-7cross1) ...
Selecting previously unselected package libatomic1-armhf-cross.
Preparing to unpack .../042-libatomic1-armhf-cross_8.3.0-7cross1_all.deb ...
Unpacking libatomic1-armhf-cross (8.3.0-7cross1) ...
Selecting previously unselected package libstdc++6-armhf-cross.
Preparing to unpack .../043-libstdc++6-armhf-cross_8.3.0-7cross1_all.deb ...
Unpacking libstdc++6-armhf-cross (8.3.0-7cross1) ...
Selecting previously unselected package libasan5-armhf-cross.
Preparing to unpack .../044-libasan5-armhf-cross_8.3.0-7cross1_all.deb ...
Unpacking libasan5-armhf-cross (8.3.0-7cross1) ...
Selecting previously unselected package libubsan1-armhf-cross.
Preparing to unpack .../045-libubsan1-armhf-cross_8.3.0-7cross1_all.deb ...
Unpacking libubsan1-armhf-cross (8.3.0-7cross1) ...
Selecting previously unselected package libgcc-8-dev-armhf-cross.
Preparing to unpack .../046-libgcc-8-dev-armhf-cross_8.3.0-7cross1_all.deb ...
Unpacking libgcc-8-dev-armhf-cross (8.3.0-7cross1) ...
Selecting previously unselected package gcc-8-arm-linux-gnueabihf.
Preparing to unpack .../047-gcc-8-arm-linux-gnueabihf_8.3.0-7cross1_amd64.deb ...
Unpacking gcc-8-arm-linux-gnueabihf (8.3.0-7cross1) ...
Selecting previously unselected package gcc-arm-linux-gnueabihf.
Preparing to unpack .../048-gcc-arm-linux-gnueabihf_4%3a8.3.0-1_amd64.deb ...
Unpacking gcc-arm-linux-gnueabihf (4:8.3.0-1) ...
Selecting previously unselected package linux-libc-dev-armhf-cross.
Preparing to unpack .../049-linux-libc-dev-armhf-cross_4.19.28-2cross2_all.deb ...
Unpacking linux-libc-dev-armhf-cross (4.19.28-2cross2) ...
Selecting previously unselected package libc6-dev-armhf-cross.
Preparing to unpack .../050-libc6-dev-armhf-cross_2.28-10cross2_all.deb ...
Unpacking libc6-dev-armhf-cross (2.28-10cross2) ...
Selecting previously unselected package libstdc++-8-dev-armhf-cross.
Preparing to unpack .../051-libstdc++-8-dev-armhf-cross_8.3.0-7cross1_all.deb ...
Unpacking libstdc++-8-dev-armhf-cross (8.3.0-7cross1) ...
Selecting previously unselected package g++-8-arm-linux-gnueabihf.
Preparing to unpack .../052-g++-8-arm-linux-gnueabihf_8.3.0-7cross1_amd64.deb ...
Unpacking g++-8-arm-linux-gnueabihf (8.3.0-7cross1) ...
Selecting previously unselected package g++-arm-linux-gnueabihf.
Preparing to unpack .../053-g++-arm-linux-gnueabihf_4%3a8.3.0-1_amd64.deb ...
Unpacking g++-arm-linux-gnueabihf (4:8.3.0-1) ...
Selecting previously unselected package libconfig-inifiles-perl.
Preparing to unpack .../054-libconfig-inifiles-perl_3.000001-1_all.deb ...
Unpacking libconfig-inifiles-perl (3.000001-1) ...
Selecting previously unselected package libio-string-perl.
Preparing to unpack .../055-libio-string-perl_1.08-3_all.deb ...
Unpacking libio-string-perl (1.08-3) ...
Selecting previously unselected package libxml-namespacesupport-perl.
Preparing to unpack .../056-libxml-namespacesupport-perl_1.12-1_all.deb ...
Unpacking libxml-namespacesupport-perl (1.12-1) ...
Selecting previously unselected package libxml-sax-base-perl.
Preparing to unpack .../057-libxml-sax-base-perl_1.09-1_all.deb ...
Unpacking libxml-sax-base-perl (1.09-1) ...
Selecting previously unselected package libxml-sax-perl.
Preparing to unpack .../058-libxml-sax-perl_1.00+dfsg-1_all.deb ...
Unpacking libxml-sax-perl (1.00+dfsg-1) ...
Selecting previously unselected package libxml-libxml-perl.
Preparing to unpack .../059-libxml-libxml-perl_2.0134+dfsg-1_amd64.deb ...
Unpacking libxml-libxml-perl (2.0134+dfsg-1) ...
Selecting previously unselected package libxml-simple-perl.
Preparing to unpack .../060-libxml-simple-perl_2.25-1_all.deb ...
Unpacking libxml-simple-perl (2.25-1) ...
Selecting previously unselected package libyaml-perl.
Preparing to unpack .../061-libyaml-perl_1.27-1_all.deb ...
Unpacking libyaml-perl (1.27-1) ...
Selecting previously unselected package libconfig-auto-perl.
Preparing to unpack .../062-libconfig-auto-perl_0.44-1_all.deb ...
Unpacking libconfig-auto-perl (0.44-1) ...
Selecting previously unselected package libfile-which-perl.
Preparing to unpack .../063-libfile-which-perl_1.23-1_all.deb ...
Unpacking libfile-which-perl (1.23-1) ...
Selecting previously unselected package libfile-homedir-perl.
Preparing to unpack .../064-libfile-homedir-perl_1.004-1_all.deb ...
Unpacking libfile-homedir-perl (1.004-1) ...
Selecting previously unselected package libdebian-dpkgcross-perl.
Preparing to unpack .../065-libdebian-dpkgcross-perl_2.6.15-3_all.deb ...
Unpacking libdebian-dpkgcross-perl (2.6.15-3) ...
Selecting previously unselected package dpkg-cross.
Preparing to unpack .../066-dpkg-cross_2.6.15-3_all.deb ...
Unpacking dpkg-cross (2.6.15-3) ...
Selecting previously unselected package crossbuild-essential-armhf.
Preparing to unpack .../067-crossbuild-essential-armhf_12.6_all.deb ...
Unpacking crossbuild-essential-armhf (12.6) ...
Selecting previously unselected package libtool.
Preparing to unpack .../068-libtool_2.4.6-10_all.deb ...
Unpacking libtool (2.4.6-10) ...
Selecting previously unselected package dh-autoreconf.
Preparing to unpack .../069-dh-autoreconf_19_all.deb ...
Unpacking dh-autoreconf (19) ...
Selecting previously unselected package libarchive-zip-perl.
Preparing to unpack .../070-libarchive-zip-perl_1.64-1_all.deb ...
Unpacking libarchive-zip-perl (1.64-1) ...
Selecting previously unselected package libfile-stripnondeterminism-perl.
Preparing to unpack .../071-libfile-stripnondeterminism-perl_1.1.2-1_all.deb ...
Unpacking libfile-stripnondeterminism-perl (1.1.2-1) ...
Selecting previously unselected package dh-strip-nondeterminism.
Preparing to unpack .../072-dh-strip-nondeterminism_1.1.2-1_all.deb ...
Unpacking dh-strip-nondeterminism (1.1.2-1) ...
Selecting previously unselected package dwz.
Preparing to unpack .../073-dwz_0.12-3_amd64.deb ...
Unpacking dwz (0.12-3) ...
Selecting previously unselected package libglib2.0-0:amd64.
Preparing to unpack .../074-libglib2.0-0_2.58.3-2_amd64.deb ...
Unpacking libglib2.0-0:amd64 (2.58.3-2) ...
Selecting previously unselected package libcroco3:amd64.
Preparing to unpack .../075-libcroco3_0.6.12-3_amd64.deb ...
Unpacking libcroco3:amd64 (0.6.12-3) ...
Selecting previously unselected package gettext.
Preparing to unpack .../076-gettext_0.19.8.1-9_amd64.deb ...
Unpacking gettext (0.19.8.1-9) ...
Selecting previously unselected package intltool-debian.
Preparing to unpack .../077-intltool-debian_0.35.0+20060710.5_all.deb ...
Unpacking intltool-debian (0.35.0+20060710.5) ...
Selecting previously unselected package po-debconf.
Preparing to unpack .../078-po-debconf_1.0.21_all.deb ...
Unpacking po-debconf (1.0.21) ...
Selecting previously unselected package debhelper.
Preparing to unpack .../079-debhelper_12.1.1_all.deb ...
Unpacking debhelper (12.1.1) ...
Selecting previously unselected package libstdc++6:armhf.
Preparing to unpack .../080-libstdc++6_8.3.0-7_armhf.deb ...
Unpacking libstdc++6:armhf (8.3.0-7) ...
Selecting previously unselected package libasan5:armhf.
Preparing to unpack .../081-libasan5_8.3.0-7_armhf.deb ...
Unpacking libasan5:armhf (8.3.0-7) ...
Selecting previously unselected package libasound2-data.
Preparing to unpack .../082-libasound2-data_1.1.8-1_all.deb ...
Unpacking libasound2-data (1.1.8-1) ...
Selecting previously unselected package libasound2:armhf.
Preparing to unpack .../083-libasound2_1.1.8-1_armhf.deb ...
Unpacking libasound2:armhf (1.1.8-1) ...
Selecting previously unselected package libasound2-dev:armhf.
Preparing to unpack .../084-libasound2-dev_1.1.8-1_armhf.deb ...
Unpacking libasound2-dev:armhf (1.1.8-1) ...
Selecting previously unselected package libasyncns0:armhf.
Preparing to unpack .../085-libasyncns0_0.8-6_armhf.deb ...
Unpacking libasyncns0:armhf (0.8-6) ...
Selecting previously unselected package libatomic1:armhf.
Preparing to unpack .../086-libatomic1_8.3.0-7_armhf.deb ...
Unpacking libatomic1:armhf (8.3.0-7) ...
Selecting previously unselected package libuuid1:armhf.
Preparing to unpack .../087-libuuid1_2.33.1-0.1_armhf.deb ...
Unpacking libuuid1:armhf (2.33.1-0.1) ...
Selecting previously unselected package libblkid1:armhf.
Preparing to unpack .../088-libblkid1_2.33.1-0.1_armhf.deb ...
Unpacking libblkid1:armhf (2.33.1-0.1) ...
Selecting previously unselected package linux-libc-dev:armhf.
Preparing to unpack .../089-linux-libc-dev_4.19.37-5_armhf.deb ...
Unpacking linux-libc-dev:armhf (4.19.37-5) ...
Selecting previously unselected package libc6-dev:armhf.
Preparing to unpack .../090-libc6-dev_2.28-10_armhf.deb ...
Unpacking libc6-dev:armhf (2.28-10) ...
Selecting previously unselected package uuid-dev:armhf.
Preparing to unpack .../091-uuid-dev_2.33.1-0.1_armhf.deb ...
Unpacking uuid-dev:armhf (2.33.1-0.1) ...
Selecting previously unselected package libblkid-dev:armhf.
Preparing to unpack .../092-libblkid-dev_2.33.1-0.1_armhf.deb ...
Unpacking libblkid-dev:armhf (2.33.1-0.1) ...
Selecting previously unselected package libbsd0:armhf.
Preparing to unpack .../093-libbsd0_0.9.1-2_armhf.deb ...
Unpacking libbsd0:armhf (0.9.1-2) ...
Selecting previously unselected package libcap2:armhf.
Preparing to unpack .../094-libcap2_1%3a2.25-2_armhf.deb ...
Unpacking libcap2:armhf (1:2.25-2) ...
Selecting previously unselected package libdb5.3:armhf.
Preparing to unpack .../095-libdb5.3_5.3.28+dfsg1-0.6_armhf.deb ...
Unpacking libdb5.3:armhf (5.3.28+dfsg1-0.6) ...
Selecting previously unselected package libdbus-1-3:armhf.
Preparing to unpack .../096-libdbus-1-3_1.12.16-1_armhf.deb ...
Unpacking libdbus-1-3:armhf (1.12.16-1) ...
Selecting previously unselected package libffi6:armhf.
Preparing to unpack .../097-libffi6_3.2.1-9_armhf.deb ...
Unpacking libffi6:armhf (3.2.1-9) ...
Selecting previously unselected package libffi-dev:armhf.
Preparing to unpack .../098-libffi-dev_3.2.1-9_armhf.deb ...
Unpacking libffi-dev:armhf (3.2.1-9) ...
Selecting previously unselected package libogg0:armhf.
Preparing to unpack .../099-libogg0_1.3.2-1+b1_armhf.deb ...
Unpacking libogg0:armhf (1.3.2-1+b1) ...
Selecting previously unselected package libflac8:armhf.
Preparing to unpack .../100-libflac8_1.3.2-3_armhf.deb ...
Unpacking libflac8:armhf (1.3.2-3) ...
Selecting previously unselected package libgomp1:armhf.
Preparing to unpack .../101-libgomp1_8.3.0-7_armhf.deb ...
Unpacking libgomp1:armhf (8.3.0-7) ...
Selecting previously unselected package libubsan1:armhf.
Preparing to unpack .../102-libubsan1_8.3.0-7_armhf.deb ...
Unpacking libubsan1:armhf (8.3.0-7) ...
Selecting previously unselected package libgcc-8-dev:armhf.
Preparing to unpack .../103-libgcc-8-dev_8.3.0-7_armhf.deb ...
Unpacking libgcc-8-dev:armhf (8.3.0-7) ...
Selecting previously unselected package libpcre3:armhf.
Preparing to unpack .../104-libpcre3_2%3a8.39-12_armhf.deb ...
Unpacking libpcre3:armhf (2:8.39-12) ...
Selecting previously unselected package libselinux1:armhf.
Preparing to unpack .../105-libselinux1_2.8-1+b1_armhf.deb ...
Unpacking libselinux1:armhf (2.8-1+b1) ...
Selecting previously unselected package libmount1:armhf.
Preparing to unpack .../106-libmount1_2.33.1-0.1_armhf.deb ...
Unpacking libmount1:armhf (2.33.1-0.1) ...
Selecting previously unselected package zlib1g:armhf.
Preparing to unpack .../107-zlib1g_1%3a1.2.11.dfsg-1_armhf.deb ...
Unpacking zlib1g:armhf (1:1.2.11.dfsg-1) ...
Selecting previously unselected package libglib2.0-0:armhf.
Preparing to unpack .../108-libglib2.0-0_2.58.3-2_armhf.deb ...
Unpacking libglib2.0-0:armhf (2.58.3-2) ...
Selecting previously unselected package libglib2.0-data.
Preparing to unpack .../109-libglib2.0-data_2.58.3-2_all.deb ...
Unpacking libglib2.0-data (2.58.3-2) ...
Selecting previously unselected package libglib2.0-bin.
Preparing to unpack .../110-libglib2.0-bin_2.58.3-2_amd64.deb ...
Unpacking libglib2.0-bin (2.58.3-2) ...
Selecting previously unselected package python3-lib2to3.
Preparing to unpack .../111-python3-lib2to3_3.7.3-1_all.deb ...
Unpacking python3-lib2to3 (3.7.3-1) ...
Selecting previously unselected package python3-distutils.
Preparing to unpack .../112-python3-distutils_3.7.3-1_all.deb ...
Unpacking python3-distutils (3.7.3-1) ...
Selecting previously unselected package libglib2.0-dev-bin.
Preparing to unpack .../113-libglib2.0-dev-bin_2.58.3-2_amd64.deb ...
Unpacking libglib2.0-dev-bin (2.58.3-2) ...
Selecting previously unselected package libmount-dev:armhf.
Preparing to unpack .../114-libmount-dev_2.33.1-0.1_armhf.deb ...
Unpacking libmount-dev:armhf (2.33.1-0.1) ...
Selecting previously unselected package libpcre16-3:armhf.
Preparing to unpack .../115-libpcre16-3_2%3a8.39-12_armhf.deb ...
Unpacking libpcre16-3:armhf (2:8.39-12) ...
Selecting previously unselected package libpcre32-3:armhf.
Preparing to unpack .../116-libpcre32-3_2%3a8.39-12_armhf.deb ...
Unpacking libpcre32-3:armhf (2:8.39-12) ...
Selecting previously unselected package libpcrecpp0v5:armhf.
Preparing to unpack .../117-libpcrecpp0v5_2%3a8.39-12_armhf.deb ...
Unpacking libpcrecpp0v5:armhf (2:8.39-12) ...
Selecting previously unselected package libpcre3-dev:armhf.
Preparing to unpack .../118-libpcre3-dev_2%3a8.39-12_armhf.deb ...
Unpacking libpcre3-dev:armhf (2:8.39-12) ...
Selecting previously unselected package libsepol1:armhf.
Preparing to unpack .../119-libsepol1_2.8-1_armhf.deb ...
Unpacking libsepol1:armhf (2.8-1) ...
Selecting previously unselected package libsepol1-dev:armhf.
Preparing to unpack .../120-libsepol1-dev_2.8-1_armhf.deb ...
Unpacking libsepol1-dev:armhf (2.8-1) ...
Selecting previously unselected package libselinux1-dev:armhf.
Preparing to unpack .../121-libselinux1-dev_2.8-1+b1_armhf.deb ...
Unpacking libselinux1-dev:armhf (2.8-1+b1) ...
Selecting previously unselected package pkg-config.
Preparing to unpack .../122-pkg-config_0.29-6_amd64.deb ...
Unpacking pkg-config (0.29-6) ...
Selecting previously unselected package zlib1g-dev:armhf.
Preparing to unpack .../123-zlib1g-dev_1%3a1.2.11.dfsg-1_armhf.deb ...
Unpacking zlib1g-dev:armhf (1:1.2.11.dfsg-1) ...
Selecting previously unselected package libglib2.0-dev:armhf.
Preparing to unpack .../124-libglib2.0-dev_2.58.3-2_armhf.deb ...
Unpacking libglib2.0-dev:armhf (2.58.3-2) ...
Selecting previously unselected package x11-common.
Preparing to unpack .../125-x11-common_1%3a7.7+19_all.deb ...
Unpacking x11-common (1:7.7+19) ...
Selecting previously unselected package libice6:armhf.
Preparing to unpack .../126-libice6_2%3a1.0.9-2_armhf.deb ...
Unpacking libice6:armhf (2:1.0.9-2) ...
Selecting previously unselected package libjack0:armhf.
Preparing to unpack .../127-libjack0_1%3a0.125.0-3_armhf.deb ...
Unpacking libjack0:armhf (1:0.125.0-3) ...
Selecting previously unselected package libjack-dev:armhf.
Preparing to unpack .../128-libjack-dev_1%3a0.125.0-3_armhf.deb ...
Unpacking libjack-dev:armhf (1:0.125.0-3) ...
Selecting previously unselected package libportaudio2:armhf.
Preparing to unpack .../129-libportaudio2_19.6.0-1_armhf.deb ...
Unpacking libportaudio2:armhf (19.6.0-1) ...
Selecting previously unselected package libportaudiocpp0:armhf.
Preparing to unpack .../130-libportaudiocpp0_19.6.0-1_armhf.deb ...
Unpacking libportaudiocpp0:armhf (19.6.0-1) ...
Selecting previously unselected package libsm6:armhf.
Preparing to unpack .../131-libsm6_2%3a1.2.3-1_armhf.deb ...
Unpacking libsm6:armhf (2:1.2.3-1) ...
Selecting previously unselected package libvorbis0a:armhf.
Preparing to unpack .../132-libvorbis0a_1.3.6-2_armhf.deb ...
Unpacking libvorbis0a:armhf (1.3.6-2) ...
Selecting previously unselected package libvorbisenc2:armhf.
Preparing to unpack .../133-libvorbisenc2_1.3.6-2_armhf.deb ...
Unpacking libvorbisenc2:armhf (1.3.6-2) ...
Selecting previously unselected package libsndfile1:armhf.
Preparing to unpack .../134-libsndfile1_1.0.28-6_armhf.deb ...
Unpacking libsndfile1:armhf (1.0.28-6) ...
Selecting previously unselected package libwrap0:armhf.
Preparing to unpack .../135-libwrap0_7.6.q-28_armhf.deb ...
Unpacking libwrap0:armhf (7.6.q-28) ...
Selecting previously unselected package libxau6:armhf.
Preparing to unpack .../136-libxau6_1%3a1.0.8-1+b2_armhf.deb ...
Unpacking libxau6:armhf (1:1.0.8-1+b2) ...
Selecting previously unselected package libxdmcp6:armhf.
Preparing to unpack .../137-libxdmcp6_1%3a1.1.2-3_armhf.deb ...
Unpacking libxdmcp6:armhf (1:1.1.2-3) ...
Selecting previously unselected package libxcb1:armhf.
Preparing to unpack .../138-libxcb1_1.13.1-2_armhf.deb ...
Unpacking libxcb1:armhf (1.13.1-2) ...
Selecting previously unselected package libx11-data.
Preparing to unpack .../139-libx11-data_2%3a1.6.7-1_all.deb ...
Unpacking libx11-data (2:1.6.7-1) ...
Selecting previously unselected package libx11-6:armhf.
Preparing to unpack .../140-libx11-6_2%3a1.6.7-1_armhf.deb ...
Unpacking libx11-6:armhf (2:1.6.7-1) ...
Selecting previously unselected package libx11-xcb1:armhf.
Preparing to unpack .../141-libx11-xcb1_2%3a1.6.7-1_armhf.deb ...
Unpacking libx11-xcb1:armhf (2:1.6.7-1) ...
Selecting previously unselected package libxext6:armhf.
Preparing to unpack .../142-libxext6_2%3a1.3.3-1+b2_armhf.deb ...
Unpacking libxext6:armhf (2:1.3.3-1+b2) ...
Selecting previously unselected package libxi6:armhf.
Preparing to unpack .../143-libxi6_2%3a1.7.9-1_armhf.deb ...
Unpacking libxi6:armhf (2:1.7.9-1) ...
Selecting previously unselected package libxtst6:armhf.
Preparing to unpack .../144-libxtst6_2%3a1.2.3-1_armhf.deb ...
Unpacking libxtst6:armhf (2:1.2.3-1) ...
Selecting previously unselected package libpulse0:armhf.
Preparing to unpack .../145-libpulse0_12.2-4_armhf.deb ...
Unpacking libpulse0:armhf (12.2-4) ...
Selecting previously unselected package libpulse-mainloop-glib0:armhf.
Preparing to unpack .../146-libpulse-mainloop-glib0_12.2-4_armhf.deb ...
Unpacking libpulse-mainloop-glib0:armhf (12.2-4) ...
Selecting previously unselected package libpulse-dev:armhf.
Preparing to unpack .../147-libpulse-dev_12.2-4_armhf.deb ...
Unpacking libpulse-dev:armhf (12.2-4) ...
Selecting previously unselected package libsndio7.0:armhf.
Preparing to unpack .../148-libsndio7.0_1.5.0-3_armhf.deb ...
Unpacking libsndio7.0:armhf (1.5.0-3) ...
Selecting previously unselected package libsndio-dev:armhf.
Preparing to unpack .../149-libsndio-dev_1.5.0-3_armhf.deb ...
Unpacking libsndio-dev:armhf (1.5.0-3) ...
Selecting previously unselected package libstdc++-8-dev:armhf.
Preparing to unpack .../150-libstdc++-8-dev_8.3.0-7_armhf.deb ...
Unpacking libstdc++-8-dev:armhf (8.3.0-7) ...
Selecting previously unselected package portaudio19-dev:armhf.
Preparing to unpack .../151-portaudio19-dev_19.6.0-1_armhf.deb ...
Unpacking portaudio19-dev:armhf (19.6.0-1) ...
Selecting previously unselected package sbuild-build-depends-main-dummy:armhf.
Preparing to unpack .../152-sbuild-build-depends-main-dummy_0.invalid.0_armhf.deb ...
Unpacking sbuild-build-depends-main-dummy:armhf (0.invalid.0) ...
Setting up libconfig-inifiles-perl (3.000001-1) ...
Setting up libpipeline1:amd64 (1.5.1-2) ...
Setting up libx11-xcb1:armhf (2:1.6.7-1) ...
Setting up libfile-which-perl (1.23-1) ...
Setting up libxau6:armhf (1:1.0.8-1+b2) ...
Setting up libkeyutils1:amd64 (1.6-6) ...
Setting up libpsl5:amd64 (0.20.2-2) ...
Setting up libc6-armhf-cross (2.28-10cross2) ...
Setting up libogg0:armhf (1.3.2-1+b1) ...
Setting up mime-support (3.62) ...
Setting up libpcre16-3:armhf (2:8.39-12) ...
Setting up libmagic-mgc (1:5.35-4) ...
Setting up libarchive-zip-perl (1.64-1) ...
Setting up libglib2.0-0:amd64 (2.58.3-2) ...
No schema files found: doing nothing.
Setting up gcc-8-cross-base (8.3.0-7cross1) ...
Setting up libprocps7:amd64 (2:3.3.15-2) ...
Setting up x11-common (1:7.7+19) ...
update-rc.d: warning: start and stop actions are no longer supported; falling back to defaults
invoke-rc.d: could not determine current runlevel
All runlevel operations denied by policy
invoke-rc.d: policy-rc.d denied execution of start.
Setting up libnghttp2-14:amd64 (1.37.0-1) ...
Setting up libmagic1:amd64 (1:5.35-4) ...
Setting up linux-libc-dev:armhf (4.19.37-5) ...
Setting up libxml-namespacesupport-perl (1.12-1) ...
Setting up gettext-base (0.19.8.1-9) ...
Setting up zlib1g:armhf (1:1.2.11.dfsg-1) ...
Setting up libffi6:armhf (3.2.1-9) ...
Setting up file (1:5.35-4) ...
Setting up libatomic1-armhf-cross (8.3.0-7cross1) ...
Setting up libgomp1:armhf (8.3.0-7) ...
Setting up libffi-dev:armhf (3.2.1-9) ...
Setting up libyaml-perl (1.27-1) ...
Setting up libicu63:amd64 (63.2-2) ...
Setting up libsystemd0:armhf (241-5) ...
Setting up libcap2:armhf (1:2.25-2) ...
Setting up libflac8:armhf (1.3.2-3) ...
Setting up libkrb5support0:amd64 (1.17-3) ...
Setting up libasound2-data (1.1.8-1) ...
Setting up libxml-sax-base-perl (1.09-1) ...
Setting up libio-string-perl (1.08-3) ...
Setting up libpcre3:armhf (2:8.39-12) ...
Setting up autotools-dev (20180224.1) ...
Setting up libglib2.0-data (2.58.3-2) ...
Setting up cross-config (2.6.15-3) ...
Setting up libuv1:amd64 (1.24.1-1) ...
Setting up libgcc1-armhf-cross (1:8.3.0-7cross1) ...
Setting up libwrap0:armhf (7.6.q-28) ...
Setting up libx11-data (2:1.6.7-1) ...
Setting up librtmp1:amd64 (2.4+20151223.gitfa8646d.1-2) ...
Setting up gcc-8-arm-linux-gnueabihf-base:amd64 (8.3.0-7cross1) ...
Setting up libncurses6:amd64 (6.1+20181013-2) ...
Setting up libdbus-1-3:armhf (1.12.16-1) ...
Setting up libsigsegv2:amd64 (2.12-2) ...
Setting up libpcre32-3:armhf (2:8.39-12) ...
Setting up libatomic1:armhf (8.3.0-7) ...
Setting up libvorbis0a:armhf (1.3.6-2) ...
Setting up libuuid1:armhf (2.33.1-0.1) ...
Setting up linux-libc-dev-armhf-cross (4.19.28-2cross2) ...
Setting up autopoint (0.19.8.1-9) ...
Setting up pkg-config (0.29-6) ...
Setting up ucf (3.0038+nmu1) ...
Setting up libk5crypto3:amd64 (1.17-3) ...
Setting up libsepol1:armhf (2.8-1) ...
Setting up dwz (0.12-3) ...
Setting up libasyncns0:armhf (0.8-6) ...
Setting up librhash0:amd64 (1.3.8-1) ...
Setting up libuchardet0:amd64 (0.0.6-3) ...
Setting up procps (2:3.3.15-2) ...
update-alternatives: using /usr/bin/w.procps to provide /usr/bin/w (w) in auto mode
Setting up libasound2:armhf (1.1.8-1) ...
Setting up libc6-dev:armhf (2.28-10) ...
Setting up libssh2-1:amd64 (1.8.0-2.1) ...
Setting up cmake-data (3.13.4-1) ...
Setting up libkrb5-3:amd64 (1.17-3) ...
Setting up libmpdec2:amd64 (2.4.2-2) ...
Setting up libasound2-dev:armhf (1.1.8-1) ...
Setting up libfile-homedir-perl (1.004-1) ...
Setting up libbsd0:amd64 (0.9.1-2) ...
Setting up libbsd0:armhf (0.9.1-2) ...
Setting up binutils-arm-linux-gnueabihf (2.31.1-16) ...
Setting up libdb5.3:armhf (5.3.28+dfsg1-0.6) ...
Setting up libxml2:amd64 (2.9.4+dfsg1-7+b3) ...
Setting up libblkid1:armhf (2.33.1-0.1) ...
Setting up libstdc++6:armhf (8.3.0-7) ...
Setting up liblocale-gettext-perl (1.07-3+b4) ...
Setting up libvorbisenc2:armhf (1.3.6-2) ...
Setting up libjsoncpp1:amd64 (1.7.4-3) ...
Setting up cpp-8-arm-linux-gnueabihf (8.3.0-7cross1) ...
Setting up libgomp1-armhf-cross (8.3.0-7cross1) ...
Setting up libpcrecpp0v5:armhf (2:8.39-12) ...
Setting up libfile-stripnondeterminism-perl (1.1.2-1) ...
Setting up libice6:armhf (2:1.0.9-2) ...
Setting up libxdmcp6:armhf (1:1.1.2-3) ...
Setting up libpython3.7-stdlib:amd64 (3.7.3-2) ...
Setting up libxcb1:armhf (1.13.1-2) ...
Setting up libtool (2.4.6-10) ...
Setting up libarchive13:amd64 (3.3.3-4) ...
Setting up libpcre3-dev:armhf (2:8.39-12) ...
Setting up libc6-dev-armhf-cross (2.28-10cross2) ...
Setting up libsepol1-dev:armhf (2.8-1) ...
Setting up libglib2.0-bin (2.58.3-2) ...
Setting up m4 (1.4.18-2) ...
Setting up libxml-sax-perl (1.00+dfsg-1) ...
update-perl-sax-parsers: Registering Perl SAX parser XML::SAX::PurePerl with priority 10...
update-perl-sax-parsers: Updating overall Perl SAX parser modules info file...

Creating config file /etc/perl/XML/SAX/ParserDetails.ini with new version
Setting up libselinux1:armhf (2.8-1+b1) ...
Setting up libasan5:armhf (8.3.0-7) ...
Setting up libstdc++6-armhf-cross (8.3.0-7cross1) ...
Setting up libjack0:armhf (1:0.125.0-3) ...
Setting up uuid-dev:armhf (2.33.1-0.1) ...
Setting up bsdmainutils (11.1.2+b1) ...
update-alternatives: using /usr/bin/bsd-write to provide /usr/bin/write (write) in auto mode
update-alternatives: using /usr/bin/bsd-from to provide /usr/bin/from (from) in auto mode
Setting up libgssapi-krb5-2:amd64 (1.17-3) ...
Setting up libcroco3:amd64 (0.6.12-3) ...
Setting up libubsan1-armhf-cross (8.3.0-7cross1) ...
Setting up autoconf (2.69-11) ...
Setting up libxml-libxml-perl (2.0134+dfsg-1) ...
update-perl-sax-parsers: Registering Perl SAX parser XML::LibXML::SAX::Parser with priority 50...
update-perl-sax-parsers: Registering Perl SAX parser XML::LibXML::SAX with priority 50...
update-perl-sax-parsers: Updating overall Perl SAX parser modules info file...
Replacing config file /etc/perl/XML/SAX/ParserDetails.ini with new version
Setting up libubsan1:armhf (8.3.0-7) ...
Setting up libsndio7.0:armhf (1.5.0-3) ...
Setting up zlib1g-dev:armhf (1:1.2.11.dfsg-1) ...
Setting up groff-base (1.22.4-3) ...
Setting up libmount1:armhf (2.33.1-0.1) ...
Setting up libcurl4:amd64 (7.64.0-4) ...
Setting up libx11-6:armhf (2:1.6.7-1) ...
Setting up libjack-dev:armhf (1:0.125.0-3) ...
Setting up libsndfile1:armhf (1.0.28-6) ...
Setting up libsm6:armhf (2:1.2.3-1) ...
Setting up cpp-arm-linux-gnueabihf (4:8.3.0-1) ...
Setting up libpython3-stdlib:amd64 (3.7.3-1) ...
Setting up automake (1:1.16.1-4) ...
update-alternatives: using /usr/bin/automake-1.16 to provide /usr/bin/automake (automake) in auto mode
Setting up libblkid-dev:armhf (2.33.1-0.1) ...
Setting up python3.7 (3.7.3-2) ...
Setting up libportaudio2:armhf (19.6.0-1) ...
Setting up gettext (0.19.8.1-9) ...
Setting up libsndio-dev:armhf (1.5.0-3) ...
Setting up libselinux1-dev:armhf (2.8-1+b1) ...
Setting up libglib2.0-0:armhf (2.58.3-2) ...
/var/lib/dpkg/info/libglib2.0-0:armhf.postinst: 47: /var/lib/dpkg/info/libglib2.0-0:armhf.postinst: /usr/lib/arm-linux-gnueabihf/glib-2.0/glib-compile-schemas: Exec format error
/var/lib/dpkg/info/libglib2.0-0:armhf.postinst: 50: /var/lib/dpkg/info/libglib2.0-0:armhf.postinst: /usr/lib/arm-linux-gnueabihf/glib-2.0/gio-querymodules: Exec format error
Setting up libxext6:armhf (2:1.3.3-1+b2) ...
Setting up python3 (3.7.3-1) ...
Setting up man-db (2.8.5-2) ...
Not building database; man-db/auto-update is not 'true'.
Setting up libasan5-armhf-cross (8.3.0-7cross1) ...
Setting up intltool-debian (0.35.0+20060710.5) ...
Setting up libportaudiocpp0:armhf (19.6.0-1) ...
Setting up portaudio19-dev:armhf (19.6.0-1) ...
Setting up libxml-simple-perl (2.25-1) ...
Setting up libgcc-8-dev-armhf-cross (8.3.0-7cross1) ...
Setting up libgcc-8-dev:armhf (8.3.0-7) ...
Setting up cmake (3.13.4-1) ...
Setting up libstdc++-8-dev-armhf-cross (8.3.0-7cross1) ...
Setting up python3-lib2to3 (3.7.3-1) ...
Setting up libmount-dev:armhf (2.33.1-0.1) ...
Setting up libstdc++-8-dev:armhf (8.3.0-7) ...
Setting up gcc-8-arm-linux-gnueabihf (8.3.0-7cross1) ...
Setting up gcc-arm-linux-gnueabihf (4:8.3.0-1) ...
Setting up python3-distutils (3.7.3-1) ...
Setting up libglib2.0-dev-bin (2.58.3-2) ...
Setting up libxi6:armhf (2:1.7.9-1) ...
Setting up libxtst6:armhf (2:1.2.3-1) ...
Setting up po-debconf (1.0.21) ...
Setting up libconfig-auto-perl (0.44-1) ...
Setting up g++-8-arm-linux-gnueabihf (8.3.0-7cross1) ...
Setting up libglib2.0-dev:armhf (2.58.3-2) ...
Setting up libdebian-dpkgcross-perl (2.6.15-3) ...
Setting up g++-arm-linux-gnueabihf (4:8.3.0-1) ...
Setting up libpulse0:armhf (12.2-4) ...
Setting up libpulse-mainloop-glib0:armhf (12.2-4) ...
Setting up libpulse-dev:armhf (12.2-4) ...
Setting up dpkg-cross (2.6.15-3) ...
Setting up crossbuild-essential-armhf (12.6) ...
Setting up dh-autoreconf (19) ...
Setting up dh-strip-nondeterminism (1.1.2-1) ...
Setting up debhelper (12.1.1) ...
Setting up sbuild-build-depends-main-dummy:armhf (0.invalid.0) ...
Processing triggers for libc-bin (2.28-10) ...
Processing triggers for ccache (3.7.1-1) ...
Updating symlinks in /usr/lib/ccache ...

+------------------------------------------------------------------------------+
| Check architectures                                                          |
+------------------------------------------------------------------------------+

Initial Foreign Architectures: armhf 
Arch check ok (armhf included in any all)

+------------------------------------------------------------------------------+
| Build environment                                                            |
+------------------------------------------------------------------------------+

Kernel: Linux 3.16.0-4-amd64 #1 SMP Debian 3.16.51-3 (2017-12-13) amd64 (x86_64)
Toolchain package versions: binutils_2.31.1-16 dpkg-dev_1.19.7 g++-8_8.3.0-7 gcc-8_8.3.0-7 libc6-dev_2.28-10 libstdc++-8-dev_8.3.0-7 libstdc++-8-dev-armhf-cross_8.3.0-7cross1 libstdc++6_8.3.0-7 libstdc++6-armhf-cross_8.3.0-7cross1 linux-libc-dev_4.19.37-5
Package versions: adduser_3.118 apt_1.8.2 autoconf_2.69-11 automake_1:1.16.1-4 autopoint_0.19.8.1-9 autotools-dev_20180224.1 base-files_10.3 base-passwd_3.5.46 bash_5.0-4 binutils_2.31.1-16 binutils-arm-linux-gnueabihf_2.31.1-16 binutils-common_2.31.1-16 binutils-x86-64-linux-gnu_2.31.1-16 bsdmainutils_11.1.2+b1 bsdutils_1:2.33.1-0.1 build-essential_12.6 bzip2_1.0.6-9.1 ccache_3.7.1-1 cmake_3.13.4-1 cmake-data_3.13.4-1 coreutils_8.30-3 cpp_4:8.3.0-1 cpp-8_8.3.0-7 cpp-8-arm-linux-gnueabihf_8.3.0-7cross1 cpp-arm-linux-gnueabihf_4:8.3.0-1 cross-config_2.6.15-3 crossbuild-essential-armhf_12.6 dash_0.5.10.2-5 debconf_1.5.72 debhelper_12.1.1 debian-archive-keyring_2019.1 debianutils_4.8.6.1 dh-autoreconf_19 dh-strip-nondeterminism_1.1.2-1 diffutils_1:3.7-3 dirmngr_2.2.13-2 dose-distcheck_5.0.1-12 dpkg_1.19.7 dpkg-cross_2.6.15-3 dpkg-dev_1.19.7 dwz_0.12-3 e2fsprogs_1.45.2-1 eatmydata_105-7 fakeroot_1.23-1 fdisk_2.33.1-0.1 file_1:5.35-4 findutils_4.6.0+git+20190209-2 g++_4:8.3.0-1 g++-8_8.3.0-7 g++-8-arm-linux-gnueabihf_8.3.0-7cross1 g++-arm-linux-gnueabihf_4:8.3.0-1 gcc_4:8.3.0-1 gcc-8_8.3.0-7 gcc-8-arm-linux-gnueabihf_8.3.0-7cross1 gcc-8-arm-linux-gnueabihf-base_8.3.0-7cross1 gcc-8-base_8.3.0-7 gcc-8-cross-base_8.3.0-7cross1 gcc-arm-linux-gnueabihf_4:8.3.0-1 gettext_0.19.8.1-9 gettext-base_0.19.8.1-9 gnupg_2.2.13-2 gnupg-l10n_2.2.13-2 gnupg-utils_2.2.13-2 gpg_2.2.13-2 gpg-agent_2.2.13-2 gpg-wks-client_2.2.13-2 gpg-wks-server_2.2.13-2 gpgconf_2.2.13-2 gpgsm_2.2.13-2 gpgv_2.2.13-2 grep_3.3-1 groff-base_1.22.4-3 gzip_1.9-3 hostname_3.21 init-system-helpers_1.57 intltool-debian_0.35.0+20060710.5 libacl1_2.2.53-4 libapt-pkg5.0_1.8.2 libarchive-zip-perl_1.64-1 libarchive13_3.3.3-4 libasan5_8.3.0-7 libasan5-armhf-cross_8.3.0-7cross1 libasound2_1.1.8-1 libasound2-data_1.1.8-1 libasound2-dev_1.1.8-1 libassuan0_2.5.2-1 libasyncns0_0.8-6 libatomic1_8.3.0-7 libatomic1-armhf-cross_8.3.0-7cross1 libattr1_1:2.4.48-4 libaudit-common_1:2.8.4-3 libaudit1_1:2.8.4-3 libbinutils_2.31.1-16 libblkid-dev_2.33.1-0.1 libblkid1_2.33.1-0.1 libbsd0_0.9.1-2 libbz2-1.0_1.0.6-9.1 libc-bin_2.28-10 libc-dev-bin_2.28-10 libc6_2.28-10 libc6-armhf-cross_2.28-10cross2 libc6-dev_2.28-10 libc6-dev-armhf-cross_2.28-10cross2 libcap-ng0_0.7.9-2 libcap2_1:2.25-2 libcc1-0_8.3.0-7 libcom-err2_1.45.2-1 libconfig-auto-perl_0.44-1 libconfig-inifiles-perl_3.000001-1 libcroco3_0.6.12-3 libcurl4_7.64.0-4 libdb5.3_5.3.28+dfsg1-0.6 libdbus-1-3_1.12.16-1 libdebconfclient0_0.249 libdebian-dpkgcross-perl_2.6.15-3 libdpkg-perl_1.19.7 libeatmydata1_105-7 libelf1_0.176-1.1 libexpat1_2.2.6-2 libext2fs2_1.45.2-1 libfakeroot_1.23-1 libfdisk1_2.33.1-0.1 libffi-dev_3.2.1-9 libffi6_3.2.1-9 libfile-homedir-perl_1.004-1 libfile-stripnondeterminism-perl_1.1.2-1 libfile-which-perl_1.23-1 libflac8_1.3.2-3 libgcc-8-dev_8.3.0-7 libgcc-8-dev-armhf-cross_8.3.0-7cross1 libgcc1_1:8.3.0-7 libgcc1-armhf-cross_1:8.3.0-7cross1 libgcrypt20_1.8.4-5 libgdbm-compat4_1.18.1-4 libgdbm6_1.18.1-4 libglib2.0-0_2.58.3-2 libglib2.0-bin_2.58.3-2 libglib2.0-data_2.58.3-2 libglib2.0-dev_2.58.3-2 libglib2.0-dev-bin_2.58.3-2 libgmp10_2:6.1.2+dfsg-4 libgnutls30_3.6.7-4 libgomp1_8.3.0-7 libgomp1-armhf-cross_8.3.0-7cross1 libgpg-error0_1.35-1 libgssapi-krb5-2_1.17-3 libhogweed4_3.4.1-1 libice6_2:1.0.9-2 libicu63_63.2-2 libidn2-0_2.0.5-1 libio-string-perl_1.08-3 libisl19_0.20-2 libitm1_8.3.0-7 libjack-dev_1:0.125.0-3 libjack0_1:0.125.0-3 libjsoncpp1_1.7.4-3 libk5crypto3_1.17-3 libkeyutils1_1.6-6 libkrb5-3_1.17-3 libkrb5support0_1.17-3 libksba8_1.3.5-2 libldap-2.4-2_2.4.47+dfsg-3 libldap-common_2.4.47+dfsg-3 liblocale-gettext-perl_1.07-3+b4 liblsan0_8.3.0-7 liblua5.2-0_5.2.4-1.1+b2 liblz4-1_1.8.3-1 liblzma5_5.2.4-1 libmagic-mgc_1:5.35-4 libmagic1_1:5.35-4 libmount-dev_2.33.1-0.1 libmount1_2.33.1-0.1 libmpc3_1.1.0-1 libmpdec2_2.4.2-2 libmpfr6_4.0.2-1 libmpx2_8.3.0-7 libncurses6_6.1+20181013-2 libncursesw6_6.1+20181013-2 libnettle6_3.4.1-1 libnghttp2-14_1.37.0-1 libnpth0_1.6-1 libnspr4_2:4.21-1 libnss3_2:3.44+really3.42.1-2 libogg0_1.3.2-1+b1 libp11-kit0_0.23.15-2 libpam-modules_1.3.1-5 libpam-modules-bin_1.3.1-5 libpam-runtime_1.3.1-5 libpam0g_1.3.1-5 libpcre16-3_2:8.39-12 libpcre3_2:8.39-12 libpcre3-dev_2:8.39-12 libpcre32-3_2:8.39-12 libpcrecpp0v5_2:8.39-12 libperl5.28_5.28.1-6 libpipeline1_1.5.1-2 libpopt0_1.16-12 libportaudio2_19.6.0-1 libportaudiocpp0_19.6.0-1 libprocps7_2:3.3.15-2 libpsl5_0.20.2-2 libpulse-dev_12.2-4 libpulse-mainloop-glib0_12.2-4 libpulse0_12.2-4 libpython3-stdlib_3.7.3-1 libpython3.7-minimal_3.7.3-2 libpython3.7-stdlib_3.7.3-2 libquadmath0_8.3.0-7 libreadline7_7.0-5 librhash0_1.3.8-1 librpm8_4.14.2.1+dfsg1-1 librpmio8_4.14.2.1+dfsg1-1 librtmp1_2.4+20151223.gitfa8646d.1-2 libsasl2-2_2.1.27+dfsg-1 libsasl2-modules-db_2.1.27+dfsg-1 libseccomp2_2.3.3-4 libselinux1_2.8-1+b1 libselinux1-dev_2.8-1+b1 libsemanage-common_2.8-2 libsemanage1_2.8-2 libsepol1_2.8-1 libsepol1-dev_2.8-1 libsigsegv2_2.12-2 libsm6_2:1.2.3-1 libsmartcols1_2.33.1-0.1 libsndfile1_1.0.28-6 libsndio-dev_1.5.0-3 libsndio7.0_1.5.0-3 libsqlite3-0_3.27.2-3 libss2_1.45.2-1 libssh2-1_1.8.0-2.1 libssl1.1_1.1.1c-1 libstdc++-8-dev_8.3.0-7 libstdc++-8-dev-armhf-cross_8.3.0-7cross1 libstdc++6_8.3.0-7 libstdc++6-armhf-cross_8.3.0-7cross1 libsystemd0_241-5 libtasn1-6_4.13-3 libtinfo6_6.1+20181013-2 libtool_2.4.6-10 libtsan0_8.3.0-7 libubsan1_8.3.0-7 libubsan1-armhf-cross_8.3.0-7cross1 libuchardet0_0.0.6-3 libudev1_241-5 libunistring2_0.9.10-1 libuuid1_2.33.1-0.1 libuv1_1.24.1-1 libvorbis0a_1.3.6-2 libvorbisenc2_1.3.6-2 libwrap0_7.6.q-28 libx11-6_2:1.6.7-1 libx11-data_2:1.6.7-1 libx11-xcb1_2:1.6.7-1 libxau6_1:1.0.8-1+b2 libxcb1_1.13.1-2 libxdmcp6_1:1.1.2-3 libxext6_2:1.3.3-1+b2 libxi6_2:1.7.9-1 libxml-libxml-perl_2.0134+dfsg-1 libxml-namespacesupport-perl_1.12-1 libxml-sax-base-perl_1.09-1 libxml-sax-perl_1.00+dfsg-1 libxml-simple-perl_2.25-1 libxml2_2.9.4+dfsg1-7+b3 libxtst6_2:1.2.3-1 libyaml-perl_1.27-1 libzstd1_1.3.8+dfsg-3 linux-libc-dev_4.19.37-5 linux-libc-dev-armhf-cross_4.19.28-2cross2 login_1:4.5-1.1 lsb-base_10.2019051400 m4_1.4.18-2 make_4.2.1-1.2 man-db_2.8.5-2 mawk_1.3.3-17+b3 mime-support_3.62 mount_2.33.1-0.1 ncurses-base_6.1+20181013-2 ncurses-bin_6.1+20181013-2 passwd_1:4.5-1.1 patch_2.7.6-4 perl_5.28.1-6 perl-base_5.28.1-6 perl-modules-5.28_5.28.1-6 pinentry-curses_1.1.0-2 pkg-config_0.29-6 po-debconf_1.0.21 portaudio19-dev_19.6.0-1 procps_2:3.3.15-2 python3_3.7.3-1 python3-distutils_3.7.3-1 python3-lib2to3_3.7.3-1 python3-minimal_3.7.3-1 python3.7_3.7.3-2 python3.7-minimal_3.7.3-2 readline-common_7.0-5 sbuild-build-depends-dose3-dummy_0.invalid.0 sbuild-build-depends-main-dummy_0.invalid.0 sed_4.7-1 sensible-utils_0.0.12 sysvinit-utils_2.93-8 tar_1.30+dfsg-6 tzdata_2019a-1 ucf_3.0038+nmu1 util-linux_2.33.1-0.1 uuid-dev_2.33.1-0.1 x11-common_1:7.7+19 xz-utils_5.2.4-1 zlib1g_1:1.2.11.dfsg-1 zlib1g-dev_1:1.2.11.dfsg-1

+------------------------------------------------------------------------------+
| Build                                                                        |
+------------------------------------------------------------------------------+


Unpack source
-------------

-----BEGIN PGP SIGNED MESSAGE-----
Hash: SHA512

Format: 3.0 (quilt)
Source: openal-soft
Binary: libopenal-dev, libopenal1, openal-info, makehrtf, libopenal-data
Architecture: any all
Version: 1:1.19.1-1
Maintainer: Debian Games Team <pkg-games-devel@lists.alioth.debian.org>
Uploaders: Bruno "Fuddl" Kleinert <fuddl@tauware.de>, Reinhard Tartler <siretart@tauware.de>, Gonri Le Bouder <goneri@rulezlan.org>, Bret Curtis <psi29a@gmail.com>
Homepage: http://kcat.strangesoft.net/openal.html
Standards-Version: 4.2.1
Vcs-Browser: https://salsa.debian.org/games-team/openal-soft
Vcs-Git: https://salsa.debian.org/games-team/openal-soft.git
Build-Depends: debhelper (>= 11), libasound2-dev [linux-any], cmake, portaudio19-dev, libpulse-dev, libsndio-dev
Package-List:
 libopenal-data deb libs optional arch=all
 libopenal-dev deb libdevel optional arch=any
 libopenal1 deb libs optional arch=any
 makehrtf deb sound optional arch=any
 openal-info deb sound optional arch=any
Checksums-Sha1:
 436ee636215555a351ac2ec3ea06611ad63d4bc7 683061 openal-soft_1.19.1.orig.tar.gz
 f9bc6be23acca14470e0358a19e3df5cf837a624 12768 openal-soft_1.19.1-1.debian.tar.xz
Checksums-Sha256:
 9f3536ab2bb7781dbafabc6a61e0b34b17edd16bd6c2eaf2ae71bc63078f98c7 683061 openal-soft_1.19.1.orig.tar.gz
 6bb1a5c6dbfdc02e5ff1d0eca00c7f2af43ca1be532424513cea20726ad48646 12768 openal-soft_1.19.1-1.debian.tar.xz
Files:
 616ecdccb6fb4ac42a04d74f54c9a188 683061 openal-soft_1.19.1.orig.tar.gz
 466696c38928e2cf572f51cda728847b 12768 openal-soft_1.19.1-1.debian.tar.xz

-----BEGIN PGP SIGNATURE-----

iQKmBAEBCgCQFiEEf0vHzDygb5cza7/rBmjMFIbC17UFAlvER8VfFIAAAAAALgAo
aXNzdWVyLWZwckBub3RhdGlvbnMub3BlbnBncC5maWZ0aGhvcnNlbWFuLm5ldDdG
NEJDN0NDM0NBMDZGOTczMzZCQkZFQjA2NjhDQzE0ODZDMkQ3QjUSHHNsb21vQGNv
YXhpb24ubmV0AAoJEAZozBSGwte1NFAQAIvebYmikU8yNRCinWygHy/9p3dKFI1b
CO8PxlTefZnpPkFCwdoIkQBNhRu4noxt/mt5+zmefeKSh59xaWUJNnkLqgzI+CrN
aFeOi3qqqGDcX51K6Aa6SCj7ngFUq132NT/lUz8d+DcR2iDCmpKAgShCxp5xvhTl
N7yuEPMt47eAd04381RJJkCaQ51bj8WmNMjZ7znjEBImtYpFmHmnHJw5/MH24/KW
dYOi4K0oes+amn0GvZ3gOAjj4nzToP0NP7bnRxPBDmcvSObkk1WLyqt9t1Wt/Kmv
FVGmxpmXAHjdryE/9qNOQtsisZ9YdmrEkanZQ2a6t0I4h5RkqidiWsk2ISZgGXGF
X9UBlHaDC6JFgikz0Ae+LPMKpzRIBWLLWZDNWIHs5XNKGoyCMC4bsHYvo7anmSOD
NBuQl8zuuXe7WzleOCswLzt6LtlYX3M6CyRWPkHtJnNw1qJSnhDTP9SAGs7n/rEf
dY/Ln8LQks7SKIHOO7KKExzgs/T+52oc49C8kjGBBLb8GsBHawcyC6w5fnedkE0j
1Tvz3kSkF+zWEYz2BtDRVFgJurSKX9ySMI1kinXi0V+Z1ZYnHQCZjSqMfdHXL3XT
g0FfoP+IZhFOKgoVNVihyNNyPMZJHeI+siXNwShqmsHsw99/BLz2b1+poRlcbpRB
SoXeFK5slS6W
=sPZt
-----END PGP SIGNATURE-----

gpgv: unknown type of key resource 'trustedkeys.kbx'
gpgv: keyblock resource '/sbuild-nonexistent/.gnupg/trustedkeys.kbx': General error
gpgv: Signature made Mon Oct 15 07:54:45 2018 UTC
gpgv:                using RSA key 7F4BC7CC3CA06F97336BBFEB0668CC1486C2D7B5
gpgv:                issuer "slomo@coaxion.net"
gpgv: Can't check signature: No public key
dpkg-source: warning: failed to verify signature on ./openal-soft_1.19.1-1.dsc
dpkg-source: info: extracting openal-soft in /<<PKGBUILDDIR>>
dpkg-source: info: unpacking openal-soft_1.19.1.orig.tar.gz
dpkg-source: info: unpacking openal-soft_1.19.1-1.debian.tar.xz

Check disk space
----------------

Sufficient free space for build

User Environment
----------------

APT_CONFIG=/var/lib/sbuild/apt.conf
CCACHE_COMPRESS=1
CCACHE_DIR=/var/cache/ccache-sbuild
CCACHE_UMASK=002
CONFIG_SITE=/etc/dpkg-cross/cross-config.armhf
DEB_BUILD_OPTIONS=nocheck
HOME=/sbuild-nonexistent
LANG=en_US.UTF-8
LC_ALL=C.UTF-8
LD_LIBRARY_PATH=/usr/lib/libeatmydata
LD_PRELOAD=libeatmydata.so
LOGNAME=build
PATH=/usr/lib/ccache:/usr/local/sbin:/usr/local/bin:/usr/sbin:/usr/bin:/sbin:/bin:/usr/games
PWD=/<<PKGBUILDDIR>>
SCHROOT_ALIAS_NAME=unstable-amd64-sbuild
SCHROOT_CHROOT_NAME=unstable-amd64-sbuild
SCHROOT_COMMAND=env
SCHROOT_GID=1000
SCHROOT_GROUP=build
SCHROOT_SESSION_ID=unstable-amd64-sbuild-deec7a5a-f5d5-403e-843c-8bc8dcc72b4e
SCHROOT_UID=1000
SCHROOT_USER=build
SHELL=/bin/sh
USER=build

dpkg-buildpackage
-----------------

Command: dpkg-buildpackage -aarmhf -Pcross,nocheck -us -uc -B -rfakeroot -j16
dpkg-buildpackage: info: source package openal-soft
dpkg-buildpackage: info: source version 1:1.19.1-1
dpkg-buildpackage: info: source distribution unstable
dpkg-buildpackage: info: source changed by Bret Curtis <psi29a@gmail.com>
dpkg-architecture: warning: specified GNU system type arm-linux-gnueabihf does not match CC system type x86_64-linux-gnu, try setting a correct CC environment variable
 dpkg-source --before-build .
dpkg-buildpackage: info: host architecture armhf
 fakeroot debian/rules clean
dh clean --builddirectory=/<<PKGBUILDDIR>>/build-tree
   debian/rules override_dh_auto_clean
make[1]: Entering directory '/<<PKGBUILDDIR>>'
rm -rf /<<PKGBUILDDIR>>/build-tree
make[1]: Leaving directory '/<<PKGBUILDDIR>>'
   dh_autoreconf_clean -O--builddirectory=/<<PKGBUILDDIR>>/build-tree
   dh_clean -O--builddirectory=/<<PKGBUILDDIR>>/build-tree
 debian/rules build-arch
dh build-arch --builddirectory=/<<PKGBUILDDIR>>/build-tree
   dh_update_autotools_config -a -O--builddirectory=/<<PKGBUILDDIR>>/build-tree
   dh_autoreconf -a -O--builddirectory=/<<PKGBUILDDIR>>/build-tree
   debian/rules override_dh_auto_configure
make[1]: Entering directory '/<<PKGBUILDDIR>>'
dh_auto_configure -- -DCMAKE_VERBOSE_MAKEFILE=ON -DLIB_SUFFIX="/arm-linux-gnueabihf" -DEXAMPLES=OFF ..
	cd build-tree && cmake -DCMAKE_INSTALL_PREFIX=/usr -DCMAKE_BUILD_TYPE=None -DCMAKE_INSTALL_SYSCONFDIR=/etc -DCMAKE_INSTALL_LOCALSTATEDIR=/var -DCMAKE_EXPORT_NO_PACKAGE_REGISTRY=ON -DCMAKE_FIND_PACKAGE_NO_PACKAGE_REGISTRY=ON -DCMAKE_INSTALL_RUNSTATEDIR=/run "-GUnix Makefiles" -DCMAKE_VERBOSE_MAKEFILE=ON -DCMAKE_SYSTEM_NAME=Linux -DCMAKE_SYSTEM_PROCESSOR=arm -DCMAKE_C_COMPILER=arm-linux-gnueabihf-gcc -DCMAKE_CXX_COMPILER=arm-linux-gnueabihf-g\+\+ -DPKG_CONFIG_EXECUTABLE=/usr/bin/arm-linux-gnueabihf-pkg-config -DPKGCONFIG_EXECUTABLE=/usr/bin/arm-linux-gnueabihf-pkg-config -DQMAKE_EXECUTABLE=/usr/bin/arm-linux-gnueabihf-qmake -DCMAKE_INSTALL_LIBDIR=lib/arm-linux-gnueabihf -DCMAKE_VERBOSE_MAKEFILE=ON -DLIB_SUFFIX=/arm-linux-gnueabihf -DEXAMPLES=OFF .. ..
Re-run cmake no build system arguments
-- The C compiler identification is GNU 8.3.0
-- The CXX compiler identification is GNU 8.3.0
-- Check for working C compiler: /usr/lib/ccache/arm-linux-gnueabihf-gcc
-- Check for working C compiler: /usr/lib/ccache/arm-linux-gnueabihf-gcc -- works
-- Detecting C compiler ABI info
-- Detecting C compiler ABI info - done
-- Detecting C compile features
-- Detecting C compile features - done
-- Check for working CXX compiler: /usr/lib/ccache/arm-linux-gnueabihf-g++
-- Check for working CXX compiler: /usr/lib/ccache/arm-linux-gnueabihf-g++ -- works
-- Detecting CXX compiler ABI info
-- Detecting CXX compiler ABI info - done
-- Detecting CXX compile features
-- Detecting CXX compile features - done
CMake Warning at CMakeLists.txt:61 (message):
  LIB_SUFFIX is deprecated.  Use the variables provided by the GNUInstallDirs
  module instead


-- Looking for sys/types.h
-- Looking for sys/types.h - found
-- Looking for stdint.h
-- Looking for stdint.h - found
-- Looking for stddef.h
-- Looking for stddef.h - found
-- Check size of long
-- Check size of long - done
-- Check size of long long
-- Check size of long long - done
-- Performing Test HAVE_STD_C11
-- Performing Test HAVE_STD_C11 - Success
-- Performing Test HAVE_STD_CXX11
-- Performing Test HAVE_STD_CXX11 - Success
-- Looking for posix_memalign
-- Looking for posix_memalign - not found
-- Looking for posix_memalign
-- Looking for posix_memalign - found
-- Checking _FILE_OFFSET_BITS for large files
-- Checking _FILE_OFFSET_BITS for large files - 64
-- Performing Test INLINE_IS_C99
-- Performing Test INLINE_IS_C99 - Success
-- Performing Test HAVE_STRUCT_TIMESPEC
-- Performing Test HAVE_STRUCT_TIMESPEC - Success
-- Performing Test HAVE_LIBATOMIC
-- Performing Test HAVE_LIBATOMIC - Success
-- Looking for __android_log_print in log
-- Looking for __android_log_print in log - not found
-- Performing Test HAVE_C99_BOOL
-- Performing Test HAVE_C99_BOOL - Success
-- Performing Test HAVE_C11_STATIC_ASSERT
-- Performing Test HAVE_C11_STATIC_ASSERT - Success
-- Performing Test HAVE_C11_ALIGNAS
-- Performing Test HAVE_C11_ALIGNAS - Success
-- Performing Test HAVE_C11_ATOMIC
-- Performing Test HAVE_C11_ATOMIC - Success
-- Performing Test HAVE_W_EXTRA
-- Performing Test HAVE_W_EXTRA - Success
-- Performing Test HAVE_FNO_MATH_ERRNO
-- Performing Test HAVE_FNO_MATH_ERRNO - Success
-- Performing Test HAVE_GCC_DESTRUCTOR
-- Performing Test HAVE_GCC_DESTRUCTOR - Success
-- Performing Test HAVE_GCC_PROTECTED_VISIBILITY
-- Performing Test HAVE_GCC_PROTECTED_VISIBILITY - Success
-- Performing Test HAVE_VISIBILITY_HIDDEN_SWITCH
-- Performing Test HAVE_VISIBILITY_HIDDEN_SWITCH - Success
-- Performing Test HAVE_ATTRIBUTE_ALIGNED
-- Performing Test HAVE_ATTRIBUTE_ALIGNED - Success
-- Performing Test HAVE___BUILTIN_ASSUME_ALIGNED
-- Performing Test HAVE___BUILTIN_ASSUME_ALIGNED - Success
-- Performing Test HAVE_MSSE_SWITCH
-- Performing Test HAVE_MSSE_SWITCH - Failed
-- Performing Test HAVE_MSSE2_SWITCH
-- Performing Test HAVE_MSSE2_SWITCH - Failed
-- Performing Test HAVE_MSSE3_SWITCH
-- Performing Test HAVE_MSSE3_SWITCH - Failed
-- Performing Test HAVE_MSSE4_1_SWITCH
-- Performing Test HAVE_MSSE4_1_SWITCH - Failed
-- Performing Test HAVE_MFPU_NEON_SWITCH
-- Performing Test HAVE_MFPU_NEON_SWITCH - Success
-- Performing Test HAVE_GCC_FORMAT
-- Performing Test HAVE_GCC_FORMAT - Success
-- Looking for stdbool.h
CMake Warning (dev) at /usr/share/cmake-3.13/Modules/CheckIncludeFile.cmake:70 (message):
  Policy CMP0075 is not set: Include file check macros honor
  CMAKE_REQUIRED_LIBRARIES.  Run "cmake --help-policy CMP0075" for policy
  details.  Use the cmake_policy command to set the policy and suppress this
  warning.

  CMAKE_REQUIRED_LIBRARIES is set to:

    atomic

  For compatibility with CMake 3.11 and below this check is ignoring it.
Call Stack (most recent call first):
  CMakeLists.txt:480 (CHECK_INCLUDE_FILE)
This warning is for project developers.  Use -Wno-dev to suppress it.

-- Looking for stdbool.h - found
-- Looking for stdalign.h
-- Looking for stdalign.h - found
-- Looking for malloc.h
-- Looking for malloc.h - found
-- Looking for dirent.h
-- Looking for dirent.h - found
-- Looking for strings.h
-- Looking for strings.h - found
-- Looking for cpuid.h
-- Looking for cpuid.h - not found
-- Looking for intrin.h
-- Looking for intrin.h - not found
-- Looking for sys/sysconf.h
-- Looking for sys/sysconf.h - not found
-- Looking for fenv.h
-- Looking for fenv.h - found
-- Looking for float.h
-- Looking for float.h - found
-- Looking for ieeefp.h
-- Looking for ieeefp.h - not found
-- Looking for guiddef.h
-- Looking for guiddef.h - not found
-- Looking for initguid.h
-- Looking for initguid.h - not found
-- Looking for pow in m
-- Looking for pow in m - found
-- Looking for dlopen in dl
-- Looking for dlopen in dl - found
-- Looking for dlfcn.h
-- Looking for dlfcn.h - found
-- Looking for sysconf
-- Looking for sysconf - found
-- Looking for aligned_alloc
-- Looking for aligned_alloc - found
-- Looking for posix_memalign
-- Looking for posix_memalign - found
-- Looking for _aligned_malloc
-- Looking for _aligned_malloc - not found
-- Looking for proc_pidpath
-- Looking for proc_pidpath - not found
-- Looking for lrintf
-- Looking for lrintf - found
-- Looking for modff
-- Looking for modff - found
-- Looking for log2f
-- Looking for log2f - found
-- Looking for cbrtf
-- Looking for cbrtf - found
-- Looking for copysignf
-- Looking for copysignf - found
-- Looking for _controlfp
-- Looking for _controlfp - not found
-- Looking for __control87_2
-- Looking for __control87_2 - not found
-- Looking for stat
-- Looking for stat - found
-- Looking for strtof
-- Looking for strtof - found
-- Looking for strcasecmp
-- Looking for strcasecmp - found
-- Looking for strncasecmp
-- Looking for strncasecmp - found
-- Looking for strnlen
-- Looking for strnlen - not found
-- Looking for snprintf
-- Looking for snprintf - found
-- Looking for isfinite
-- Looking for isfinite - found
-- Looking for isnan
-- Looking for isnan - found
-- Looking for windows.h
-- Looking for windows.h - not found
-- Looking for gettimeofday
-- Looking for gettimeofday - found
-- Looking for nanosleep
-- Looking for nanosleep - found
-- Looking for pthread.h
-- Looking for pthread.h - found
-- Looking for include files pthread.h, pthread_np.h
-- Looking for include files pthread.h, pthread_np.h - not found
-- Performing Test HAVE_PTHREAD
-- Performing Test HAVE_PTHREAD - Success
-- Looking for pthread_create in pthread
-- Looking for pthread_create in pthread - found
-- Looking for pthread_setschedparam
-- Looking for pthread_setschedparam - found
-- Looking for pthread_setname_np
-- Looking for pthread_setname_np - not found
-- Looking for pthread_set_name_np
-- Looking for pthread_set_name_np - not found
-- Looking for pthread_mutexattr_setkind_np
-- Looking for pthread_mutexattr_setkind_np - not found
-- Looking for pthread_mutex_timedlock
-- Looking for pthread_mutex_timedlock - found
-- Looking for clock_gettime in rt
-- Looking for clock_gettime in rt - found
-- Looking for getopt
-- Looking for getopt - found
-- Looking for xmmintrin.h
-- Looking for xmmintrin.h - not found
-- Looking for emmintrin.h
-- Looking for emmintrin.h - not found
-- Looking for pmmintrin.h
-- Looking for pmmintrin.h - not found
-- Looking for smmintrin.h
-- Looking for smmintrin.h - not found
-- Looking for arm_neon.h
-- Looking for arm_neon.h - found
-- Found ALSA: /usr/lib/arm-linux-gnueabihf/libasound.so (found version "1.1.8") 
-- Found OSS: /usr/include/arm-linux-gnueabihf  
-- Could NOT find AudioIO (missing: AUDIOIO_INCLUDE_DIR) 
-- Found SoundIO: /usr/lib/arm-linux-gnueabihf/libsndio.so  
-- Could NOT find QSA (missing: QSA_LIBRARY QSA_INCLUDE_DIR) 
-- Found PortAudio: /usr/lib/arm-linux-gnueabihf/libportaudio.so  
-- Found PulseAudio: /usr/lib/arm-linux-gnueabihf/libpulse.so (found version "12.2.0") 
-- Found JACK: /usr/lib/arm-linux-gnueabihf/libjack.so  
-- Looking for include files SLES/OpenSLES.h, SLES/OpenSLES_Android.h
-- Looking for include files SLES/OpenSLES.h, SLES/OpenSLES_Android.h - not found
-- Looking for pthread.h
-- Looking for pthread.h - found
-- Looking for pthread_create
-- Looking for pthread_create - found
-- Found Threads: TRUE  
-- Could NOT find SDL2 (missing: SDL2_LIBRARY SDL2_INCLUDE_DIR) 
-- Could NOT find Git (missing: GIT_EXECUTABLE) 
CMake Warning at utils/alsoft-config/CMakeLists.txt:15 (find_package):
  By not providing "FindQt5Widgets.cmake" in CMAKE_MODULE_PATH this project
  has asked CMake to find a package configuration file provided by
  "Qt5Widgets", but CMake did not find one.

  Could not find a package configuration file provided by "Qt5Widgets" with
  any of the following names:

    Qt5WidgetsConfig.cmake
    qt5widgets-config.cmake

  Add the installation prefix of "Qt5Widgets" to CMAKE_PREFIX_PATH or set
  "Qt5Widgets_DIR" to a directory containing one of the above files.  If
  "Qt5Widgets" provides a separate development package or SDK, be sure it has
  been installed.


-- Found unsuitable Qt version "" from NOTFOUND
-- Could NOT find SDL2 (missing: SDL2_LIBRARY SDL2_INCLUDE_DIR) 
-- 
-- Building OpenAL with support for the following backends:
--      ALSA, OSS, SndIO (linked), PortAudio, PulseAudio, JACK, WaveFile, Null
-- 
-- Building with support for CPU extensions:
--     Default, Neon
-- 
-- Embedding HRTF datasets
-- 
-- Installing sample configuration
-- 
-- Installing HRTF definitions
-- 
-- Installing AmbDec presets
-- 
-- Building utility programs
-- 
-- Building test programs
-- 
-- Building example programs
-- Configuring done
-- Generating done
CMake Warning:
  Manually-specified variables were not used by the project:

    CMAKE_EXPORT_NO_PACKAGE_REGISTRY
    EXAMPLES
    LIB_SUFFIX
    PKGCONFIG_EXECUTABLE
    PKG_CONFIG_EXECUTABLE
    QMAKE_EXECUTABLE


-- Build files have been written to: /<<PKGBUILDDIR>>/build-tree
make[1]: Leaving directory '/<<PKGBUILDDIR>>'
   dh_auto_build -a -O--builddirectory=/<<PKGBUILDDIR>>/build-tree
	cd build-tree && make -j16 "INSTALL=install --strip-program=true" PKG_CONFIG=arm-linux-gnueabihf-pkg-config CXX=arm-linux-gnueabihf-g\+\+ CC=arm-linux-gnueabihf-gcc
make[1]: Entering directory '/<<PKGBUILDDIR>>/build-tree'
/usr/bin/cmake -S/<<PKGBUILDDIR>> -B/<<PKGBUILDDIR>>/build-tree --check-build-system CMakeFiles/Makefile.cmake 0
/usr/bin/cmake -E cmake_progress_start /<<PKGBUILDDIR>>/build-tree/CMakeFiles /<<PKGBUILDDIR>>/build-tree/CMakeFiles/progress.marks
make -f CMakeFiles/Makefile2 all
make[2]: Entering directory '/<<PKGBUILDDIR>>/build-tree'
make -f CMakeFiles/native-tools.dir/build.make CMakeFiles/native-tools.dir/depend
make -f CMakeFiles/common.dir/build.make CMakeFiles/common.dir/depend
make -f CMakeFiles/makehrtf.dir/build.make CMakeFiles/makehrtf.dir/depend
make[3]: Entering directory '/<<PKGBUILDDIR>>/build-tree'
cd /<<PKGBUILDDIR>>/build-tree && /usr/bin/cmake -E cmake_depends "Unix Makefiles" /<<PKGBUILDDIR>> /<<PKGBUILDDIR>> /<<PKGBUILDDIR>>/build-tree /<<PKGBUILDDIR>>/build-tree /<<PKGBUILDDIR>>/build-tree/CMakeFiles/native-tools.dir/DependInfo.cmake --color=
make[3]: Entering directory '/<<PKGBUILDDIR>>/build-tree'
cd /<<PKGBUILDDIR>>/build-tree && /usr/bin/cmake -E cmake_depends "Unix Makefiles" /<<PKGBUILDDIR>> /<<PKGBUILDDIR>> /<<PKGBUILDDIR>>/build-tree /<<PKGBUILDDIR>>/build-tree /<<PKGBUILDDIR>>/build-tree/CMakeFiles/common.dir/DependInfo.cmake --color=
make[3]: Entering directory '/<<PKGBUILDDIR>>/build-tree'
cd /<<PKGBUILDDIR>>/build-tree && /usr/bin/cmake -E cmake_depends "Unix Makefiles" /<<PKGBUILDDIR>> /<<PKGBUILDDIR>> /<<PKGBUILDDIR>>/build-tree /<<PKGBUILDDIR>>/build-tree /<<PKGBUILDDIR>>/build-tree/CMakeFiles/makehrtf.dir/DependInfo.cmake --color=
Dependee "/<<PKGBUILDDIR>>/build-tree/CMakeFiles/native-tools.dir/DependInfo.cmake" is newer than depender "/<<PKGBUILDDIR>>/build-tree/CMakeFiles/native-tools.dir/depend.internal".
Dependee "/<<PKGBUILDDIR>>/build-tree/CMakeFiles/CMakeDirectoryInformation.cmake" is newer than depender "/<<PKGBUILDDIR>>/build-tree/CMakeFiles/native-tools.dir/depend.internal".
Dependee "/<<PKGBUILDDIR>>/build-tree/CMakeFiles/makehrtf.dir/DependInfo.cmake" is newer than depender "/<<PKGBUILDDIR>>/build-tree/CMakeFiles/makehrtf.dir/depend.internal".
Dependee "/<<PKGBUILDDIR>>/build-tree/CMakeFiles/CMakeDirectoryInformation.cmake" is newer than depender "/<<PKGBUILDDIR>>/build-tree/CMakeFiles/makehrtf.dir/depend.internal".
Scanning dependencies of target native-tools
make[3]: Leaving directory '/<<PKGBUILDDIR>>/build-tree'
Scanning dependencies of target makehrtf
make -f CMakeFiles/native-tools.dir/build.make CMakeFiles/native-tools.dir/build
Dependee "/<<PKGBUILDDIR>>/build-tree/CMakeFiles/common.dir/DependInfo.cmake" is newer than depender "/<<PKGBUILDDIR>>/build-tree/CMakeFiles/common.dir/depend.internal".
Dependee "/<<PKGBUILDDIR>>/build-tree/CMakeFiles/CMakeDirectoryInformation.cmake" is newer than depender "/<<PKGBUILDDIR>>/build-tree/CMakeFiles/common.dir/depend.internal".
make[3]: Leaving directory '/<<PKGBUILDDIR>>/build-tree'
make -f CMakeFiles/makehrtf.dir/build.make CMakeFiles/makehrtf.dir/build
make[3]: Entering directory '/<<PKGBUILDDIR>>/build-tree'
make[3]: Entering directory '/<<PKGBUILDDIR>>/build-tree'
Scanning dependencies of target common
make[3]: Leaving directory '/<<PKGBUILDDIR>>/build-tree'
make -f CMakeFiles/common.dir/build.make CMakeFiles/common.dir/build
make[3]: Entering directory '/<<PKGBUILDDIR>>/build-tree'
[  1%] Building C object CMakeFiles/makehrtf.dir/utils/makehrtf.c.o
[  2%] Generating native-tools/bin2h, native-tools/bsincgen
/usr/lib/ccache/arm-linux-gnueabihf-gcc -DHAVE_STRUCT_TIMESPEC -D_FILE_OFFSET_BITS=64 -D_LARGEFILE_SOURCE -D_LARGE_FILES -D_POSIX_C_SOURCE=200112L -D_XOPEN_SOURCE=600 -I/<<PKGBUILDDIR>>/include -I/<<PKGBUILDDIR>>/common -I/<<PKGBUILDDIR>>/build-tree  -fno-gnu89-inline -std=c11 -g -O2 -fdebug-prefix-map=/<<PKGBUILDDIR>>=. -fstack-protector-strong -Wformat -Werror=format-security -Wdate-time -D_FORTIFY_SOURCE=2 -Wdate-time -D_FORTIFY_SOURCE=2   -Winline -Wall -Wextra -fno-math-errno -fvisibility=hidden -pthread -o CMakeFiles/makehrtf.dir/utils/makehrtf.c.o   -c /<<PKGBUILDDIR>>/utils/makehrtf.c
cd /<<PKGBUILDDIR>>/build-tree/native-tools && /usr/bin/cmake -G "Unix Makefiles" /<<PKGBUILDDIR>>/native-tools/
[  4%] Building C object CMakeFiles/common.dir/common/rwlock.c.o
[  5%] Building C object CMakeFiles/common.dir/common/almalloc.c.o
/usr/lib/ccache/arm-linux-gnueabihf-gcc -DHAVE_STRUCT_TIMESPEC -D_FILE_OFFSET_BITS=64 -D_LARGEFILE_SOURCE -D_LARGE_FILES -D_POSIX_C_SOURCE=200112L -D_XOPEN_SOURCE=600 -I/<<PKGBUILDDIR>>/include -I/<<PKGBUILDDIR>>/common -I/<<PKGBUILDDIR>>/build-tree  -fno-gnu89-inline -std=c11 -g -O2 -fdebug-prefix-map=/<<PKGBUILDDIR>>=. -fstack-protector-strong -Wformat -Werror=format-security -Wdate-time -D_FORTIFY_SOURCE=2 -Wdate-time -D_FORTIFY_SOURCE=2 -fPIC   -Winline -Wall -Wextra -fno-math-errno -fvisibility=hidden -pthread -o CMakeFiles/common.dir/common/rwlock.c.o   -c /<<PKGBUILDDIR>>/common/rwlock.c
[  6%] Building C object CMakeFiles/common.dir/common/atomic.c.o
/usr/lib/ccache/arm-linux-gnueabihf-gcc -DHAVE_STRUCT_TIMESPEC -D_FILE_OFFSET_BITS=64 -D_LARGEFILE_SOURCE -D_LARGE_FILES -D_POSIX_C_SOURCE=200112L -D_XOPEN_SOURCE=600 -I/<<PKGBUILDDIR>>/include -I/<<PKGBUILDDIR>>/common -I/<<PKGBUILDDIR>>/build-tree  -fno-gnu89-inline -std=c11 -g -O2 -fdebug-prefix-map=/<<PKGBUILDDIR>>=. -fstack-protector-strong -Wformat -Werror=format-security -Wdate-time -D_FORTIFY_SOURCE=2 -Wdate-time -D_FORTIFY_SOURCE=2 -fPIC   -Winline -Wall -Wextra -fno-math-errno -fvisibility=hidden -pthread -o CMakeFiles/common.dir/common/almalloc.c.o   -c /<<PKGBUILDDIR>>/common/almalloc.c
/usr/lib/ccache/arm-linux-gnueabihf-gcc -DHAVE_STRUCT_TIMESPEC -D_FILE_OFFSET_BITS=64 -D_LARGEFILE_SOURCE -D_LARGE_FILES -D_POSIX_C_SOURCE=200112L -D_XOPEN_SOURCE=600 -I/<<PKGBUILDDIR>>/include -I/<<PKGBUILDDIR>>/common -I/<<PKGBUILDDIR>>/build-tree  -fno-gnu89-inline -std=c11 -g -O2 -fdebug-prefix-map=/<<PKGBUILDDIR>>=. -fstack-protector-strong -Wformat -Werror=format-security -Wdate-time -D_FORTIFY_SOURCE=2 -Wdate-time -D_FORTIFY_SOURCE=2 -fPIC   -Winline -Wall -Wextra -fno-math-errno -fvisibility=hidden -pthread -o CMakeFiles/common.dir/common/atomic.c.o   -c /<<PKGBUILDDIR>>/common/atomic.c
[  8%] Building C object CMakeFiles/common.dir/common/alcomplex.c.o
/usr/lib/ccache/arm-linux-gnueabihf-gcc -DHAVE_STRUCT_TIMESPEC -D_FILE_OFFSET_BITS=64 -D_LARGEFILE_SOURCE -D_LARGE_FILES -D_POSIX_C_SOURCE=200112L -D_XOPEN_SOURCE=600 -I/<<PKGBUILDDIR>>/include -I/<<PKGBUILDDIR>>/common -I/<<PKGBUILDDIR>>/build-tree  -fno-gnu89-inline -std=c11 -g -O2 -fdebug-prefix-map=/<<PKGBUILDDIR>>=. -fstack-protector-strong -Wformat -Werror=format-security -Wdate-time -D_FORTIFY_SOURCE=2 -Wdate-time -D_FORTIFY_SOURCE=2 -fPIC   -Winline -Wall -Wextra -fno-math-errno -fvisibility=hidden -pthread -o CMakeFiles/common.dir/common/alcomplex.c.o   -c /<<PKGBUILDDIR>>/common/alcomplex.c
[  9%] Building C object CMakeFiles/common.dir/common/threads.c.o
[ 10%] Building C object CMakeFiles/common.dir/common/uintmap.c.o
/usr/lib/ccache/arm-linux-gnueabihf-gcc -DHAVE_STRUCT_TIMESPEC -D_FILE_OFFSET_BITS=64 -D_LARGEFILE_SOURCE -D_LARGE_FILES -D_POSIX_C_SOURCE=200112L -D_XOPEN_SOURCE=600 -I/<<PKGBUILDDIR>>/include -I/<<PKGBUILDDIR>>/common -I/<<PKGBUILDDIR>>/build-tree  -fno-gnu89-inline -std=c11 -g -O2 -fdebug-prefix-map=/<<PKGBUILDDIR>>=. -fstack-protector-strong -Wformat -Werror=format-security -Wdate-time -D_FORTIFY_SOURCE=2 -Wdate-time -D_FORTIFY_SOURCE=2 -fPIC   -Winline -Wall -Wextra -fno-math-errno -fvisibility=hidden -pthread -o CMakeFiles/common.dir/common/threads.c.o   -c /<<PKGBUILDDIR>>/common/threads.c
/usr/lib/ccache/arm-linux-gnueabihf-gcc -DHAVE_STRUCT_TIMESPEC -D_FILE_OFFSET_BITS=64 -D_LARGEFILE_SOURCE -D_LARGE_FILES -D_POSIX_C_SOURCE=200112L -D_XOPEN_SOURCE=600 -I/<<PKGBUILDDIR>>/include -I/<<PKGBUILDDIR>>/common -I/<<PKGBUILDDIR>>/build-tree  -fno-gnu89-inline -std=c11 -g -O2 -fdebug-prefix-map=/<<PKGBUILDDIR>>=. -fstack-protector-strong -Wformat -Werror=format-security -Wdate-time -D_FORTIFY_SOURCE=2 -Wdate-time -D_FORTIFY_SOURCE=2 -fPIC   -Winline -Wall -Wextra -fno-math-errno -fvisibility=hidden -pthread -o CMakeFiles/common.dir/common/uintmap.c.o   -c /<<PKGBUILDDIR>>/common/uintmap.c
Re-run cmake no build system arguments
-- The C compiler identification is GNU 8.3.0
-- The CXX compiler identification is GNU 8.3.0
[ 12%] Linking C static library libcommon.a
/usr/bin/cmake -P CMakeFiles/common.dir/cmake_clean_target.cmake
-- Check for working C compiler: /usr/lib/ccache/arm-linux-gnueabihf-gcc
/usr/bin/cmake -E cmake_link_script CMakeFiles/common.dir/link.txt --verbose=1
/usr/bin/arm-linux-gnueabihf-ar qc libcommon.a  CMakeFiles/common.dir/common/alcomplex.c.o CMakeFiles/common.dir/common/almalloc.c.o CMakeFiles/common.dir/common/atomic.c.o CMakeFiles/common.dir/common/rwlock.c.o CMakeFiles/common.dir/common/threads.c.o CMakeFiles/common.dir/common/uintmap.c.o
/usr/bin/arm-linux-gnueabihf-ranlib libcommon.a
make[3]: Leaving directory '/<<PKGBUILDDIR>>/build-tree'
[ 12%] Built target common
-- Check for working C compiler: /usr/lib/ccache/arm-linux-gnueabihf-gcc -- works
-- Detecting C compiler ABI info
-- Detecting C compiler ABI info - done
-- Detecting C compile features
-- Detecting C compile features - done
-- Check for working CXX compiler: /usr/lib/ccache/arm-linux-gnueabihf-g++
-- Check for working CXX compiler: /usr/lib/ccache/arm-linux-gnueabihf-g++ -- works
-- Detecting CXX compiler ABI info
-- Detecting CXX compiler ABI info - done
-- Detecting CXX compile features
[ 13%] Linking C executable makehrtf
/usr/bin/cmake -E cmake_link_script CMakeFiles/makehrtf.dir/link.txt --verbose=1
/usr/lib/ccache/arm-linux-gnueabihf-gcc -fno-gnu89-inline -std=c11 -g -O2 -fdebug-prefix-map=/<<PKGBUILDDIR>>=. -fstack-protector-strong -Wformat -Werror=format-security -Wdate-time -D_FORTIFY_SOURCE=2 -Wdate-time -D_FORTIFY_SOURCE=2  -Wl,-z,relro -rdynamic CMakeFiles/makehrtf.dir/utils/makehrtf.c.o  -o makehrtf -pthread -lm 
make[3]: Leaving directory '/<<PKGBUILDDIR>>/build-tree'
[ 13%] Built target makehrtf
-- Detecting CXX compile features - done
-- Looking for pow in m
-- Looking for pow in m - found
-- Configuring done
-- Generating done
-- Build files have been written to: /<<PKGBUILDDIR>>/build-tree/native-tools
cd /<<PKGBUILDDIR>>/build-tree/native-tools && /usr/bin/cmake -E remove /<<PKGBUILDDIR>>/build-tree/native-tools/bin2h /<<PKGBUILDDIR>>/build-tree/native-tools/bsincgen
cd /<<PKGBUILDDIR>>/build-tree/native-tools && /usr/bin/cmake --build . --config Release
make[4]: Entering directory '/<<PKGBUILDDIR>>/build-tree/native-tools'
make[4]: warning: jobserver unavailable: using -j1.  Add '+' to parent make rule.
/usr/bin/cmake -S/<<PKGBUILDDIR>>/native-tools -B/<<PKGBUILDDIR>>/build-tree/native-tools --check-build-system CMakeFiles/Makefile.cmake 0
/usr/bin/cmake -E cmake_progress_start /<<PKGBUILDDIR>>/build-tree/native-tools/CMakeFiles /<<PKGBUILDDIR>>/build-tree/native-tools/CMakeFiles/progress.marks
/usr/bin/make -f CMakeFiles/Makefile2 all
make[5]: Entering directory '/<<PKGBUILDDIR>>/build-tree/native-tools'
/usr/bin/make -f CMakeFiles/bin2h.dir/build.make CMakeFiles/bin2h.dir/depend
make[6]: Entering directory '/<<PKGBUILDDIR>>/build-tree/native-tools'
cd /<<PKGBUILDDIR>>/build-tree/native-tools && /usr/bin/cmake -E cmake_depends "Unix Makefiles" /<<PKGBUILDDIR>>/native-tools /<<PKGBUILDDIR>>/native-tools /<<PKGBUILDDIR>>/build-tree/native-tools /<<PKGBUILDDIR>>/build-tree/native-tools /<<PKGBUILDDIR>>/build-tree/native-tools/CMakeFiles/bin2h.dir/DependInfo.cmake --color=
Dependee "/<<PKGBUILDDIR>>/build-tree/native-tools/CMakeFiles/bin2h.dir/DependInfo.cmake" is newer than depender "/<<PKGBUILDDIR>>/build-tree/native-tools/CMakeFiles/bin2h.dir/depend.internal".
Dependee "/<<PKGBUILDDIR>>/build-tree/native-tools/CMakeFiles/CMakeDirectoryInformation.cmake" is newer than depender "/<<PKGBUILDDIR>>/build-tree/native-tools/CMakeFiles/bin2h.dir/depend.internal".
Scanning dependencies of target bin2h
make[6]: Leaving directory '/<<PKGBUILDDIR>>/build-tree/native-tools'
/usr/bin/make -f CMakeFiles/bin2h.dir/build.make CMakeFiles/bin2h.dir/build
make[6]: Entering directory '/<<PKGBUILDDIR>>/build-tree/native-tools'
[ 25%] Building C object CMakeFiles/bin2h.dir/bin2h.c.o
/usr/lib/ccache/arm-linux-gnueabihf-gcc   -g -O2 -fdebug-prefix-map=/<<PKGBUILDDIR>>=. -fstack-protector-strong -Wformat -Werror=format-security   -o CMakeFiles/bin2h.dir/bin2h.c.o   -c /<<PKGBUILDDIR>>/native-tools/bin2h.c
[ 50%] Linking C executable bin2h
/usr/bin/cmake -E cmake_link_script CMakeFiles/bin2h.dir/link.txt --verbose=1
/usr/lib/ccache/arm-linux-gnueabihf-gcc -g -O2 -fdebug-prefix-map=/<<PKGBUILDDIR>>=. -fstack-protector-strong -Wformat -Werror=format-security  -Wl,-z,relro -rdynamic CMakeFiles/bin2h.dir/bin2h.c.o  -o bin2h 
make[6]: Leaving directory '/<<PKGBUILDDIR>>/build-tree/native-tools'
[ 50%] Built target bin2h
/usr/bin/make -f CMakeFiles/bsincgen.dir/build.make CMakeFiles/bsincgen.dir/depend
make[6]: Entering directory '/<<PKGBUILDDIR>>/build-tree/native-tools'
cd /<<PKGBUILDDIR>>/build-tree/native-tools && /usr/bin/cmake -E cmake_depends "Unix Makefiles" /<<PKGBUILDDIR>>/native-tools /<<PKGBUILDDIR>>/native-tools /<<PKGBUILDDIR>>/build-tree/native-tools /<<PKGBUILDDIR>>/build-tree/native-tools /<<PKGBUILDDIR>>/build-tree/native-tools/CMakeFiles/bsincgen.dir/DependInfo.cmake --color=
Dependee "/<<PKGBUILDDIR>>/build-tree/native-tools/CMakeFiles/bsincgen.dir/DependInfo.cmake" is newer than depender "/<<PKGBUILDDIR>>/build-tree/native-tools/CMakeFiles/bsincgen.dir/depend.internal".
Dependee "/<<PKGBUILDDIR>>/build-tree/native-tools/CMakeFiles/CMakeDirectoryInformation.cmake" is newer than depender "/<<PKGBUILDDIR>>/build-tree/native-tools/CMakeFiles/bsincgen.dir/depend.internal".
Scanning dependencies of target bsincgen
make[6]: Leaving directory '/<<PKGBUILDDIR>>/build-tree/native-tools'
/usr/bin/make -f CMakeFiles/bsincgen.dir/build.make CMakeFiles/bsincgen.dir/build
make[6]: Entering directory '/<<PKGBUILDDIR>>/build-tree/native-tools'
[ 75%] Building C object CMakeFiles/bsincgen.dir/bsincgen.c.o
/usr/lib/ccache/arm-linux-gnueabihf-gcc   -g -O2 -fdebug-prefix-map=/<<PKGBUILDDIR>>=. -fstack-protector-strong -Wformat -Werror=format-security   -o CMakeFiles/bsincgen.dir/bsincgen.c.o   -c /<<PKGBUILDDIR>>/native-tools/bsincgen.c
[100%] Linking C executable bsincgen
/usr/bin/cmake -E cmake_link_script CMakeFiles/bsincgen.dir/link.txt --verbose=1
/usr/lib/ccache/arm-linux-gnueabihf-gcc -g -O2 -fdebug-prefix-map=/<<PKGBUILDDIR>>=. -fstack-protector-strong -Wformat -Werror=format-security  -Wl,-z,relro -rdynamic CMakeFiles/bsincgen.dir/bsincgen.c.o  -o bsincgen -lm 
make[6]: Leaving directory '/<<PKGBUILDDIR>>/build-tree/native-tools'
[100%] Built target bsincgen
make[5]: Leaving directory '/<<PKGBUILDDIR>>/build-tree/native-tools'
/usr/bin/cmake -E cmake_progress_start /<<PKGBUILDDIR>>/build-tree/native-tools/CMakeFiles 0
make[4]: Leaving directory '/<<PKGBUILDDIR>>/build-tree/native-tools'
make[3]: Leaving directory '/<<PKGBUILDDIR>>/build-tree'
[ 13%] Built target native-tools
make -f CMakeFiles/OpenAL.dir/build.make CMakeFiles/OpenAL.dir/depend
make[3]: Entering directory '/<<PKGBUILDDIR>>/build-tree'
[ 15%] Generating default-44100.mhr.h
native-tools/bin2h /<<PKGBUILDDIR>>/hrtf/default-44100.mhr /<<PKGBUILDDIR>>/build-tree/default-44100.mhr.h hrtf_default_44100
native-tools/bin2h: 1: native-tools/bin2h: Syntax error: word unexpected (expecting ")")
make[3]: *** [CMakeFiles/OpenAL.dir/build.make:65: default-44100.mhr.h] Error 2
make[3]: *** Waiting for unfinished jobs....
[ 16%] Generating default-48000.mhr.h
[ 17%] Generating bsinc_inc.h
native-tools/bin2h /<<PKGBUILDDIR>>/hrtf/default-48000.mhr /<<PKGBUILDDIR>>/build-tree/default-48000.mhr.h hrtf_default_48000
native-tools/bsincgen /<<PKGBUILDDIR>>/build-tree/bsinc_inc.h
native-tools/bin2h: 1: native-tools/bin2h: Syntax error: word unexpected (expecting ")")
make[3]: *** [CMakeFiles/OpenAL.dir/build.make:69: default-48000.mhr.h] Error 2
native-tools/bsincgen: 1: native-tools/bsincgen: Syntax error: word unexpected (expecting ")")
make[3]: *** [CMakeFiles/OpenAL.dir/build.make:73: bsinc_inc.h] Error 2
make[3]: Leaving directory '/<<PKGBUILDDIR>>/build-tree'
make[2]: *** [CMakeFiles/Makefile2:188: CMakeFiles/OpenAL.dir/all] Error 2
make[2]: Leaving directory '/<<PKGBUILDDIR>>/build-tree'
make[1]: *** [Makefile:133: all] Error 2
make[1]: Leaving directory '/<<PKGBUILDDIR>>/build-tree'
dh_auto_build: cd build-tree && make -j16 "INSTALL=install --strip-program=true" PKG_CONFIG=arm-linux-gnueabihf-pkg-config CXX=arm-linux-gnueabihf-g\+\+ CC=arm-linux-gnueabihf-gcc returned exit code 2
make: *** [debian/rules:38: build-arch] Error 2
dpkg-buildpackage: error: debian/rules build-arch subprocess returned exit status 2
--------------------------------------------------------------------------------
Build finished at 2019-07-02T11:50:49Z

Finished
--------


+------------------------------------------------------------------------------+
| Cleanup                                                                      |
+------------------------------------------------------------------------------+

Purging /<<BUILDDIR>>
Reading package lists...
Building dependency tree...
Reading state information...
0 upgraded, 0 newly installed, 0 to remove and 0 not upgraded.
Reading package lists...
Building dependency tree...
Reading state information...
The following package was automatically installed and is no longer required:
  sensible-utils
Use 'apt autoremove' to remove it.
The following packages will be REMOVED:
  autoconf* automake* autopoint* autotools-dev* binutils-arm-linux-gnueabihf*
  bsdmainutils* cmake* cmake-data* cpp-8-arm-linux-gnueabihf*
  cpp-arm-linux-gnueabihf* cross-config* crossbuild-essential-armhf*
  debhelper* dh-autoreconf* dh-strip-nondeterminism* dpkg-cross* dwz* file*
  g++-8-arm-linux-gnueabihf* g++-arm-linux-gnueabihf*
  gcc-8-arm-linux-gnueabihf* gcc-8-arm-linux-gnueabihf-base* gcc-8-base:armhf*
  gcc-8-cross-base* gcc-arm-linux-gnueabihf* gettext* gettext-base*
  groff-base* intltool-debian* libarchive-zip-perl* libarchive13*
  libasan5:armhf* libasan5-armhf-cross* libasound2:armhf* libasound2-data*
  libasound2-dev:armhf* libasyncns0:armhf* libatomic1:armhf*
  libatomic1-armhf-cross* libblkid-dev:armhf* libblkid1:armhf* libbsd0*
  libbsd0:armhf* libc6:armhf* libc6-armhf-cross* libc6-dev:armhf*
  libc6-dev-armhf-cross* libcap2:armhf* libconfig-auto-perl*
  libconfig-inifiles-perl* libcroco3* libcurl4* libdb5.3:armhf*
  libdbus-1-3:armhf* libdebian-dpkgcross-perl* libexpat1* libffi-dev:armhf*
  libffi6:armhf* libfile-homedir-perl* libfile-stripnondeterminism-perl*
  libfile-which-perl* libflac8:armhf* libgcc-8-dev:armhf*
  libgcc-8-dev-armhf-cross* libgcc1:armhf* libgcc1-armhf-cross*
  libgcrypt20:armhf* libglib2.0-0* libglib2.0-0:armhf* libglib2.0-bin*
  libglib2.0-data* libglib2.0-dev:armhf* libglib2.0-dev-bin* libgomp1:armhf*
  libgomp1-armhf-cross* libgpg-error0:armhf* libgssapi-krb5-2* libice6:armhf*
  libicu63* libio-string-perl* libjack-dev:armhf* libjack0:armhf* libjsoncpp1*
  libk5crypto3* libkeyutils1* libkrb5-3* libkrb5support0*
  liblocale-gettext-perl* liblz4-1:armhf* liblzma5:armhf* libmagic-mgc*
  libmagic1* libmount-dev:armhf* libmount1:armhf* libmpdec2* libncurses6*
  libnghttp2-14* libogg0:armhf* libpcre16-3:armhf* libpcre3:armhf*
  libpcre3-dev:armhf* libpcre32-3:armhf* libpcrecpp0v5:armhf* libpipeline1*
  libportaudio2:armhf* libportaudiocpp0:armhf* libprocps7* libpsl5*
  libpulse-dev:armhf* libpulse-mainloop-glib0:armhf* libpulse0:armhf*
  libpython3-stdlib* libpython3.7-minimal* libpython3.7-stdlib* librhash0*
  librtmp1* libselinux1:armhf* libselinux1-dev:armhf* libsepol1:armhf*
  libsepol1-dev:armhf* libsigsegv2* libsm6:armhf* libsndfile1:armhf*
  libsndio-dev:armhf* libsndio7.0:armhf* libssh2-1* libssl1.1*
  libstdc++-8-dev:armhf* libstdc++-8-dev-armhf-cross* libstdc++6:armhf*
  libstdc++6-armhf-cross* libsystemd0:armhf* libtool* libubsan1:armhf*
  libubsan1-armhf-cross* libuchardet0* libuuid1:armhf* libuv1*
  libvorbis0a:armhf* libvorbisenc2:armhf* libwrap0:armhf* libx11-6:armhf*
  libx11-data* libx11-xcb1:armhf* libxau6:armhf* libxcb1:armhf*
  libxdmcp6:armhf* libxext6:armhf* libxi6:armhf* libxml-libxml-perl*
  libxml-namespacesupport-perl* libxml-sax-base-perl* libxml-sax-perl*
  libxml-simple-perl* libxml2* libxtst6:armhf* libyaml-perl*
  linux-libc-dev:armhf* linux-libc-dev-armhf-cross* m4* man-db* mime-support*
  pkg-config* po-debconf* portaudio19-dev:armhf* procps* python3*
  python3-distutils* python3-lib2to3* python3-minimal* python3.7*
  python3.7-minimal* sbuild-build-depends-main-dummy:armhf* ucf*
  uuid-dev:armhf* x11-common* zlib1g:armhf* zlib1g-dev:armhf*
0 upgraded, 0 newly installed, 178 to remove and 0 not upgraded.
After this operation, 334 MB disk space will be freed.
(Reading database ... 23952 files and directories currently installed.)
Removing sbuild-build-depends-main-dummy:armhf (0.invalid.0) ...
Removing crossbuild-essential-armhf (12.6) ...
Removing g++-arm-linux-gnueabihf (4:8.3.0-1) ...
Removing gcc-arm-linux-gnueabihf (4:8.3.0-1) ...
Removing g++-8-arm-linux-gnueabihf (8.3.0-7cross1) ...
Removing gcc-8-arm-linux-gnueabihf (8.3.0-7cross1) ...
Removing binutils-arm-linux-gnueabihf (2.31.1-16) ...
Removing cmake (3.13.4-1) ...
Removing cmake-data (3.13.4-1) ...
Removing cpp-arm-linux-gnueabihf (4:8.3.0-1) ...
Removing cpp-8-arm-linux-gnueabihf (8.3.0-7cross1) ...
Removing dpkg-cross (2.6.15-3) ...
Removing cross-config (2.6.15-3) ...
Removing libdebian-dpkgcross-perl (2.6.15-3) ...
Removing gcc-8-arm-linux-gnueabihf-base:amd64 (8.3.0-7cross1) ...
Removing libstdc++-8-dev:armhf (8.3.0-7) ...
Removing libgcc-8-dev:armhf (8.3.0-7) ...
Removing libubsan1:armhf (8.3.0-7) ...
Removing portaudio19-dev:armhf (19.6.0-1) ...
Removing libportaudiocpp0:armhf (19.6.0-1) ...
Removing libstdc++-8-dev-armhf-cross (8.3.0-7cross1) ...
Removing libgcc-8-dev-armhf-cross (8.3.0-7cross1) ...
Removing libubsan1-armhf-cross (8.3.0-7cross1) ...
Removing libasan5-armhf-cross (8.3.0-7cross1) ...
Removing libstdc++6-armhf-cross (8.3.0-7cross1) ...
Removing libarchive13:amd64 (3.3.3-4) ...
Removing libasan5:armhf (8.3.0-7) ...
Removing libsndio-dev:armhf (1.5.0-3) ...
Removing libsndio7.0:armhf (1.5.0-3) ...
Removing libportaudio2:armhf (19.6.0-1) ...
Removing libasound2-dev:armhf (1.1.8-1) ...
Removing libpulse-dev:armhf (12.2-4) ...
Removing libpulse-mainloop-glib0:armhf (12.2-4) ...
Removing libpulse0:armhf (12.2-4) ...
Removing libasyncns0:armhf (0.8-6) ...
Removing libatomic1:armhf (8.3.0-7) ...
Removing libatomic1-armhf-cross (8.3.0-7cross1) ...
Removing libglib2.0-dev:armhf (2.58.3-2) ...
Removing libmount-dev:armhf (2.33.1-0.1) ...
Removing libblkid-dev:armhf (2.33.1-0.1) ...
Removing libglib2.0-0:armhf (2.58.3-2) ...
Removing libmount1:armhf (2.33.1-0.1) ...
Removing libblkid1:armhf (2.33.1-0.1) ...
Removing libxtst6:armhf (2:1.2.3-1) ...
Removing libxi6:armhf (2:1.7.9-1) ...
Removing libsm6:armhf (2:1.2.3-1) ...
Removing libice6:armhf (2:1.0.9-2) ...
Removing zlib1g-dev:armhf (1:1.2.11.dfsg-1) ...
Removing zlib1g:armhf (1:1.2.11.dfsg-1) ...
Removing libdbus-1-3:armhf (1.12.16-1) ...
Removing libsystemd0:armhf (241-5) ...
Removing liblzma5:armhf (5.2.4-1) ...
Removing libc6-dev-armhf-cross (2.28-10cross2) ...
Removing libgomp1-armhf-cross (8.3.0-7cross1) ...
Removing libjack-dev:armhf (1:0.125.0-3) ...
Removing uuid-dev:armhf (2.33.1-0.1) ...
Removing libselinux1-dev:armhf (2.8-1+b1) ...
Removing libpcre3-dev:armhf (2:8.39-12) ...
Removing libc6-dev:armhf (2.28-10) ...
Removing libcap2:armhf (1:2.25-2) ...
Removing libconfig-auto-perl (0.44-1) ...
Removing libconfig-inifiles-perl (3.000001-1) ...
Removing libcurl4:amd64 (7.64.0-4) ...
Removing libjack0:armhf (1:0.125.0-3) ...
Removing libdb5.3:armhf (5.3.28+dfsg1-0.6) ...
Removing libglib2.0-dev-bin (2.58.3-2) ...
Removing python3-distutils (3.7.3-1) ...
Removing python3-lib2to3 (3.7.3-1) ...
Removing python3 (3.7.3-1) ...
Removing python3.7 (3.7.3-2) ...
Removing python3-minimal (3.7.3-1) ...
Removing python3.7-minimal (3.7.3-2) ...
Removing libexpat1:amd64 (2.2.6-2) ...
Removing libffi-dev:armhf (3.2.1-9) ...
Removing libffi6:armhf (3.2.1-9) ...
Removing libfile-homedir-perl (1.004-1) ...
Removing libfile-which-perl (1.23-1) ...
Removing libsndfile1:armhf (1.0.28-6) ...
Removing libflac8:armhf (1.3.2-3) ...
Removing libpcrecpp0v5:armhf (2:8.39-12) ...
Removing libgcc1-armhf-cross (1:8.3.0-7cross1) ...
Removing libgcrypt20:armhf (1.8.4-5) ...
Removing pkg-config (0.29-6) ...
Removing libglib2.0-bin (2.58.3-2) ...
Removing libglib2.0-data (2.58.3-2) ...
Removing libgomp1:armhf (8.3.0-7) ...
Removing libgpg-error0:armhf (1.35-1) ...
Removing libgssapi-krb5-2:amd64 (1.17-3) ...
Removing libxml-simple-perl (2.25-1) ...
Removing libxml-libxml-perl (2.0134+dfsg-1) ...
update-perl-sax-parsers: Unregistering Perl SAX parser XML::LibXML::SAX::Parser with priority 50...
update-perl-sax-parsers: Unregistering Perl SAX parser XML::LibXML::SAX with priority 50...
update-perl-sax-parsers: Updating overall Perl SAX parser modules info file...
Replacing config file /etc/perl/XML/SAX/ParserDetails.ini with new version
Removing libio-string-perl (1.08-3) ...
Removing libjsoncpp1:amd64 (1.7.4-3) ...
Removing libkrb5-3:amd64 (1.17-3) ...
Removing libk5crypto3:amd64 (1.17-3) ...
Removing libkrb5support0:amd64 (1.17-3) ...
Removing libkeyutils1:amd64 (1.6-6) ...
Removing liblocale-gettext-perl (1.07-3+b4) ...
Removing liblz4-1:armhf (1.8.3-1) ...
Removing libpython3-stdlib:amd64 (3.7.3-1) ...
Removing libpython3.7-stdlib:amd64 (3.7.3-2) ...
find: /usr/lib/python3: No such file or directory
Removing libmpdec2:amd64 (2.4.2-2) ...
Removing procps (2:3.3.15-2) ...
Removing libnghttp2-14:amd64 (1.37.0-1) ...
Removing libvorbisenc2:armhf (1.3.6-2) ...
Removing libvorbis0a:armhf (1.3.6-2) ...
Removing libogg0:armhf (1.3.2-1+b1) ...
Removing libpcre16-3:armhf (2:8.39-12) ...
Removing libselinux1:armhf (2.8-1+b1) ...
Removing libpcre3:armhf (2:8.39-12) ...
Removing libpcre32-3:armhf (2:8.39-12) ...
Removing libprocps7:amd64 (2:3.3.15-2) ...
Removing libpsl5:amd64 (0.20.2-2) ...
Removing libpython3.7-minimal:amd64 (3.7.3-2) ...
find: /usr/lib/python3: No such file or directory
Removing librhash0:amd64 (1.3.8-1) ...
Removing librtmp1:amd64 (2.4+20151223.gitfa8646d.1-2) ...
Removing libsepol1-dev:armhf (2.8-1) ...
Removing libsepol1:armhf (2.8-1) ...
Removing libssh2-1:amd64 (1.8.0-2.1) ...
Removing libssl1.1:amd64 (1.1.1c-1) ...
Removing libuuid1:armhf (2.33.1-0.1) ...
Removing libuv1:amd64 (1.24.1-1) ...
Removing libwrap0:armhf (7.6.q-28) ...
Removing libx11-xcb1:armhf (2:1.6.7-1) ...
Removing libxext6:armhf (2:1.3.3-1+b2) ...
Removing libxml-sax-perl (1.00+dfsg-1) ...
update-perl-sax-parsers: Unregistering Perl SAX parser XML::SAX::PurePerl with priority 50...
update-perl-sax-parsers: Updating overall Perl SAX parser modules info file...
Removing libxml-namespacesupport-perl (1.12-1) ...
Removing libxml-sax-base-perl (1.09-1) ...
Removing libyaml-perl (1.27-1) ...
Removing linux-libc-dev:armhf (4.19.37-5) ...
Removing linux-libc-dev-armhf-cross (4.19.28-2cross2) ...
Removing mime-support (3.62) ...
Removing ucf (3.0038+nmu1) ...
Removing x11-common (1:7.7+19) ...
invoke-rc.d: could not determine current runlevel
All runlevel operations denied by policy
invoke-rc.d: policy-rc.d denied execution of stop.
Removing libstdc++6:armhf (8.3.0-7) ...
Removing gcc-8-cross-base (8.3.0-7cross1) ...
Removing libasound2:armhf (1.1.8-1) ...
Removing libasound2-data (1.1.8-1) ...
Removing libx11-6:armhf (2:1.6.7-1) ...
Removing libxcb1:armhf (1.13.1-2) ...
Removing libxdmcp6:armhf (1:1.1.2-3) ...
Removing libbsd0:armhf (0.9.1-2) ...
Removing libc6-armhf-cross (2.28-10cross2) ...
Removing libx11-data (2:1.6.7-1) ...
Removing libxau6:armhf (1:1.0.8-1+b2) ...
Removing libgcc1:armhf (1:8.3.0-7) ...
Removing debhelper (12.1.1) ...
Removing dh-strip-nondeterminism (1.1.2-1) ...
Removing man-db (2.8.5-2) ...
Removing bsdmainutils (11.1.2+b1) ...
Removing dwz (0.12-3) ...
Removing gcc-8-base:armhf (8.3.0-7) ...
Removing po-debconf (1.0.21) ...
Removing intltool-debian (0.35.0+20060710.5) ...
Removing gettext (0.19.8.1-9) ...
Removing gettext-base (0.19.8.1-9) ...
Removing groff-base (1.22.4-3) ...
Removing libfile-stripnondeterminism-perl (1.1.2-1) ...
Removing libarchive-zip-perl (1.64-1) ...
Removing libbsd0:amd64 (0.9.1-2) ...
Removing libc6:armhf (2.28-10) ...
Removing libcroco3:amd64 (0.6.12-3) ...
Removing libglib2.0-0:amd64 (2.58.3-2) ...
Removing libxml2:amd64 (2.9.4+dfsg1-7+b3) ...
Removing libicu63:amd64 (63.2-2) ...
Removing libncurses6:amd64 (6.1+20181013-2) ...
Removing libpipeline1:amd64 (1.5.1-2) ...
Removing libuchardet0:amd64 (0.0.6-3) ...
Removing dh-autoreconf (19) ...
Removing automake (1:1.16.1-4) ...
Removing autoconf (2.69-11) ...
Removing autopoint (0.19.8.1-9) ...
Removing libtool (2.4.6-10) ...
Removing autotools-dev (20180224.1) ...
Removing file (1:5.35-4) ...
Removing libmagic1:amd64 (1:5.35-4) ...
Removing libmagic-mgc (1:5.35-4) ...
Removing m4 (1.4.18-2) ...
Removing libsigsegv2:amd64 (2.12-2) ...
Processing triggers for ccache (3.7.1-1) ...
Updating symlinks in /usr/lib/ccache ...
Processing triggers for libc-bin (2.28-10) ...
(Reading database ... 12537 files and directories currently installed.)
Purging configuration files for libblkid-dev:armhf (2.33.1-0.1) ...
Purging configuration files for mime-support (3.62) ...
Purging configuration files for libpulse0:armhf (12.2-4) ...
Purging configuration files for libglib2.0-0:amd64 (2.58.3-2) ...
Purging configuration files for libglib2.0-0:armhf (2.58.3-2) ...
Purging configuration files for libssl1.1:amd64 (1.1.1c-1) ...
Purging configuration files for x11-common (1:7.7+19) ...
Purging configuration files for libmagic1:amd64 (1:5.35-4) ...
Purging configuration files for python3 (3.7.3-1) ...
Purging configuration files for man-db (2.8.5-2) ...
Purging configuration files for libpython3.7-minimal:amd64 (3.7.3-2) ...
dpkg: warning: while removing libpython3.7-minimal:amd64, directory '/usr/lib/python3.7' not empty so not removed
Purging configuration files for libxml-sax-perl (1.00+dfsg-1) ...
Purging configuration files for cross-config (2.6.15-3) ...
Purging configuration files for libwrap0:armhf (7.6.q-28) ...
Purging configuration files for bsdmainutils (11.1.2+b1) ...
Purging configuration files for libgssapi-krb5-2:amd64 (1.17-3) ...
Purging configuration files for pkg-config (0.29-6) ...
Purging configuration files for ucf (3.0038+nmu1) ...
Purging configuration files for python3.7-minimal (3.7.3-2) ...
Purging configuration files for autoconf (2.69-11) ...
Purging configuration files for libc6:armhf (2.28-10) ...
Purging configuration files for groff-base (1.22.4-3) ...
Purging configuration files for procps (2:3.3.15-2) ...
Purging configuration files for cmake-data (3.13.4-1) ...
Purging configuration files for dpkg-cross (2.6.15-3) ...
Purging configuration files for libdebian-dpkgcross-perl (2.6.15-3) ...
E: Build failure (dpkg-buildpackage died)

+------------------------------------------------------------------------------+
| Summary                                                                      |
+------------------------------------------------------------------------------+

Build Architecture: amd64
Build Profiles: cross nocheck
Build Type: any
Build-Space: n/a
Build-Time: 26
Distribution: unstable-amd64-sbuild
Fail-Stage: build
Foreign Architectures: armhf
Host Architecture: armhf
Install-Time: 21
Job: /home/build/sbuild-setup/repo/pool/main/o/openal-soft/openal-soft_1.19.1-1.dsc
Machine Architecture: amd64
Package: openal-soft
Package-Time: 52
Source-Version: 1:1.19.1-1
Space: n/a
Status: attempted
Version: 1:1.19.1-1
--------------------------------------------------------------------------------
Finished at 2019-07-02T11:50:49Z
Build needed 00:00:52, no disk space
