sbuild (Debian sbuild) 0.78.1 (09 February 2019) on 36857dea695f

+==============================================================================+
| orbit2 1:2.14.19-4 (armhf)                   Thu, 07 Mar 2019 18:09:34 +0000 |
+==============================================================================+

Package: orbit2
Version: 1:2.14.19-4
Source Version: 1:2.14.19-4
Distribution: unstable-amd64-sbuild
Machine Architecture: amd64
Host Architecture: armhf
Build Architecture: amd64
Build Profiles: cross nocheck
Build Type: any

I: NOTICE: Log filtering will replace 'var/run/schroot/mount/unstable-amd64-sbuild-0308fa02-98ff-47db-bdc1-87948f647169' with '<<CHROOT>>'
I: NOTICE: Log filtering will replace 'build/orbit2-ZyS0kY/resolver-birqei' with '<<RESOLVERDIR>>'

+------------------------------------------------------------------------------+
| Update chroot                                                                |
+------------------------------------------------------------------------------+

Hit:1 http://cdn-fastly.deb.debian.org/debian sid InRelease
Reading package lists...
Reading package lists...
Building dependency tree...
Reading state information...
Calculating upgrade...
The following packages were automatically installed and are no longer required:
  libauthen-sasl-perl libdata-dump-perl libfont-afm-perl libhtml-form-perl
  libhtml-format-perl libhttp-daemon-perl libmailtools-perl
  libnet-smtp-ssl-perl libyaml-0-2 libyaml-libyaml-perl uuid-runtime
Use 'apt autoremove' to remove them.
0 upgraded, 0 newly installed, 0 to remove and 0 not upgraded.

+------------------------------------------------------------------------------+
| Fetch source files                                                           |
+------------------------------------------------------------------------------+


Local sources
-------------

/home/build/sbuild-setup/repo/pool/main/o/orbit2/orbit2_2.14.19-4.dsc exists in /home/build/sbuild-setup/repo/pool/main/o/orbit2; copying to chroot
I: NOTICE: Log filtering will replace 'build/orbit2-ZyS0kY/orbit2-2.14.19' with '<<PKGBUILDDIR>>'
I: NOTICE: Log filtering will replace 'build/orbit2-ZyS0kY' with '<<BUILDDIR>>'

+------------------------------------------------------------------------------+
| Install package build dependencies                                           |
+------------------------------------------------------------------------------+


Setup apt archive
-----------------

Merged Build-Depends: libglib2.0-dev (>= 2.8.0), libidl-dev (>= 0.8.10), pkg-config (>= 0.20), cdbs (>= 0.4.93), debhelper (>= 8.1.3), docbook-xsl, gtk-doc-tools (>= 1.6-2), autotools-dev, dh-autoreconf, build-essential:amd64, fakeroot:amd64, crossbuild-essential-armhf:amd64, libc-dev:armhf, libstdc++-dev:armhf
Filtered Build-Depends: libglib2.0-dev (>= 2.8.0), libidl-dev (>= 0.8.10), pkg-config (>= 0.20), cdbs (>= 0.4.93), debhelper (>= 8.1.3), docbook-xsl, gtk-doc-tools (>= 1.6-2), autotools-dev, dh-autoreconf, build-essential:amd64, fakeroot:amd64, crossbuild-essential-armhf:amd64, libc-dev:armhf, libstdc++-dev:armhf
dpkg-deb: building package 'sbuild-build-depends-main-dummy' in '/<<RESOLVERDIR>>/apt_archive/sbuild-build-depends-main-dummy.deb'.
Ign:1 copy:/<<RESOLVERDIR>>/apt_archive ./ InRelease
Get:2 copy:/<<RESOLVERDIR>>/apt_archive ./ Release [957 B]
Ign:3 copy:/<<RESOLVERDIR>>/apt_archive ./ Release.gpg
Get:4 copy:/<<RESOLVERDIR>>/apt_archive ./ Sources [475 B]
Get:5 copy:/<<RESOLVERDIR>>/apt_archive ./ Packages [567 B]
Fetched 1999 B in 0s (176 kB/s)
Reading package lists...
Reading package lists...

Install main build dependencies (apt-based resolver)
----------------------------------------------------

Installing build dependencies
Reading package lists...
Building dependency tree...
Reading state information...
The following packages were automatically installed and are no longer required:
  libauthen-sasl-perl libdata-dump-perl libfont-afm-perl libhtml-form-perl
  libhtml-format-perl libhttp-daemon-perl libmailtools-perl
  libnet-smtp-ssl-perl libyaml-0-2 libyaml-libyaml-perl uuid-runtime
Use 'apt autoremove' to remove them.
The following additional packages will be installed:
  autoconf automake autopoint autotools-dev bsdmainutils cdbs debhelper
  dh-autoreconf dh-strip-nondeterminism docbook docbook-to-man docbook-xml
  docbook-xsl dwz gcc-8-base:armhf gettext gettext-base groff-base
  gtk-doc-tools highlight highlight-common intltool-debian libarchive-zip-perl
  libasan5:armhf libatomic1:armhf libblkid-dev:armhf libblkid1:armhf libbsd0
  libc6:armhf libc6-dev:armhf libcroco3 libelf1 libffi-dev:armhf libffi6:armhf
  libfile-stripnondeterminism-perl libgcc-8-dev:armhf libgcc1:armhf
  libglib2.0-0 libglib2.0-0:armhf libglib2.0-bin libglib2.0-data
  libglib2.0-dev:armhf libglib2.0-dev-bin libgomp1:armhf libidl-2-0:armhf
  libidl-dev:armhf liblua5.2-0 libmount-dev:armhf libmount1:armhf libmpdec2
  libncurses6 libosp5 libpcre16-3:armhf libpcre3:armhf libpcre3-dev:armhf
  libpcre32-3:armhf libpcrecpp0v5:armhf libpipeline1 libpython-stdlib
  libpython2-stdlib libpython2.7-minimal libpython2.7-stdlib libpython3-stdlib
  libpython3.7-minimal libpython3.7-stdlib libselinux1:armhf
  libselinux1-dev:armhf libsepol1:armhf libsepol1-dev:armhf libsigsegv2
  libstdc++-8-dev:armhf libstdc++6:armhf libtool libubsan1:armhf libuchardet0
  libuuid1:armhf libxslt1.1 linux-libc-dev:armhf m4 man-db mime-support opensp
  pkg-config po-debconf python python-funcsigs python-minimal python-mock
  python-pbr python-pkg-resources python-setuptools python-six python2
  python2-minimal python2.7 python2.7-minimal python3 python3-distutils
  python3-lib2to3 python3-minimal python3.7 python3.7-minimal sgml-base
  sgml-data uuid-dev:armhf xml-core xsltproc zlib1g:armhf zlib1g-dev:armhf
Suggested packages:
  autoconf-archive gnu-standards autoconf-doc wamerican | wordlist whois
  vacation devscripts dh-make docbook-defguide docbook-dsssl psgml dbtoepub
  docbook-xsl-doc-html | docbook-xsl-doc-pdf | docbook-xsl-doc-text
  | docbook-xsl-doc docbook-xsl-saxon fop libsaxon-java libxalan2-java
  libxslthl-java xalan gettext-doc libasprintf-dev libgettextpo-dev groff
  dblatex glibc-doc:armhf libc-l10n:armhf locales:armhf manpages-dev:armhf
  libglib2.0-doc:armhf libgdk-pixbuf2.0-bin | libgdk-pixbuf2.0-dev
  libxml2-utils libstdc++-8-doc:armhf libtool-doc gfortran
  | fortran95-compiler gcj-jdk m4-doc apparmor less www-browser doc-base
  libmail-box-perl python-doc python-tk python-funcsigs-doc python-mock-doc
  python-setuptools-doc python2-doc python2.7-doc binfmt-support python3-doc
  python3-tk python3-venv python3.7-venv python3.7-doc sgml-base-doc perlsgml
  w3-recs
Recommended packages:
  curl | wget | lynx libidn2-0:armhf libarchive-cpio-perl shared-mime-info
  xdg-user-dirs shared-mime-info:armhf xdg-user-dirs:armhf libgpm2 libltdl-dev
  libmail-sendmail-perl
The following NEW packages will be installed:
  autoconf automake autopoint autotools-dev bsdmainutils cdbs debhelper
  dh-autoreconf dh-strip-nondeterminism docbook docbook-to-man docbook-xml
  docbook-xsl dwz gcc-8-base:armhf gettext gettext-base groff-base
  gtk-doc-tools highlight highlight-common intltool-debian libarchive-zip-perl
  libasan5:armhf libatomic1:armhf libblkid-dev:armhf libblkid1:armhf libbsd0
  libc6:armhf libc6-dev:armhf libcroco3 libelf1 libffi-dev:armhf libffi6:armhf
  libfile-stripnondeterminism-perl libgcc-8-dev:armhf libgcc1:armhf
  libglib2.0-0 libglib2.0-0:armhf libglib2.0-bin libglib2.0-data
  libglib2.0-dev:armhf libglib2.0-dev-bin libgomp1:armhf libidl-2-0:armhf
  libidl-dev:armhf liblua5.2-0 libmount-dev:armhf libmount1:armhf libmpdec2
  libncurses6 libosp5 libpcre16-3:armhf libpcre3:armhf libpcre3-dev:armhf
  libpcre32-3:armhf libpcrecpp0v5:armhf libpipeline1 libpython-stdlib
  libpython2-stdlib libpython2.7-minimal libpython2.7-stdlib libpython3-stdlib
  libpython3.7-minimal libpython3.7-stdlib libselinux1:armhf
  libselinux1-dev:armhf libsepol1:armhf libsepol1-dev:armhf libsigsegv2
  libstdc++-8-dev:armhf libstdc++6:armhf libtool libubsan1:armhf libuchardet0
  libuuid1:armhf libxslt1.1 linux-libc-dev:armhf m4 man-db mime-support opensp
  pkg-config po-debconf python python-funcsigs python-minimal python-mock
  python-pbr python-pkg-resources python-setuptools python-six python2
  python2-minimal python2.7 python2.7-minimal python3 python3-distutils
  python3-lib2to3 python3-minimal python3.7 python3.7-minimal
  sbuild-build-depends-main-dummy:armhf sgml-base sgml-data uuid-dev:armhf
  xml-core xsltproc zlib1g:armhf zlib1g-dev:armhf
0 upgraded, 110 newly installed, 0 to remove and 0 not upgraded.
Need to get 4379 kB/40.8 MB of archives.
After this operation, 183 MB of additional disk space will be used.
Get:1 copy:/<<RESOLVERDIR>>/apt_archive ./ sbuild-build-depends-main-dummy 0.invalid.0 [992 B]
Get:2 http://cdn-fastly.deb.debian.org/debian sid/main amd64 libpython2.7-minimal amd64 2.7.16-1 [394 kB]
Get:3 http://cdn-fastly.deb.debian.org/debian sid/main amd64 python2.7-minimal amd64 2.7.16-1 [1368 kB]
Get:4 http://cdn-fastly.deb.debian.org/debian sid/main amd64 python2-minimal amd64 2.7.16-1 [41.4 kB]
Get:5 http://cdn-fastly.deb.debian.org/debian sid/main amd64 python-minimal amd64 2.7.16-1 [21.0 kB]
Get:6 http://cdn-fastly.deb.debian.org/debian sid/main amd64 libpython2.7-stdlib amd64 2.7.16-1 [1911 kB]
Get:7 http://cdn-fastly.deb.debian.org/debian sid/main amd64 python2.7 amd64 2.7.16-1 [304 kB]
Get:8 http://cdn-fastly.deb.debian.org/debian sid/main amd64 libpython2-stdlib amd64 2.7.16-1 [20.8 kB]
Get:9 http://cdn-fastly.deb.debian.org/debian sid/main amd64 libpython-stdlib amd64 2.7.16-1 [20.8 kB]
Get:10 http://cdn-fastly.deb.debian.org/debian sid/main amd64 python2 amd64 2.7.16-1 [41.6 kB]
Get:11 http://cdn-fastly.deb.debian.org/debian sid/main amd64 python amd64 2.7.16-1 [22.8 kB]
Get:12 http://cdn-fastly.deb.debian.org/debian sid/main armhf libidl-2-0 armhf 0.8.14-4 [111 kB]
Get:13 http://cdn-fastly.deb.debian.org/debian sid/main armhf libidl-dev armhf 0.8.14-4 [122 kB]
debconf: delaying package configuration, since apt-utils is not installed
Fetched 4379 kB in 3s (1478 kB/s)
Selecting previously unselected package libbsd0:amd64.
(Reading database ... 16452 files and directories currently installed.)
Preparing to unpack .../00-libbsd0_0.9.1-2_amd64.deb ...
Unpacking libbsd0:amd64 (0.9.1-2) ...
Selecting previously unselected package bsdmainutils.
Preparing to unpack .../01-bsdmainutils_11.1.2+b1_amd64.deb ...
Unpacking bsdmainutils (11.1.2+b1) ...
Selecting previously unselected package libuchardet0:amd64.
Preparing to unpack .../02-libuchardet0_0.0.6-3_amd64.deb ...
Unpacking libuchardet0:amd64 (0.0.6-3) ...
Selecting previously unselected package groff-base.
Preparing to unpack .../03-groff-base_1.22.4-3_amd64.deb ...
Unpacking groff-base (1.22.4-3) ...
Selecting previously unselected package libpipeline1:amd64.
Preparing to unpack .../04-libpipeline1_1.5.1-2_amd64.deb ...
Unpacking libpipeline1:amd64 (1.5.1-2) ...
Selecting previously unselected package man-db.
Preparing to unpack .../05-man-db_2.8.5-2_amd64.deb ...
Unpacking man-db (2.8.5-2) ...
Selecting previously unselected package libpython2.7-minimal:amd64.
Preparing to unpack .../06-libpython2.7-minimal_2.7.16-1_amd64.deb ...
Unpacking libpython2.7-minimal:amd64 (2.7.16-1) ...
Selecting previously unselected package python2.7-minimal.
Preparing to unpack .../07-python2.7-minimal_2.7.16-1_amd64.deb ...
Unpacking python2.7-minimal (2.7.16-1) ...
Selecting previously unselected package python2-minimal.
Preparing to unpack .../08-python2-minimal_2.7.16-1_amd64.deb ...
Unpacking python2-minimal (2.7.16-1) ...
Selecting previously unselected package python-minimal.
Preparing to unpack .../09-python-minimal_2.7.16-1_amd64.deb ...
Unpacking python-minimal (2.7.16-1) ...
Selecting previously unselected package mime-support.
Preparing to unpack .../10-mime-support_3.62_all.deb ...
Unpacking mime-support (3.62) ...
Selecting previously unselected package libpython2.7-stdlib:amd64.
Preparing to unpack .../11-libpython2.7-stdlib_2.7.16-1_amd64.deb ...
Unpacking libpython2.7-stdlib:amd64 (2.7.16-1) ...
Selecting previously unselected package python2.7.
Preparing to unpack .../12-python2.7_2.7.16-1_amd64.deb ...
Unpacking python2.7 (2.7.16-1) ...
Selecting previously unselected package libpython2-stdlib:amd64.
Preparing to unpack .../13-libpython2-stdlib_2.7.16-1_amd64.deb ...
Unpacking libpython2-stdlib:amd64 (2.7.16-1) ...
Selecting previously unselected package libpython-stdlib:amd64.
Preparing to unpack .../14-libpython-stdlib_2.7.16-1_amd64.deb ...
Unpacking libpython-stdlib:amd64 (2.7.16-1) ...
Setting up libpython2.7-minimal:amd64 (2.7.16-1) ...
Setting up python2.7-minimal (2.7.16-1) ...
Setting up python2-minimal (2.7.16-1) ...
Selecting previously unselected package python2.
(Reading database ... 17871 files and directories currently installed.)
Preparing to unpack .../python2_2.7.16-1_amd64.deb ...
Unpacking python2 (2.7.16-1) ...
Setting up python-minimal (2.7.16-1) ...
Selecting previously unselected package python.
(Reading database ... 17902 files and directories currently installed.)
Preparing to unpack .../python_2.7.16-1_amd64.deb ...
Unpacking python (2.7.16-1) ...
Selecting previously unselected package libpython3.7-minimal:amd64.
Preparing to unpack .../libpython3.7-minimal_3.7.2-3_amd64.deb ...
Unpacking libpython3.7-minimal:amd64 (3.7.2-3) ...
Selecting previously unselected package python3.7-minimal.
Preparing to unpack .../python3.7-minimal_3.7.2-3_amd64.deb ...
Unpacking python3.7-minimal (3.7.2-3) ...
Setting up libpython3.7-minimal:amd64 (3.7.2-3) ...
Setting up python3.7-minimal (3.7.2-3) ...
Selecting previously unselected package python3-minimal.
(Reading database ... 18156 files and directories currently installed.)
Preparing to unpack .../python3-minimal_3.7.2-1_amd64.deb ...
Unpacking python3-minimal (3.7.2-1) ...
Selecting previously unselected package libmpdec2:amd64.
Preparing to unpack .../libmpdec2_2.4.2-2_amd64.deb ...
Unpacking libmpdec2:amd64 (2.4.2-2) ...
Selecting previously unselected package libpython3.7-stdlib:amd64.
Preparing to unpack .../libpython3.7-stdlib_3.7.2-3_amd64.deb ...
Unpacking libpython3.7-stdlib:amd64 (3.7.2-3) ...
Selecting previously unselected package python3.7.
Preparing to unpack .../python3.7_3.7.2-3_amd64.deb ...
Unpacking python3.7 (3.7.2-3) ...
Selecting previously unselected package libpython3-stdlib:amd64.
Preparing to unpack .../libpython3-stdlib_3.7.2-1_amd64.deb ...
Unpacking libpython3-stdlib:amd64 (3.7.2-1) ...
Setting up python3-minimal (3.7.2-1) ...
Selecting previously unselected package python3.
(Reading database ... 18568 files and directories currently installed.)
Preparing to unpack .../00-python3_3.7.2-1_amd64.deb ...
Unpacking python3 (3.7.2-1) ...
Selecting previously unselected package sgml-base.
Preparing to unpack .../01-sgml-base_1.29_all.deb ...
Unpacking sgml-base (1.29) ...
Selecting previously unselected package gettext-base.
Preparing to unpack .../02-gettext-base_0.19.8.1-9_amd64.deb ...
Unpacking gettext-base (0.19.8.1-9) ...
Selecting previously unselected package libsigsegv2:amd64.
Preparing to unpack .../03-libsigsegv2_2.12-2_amd64.deb ...
Unpacking libsigsegv2:amd64 (2.12-2) ...
Selecting previously unselected package m4.
Preparing to unpack .../04-m4_1.4.18-2_amd64.deb ...
Unpacking m4 (1.4.18-2) ...
Selecting previously unselected package autoconf.
Preparing to unpack .../05-autoconf_2.69-11_all.deb ...
Unpacking autoconf (2.69-11) ...
Selecting previously unselected package autotools-dev.
Preparing to unpack .../06-autotools-dev_20180224.1_all.deb ...
Unpacking autotools-dev (20180224.1) ...
Selecting previously unselected package automake.
Preparing to unpack .../07-automake_1%3a1.16.1-4_all.deb ...
Unpacking automake (1:1.16.1-4) ...
Selecting previously unselected package autopoint.
Preparing to unpack .../08-autopoint_0.19.8.1-9_all.deb ...
Unpacking autopoint (0.19.8.1-9) ...
Selecting previously unselected package cdbs.
Preparing to unpack .../09-cdbs_0.4.159_all.deb ...
Unpacking cdbs (0.4.159) ...
Selecting previously unselected package libtool.
Preparing to unpack .../10-libtool_2.4.6-10_all.deb ...
Unpacking libtool (2.4.6-10) ...
Selecting previously unselected package dh-autoreconf.
Preparing to unpack .../11-dh-autoreconf_19_all.deb ...
Unpacking dh-autoreconf (19) ...
Selecting previously unselected package libarchive-zip-perl.
Preparing to unpack .../12-libarchive-zip-perl_1.64-1_all.deb ...
Unpacking libarchive-zip-perl (1.64-1) ...
Selecting previously unselected package libfile-stripnondeterminism-perl.
Preparing to unpack .../13-libfile-stripnondeterminism-perl_1.1.1-1_all.deb ...
Unpacking libfile-stripnondeterminism-perl (1.1.1-1) ...
Selecting previously unselected package dh-strip-nondeterminism.
Preparing to unpack .../14-dh-strip-nondeterminism_1.1.1-1_all.deb ...
Unpacking dh-strip-nondeterminism (1.1.1-1) ...
Selecting previously unselected package libelf1:amd64.
Preparing to unpack .../15-libelf1_0.176-1_amd64.deb ...
Unpacking libelf1:amd64 (0.176-1) ...
Selecting previously unselected package dwz.
Preparing to unpack .../16-dwz_0.12-3_amd64.deb ...
Unpacking dwz (0.12-3) ...
Selecting previously unselected package libglib2.0-0:amd64.
Preparing to unpack .../17-libglib2.0-0_2.58.3-1_amd64.deb ...
Unpacking libglib2.0-0:amd64 (2.58.3-1) ...
Selecting previously unselected package libcroco3:amd64.
Preparing to unpack .../18-libcroco3_0.6.12-3_amd64.deb ...
Unpacking libcroco3:amd64 (0.6.12-3) ...
Selecting previously unselected package libncurses6:amd64.
Preparing to unpack .../19-libncurses6_6.1+20181013-2_amd64.deb ...
Unpacking libncurses6:amd64 (6.1+20181013-2) ...
Selecting previously unselected package gettext.
Preparing to unpack .../20-gettext_0.19.8.1-9_amd64.deb ...
Unpacking gettext (0.19.8.1-9) ...
Selecting previously unselected package intltool-debian.
Preparing to unpack .../21-intltool-debian_0.35.0+20060710.5_all.deb ...
Unpacking intltool-debian (0.35.0+20060710.5) ...
Selecting previously unselected package po-debconf.
Preparing to unpack .../22-po-debconf_1.0.21_all.deb ...
Unpacking po-debconf (1.0.21) ...
Selecting previously unselected package debhelper.
Preparing to unpack .../23-debhelper_12.1.1_all.deb ...
Unpacking debhelper (12.1.1) ...
Selecting previously unselected package xml-core.
Preparing to unpack .../24-xml-core_0.18+nmu1_all.deb ...
Unpacking xml-core (0.18+nmu1) ...
Selecting previously unselected package sgml-data.
Preparing to unpack .../25-sgml-data_2.0.11_all.deb ...
Unpacking sgml-data (2.0.11) ...
Selecting previously unselected package docbook.
Preparing to unpack .../26-docbook_4.5-6_all.deb ...
Unpacking docbook (4.5-6) ...
Selecting previously unselected package libosp5.
Preparing to unpack .../27-libosp5_1.5.2-13+b1_amd64.deb ...
Unpacking libosp5 (1.5.2-13+b1) ...
Selecting previously unselected package opensp.
Preparing to unpack .../28-opensp_1.5.2-13+b1_amd64.deb ...
Unpacking opensp (1.5.2-13+b1) ...
Selecting previously unselected package docbook-to-man.
Preparing to unpack .../29-docbook-to-man_1%3a2.0.0-42_amd64.deb ...
Unpacking docbook-to-man (1:2.0.0-42) ...
Selecting previously unselected package docbook-xml.
Preparing to unpack .../30-docbook-xml_4.5-8_all.deb ...
Unpacking docbook-xml (4.5-8) ...
Selecting previously unselected package docbook-xsl.
Preparing to unpack .../31-docbook-xsl_1.79.1+dfsg-2_all.deb ...
Unpacking docbook-xsl (1.79.1+dfsg-2) ...
Selecting previously unselected package gcc-8-base:armhf.
Preparing to unpack .../32-gcc-8-base_8.3.0-2_armhf.deb ...
Unpacking gcc-8-base:armhf (8.3.0-2) ...
Selecting previously unselected package pkg-config.
Preparing to unpack .../33-pkg-config_0.29-6_amd64.deb ...
Unpacking pkg-config (0.29-6) ...
Selecting previously unselected package python-funcsigs.
Preparing to unpack .../34-python-funcsigs_1.0.2-4_all.deb ...
Unpacking python-funcsigs (1.0.2-4) ...
Selecting previously unselected package python-pkg-resources.
Preparing to unpack .../35-python-pkg-resources_40.8.0-1_all.deb ...
Unpacking python-pkg-resources (40.8.0-1) ...
Selecting previously unselected package python-setuptools.
Preparing to unpack .../36-python-setuptools_40.8.0-1_all.deb ...
Unpacking python-setuptools (40.8.0-1) ...
Selecting previously unselected package python-six.
Preparing to unpack .../37-python-six_1.12.0-1_all.deb ...
Unpacking python-six (1.12.0-1) ...
Selecting previously unselected package python-pbr.
Preparing to unpack .../38-python-pbr_4.2.0-5_all.deb ...
Unpacking python-pbr (4.2.0-5) ...
Selecting previously unselected package python-mock.
Preparing to unpack .../39-python-mock_2.0.0-4_all.deb ...
Unpacking python-mock (2.0.0-4) ...
Selecting previously unselected package libxslt1.1:amd64.
Preparing to unpack .../40-libxslt1.1_1.1.32-2_amd64.deb ...
Unpacking libxslt1.1:amd64 (1.1.32-2) ...
Selecting previously unselected package xsltproc.
Preparing to unpack .../41-xsltproc_1.1.32-2_amd64.deb ...
Unpacking xsltproc (1.1.32-2) ...
Selecting previously unselected package liblua5.2-0:amd64.
Preparing to unpack .../42-liblua5.2-0_5.2.4-1.1+b2_amd64.deb ...
Unpacking liblua5.2-0:amd64 (5.2.4-1.1+b2) ...
Selecting previously unselected package highlight-common.
Preparing to unpack .../43-highlight-common_3.41-2_all.deb ...
Unpacking highlight-common (3.41-2) ...
Selecting previously unselected package highlight.
Preparing to unpack .../44-highlight_3.41-2+b1_amd64.deb ...
Unpacking highlight (3.41-2+b1) ...
Selecting previously unselected package gtk-doc-tools.
Preparing to unpack .../45-gtk-doc-tools_1.28-1_all.deb ...
Unpacking gtk-doc-tools (1.28-1) ...
Selecting previously unselected package libgcc1:armhf.
Preparing to unpack .../46-libgcc1_1%3a8.3.0-2_armhf.deb ...
Unpacking libgcc1:armhf (1:8.3.0-2) ...
Selecting previously unselected package libc6:armhf.
Preparing to unpack .../47-libc6_2.28-8_armhf.deb ...
Unpacking libc6:armhf (2.28-8) ...
Selecting previously unselected package libstdc++6:armhf.
Preparing to unpack .../48-libstdc++6_8.3.0-2_armhf.deb ...
Unpacking libstdc++6:armhf (8.3.0-2) ...
Selecting previously unselected package libasan5:armhf.
Preparing to unpack .../49-libasan5_8.3.0-2_armhf.deb ...
Unpacking libasan5:armhf (8.3.0-2) ...
Selecting previously unselected package libatomic1:armhf.
Preparing to unpack .../50-libatomic1_8.3.0-2_armhf.deb ...
Unpacking libatomic1:armhf (8.3.0-2) ...
Selecting previously unselected package libuuid1:armhf.
Preparing to unpack .../51-libuuid1_2.33.1-0.1_armhf.deb ...
Unpacking libuuid1:armhf (2.33.1-0.1) ...
Selecting previously unselected package libblkid1:armhf.
Preparing to unpack .../52-libblkid1_2.33.1-0.1_armhf.deb ...
Unpacking libblkid1:armhf (2.33.1-0.1) ...
Selecting previously unselected package linux-libc-dev:armhf.
Preparing to unpack .../53-linux-libc-dev_4.19.20-1_armhf.deb ...
Unpacking linux-libc-dev:armhf (4.19.20-1) ...
Selecting previously unselected package libc6-dev:armhf.
Preparing to unpack .../54-libc6-dev_2.28-8_armhf.deb ...
Unpacking libc6-dev:armhf (2.28-8) ...
Selecting previously unselected package uuid-dev:armhf.
Preparing to unpack .../55-uuid-dev_2.33.1-0.1_armhf.deb ...
Unpacking uuid-dev:armhf (2.33.1-0.1) ...
Selecting previously unselected package libblkid-dev:armhf.
Preparing to unpack .../56-libblkid-dev_2.33.1-0.1_armhf.deb ...
Unpacking libblkid-dev:armhf (2.33.1-0.1) ...
Selecting previously unselected package libffi6:armhf.
Preparing to unpack .../57-libffi6_3.2.1-9_armhf.deb ...
Unpacking libffi6:armhf (3.2.1-9) ...
Selecting previously unselected package libffi-dev:armhf.
Preparing to unpack .../58-libffi-dev_3.2.1-9_armhf.deb ...
Unpacking libffi-dev:armhf (3.2.1-9) ...
Selecting previously unselected package libgomp1:armhf.
Preparing to unpack .../59-libgomp1_8.3.0-2_armhf.deb ...
Unpacking libgomp1:armhf (8.3.0-2) ...
Selecting previously unselected package libubsan1:armhf.
Preparing to unpack .../60-libubsan1_8.3.0-2_armhf.deb ...
Unpacking libubsan1:armhf (8.3.0-2) ...
Selecting previously unselected package libgcc-8-dev:armhf.
Preparing to unpack .../61-libgcc-8-dev_8.3.0-2_armhf.deb ...
Unpacking libgcc-8-dev:armhf (8.3.0-2) ...
Selecting previously unselected package libpcre3:armhf.
Preparing to unpack .../62-libpcre3_2%3a8.39-11_armhf.deb ...
Unpacking libpcre3:armhf (2:8.39-11) ...
Selecting previously unselected package libselinux1:armhf.
Preparing to unpack .../63-libselinux1_2.8-1+b1_armhf.deb ...
Unpacking libselinux1:armhf (2.8-1+b1) ...
Selecting previously unselected package libmount1:armhf.
Preparing to unpack .../64-libmount1_2.33.1-0.1_armhf.deb ...
Unpacking libmount1:armhf (2.33.1-0.1) ...
Selecting previously unselected package zlib1g:armhf.
Preparing to unpack .../65-zlib1g_1%3a1.2.11.dfsg-1_armhf.deb ...
Unpacking zlib1g:armhf (1:1.2.11.dfsg-1) ...
Selecting previously unselected package libglib2.0-0:armhf.
Preparing to unpack .../66-libglib2.0-0_2.58.3-1_armhf.deb ...
Unpacking libglib2.0-0:armhf (2.58.3-1) ...
Selecting previously unselected package libglib2.0-data.
Preparing to unpack .../67-libglib2.0-data_2.58.3-1_all.deb ...
Unpacking libglib2.0-data (2.58.3-1) ...
Selecting previously unselected package libglib2.0-bin.
Preparing to unpack .../68-libglib2.0-bin_2.58.3-1_amd64.deb ...
Unpacking libglib2.0-bin (2.58.3-1) ...
Selecting previously unselected package python3-lib2to3.
Preparing to unpack .../69-python3-lib2to3_3.7.2-3_all.deb ...
Unpacking python3-lib2to3 (3.7.2-3) ...
Selecting previously unselected package python3-distutils.
Preparing to unpack .../70-python3-distutils_3.7.2-3_all.deb ...
Unpacking python3-distutils (3.7.2-3) ...
Selecting previously unselected package libglib2.0-dev-bin.
Preparing to unpack .../71-libglib2.0-dev-bin_2.58.3-1_amd64.deb ...
Unpacking libglib2.0-dev-bin (2.58.3-1) ...
Selecting previously unselected package libmount-dev:armhf.
Preparing to unpack .../72-libmount-dev_2.33.1-0.1_armhf.deb ...
Unpacking libmount-dev:armhf (2.33.1-0.1) ...
Selecting previously unselected package libpcre16-3:armhf.
Preparing to unpack .../73-libpcre16-3_2%3a8.39-11_armhf.deb ...
Unpacking libpcre16-3:armhf (2:8.39-11) ...
Selecting previously unselected package libpcre32-3:armhf.
Preparing to unpack .../74-libpcre32-3_2%3a8.39-11_armhf.deb ...
Unpacking libpcre32-3:armhf (2:8.39-11) ...
Selecting previously unselected package libpcrecpp0v5:armhf.
Preparing to unpack .../75-libpcrecpp0v5_2%3a8.39-11_armhf.deb ...
Unpacking libpcrecpp0v5:armhf (2:8.39-11) ...
Selecting previously unselected package libpcre3-dev:armhf.
Preparing to unpack .../76-libpcre3-dev_2%3a8.39-11_armhf.deb ...
Unpacking libpcre3-dev:armhf (2:8.39-11) ...
Selecting previously unselected package libsepol1:armhf.
Preparing to unpack .../77-libsepol1_2.8-1_armhf.deb ...
Unpacking libsepol1:armhf (2.8-1) ...
Selecting previously unselected package libsepol1-dev:armhf.
Preparing to unpack .../78-libsepol1-dev_2.8-1_armhf.deb ...
Unpacking libsepol1-dev:armhf (2.8-1) ...
Selecting previously unselected package libselinux1-dev:armhf.
Preparing to unpack .../79-libselinux1-dev_2.8-1+b1_armhf.deb ...
Unpacking libselinux1-dev:armhf (2.8-1+b1) ...
Selecting previously unselected package zlib1g-dev:armhf.
Preparing to unpack .../80-zlib1g-dev_1%3a1.2.11.dfsg-1_armhf.deb ...
Unpacking zlib1g-dev:armhf (1:1.2.11.dfsg-1) ...
Selecting previously unselected package libglib2.0-dev:armhf.
Preparing to unpack .../81-libglib2.0-dev_2.58.3-1_armhf.deb ...
Unpacking libglib2.0-dev:armhf (2.58.3-1) ...
Selecting previously unselected package libidl-2-0:armhf.
Preparing to unpack .../82-libidl-2-0_0.8.14-4_armhf.deb ...
Unpacking libidl-2-0:armhf (0.8.14-4) ...
Selecting previously unselected package libidl-dev:armhf.
Preparing to unpack .../83-libidl-dev_0.8.14-4_armhf.deb ...
Unpacking libidl-dev:armhf (0.8.14-4) ...
Selecting previously unselected package libstdc++-8-dev:armhf.
Preparing to unpack .../84-libstdc++-8-dev_8.3.0-2_armhf.deb ...
Unpacking libstdc++-8-dev:armhf (8.3.0-2) ...
Selecting previously unselected package sbuild-build-depends-main-dummy:armhf.
Preparing to unpack .../85-sbuild-build-depends-main-dummy_0.invalid.0_armhf.deb ...
Unpacking sbuild-build-depends-main-dummy:armhf (0.invalid.0) ...
Setting up libpipeline1:amd64 (1.5.1-2) ...
Setting up mime-support (3.62) ...
Setting up libarchive-zip-perl (1.64-1) ...
Setting up libglib2.0-0:amd64 (2.58.3-1) ...
No schema files found: doing nothing.
Setting up linux-libc-dev:armhf (4.19.20-1) ...
Setting up gettext-base (0.19.8.1-9) ...
Setting up libosp5 (1.5.2-13+b1) ...
Setting up libpython2.7-stdlib:amd64 (2.7.16-1) ...
Setting up autotools-dev (20180224.1) ...
Setting up libglib2.0-data (2.58.3-1) ...
Setting up libncurses6:amd64 (6.1+20181013-2) ...
Setting up libsigsegv2:amd64 (2.12-2) ...
Setting up gcc-8-base:armhf (8.3.0-2) ...
Setting up autopoint (0.19.8.1-9) ...
Setting up libcroco3:amd64 (0.6.12-3) ...
Setting up pkg-config (0.29-6) ...
Setting up highlight-common (3.41-2) ...
Setting up liblua5.2-0:amd64 (5.2.4-1.1+b2) ...
Setting up libuchardet0:amd64 (0.0.6-3) ...
Setting up libxslt1.1:amd64 (1.1.32-2) ...
Setting up sgml-base (1.29) ...
Setting up libmpdec2:amd64 (2.4.2-2) ...
Setting up libbsd0:amd64 (0.9.1-2) ...
Setting up cdbs (0.4.159) ...
Setting up libelf1:amd64 (0.176-1) ...
Setting up libfile-stripnondeterminism-perl (1.1.1-1) ...
Setting up libpython3.7-stdlib:amd64 (3.7.2-3) ...
Setting up gettext (0.19.8.1-9) ...
Setting up python2.7 (2.7.16-1) ...
Setting up libtool (2.4.6-10) ...
Setting up libpython2-stdlib:amd64 (2.7.16-1) ...
Setting up xsltproc (1.1.32-2) ...
Setting up libglib2.0-bin (2.58.3-1) ...
Setting up m4 (1.4.18-2) ...
Setting up opensp (1.5.2-13+b1) ...
Setting up python2 (2.7.16-1) ...
Setting up intltool-debian (0.35.0+20060710.5) ...
Setting up libpython-stdlib:amd64 (2.7.16-1) ...
Setting up bsdmainutils (11.1.2+b1) ...
update-alternatives: using /usr/bin/bsd-write to provide /usr/bin/write (write) in auto mode
update-alternatives: using /usr/bin/bsd-from to provide /usr/bin/from (from) in auto mode
Setting up highlight (3.41-2+b1) ...
Setting up autoconf (2.69-11) ...
Setting up dwz (0.12-3) ...
Setting up groff-base (1.22.4-3) ...
Setting up xml-core (0.18+nmu1) ...
Setting up python (2.7.16-1) ...
Setting up libpython3-stdlib:amd64 (3.7.2-1) ...
Setting up automake (1:1.16.1-4) ...
update-alternatives: using /usr/bin/automake-1.16 to provide /usr/bin/automake (automake) in auto mode
Setting up python3.7 (3.7.2-3) ...
Setting up python-pkg-resources (40.8.0-1) ...
Setting up po-debconf (1.0.21) ...
Setting up python3 (3.7.2-1) ...
Setting up man-db (2.8.5-2) ...
Not building database; man-db/auto-update is not 'true'.
Setting up python-six (1.12.0-1) ...
Setting up python-setuptools (40.8.0-1) ...
Setting up python-funcsigs (1.0.2-4) ...
Setting up python-pbr (4.2.0-5) ...
update-alternatives: using /usr/bin/python2-pbr to provide /usr/bin/pbr (pbr) in auto mode
Setting up python3-lib2to3 (3.7.2-3) ...
Setting up python3-distutils (3.7.2-3) ...
Setting up libglib2.0-dev-bin (2.58.3-1) ...
Setting up python-mock (2.0.0-4) ...
Setting up libc6:armhf (2.28-8) ...
Setting up libsepol1:armhf (2.8-1) ...
Setting up libc6-dev:armhf (2.28-8) ...
Setting up libpcre16-3:armhf (2:8.39-11) ...
Setting up libgcc1:armhf (1:8.3.0-2) ...
Setting up libsepol1-dev:armhf (2.8-1) ...
Setting up zlib1g:armhf (1:1.2.11.dfsg-1) ...
Setting up libffi6:armhf (3.2.1-9) ...
Setting up libgomp1:armhf (8.3.0-2) ...
Setting up libffi-dev:armhf (3.2.1-9) ...
Setting up dh-autoreconf (19) ...
Setting up libpcre3:armhf (2:8.39-11) ...
Setting up libpcre32-3:armhf (2:8.39-11) ...
Setting up libatomic1:armhf (8.3.0-2) ...
Setting up libuuid1:armhf (2.33.1-0.1) ...
Setting up dh-strip-nondeterminism (1.1.1-1) ...
Setting up zlib1g-dev:armhf (1:1.2.11.dfsg-1) ...
Setting up libblkid1:armhf (2.33.1-0.1) ...
Setting up libstdc++6:armhf (8.3.0-2) ...
Setting up libpcrecpp0v5:armhf (2:8.39-11) ...
Setting up libpcre3-dev:armhf (2:8.39-11) ...
Setting up debhelper (12.1.1) ...
Setting up libselinux1:armhf (2.8-1+b1) ...
Setting up libasan5:armhf (8.3.0-2) ...
Setting up uuid-dev:armhf (2.33.1-0.1) ...
Setting up libubsan1:armhf (8.3.0-2) ...
Setting up libmount1:armhf (2.33.1-0.1) ...
Setting up libblkid-dev:armhf (2.33.1-0.1) ...
Setting up libselinux1-dev:armhf (2.8-1+b1) ...
Setting up libglib2.0-0:armhf (2.58.3-1) ...
/var/lib/dpkg/info/libglib2.0-0:armhf.postinst: 47: /var/lib/dpkg/info/libglib2.0-0:armhf.postinst: /usr/lib/arm-linux-gnueabihf/glib-2.0/glib-compile-schemas: Exec format error
/var/lib/dpkg/info/libglib2.0-0:armhf.postinst: 50: /var/lib/dpkg/info/libglib2.0-0:armhf.postinst: /usr/lib/arm-linux-gnueabihf/glib-2.0/gio-querymodules: Exec format error
Setting up libgcc-8-dev:armhf (8.3.0-2) ...
Setting up libmount-dev:armhf (2.33.1-0.1) ...
Setting up libstdc++-8-dev:armhf (8.3.0-2) ...
Setting up libidl-2-0:armhf (0.8.14-4) ...
Setting up libglib2.0-dev:armhf (2.58.3-1) ...
Setting up libidl-dev:armhf (0.8.14-4) ...
Processing triggers for libc-bin (2.28-8) ...
Processing triggers for ccache (3.6-1) ...
Updating symlinks in /usr/lib/ccache ...
Processing triggers for sgml-base (1.29) ...
Setting up docbook-xsl (1.79.1+dfsg-2) ...
Setting up sgml-data (2.0.11) ...
Processing triggers for sgml-base (1.29) ...
Setting up docbook-xml (4.5-8) ...
Setting up docbook (4.5-6) ...
Processing triggers for sgml-base (1.29) ...
Setting up docbook-to-man (1:2.0.0-42) ...
Setting up gtk-doc-tools (1.28-1) ...
Setting up sbuild-build-depends-main-dummy:armhf (0.invalid.0) ...

+------------------------------------------------------------------------------+
| Check architectures                                                          |
+------------------------------------------------------------------------------+

Initial Foreign Architectures: armhf 
Arch check ok (armhf included in any)

+------------------------------------------------------------------------------+
| Build environment                                                            |
+------------------------------------------------------------------------------+

Kernel: Linux 3.16.0-4-amd64 #1 SMP Debian 3.16.51-3 (2017-12-13) amd64 (x86_64)
Toolchain package versions: binutils_2.31.1-15 dpkg-dev_1.19.5 g++-8_8.3.0-2 gcc-8_8.3.0-2 libc6-dev_2.28-8 libstdc++-8-dev_8.3.0-2 libstdc++-8-dev-armhf-cross_8.3.0-2cross1 libstdc++6_8.3.0-2 libstdc++6-armhf-cross_8.3.0-2cross1 linux-libc-dev_4.19.20-1
Package versions: adduser_3.118 apt_1.8.0~rc4 autoconf_2.69-11 automake_1:1.16.1-4 autopoint_0.19.8.1-9 autotools-dev_20180224.1 base-files_10.1 base-passwd_3.5.46 bash_5.0-2 binutils_2.31.1-15 binutils-arm-linux-gnueabihf_2.31.1-15 binutils-common_2.31.1-15 binutils-x86-64-linux-gnu_2.31.1-15 bsdmainutils_11.1.2+b1 bsdutils_1:2.33.1-0.1 build-essential_12.6 bzip2_1.0.6-9 ca-certificates_20190110 ccache_3.6-1 cdbs_0.4.159 coreutils_8.30-3 cpp_4:8.3.0-1 cpp-8_8.3.0-2 cpp-8-arm-linux-gnueabihf_8.3.0-2cross1 cpp-arm-linux-gnueabihf_4:8.3.0-1 cross-config_2.6.15-2 crossbuild-essential-armhf_12.6 dash_0.5.10.2-5 debconf_1.5.71 debhelper_12.1.1 debian-archive-keyring_2018.1 debianutils_4.8.6.1 dh-autoreconf_19 dh-strip-nondeterminism_1.1.1-1 diffutils_1:3.7-2 dirmngr_2.2.13-1 docbook_4.5-6 docbook-to-man_1:2.0.0-42 docbook-xml_4.5-8 docbook-xsl_1.79.1+dfsg-2 dpkg_1.19.5 dpkg-cross_2.6.15-2 dpkg-dev_1.19.5 dwz_0.12-3 e2fsprogs_1.45.0-1 eatmydata_105-7 fakeroot_1.23-1 fdisk_2.33.1-0.1 file_1:5.35-4 findutils_4.6.0+git+20190209-2 g++_4:8.3.0-1 g++-8_8.3.0-2 g++-8-arm-linux-gnueabihf_8.3.0-2cross1 g++-arm-linux-gnueabihf_4:8.3.0-1 gcc_4:8.3.0-1 gcc-8_8.3.0-2 gcc-8-arm-linux-gnueabihf_8.3.0-2cross1 gcc-8-arm-linux-gnueabihf-base_8.3.0-2cross1 gcc-8-base_8.3.0-2 gcc-8-cross-base_8.3.0-2cross1 gcc-arm-linux-gnueabihf_4:8.3.0-1 gettext_0.19.8.1-9 gettext-base_0.19.8.1-9 gnupg_2.2.13-1 gnupg-l10n_2.2.13-1 gnupg-utils_2.2.13-1 gpg_2.2.13-1 gpg-agent_2.2.13-1 gpg-wks-client_2.2.13-1 gpg-wks-server_2.2.13-1 gpgconf_2.2.13-1 gpgsm_2.2.13-1 gpgv_2.2.13-1 grep_3.3-1 groff-base_1.22.4-3 gtk-doc-tools_1.28-1 gzip_1.9-3 highlight_3.41-2+b1 highlight-common_3.41-2 hostname_3.21 init-system-helpers_1.56+nmu1 intltool-debian_0.35.0+20060710.5 libacl1_2.2.53-4 libapt-pkg5.0_1.8.0~rc4 libarchive-zip-perl_1.64-1 libasan5_8.3.0-2 libasan5-armhf-cross_8.3.0-2cross1 libassuan0_2.5.2-1 libatomic1_8.3.0-2 libatomic1-armhf-cross_8.3.0-2cross1 libattr1_1:2.4.48-4 libaudit-common_1:2.8.4-2 libaudit1_1:2.8.4-2 libauthen-sasl-perl_2.1600-1 libbinutils_2.31.1-15 libblkid-dev_2.33.1-0.1 libblkid1_2.33.1-0.1 libbsd0_0.9.1-2 libbz2-1.0_1.0.6-9 libc-bin_2.28-8 libc-dev-bin_2.28-8 libc6_2.28-8 libc6-armhf-cross_2.28-7cross1 libc6-dev_2.28-8 libc6-dev-armhf-cross_2.28-7cross1 libcap-ng0_0.7.9-2 libcc1-0_8.3.0-2 libcom-err2_1.45.0-1 libconfig-auto-perl_0.44-1 libconfig-inifiles-perl_3.000001-1 libcroco3_0.6.12-3 libdata-dump-perl_1.23-1 libdb5.3_5.3.28+dfsg1-0.5 libdebconfclient0_0.248 libdebian-dpkgcross-perl_2.6.15-2 libdpkg-perl_1.19.5 libeatmydata1_105-7 libelf1_0.176-1 libencode-locale-perl_1.05-1 libexpat1_2.2.6-1 libext2fs2_1.45.0-1 libfakeroot_1.23-1 libfdisk1_2.33.1-0.1 libffi-dev_3.2.1-9 libffi6_3.2.1-9 libfile-homedir-perl_1.004-1 libfile-listing-perl_6.04-1 libfile-stripnondeterminism-perl_1.1.1-1 libfile-which-perl_1.23-1 libfont-afm-perl_1.20-2 libgcc-8-dev_8.3.0-2 libgcc-8-dev-armhf-cross_8.3.0-2cross1 libgcc1_1:8.3.0-2 libgcc1-armhf-cross_1:8.3.0-2cross1 libgcrypt20_1.8.4-5 libgdbm-compat4_1.18.1-3 libgdbm6_1.18.1-3 libglib2.0-0_2.58.3-1 libglib2.0-bin_2.58.3-1 libglib2.0-data_2.58.3-1 libglib2.0-dev_2.58.3-1 libglib2.0-dev-bin_2.58.3-1 libgmp10_2:6.1.2+dfsg-4 libgnutls30_3.6.6-2 libgomp1_8.3.0-2 libgomp1-armhf-cross_8.3.0-2cross1 libgpg-error0_1.35-1 libhogweed4_3.4.1-1 libhtml-form-perl_6.03-1 libhtml-format-perl_2.12-1 libhtml-parser-perl_3.72-3+b3 libhtml-tagset-perl_3.20-3 libhtml-tree-perl_5.07-2 libhttp-cookies-perl_6.04-1 libhttp-daemon-perl_6.01-3 libhttp-date-perl_6.02-1 libhttp-message-perl_6.18-1 libhttp-negotiate-perl_6.01-1 libicu63_63.1-6 libidl-2-0_0.8.14-4 libidl-dev_0.8.14-4 libidn2-0_2.0.5-1 libio-html-perl_1.001-1 libio-socket-ssl-perl_2.060-3 libio-string-perl_1.08-3 libisl19_0.20-2 libitm1_8.3.0-2 libksba8_1.3.5-2 libldap-2.4-2_2.4.47+dfsg-3 libldap-common_2.4.47+dfsg-3 liblocale-gettext-perl_1.07-3+b4 liblsan0_8.3.0-2 liblua5.2-0_5.2.4-1.1+b2 liblwp-mediatypes-perl_6.02-1 liblwp-protocol-https-perl_6.07-2 liblz4-1_1.8.3-1 liblzma5_5.2.4-1 libmagic-mgc_1:5.35-4 libmagic1_1:5.35-4 libmailtools-perl_2.18-1 libmount-dev_2.33.1-0.1 libmount1_2.33.1-0.1 libmpc3_1.1.0-1 libmpdec2_2.4.2-2 libmpfr6_4.0.2-1 libmpx2_8.3.0-2 libncurses6_6.1+20181013-2 libncursesw6_6.1+20181013-2 libnet-http-perl_6.18-1 libnet-smtp-ssl-perl_1.04-1 libnet-ssleay-perl_1.85-2+b1 libnettle6_3.4.1-1 libnpth0_1.6-1 libosp5_1.5.2-13+b1 libp11-kit0_0.23.15-2 libpam-modules_1.3.1-5 libpam-modules-bin_1.3.1-5 libpam-runtime_1.3.1-5 libpam0g_1.3.1-5 libpcre16-3_2:8.39-11 libpcre3_2:8.39-11 libpcre3-dev_2:8.39-11 libpcre32-3_2:8.39-11 libpcrecpp0v5_2:8.39-11 libperl5.28_5.28.1-4 libpipeline1_1.5.1-2 libpython-stdlib_2.7.16-1 libpython2-stdlib_2.7.16-1 libpython2.7-minimal_2.7.16-1 libpython2.7-stdlib_2.7.16-1 libpython3-stdlib_3.7.2-1 libpython3.7-minimal_3.7.2-3 libpython3.7-stdlib_3.7.2-3 libquadmath0_8.3.0-2 libreadline7_7.0-5 libsasl2-2_2.1.27+dfsg-1 libsasl2-modules-db_2.1.27+dfsg-1 libseccomp2_2.3.3-4 libselinux1_2.8-1+b1 libselinux1-dev_2.8-1+b1 libsemanage-common_2.8-2 libsemanage1_2.8-2 libsepol1_2.8-1 libsepol1-dev_2.8-1 libsigsegv2_2.12-2 libsmartcols1_2.33.1-0.1 libsqlite3-0_3.27.2-1 libss2_1.45.0-1 libssl1.1_1.1.1b-1 libstdc++-8-dev_8.3.0-2 libstdc++-8-dev-armhf-cross_8.3.0-2cross1 libstdc++6_8.3.0-2 libstdc++6-armhf-cross_8.3.0-2cross1 libsystemd0_241-1 libtasn1-6_4.13-3 libtimedate-perl_2.3000-2 libtinfo6_6.1+20181013-2 libtool_2.4.6-10 libtry-tiny-perl_0.30-1 libtsan0_8.3.0-2 libubsan1_8.3.0-2 libubsan1-armhf-cross_8.3.0-2cross1 libuchardet0_0.0.6-3 libudev1_241-1 libunistring2_0.9.10-1 liburi-perl_1.76-1 libuuid1_2.33.1-0.1 libwww-perl_6.36-1 libwww-robotrules-perl_6.02-1 libxml-libxml-perl_2.0134+dfsg-1 libxml-namespacesupport-perl_1.12-1 libxml-parser-perl_2.44-4 libxml-sax-base-perl_1.09-1 libxml-sax-expat-perl_0.51-1 libxml-sax-perl_1.00+dfsg-1 libxml-simple-perl_2.25-1 libxml2_2.9.4+dfsg1-7+b3 libxslt1.1_1.1.32-2 libyaml-0-2_0.2.1-1 libyaml-libyaml-perl_0.76+repack-1 libyaml-perl_1.27-1 libzstd1_1.3.8+dfsg-3 linux-libc-dev_4.19.20-1 linux-libc-dev-armhf-cross_4.19.20-1cross1 login_1:4.5-1.1 lsb-base_10.2018112800 m4_1.4.18-2 make_4.2.1-1.2 man-db_2.8.5-2 mawk_1.3.3-17+b3 mime-support_3.62 mount_2.33.1-0.1 ncurses-base_6.1+20181013-2 ncurses-bin_6.1+20181013-2 netbase_5.6 opensp_1.5.2-13+b1 openssl_1.1.1b-1 passwd_1:4.5-1.1 patch_2.7.6-3 perl_5.28.1-4 perl-base_5.28.1-4 perl-modules-5.28_5.28.1-4 perl-openssl-defaults_3 pinentry-curses_1.1.0-1+b1 pkg-config_0.29-6 po-debconf_1.0.21 python_2.7.16-1 python-funcsigs_1.0.2-4 python-minimal_2.7.16-1 python-mock_2.0.0-4 python-pbr_4.2.0-5 python-pkg-resources_40.8.0-1 python-setuptools_40.8.0-1 python-six_1.12.0-1 python2_2.7.16-1 python2-minimal_2.7.16-1 python2.7_2.7.16-1 python2.7-minimal_2.7.16-1 python3_3.7.2-1 python3-distutils_3.7.2-3 python3-lib2to3_3.7.2-3 python3-minimal_3.7.2-1 python3.7_3.7.2-3 python3.7-minimal_3.7.2-3 readline-common_7.0-5 sbuild-build-depends-main-dummy_0.invalid.0 sed_4.7-1 sensible-utils_0.0.12 sgml-base_1.29 sgml-data_2.0.11 sysvinit-utils_2.93-8 tar_1.30+dfsg-5 tzdata_2018i-2 ucf_3.0038+nmu1 util-linux_2.33.1-0.1 uuid-dev_2.33.1-0.1 uuid-runtime_2.33.1-0.1 xml-core_0.18+nmu1 xsltproc_1.1.32-2 xz-utils_5.2.4-1 zlib1g_1:1.2.11.dfsg-1 zlib1g-dev_1:1.2.11.dfsg-1

+------------------------------------------------------------------------------+
| Build                                                                        |
+------------------------------------------------------------------------------+


Unpack source
-------------

-----BEGIN PGP SIGNED MESSAGE-----
Hash: SHA512

Format: 3.0 (quilt)
Source: orbit2
Binary: liborbit-2-0, liborbit2, orbit2, orbit2-nameserver, liborbit2-dev
Architecture: any
Version: 1:2.14.19-4
Maintainer: Debian QA Group <packages@qa.debian.org>
Standards-Version: 3.9.6
Build-Depends: libglib2.0-dev (>= 2.8.0), libidl-dev (>= 0.8.10), pkg-config (>= 0.20), cdbs (>= 0.4.93), debhelper (>= 8.1.3), docbook-xsl, gtk-doc-tools (>= 1.6-2), autotools-dev, dh-autoreconf
Package-List:
 liborbit-2-0 deb libs optional arch=any
 liborbit2 deb libs optional arch=any
 liborbit2-dev deb libdevel optional arch=any
 orbit2 deb devel optional arch=any
 orbit2-nameserver deb devel optional arch=any
Checksums-Sha1:
 6513877608e81be495205b8b051e90c514cc105d 1037441 orbit2_2.14.19.orig.tar.gz
 13f9d2356ef77707660947b420e041e8485ac6cf 15068 orbit2_2.14.19-4.debian.tar.xz
Checksums-Sha256:
 5724ed85c626ce406156d2f7c4d104d670eb82cf78e582c325e713a31632c9bd 1037441 orbit2_2.14.19.orig.tar.gz
 57cd7553c4fae6a8d28665e6cb3c4835eb7eea1ca2db9a5326830140ae8047ae 15068 orbit2_2.14.19-4.debian.tar.xz
Files:
 87c69c56c6d0bdafa4de5e18ae115cc9 1037441 orbit2_2.14.19.orig.tar.gz
 87a8b93d83b2351e4fe7ba370fffd41a 15068 orbit2_2.14.19-4.debian.tar.xz

-----BEGIN PGP SIGNATURE-----

iQIzBAEBCgAdFiEEOvp1f6xuoR0v9F3wiNJCh6LYmLEFAlnOs74ACgkQiNJCh6LY
mLGyKA//Zn7Y3qckiKfjHpjiaOdu+YfPfuRUx+mTaFIZsj2HEoqFnz8a3R5kYYtN
bqV3oRTRxzJEdHQ03ssqh8k11uQ7VYCCxqFNnTGuBYjV7DL5bjT6O40757UF6wjC
Qq+XE5nJAJWyDJxm7KiQBrdL10glzH9YNtRVodLc8vkD9Tco9/yaWSUc1Inzbqyr
hjMkEJfjTeLYd7EgH8UBmUUr/yMXSm7zs6yDaGUmCOlgBzxdwRpEMnTxTekf0wYF
s+JD7XxuKqyqHrS7KswaVDaOOsYNSBhsCJVUNYlluDujeJ0grL6n3WQB/lwqXPJh
x7+VrXv2VMfpRZQFw8M/7Y5D2saG0nFYkM+DDFQ/NIr6fKF2swZX2Arf7EoLKrnM
UuFALXDedPz4WJB3DTqujl3rS2zgcpCyjwkRrg0SmPna7bOOa5G4HWBy5agEQ6/f
etgwIGywaRwAQWyT1ojvdrEgzEUopKIrzutEFjtgb/5LDvaYrcUIhxZAbQBtB6DH
OpX8xT3NDXtO5bzPU1swRVESYv3Re3hUi1n6TatRUbCNFR6wKOuj7LiQu1Mla8dp
x9tMHuUL7ZUVw+BBtun0eSNtBKUgbEFFLYzviPMp0eVrCuiwnYgvbiVoc/5yupkz
mRZgOR39KD8kzXgQc3UmZwiw3DKdf6VXnYFMQ7wn6yvRAS0FgVw=
=9fNn
-----END PGP SIGNATURE-----

gpgv: unknown type of key resource 'trustedkeys.kbx'
gpgv: keyblock resource '/sbuild-nonexistent/.gnupg/trustedkeys.kbx': General error
gpgv: Signature made Fri Sep 29 20:57:34 2017 UTC
gpgv:                using RSA key 3AFA757FAC6EA11D2FF45DF088D24287A2D898B1
gpgv: Can't check signature: No public key
dpkg-source: warning: failed to verify signature on ./orbit2_2.14.19-4.dsc
dpkg-source: info: extracting orbit2 in /<<PKGBUILDDIR>>
dpkg-source: info: unpacking orbit2_2.14.19.orig.tar.gz
dpkg-source: info: unpacking orbit2_2.14.19-4.debian.tar.xz
dpkg-source: info: using patch list from debian/patches/series
dpkg-source: info: applying 001-dont-use-atexit-handlers.patch
dpkg-source: info: applying 100-compile-name-server.patch
dpkg-source: info: applying git_new_autotools_build.patch
dpkg-source: info: applying glib_no_deprecations.patch
dpkg-source: info: applying orbit2-config-multiarch.patch
dpkg-source: info: applying pre-multiarch-compatibility.patch

Check disk space
----------------

Sufficient free space for build

User Environment
----------------

APT_CONFIG=/var/lib/sbuild/apt.conf
CCACHE_COMPRESS=1
CCACHE_DIR=/var/cache/ccache-sbuild
CCACHE_UMASK=002
CONFIG_SITE=/etc/dpkg-cross/cross-config.armhf
DEB_BUILD_OPTIONS=nocheck
HOME=/sbuild-nonexistent
LANG=en_US.UTF-8
LC_ALL=C.UTF-8
LD_LIBRARY_PATH=/usr/lib/libeatmydata
LD_PRELOAD=libeatmydata.so
LOGNAME=build
PATH=/usr/lib/ccache:/usr/local/sbin:/usr/local/bin:/usr/sbin:/usr/bin:/sbin:/bin:/usr/games
PWD=/<<PKGBUILDDIR>>
SCHROOT_ALIAS_NAME=unstable-amd64-sbuild
SCHROOT_CHROOT_NAME=unstable-amd64-sbuild
SCHROOT_COMMAND=env
SCHROOT_GID=1000
SCHROOT_GROUP=build
SCHROOT_SESSION_ID=unstable-amd64-sbuild-0308fa02-98ff-47db-bdc1-87948f647169
SCHROOT_UID=1000
SCHROOT_USER=build
SHELL=/bin/sh
USER=build

dpkg-buildpackage
-----------------

Command: dpkg-buildpackage -aarmhf -Pcross,nocheck -us -uc -B -rfakeroot -j16
dpkg-buildpackage: info: source package orbit2
dpkg-buildpackage: info: source version 1:2.14.19-4
dpkg-buildpackage: info: source distribution unstable
dpkg-buildpackage: info: source changed by Adrian Bunk <bunk@debian.org>
dpkg-architecture: warning: specified GNU system type arm-linux-gnueabihf does not match CC system type x86_64-linux-gnu, try setting a correct CC environment variable
 dpkg-source --before-build .
dpkg-buildpackage: info: host architecture armhf
 fakeroot debian/rules clean
test -x debian/rules
rm -f debian/stamp-makefile-build debian/stamp-makefile-install
CC="arm-linux-gnueabihf-gcc" CXX="arm-linux-gnueabihf-g++" PKG_CONFIG="arm-linux-gnueabihf-pkg-config" GCONF_DISABLE_MAKEFILE_SCHEMA_INSTALL=1 /usr/bin/make -C . -k distclean
make[1]: Entering directory '/<<PKGBUILDDIR>>'
make[1]: *** No rule to make target 'distclean'.
make[1]: Leaving directory '/<<PKGBUILDDIR>>'
make: [/usr/share/cdbs/1/class/makefile.mk:91: makefile-clean] Error 2 (ignored)
rm -f debian/stamp-autotools
rmdir --ignore-fail-on-non-empty .
rmdir: failed to remove '.': Invalid argument
make: [/usr/share/cdbs/1/class/autotools.mk:64: makefile-clean] Error 1 (ignored)
set -e;    
if test -e debian/autoreconf.before; then \
	dh_autoreconf_clean ; \
fi
dh_clean 
dh_clean: Compatibility levels before 9 are deprecated (level 7 in use)
rm -f debian/stamp-autotools-files
cd "." && rm -f intltool-extract intltool-merge intltool-update po/.intltool-merge-cache
find test -name '*.omf.out' -type f -delete
echo 

rm -f debian/name-client-2.1 debian/orbit-name-server-2.1
rm -f docs/api/html/*
 debian/rules build-arch
test -x debian/rules
mkdir -p "."
CDBS WARNING:    DEB_DH_BUILDDEB_ARGS is deprecated since 0.4.85
set -e;   mv ./config.guess ./config.guess.cdbs-orig; cp --remove-destination /usr/share/misc/config.guess ./config.guess;
set -e;   mv ./config.sub ./config.sub.cdbs-orig; cp --remove-destination /usr/share/misc/config.sub ./config.sub;
dh_autoreconf debian/rules autoreconf
make[1]: warning: jobserver unavailable: using -j1.  Add '+' to parent make rule.
make[1]: Entering directory '/<<PKGBUILDDIR>>'
gtkdocize --copy
autoreconf -f -i
aclocal: warning: autoconf input should be named 'configure.ac', not 'configure.in'
libtoolize: putting auxiliary files in '.'.
libtoolize: copying file './ltmain.sh'
libtoolize: Consider adding 'AC_CONFIG_MACRO_DIRS([m4])' to configure.in,
libtoolize: and rerunning libtoolize and aclocal.
libtoolize: Consider adding '-I m4' to ACLOCAL_AMFLAGS in Makefile.am.
aclocal: warning: autoconf input should be named 'configure.ac', not 'configure.in'
automake: warning: autoconf input should be named 'configure.ac', not 'configure.in'
configure.in:82: installing './compile'
configure.in:43: installing './missing'
automake: warning: autoconf input should be named 'configure.ac', not 'configure.in'
Makefile.shared:6: warning: '%'-style pattern rules are a GNU make extension
include/orbit/dynamic/Makefile.am:18:   'Makefile.shared' included from here
Makefile.shared:7: warning: *: non-POSIX variable name
include/orbit/dynamic/Makefile.am:18:   'Makefile.shared' included from here
Makefile.shared:8: warning: *D: non-POSIX variable name
include/orbit/dynamic/Makefile.am:18:   'Makefile.shared' included from here
Makefile.shared:8: warning: *F: non-POSIX variable name
include/orbit/dynamic/Makefile.am:18:   'Makefile.shared' included from here
Makefile.shared:9: warning: *: non-POSIX variable name
include/orbit/dynamic/Makefile.am:18:   'Makefile.shared' included from here
Makefile.shared:17: warning: ':='-style assignments are not portable
include/orbit/dynamic/Makefile.am:18:   'Makefile.shared' included from here
Makefile.shared:17: warning: shell mkdir .deps > /dev/null 2>&1 || :: non-POSIX variable name
Makefile.shared:17: (probably a GNU make extension)
include/orbit/dynamic/Makefile.am:18:   'Makefile.shared' included from here
Makefile.shared:6: warning: '%'-style pattern rules are a GNU make extension
include/orbit/orb-core/Makefile.am:45:   'Makefile.shared' included from here
Makefile.shared:7: warning: *: non-POSIX variable name
include/orbit/orb-core/Makefile.am:45:   'Makefile.shared' included from here
Makefile.shared:8: warning: *D: non-POSIX variable name
include/orbit/orb-core/Makefile.am:45:   'Makefile.shared' included from here
Makefile.shared:8: warning: *F: non-POSIX variable name
include/orbit/orb-core/Makefile.am:45:   'Makefile.shared' included from here
Makefile.shared:9: warning: *: non-POSIX variable name
include/orbit/orb-core/Makefile.am:45:   'Makefile.shared' included from here
Makefile.shared:17: warning: ':='-style assignments are not portable
include/orbit/orb-core/Makefile.am:45:   'Makefile.shared' included from here
Makefile.shared:17: warning: shell mkdir .deps > /dev/null 2>&1 || :: non-POSIX variable name
Makefile.shared:17: (probably a GNU make extension)
include/orbit/orb-core/Makefile.am:45:   'Makefile.shared' included from here
Makefile.shared:6: warning: '%'-style pattern rules are a GNU make extension
include/orbit/poa/Makefile.am:24:   'Makefile.shared' included from here
Makefile.shared:7: warning: *: non-POSIX variable name
include/orbit/poa/Makefile.am:24:   'Makefile.shared' included from here
Makefile.shared:8: warning: *D: non-POSIX variable name
include/orbit/poa/Makefile.am:24:   'Makefile.shared' included from here
Makefile.shared:8: warning: *F: non-POSIX variable name
include/orbit/poa/Makefile.am:24:   'Makefile.shared' included from here
Makefile.shared:9: warning: *: non-POSIX variable name
include/orbit/poa/Makefile.am:24:   'Makefile.shared' included from here
Makefile.shared:17: warning: ':='-style assignments are not portable
include/orbit/poa/Makefile.am:24:   'Makefile.shared' included from here
Makefile.shared:17: warning: shell mkdir .deps > /dev/null 2>&1 || :: non-POSIX variable name
Makefile.shared:17: (probably a GNU make extension)
include/orbit/poa/Makefile.am:24:   'Makefile.shared' included from here
linc2/src/Makefile.am:11: warning: 'INCLUDES' is the old name for 'AM_CPPFLAGS' (or '*_CPPFLAGS')
linc2/src/Makefile.am: installing './depcomp'
linc2/test/Makefile.am:5: warning: 'INCLUDES' is the old name for 'AM_CPPFLAGS' (or '*_CPPFLAGS')
parallel-tests: installing './test-driver'
src/idl-compiler/Makefile.am:5: warning: 'INCLUDES' is the old name for 'AM_CPPFLAGS' (or '*_CPPFLAGS')
src/orb/GIOP/Makefile.am:1: warning: 'INCLUDES' is the old name for 'AM_CPPFLAGS' (or '*_CPPFLAGS')
src/orb/Makefile.am:5: warning: 'INCLUDES' is the old name for 'AM_CPPFLAGS' (or '*_CPPFLAGS')
Makefile.shared:6: warning: '%'-style pattern rules are a GNU make extension
src/orb/dynamic/Makefile.am:27:   'Makefile.shared' included from here
Makefile.shared:7: warning: *: non-POSIX variable name
src/orb/dynamic/Makefile.am:27:   'Makefile.shared' included from here
Makefile.shared:8: warning: *D: non-POSIX variable name
src/orb/dynamic/Makefile.am:27:   'Makefile.shared' included from here
Makefile.shared:8: warning: *F: non-POSIX variable name
src/orb/dynamic/Makefile.am:27:   'Makefile.shared' included from here
Makefile.shared:9: warning: *: non-POSIX variable name
src/orb/dynamic/Makefile.am:27:   'Makefile.shared' included from here
Makefile.shared:17: warning: ':='-style assignments are not portable
src/orb/dynamic/Makefile.am:27:   'Makefile.shared' included from here
Makefile.shared:17: warning: shell mkdir .deps > /dev/null 2>&1 || :: non-POSIX variable name
Makefile.shared:17: (probably a GNU make extension)
src/orb/dynamic/Makefile.am:27:   'Makefile.shared' included from here
src/orb/dynamic/Makefile.am:8: warning: 'INCLUDES' is the old name for 'AM_CPPFLAGS' (or '*_CPPFLAGS')
Makefile.shared:6: warning: '%'-style pattern rules are a GNU make extension
src/orb/orb-core/Makefile.am:74:   'Makefile.shared' included from here
Makefile.shared:7: warning: *: non-POSIX variable name
src/orb/orb-core/Makefile.am:74:   'Makefile.shared' included from here
Makefile.shared:8: warning: *D: non-POSIX variable name
src/orb/orb-core/Makefile.am:74:   'Makefile.shared' included from here
Makefile.shared:8: warning: *F: non-POSIX variable name
src/orb/orb-core/Makefile.am:74:   'Makefile.shared' included from here
Makefile.shared:9: warning: *: non-POSIX variable name
src/orb/orb-core/Makefile.am:74:   'Makefile.shared' included from here
Makefile.shared:17: warning: ':='-style assignments are not portable
src/orb/orb-core/Makefile.am:74:   'Makefile.shared' included from here
Makefile.shared:17: warning: shell mkdir .deps > /dev/null 2>&1 || :: non-POSIX variable name
Makefile.shared:17: (probably a GNU make extension)
src/orb/orb-core/Makefile.am:74:   'Makefile.shared' included from here
src/orb/orb-core/Makefile.am:5: warning: 'INCLUDES' is the old name for 'AM_CPPFLAGS' (or '*_CPPFLAGS')
Makefile.shared:6: warning: '%'-style pattern rules are a GNU make extension
src/orb/poa/Makefile.am:46:   'Makefile.shared' included from here
Makefile.shared:7: warning: *: non-POSIX variable name
src/orb/poa/Makefile.am:46:   'Makefile.shared' included from here
Makefile.shared:8: warning: *D: non-POSIX variable name
src/orb/poa/Makefile.am:46:   'Makefile.shared' included from here
Makefile.shared:8: warning: *F: non-POSIX variable name
src/orb/poa/Makefile.am:46:   'Makefile.shared' included from here
Makefile.shared:9: warning: *: non-POSIX variable name
src/orb/poa/Makefile.am:46:   'Makefile.shared' included from here
Makefile.shared:17: warning: ':='-style assignments are not portable
src/orb/poa/Makefile.am:46:   'Makefile.shared' included from here
Makefile.shared:17: warning: shell mkdir .deps > /dev/null 2>&1 || :: non-POSIX variable name
Makefile.shared:17: (probably a GNU make extension)
src/orb/poa/Makefile.am:46:   'Makefile.shared' included from here
src/orb/poa/Makefile.am:5: warning: 'INCLUDES' is the old name for 'AM_CPPFLAGS' (or '*_CPPFLAGS')
src/orb/util/Makefile.am:3: warning: 'INCLUDES' is the old name for 'AM_CPPFLAGS' (or '*_CPPFLAGS')
src/services/imodule/Makefile.am:5: warning: 'INCLUDES' is the old name for 'AM_CPPFLAGS' (or '*_CPPFLAGS')
Makefile.shared:6: warning: '%'-style pattern rules are a GNU make extension
src/services/name/Makefile.am:47:   'Makefile.shared' included from here
Makefile.shared:7: warning: *: non-POSIX variable name
src/services/name/Makefile.am:47:   'Makefile.shared' included from here
Makefile.shared:8: warning: *D: non-POSIX variable name
src/services/name/Makefile.am:47:   'Makefile.shared' included from here
Makefile.shared:8: warning: *F: non-POSIX variable name
src/services/name/Makefile.am:47:   'Makefile.shared' included from here
Makefile.shared:9: warning: *: non-POSIX variable name
src/services/name/Makefile.am:47:   'Makefile.shared' included from here
Makefile.shared:17: warning: ':='-style assignments are not portable
src/services/name/Makefile.am:47:   'Makefile.shared' included from here
Makefile.shared:17: warning: shell mkdir .deps > /dev/null 2>&1 || :: non-POSIX variable name
Makefile.shared:17: (probably a GNU make extension)
src/services/name/Makefile.am:47:   'Makefile.shared' included from here
src/services/name/Makefile.am:29: warning: 'INCLUDES' is the old name for 'AM_CPPFLAGS' (or '*_CPPFLAGS')
Makefile.shared:6: warning: '%'-style pattern rules are a GNU make extension
test/Makefile.am:74:   'Makefile.shared' included from here
Makefile.shared:7: warning: *: non-POSIX variable name
test/Makefile.am:74:   'Makefile.shared' included from here
Makefile.shared:8: warning: *D: non-POSIX variable name
test/Makefile.am:74:   'Makefile.shared' included from here
Makefile.shared:8: warning: *F: non-POSIX variable name
test/Makefile.am:74:   'Makefile.shared' included from here
Makefile.shared:9: warning: *: non-POSIX variable name
test/Makefile.am:74:   'Makefile.shared' included from here
Makefile.shared:17: warning: ':='-style assignments are not portable
test/Makefile.am:74:   'Makefile.shared' included from here
Makefile.shared:17: warning: shell mkdir .deps > /dev/null 2>&1 || :: non-POSIX variable name
Makefile.shared:17: (probably a GNU make extension)
test/Makefile.am:74:   'Makefile.shared' included from here
test/Makefile.am:3: warning: 'INCLUDES' is the old name for 'AM_CPPFLAGS' (or '*_CPPFLAGS')
Makefile.shared:6: warning: '%'-style pattern rules are a GNU make extension
test/everything/Makefile.am:76:   'Makefile.shared' included from here
Makefile.shared:7: warning: *: non-POSIX variable name
test/everything/Makefile.am:76:   'Makefile.shared' included from here
Makefile.shared:8: warning: *D: non-POSIX variable name
test/everything/Makefile.am:76:   'Makefile.shared' included from here
Makefile.shared:8: warning: *F: non-POSIX variable name
test/everything/Makefile.am:76:   'Makefile.shared' included from here
Makefile.shared:9: warning: *: non-POSIX variable name
test/everything/Makefile.am:76:   'Makefile.shared' included from here
Makefile.shared:17: warning: ':='-style assignments are not portable
test/everything/Makefile.am:76:   'Makefile.shared' included from here
Makefile.shared:17: warning: shell mkdir .deps > /dev/null 2>&1 || :: non-POSIX variable name
Makefile.shared:17: (probably a GNU make extension)
test/everything/Makefile.am:76:   'Makefile.shared' included from here
Makefile.shared:6: warning: '%'-style pattern rules are a GNU make extension
test/inhibit/Makefile.am:20:   'Makefile.shared' included from here
Makefile.shared:7: warning: *: non-POSIX variable name
test/inhibit/Makefile.am:20:   'Makefile.shared' included from here
Makefile.shared:8: warning: *D: non-POSIX variable name
test/inhibit/Makefile.am:20:   'Makefile.shared' included from here
Makefile.shared:8: warning: *F: non-POSIX variable name
test/inhibit/Makefile.am:20:   'Makefile.shared' included from here
Makefile.shared:9: warning: *: non-POSIX variable name
test/inhibit/Makefile.am:20:   'Makefile.shared' included from here
Makefile.shared:17: warning: ':='-style assignments are not portable
test/inhibit/Makefile.am:20:   'Makefile.shared' included from here
Makefile.shared:17: warning: shell mkdir .deps > /dev/null 2>&1 || :: non-POSIX variable name
Makefile.shared:17: (probably a GNU make extension)
test/inhibit/Makefile.am:20:   'Makefile.shared' included from here
test/inhibit/Makefile.am:4: warning: 'INCLUDES' is the old name for 'AM_CPPFLAGS' (or '*_CPPFLAGS')
Makefile.shared:6: warning: '%'-style pattern rules are a GNU make extension
test/poa/Makefile.am:44:   'Makefile.shared' included from here
Makefile.shared:7: warning: *: non-POSIX variable name
test/poa/Makefile.am:44:   'Makefile.shared' included from here
Makefile.shared:8: warning: *D: non-POSIX variable name
test/poa/Makefile.am:44:   'Makefile.shared' included from here
Makefile.shared:8: warning: *F: non-POSIX variable name
test/poa/Makefile.am:44:   'Makefile.shared' included from here
Makefile.shared:9: warning: *: non-POSIX variable name
test/poa/Makefile.am:44:   'Makefile.shared' included from here
Makefile.shared:17: warning: ':='-style assignments are not portable
test/poa/Makefile.am:44:   'Makefile.shared' included from here
Makefile.shared:17: warning: shell mkdir .deps > /dev/null 2>&1 || :: non-POSIX variable name
Makefile.shared:17: (probably a GNU make extension)
test/poa/Makefile.am:44:   'Makefile.shared' included from here
test/poa/Makefile.am:1: warning: 'INCLUDES' is the old name for 'AM_CPPFLAGS' (or '*_CPPFLAGS')
make[1]: Leaving directory '/<<PKGBUILDDIR>>'
touch debian/stamp-autotools-files
chmod a+x /<<PKGBUILDDIR>>/./configure
mkdir -p .
cd . && CC="arm-linux-gnueabihf-gcc" CXX="arm-linux-gnueabihf-g++" CFLAGS="-g -O2 -fdebug-prefix-map=/<<PKGBUILDDIR>>=. -fstack-protector-strong -Wformat -Werror=format-security" CXXFLAGS="-g -O2 -fdebug-prefix-map=/<<PKGBUILDDIR>>=. -fstack-protector-strong -Wformat -Werror=format-security" CPPFLAGS="-Wdate-time -D_FORTIFY_SOURCE=2" LDFLAGS="-Wl,-z,relro" /<<PKGBUILDDIR>>/./configure --build=x86_64-linux-gnu --host=arm-linux-gnueabihf --prefix=/usr --includedir="\${prefix}/include" --mandir="\${prefix}/share/man" --infodir="\${prefix}/share/info" --sysconfdir=/etc --localstatedir=/var --libexecdir="\${prefix}/lib/orbit2" --srcdir=. --disable-maintainer-mode --disable-dependency-tracking --disable-silent-rules --enable-purify --enable-gtk-doc --with-html-dir=/usr/share/doc/liborbit2-dev --libdir=\${prefix}/lib/arm-linux-gnueabihf
configure: loading site script /etc/dpkg-cross/cross-config.armhf
checking for a BSD-compatible install... /usr/bin/install -c
checking whether build environment is sane... yes
checking for arm-linux-gnueabihf-strip... arm-linux-gnueabihf-strip
checking for a thread-safe mkdir -p... /bin/mkdir -p
checking for gawk... no
checking for mawk... mawk
checking whether make sets $(MAKE)... yes
checking whether make supports nested variables... yes
checking build system type... x86_64-pc-linux-gnu
checking host system type... arm-unknown-linux-gnueabihf
checking for Win32... no
checking for arm-linux-gnueabihf-gcc... arm-linux-gnueabihf-gcc
checking whether the C compiler works... yes
checking for C compiler default output file name... a.out
checking for suffix of executables... 
checking whether we are cross compiling... yes
checking for suffix of object files... o
checking whether we are using the GNU C compiler... yes
checking whether arm-linux-gnueabihf-gcc accepts -g... yes
checking for arm-linux-gnueabihf-gcc option to accept ISO C89... none needed
checking whether arm-linux-gnueabihf-gcc understands -c and -o together... yes
checking whether make supports the include directive... yes (GNU style)
checking dependency style of arm-linux-gnueabihf-gcc... none
checking how to print strings... printf
checking for a sed that does not truncate output... /bin/sed
checking for grep that handles long lines and -e... /bin/grep
checking for egrep... /bin/grep -E
checking for fgrep... /bin/grep -F
checking for ld used by arm-linux-gnueabihf-gcc... /usr/arm-linux-gnueabihf/bin/ld
checking if the linker (/usr/arm-linux-gnueabihf/bin/ld) is GNU ld... yes
checking for BSD- or MS-compatible name lister (nm)... /usr/bin/arm-linux-gnueabihf-nm -B
checking the name lister (/usr/bin/arm-linux-gnueabihf-nm -B) interface... BSD nm
checking whether ln -s works... yes
checking the maximum length of command line arguments... 1572864
checking how to convert x86_64-pc-linux-gnu file names to arm-unknown-linux-gnueabihf format... func_convert_file_noop
checking how to convert x86_64-pc-linux-gnu file names to toolchain format... func_convert_file_noop
checking for /usr/arm-linux-gnueabihf/bin/ld option to reload object files... -r
checking for arm-linux-gnueabihf-objdump... objdump
checking how to recognize dependent libraries... pass_all
checking for arm-linux-gnueabihf-dlltool... dlltool
checking how to associate runtime and link libraries... printf %s\n
checking for arm-linux-gnueabihf-ar... arm-linux-gnueabihf-ar
checking for archiver @FILE support... @
checking for arm-linux-gnueabihf-strip... (cached) arm-linux-gnueabihf-strip
checking for arm-linux-gnueabihf-ranlib... arm-linux-gnueabihf-ranlib
checking command to parse /usr/bin/arm-linux-gnueabihf-nm -B output from arm-linux-gnueabihf-gcc object... ok
checking for sysroot... no
checking for a working dd... /bin/dd
checking how to truncate binary pipes... /bin/dd bs=4096 count=1
checking for arm-linux-gnueabihf-mt... no
checking for mt... no
checking if : is a manifest tool... no
checking how to run the C preprocessor... arm-linux-gnueabihf-gcc -E
checking for ANSI C header files... yes
checking for sys/types.h... yes
checking for sys/stat.h... yes
checking for stdlib.h... yes
checking for string.h... yes
checking for memory.h... yes
checking for strings.h... yes
checking for inttypes.h... yes
checking for stdint.h... yes
checking for unistd.h... yes
checking for dlfcn.h... yes
checking for objdir... .libs
checking if arm-linux-gnueabihf-gcc supports -fno-rtti -fno-exceptions... no
checking for arm-linux-gnueabihf-gcc option to produce PIC... -fPIC -DPIC
checking if arm-linux-gnueabihf-gcc PIC flag -fPIC -DPIC works... yes
checking if arm-linux-gnueabihf-gcc static flag -static works... yes
checking if arm-linux-gnueabihf-gcc supports -c -o file.o... yes
checking if arm-linux-gnueabihf-gcc supports -c -o file.o... (cached) yes
checking whether the arm-linux-gnueabihf-gcc linker (/usr/arm-linux-gnueabihf/bin/ld) supports shared libraries... yes
checking whether -lc should be explicitly linked in... no
checking dynamic linker characteristics... GNU/Linux ld.so
checking how to hardcode library paths into programs... immediate
checking for shl_load... no
checking for shl_load in -ldld... no
checking for dlopen... no
checking for dlopen in -ldl... yes
checking whether a program can dlopen itself... cross
checking whether stripping libraries is possible... yes
checking if libtool supports shared libraries... yes
checking whether to build shared libraries... yes
checking whether to build static libraries... yes
checking whether to enable maintainer-specific portions of Makefiles... no
checking for aclocal flags... 
checking which idl compiler to use... internal
checking for gawk... (cached) mawk
checking for arm-linux-gnueabihf-pkg-config... /usr/bin/arm-linux-gnueabihf-pkg-config
checking pkg-config is at least version 0.18... yes
checking for ORBIT... yes
checking for ORBIT_IDL... yes
checking for ORBIT_NAME... yes
checking for ANSI C header files... (cached) yes
checking fcntl.h usability... yes
checking fcntl.h presence... yes
checking for fcntl.h... yes
checking for unistd.h... (cached) yes
checking sys/endian.h usability... no
checking sys/endian.h presence... no
checking for sys/endian.h... no
checking endian.h usability... yes
checking endian.h presence... yes
checking for endian.h... yes
checking machine/endian.h usability... no
checking machine/endian.h presence... no
checking for machine/endian.h... no
checking sys/machine.h usability... no
checking sys/machine.h presence... no
checking for sys/machine.h... no
checking sys/isa_defs.h usability... no
checking sys/isa_defs.h presence... no
checking for sys/isa_defs.h... no
checking sys/poll.h usability... yes
checking sys/poll.h presence... yes
checking for sys/poll.h... yes
checking sys/select.h usability... yes
checking sys/select.h presence... yes
checking for sys/select.h... yes
checking sys/time.h usability... yes
checking sys/time.h presence... yes
checking for sys/time.h... yes
checking netinet/in.h usability... yes
checking netinet/in.h presence... yes
checking for netinet/in.h... yes
checking sys/socket.h usability... yes
checking sys/socket.h presence... yes
checking for sys/socket.h... yes
checking arpa/inet.h usability... yes
checking arpa/inet.h presence... yes
checking for arpa/inet.h... yes
checking stddef.h usability... yes
checking stddef.h presence... yes
checking for stddef.h... yes
checking wchar.h usability... yes
checking wchar.h presence... yes
checking for wchar.h... yes
checking wcstr.h usability... no
checking wcstr.h presence... no
checking for wcstr.h... no
checking wctype.h usability... yes
checking wctype.h presence... yes
checking for wctype.h... yes
checking machine/types.h usability... no
checking machine/types.h presence... no
checking for machine/types.h... no
checking sys/un.h usability... yes
checking sys/un.h presence... yes
checking for sys/un.h... yes
checking sys/uio.h usability... yes
checking sys/uio.h presence... yes
checking for sys/uio.h... yes
checking syslog.h usability... yes
checking syslog.h presence... yes
checking for syslog.h... yes
checking sys/wait.h usability... yes
checking sys/wait.h presence... yes
checking for sys/wait.h... yes
checking netdb.h usability... yes
checking netdb.h presence... yes
checking for netdb.h... yes
checking utime.h usability... yes
checking utime.h presence... yes
checking for utime.h... yes
checking sys/utime.h usability... no
checking sys/utime.h presence... no
checking for sys/utime.h... no
checking linux/socket.h usability... yes
checking linux/socket.h presence... yes
checking for linux/socket.h... yes
checking sys/sockio.h usability... no
checking sys/sockio.h presence... no
checking for sys/sockio.h... no
checking for an ANSI C-conforming const... yes
checking for inline... inline
checking for size_t... yes
checking for vprintf... yes
checking for _doprnt... no
checking for socket... yes
checking for gethostbyname... yes
checking for sigaction... yes
checking for syslog... yes
checking whether byte ordering is bigendian... (cached) no
configure: WARNING: Could not check for borked linking while cross-compiling
checking alignment of CORBA_octet... (cached) 1
checking alignment of CORBA_boolean... (cached) 1
checking alignment of CORBA_char... (cached) 1
checking alignment of CORBA_wchar... (cached) 2
checking alignment of CORBA_short... (cached) 2
checking alignment of CORBA_long... (cached) 4
checking alignment of CORBA_long_long... (cached) 8
checking alignment of CORBA_float... (cached) 4
checking alignment of CORBA_double... (cached) 4
checking alignment of CORBA_long_double... (cached) 8
checking alignment of CORBA_struct... (cached) 1
checking alignment of CORBA_pointer... (cached) 4
checking what warning flags to pass to the C compiler... -Wall -Wunused -Wmissing-prototypes -Wmissing-declarations
checking for LINC... yes
checking for ANSI C header files... (cached) yes
checking for fcntl.h... (cached) yes
checking for unistd.h... (cached) yes
checking for sys/endian.h... (cached) no
checking for endian.h... (cached) yes
checking for machine/endian.h... (cached) no
checking for sys/machine.h... (cached) no
checking for sys/isa_defs.h... (cached) no
checking for sys/poll.h... (cached) yes
checking for stddef.h... (cached) yes
checking for wchar.h... (cached) yes
checking for wcstr.h... (cached) no
checking for wctype.h... (cached) yes
checking for machine/types.h... (cached) no
checking for netinet/in.h... (cached) yes
checking netinet/tcp.h usability... yes
checking netinet/tcp.h presence... yes
checking for netinet/tcp.h... yes
checking for sys/un.h... (cached) yes
checking arpa/nameser.h usability... yes
checking arpa/nameser.h presence... yes
checking for arpa/nameser.h... yes
checking resolv.h usability... yes
checking resolv.h presence... yes
checking for resolv.h... yes
checking for poll... yes
checking for basename... yes
checking for res_init... no
checking for res_init in -lresolv... no
checking for res_9_init in -lresolv... no
checking for socket... (cached) yes
checking for gethostbyname... (cached) yes
checking for getaddrinfo... yes
checking for getnameinfo... yes
checking for inet_pton... yes
checking for socklen_t... yes
checking if sockaddr has sa_len member... no
checking CFLAGS for gcc -Werror-implicit-function-declaration... -Werror-implicit-function-declaration
checking for gtk-doc... yes
checking for gtkdoc-check... gtkdoc-check.test
checking for gtkdoc-check... /usr/bin/gtkdoc-check
checking for gtkdoc-rebase... /usr/bin/gtkdoc-rebase
checking for gtkdoc-mkpdf... /usr/bin/gtkdoc-mkpdf
checking whether to build gtk-doc documentation... yes
checking for GTKDOC_DEPS... yes
checking that generated files are newer than configure... done
configure: creating ./config.status
config.status: creating Makefile
config.status: creating orbit2-config
config.status: creating ORBit-2.0.pc
config.status: creating ORBit-2.0-uninstalled.pc
config.status: creating ORBit-CosNaming-2.0.pc
config.status: creating ORBit-CosNaming-2.0-uninstalled.pc
config.status: creating ORBit-imodule-2.0.pc
config.status: creating ORBit-imodule-2.0-uninstalled.pc
config.status: creating ORBit.spec
config.status: creating orbit2-zip
config.status: creating src/Makefile
config.status: creating src/idl-compiler/Makefile
config.status: creating src/idl-compiler/ORBit-idl-2.0.pc
config.status: creating src/idl/Makefile
config.status: creating src/idl/CORBA/Makefile
config.status: creating src/idl/CORBA_PIDL/Makefile
config.status: creating src/idl/interop/Makefile
config.status: creating src/idl/misc/Makefile
config.status: creating src/orb/Makefile
config.status: creating src/orb/include/Makefile
config.status: creating src/orb/util/Makefile
config.status: creating src/orb/GIOP/Makefile
config.status: creating src/orb/orb-core/Makefile
config.status: creating src/orb/dynamic/Makefile
config.status: creating src/orb/poa/Makefile
config.status: creating src/services/Makefile
config.status: creating src/services/name/Makefile
config.status: creating src/services/imodule/Makefile
config.status: creating include/Makefile
config.status: creating include/orbit/Makefile
config.status: creating include/orbit/orbit-config.h
config.status: creating include/orbit/GIOP/Makefile
config.status: creating include/orbit/util/Makefile
config.status: creating include/orbit/orb-core/Makefile
config.status: creating include/orbit/poa/Makefile
config.status: creating include/orbit/dynamic/Makefile
config.status: creating test/Makefile
config.status: creating test/everything/Makefile
config.status: creating test/inhibit/Makefile
config.status: creating test/poa/Makefile
config.status: creating docs/Makefile
config.status: creating docs/devel/Makefile
config.status: creating docs/internals/Makefile
config.status: creating docs/api/Makefile
config.status: creating linc2/Makefile
config.status: creating linc2/src/Makefile
config.status: creating linc2/test/Makefile
config.status: creating linc2/include/Makefile
config.status: creating linc2/include/linc/Makefile
config.status: creating linc2/include/linc/linc-config.h
config.status: creating config.h
config.status: executing depfiles commands
config.status: executing libtool commands
ORBit configuration:

	Source code location:	.
	Compiler:		arm-linux-gnueabihf-gcc

	Purify cleanliness:	yes

touch debian/stamp-autotools
CC="arm-linux-gnueabihf-gcc" CXX="arm-linux-gnueabihf-g++" PKG_CONFIG="arm-linux-gnueabihf-pkg-config" GCONF_DISABLE_MAKEFILE_SCHEMA_INSTALL=1 /usr/bin/make -C . 
make[1]: Entering directory '/<<PKGBUILDDIR>>'
/usr/bin/make  all-recursive
make[2]: Entering directory '/<<PKGBUILDDIR>>'
Making all in linc2
make[3]: Entering directory '/<<PKGBUILDDIR>>/linc2'
Making all in include
make[4]: Entering directory '/<<PKGBUILDDIR>>/linc2/include'
Making all in linc
make[5]: Entering directory '/<<PKGBUILDDIR>>/linc2/include/linc'
/usr/bin/make  all-am
make[6]: Entering directory '/<<PKGBUILDDIR>>/linc2/include/linc'
make[6]: Nothing to be done for 'all-am'.
make[6]: Leaving directory '/<<PKGBUILDDIR>>/linc2/include/linc'
make[5]: Leaving directory '/<<PKGBUILDDIR>>/linc2/include/linc'
make[5]: Entering directory '/<<PKGBUILDDIR>>/linc2/include'
make[5]: Nothing to be done for 'all-am'.
make[5]: Leaving directory '/<<PKGBUILDDIR>>/linc2/include'
make[4]: Leaving directory '/<<PKGBUILDDIR>>/linc2/include'
Making all in src
make[4]: Entering directory '/<<PKGBUILDDIR>>/linc2/src'
arm-linux-gnueabihf-gcc -DHAVE_CONFIG_H -I. -I../.. -I../../linc2/include -I../../linc2/include -pthread -I/usr/include/glib-2.0 -I/usr/lib/arm-linux-gnueabihf/glib-2.0/include -Wall -Wunused -Wmissing-prototypes -Wmissing-declarations -D_GNU_SOURCE  -Wdate-time -D_FORTIFY_SOURCE=2  -g -O2 -fdebug-prefix-map=/<<PKGBUILDDIR>>=. -fstack-protector-strong -Wformat -Werror=format-security -Werror-implicit-function-declaration  -c -o cleanup.o cleanup.c
/bin/bash ../../libtool  --tag=CC   --mode=compile arm-linux-gnueabihf-gcc -DHAVE_CONFIG_H -I. -I../.. -I../../linc2/include -I../../linc2/include -pthread -I/usr/include/glib-2.0 -I/usr/lib/arm-linux-gnueabihf/glib-2.0/include -Wall -Wunused -Wmissing-prototypes -Wmissing-declarations -D_GNU_SOURCE  -Wdate-time -D_FORTIFY_SOURCE=2  -g -O2 -fdebug-prefix-map=/<<PKGBUILDDIR>>=. -fstack-protector-strong -Wformat -Werror=format-security -Werror-implicit-function-declaration  -c -o linc.lo linc.c
/bin/bash ../../libtool  --tag=CC   --mode=compile arm-linux-gnueabihf-gcc -DHAVE_CONFIG_H -I. -I../.. -I../../linc2/include -I../../linc2/include -pthread -I/usr/include/glib-2.0 -I/usr/lib/arm-linux-gnueabihf/glib-2.0/include -Wall -Wunused -Wmissing-prototypes -Wmissing-declarations -D_GNU_SOURCE  -Wdate-time -D_FORTIFY_SOURCE=2  -g -O2 -fdebug-prefix-map=/<<PKGBUILDDIR>>=. -fstack-protector-strong -Wformat -Werror=format-security -Werror-implicit-function-declaration  -c -o linc-connection.lo linc-connection.c
/bin/bash ../../libtool  --tag=CC   --mode=compile arm-linux-gnueabihf-gcc -DHAVE_CONFIG_H -I. -I../.. -I../../linc2/include -I../../linc2/include -pthread -I/usr/include/glib-2.0 -I/usr/lib/arm-linux-gnueabihf/glib-2.0/include -Wall -Wunused -Wmissing-prototypes -Wmissing-declarations -D_GNU_SOURCE  -Wdate-time -D_FORTIFY_SOURCE=2  -g -O2 -fdebug-prefix-map=/<<PKGBUILDDIR>>=. -fstack-protector-strong -Wformat -Werror=format-security -Werror-implicit-function-declaration  -c -o linc-compat.lo linc-compat.c
/bin/bash ../../libtool  --tag=CC   --mode=compile arm-linux-gnueabihf-gcc -DHAVE_CONFIG_H -I. -I../.. -I../../linc2/include -I../../linc2/include -pthread -I/usr/include/glib-2.0 -I/usr/lib/arm-linux-gnueabihf/glib-2.0/include -Wall -Wunused -Wmissing-prototypes -Wmissing-declarations -D_GNU_SOURCE  -Wdate-time -D_FORTIFY_SOURCE=2  -g -O2 -fdebug-prefix-map=/<<PKGBUILDDIR>>=. -fstack-protector-strong -Wformat -Werror=format-security -Werror-implicit-function-declaration  -c -o linc-protocols.lo linc-protocols.c
/bin/bash ../../libtool  --tag=CC   --mode=compile arm-linux-gnueabihf-gcc -DHAVE_CONFIG_H -I. -I../.. -I../../linc2/include -I../../linc2/include -pthread -I/usr/include/glib-2.0 -I/usr/lib/arm-linux-gnueabihf/glib-2.0/include -Wall -Wunused -Wmissing-prototypes -Wmissing-declarations -D_GNU_SOURCE  -Wdate-time -D_FORTIFY_SOURCE=2  -g -O2 -fdebug-prefix-map=/<<PKGBUILDDIR>>=. -fstack-protector-strong -Wformat -Werror=format-security -Werror-implicit-function-declaration  -c -o linc-server.lo linc-server.c
/bin/bash ../../libtool  --tag=CC   --mode=compile arm-linux-gnueabihf-gcc -DHAVE_CONFIG_H -I. -I../.. -I../../linc2/include -I../../linc2/include -pthread -I/usr/include/glib-2.0 -I/usr/lib/arm-linux-gnueabihf/glib-2.0/include -Wall -Wunused -Wmissing-prototypes -Wmissing-declarations -D_GNU_SOURCE  -Wdate-time -D_FORTIFY_SOURCE=2  -g -O2 -fdebug-prefix-map=/<<PKGBUILDDIR>>=. -fstack-protector-strong -Wformat -Werror=format-security -Werror-implicit-function-declaration  -c -o linc-source.lo linc-source.c
libtool: compile:  arm-linux-gnueabihf-gcc -DHAVE_CONFIG_H -I. -I../.. -I../../linc2/include -I../../linc2/include -pthread -I/usr/include/glib-2.0 -I/usr/lib/arm-linux-gnueabihf/glib-2.0/include -Wall -Wunused -Wmissing-prototypes -Wmissing-declarations -D_GNU_SOURCE -Wdate-time -D_FORTIFY_SOURCE=2 -g -O2 -fdebug-prefix-map=/<<PKGBUILDDIR>>=. -fstack-protector-strong -Wformat -Werror=format-security -Werror-implicit-function-declaration -c linc-server.c  -fPIC -DPIC -o .libs/linc-server.o
libtool: compile:  arm-linux-gnueabihf-gcc -DHAVE_CONFIG_H -I. -I../.. -I../../linc2/include -I../../linc2/include -pthread -I/usr/include/glib-2.0 -I/usr/lib/arm-linux-gnueabihf/glib-2.0/include -Wall -Wunused -Wmissing-prototypes -Wmissing-declarations -D_GNU_SOURCE -Wdate-time -D_FORTIFY_SOURCE=2 -g -O2 -fdebug-prefix-map=/<<PKGBUILDDIR>>=. -fstack-protector-strong -Wformat -Werror=format-security -Werror-implicit-function-declaration -c linc-connection.c  -fPIC -DPIC -o .libs/linc-connection.o
libtool: compile:  arm-linux-gnueabihf-gcc -DHAVE_CONFIG_H -I. -I../.. -I../../linc2/include -I../../linc2/include -pthread -I/usr/include/glib-2.0 -I/usr/lib/arm-linux-gnueabihf/glib-2.0/include -Wall -Wunused -Wmissing-prototypes -Wmissing-declarations -D_GNU_SOURCE -Wdate-time -D_FORTIFY_SOURCE=2 -g -O2 -fdebug-prefix-map=/<<PKGBUILDDIR>>=. -fstack-protector-strong -Wformat -Werror=format-security -Werror-implicit-function-declaration -c linc.c  -fPIC -DPIC -o .libs/linc.o
libtool: compile:  arm-linux-gnueabihf-gcc -DHAVE_CONFIG_H -I. -I../.. -I../../linc2/include -I../../linc2/include -pthread -I/usr/include/glib-2.0 -I/usr/lib/arm-linux-gnueabihf/glib-2.0/include -Wall -Wunused -Wmissing-prototypes -Wmissing-declarations -D_GNU_SOURCE -Wdate-time -D_FORTIFY_SOURCE=2 -g -O2 -fdebug-prefix-map=/<<PKGBUILDDIR>>=. -fstack-protector-strong -Wformat -Werror=format-security -Werror-implicit-function-declaration -c linc-compat.c  -fPIC -DPIC -o .libs/linc-compat.o
libtool: compile:  arm-linux-gnueabihf-gcc -DHAVE_CONFIG_H -I. -I../.. -I../../linc2/include -I../../linc2/include -pthread -I/usr/include/glib-2.0 -I/usr/lib/arm-linux-gnueabihf/glib-2.0/include -Wall -Wunused -Wmissing-prototypes -Wmissing-declarations -D_GNU_SOURCE -Wdate-time -D_FORTIFY_SOURCE=2 -g -O2 -fdebug-prefix-map=/<<PKGBUILDDIR>>=. -fstack-protector-strong -Wformat -Werror=format-security -Werror-implicit-function-declaration -c linc-protocols.c  -fPIC -DPIC -o .libs/linc-protocols.o
libtool: compile:  arm-linux-gnueabihf-gcc -DHAVE_CONFIG_H -I. -I../.. -I../../linc2/include -I../../linc2/include -pthread -I/usr/include/glib-2.0 -I/usr/lib/arm-linux-gnueabihf/glib-2.0/include -Wall -Wunused -Wmissing-prototypes -Wmissing-declarations -D_GNU_SOURCE -Wdate-time -D_FORTIFY_SOURCE=2 -g -O2 -fdebug-prefix-map=/<<PKGBUILDDIR>>=. -fstack-protector-strong -Wformat -Werror=format-security -Werror-implicit-function-declaration -c linc-source.c  -fPIC -DPIC -o .libs/linc-source.o
libtool: compile:  arm-linux-gnueabihf-gcc -DHAVE_CONFIG_H -I. -I../.. -I../../linc2/include -I../../linc2/include -pthread -I/usr/include/glib-2.0 -I/usr/lib/arm-linux-gnueabihf/glib-2.0/include -Wall -Wunused -Wmissing-prototypes -Wmissing-declarations -D_GNU_SOURCE -Wdate-time -D_FORTIFY_SOURCE=2 -g -O2 -fdebug-prefix-map=/<<PKGBUILDDIR>>=. -fstack-protector-strong -Wformat -Werror=format-security -Werror-implicit-function-declaration -c linc-compat.c -o linc-compat.o >/dev/null 2>&1
/bin/bash ../../libtool  --tag=CC   --mode=link arm-linux-gnueabihf-gcc  -g -O2 -fdebug-prefix-map=/<<PKGBUILDDIR>>=. -fstack-protector-strong -Wformat -Werror=format-security -Werror-implicit-function-declaration  -L/usr/lib/arm-linux-gnueabihf -lgobject-2.0 -lgthread-2.0 -pthread -lglib-2.0 -Wl,-z,relro -o linc-cleanup-sockets cleanup.o  
libtool: compile:  arm-linux-gnueabihf-gcc -DHAVE_CONFIG_H -I. -I../.. -I../../linc2/include -I../../linc2/include -pthread -I/usr/include/glib-2.0 -I/usr/lib/arm-linux-gnueabihf/glib-2.0/include -Wall -Wunused -Wmissing-prototypes -Wmissing-declarations -D_GNU_SOURCE -Wdate-time -D_FORTIFY_SOURCE=2 -g -O2 -fdebug-prefix-map=/<<PKGBUILDDIR>>=. -fstack-protector-strong -Wformat -Werror=format-security -Werror-implicit-function-declaration -c linc-source.c -o linc-source.o >/dev/null 2>&1
libtool: link: arm-linux-gnueabihf-gcc -g -O2 -fdebug-prefix-map=/<<PKGBUILDDIR>>=. -fstack-protector-strong -Wformat -Werror=format-security -Werror-implicit-function-declaration -pthread -Wl,-z -Wl,relro -o linc-cleanup-sockets cleanup.o  -L/usr/lib/arm-linux-gnueabihf -lgobject-2.0 -lgthread-2.0 -lglib-2.0 -pthread
In file included from linc-server.c:22:
linc-server.c: In function link_server_accept_connection:
linc-server.c:160:7: warning: pointer targets in passing argument 3 of accept differ in signedness [-Wpointer-sign]
       &addrlen), fd);
       ^~~~~~~~
linc-private.h:141:34: note: in definition of macro LINK_TEMP_FAILURE_RETRY_SYSCALL
        do __result = (long int) (expression);            \
                                  ^~~~~~~~~~
linc-server.c:158:2: note: in expansion of macro LINK_TEMP_FAILURE_RETRY_SOCKET
  LINK_TEMP_FAILURE_RETRY_SOCKET (accept (server->priv->fd,
  ^~~~~~~~~~~~~~~~~~~~~~~~~~~~~~
In file included from ../../linc2/include/linc/linc-protocol.h:26,
                 from ../../linc2/include/linc/linc.h:17,
                 from linc-server.c:18:
/usr/arm-linux-gnueabihf/include/sys/socket.h:232:12: note: expected socklen_t * restrict {aka unsigned int * restrict} but argument is of type int *
 extern int accept (int __fd, __SOCKADDR_ARG __addr,
            ^~~~~~
libtool: compile:  arm-linux-gnueabihf-gcc -DHAVE_CONFIG_H -I. -I../.. -I../../linc2/include -I../../linc2/include -pthread -I/usr/include/glib-2.0 -I/usr/lib/arm-linux-gnueabihf/glib-2.0/include -Wall -Wunused -Wmissing-prototypes -Wmissing-declarations -D_GNU_SOURCE -Wdate-time -D_FORTIFY_SOURCE=2 -g -O2 -fdebug-prefix-map=/<<PKGBUILDDIR>>=. -fstack-protector-strong -Wformat -Werror=format-security -Werror-implicit-function-declaration -c linc-server.c -o linc-server.o >/dev/null 2>&1
linc.c: In function link_init:
linc.c:200:3: warning: g_thread_init is deprecated [-Wdeprecated-declarations]
   g_thread_init (NULL);
   ^~~~~~~~~~~~~
In file included from /usr/include/glib-2.0/glib.h:111,
                 from ../../linc2/include/linc/linc-types.h:15,
                 from ../../linc2/include/linc/linc.h:16,
                 from linc-private.h:16,
                 from linc.c:21:
/usr/include/glib-2.0/glib/deprecated/gthread.h:265:10: note: declared here
 void     g_thread_init                   (gpointer vtable);
          ^~~~~~~~~~~~~
linc.c:204:2: warning: g_type_init is deprecated [-Wdeprecated-declarations]
  g_type_init ();
  ^~~~~~~~~~~
In file included from /usr/include/glib-2.0/gobject/gobject.h:24,
                 from /usr/include/glib-2.0/gobject/gbinding.h:29,
                 from /usr/include/glib-2.0/glib-object.h:23,
                 from ../../linc2/include/linc/linc-types.h:16,
                 from ../../linc2/include/linc/linc.h:16,
                 from linc-private.h:16,
                 from linc.c:21:
/usr/include/glib-2.0/gobject/gtype.h:688:23: note: declared here
 void                  g_type_init                    (void);
                       ^~~~~~~~~~~
linc.c:262:3: warning: g_cond_new is deprecated [-Wdeprecated-declarations]
   link_main_cond = g_cond_new ();
   ^~~~~~~~~~~~~~
In file included from /usr/include/glib-2.0/glib.h:111,
                 from ../../linc2/include/linc/linc-types.h:15,
                 from ../../linc2/include/linc/linc.h:16,
                 from linc-private.h:16,
                 from linc.c:21:
/usr/include/glib-2.0/glib/deprecated/gthread.h:281:17: note: declared here
 GCond *         g_cond_new              (void);
                 ^~~~~~~~~~
linc.c:263:3: warning: g_cond_new is deprecated [-Wdeprecated-declarations]
   link_cmd_queue_cond = g_cond_new ();
   ^~~~~~~~~~~~~~~~~~~
In file included from /usr/include/glib-2.0/glib.h:111,
                 from ../../linc2/include/linc/linc-types.h:15,
                 from ../../linc2/include/linc/linc.h:16,
                 from linc-private.h:16,
                 from linc.c:21:
/usr/include/glib-2.0/glib/deprecated/gthread.h:281:17: note: declared here
 GCond *         g_cond_new              (void);
                 ^~~~~~~~~~
linc.c: In function link_mutex_new:
linc.c:324:3: warning: g_mutex_new is deprecated [-Wdeprecated-declarations]
   return g_mutex_new ();
   ^~~~~~
In file included from /usr/include/glib-2.0/glib.h:111,
                 from ../../linc2/include/linc/linc-types.h:15,
                 from ../../linc2/include/linc/linc.h:16,
                 from linc-private.h:16,
                 from linc.c:21:
/usr/include/glib-2.0/glib/deprecated/gthread.h:277:17: note: declared here
 GMutex *        g_mutex_new             (void);
                 ^~~~~~~~~~~
linc.c: In function link_exec_set_io_thread:
linc.c:463:3: warning: g_thread_create_full is deprecated: Use 'g_thread_new' instead [-Wdeprecated-declarations]
   (link_io_thread_fn, NULL, 256 * 1024, TRUE, FALSE,
   ^
In file included from /usr/include/glib-2.0/glib.h:111,
                 from ../../linc2/include/linc/linc-types.h:15,
                 from ../../linc2/include/linc/linc.h:16,
                 from linc-private.h:16,
                 from linc.c:21:
/usr/include/glib-2.0/glib/deprecated/gthread.h:110:10: note: declared here
 GThread *g_thread_create_full  (GThreadFunc       func,
          ^~~~~~~~~~~~~~~~~~~~
linc.c: In function link_mainloop_handle_input:
linc.c:94:2: warning: ignoring return value of read, declared with attribute warn_unused_result [-Wunused-result]
  read (LINK_WAKEUP_POLL, &c, sizeof (c));
  ^~~~~~~~~~~~~~~~~~~~~~~~~~~~~~~~~~~~~~~
libtool: compile:  arm-linux-gnueabihf-gcc -DHAVE_CONFIG_H -I. -I../.. -I../../linc2/include -I../../linc2/include -pthread -I/usr/include/glib-2.0 -I/usr/lib/arm-linux-gnueabihf/glib-2.0/include -Wall -Wunused -Wmissing-prototypes -Wmissing-declarations -D_GNU_SOURCE -Wdate-time -D_FORTIFY_SOURCE=2 -g -O2 -fdebug-prefix-map=/<<PKGBUILDDIR>>=. -fstack-protector-strong -Wformat -Werror=format-security -Werror-implicit-function-declaration -c linc.c -o linc.o >/dev/null 2>&1
linc-protocols.c: In function link_protocol_get_sockaddr_ipv4:
linc-protocols.c:609:13: warning: RES_USE_INET6 is deprecated
   LINK_RESOLV_UNSET_IPV6;
             ^~~~~~~~~~~~~                
linc-protocols.c: In function link_protocol_post_create_unix:
linc-protocols.c:1037:4: warning: ignoring return value of chown, declared with attribute warn_unused_result [-Wunused-result]
    chown (saddr_un->sun_path, stat_buf.st_uid, -1);
    ^~~~~~~~~~~~~~~~~~~~~~~~~~~~~~~~~~~~~~~~~~~~~~~
libtool: compile:  arm-linux-gnueabihf-gcc -DHAVE_CONFIG_H -I. -I../.. -I../../linc2/include -I../../linc2/include -pthread -I/usr/include/glib-2.0 -I/usr/lib/arm-linux-gnueabihf/glib-2.0/include -Wall -Wunused -Wmissing-prototypes -Wmissing-declarations -D_GNU_SOURCE -Wdate-time -D_FORTIFY_SOURCE=2 -g -O2 -fdebug-prefix-map=/<<PKGBUILDDIR>>=. -fstack-protector-strong -Wformat -Werror=format-security -Werror-implicit-function-declaration -c linc-protocols.c -o linc-protocols.o >/dev/null 2>&1
linc-connection.c: In function link_connection_finalize:
linc-connection.c:1338:3: warning: g_mutex_free is deprecated [-Wdeprecated-declarations]
   g_mutex_free (cnx->timeout_mutex);
   ^~~~~~~~~~~~
In file included from /usr/include/glib-2.0/glib.h:111,
                 from ../../linc2/include/linc/linc-types.h:15,
                 from ../../linc2/include/linc/linc.h:16,
                 from linc-private.h:16,
                 from linc-connection.c:24:
/usr/include/glib-2.0/glib/deprecated/gthread.h:279:17: note: declared here
 void            g_mutex_free            (GMutex *mutex);
                 ^~~~~~~~~~~~
linc-connection.c: In function fix_permissions:
linc-connection.c:565:3: warning: ignoring return value of chown, declared with attribute warn_unused_result [-Wunused-result]
   chown (filename, stat_buf.st_uid, -1);
   ^~~~~~~~~~~~~~~~~~~~~~~~~~~~~~~~~~~~~
libtool: compile:  arm-linux-gnueabihf-gcc -DHAVE_CONFIG_H -I. -I../.. -I../../linc2/include -I../../linc2/include -pthread -I/usr/include/glib-2.0 -I/usr/lib/arm-linux-gnueabihf/glib-2.0/include -Wall -Wunused -Wmissing-prototypes -Wmissing-declarations -D_GNU_SOURCE -Wdate-time -D_FORTIFY_SOURCE=2 -g -O2 -fdebug-prefix-map=/<<PKGBUILDDIR>>=. -fstack-protector-strong -Wformat -Werror=format-security -Werror-implicit-function-declaration -c linc-connection.c -o linc-connection.o >/dev/null 2>&1
/bin/bash ../../libtool  --tag=CC   --mode=link arm-linux-gnueabihf-gcc  -g -O2 -fdebug-prefix-map=/<<PKGBUILDDIR>>=. -fstack-protector-strong -Wformat -Werror=format-security -Werror-implicit-function-declaration  -L/usr/lib/arm-linux-gnueabihf -lgobject-2.0 -lgthread-2.0 -pthread -lglib-2.0 -no-undefined -Wl,-z,relro -o liblinc.la  linc.lo linc-connection.lo linc-compat.lo linc-protocols.lo linc-server.lo linc-source.lo  
libtool: link: arm-linux-gnueabihf-ar cru .libs/liblinc.a .libs/linc.o .libs/linc-connection.o .libs/linc-compat.o .libs/linc-protocols.o .libs/linc-server.o .libs/linc-source.o 
arm-linux-gnueabihf-ar: `u' modifier ignored since `D' is the default (see `U')
libtool: link: arm-linux-gnueabihf-ranlib .libs/liblinc.a
libtool: link: ( cd ".libs" && rm -f "liblinc.la" && ln -s "../liblinc.la" "liblinc.la" )
make[4]: Leaving directory '/<<PKGBUILDDIR>>/linc2/src'
Making all in test
make[4]: Entering directory '/<<PKGBUILDDIR>>/linc2/test'
arm-linux-gnueabihf-gcc -DHAVE_CONFIG_H -I. -I../.. -I../../linc2/include -I../../linc2/include -I../../linc2/src -pthread -I/usr/include/glib-2.0 -I/usr/lib/arm-linux-gnueabihf/glib-2.0/include -Wall -Wunused -Wmissing-prototypes -Wmissing-declarations  -Wdate-time -D_FORTIFY_SOURCE=2  -g -O2 -fdebug-prefix-map=/<<PKGBUILDDIR>>=. -fstack-protector-strong -Wformat -Werror=format-security -Werror-implicit-function-declaration  -c -o test-linc.o test-linc.c
test-linc.c: In function test_hosts_lookup:
test-linc.c:488:45: warning: pointer targets in passing argument 1 of verify_addr_is_loopback differ in signedness [-Wpointer-sign]
  verify_addr_is_loopback (hent->h_addr_list [0], hent->h_length);
                           ~~~~~~~~~~~~~~~~~~^~~
test-linc.c:438:1: note: expected guint8 * {aka unsigned char *} but argument is of type char *
 verify_addr_is_loopback (guint8 *addr, int length)
 ^~~~~~~~~~~~~~~~~~~~~~~
/bin/bash ../../libtool  --tag=CC   --mode=link arm-linux-gnueabihf-gcc  -g -O2 -fdebug-prefix-map=/<<PKGBUILDDIR>>=. -fstack-protector-strong -Wformat -Werror=format-security -Werror-implicit-function-declaration   -Wl,-z,relro -o test-linc test-linc.o ../src/liblinc.la -L/usr/lib/arm-linux-gnueabihf -lgobject-2.0 -lgthread-2.0 -pthread -lglib-2.0 
libtool: link: arm-linux-gnueabihf-gcc -g -O2 -fdebug-prefix-map=/<<PKGBUILDDIR>>=. -fstack-protector-strong -Wformat -Werror=format-security -Werror-implicit-function-declaration -Wl,-z -Wl,relro -o test-linc test-linc.o -pthread  ../src/.libs/liblinc.a -L/usr/lib/arm-linux-gnueabihf -lgobject-2.0 -lgthread-2.0 -lglib-2.0 -pthread
make[4]: Leaving directory '/<<PKGBUILDDIR>>/linc2/test'
make[4]: Entering directory '/<<PKGBUILDDIR>>/linc2'
make[4]: Nothing to be done for 'all-am'.
make[4]: Leaving directory '/<<PKGBUILDDIR>>/linc2'
make[3]: Leaving directory '/<<PKGBUILDDIR>>/linc2'
Making all in src
make[3]: Entering directory '/<<PKGBUILDDIR>>/src'
Making all in idl-compiler
make[4]: Entering directory '/<<PKGBUILDDIR>>/src/idl-compiler'
arm-linux-gnueabihf-gcc -DHAVE_CONFIG_H -I. -I../.. -I../.. -I../../include -I../.. -I../../include -DORBIT_BACKENDS_DIR="\"/usr/lib/arm-linux-gnueabihf/orbit-2.0/idl-backends\"" -DVERSION=\"2.14.19\" -DORBIT2_INTERNAL_API -Wall -Wunused -Wmissing-prototypes -Wmissing-declarations  -pthread -I/usr/include/libIDL-2.0 -I/usr/include/glib-2.0 -I/usr/lib/arm-linux-gnueabihf/glib-2.0/include  -Wdate-time -D_FORTIFY_SOURCE=2  -g -O2 -fdebug-prefix-map=/<<PKGBUILDDIR>>=. -fstack-protector-strong -Wformat -Werror=format-security -Werror-implicit-function-declaration  -c -o orbit-idl-main.o orbit-idl-main.c
arm-linux-gnueabihf-gcc -DHAVE_CONFIG_H -I. -I../.. -I../.. -I../../include -I../.. -I../../include -DORBIT_BACKENDS_DIR="\"/usr/lib/arm-linux-gnueabihf/orbit-2.0/idl-backends\"" -DVERSION=\"2.14.19\" -DORBIT2_INTERNAL_API -Wall -Wunused -Wmissing-prototypes -Wmissing-declarations  -pthread -I/usr/include/libIDL-2.0 -I/usr/include/glib-2.0 -I/usr/lib/arm-linux-gnueabihf/glib-2.0/include  -Wdate-time -D_FORTIFY_SOURCE=2  -g -O2 -fdebug-prefix-map=/<<PKGBUILDDIR>>=. -fstack-protector-strong -Wformat -Werror=format-security -Werror-implicit-function-declaration  -c -o orbit-idl-driver.o orbit-idl-driver.c
arm-linux-gnueabihf-gcc -DHAVE_CONFIG_H -I. -I../.. -I../.. -I../../include -I../.. -I../../include -DORBIT_BACKENDS_DIR="\"/usr/lib/arm-linux-gnueabihf/orbit-2.0/idl-backends\"" -DVERSION=\"2.14.19\" -DORBIT2_INTERNAL_API -Wall -Wunused -Wmissing-prototypes -Wmissing-declarations  -pthread -I/usr/include/libIDL-2.0 -I/usr/include/glib-2.0 -I/usr/lib/arm-linux-gnueabihf/glib-2.0/include  -Wdate-time -D_FORTIFY_SOURCE=2  -g -O2 -fdebug-prefix-map=/<<PKGBUILDDIR>>=. -fstack-protector-strong -Wformat -Werror=format-security -Werror-implicit-function-declaration  -c -o orbit-idl-backend.o orbit-idl-backend.c
arm-linux-gnueabihf-gcc -DHAVE_CONFIG_H -I. -I../.. -I../.. -I../../include -I../.. -I../../include -DORBIT_BACKENDS_DIR="\"/usr/lib/arm-linux-gnueabihf/orbit-2.0/idl-backends\"" -DVERSION=\"2.14.19\" -DORBIT2_INTERNAL_API -Wall -Wunused -Wmissing-prototypes -Wmissing-declarations  -pthread -I/usr/include/libIDL-2.0 -I/usr/include/glib-2.0 -I/usr/lib/arm-linux-gnueabihf/glib-2.0/include  -Wdate-time -D_FORTIFY_SOURCE=2  -g -O2 -fdebug-prefix-map=/<<PKGBUILDDIR>>=. -fstack-protector-strong -Wformat -Werror=format-security -Werror-implicit-function-declaration  -c -o orbit-idl-utils.o orbit-idl-utils.c
arm-linux-gnueabihf-gcc -DHAVE_CONFIG_H -I. -I../.. -I../.. -I../../include -I../.. -I../../include -DORBIT_BACKENDS_DIR="\"/usr/lib/arm-linux-gnueabihf/orbit-2.0/idl-backends\"" -DVERSION=\"2.14.19\" -DORBIT2_INTERNAL_API -Wall -Wunused -Wmissing-prototypes -Wmissing-declarations  -pthread -I/usr/include/libIDL-2.0 -I/usr/include/glib-2.0 -I/usr/lib/arm-linux-gnueabihf/glib-2.0/include  -Wdate-time -D_FORTIFY_SOURCE=2  -g -O2 -fdebug-prefix-map=/<<PKGBUILDDIR>>=. -fstack-protector-strong -Wformat -Werror=format-security -Werror-implicit-function-declaration  -c -o orbit-idl-c-backend.o orbit-idl-c-backend.c
arm-linux-gnueabihf-gcc -DHAVE_CONFIG_H -I. -I../.. -I../.. -I../../include -I../.. -I../../include -DORBIT_BACKENDS_DIR="\"/usr/lib/arm-linux-gnueabihf/orbit-2.0/idl-backends\"" -DVERSION=\"2.14.19\" -DORBIT2_INTERNAL_API -Wall -Wunused -Wmissing-prototypes -Wmissing-declarations  -pthread -I/usr/include/libIDL-2.0 -I/usr/include/glib-2.0 -I/usr/lib/arm-linux-gnueabihf/glib-2.0/include  -Wdate-time -D_FORTIFY_SOURCE=2  -g -O2 -fdebug-prefix-map=/<<PKGBUILDDIR>>=. -fstack-protector-strong -Wformat -Werror=format-security -Werror-implicit-function-declaration  -c -o orbit-idl-c-stubs.o orbit-idl-c-stubs.c
arm-linux-gnueabihf-gcc -DHAVE_CONFIG_H -I. -I../.. -I../.. -I../../include -I../.. -I../../include -DORBIT_BACKENDS_DIR="\"/usr/lib/arm-linux-gnueabihf/orbit-2.0/idl-backends\"" -DVERSION=\"2.14.19\" -DORBIT2_INTERNAL_API -Wall -Wunused -Wmissing-prototypes -Wmissing-declarations  -pthread -I/usr/include/libIDL-2.0 -I/usr/include/glib-2.0 -I/usr/lib/arm-linux-gnueabihf/glib-2.0/include  -Wdate-time -D_FORTIFY_SOURCE=2  -g -O2 -fdebug-prefix-map=/<<PKGBUILDDIR>>=. -fstack-protector-strong -Wformat -Werror=format-security -Werror-implicit-function-declaration  -c -o orbit-idl-c-skels.o orbit-idl-c-skels.c
arm-linux-gnueabihf-gcc -DHAVE_CONFIG_H -I. -I../.. -I../.. -I../../include -I../.. -I../../include -DORBIT_BACKENDS_DIR="\"/usr/lib/arm-linux-gnueabihf/orbit-2.0/idl-backends\"" -DVERSION=\"2.14.19\" -DORBIT2_INTERNAL_API -Wall -Wunused -Wmissing-prototypes -Wmissing-declarations  -pthread -I/usr/include/libIDL-2.0 -I/usr/include/glib-2.0 -I/usr/lib/arm-linux-gnueabihf/glib-2.0/include  -Wdate-time -D_FORTIFY_SOURCE=2  -g -O2 -fdebug-prefix-map=/<<PKGBUILDDIR>>=. -fstack-protector-strong -Wformat -Werror=format-security -Werror-implicit-function-declaration  -c -o orbit-idl-c-headers.o orbit-idl-c-headers.c
arm-linux-gnueabihf-gcc -DHAVE_CONFIG_H -I. -I../.. -I../.. -I../../include -I../.. -I../../include -DORBIT_BACKENDS_DIR="\"/usr/lib/arm-linux-gnueabihf/orbit-2.0/idl-backends\"" -DVERSION=\"2.14.19\" -DORBIT2_INTERNAL_API -Wall -Wunused -Wmissing-prototypes -Wmissing-declarations  -pthread -I/usr/include/libIDL-2.0 -I/usr/include/glib-2.0 -I/usr/lib/arm-linux-gnueabihf/glib-2.0/include  -Wdate-time -D_FORTIFY_SOURCE=2  -g -O2 -fdebug-prefix-map=/<<PKGBUILDDIR>>=. -fstack-protector-strong -Wformat -Werror=format-security -Werror-implicit-function-declaration  -c -o orbit-idl-c-common.o orbit-idl-c-common.c
arm-linux-gnueabihf-gcc -DHAVE_CONFIG_H -I. -I../.. -I../.. -I../../include -I../.. -I../../include -DORBIT_BACKENDS_DIR="\"/usr/lib/arm-linux-gnueabihf/orbit-2.0/idl-backends\"" -DVERSION=\"2.14.19\" -DORBIT2_INTERNAL_API -Wall -Wunused -Wmissing-prototypes -Wmissing-declarations  -pthread -I/usr/include/libIDL-2.0 -I/usr/include/glib-2.0 -I/usr/lib/arm-linux-gnueabihf/glib-2.0/include  -Wdate-time -D_FORTIFY_SOURCE=2  -g -O2 -fdebug-prefix-map=/<<PKGBUILDDIR>>=. -fstack-protector-strong -Wformat -Werror=format-security -Werror-implicit-function-declaration  -c -o orbit-idl-c-imodule.o orbit-idl-c-imodule.c
arm-linux-gnueabihf-gcc -DHAVE_CONFIG_H -I. -I../.. -I../.. -I../../include -I../.. -I../../include -DORBIT_BACKENDS_DIR="\"/usr/lib/arm-linux-gnueabihf/orbit-2.0/idl-backends\"" -DVERSION=\"2.14.19\" -DORBIT2_INTERNAL_API -Wall -Wunused -Wmissing-prototypes -Wmissing-declarations  -pthread -I/usr/include/libIDL-2.0 -I/usr/include/glib-2.0 -I/usr/lib/arm-linux-gnueabihf/glib-2.0/include  -Wdate-time -D_FORTIFY_SOURCE=2  -g -O2 -fdebug-prefix-map=/<<PKGBUILDDIR>>=. -fstack-protector-strong -Wformat -Werror=format-security -Werror-implicit-function-declaration  -c -o orbit-idl-c-skelimpl.o orbit-idl-c-skelimpl.c
arm-linux-gnueabihf-gcc -DHAVE_CONFIG_H -I. -I../.. -I../.. -I../../include -I../.. -I../../include -DORBIT_BACKENDS_DIR="\"/usr/lib/arm-linux-gnueabihf/orbit-2.0/idl-backends\"" -DVERSION=\"2.14.19\" -DORBIT2_INTERNAL_API -Wall -Wunused -Wmissing-prototypes -Wmissing-declarations  -pthread -I/usr/include/libIDL-2.0 -I/usr/include/glib-2.0 -I/usr/lib/arm-linux-gnueabihf/glib-2.0/include  -Wdate-time -D_FORTIFY_SOURCE=2  -g -O2 -fdebug-prefix-map=/<<PKGBUILDDIR>>=. -fstack-protector-strong -Wformat -Werror=format-security -Werror-implicit-function-declaration  -c -o orbit-idl-c-utils.o orbit-idl-c-utils.c
arm-linux-gnueabihf-gcc -DHAVE_CONFIG_H -I. -I../.. -I../.. -I../../include -I../.. -I../../include -DORBIT_BACKENDS_DIR="\"/usr/lib/arm-linux-gnueabihf/orbit-2.0/idl-backends\"" -DVERSION=\"2.14.19\" -DORBIT2_INTERNAL_API -Wall -Wunused -Wmissing-prototypes -Wmissing-declarations  -pthread -I/usr/include/libIDL-2.0 -I/usr/include/glib-2.0 -I/usr/lib/arm-linux-gnueabihf/glib-2.0/include  -Wdate-time -D_FORTIFY_SOURCE=2  -g -O2 -fdebug-prefix-map=/<<PKGBUILDDIR>>=. -fstack-protector-strong -Wformat -Werror=format-security -Werror-implicit-function-declaration  -c -o orbit-idl-c-typecode.o orbit-idl-c-typecode.c
arm-linux-gnueabihf-gcc -DHAVE_CONFIG_H -I. -I../.. -I../.. -I../../include -I../.. -I../../include -DORBIT_BACKENDS_DIR="\"/usr/lib/arm-linux-gnueabihf/orbit-2.0/idl-backends\"" -DVERSION=\"2.14.19\" -DORBIT2_INTERNAL_API -Wall -Wunused -Wmissing-prototypes -Wmissing-declarations  -pthread -I/usr/include/libIDL-2.0 -I/usr/include/glib-2.0 -I/usr/lib/arm-linux-gnueabihf/glib-2.0/include  -Wdate-time -D_FORTIFY_SOURCE=2  -g -O2 -fdebug-prefix-map=/<<PKGBUILDDIR>>=. -fstack-protector-strong -Wformat -Werror=format-security -Werror-implicit-function-declaration  -c -o orbit-idl-c-deps.o orbit-idl-c-deps.c
/bin/bash ../../libtool  --tag=CC   --mode=link arm-linux-gnueabihf-gcc  -g -O2 -fdebug-prefix-map=/<<PKGBUILDDIR>>=. -fstack-protector-strong -Wformat -Werror=format-security -Werror-implicit-function-declaration   -Wl,-z,relro -o orbit-idl-2 orbit-idl-main.o orbit-idl-driver.o orbit-idl-backend.o orbit-idl-utils.o orbit-idl-c-backend.o orbit-idl-c-stubs.o orbit-idl-c-skels.o orbit-idl-c-headers.o orbit-idl-c-common.o orbit-idl-c-imodule.o orbit-idl-c-skelimpl.o orbit-idl-c-utils.o orbit-idl-c-typecode.o orbit-idl-c-deps.o -L/usr/lib/arm-linux-gnueabihf -lIDL-2 -lgobject-2.0 -Wl,--export-dynamic -lgmodule-2.0 -pthread -lglib-2.0 -lm 
libtool: link: arm-linux-gnueabihf-gcc -g -O2 -fdebug-prefix-map=/<<PKGBUILDDIR>>=. -fstack-protector-strong -Wformat -Werror=format-security -Werror-implicit-function-declaration -Wl,-z -Wl,relro -o orbit-idl-2 orbit-idl-main.o orbit-idl-driver.o orbit-idl-backend.o orbit-idl-utils.o orbit-idl-c-backend.o orbit-idl-c-stubs.o orbit-idl-c-skels.o orbit-idl-c-headers.o orbit-idl-c-common.o orbit-idl-c-imodule.o orbit-idl-c-skelimpl.o orbit-idl-c-utils.o orbit-idl-c-typecode.o orbit-idl-c-deps.o -Wl,--export-dynamic -pthread  -L/usr/lib/arm-linux-gnueabihf -lIDL-2 -lgobject-2.0 -lgmodule-2.0 -lglib-2.0 -lm -pthread
make[4]: Leaving directory '/<<PKGBUILDDIR>>/src/idl-compiler'
Making all in idl
make[4]: Entering directory '/<<PKGBUILDDIR>>/src/idl'
Making all in CORBA
make[5]: Entering directory '/<<PKGBUILDDIR>>/src/idl/CORBA'
make[5]: Nothing to be done for 'all'.
make[5]: Leaving directory '/<<PKGBUILDDIR>>/src/idl/CORBA'
Making all in CORBA_PIDL
make[5]: Entering directory '/<<PKGBUILDDIR>>/src/idl/CORBA_PIDL'
make[5]: Nothing to be done for 'all'.
make[5]: Leaving directory '/<<PKGBUILDDIR>>/src/idl/CORBA_PIDL'
Making all in interop
make[5]: Entering directory '/<<PKGBUILDDIR>>/src/idl/interop'
make[5]: Nothing to be done for 'all'.
make[5]: Leaving directory '/<<PKGBUILDDIR>>/src/idl/interop'
Making all in misc
make[5]: Entering directory '/<<PKGBUILDDIR>>/src/idl/misc'
make[5]: Nothing to be done for 'all'.
make[5]: Leaving directory '/<<PKGBUILDDIR>>/src/idl/misc'
make[5]: Entering directory '/<<PKGBUILDDIR>>/src/idl'
make[5]: Nothing to be done for 'all-am'.
make[5]: Leaving directory '/<<PKGBUILDDIR>>/src/idl'
make[4]: Leaving directory '/<<PKGBUILDDIR>>/src/idl'
Making all in orb
make[4]: Entering directory '/<<PKGBUILDDIR>>/src/orb'
Making all in include
make[5]: Entering directory '/<<PKGBUILDDIR>>/src/orb/include'
(cd ../../../include; /usr/bin/make)
make[6]: Entering directory '/<<PKGBUILDDIR>>/include'
Making all in orbit
make[7]: Entering directory '/<<PKGBUILDDIR>>/include/orbit'
/usr/bin/make  all-recursive
make[8]: Entering directory '/<<PKGBUILDDIR>>/include/orbit'
Making all in GIOP
make[9]: Entering directory '/<<PKGBUILDDIR>>/include/orbit/GIOP'
make[9]: Nothing to be done for 'all'.
make[9]: Leaving directory '/<<PKGBUILDDIR>>/include/orbit/GIOP'
Making all in util
make[9]: Entering directory '/<<PKGBUILDDIR>>/include/orbit/util'
make[9]: Nothing to be done for 'all'.
make[9]: Leaving directory '/<<PKGBUILDDIR>>/include/orbit/util'
Making all in orb-core
make[9]: Entering directory '/<<PKGBUILDDIR>>/include/orbit/orb-core'
(rm -f corba-defs.h corba-defs-stubs.c corba-defs-skels.c corba-defs-common.c corba-defs-imodule.c corba-defs-skelimpl.c || true) > /dev/null
(rm -f iop-defs.h iop-defs-stubs.c iop-defs-skels.c iop-defs-common.c iop-defs-imodule.c iop-defs-skelimpl.c || true) > /dev/null
(rm -f orbit-interface.h || true ) > /dev/null
../../../src/idl-compiler/orbit-idl-2 -I../../../src/idl/CORBA_PIDL -I../../../src/idl/CORBA -I../../../src/idl/interop -I../../../src/orb/orb-core --noskels --nodefskels --nostubs --noidata --nocommon --showcpperrors --define=Object=OObject --define=TypeCode=TTypeCode --deps ./.deps/corba-defs.idl.P ../../../src/orb/orb-core/corba-defs.idl
../../../src/idl-compiler/orbit-idl-2 -I../../../src/idl/CORBA_PIDL -I../../../src/idl/CORBA -I../../../src/idl/interop -I../../../src/orb/orb-core --noskels --nodefskels --nostubs --noidata --nocommon --showcpperrors --define=Object=OObject --define=TypeCode=TTypeCode --deps ./.deps/iop-defs.idl.P ../../../src/orb/orb-core/iop-defs.idl
../../../src/idl-compiler/orbit-idl-2 -I../../../src/idl/CORBA_PIDL -I../../../src/idl/CORBA -I../../../src/idl/interop -I../../../src/orb/orb-core --noskels --nodefskels --nostubs --noidata --nocommon --showcpperrors --deps .deps/orbit-interface.idl.P ../../../src/orb/orb-core/orbit-interface.idl
/bin/bash: ../../../src/idl-compiler/orbit-idl-2: cannot execute binary file: Exec format error
make[9]: *** [Makefile:660: corba-defs.h] Error 126
make[9]: *** Waiting for unfinished jobs....
/bin/bash: ../../../src/idl-compiler/orbit-idl-2: cannot execute binary file: Exec format error
make[9]: *** [Makefile:660: iop-defs.h] Error 126
/bin/bash: ../../../src/idl-compiler/orbit-idl-2: cannot execute binary file: Exec format error
make[9]: *** [Makefile:674: orbit-interface.h] Error 126
make[9]: Leaving directory '/<<PKGBUILDDIR>>/include/orbit/orb-core'
make[8]: *** [Makefile:451: all-recursive] Error 1
make[8]: Leaving directory '/<<PKGBUILDDIR>>/include/orbit'
make[7]: *** [Makefile:382: all] Error 2
make[7]: Leaving directory '/<<PKGBUILDDIR>>/include/orbit'
make[6]: *** [Makefile:393: all-recursive] Error 1
make[6]: Leaving directory '/<<PKGBUILDDIR>>/include'
make[5]: *** [Makefile:482: all] Error 2
make[5]: Leaving directory '/<<PKGBUILDDIR>>/src/orb/include'
make[4]: *** [Makefile:558: all-recursive] Error 1
make[4]: Leaving directory '/<<PKGBUILDDIR>>/src/orb'
make[3]: *** [Makefile:393: all-recursive] Error 1
make[3]: Leaving directory '/<<PKGBUILDDIR>>/src'
make[2]: *** [Makefile:599: all-recursive] Error 1
make[2]: Leaving directory '/<<PKGBUILDDIR>>'
make[1]: *** [Makefile:436: all] Error 2
make[1]: Leaving directory '/<<PKGBUILDDIR>>'
make: *** [/usr/share/cdbs/1/class/makefile.mk:77: debian/stamp-makefile-build] Error 2
dpkg-buildpackage: error: debian/rules build-arch subprocess returned exit status 2
--------------------------------------------------------------------------------
Build finished at 2019-03-07T18:10:26Z

Finished
--------


+------------------------------------------------------------------------------+
| Cleanup                                                                      |
+------------------------------------------------------------------------------+

Purging /<<BUILDDIR>>
Reading package lists...
Building dependency tree...
Reading state information...
The following packages were automatically installed and are no longer required:
  libauthen-sasl-perl libdata-dump-perl libfont-afm-perl libhtml-form-perl
  libhtml-format-perl libhttp-daemon-perl libmailtools-perl
  libnet-smtp-ssl-perl libyaml-0-2 libyaml-libyaml-perl uuid-runtime
Use 'apt autoremove' to remove them.
0 upgraded, 0 newly installed, 0 to remove and 0 not upgraded.
Reading package lists...
Building dependency tree...
Reading state information...
The following packages were automatically installed and are no longer required:
  libauthen-sasl-perl libdata-dump-perl libfont-afm-perl libhtml-form-perl
  libhtml-format-perl libhttp-daemon-perl libmailtools-perl
  libnet-smtp-ssl-perl libyaml-0-2 libyaml-libyaml-perl uuid-runtime
Use 'apt autoremove' to remove them.
The following packages will be REMOVED:
  autoconf* automake* autopoint* autotools-dev* bsdmainutils* cdbs* debhelper*
  dh-autoreconf* dh-strip-nondeterminism* docbook* docbook-to-man*
  docbook-xml* docbook-xsl* dwz* gcc-8-base:armhf* gettext* gettext-base*
  groff-base* gtk-doc-tools* highlight* highlight-common* intltool-debian*
  libarchive-zip-perl* libasan5:armhf* libatomic1:armhf* libblkid-dev:armhf*
  libblkid1:armhf* libbsd0* libc6:armhf* libc6-dev:armhf* libcroco3* libelf1*
  libffi-dev:armhf* libffi6:armhf* libfile-stripnondeterminism-perl*
  libgcc-8-dev:armhf* libgcc1:armhf* libglib2.0-0* libglib2.0-0:armhf*
  libglib2.0-bin* libglib2.0-data* libglib2.0-dev:armhf* libglib2.0-dev-bin*
  libgomp1:armhf* libidl-2-0:armhf* libidl-dev:armhf* liblua5.2-0*
  libmount-dev:armhf* libmount1:armhf* libmpdec2* libncurses6* libosp5*
  libpcre16-3:armhf* libpcre3:armhf* libpcre3-dev:armhf* libpcre32-3:armhf*
  libpcrecpp0v5:armhf* libpipeline1* libpython-stdlib* libpython2-stdlib*
  libpython2.7-minimal* libpython2.7-stdlib* libpython3-stdlib*
  libpython3.7-minimal* libpython3.7-stdlib* libselinux1:armhf*
  libselinux1-dev:armhf* libsepol1:armhf* libsepol1-dev:armhf* libsigsegv2*
  libstdc++-8-dev:armhf* libstdc++6:armhf* libtool* libubsan1:armhf*
  libuchardet0* libuuid1:armhf* libxslt1.1* linux-libc-dev:armhf* m4* man-db*
  mime-support* opensp* pkg-config* po-debconf* python* python-funcsigs*
  python-minimal* python-mock* python-pbr* python-pkg-resources*
  python-setuptools* python-six* python2* python2-minimal* python2.7*
  python2.7-minimal* python3* python3-distutils* python3-lib2to3*
  python3-minimal* python3.7* python3.7-minimal*
  sbuild-build-depends-main-dummy:armhf* sgml-base* sgml-data* uuid-dev:armhf*
  xml-core* xsltproc* zlib1g:armhf* zlib1g-dev:armhf*
0 upgraded, 0 newly installed, 110 to remove and 0 not upgraded.
After this operation, 183 MB disk space will be freed.
(Reading database ... 24241 files and directories currently installed.)
Removing sbuild-build-depends-main-dummy:armhf (0.invalid.0) ...
Removing cdbs (0.4.159) ...
Removing gtk-doc-tools (1.28-1) ...
Removing docbook-to-man (1:2.0.0-42) ...
Removing docbook (4.5-6) ...
Removing docbook-xml (4.5-8) ...
Removing docbook-xsl (1.79.1+dfsg-2) ...
Removing libstdc++-8-dev:armhf (8.3.0-2) ...
Removing libgcc-8-dev:armhf (8.3.0-2) ...
Removing libubsan1:armhf (8.3.0-2) ...
Removing libidl-dev:armhf (0.8.14-4) ...
Removing libglib2.0-dev:armhf (2.58.3-1) ...
Removing libselinux1-dev:armhf (2.8-1+b1) ...
Removing libpcre3-dev:armhf (2:8.39-11) ...
Removing libpcrecpp0v5:armhf (2:8.39-11) ...
Removing highlight (3.41-2+b1) ...
Removing highlight-common (3.41-2) ...
Removing libasan5:armhf (8.3.0-2) ...
Removing libatomic1:armhf (8.3.0-2) ...
Removing libmount-dev:armhf (2.33.1-0.1) ...
Removing libblkid-dev:armhf (2.33.1-0.1) ...
Removing libidl-2-0:armhf (0.8.14-4) ...
Removing libglib2.0-0:armhf (2.58.3-1) ...
Removing libmount1:armhf (2.33.1-0.1) ...
Removing libblkid1:armhf (2.33.1-0.1) ...
Removing zlib1g-dev:armhf (1:1.2.11.dfsg-1) ...
Removing zlib1g:armhf (1:1.2.11.dfsg-1) ...
Removing uuid-dev:armhf (2.33.1-0.1) ...
Removing libuuid1:armhf (2.33.1-0.1) ...
Removing libc6-dev:armhf (2.28-8) ...
Removing libglib2.0-bin (2.58.3-1) ...
Removing libffi-dev:armhf (3.2.1-9) ...
Removing libffi6:armhf (3.2.1-9) ...
Removing pkg-config (0.29-6) ...
Removing libglib2.0-dev-bin (2.58.3-1) ...
Removing libglib2.0-data (2.58.3-1) ...
Removing libgomp1:armhf (8.3.0-2) ...
Removing liblua5.2-0:amd64 (5.2.4-1.1+b2) ...
Removing python3-distutils (3.7.2-3) ...
Removing python3-lib2to3 (3.7.2-3) ...
Removing python3 (3.7.2-1) ...
Removing python3.7 (3.7.2-3) ...
Removing libpython3-stdlib:amd64 (3.7.2-1) ...
Removing libpython3.7-stdlib:amd64 (3.7.2-3) ...
find: /usr/lib/python3: No such file or directory
Removing libmpdec2:amd64 (2.4.2-2) ...
Removing opensp (1.5.2-13+b1) ...
Removing libosp5 (1.5.2-13+b1) ...
Removing libpcre16-3:armhf (2:8.39-11) ...
Removing libselinux1:armhf (2.8-1+b1) ...
Removing libpcre3:armhf (2:8.39-11) ...
Removing libpcre32-3:armhf (2:8.39-11) ...
Removing python-mock (2.0.0-4) ...
Removing python-pbr (4.2.0-5) ...
Removing python-six (1.12.0-1) ...
Removing python-setuptools (40.8.0-1) ...
Removing python3-minimal (3.7.2-1) ...
Removing python3.7-minimal (3.7.2-3) ...
Removing libpython3.7-minimal:amd64 (3.7.2-3) ...
find: /usr/lib/python3: No such file or directory
Removing libsepol1-dev:armhf (2.8-1) ...
Removing libsepol1:armhf (2.8-1) ...
Removing xsltproc (1.1.32-2) ...
Removing libxslt1.1:amd64 (1.1.32-2) ...
Removing linux-libc-dev:armhf (4.19.20-1) ...
Removing python-funcsigs (1.0.2-4) ...
Removing python-pkg-resources (40.8.0-1) ...
Removing sgml-data (2.0.11) ...
Removing xml-core (0.18+nmu1) ...
Removing sgml-base (1.29) ...
Removing libstdc++6:armhf (8.3.0-2) ...
Removing python (2.7.16-1) ...
Removing libpython-stdlib:amd64 (2.7.16-1) ...
Removing python2 (2.7.16-1) ...
Removing libpython2-stdlib:amd64 (2.7.16-1) ...
Removing python2.7 (2.7.16-1) ...
Removing libpython2.7-stdlib:amd64 (2.7.16-1) ...
Removing python-minimal (2.7.16-1) ...
Removing mime-support (3.62) ...
Removing python2-minimal (2.7.16-1) ...
Removing python2.7-minimal (2.7.16-1) ...
Removing libpython2.7-minimal:amd64 (2.7.16-1) ...
find: /usr/lib/python2.7: No such file or directory
Removing dh-autoreconf (19) ...
Removing debhelper (12.1.1) ...
Removing dh-strip-nondeterminism (1.1.1-1) ...
Removing automake (1:1.16.1-4) ...
Removing autoconf (2.69-11) ...
Removing autopoint (0.19.8.1-9) ...
Removing libtool (2.4.6-10) ...
Removing autotools-dev (20180224.1) ...
Removing man-db (2.8.5-2) ...
Removing bsdmainutils (11.1.2+b1) ...
Removing dwz (0.12-3) ...
Removing po-debconf (1.0.21) ...
Removing intltool-debian (0.35.0+20060710.5) ...
Removing gettext (0.19.8.1-9) ...
Removing gettext-base (0.19.8.1-9) ...
Removing groff-base (1.22.4-3) ...
Removing libfile-stripnondeterminism-perl (1.1.1-1) ...
Removing libarchive-zip-perl (1.64-1) ...
Removing libbsd0:amd64 (0.9.1-2) ...
Removing libcroco3:amd64 (0.6.12-3) ...
Removing libelf1:amd64 (0.176-1) ...
Removing libgcc1:armhf (1:8.3.0-2) ...
Removing libglib2.0-0:amd64 (2.58.3-1) ...
Removing libncurses6:amd64 (6.1+20181013-2) ...
Removing libpipeline1:amd64 (1.5.1-2) ...
Removing m4 (1.4.18-2) ...
Removing libsigsegv2:amd64 (2.12-2) ...
Removing libuchardet0:amd64 (0.0.6-3) ...
Removing gcc-8-base:armhf (8.3.0-2) ...
Removing libc6:armhf (2.28-8) ...
Processing triggers for ccache (3.6-1) ...
Updating symlinks in /usr/lib/ccache ...
Processing triggers for libc-bin (2.28-8) ...
(Reading database ... 16518 files and directories currently installed.)
Purging configuration files for libblkid-dev:armhf (2.33.1-0.1) ...
Purging configuration files for mime-support (3.62) ...
Purging configuration files for gtk-doc-tools (1.28-1) ...
Purging configuration files for libglib2.0-0:amd64 (2.58.3-1) ...
Purging configuration files for libglib2.0-0:armhf (2.58.3-1) ...
Purging configuration files for docbook-xml (4.5-8) ...
Purging configuration files for python3 (3.7.2-1) ...
Purging configuration files for man-db (2.8.5-2) ...
Purging configuration files for libpython3.7-minimal:amd64 (3.7.2-3) ...
Purging configuration files for libpython2.7-minimal:amd64 (2.7.16-1) ...
Purging configuration files for python2.7-minimal (2.7.16-1) ...
Purging configuration files for docbook-xsl (1.79.1+dfsg-2) ...
Purging configuration files for bsdmainutils (11.1.2+b1) ...
Purging configuration files for pkg-config (0.29-6) ...
Purging configuration files for python3.7-minimal (3.7.2-3) ...
Purging configuration files for autoconf (2.69-11) ...
Purging configuration files for libc6:armhf (2.28-8) ...
Purging configuration files for highlight-common (3.41-2) ...
Purging configuration files for docbook (4.5-6) ...
Purging configuration files for groff-base (1.22.4-3) ...
Purging configuration files for xml-core (0.18+nmu1) ...
dpkg: warning: while removing xml-core, directory '/etc/xml' not empty so not removed
Purging configuration files for sgml-base (1.29) ...
Purging configuration files for sgml-data (2.0.11) ...
Purging configuration files for python-pbr (4.2.0-5) ...
Purging configuration files for python (2.7.16-1) ...
E: Build failure (dpkg-buildpackage died)

+------------------------------------------------------------------------------+
| Summary                                                                      |
+------------------------------------------------------------------------------+

Build Architecture: amd64
Build Profiles: cross nocheck
Build Type: any
Build-Space: n/a
Build-Time: 25
Distribution: unstable-amd64-sbuild
Fail-Stage: build
Foreign Architectures: armhf
Host Architecture: armhf
Install-Time: 22
Job: /home/build/sbuild-setup/repo/pool/main/o/orbit2/orbit2_2.14.19-4.dsc
Machine Architecture: amd64
Package: orbit2
Package-Time: 52
Source-Version: 1:2.14.19-4
Space: n/a
Status: attempted
Version: 1:2.14.19-4
--------------------------------------------------------------------------------
Finished at 2019-03-07T18:10:26Z
Build needed 00:00:52, no disk space
