sbuild (Debian sbuild) 0.78.1 (09 February 2019) on 4be29f1fdf49

+==============================================================================+
| soprano 2.9.4+dfsg-5 (armhf)                 Tue, 02 Jul 2019 20:16:18 +0000 |
+==============================================================================+

Package: soprano
Version: 2.9.4+dfsg-5
Source Version: 2.9.4+dfsg-5
Distribution: unstable-amd64-sbuild
Machine Architecture: amd64
Host Architecture: armhf
Build Architecture: amd64
Build Profiles: cross nocheck
Build Type: any

I: NOTICE: Log filtering will replace 'var/run/schroot/mount/unstable-amd64-sbuild-71bfc441-f6e2-4e51-af44-9b50f523b4c4' with '<<CHROOT>>'
I: NOTICE: Log filtering will replace 'build/soprano-jG8i1h/resolver-IJbOWn' with '<<RESOLVERDIR>>'

+------------------------------------------------------------------------------+
| Update chroot                                                                |
+------------------------------------------------------------------------------+

Hit:1 http://cdn-fastly.deb.debian.org/debian unstable InRelease
Reading package lists...
Reading package lists...
Building dependency tree...
Reading state information...
Calculating upgrade...
The following package was automatically installed and is no longer required:
  sensible-utils
Use 'apt autoremove' to remove it.
0 upgraded, 0 newly installed, 0 to remove and 0 not upgraded.

+------------------------------------------------------------------------------+
| Fetch source files                                                           |
+------------------------------------------------------------------------------+


Local sources
-------------

/home/build/sbuild-setup/repo/pool/main/s/soprano/soprano_2.9.4+dfsg-5.dsc exists in /home/build/sbuild-setup/repo/pool/main/s/soprano; copying to chroot
I: NOTICE: Log filtering will replace 'build/soprano-jG8i1h/soprano-2.9.4+dfsg' with '<<PKGBUILDDIR>>'
I: NOTICE: Log filtering will replace 'build/soprano-jG8i1h' with '<<BUILDDIR>>'

+------------------------------------------------------------------------------+
| Install package build dependencies                                           |
+------------------------------------------------------------------------------+


Setup apt archive
-----------------

Merged Build-Depends: debhelper (>= 9), cmake (>= 2.6.2), pkg-kde-tools (>= 0.12), dpkg-dev (>= 1.15.5), libclucene-dev (>= 0.9.21b), libqt4-dev (>= 4.5.3), libraptor2-dev (>= 1.4.16), librdf0-dev (>= 1.0.13), doxygen (>= 1.7.1), graphviz, libiodbc2-dev, build-essential:amd64, fakeroot:amd64, crossbuild-essential-armhf:amd64, libc-dev:armhf, libstdc++-dev:armhf
Filtered Build-Depends: debhelper (>= 9), cmake (>= 2.6.2), pkg-kde-tools (>= 0.12), dpkg-dev (>= 1.15.5), libclucene-dev (>= 0.9.21b), libqt4-dev (>= 4.5.3), libraptor2-dev (>= 1.4.16), librdf0-dev (>= 1.0.13), doxygen (>= 1.7.1), graphviz, libiodbc2-dev, build-essential:amd64, fakeroot:amd64, crossbuild-essential-armhf:amd64, libc-dev:armhf, libstdc++-dev:armhf
dpkg-deb: building package 'sbuild-build-depends-main-dummy' in '/<<RESOLVERDIR>>/apt_archive/sbuild-build-depends-main-dummy.deb'.
Ign:1 copy:/<<RESOLVERDIR>>/apt_archive ./ InRelease
Get:2 copy:/<<RESOLVERDIR>>/apt_archive ./ Release [957 B]
Ign:3 copy:/<<RESOLVERDIR>>/apt_archive ./ Release.gpg
Get:4 copy:/<<RESOLVERDIR>>/apt_archive ./ Sources [495 B]
Get:5 copy:/<<RESOLVERDIR>>/apt_archive ./ Packages [586 B]
Fetched 2038 B in 0s (136 kB/s)
Reading package lists...
Reading package lists...

Install main build dependencies (apt-based resolver)
----------------------------------------------------

Installing build dependencies
Reading package lists...
Building dependency tree...
Reading state information...
The following additional packages will be installed:
  autoconf automake autopoint autotools-dev binutils-arm-linux-gnueabihf
  bsdmainutils cmake cmake-data cpp-8-arm-linux-gnueabihf
  cpp-arm-linux-gnueabihf cross-config crossbuild-essential-armhf debhelper
  dh-autoreconf dh-strip-nondeterminism doxygen dpkg-cross dwz file fontconfig
  fontconfig-config fonts-dejavu-core g++-8-arm-linux-gnueabihf
  g++-arm-linux-gnueabihf gcc-8-arm-linux-gnueabihf
  gcc-8-arm-linux-gnueabihf-base gcc-8-base:armhf gcc-8-cross-base
  gcc-arm-linux-gnueabihf gettext gettext-base graphviz groff-base
  icu-devtools intltool-debian libarchive-zip-perl libarchive13 libasan5:armhf
  libasan5-armhf-cross libatomic1:armhf libatomic1-armhf-cross libaudio2
  libaudio2:armhf libblkid1:armhf libbsd0 libbsd0:armhf libc6:armhf
  libc6-armhf-cross libc6-dev:armhf libc6-dev-armhf-cross libcairo2 libcdt5
  libcgraph6 libclang1-6.0 libclucene-contribs1v5:armhf
  libclucene-core1v5:armhf libclucene-dev:armhf libcom-err2:armhf
  libconfig-auto-perl libconfig-inifiles-perl libcroco3 libcurl3-gnutls:armhf
  libcurl4 libcurl4-gnutls-dev:armhf libdatrie1 libdb5.3:armhf libdbus-1-3
  libdbus-1-3:armhf libdebian-dpkgcross-perl libedit2 libexpat1
  libexpat1:armhf libffi6:armhf libfile-homedir-perl
  libfile-stripnondeterminism-perl libfile-which-perl libfontconfig1
  libfontconfig1:armhf libfreetype6 libfreetype6:armhf libfribidi0
  libgcc-8-dev:armhf libgcc-8-dev-armhf-cross libgcc1:armhf
  libgcc1-armhf-cross libgcrypt20:armhf libgd3 libglib2.0-0 libglib2.0-0:armhf
  libgmp-dev:armhf libgmp10:armhf libgmpxx4ldbl:armhf libgnutls30:armhf
  libgomp1:armhf libgomp1-armhf-cross libgpg-error0:armhf libgraphite2-3
  libgssapi-krb5-2 libgssapi-krb5-2:armhf libgts-0.7-5 libgvc6 libgvpr2
  libharfbuzz0b libhogweed4:armhf libice6 libice6:armhf libicu-dev:armhf
  libicu63 libicu63:armhf libidn2-0:armhf libio-string-perl libiodbc2:armhf
  libiodbc2-dev:armhf libjbig0 libjbig0:armhf libjpeg62-turbo
  libjpeg62-turbo:armhf libjsoncpp1 libk5crypto3 libk5crypto3:armhf
  libkeyutils1 libkeyutils1:armhf libkrb5-3 libkrb5-3:armhf libkrb5support0
  libkrb5support0:armhf liblab-gamut1 liblcms2-2 liblcms2-2:armhf
  libldap-2.4-2:armhf libllvm6.0 liblocale-gettext-perl libltdl7
  libltdl7:armhf liblz4-1:armhf liblzma5:armhf libmagic-mgc libmagic1
  libmhash2:armhf libmng1 libmng1:armhf libmount1:armhf libmpdec2 libncurses6
  libnettle6:armhf libnghttp2-14 libnghttp2-14:armhf libp11-kit0:armhf
  libpango-1.0-0 libpangocairo-1.0-0 libpangoft2-1.0-0 libpathplan4
  libpcre3:armhf libpipeline1 libpixman-1-0 libpng16-16 libpng16-16:armhf
  libprocps7 libpsl5 libpsl5:armhf libpython3-stdlib libpython3.7-minimal
  libpython3.7-stdlib libqt4-dbus:armhf libqt4-declarative:armhf
  libqt4-designer libqt4-designer:armhf libqt4-dev:armhf libqt4-dev-bin
  libqt4-help:armhf libqt4-network libqt4-network:armhf libqt4-qt3support
  libqt4-qt3support:armhf libqt4-script libqt4-script:armhf
  libqt4-scripttools:armhf libqt4-sql libqt4-sql:armhf libqt4-svg:armhf
  libqt4-test:armhf libqt4-xml libqt4-xml:armhf libqt4-xmlpatterns:armhf
  libqtcore4 libqtcore4:armhf libqtdbus4 libqtdbus4:armhf libqtgui4
  libqtgui4:armhf libraptor2-0:armhf libraptor2-dev:armhf librasqal3:armhf
  librasqal3-dev:armhf librdf0:armhf librdf0-dev:armhf librhash0 librtmp1
  librtmp1:armhf libsasl2-2:armhf libsasl2-modules-db:armhf libselinux1:armhf
  libsigsegv2 libsm6 libsm6:armhf libssh2-1 libssh2-1:armhf libssl1.1
  libssl1.1:armhf libstdc++-8-dev:armhf libstdc++-8-dev-armhf-cross
  libstdc++6:armhf libstdc++6-armhf-cross libsystemd0:armhf libtasn1-6:armhf
  libthai-data libthai0 libtiff5 libtiff5:armhf libtool libubsan1:armhf
  libubsan1-armhf-cross libuchardet0 libunistring2:armhf libuuid1:armhf libuv1
  libwebp6 libwebp6:armhf libx11-6 libx11-6:armhf libx11-data libxapian30
  libxau6 libxau6:armhf libxaw7 libxcb-render0 libxcb-shm0 libxcb1
  libxcb1:armhf libxdmcp6 libxdmcp6:armhf libxdot4 libxext6 libxext6:armhf
  libxml-libxml-perl libxml-namespacesupport-perl libxml-sax-base-perl
  libxml-sax-perl libxml-simple-perl libxml2 libxml2:armhf libxml2-dev:armhf
  libxmu6 libxpm4 libxrender1 libxrender1:armhf libxslt1-dev:armhf
  libxslt1.1:armhf libxt6 libxt6:armhf libyajl-dev:armhf libyajl2:armhf
  libyaml-perl libzstd1:armhf linux-libc-dev:armhf linux-libc-dev-armhf-cross
  m4 man-db mime-support pkg-config pkg-kde-tools po-debconf procps python3
  python3-minimal python3.7 python3.7-minimal qdbus qt4-linguist-tools
  qt4-qmake qtchooser qtcore4-l10n ucf x11-common zlib1g:armhf
Suggested packages:
  autoconf-archive gnu-standards autoconf-doc binutils-doc wamerican
  | wordlist whois vacation cmake-doc ninja-build gcc-8-locales cpp-doc
  dh-make doxygen-latex doxygen-doc doxygen-gui binutils-multiarch gcc-8-doc
  libstdc++6-8-dbg-armhf-cross libgcc1-dbg-armhf-cross
  libgomp1-dbg-armhf-cross libitm1-dbg-armhf-cross libatomic1-dbg-armhf-cross
  libasan5-dbg-armhf-cross liblsan0-dbg-armhf-cross libtsan0-dbg-armhf-cross
  libubsan1-dbg-armhf-cross libmpx2-dbg-armhf-cross
  libquadmath0-dbg-armhf-cross manpages-dev flex bison gdb-arm-linux-gnueabihf
  gcc-doc gettext-doc libasprintf-dev libgettextpo-dev gsfonts graphviz-doc
  groff lrzip nas nas:armhf glibc-doc:armhf libc-l10n:armhf locales:armhf
  manpages-dev:armhf libcurl4-doc:armhf libgnutls28-dev:armhf
  libidn11-dev:armhf libkrb5-dev:armhf libldap2-dev:armhf librtmp-dev:armhf
  libssh2-1-dev:armhf zlib1g-dev:armhf rng-tools:armhf libgd-tools
  gmp-doc:armhf libgmp10-doc:armhf libmpfr-dev:armhf gnutls-bin:armhf krb5-doc
  krb5-user krb5-doc:armhf krb5-user:armhf icu-doc:armhf iodbc:armhf
  liblcms2-utils liblcms2-utils:armhf libqt4-declarative-folderlistmodel:armhf
  libqt4-declarative-gestures:armhf libqt4-declarative-particles:armhf
  libqt4-declarative-shaders:armhf qt4-qmlviewer:armhf
  default-libmysqlclient-dev:armhf firebird-dev:armhf libpq-dev:armhf
  libsqlite0-dev:armhf libsqlite3-dev:armhf qt4-dev-tools:armhf qt4-doc:armhf
  unixodbc-dev:armhf libqt4-dev libicu57 libicu57:armhf libthai0:armhf
  qt4-qtconfig qt4-qtconfig:armhf raptor2-utils:armhf libraptor2-doc:armhf
  rasqal-utils:armhf librasqal3-doc:armhf librdf-storage-postgresql:armhf
  librdf-storage-mysql:armhf librdf-storage-sqlite:armhf
  librdf-storage-virtuoso:armhf redland-utils:armhf librdf-perl:armhf
  python-librdf:armhf librdf-ruby:armhf libstdc++-8-doc:armhf libtool-doc
  gfortran | fortran95-compiler gcj-jdk xapian-tools libyaml-shell-perl m4-doc
  apparmor less www-browser cdbs libmail-box-perl python3-doc python3-tk
  python3-venv python3.7-venv python3.7-doc binfmt-support
Recommended packages:
  curl | wget | lynx fonts-liberation ca-certificates:armhf ca-certificates
  dbus dbus:armhf libarchive-cpio-perl libglib2.0-data shared-mime-info
  xdg-user-dirs libglib2.0-data:armhf shared-mime-info:armhf
  xdg-user-dirs:armhf libgpg-error-l10n:armhf libgts-bin krb5-locales
  krb5-locales:armhf libgpm2 publicsuffix publicsuffix:armhf
  libqt4-opengl-dev:armhf libqt4-sql-mysql | libqt4-sql-odbc | libqt4-sql-psql
  | libqt4-sql-sqlite | libqt4-sql-sqlite2 | libqt4-sql-ibase
  libqt4-sql-mysql:armhf | libqt4-sql-odbc:armhf | libqt4-sql-psql:armhf
  | libqt4-sql-sqlite:armhf | libqt4-sql-sqlite2:armhf libcups2 qt-at-spi
  libcups2:armhf qt-at-spi:armhf raptor2-utils:armhf rasqal-utils:armhf
  redland-utils:armhf libsasl2-modules:armhf libltdl-dev uuid-runtime:armhf
  libwww-perl libxml-sax-expat-perl libyaml-libyaml-perl | libyaml-syck-perl
  libmail-sendmail-perl psmisc
The following NEW packages will be installed:
  autoconf automake autopoint autotools-dev binutils-arm-linux-gnueabihf
  bsdmainutils cmake cmake-data cpp-8-arm-linux-gnueabihf
  cpp-arm-linux-gnueabihf cross-config crossbuild-essential-armhf debhelper
  dh-autoreconf dh-strip-nondeterminism doxygen dpkg-cross dwz file fontconfig
  fontconfig-config fonts-dejavu-core g++-8-arm-linux-gnueabihf
  g++-arm-linux-gnueabihf gcc-8-arm-linux-gnueabihf
  gcc-8-arm-linux-gnueabihf-base gcc-8-base:armhf gcc-8-cross-base
  gcc-arm-linux-gnueabihf gettext gettext-base graphviz groff-base
  icu-devtools intltool-debian libarchive-zip-perl libarchive13 libasan5:armhf
  libasan5-armhf-cross libatomic1:armhf libatomic1-armhf-cross libaudio2
  libaudio2:armhf libblkid1:armhf libbsd0 libbsd0:armhf libc6:armhf
  libc6-armhf-cross libc6-dev:armhf libc6-dev-armhf-cross libcairo2 libcdt5
  libcgraph6 libclang1-6.0 libclucene-contribs1v5:armhf
  libclucene-core1v5:armhf libclucene-dev:armhf libcom-err2:armhf
  libconfig-auto-perl libconfig-inifiles-perl libcroco3 libcurl3-gnutls:armhf
  libcurl4 libcurl4-gnutls-dev:armhf libdatrie1 libdb5.3:armhf libdbus-1-3
  libdbus-1-3:armhf libdebian-dpkgcross-perl libedit2 libexpat1
  libexpat1:armhf libffi6:armhf libfile-homedir-perl
  libfile-stripnondeterminism-perl libfile-which-perl libfontconfig1
  libfontconfig1:armhf libfreetype6 libfreetype6:armhf libfribidi0
  libgcc-8-dev:armhf libgcc-8-dev-armhf-cross libgcc1:armhf
  libgcc1-armhf-cross libgcrypt20:armhf libgd3 libglib2.0-0 libglib2.0-0:armhf
  libgmp-dev:armhf libgmp10:armhf libgmpxx4ldbl:armhf libgnutls30:armhf
  libgomp1:armhf libgomp1-armhf-cross libgpg-error0:armhf libgraphite2-3
  libgssapi-krb5-2 libgssapi-krb5-2:armhf libgts-0.7-5 libgvc6 libgvpr2
  libharfbuzz0b libhogweed4:armhf libice6 libice6:armhf libicu-dev:armhf
  libicu63 libicu63:armhf libidn2-0:armhf libio-string-perl libiodbc2:armhf
  libiodbc2-dev:armhf libjbig0 libjbig0:armhf libjpeg62-turbo
  libjpeg62-turbo:armhf libjsoncpp1 libk5crypto3 libk5crypto3:armhf
  libkeyutils1 libkeyutils1:armhf libkrb5-3 libkrb5-3:armhf libkrb5support0
  libkrb5support0:armhf liblab-gamut1 liblcms2-2 liblcms2-2:armhf
  libldap-2.4-2:armhf libllvm6.0 liblocale-gettext-perl libltdl7
  libltdl7:armhf liblz4-1:armhf liblzma5:armhf libmagic-mgc libmagic1
  libmhash2:armhf libmng1 libmng1:armhf libmount1:armhf libmpdec2 libncurses6
  libnettle6:armhf libnghttp2-14 libnghttp2-14:armhf libp11-kit0:armhf
  libpango-1.0-0 libpangocairo-1.0-0 libpangoft2-1.0-0 libpathplan4
  libpcre3:armhf libpipeline1 libpixman-1-0 libpng16-16 libpng16-16:armhf
  libprocps7 libpsl5 libpsl5:armhf libpython3-stdlib libpython3.7-minimal
  libpython3.7-stdlib libqt4-dbus:armhf libqt4-declarative:armhf
  libqt4-designer libqt4-designer:armhf libqt4-dev:armhf libqt4-dev-bin
  libqt4-help:armhf libqt4-network libqt4-network:armhf libqt4-qt3support
  libqt4-qt3support:armhf libqt4-script libqt4-script:armhf
  libqt4-scripttools:armhf libqt4-sql libqt4-sql:armhf libqt4-svg:armhf
  libqt4-test:armhf libqt4-xml libqt4-xml:armhf libqt4-xmlpatterns:armhf
  libqtcore4 libqtcore4:armhf libqtdbus4 libqtdbus4:armhf libqtgui4
  libqtgui4:armhf libraptor2-0:armhf libraptor2-dev:armhf librasqal3:armhf
  librasqal3-dev:armhf librdf0:armhf librdf0-dev:armhf librhash0 librtmp1
  librtmp1:armhf libsasl2-2:armhf libsasl2-modules-db:armhf libselinux1:armhf
  libsigsegv2 libsm6 libsm6:armhf libssh2-1 libssh2-1:armhf libssl1.1
  libssl1.1:armhf libstdc++-8-dev:armhf libstdc++-8-dev-armhf-cross
  libstdc++6:armhf libstdc++6-armhf-cross libsystemd0:armhf libtasn1-6:armhf
  libthai-data libthai0 libtiff5 libtiff5:armhf libtool libubsan1:armhf
  libubsan1-armhf-cross libuchardet0 libunistring2:armhf libuuid1:armhf libuv1
  libwebp6 libwebp6:armhf libx11-6 libx11-6:armhf libx11-data libxapian30
  libxau6 libxau6:armhf libxaw7 libxcb-render0 libxcb-shm0 libxcb1
  libxcb1:armhf libxdmcp6 libxdmcp6:armhf libxdot4 libxext6 libxext6:armhf
  libxml-libxml-perl libxml-namespacesupport-perl libxml-sax-base-perl
  libxml-sax-perl libxml-simple-perl libxml2 libxml2:armhf libxml2-dev:armhf
  libxmu6 libxpm4 libxrender1 libxrender1:armhf libxslt1-dev:armhf
  libxslt1.1:armhf libxt6 libxt6:armhf libyajl-dev:armhf libyajl2:armhf
  libyaml-perl libzstd1:armhf linux-libc-dev:armhf linux-libc-dev-armhf-cross
  m4 man-db mime-support pkg-config pkg-kde-tools po-debconf procps python3
  python3-minimal python3.7 python3.7-minimal qdbus qt4-linguist-tools
  qt4-qmake qtchooser qtcore4-l10n sbuild-build-depends-main-dummy:armhf ucf
  x11-common zlib1g:armhf
0 upgraded, 286 newly installed, 0 to remove and 0 not upgraded.
Need to get 2973 kB/181 MB of archives.
After this operation, 649 MB of additional disk space will be used.
Get:1 copy:/<<RESOLVERDIR>>/apt_archive ./ sbuild-build-depends-main-dummy 0.invalid.0 [1008 B]
Get:2 http://cdn-fastly.deb.debian.org/debian unstable/main amd64 libpng16-16 amd64 1.6.37-1 [292 kB]
Get:3 http://cdn-fastly.deb.debian.org/debian unstable/main armhf libclucene-core1v5 armhf 2.3.3.4+dfsg-1 [395 kB]
Get:4 http://cdn-fastly.deb.debian.org/debian unstable/main armhf libclucene-contribs1v5 armhf 2.3.3.4+dfsg-1 [72.9 kB]
Get:5 http://cdn-fastly.deb.debian.org/debian unstable/main armhf libclucene-dev armhf 2.3.3.4+dfsg-1 [133 kB]
Get:6 http://cdn-fastly.deb.debian.org/debian unstable/main armhf libpng16-16 armhf 1.6.37-1 [275 kB]
Get:7 http://cdn-fastly.deb.debian.org/debian unstable/main armhf libiodbc2 armhf 3.52.9-2.1 [131 kB]
Get:8 http://cdn-fastly.deb.debian.org/debian unstable/main armhf libiodbc2-dev armhf 3.52.9-2.1 [56.5 kB]
Get:9 http://cdn-fastly.deb.debian.org/debian unstable/main armhf libmhash2 armhf 0.9.9.9-7+b1 [115 kB]
Get:10 http://cdn-fastly.deb.debian.org/debian unstable/main armhf libraptor2-0 armhf 2.0.14-1+b1 [140 kB]
Get:11 http://cdn-fastly.deb.debian.org/debian unstable/main armhf libxslt1-dev armhf 1.1.32-2 [507 kB]
Get:12 http://cdn-fastly.deb.debian.org/debian unstable/main armhf libraptor2-dev armhf 2.0.14-1+b1 [186 kB]
Get:13 http://cdn-fastly.deb.debian.org/debian unstable/main armhf librasqal3 armhf 0.9.32-1+b1 [151 kB]
Get:14 http://cdn-fastly.deb.debian.org/debian unstable/main armhf librasqal3-dev armhf 0.9.32-1+b1 [191 kB]
Get:15 http://cdn-fastly.deb.debian.org/debian unstable/main armhf librdf0 armhf 1.0.17-1.1+b1 [95.1 kB]
Get:16 http://cdn-fastly.deb.debian.org/debian unstable/main armhf librdf0-dev armhf 1.0.17-1.1+b1 [232 kB]
debconf: delaying package configuration, since apt-utils is not installed
Fetched 2973 kB in 3s (955 kB/s)
Selecting previously unselected package libbsd0:amd64.
(Reading database ... 12449 files and directories currently installed.)
Preparing to unpack .../00-libbsd0_0.9.1-2_amd64.deb ...
Unpacking libbsd0:amd64 (0.9.1-2) ...
Selecting previously unselected package bsdmainutils.
Preparing to unpack .../01-bsdmainutils_11.1.2+b1_amd64.deb ...
Unpacking bsdmainutils (11.1.2+b1) ...
Selecting previously unselected package libuchardet0:amd64.
Preparing to unpack .../02-libuchardet0_0.0.6-3_amd64.deb ...
Unpacking libuchardet0:amd64 (0.0.6-3) ...
Selecting previously unselected package groff-base.
Preparing to unpack .../03-groff-base_1.22.4-3_amd64.deb ...
Unpacking groff-base (1.22.4-3) ...
Selecting previously unselected package libpipeline1:amd64.
Preparing to unpack .../04-libpipeline1_1.5.1-2_amd64.deb ...
Unpacking libpipeline1:amd64 (1.5.1-2) ...
Selecting previously unselected package man-db.
Preparing to unpack .../05-man-db_2.8.5-2_amd64.deb ...
Unpacking man-db (2.8.5-2) ...
Selecting previously unselected package liblocale-gettext-perl.
Preparing to unpack .../06-liblocale-gettext-perl_1.07-3+b4_amd64.deb ...
Unpacking liblocale-gettext-perl (1.07-3+b4) ...
Selecting previously unselected package gcc-8-base:armhf.
Preparing to unpack .../07-gcc-8-base_8.3.0-7_armhf.deb ...
Unpacking gcc-8-base:armhf (8.3.0-7) ...
Selecting previously unselected package libgcc1:armhf.
Preparing to unpack .../08-libgcc1_1%3a8.3.0-7_armhf.deb ...
Unpacking libgcc1:armhf (1:8.3.0-7) ...
Selecting previously unselected package libc6:armhf.
Preparing to unpack .../09-libc6_2.28-10_armhf.deb ...
Unpacking libc6:armhf (2.28-10) ...
Selecting previously unselected package libgpg-error0:armhf.
Preparing to unpack .../10-libgpg-error0_1.35-1_armhf.deb ...
Unpacking libgpg-error0:armhf (1.35-1) ...
Selecting previously unselected package libgcrypt20:armhf.
Preparing to unpack .../11-libgcrypt20_1.8.4-5_armhf.deb ...
Unpacking libgcrypt20:armhf (1.8.4-5) ...
Selecting previously unselected package liblz4-1:armhf.
Preparing to unpack .../12-liblz4-1_1.8.3-1_armhf.deb ...
Unpacking liblz4-1:armhf (1.8.3-1) ...
Selecting previously unselected package liblzma5:armhf.
Preparing to unpack .../13-liblzma5_5.2.4-1_armhf.deb ...
Unpacking liblzma5:armhf (5.2.4-1) ...
Setting up gcc-8-base:armhf (8.3.0-7) ...
Setting up libgcc1:armhf (1:8.3.0-7) ...
Setting up libc6:armhf (2.28-10) ...
Setting up libgpg-error0:armhf (1.35-1) ...
Setting up libgcrypt20:armhf (1.8.4-5) ...
Setting up liblz4-1:armhf (1.8.3-1) ...
Setting up liblzma5:armhf (5.2.4-1) ...
Selecting previously unselected package libsystemd0:armhf.
(Reading database ... 13414 files and directories currently installed.)
Preparing to unpack .../libsystemd0_241-5_armhf.deb ...
Unpacking libsystemd0:armhf (241-5) ...
Selecting previously unselected package libssl1.1:amd64.
Preparing to unpack .../libssl1.1_1.1.1c-1_amd64.deb ...
Unpacking libssl1.1:amd64 (1.1.1c-1) ...
Selecting previously unselected package libpython3.7-minimal:amd64.
Preparing to unpack .../libpython3.7-minimal_3.7.3-2_amd64.deb ...
Unpacking libpython3.7-minimal:amd64 (3.7.3-2) ...
Selecting previously unselected package libexpat1:amd64.
Preparing to unpack .../libexpat1_2.2.6-2_amd64.deb ...
Unpacking libexpat1:amd64 (2.2.6-2) ...
Selecting previously unselected package python3.7-minimal.
Preparing to unpack .../python3.7-minimal_3.7.3-2_amd64.deb ...
Unpacking python3.7-minimal (3.7.3-2) ...
Setting up libssl1.1:amd64 (1.1.1c-1) ...
Setting up libpython3.7-minimal:amd64 (3.7.3-2) ...
Setting up libexpat1:amd64 (2.2.6-2) ...
Setting up python3.7-minimal (3.7.3-2) ...
Selecting previously unselected package python3-minimal.
(Reading database ... 13677 files and directories currently installed.)
Preparing to unpack .../0-python3-minimal_3.7.3-1_amd64.deb ...
Unpacking python3-minimal (3.7.3-1) ...
Selecting previously unselected package mime-support.
Preparing to unpack .../1-mime-support_3.62_all.deb ...
Unpacking mime-support (3.62) ...
Selecting previously unselected package libmpdec2:amd64.
Preparing to unpack .../2-libmpdec2_2.4.2-2_amd64.deb ...
Unpacking libmpdec2:amd64 (2.4.2-2) ...
Selecting previously unselected package libpython3.7-stdlib:amd64.
Preparing to unpack .../3-libpython3.7-stdlib_3.7.3-2_amd64.deb ...
Unpacking libpython3.7-stdlib:amd64 (3.7.3-2) ...
Selecting previously unselected package python3.7.
Preparing to unpack .../4-python3.7_3.7.3-2_amd64.deb ...
Unpacking python3.7 (3.7.3-2) ...
Selecting previously unselected package libpython3-stdlib:amd64.
Preparing to unpack .../5-libpython3-stdlib_3.7.3-1_amd64.deb ...
Unpacking libpython3-stdlib:amd64 (3.7.3-1) ...
Setting up python3-minimal (3.7.3-1) ...
Selecting previously unselected package python3.
(Reading database ... 14114 files and directories currently installed.)
Preparing to unpack .../000-python3_3.7.3-1_amd64.deb ...
Unpacking python3 (3.7.3-1) ...
Selecting previously unselected package libncurses6:amd64.
Preparing to unpack .../001-libncurses6_6.1+20181013-2_amd64.deb ...
Unpacking libncurses6:amd64 (6.1+20181013-2) ...
Selecting previously unselected package libprocps7:amd64.
Preparing to unpack .../002-libprocps7_2%3a3.3.15-2_amd64.deb ...
Unpacking libprocps7:amd64 (2:3.3.15-2) ...
Selecting previously unselected package procps.
Preparing to unpack .../003-procps_2%3a3.3.15-2_amd64.deb ...
Unpacking procps (2:3.3.15-2) ...
Selecting previously unselected package libmagic-mgc.
Preparing to unpack .../004-libmagic-mgc_1%3a5.35-4_amd64.deb ...
Unpacking libmagic-mgc (1:5.35-4) ...
Selecting previously unselected package libmagic1:amd64.
Preparing to unpack .../005-libmagic1_1%3a5.35-4_amd64.deb ...
Unpacking libmagic1:amd64 (1:5.35-4) ...
Selecting previously unselected package file.
Preparing to unpack .../006-file_1%3a5.35-4_amd64.deb ...
Unpacking file (1:5.35-4) ...
Selecting previously unselected package gettext-base.
Preparing to unpack .../007-gettext-base_0.19.8.1-9_amd64.deb ...
Unpacking gettext-base (0.19.8.1-9) ...
Selecting previously unselected package ucf.
Preparing to unpack .../008-ucf_3.0038+nmu1_all.deb ...
Moving old data out of the way
Unpacking ucf (3.0038+nmu1) ...
Selecting previously unselected package libsigsegv2:amd64.
Preparing to unpack .../009-libsigsegv2_2.12-2_amd64.deb ...
Unpacking libsigsegv2:amd64 (2.12-2) ...
Selecting previously unselected package m4.
Preparing to unpack .../010-m4_1.4.18-2_amd64.deb ...
Unpacking m4 (1.4.18-2) ...
Selecting previously unselected package autoconf.
Preparing to unpack .../011-autoconf_2.69-11_all.deb ...
Unpacking autoconf (2.69-11) ...
Selecting previously unselected package autotools-dev.
Preparing to unpack .../012-autotools-dev_20180224.1_all.deb ...
Unpacking autotools-dev (20180224.1) ...
Selecting previously unselected package automake.
Preparing to unpack .../013-automake_1%3a1.16.1-4_all.deb ...
Unpacking automake (1:1.16.1-4) ...
Selecting previously unselected package autopoint.
Preparing to unpack .../014-autopoint_0.19.8.1-9_all.deb ...
Unpacking autopoint (0.19.8.1-9) ...
Selecting previously unselected package binutils-arm-linux-gnueabihf.
Preparing to unpack .../015-binutils-arm-linux-gnueabihf_2.31.1-16_amd64.deb ...
Unpacking binutils-arm-linux-gnueabihf (2.31.1-16) ...
Selecting previously unselected package cmake-data.
Preparing to unpack .../016-cmake-data_3.13.4-1_all.deb ...
Unpacking cmake-data (3.13.4-1) ...
Selecting previously unselected package libicu63:amd64.
Preparing to unpack .../017-libicu63_63.2-2_amd64.deb ...
Unpacking libicu63:amd64 (63.2-2) ...
Selecting previously unselected package libxml2:amd64.
Preparing to unpack .../018-libxml2_2.9.4+dfsg1-7+b3_amd64.deb ...
Unpacking libxml2:amd64 (2.9.4+dfsg1-7+b3) ...
Selecting previously unselected package libarchive13:amd64.
Preparing to unpack .../019-libarchive13_3.3.3-4_amd64.deb ...
Unpacking libarchive13:amd64 (3.3.3-4) ...
Selecting previously unselected package libkeyutils1:amd64.
Preparing to unpack .../020-libkeyutils1_1.6-6_amd64.deb ...
Unpacking libkeyutils1:amd64 (1.6-6) ...
Selecting previously unselected package libkrb5support0:amd64.
Preparing to unpack .../021-libkrb5support0_1.17-3_amd64.deb ...
Unpacking libkrb5support0:amd64 (1.17-3) ...
Selecting previously unselected package libk5crypto3:amd64.
Preparing to unpack .../022-libk5crypto3_1.17-3_amd64.deb ...
Unpacking libk5crypto3:amd64 (1.17-3) ...
Selecting previously unselected package libkrb5-3:amd64.
Preparing to unpack .../023-libkrb5-3_1.17-3_amd64.deb ...
Unpacking libkrb5-3:amd64 (1.17-3) ...
Selecting previously unselected package libgssapi-krb5-2:amd64.
Preparing to unpack .../024-libgssapi-krb5-2_1.17-3_amd64.deb ...
Unpacking libgssapi-krb5-2:amd64 (1.17-3) ...
Selecting previously unselected package libnghttp2-14:amd64.
Preparing to unpack .../025-libnghttp2-14_1.37.0-1_amd64.deb ...
Unpacking libnghttp2-14:amd64 (1.37.0-1) ...
Selecting previously unselected package libpsl5:amd64.
Preparing to unpack .../026-libpsl5_0.20.2-2_amd64.deb ...
Unpacking libpsl5:amd64 (0.20.2-2) ...
Selecting previously unselected package librtmp1:amd64.
Preparing to unpack .../027-librtmp1_2.4+20151223.gitfa8646d.1-2_amd64.deb ...
Unpacking librtmp1:amd64 (2.4+20151223.gitfa8646d.1-2) ...
Selecting previously unselected package libssh2-1:amd64.
Preparing to unpack .../028-libssh2-1_1.8.0-2.1_amd64.deb ...
Unpacking libssh2-1:amd64 (1.8.0-2.1) ...
Selecting previously unselected package libcurl4:amd64.
Preparing to unpack .../029-libcurl4_7.64.0-4_amd64.deb ...
Unpacking libcurl4:amd64 (7.64.0-4) ...
Selecting previously unselected package libjsoncpp1:amd64.
Preparing to unpack .../030-libjsoncpp1_1.7.4-3_amd64.deb ...
Unpacking libjsoncpp1:amd64 (1.7.4-3) ...
Selecting previously unselected package librhash0:amd64.
Preparing to unpack .../031-librhash0_1.3.8-1_amd64.deb ...
Unpacking librhash0:amd64 (1.3.8-1) ...
Selecting previously unselected package libuv1:amd64.
Preparing to unpack .../032-libuv1_1.24.1-1_amd64.deb ...
Unpacking libuv1:amd64 (1.24.1-1) ...
Selecting previously unselected package cmake.
Preparing to unpack .../033-cmake_3.13.4-1_amd64.deb ...
Unpacking cmake (3.13.4-1) ...
Selecting previously unselected package gcc-8-arm-linux-gnueabihf-base:amd64.
Preparing to unpack .../034-gcc-8-arm-linux-gnueabihf-base_8.3.0-7cross1_amd64.deb ...
Unpacking gcc-8-arm-linux-gnueabihf-base:amd64 (8.3.0-7cross1) ...
Selecting previously unselected package cpp-8-arm-linux-gnueabihf.
Preparing to unpack .../035-cpp-8-arm-linux-gnueabihf_8.3.0-7cross1_amd64.deb ...
Unpacking cpp-8-arm-linux-gnueabihf (8.3.0-7cross1) ...
Selecting previously unselected package cpp-arm-linux-gnueabihf.
Preparing to unpack .../036-cpp-arm-linux-gnueabihf_4%3a8.3.0-1_amd64.deb ...
Unpacking cpp-arm-linux-gnueabihf (4:8.3.0-1) ...
Selecting previously unselected package cross-config.
Preparing to unpack .../037-cross-config_2.6.15-3_all.deb ...
Unpacking cross-config (2.6.15-3) ...
Selecting previously unselected package gcc-8-cross-base.
Preparing to unpack .../038-gcc-8-cross-base_8.3.0-7cross1_all.deb ...
Unpacking gcc-8-cross-base (8.3.0-7cross1) ...
Selecting previously unselected package libc6-armhf-cross.
Preparing to unpack .../039-libc6-armhf-cross_2.28-10cross2_all.deb ...
Unpacking libc6-armhf-cross (2.28-10cross2) ...
Selecting previously unselected package libgcc1-armhf-cross.
Preparing to unpack .../040-libgcc1-armhf-cross_1%3a8.3.0-7cross1_all.deb ...
Unpacking libgcc1-armhf-cross (1:8.3.0-7cross1) ...
Selecting previously unselected package libgomp1-armhf-cross.
Preparing to unpack .../041-libgomp1-armhf-cross_8.3.0-7cross1_all.deb ...
Unpacking libgomp1-armhf-cross (8.3.0-7cross1) ...
Selecting previously unselected package libatomic1-armhf-cross.
Preparing to unpack .../042-libatomic1-armhf-cross_8.3.0-7cross1_all.deb ...
Unpacking libatomic1-armhf-cross (8.3.0-7cross1) ...
Selecting previously unselected package libstdc++6-armhf-cross.
Preparing to unpack .../043-libstdc++6-armhf-cross_8.3.0-7cross1_all.deb ...
Unpacking libstdc++6-armhf-cross (8.3.0-7cross1) ...
Selecting previously unselected package libasan5-armhf-cross.
Preparing to unpack .../044-libasan5-armhf-cross_8.3.0-7cross1_all.deb ...
Unpacking libasan5-armhf-cross (8.3.0-7cross1) ...
Selecting previously unselected package libubsan1-armhf-cross.
Preparing to unpack .../045-libubsan1-armhf-cross_8.3.0-7cross1_all.deb ...
Unpacking libubsan1-armhf-cross (8.3.0-7cross1) ...
Selecting previously unselected package libgcc-8-dev-armhf-cross.
Preparing to unpack .../046-libgcc-8-dev-armhf-cross_8.3.0-7cross1_all.deb ...
Unpacking libgcc-8-dev-armhf-cross (8.3.0-7cross1) ...
Selecting previously unselected package gcc-8-arm-linux-gnueabihf.
Preparing to unpack .../047-gcc-8-arm-linux-gnueabihf_8.3.0-7cross1_amd64.deb ...
Unpacking gcc-8-arm-linux-gnueabihf (8.3.0-7cross1) ...
Selecting previously unselected package gcc-arm-linux-gnueabihf.
Preparing to unpack .../048-gcc-arm-linux-gnueabihf_4%3a8.3.0-1_amd64.deb ...
Unpacking gcc-arm-linux-gnueabihf (4:8.3.0-1) ...
Selecting previously unselected package linux-libc-dev-armhf-cross.
Preparing to unpack .../049-linux-libc-dev-armhf-cross_4.19.28-2cross2_all.deb ...
Unpacking linux-libc-dev-armhf-cross (4.19.28-2cross2) ...
Selecting previously unselected package libc6-dev-armhf-cross.
Preparing to unpack .../050-libc6-dev-armhf-cross_2.28-10cross2_all.deb ...
Unpacking libc6-dev-armhf-cross (2.28-10cross2) ...
Selecting previously unselected package libstdc++-8-dev-armhf-cross.
Preparing to unpack .../051-libstdc++-8-dev-armhf-cross_8.3.0-7cross1_all.deb ...
Unpacking libstdc++-8-dev-armhf-cross (8.3.0-7cross1) ...
Selecting previously unselected package g++-8-arm-linux-gnueabihf.
Preparing to unpack .../052-g++-8-arm-linux-gnueabihf_8.3.0-7cross1_amd64.deb ...
Unpacking g++-8-arm-linux-gnueabihf (8.3.0-7cross1) ...
Selecting previously unselected package g++-arm-linux-gnueabihf.
Preparing to unpack .../053-g++-arm-linux-gnueabihf_4%3a8.3.0-1_amd64.deb ...
Unpacking g++-arm-linux-gnueabihf (4:8.3.0-1) ...
Selecting previously unselected package libconfig-inifiles-perl.
Preparing to unpack .../054-libconfig-inifiles-perl_3.000001-1_all.deb ...
Unpacking libconfig-inifiles-perl (3.000001-1) ...
Selecting previously unselected package libio-string-perl.
Preparing to unpack .../055-libio-string-perl_1.08-3_all.deb ...
Unpacking libio-string-perl (1.08-3) ...
Selecting previously unselected package libxml-namespacesupport-perl.
Preparing to unpack .../056-libxml-namespacesupport-perl_1.12-1_all.deb ...
Unpacking libxml-namespacesupport-perl (1.12-1) ...
Selecting previously unselected package libxml-sax-base-perl.
Preparing to unpack .../057-libxml-sax-base-perl_1.09-1_all.deb ...
Unpacking libxml-sax-base-perl (1.09-1) ...
Selecting previously unselected package libxml-sax-perl.
Preparing to unpack .../058-libxml-sax-perl_1.00+dfsg-1_all.deb ...
Unpacking libxml-sax-perl (1.00+dfsg-1) ...
Selecting previously unselected package libxml-libxml-perl.
Preparing to unpack .../059-libxml-libxml-perl_2.0134+dfsg-1_amd64.deb ...
Unpacking libxml-libxml-perl (2.0134+dfsg-1) ...
Selecting previously unselected package libxml-simple-perl.
Preparing to unpack .../060-libxml-simple-perl_2.25-1_all.deb ...
Unpacking libxml-simple-perl (2.25-1) ...
Selecting previously unselected package libyaml-perl.
Preparing to unpack .../061-libyaml-perl_1.27-1_all.deb ...
Unpacking libyaml-perl (1.27-1) ...
Selecting previously unselected package libconfig-auto-perl.
Preparing to unpack .../062-libconfig-auto-perl_0.44-1_all.deb ...
Unpacking libconfig-auto-perl (0.44-1) ...
Selecting previously unselected package libfile-which-perl.
Preparing to unpack .../063-libfile-which-perl_1.23-1_all.deb ...
Unpacking libfile-which-perl (1.23-1) ...
Selecting previously unselected package libfile-homedir-perl.
Preparing to unpack .../064-libfile-homedir-perl_1.004-1_all.deb ...
Unpacking libfile-homedir-perl (1.004-1) ...
Selecting previously unselected package libdebian-dpkgcross-perl.
Preparing to unpack .../065-libdebian-dpkgcross-perl_2.6.15-3_all.deb ...
Unpacking libdebian-dpkgcross-perl (2.6.15-3) ...
Selecting previously unselected package dpkg-cross.
Preparing to unpack .../066-dpkg-cross_2.6.15-3_all.deb ...
Unpacking dpkg-cross (2.6.15-3) ...
Selecting previously unselected package crossbuild-essential-armhf.
Preparing to unpack .../067-crossbuild-essential-armhf_12.6_all.deb ...
Unpacking crossbuild-essential-armhf (12.6) ...
Selecting previously unselected package libtool.
Preparing to unpack .../068-libtool_2.4.6-10_all.deb ...
Unpacking libtool (2.4.6-10) ...
Selecting previously unselected package dh-autoreconf.
Preparing to unpack .../069-dh-autoreconf_19_all.deb ...
Unpacking dh-autoreconf (19) ...
Selecting previously unselected package libarchive-zip-perl.
Preparing to unpack .../070-libarchive-zip-perl_1.64-1_all.deb ...
Unpacking libarchive-zip-perl (1.64-1) ...
Selecting previously unselected package libfile-stripnondeterminism-perl.
Preparing to unpack .../071-libfile-stripnondeterminism-perl_1.1.2-1_all.deb ...
Unpacking libfile-stripnondeterminism-perl (1.1.2-1) ...
Selecting previously unselected package dh-strip-nondeterminism.
Preparing to unpack .../072-dh-strip-nondeterminism_1.1.2-1_all.deb ...
Unpacking dh-strip-nondeterminism (1.1.2-1) ...
Selecting previously unselected package dwz.
Preparing to unpack .../073-dwz_0.12-3_amd64.deb ...
Unpacking dwz (0.12-3) ...
Selecting previously unselected package libglib2.0-0:amd64.
Preparing to unpack .../074-libglib2.0-0_2.58.3-2_amd64.deb ...
Unpacking libglib2.0-0:amd64 (2.58.3-2) ...
Selecting previously unselected package libcroco3:amd64.
Preparing to unpack .../075-libcroco3_0.6.12-3_amd64.deb ...
Unpacking libcroco3:amd64 (0.6.12-3) ...
Selecting previously unselected package gettext.
Preparing to unpack .../076-gettext_0.19.8.1-9_amd64.deb ...
Unpacking gettext (0.19.8.1-9) ...
Selecting previously unselected package intltool-debian.
Preparing to unpack .../077-intltool-debian_0.35.0+20060710.5_all.deb ...
Unpacking intltool-debian (0.35.0+20060710.5) ...
Selecting previously unselected package po-debconf.
Preparing to unpack .../078-po-debconf_1.0.21_all.deb ...
Unpacking po-debconf (1.0.21) ...
Selecting previously unselected package debhelper.
Preparing to unpack .../079-debhelper_12.1.1_all.deb ...
Unpacking debhelper (12.1.1) ...
Selecting previously unselected package libedit2:amd64.
Preparing to unpack .../080-libedit2_3.1-20181209-1_amd64.deb ...
Unpacking libedit2:amd64 (3.1-20181209-1) ...
Selecting previously unselected package libllvm6.0:amd64.
Preparing to unpack .../081-libllvm6.0_1%3a6.0.1-11_amd64.deb ...
Unpacking libllvm6.0:amd64 (1:6.0.1-11) ...
Selecting previously unselected package libclang1-6.0.
Preparing to unpack .../082-libclang1-6.0_1%3a6.0.1-11_amd64.deb ...
Unpacking libclang1-6.0 (1:6.0.1-11) ...
Selecting previously unselected package libxapian30:amd64.
Preparing to unpack .../083-libxapian30_1.4.11-1_amd64.deb ...
Unpacking libxapian30:amd64 (1.4.11-1) ...
Selecting previously unselected package doxygen.
Preparing to unpack .../084-doxygen_1.8.13-10_amd64.deb ...
Unpacking doxygen (1.8.13-10) ...
Selecting previously unselected package libpng16-16:amd64.
Preparing to unpack .../085-libpng16-16_1.6.37-1_amd64.deb ...
Unpacking libpng16-16:amd64 (1.6.37-1) ...
Selecting previously unselected package libfreetype6:amd64.
Preparing to unpack .../086-libfreetype6_2.9.1-3_amd64.deb ...
Unpacking libfreetype6:amd64 (2.9.1-3) ...
Selecting previously unselected package fonts-dejavu-core.
Preparing to unpack .../087-fonts-dejavu-core_2.37-1_all.deb ...
Unpacking fonts-dejavu-core (2.37-1) ...
Selecting previously unselected package fontconfig-config.
Preparing to unpack .../088-fontconfig-config_2.13.1-2_all.deb ...
Unpacking fontconfig-config (2.13.1-2) ...
Selecting previously unselected package libfontconfig1:amd64.
Preparing to unpack .../089-libfontconfig1_2.13.1-2_amd64.deb ...
Unpacking libfontconfig1:amd64 (2.13.1-2) ...
Selecting previously unselected package fontconfig.
Preparing to unpack .../090-fontconfig_2.13.1-2_amd64.deb ...
Unpacking fontconfig (2.13.1-2) ...
Selecting previously unselected package libpixman-1-0:amd64.
Preparing to unpack .../091-libpixman-1-0_0.36.0-1_amd64.deb ...
Unpacking libpixman-1-0:amd64 (0.36.0-1) ...
Selecting previously unselected package libxau6:amd64.
Preparing to unpack .../092-libxau6_1%3a1.0.8-1+b2_amd64.deb ...
Unpacking libxau6:amd64 (1:1.0.8-1+b2) ...
Selecting previously unselected package libxdmcp6:amd64.
Preparing to unpack .../093-libxdmcp6_1%3a1.1.2-3_amd64.deb ...
Unpacking libxdmcp6:amd64 (1:1.1.2-3) ...
Selecting previously unselected package libxcb1:amd64.
Preparing to unpack .../094-libxcb1_1.13.1-2_amd64.deb ...
Unpacking libxcb1:amd64 (1.13.1-2) ...
Selecting previously unselected package libx11-data.
Preparing to unpack .../095-libx11-data_2%3a1.6.7-1_all.deb ...
Unpacking libx11-data (2:1.6.7-1) ...
Selecting previously unselected package libx11-6:amd64.
Preparing to unpack .../096-libx11-6_2%3a1.6.7-1_amd64.deb ...
Unpacking libx11-6:amd64 (2:1.6.7-1) ...
Selecting previously unselected package libxcb-render0:amd64.
Preparing to unpack .../097-libxcb-render0_1.13.1-2_amd64.deb ...
Unpacking libxcb-render0:amd64 (1.13.1-2) ...
Selecting previously unselected package libxcb-shm0:amd64.
Preparing to unpack .../098-libxcb-shm0_1.13.1-2_amd64.deb ...
Unpacking libxcb-shm0:amd64 (1.13.1-2) ...
Selecting previously unselected package libxext6:amd64.
Preparing to unpack .../099-libxext6_2%3a1.3.3-1+b2_amd64.deb ...
Unpacking libxext6:amd64 (2:1.3.3-1+b2) ...
Selecting previously unselected package libxrender1:amd64.
Preparing to unpack .../100-libxrender1_1%3a0.9.10-1_amd64.deb ...
Unpacking libxrender1:amd64 (1:0.9.10-1) ...
Selecting previously unselected package libcairo2:amd64.
Preparing to unpack .../101-libcairo2_1.16.0-4_amd64.deb ...
Unpacking libcairo2:amd64 (1.16.0-4) ...
Selecting previously unselected package libcdt5.
Preparing to unpack .../102-libcdt5_2.40.1-6_amd64.deb ...
Unpacking libcdt5 (2.40.1-6) ...
Selecting previously unselected package libcgraph6.
Preparing to unpack .../103-libcgraph6_2.40.1-6_amd64.deb ...
Unpacking libcgraph6 (2.40.1-6) ...
Selecting previously unselected package libjpeg62-turbo:amd64.
Preparing to unpack .../104-libjpeg62-turbo_1%3a1.5.2-2+b1_amd64.deb ...
Unpacking libjpeg62-turbo:amd64 (1:1.5.2-2+b1) ...
Selecting previously unselected package libjbig0:amd64.
Preparing to unpack .../105-libjbig0_2.1-3.1+b2_amd64.deb ...
Unpacking libjbig0:amd64 (2.1-3.1+b2) ...
Selecting previously unselected package libwebp6:amd64.
Preparing to unpack .../106-libwebp6_0.6.1-2_amd64.deb ...
Unpacking libwebp6:amd64 (0.6.1-2) ...
Selecting previously unselected package libtiff5:amd64.
Preparing to unpack .../107-libtiff5_4.0.10-4_amd64.deb ...
Unpacking libtiff5:amd64 (4.0.10-4) ...
Selecting previously unselected package libxpm4:amd64.
Preparing to unpack .../108-libxpm4_1%3a3.5.12-1_amd64.deb ...
Unpacking libxpm4:amd64 (1:3.5.12-1) ...
Selecting previously unselected package libgd3:amd64.
Preparing to unpack .../109-libgd3_2.2.5-5.2_amd64.deb ...
Unpacking libgd3:amd64 (2.2.5-5.2) ...
Selecting previously unselected package libgts-0.7-5:amd64.
Preparing to unpack .../110-libgts-0.7-5_0.7.6+darcs121130-4_amd64.deb ...
Unpacking libgts-0.7-5:amd64 (0.7.6+darcs121130-4) ...
Selecting previously unselected package libltdl7:amd64.
Preparing to unpack .../111-libltdl7_2.4.6-10_amd64.deb ...
Unpacking libltdl7:amd64 (2.4.6-10) ...
Selecting previously unselected package libfribidi0:amd64.
Preparing to unpack .../112-libfribidi0_1.0.5-3.1_amd64.deb ...
Unpacking libfribidi0:amd64 (1.0.5-3.1) ...
Selecting previously unselected package libthai-data.
Preparing to unpack .../113-libthai-data_0.1.28-2_all.deb ...
Unpacking libthai-data (0.1.28-2) ...
Selecting previously unselected package libdatrie1:amd64.
Preparing to unpack .../114-libdatrie1_0.2.12-2_amd64.deb ...
Unpacking libdatrie1:amd64 (0.2.12-2) ...
Selecting previously unselected package libthai0:amd64.
Preparing to unpack .../115-libthai0_0.1.28-2_amd64.deb ...
Unpacking libthai0:amd64 (0.1.28-2) ...
Selecting previously unselected package libpango-1.0-0:amd64.
Preparing to unpack .../116-libpango-1.0-0_1.42.4-6_amd64.deb ...
Unpacking libpango-1.0-0:amd64 (1.42.4-6) ...
Selecting previously unselected package libgraphite2-3:amd64.
Preparing to unpack .../117-libgraphite2-3_1.3.13-7_amd64.deb ...
Unpacking libgraphite2-3:amd64 (1.3.13-7) ...
Selecting previously unselected package libharfbuzz0b:amd64.
Preparing to unpack .../118-libharfbuzz0b_2.3.1-1_amd64.deb ...
Unpacking libharfbuzz0b:amd64 (2.3.1-1) ...
Selecting previously unselected package libpangoft2-1.0-0:amd64.
Preparing to unpack .../119-libpangoft2-1.0-0_1.42.4-6_amd64.deb ...
Unpacking libpangoft2-1.0-0:amd64 (1.42.4-6) ...
Selecting previously unselected package libpangocairo-1.0-0:amd64.
Preparing to unpack .../120-libpangocairo-1.0-0_1.42.4-6_amd64.deb ...
Unpacking libpangocairo-1.0-0:amd64 (1.42.4-6) ...
Selecting previously unselected package libpathplan4.
Preparing to unpack .../121-libpathplan4_2.40.1-6_amd64.deb ...
Unpacking libpathplan4 (2.40.1-6) ...
Selecting previously unselected package libxdot4.
Preparing to unpack .../122-libxdot4_2.40.1-6_amd64.deb ...
Unpacking libxdot4 (2.40.1-6) ...
Selecting previously unselected package libgvc6.
Preparing to unpack .../123-libgvc6_2.40.1-6_amd64.deb ...
Unpacking libgvc6 (2.40.1-6) ...
Selecting previously unselected package libgvpr2.
Preparing to unpack .../124-libgvpr2_2.40.1-6_amd64.deb ...
Unpacking libgvpr2 (2.40.1-6) ...
Selecting previously unselected package x11-common.
Preparing to unpack .../125-x11-common_1%3a7.7+19_all.deb ...
Unpacking x11-common (1:7.7+19) ...
Selecting previously unselected package libice6:amd64.
Preparing to unpack .../126-libice6_2%3a1.0.9-2_amd64.deb ...
Unpacking libice6:amd64 (2:1.0.9-2) ...
Selecting previously unselected package liblab-gamut1.
Preparing to unpack .../127-liblab-gamut1_2.40.1-6_amd64.deb ...
Unpacking liblab-gamut1 (2.40.1-6) ...
Selecting previously unselected package libsm6:amd64.
Preparing to unpack .../128-libsm6_2%3a1.2.3-1_amd64.deb ...
Unpacking libsm6:amd64 (2:1.2.3-1) ...
Selecting previously unselected package libxt6:amd64.
Preparing to unpack .../129-libxt6_1%3a1.1.5-1+b3_amd64.deb ...
Unpacking libxt6:amd64 (1:1.1.5-1+b3) ...
Selecting previously unselected package libxmu6:amd64.
Preparing to unpack .../130-libxmu6_2%3a1.1.2-2+b3_amd64.deb ...
Unpacking libxmu6:amd64 (2:1.1.2-2+b3) ...
Selecting previously unselected package libxaw7:amd64.
Preparing to unpack .../131-libxaw7_2%3a1.0.13-1+b2_amd64.deb ...
Unpacking libxaw7:amd64 (2:1.0.13-1+b2) ...
Selecting previously unselected package graphviz.
Preparing to unpack .../132-graphviz_2.40.1-6_amd64.deb ...
Unpacking graphviz (2.40.1-6) ...
Selecting previously unselected package icu-devtools.
Preparing to unpack .../133-icu-devtools_63.2-2_amd64.deb ...
Unpacking icu-devtools (63.2-2) ...
Selecting previously unselected package libstdc++6:armhf.
Preparing to unpack .../134-libstdc++6_8.3.0-7_armhf.deb ...
Unpacking libstdc++6:armhf (8.3.0-7) ...
Selecting previously unselected package libasan5:armhf.
Preparing to unpack .../135-libasan5_8.3.0-7_armhf.deb ...
Unpacking libasan5:armhf (8.3.0-7) ...
Selecting previously unselected package libatomic1:armhf.
Preparing to unpack .../136-libatomic1_8.3.0-7_armhf.deb ...
Unpacking libatomic1:armhf (8.3.0-7) ...
Selecting previously unselected package libxau6:armhf.
Preparing to unpack .../137-libxau6_1%3a1.0.8-1+b2_armhf.deb ...
Unpacking libxau6:armhf (1:1.0.8-1+b2) ...
Selecting previously unselected package libbsd0:armhf.
Preparing to unpack .../138-libbsd0_0.9.1-2_armhf.deb ...
Unpacking libbsd0:armhf (0.9.1-2) ...
Selecting previously unselected package libice6:armhf.
Preparing to unpack .../139-libice6_2%3a1.0.9-2_armhf.deb ...
Unpacking libice6:armhf (2:1.0.9-2) ...
Selecting previously unselected package libuuid1:armhf.
Preparing to unpack .../140-libuuid1_2.33.1-0.1_armhf.deb ...
Unpacking libuuid1:armhf (2.33.1-0.1) ...
Selecting previously unselected package libsm6:armhf.
Preparing to unpack .../141-libsm6_2%3a1.2.3-1_armhf.deb ...
Unpacking libsm6:armhf (2:1.2.3-1) ...
Selecting previously unselected package libxdmcp6:armhf.
Preparing to unpack .../142-libxdmcp6_1%3a1.1.2-3_armhf.deb ...
Unpacking libxdmcp6:armhf (1:1.1.2-3) ...
Selecting previously unselected package libxcb1:armhf.
Preparing to unpack .../143-libxcb1_1.13.1-2_armhf.deb ...
Unpacking libxcb1:armhf (1.13.1-2) ...
Selecting previously unselected package libx11-6:armhf.
Preparing to unpack .../144-libx11-6_2%3a1.6.7-1_armhf.deb ...
Unpacking libx11-6:armhf (2:1.6.7-1) ...
Selecting previously unselected package libxt6:armhf.
Preparing to unpack .../145-libxt6_1%3a1.1.5-1+b3_armhf.deb ...
Unpacking libxt6:armhf (1:1.1.5-1+b3) ...
Selecting previously unselected package libaudio2:armhf.
Preparing to unpack .../146-libaudio2_1.9.4-6_armhf.deb ...
Unpacking libaudio2:armhf (1.9.4-6) ...
Selecting previously unselected package libaudio2:amd64.
Preparing to unpack .../147-libaudio2_1.9.4-6_amd64.deb ...
Unpacking libaudio2:amd64 (1.9.4-6) ...
Selecting previously unselected package libblkid1:armhf.
Preparing to unpack .../148-libblkid1_2.33.1-0.1_armhf.deb ...
Unpacking libblkid1:armhf (2.33.1-0.1) ...
Selecting previously unselected package linux-libc-dev:armhf.
Preparing to unpack .../149-linux-libc-dev_4.19.37-5_armhf.deb ...
Unpacking linux-libc-dev:armhf (4.19.37-5) ...
Selecting previously unselected package libc6-dev:armhf.
Preparing to unpack .../150-libc6-dev_2.28-10_armhf.deb ...
Unpacking libc6-dev:armhf (2.28-10) ...
Selecting previously unselected package zlib1g:armhf.
Preparing to unpack .../151-zlib1g_1%3a1.2.11.dfsg-1_armhf.deb ...
Unpacking zlib1g:armhf (1:1.2.11.dfsg-1) ...
Selecting previously unselected package libclucene-core1v5:armhf.
Preparing to unpack .../152-libclucene-core1v5_2.3.3.4+dfsg-1_armhf.deb ...
Unpacking libclucene-core1v5:armhf (2.3.3.4+dfsg-1) ...
Selecting previously unselected package libclucene-contribs1v5:armhf.
Preparing to unpack .../153-libclucene-contribs1v5_2.3.3.4+dfsg-1_armhf.deb ...
Unpacking libclucene-contribs1v5:armhf (2.3.3.4+dfsg-1) ...
Selecting previously unselected package libclucene-dev:armhf.
Preparing to unpack .../154-libclucene-dev_2.3.3.4+dfsg-1_armhf.deb ...
Unpacking libclucene-dev:armhf (2.3.3.4+dfsg-1) ...
Selecting previously unselected package libcom-err2:armhf.
Preparing to unpack .../155-libcom-err2_1.45.2-1_armhf.deb ...
Unpacking libcom-err2:armhf (1.45.2-1) ...
Selecting previously unselected package libgmp10:armhf.
Preparing to unpack .../156-libgmp10_2%3a6.1.2+dfsg-4_armhf.deb ...
Unpacking libgmp10:armhf (2:6.1.2+dfsg-4) ...
Selecting previously unselected package libnettle6:armhf.
Preparing to unpack .../157-libnettle6_3.4.1-1_armhf.deb ...
Unpacking libnettle6:armhf (3.4.1-1) ...
Selecting previously unselected package libhogweed4:armhf.
Preparing to unpack .../158-libhogweed4_3.4.1-1_armhf.deb ...
Unpacking libhogweed4:armhf (3.4.1-1) ...
Selecting previously unselected package libunistring2:armhf.
Preparing to unpack .../159-libunistring2_0.9.10-1_armhf.deb ...
Unpacking libunistring2:armhf (0.9.10-1) ...
Selecting previously unselected package libidn2-0:armhf.
Preparing to unpack .../160-libidn2-0_2.0.5-1_armhf.deb ...
Unpacking libidn2-0:armhf (2.0.5-1) ...
Selecting previously unselected package libffi6:armhf.
Preparing to unpack .../161-libffi6_3.2.1-9_armhf.deb ...
Unpacking libffi6:armhf (3.2.1-9) ...
Selecting previously unselected package libp11-kit0:armhf.
Preparing to unpack .../162-libp11-kit0_0.23.15-2_armhf.deb ...
Unpacking libp11-kit0:armhf (0.23.15-2) ...
Selecting previously unselected package libtasn1-6:armhf.
Preparing to unpack .../163-libtasn1-6_4.13-3_armhf.deb ...
Unpacking libtasn1-6:armhf (4.13-3) ...
Selecting previously unselected package libgnutls30:armhf.
Preparing to unpack .../164-libgnutls30_3.6.7-4_armhf.deb ...
Unpacking libgnutls30:armhf (3.6.7-4) ...
Selecting previously unselected package libkeyutils1:armhf.
Preparing to unpack .../165-libkeyutils1_1.6-6_armhf.deb ...
Unpacking libkeyutils1:armhf (1.6-6) ...
Selecting previously unselected package libkrb5support0:armhf.
Preparing to unpack .../166-libkrb5support0_1.17-3_armhf.deb ...
Unpacking libkrb5support0:armhf (1.17-3) ...
Selecting previously unselected package libk5crypto3:armhf.
Preparing to unpack .../167-libk5crypto3_1.17-3_armhf.deb ...
Unpacking libk5crypto3:armhf (1.17-3) ...
Selecting previously unselected package libssl1.1:armhf.
Preparing to unpack .../168-libssl1.1_1.1.1c-1_armhf.deb ...
Unpacking libssl1.1:armhf (1.1.1c-1) ...
Selecting previously unselected package libkrb5-3:armhf.
Preparing to unpack .../169-libkrb5-3_1.17-3_armhf.deb ...
Unpacking libkrb5-3:armhf (1.17-3) ...
Selecting previously unselected package libgssapi-krb5-2:armhf.
Preparing to unpack .../170-libgssapi-krb5-2_1.17-3_armhf.deb ...
Unpacking libgssapi-krb5-2:armhf (1.17-3) ...
Selecting previously unselected package libdb5.3:armhf.
Preparing to unpack .../171-libdb5.3_5.3.28+dfsg1-0.6_armhf.deb ...
Unpacking libdb5.3:armhf (5.3.28+dfsg1-0.6) ...
Selecting previously unselected package libsasl2-modules-db:armhf.
Preparing to unpack .../172-libsasl2-modules-db_2.1.27+dfsg-1_armhf.deb ...
Unpacking libsasl2-modules-db:armhf (2.1.27+dfsg-1) ...
Selecting previously unselected package libsasl2-2:armhf.
Preparing to unpack .../173-libsasl2-2_2.1.27+dfsg-1_armhf.deb ...
Unpacking libsasl2-2:armhf (2.1.27+dfsg-1) ...
Selecting previously unselected package libldap-2.4-2:armhf.
Preparing to unpack .../174-libldap-2.4-2_2.4.47+dfsg-3_armhf.deb ...
Unpacking libldap-2.4-2:armhf (2.4.47+dfsg-3) ...
Selecting previously unselected package libnghttp2-14:armhf.
Preparing to unpack .../175-libnghttp2-14_1.37.0-1_armhf.deb ...
Unpacking libnghttp2-14:armhf (1.37.0-1) ...
Selecting previously unselected package libpsl5:armhf.
Preparing to unpack .../176-libpsl5_0.20.2-2_armhf.deb ...
Unpacking libpsl5:armhf (0.20.2-2) ...
Selecting previously unselected package librtmp1:armhf.
Preparing to unpack .../177-librtmp1_2.4+20151223.gitfa8646d.1-2_armhf.deb ...
Unpacking librtmp1:armhf (2.4+20151223.gitfa8646d.1-2) ...
Selecting previously unselected package libssh2-1:armhf.
Preparing to unpack .../178-libssh2-1_1.8.0-2.1_armhf.deb ...
Unpacking libssh2-1:armhf (1.8.0-2.1) ...
Selecting previously unselected package libcurl3-gnutls:armhf.
Preparing to unpack .../179-libcurl3-gnutls_7.64.0-4_armhf.deb ...
Unpacking libcurl3-gnutls:armhf (7.64.0-4) ...
Selecting previously unselected package libcurl4-gnutls-dev:armhf.
Preparing to unpack .../180-libcurl4-gnutls-dev_7.64.0-4_armhf.deb ...
Unpacking libcurl4-gnutls-dev:armhf (7.64.0-4) ...
Selecting previously unselected package libdbus-1-3:armhf.
Preparing to unpack .../181-libdbus-1-3_1.12.16-1_armhf.deb ...
Unpacking libdbus-1-3:armhf (1.12.16-1) ...
Selecting previously unselected package libdbus-1-3:amd64.
Preparing to unpack .../182-libdbus-1-3_1.12.16-1_amd64.deb ...
Unpacking libdbus-1-3:amd64 (1.12.16-1) ...
Selecting previously unselected package libexpat1:armhf.
Preparing to unpack .../183-libexpat1_2.2.6-2_armhf.deb ...
Unpacking libexpat1:armhf (2.2.6-2) ...
Selecting previously unselected package libpng16-16:armhf.
Preparing to unpack .../184-libpng16-16_1.6.37-1_armhf.deb ...
Unpacking libpng16-16:armhf (1.6.37-1) ...
Selecting previously unselected package libfreetype6:armhf.
Preparing to unpack .../185-libfreetype6_2.9.1-3_armhf.deb ...
Unpacking libfreetype6:armhf (2.9.1-3) ...
Selecting previously unselected package libfontconfig1:armhf.
Preparing to unpack .../186-libfontconfig1_2.13.1-2_armhf.deb ...
Unpacking libfontconfig1:armhf (2.13.1-2) ...
Selecting previously unselected package libgomp1:armhf.
Preparing to unpack .../187-libgomp1_8.3.0-7_armhf.deb ...
Unpacking libgomp1:armhf (8.3.0-7) ...
Selecting previously unselected package libubsan1:armhf.
Preparing to unpack .../188-libubsan1_8.3.0-7_armhf.deb ...
Unpacking libubsan1:armhf (8.3.0-7) ...
Selecting previously unselected package libgcc-8-dev:armhf.
Preparing to unpack .../189-libgcc-8-dev_8.3.0-7_armhf.deb ...
Unpacking libgcc-8-dev:armhf (8.3.0-7) ...
Selecting previously unselected package libpcre3:armhf.
Preparing to unpack .../190-libpcre3_2%3a8.39-12_armhf.deb ...
Unpacking libpcre3:armhf (2:8.39-12) ...
Selecting previously unselected package libselinux1:armhf.
Preparing to unpack .../191-libselinux1_2.8-1+b1_armhf.deb ...
Unpacking libselinux1:armhf (2.8-1+b1) ...
Selecting previously unselected package libmount1:armhf.
Preparing to unpack .../192-libmount1_2.33.1-0.1_armhf.deb ...
Unpacking libmount1:armhf (2.33.1-0.1) ...
Selecting previously unselected package libglib2.0-0:armhf.
Preparing to unpack .../193-libglib2.0-0_2.58.3-2_armhf.deb ...
Unpacking libglib2.0-0:armhf (2.58.3-2) ...
Selecting previously unselected package libgmpxx4ldbl:armhf.
Preparing to unpack .../194-libgmpxx4ldbl_2%3a6.1.2+dfsg-4_armhf.deb ...
Unpacking libgmpxx4ldbl:armhf (2:6.1.2+dfsg-4) ...
Selecting previously unselected package libgmp-dev:armhf.
Preparing to unpack .../195-libgmp-dev_2%3a6.1.2+dfsg-4_armhf.deb ...
Unpacking libgmp-dev:armhf (2:6.1.2+dfsg-4) ...
Selecting previously unselected package libicu63:armhf.
Preparing to unpack .../196-libicu63_63.2-2_armhf.deb ...
Unpacking libicu63:armhf (63.2-2) ...
Selecting previously unselected package libicu-dev:armhf.
Preparing to unpack .../197-libicu-dev_63.2-2_armhf.deb ...
Unpacking libicu-dev:armhf (63.2-2) ...
Selecting previously unselected package libiodbc2:armhf.
Preparing to unpack .../198-libiodbc2_3.52.9-2.1_armhf.deb ...
Unpacking libiodbc2:armhf (3.52.9-2.1) ...
Selecting previously unselected package libiodbc2-dev:armhf.
Preparing to unpack .../199-libiodbc2-dev_3.52.9-2.1_armhf.deb ...
Unpacking libiodbc2-dev:armhf (3.52.9-2.1) ...
Selecting previously unselected package libjbig0:armhf.
Preparing to unpack .../200-libjbig0_2.1-3.1+b2_armhf.deb ...
Unpacking libjbig0:armhf (2.1-3.1+b2) ...
Selecting previously unselected package libjpeg62-turbo:armhf.
Preparing to unpack .../201-libjpeg62-turbo_1%3a1.5.2-2+b1_armhf.deb ...
Unpacking libjpeg62-turbo:armhf (1:1.5.2-2+b1) ...
Selecting previously unselected package liblcms2-2:amd64.
Preparing to unpack .../202-liblcms2-2_2.9-3_amd64.deb ...
Unpacking liblcms2-2:amd64 (2.9-3) ...
Selecting previously unselected package liblcms2-2:armhf.
Preparing to unpack .../203-liblcms2-2_2.9-3_armhf.deb ...
Unpacking liblcms2-2:armhf (2.9-3) ...
Selecting previously unselected package libltdl7:armhf.
Preparing to unpack .../204-libltdl7_2.4.6-10_armhf.deb ...
Unpacking libltdl7:armhf (2.4.6-10) ...
Selecting previously unselected package libmhash2:armhf.
Preparing to unpack .../205-libmhash2_0.9.9.9-7+b1_armhf.deb ...
Unpacking libmhash2:armhf (0.9.9.9-7+b1) ...
Selecting previously unselected package libmng1:armhf.
Preparing to unpack .../206-libmng1_1.0.10+dfsg-3.1+b5_armhf.deb ...
Unpacking libmng1:armhf (1.0.10+dfsg-3.1+b5) ...
Selecting previously unselected package libmng1:amd64.
Preparing to unpack .../207-libmng1_1.0.10+dfsg-3.1+b5_amd64.deb ...
Unpacking libmng1:amd64 (1.0.10+dfsg-3.1+b5) ...
Selecting previously unselected package qtcore4-l10n.
Preparing to unpack .../208-qtcore4-l10n_4%3a4.8.7+dfsg-18_all.deb ...
Unpacking qtcore4-l10n (4:4.8.7+dfsg-18) ...
Selecting previously unselected package libqtcore4:armhf.
Preparing to unpack .../209-libqtcore4_4%3a4.8.7+dfsg-18_armhf.deb ...
Unpacking libqtcore4:armhf (4:4.8.7+dfsg-18) ...
Selecting previously unselected package libqt4-xml:armhf.
Preparing to unpack .../210-libqt4-xml_4%3a4.8.7+dfsg-18_armhf.deb ...
Unpacking libqt4-xml:armhf (4:4.8.7+dfsg-18) ...
Selecting previously unselected package libqtdbus4:armhf.
Preparing to unpack .../211-libqtdbus4_4%3a4.8.7+dfsg-18_armhf.deb ...
Unpacking libqtdbus4:armhf (4:4.8.7+dfsg-18) ...
Selecting previously unselected package qtchooser.
Preparing to unpack .../212-qtchooser_66-2_amd64.deb ...
Unpacking qtchooser (66-2) ...
Selecting previously unselected package libqtcore4:amd64.
Preparing to unpack .../213-libqtcore4_4%3a4.8.7+dfsg-18_amd64.deb ...
Unpacking libqtcore4:amd64 (4:4.8.7+dfsg-18) ...
Selecting previously unselected package libqt4-xml:amd64.
Preparing to unpack .../214-libqt4-xml_4%3a4.8.7+dfsg-18_amd64.deb ...
Unpacking libqt4-xml:amd64 (4:4.8.7+dfsg-18) ...
Selecting previously unselected package libqtdbus4:amd64.
Preparing to unpack .../215-libqtdbus4_4%3a4.8.7+dfsg-18_amd64.deb ...
Unpacking libqtdbus4:amd64 (4:4.8.7+dfsg-18) ...
Selecting previously unselected package qdbus.
Preparing to unpack .../216-qdbus_4%3a4.8.7+dfsg-18_amd64.deb ...
Unpacking qdbus (4:4.8.7+dfsg-18) ...
Selecting previously unselected package libqt4-dbus:armhf.
Preparing to unpack .../217-libqt4-dbus_4%3a4.8.7+dfsg-18_armhf.deb ...
Unpacking libqt4-dbus:armhf (4:4.8.7+dfsg-18) ...
Selecting previously unselected package libqt4-network:armhf.
Preparing to unpack .../218-libqt4-network_4%3a4.8.7+dfsg-18_armhf.deb ...
Unpacking libqt4-network:armhf (4:4.8.7+dfsg-18) ...
Selecting previously unselected package libqt4-script:armhf.
Preparing to unpack .../219-libqt4-script_4%3a4.8.7+dfsg-18_armhf.deb ...
Unpacking libqt4-script:armhf (4:4.8.7+dfsg-18) ...
Selecting previously unselected package libqt4-sql:armhf.
Preparing to unpack .../220-libqt4-sql_4%3a4.8.7+dfsg-18_armhf.deb ...
Unpacking libqt4-sql:armhf (4:4.8.7+dfsg-18) ...
Selecting previously unselected package libqt4-xmlpatterns:armhf.
Preparing to unpack .../221-libqt4-xmlpatterns_4%3a4.8.7+dfsg-18_armhf.deb ...
Unpacking libqt4-xmlpatterns:armhf (4:4.8.7+dfsg-18) ...
Selecting previously unselected package libwebp6:armhf.
Preparing to unpack .../222-libwebp6_0.6.1-2_armhf.deb ...
Unpacking libwebp6:armhf (0.6.1-2) ...
Selecting previously unselected package libzstd1:armhf.
Preparing to unpack .../223-libzstd1_1.3.8+dfsg-3_armhf.deb ...
Unpacking libzstd1:armhf (1.3.8+dfsg-3) ...
Selecting previously unselected package libtiff5:armhf.
Preparing to unpack .../224-libtiff5_4.0.10-4_armhf.deb ...
Unpacking libtiff5:armhf (4.0.10-4) ...
Selecting previously unselected package libxext6:armhf.
Preparing to unpack .../225-libxext6_2%3a1.3.3-1+b2_armhf.deb ...
Unpacking libxext6:armhf (2:1.3.3-1+b2) ...
Selecting previously unselected package libxrender1:armhf.
Preparing to unpack .../226-libxrender1_1%3a0.9.10-1_armhf.deb ...
Unpacking libxrender1:armhf (1:0.9.10-1) ...
Selecting previously unselected package libqtgui4:armhf.
Preparing to unpack .../227-libqtgui4_4%3a4.8.7+dfsg-18_armhf.deb ...
Unpacking libqtgui4:armhf (4:4.8.7+dfsg-18) ...
Selecting previously unselected package libqt4-declarative:armhf.
Preparing to unpack .../228-libqt4-declarative_4%3a4.8.7+dfsg-18_armhf.deb ...
Unpacking libqt4-declarative:armhf (4:4.8.7+dfsg-18) ...
Selecting previously unselected package libqt4-designer:armhf.
Preparing to unpack .../229-libqt4-designer_4%3a4.8.7+dfsg-18_armhf.deb ...
Unpacking libqt4-designer:armhf (4:4.8.7+dfsg-18) ...
Selecting previously unselected package libqt4-script:amd64.
Preparing to unpack .../230-libqt4-script_4%3a4.8.7+dfsg-18_amd64.deb ...
Unpacking libqt4-script:amd64 (4:4.8.7+dfsg-18) ...
Selecting previously unselected package libqtgui4:amd64.
Preparing to unpack .../231-libqtgui4_4%3a4.8.7+dfsg-18_amd64.deb ...
Unpacking libqtgui4:amd64 (4:4.8.7+dfsg-18) ...
Selecting previously unselected package libqt4-designer:amd64.
Preparing to unpack .../232-libqt4-designer_4%3a4.8.7+dfsg-18_amd64.deb ...
Unpacking libqt4-designer:amd64 (4:4.8.7+dfsg-18) ...
Selecting previously unselected package libqt4-network:amd64.
Preparing to unpack .../233-libqt4-network_4%3a4.8.7+dfsg-18_amd64.deb ...
Unpacking libqt4-network:amd64 (4:4.8.7+dfsg-18) ...
Selecting previously unselected package libqt4-sql:amd64.
Preparing to unpack .../234-libqt4-sql_4%3a4.8.7+dfsg-18_amd64.deb ...
Unpacking libqt4-sql:amd64 (4:4.8.7+dfsg-18) ...
Selecting previously unselected package libqt4-qt3support:amd64.
Preparing to unpack .../235-libqt4-qt3support_4%3a4.8.7+dfsg-18_amd64.deb ...
Unpacking libqt4-qt3support:amd64 (4:4.8.7+dfsg-18) ...
Selecting previously unselected package libqt4-dev-bin.
Preparing to unpack .../236-libqt4-dev-bin_4%3a4.8.7+dfsg-18_amd64.deb ...
Unpacking libqt4-dev-bin (4:4.8.7+dfsg-18) ...
Selecting previously unselected package libqt4-help:armhf.
Preparing to unpack .../237-libqt4-help_4%3a4.8.7+dfsg-18_armhf.deb ...
Unpacking libqt4-help:armhf (4:4.8.7+dfsg-18) ...
Selecting previously unselected package libqt4-qt3support:armhf.
Preparing to unpack .../238-libqt4-qt3support_4%3a4.8.7+dfsg-18_armhf.deb ...
Unpacking libqt4-qt3support:armhf (4:4.8.7+dfsg-18) ...
Selecting previously unselected package libqt4-scripttools:armhf.
Preparing to unpack .../239-libqt4-scripttools_4%3a4.8.7+dfsg-18_armhf.deb ...
Unpacking libqt4-scripttools:armhf (4:4.8.7+dfsg-18) ...
Selecting previously unselected package libqt4-svg:armhf.
Preparing to unpack .../240-libqt4-svg_4%3a4.8.7+dfsg-18_armhf.deb ...
Unpacking libqt4-svg:armhf (4:4.8.7+dfsg-18) ...
Selecting previously unselected package libqt4-test:armhf.
Preparing to unpack .../241-libqt4-test_4%3a4.8.7+dfsg-18_armhf.deb ...
Unpacking libqt4-test:armhf (4:4.8.7+dfsg-18) ...
Selecting previously unselected package qt4-linguist-tools.
Preparing to unpack .../242-qt4-linguist-tools_4%3a4.8.7+dfsg-18_amd64.deb ...
Unpacking qt4-linguist-tools (4:4.8.7+dfsg-18) ...
Selecting previously unselected package qt4-qmake.
Preparing to unpack .../243-qt4-qmake_4%3a4.8.7+dfsg-18_amd64.deb ...
Unpacking qt4-qmake (4:4.8.7+dfsg-18) ...
Selecting previously unselected package libqt4-dev:armhf.
Preparing to unpack .../244-libqt4-dev_4%3a4.8.7+dfsg-18_armhf.deb ...
Unpacking libqt4-dev:armhf (4:4.8.7+dfsg-18) ...
Selecting previously unselected package libxml2:armhf.
Preparing to unpack .../245-libxml2_2.9.4+dfsg1-7+b3_armhf.deb ...
Unpacking libxml2:armhf (2.9.4+dfsg1-7+b3) ...
Selecting previously unselected package libxslt1.1:armhf.
Preparing to unpack .../246-libxslt1.1_1.1.32-2_armhf.deb ...
Unpacking libxslt1.1:armhf (1.1.32-2) ...
Selecting previously unselected package libyajl2:armhf.
Preparing to unpack .../247-libyajl2_2.1.0-3_armhf.deb ...
Unpacking libyajl2:armhf (2.1.0-3) ...
Selecting previously unselected package libraptor2-0:armhf.
Preparing to unpack .../248-libraptor2-0_2.0.14-1+b1_armhf.deb ...
Unpacking libraptor2-0:armhf (2.0.14-1+b1) ...
Selecting previously unselected package libxml2-dev:armhf.
Preparing to unpack .../249-libxml2-dev_2.9.4+dfsg1-7+b3_armhf.deb ...
Unpacking libxml2-dev:armhf (2.9.4+dfsg1-7+b3) ...
Selecting previously unselected package libxslt1-dev:armhf.
Preparing to unpack .../250-libxslt1-dev_1.1.32-2_armhf.deb ...
Unpacking libxslt1-dev:armhf (1.1.32-2) ...
Selecting previously unselected package pkg-config.
Preparing to unpack .../251-pkg-config_0.29-6_amd64.deb ...
Unpacking pkg-config (0.29-6) ...
Selecting previously unselected package libyajl-dev:armhf.
Preparing to unpack .../252-libyajl-dev_2.1.0-3_armhf.deb ...
Unpacking libyajl-dev:armhf (2.1.0-3) ...
Selecting previously unselected package libraptor2-dev:armhf.
Preparing to unpack .../253-libraptor2-dev_2.0.14-1+b1_armhf.deb ...
Unpacking libraptor2-dev:armhf (2.0.14-1+b1) ...
Selecting previously unselected package librasqal3:armhf.
Preparing to unpack .../254-librasqal3_0.9.32-1+b1_armhf.deb ...
Unpacking librasqal3:armhf (0.9.32-1+b1) ...
Selecting previously unselected package librasqal3-dev:armhf.
Preparing to unpack .../255-librasqal3-dev_0.9.32-1+b1_armhf.deb ...
Unpacking librasqal3-dev:armhf (0.9.32-1+b1) ...
Selecting previously unselected package librdf0:armhf.
Preparing to unpack .../256-librdf0_1.0.17-1.1+b1_armhf.deb ...
Unpacking librdf0:armhf (1.0.17-1.1+b1) ...
Selecting previously unselected package librdf0-dev:armhf.
Preparing to unpack .../257-librdf0-dev_1.0.17-1.1+b1_armhf.deb ...
Unpacking librdf0-dev:armhf (1.0.17-1.1+b1) ...
Selecting previously unselected package libstdc++-8-dev:armhf.
Preparing to unpack .../258-libstdc++-8-dev_8.3.0-7_armhf.deb ...
Unpacking libstdc++-8-dev:armhf (8.3.0-7) ...
Selecting previously unselected package pkg-kde-tools.
Preparing to unpack .../259-pkg-kde-tools_0.15.29_all.deb ...
Unpacking pkg-kde-tools (0.15.29) ...
Selecting previously unselected package sbuild-build-depends-main-dummy:armhf.
Preparing to unpack .../260-sbuild-build-depends-main-dummy_0.invalid.0_armhf.deb ...
Unpacking sbuild-build-depends-main-dummy:armhf (0.invalid.0) ...
Setting up libconfig-inifiles-perl (3.000001-1) ...
Setting up libexpat1:armhf (2.2.6-2) ...
Setting up libpipeline1:amd64 (1.5.1-2) ...
Setting up libxdot4 (2.40.1-6) ...
Setting up libgraphite2-3:amd64 (1.3.13-7) ...
Setting up liblcms2-2:amd64 (2.9-3) ...
Setting up liblcms2-2:armhf (2.9-3) ...
Setting up libpixman-1-0:amd64 (0.36.0-1) ...
Setting up libxapian30:amd64 (1.4.11-1) ...
Setting up libzstd1:armhf (1.3.8+dfsg-3) ...
Setting up libfile-which-perl (1.23-1) ...
Setting up libxau6:amd64 (1:1.0.8-1+b2) ...
Setting up libxau6:armhf (1:1.0.8-1+b2) ...
Setting up libkeyutils1:amd64 (1.6-6) ...
Setting up libkeyutils1:armhf (1.6-6) ...
Setting up libpsl5:amd64 (0.20.2-2) ...
Setting up libc6-armhf-cross (2.28-10cross2) ...
Setting up mime-support (3.62) ...
Setting up libdatrie1:amd64 (0.2.12-2) ...
Setting up libmagic-mgc (1:5.35-4) ...
Setting up libarchive-zip-perl (1.64-1) ...
Setting up libglib2.0-0:amd64 (2.58.3-2) ...
No schema files found: doing nothing.
Setting up libssl1.1:armhf (1.1.1c-1) ...
Setting up gcc-8-cross-base (8.3.0-7cross1) ...
Setting up libprocps7:amd64 (2:3.3.15-2) ...
Setting up liblab-gamut1 (2.40.1-6) ...
Setting up libyajl2:armhf (2.1.0-3) ...
Setting up x11-common (1:7.7+19) ...
update-rc.d: warning: start and stop actions are no longer supported; falling back to defaults
invoke-rc.d: could not determine current runlevel
All runlevel operations denied by policy
invoke-rc.d: policy-rc.d denied execution of start.
Setting up libnghttp2-14:amd64 (1.37.0-1) ...
Setting up libnghttp2-14:armhf (1.37.0-1) ...
Setting up libmagic1:amd64 (1:5.35-4) ...
Setting up libunistring2:armhf (0.9.10-1) ...
Setting up linux-libc-dev:armhf (4.19.37-5) ...
Setting up libxml-namespacesupport-perl (1.12-1) ...
Setting up gettext-base (0.19.8.1-9) ...
Setting up zlib1g:armhf (1:1.2.11.dfsg-1) ...
Setting up libffi6:armhf (3.2.1-9) ...
Setting up libidn2-0:armhf (2.0.5-1) ...
Setting up libcom-err2:armhf (1.45.2-1) ...
Setting up file (1:5.35-4) ...
Setting up libatomic1-armhf-cross (8.3.0-7cross1) ...
Setting up libgomp1:armhf (8.3.0-7) ...
Setting up libyaml-perl (1.27-1) ...
Setting up libjbig0:amd64 (2.1-3.1+b2) ...
Setting up libjbig0:armhf (2.1-3.1+b2) ...
Setting up libicu63:amd64 (63.2-2) ...
Setting up libsystemd0:armhf (241-5) ...
Setting up libkrb5support0:amd64 (1.17-3) ...
Setting up libkrb5support0:armhf (1.17-3) ...
Setting up libgts-0.7-5:amd64 (0.7.6+darcs121130-4) ...
Setting up libxml-sax-base-perl (1.09-1) ...
Setting up libio-string-perl (1.08-3) ...
Setting up libpcre3:armhf (2:8.39-12) ...
Setting up autotools-dev (20180224.1) ...
Setting up cross-config (2.6.15-3) ...
Setting up libuv1:amd64 (1.24.1-1) ...
Setting up libgcc1-armhf-cross (1:8.3.0-7cross1) ...
Setting up libjpeg62-turbo:amd64 (1:1.5.2-2+b1) ...
Setting up libjpeg62-turbo:armhf (1:1.5.2-2+b1) ...
Setting up libx11-data (2:1.6.7-1) ...
Setting up librtmp1:amd64 (2.4+20151223.gitfa8646d.1-2) ...
Setting up gcc-8-arm-linux-gnueabihf-base:amd64 (8.3.0-7cross1) ...
Setting up libpathplan4 (2.40.1-6) ...
Setting up libgmp10:armhf (2:6.1.2+dfsg-4) ...
Setting up libncurses6:amd64 (6.1+20181013-2) ...
Setting up libdbus-1-3:amd64 (1.12.16-1) ...
Setting up libdbus-1-3:armhf (1.12.16-1) ...
Setting up libsigsegv2:amd64 (2.12-2) ...
Setting up libfribidi0:amd64 (1.0.5-3.1) ...
Setting up libp11-kit0:armhf (0.23.15-2) ...
Setting up libpng16-16:amd64 (1.6.37-1) ...
Setting up libpng16-16:armhf (1.6.37-1) ...
Setting up libatomic1:armhf (8.3.0-7) ...
Setting up libuuid1:armhf (2.33.1-0.1) ...
Setting up linux-libc-dev-armhf-cross (4.19.28-2cross2) ...
Setting up autopoint (0.19.8.1-9) ...
Setting up libwebp6:amd64 (0.6.1-2) ...
Setting up libwebp6:armhf (0.6.1-2) ...
Setting up icu-devtools (63.2-2) ...
Setting up pkg-config (0.29-6) ...
Setting up fonts-dejavu-core (2.37-1) ...
Setting up ucf (3.0038+nmu1) ...
Setting up libk5crypto3:amd64 (1.17-3) ...
Setting up libk5crypto3:armhf (1.17-3) ...
Setting up libnettle6:armhf (3.4.1-1) ...
Setting up libltdl7:amd64 (2.4.6-10) ...
Setting up libltdl7:armhf (2.4.6-10) ...
Setting up libmhash2:armhf (0.9.9.9-7+b1) ...
Setting up libyajl-dev:armhf (2.1.0-3) ...
Setting up dwz (0.12-3) ...
Setting up librhash0:amd64 (1.3.8-1) ...
Setting up libuchardet0:amd64 (0.0.6-3) ...
Setting up procps (2:3.3.15-2) ...
update-alternatives: using /usr/bin/w.procps to provide /usr/bin/w (w) in auto mode
Setting up libtasn1-6:armhf (4.13-3) ...
Setting up libc6-dev:armhf (2.28-10) ...
Setting up libthai-data (0.1.28-2) ...
Setting up libssh2-1:amd64 (1.8.0-2.1) ...
Setting up libssh2-1:armhf (1.8.0-2.1) ...
Setting up cmake-data (3.13.4-1) ...
Setting up libcdt5 (2.40.1-6) ...
Setting up libkrb5-3:amd64 (1.17-3) ...
Setting up libkrb5-3:armhf (1.17-3) ...
Setting up libcgraph6 (2.40.1-6) ...
Setting up libtiff5:amd64 (4.0.10-4) ...
Setting up libtiff5:armhf (4.0.10-4) ...
Setting up libmpdec2:amd64 (2.4.2-2) ...
Setting up libfile-homedir-perl (1.004-1) ...
Setting up libbsd0:amd64 (0.9.1-2) ...
Setting up libbsd0:armhf (0.9.1-2) ...
Setting up binutils-arm-linux-gnueabihf (2.31.1-16) ...
Setting up libdb5.3:armhf (5.3.28+dfsg1-0.6) ...
Setting up libxml2:amd64 (2.9.4+dfsg1-7+b3) ...
Setting up libblkid1:armhf (2.33.1-0.1) ...
Setting up libstdc++6:armhf (8.3.0-7) ...
Setting up liblocale-gettext-perl (1.07-3+b4) ...
Setting up libiodbc2:armhf (3.52.9-2.1) ...
Setting up qtchooser (66-2) ...
Setting up libjsoncpp1:amd64 (1.7.4-3) ...
Setting up qtcore4-l10n (4:4.8.7+dfsg-18) ...
Setting up libmng1:amd64 (1.0.10+dfsg-3.1+b5) ...
Setting up libmng1:armhf (1.0.10+dfsg-3.1+b5) ...
Setting up cpp-8-arm-linux-gnueabihf (8.3.0-7cross1) ...
Setting up libgomp1-armhf-cross (8.3.0-7cross1) ...
Setting up libfile-stripnondeterminism-perl (1.1.2-1) ...
Setting up libice6:amd64 (2:1.0.9-2) ...
Setting up libice6:armhf (2:1.0.9-2) ...
Setting up libxdmcp6:amd64 (1:1.1.2-3) ...
Setting up libxdmcp6:armhf (1:1.1.2-3) ...
Setting up libpython3.7-stdlib:amd64 (3.7.3-2) ...
Setting up libpsl5:armhf (0.20.2-2) ...
Setting up libxcb1:amd64 (1.13.1-2) ...
Setting up libxcb1:armhf (1.13.1-2) ...
Setting up libtool (2.4.6-10) ...
Setting up libarchive13:amd64 (3.3.3-4) ...
Setting up libxcb-render0:amd64 (1.13.1-2) ...
Setting up fontconfig-config (2.13.1-2) ...
Setting up libhogweed4:armhf (3.4.1-1) ...
Setting up libedit2:amd64 (3.1-20181209-1) ...
Setting up libc6-dev-armhf-cross (2.28-10cross2) ...
Setting up m4 (1.4.18-2) ...
Setting up libxcb-shm0:amd64 (1.13.1-2) ...
Setting up libllvm6.0:amd64 (1:6.0.1-11) ...
Setting up libxml-sax-perl (1.00+dfsg-1) ...
update-perl-sax-parsers: Registering Perl SAX parser XML::SAX::PurePerl with priority 10...
update-perl-sax-parsers: Updating overall Perl SAX parser modules info file...

Creating config file /etc/perl/XML/SAX/ParserDetails.ini with new version
Setting up libclang1-6.0 (1:6.0.1-11) ...
Setting up libicu63:armhf (63.2-2) ...
Setting up libsasl2-modules-db:armhf (2.1.27+dfsg-1) ...
Setting up libselinux1:armhf (2.8-1+b1) ...
Setting up libthai0:amd64 (0.1.28-2) ...
Setting up libasan5:armhf (8.3.0-7) ...
Setting up doxygen (1.8.13-10) ...
Setting up libgnutls30:armhf (3.6.7-4) ...
Setting up libgmpxx4ldbl:armhf (2:6.1.2+dfsg-4) ...
Setting up libstdc++6-armhf-cross (8.3.0-7cross1) ...
Setting up libfreetype6:amd64 (2.9.1-3) ...
Setting up libfreetype6:armhf (2.9.1-3) ...
Setting up librtmp1:armhf (2.4+20151223.gitfa8646d.1-2) ...
Setting up bsdmainutils (11.1.2+b1) ...
update-alternatives: using /usr/bin/bsd-write to provide /usr/bin/write (write) in auto mode
update-alternatives: using /usr/bin/bsd-from to provide /usr/bin/from (from) in auto mode
Setting up libgssapi-krb5-2:amd64 (1.17-3) ...
Setting up libgssapi-krb5-2:armhf (1.17-3) ...
Setting up libcroco3:amd64 (0.6.12-3) ...
Setting up libubsan1-armhf-cross (8.3.0-7cross1) ...
Setting up qt4-qmake (4:4.8.7+dfsg-18) ...
Setting up libqtcore4:amd64 (4:4.8.7+dfsg-18) ...
Setting up libclucene-core1v5:armhf (2.3.3.4+dfsg-1) ...
Setting up libsasl2-2:armhf (2.1.27+dfsg-1) ...
Setting up autoconf (2.69-11) ...
Setting up libxml-libxml-perl (2.0134+dfsg-1) ...
update-perl-sax-parsers: Registering Perl SAX parser XML::LibXML::SAX::Parser with priority 50...
update-perl-sax-parsers: Registering Perl SAX parser XML::LibXML::SAX with priority 50...
update-perl-sax-parsers: Updating overall Perl SAX parser modules info file...
Replacing config file /etc/perl/XML/SAX/ParserDetails.ini with new version
Setting up libubsan1:armhf (8.3.0-7) ...
Setting up libgvpr2 (2.40.1-6) ...
Setting up groff-base (1.22.4-3) ...
Setting up libmount1:armhf (2.33.1-0.1) ...
Setting up libiodbc2-dev:armhf (3.52.9-2.1) ...
Setting up libcurl4:amd64 (7.64.0-4) ...
Setting up libx11-6:amd64 (2:1.6.7-1) ...
Setting up libx11-6:armhf (2:1.6.7-1) ...
Setting up libharfbuzz0b:amd64 (2.3.1-1) ...
Setting up libfontconfig1:amd64 (2.13.1-2) ...
Setting up libfontconfig1:armhf (2.13.1-2) ...
Setting up libsm6:amd64 (2:1.2.3-1) ...
Setting up libsm6:armhf (2:1.2.3-1) ...
Setting up libicu-dev:armhf (63.2-2) ...
Setting up libxml2:armhf (2.9.4+dfsg1-7+b3) ...
Setting up cpp-arm-linux-gnueabihf (4:8.3.0-1) ...
Setting up libpython3-stdlib:amd64 (3.7.3-1) ...
Setting up automake (1:1.16.1-4) ...
update-alternatives: using /usr/bin/automake-1.16 to provide /usr/bin/automake (automake) in auto mode
Setting up python3.7 (3.7.3-2) ...
Setting up fontconfig (2.13.1-2) ...
Regenerating fonts cache... done.
Setting up gettext (0.19.8.1-9) ...
Setting up libgmp-dev:armhf (2:6.1.2+dfsg-4) ...
Setting up libxpm4:amd64 (1:3.5.12-1) ...
Setting up libxrender1:amd64 (1:0.9.10-1) ...
Setting up libxrender1:armhf (1:0.9.10-1) ...
Setting up libglib2.0-0:armhf (2.58.3-2) ...
/var/lib/dpkg/info/libglib2.0-0:armhf.postinst: 47: /var/lib/dpkg/info/libglib2.0-0:armhf.postinst: /usr/lib/arm-linux-gnueabihf/glib-2.0/glib-compile-schemas: Exec format error
/var/lib/dpkg/info/libglib2.0-0:armhf.postinst: 50: /var/lib/dpkg/info/libglib2.0-0:armhf.postinst: /usr/lib/arm-linux-gnueabihf/glib-2.0/gio-querymodules: Exec format error
Setting up libpango-1.0-0:amd64 (1.42.4-6) ...
Setting up libxext6:amd64 (2:1.3.3-1+b2) ...
Setting up libxext6:armhf (2:1.3.3-1+b2) ...
Setting up libldap-2.4-2:armhf (2.4.47+dfsg-3) ...
Setting up libcurl3-gnutls:armhf (7.64.0-4) ...
Setting up python3 (3.7.3-1) ...
Setting up libcurl4-gnutls-dev:armhf (7.64.0-4) ...
Setting up man-db (2.8.5-2) ...
Not building database; man-db/auto-update is not 'true'.
Setting up libasan5-armhf-cross (8.3.0-7cross1) ...
Setting up libcairo2:amd64 (1.16.0-4) ...
Setting up intltool-debian (0.35.0+20060710.5) ...
Setting up libqt4-sql:amd64 (4:4.8.7+dfsg-18) ...
Setting up libqt4-xml:amd64 (4:4.8.7+dfsg-18) ...
Setting up libxml2-dev:armhf (2.9.4+dfsg1-7+b3) ...
Setting up libgd3:amd64 (2.2.5-5.2) ...
Setting up libclucene-contribs1v5:armhf (2.3.3.4+dfsg-1) ...
Setting up libqtcore4:armhf (4:4.8.7+dfsg-18) ...
Setting up libxml-simple-perl (2.25-1) ...
Setting up pkg-kde-tools (0.15.29) ...
Setting up libxt6:amd64 (1:1.1.5-1+b3) ...
Setting up libxt6:armhf (1:1.1.5-1+b3) ...
Setting up libaudio2:amd64 (1.9.4-6) ...
Setting up libaudio2:armhf (1.9.4-6) ...
Setting up libgcc-8-dev-armhf-cross (8.3.0-7cross1) ...
Setting up libclucene-dev:armhf (2.3.3.4+dfsg-1) ...
Setting up libgcc-8-dev:armhf (8.3.0-7) ...
Setting up libxslt1.1:armhf (1.1.32-2) ...
Setting up cmake (3.13.4-1) ...
Setting up libstdc++-8-dev-armhf-cross (8.3.0-7cross1) ...
Setting up libpangoft2-1.0-0:amd64 (1.42.4-6) ...
Setting up libqtdbus4:amd64 (4:4.8.7+dfsg-18) ...
Setting up libpangocairo-1.0-0:amd64 (1.42.4-6) ...
Setting up libstdc++-8-dev:armhf (8.3.0-7) ...
Setting up gcc-8-arm-linux-gnueabihf (8.3.0-7cross1) ...
Setting up gcc-arm-linux-gnueabihf (4:8.3.0-1) ...
Setting up libqtgui4:amd64 (4:4.8.7+dfsg-18) ...
Setting up libqtgui4:armhf (4:4.8.7+dfsg-18) ...
Setting up libxmu6:amd64 (2:1.1.2-2+b3) ...
Setting up libxslt1-dev:armhf (1.1.32-2) ...
Setting up libqt4-network:amd64 (4:4.8.7+dfsg-18) ...
Setting up qt4-linguist-tools (4:4.8.7+dfsg-18) ...
Setting up po-debconf (1.0.21) ...
Setting up libraptor2-0:armhf (2.0.14-1+b1) ...
Setting up libconfig-auto-perl (0.44-1) ...
Setting up libxaw7:amd64 (2:1.0.13-1+b2) ...
Setting up libqt4-sql:armhf (4:4.8.7+dfsg-18) ...
Setting up g++-8-arm-linux-gnueabihf (8.3.0-7cross1) ...
Setting up libqt4-xml:armhf (4:4.8.7+dfsg-18) ...
Setting up libqt4-test:armhf (4:4.8.7+dfsg-18) ...
Setting up libgvc6 (2.40.1-6) ...
Setting up libqt4-svg:armhf (4:4.8.7+dfsg-18) ...
Setting up qdbus (4:4.8.7+dfsg-18) ...
Setting up libqt4-script:amd64 (4:4.8.7+dfsg-18) ...
Setting up libraptor2-dev:armhf (2.0.14-1+b1) ...
Setting up libqtdbus4:armhf (4:4.8.7+dfsg-18) ...
Setting up libdebian-dpkgcross-perl (2.6.15-3) ...
Setting up g++-arm-linux-gnueabihf (4:8.3.0-1) ...
Setting up graphviz (2.40.1-6) ...
Setting up libqt4-network:armhf (4:4.8.7+dfsg-18) ...
Setting up librasqal3:armhf (0.9.32-1+b1) ...
Setting up libqt4-help:armhf (4:4.8.7+dfsg-18) ...
Setting up librasqal3-dev:armhf (0.9.32-1+b1) ...
Setting up libqt4-designer:amd64 (4:4.8.7+dfsg-18) ...
Setting up libqt4-qt3support:amd64 (4:4.8.7+dfsg-18) ...
Setting up libqt4-xmlpatterns:armhf (4:4.8.7+dfsg-18) ...
Setting up librdf0:armhf (1.0.17-1.1+b1) ...
Setting up libqt4-dbus:armhf (4:4.8.7+dfsg-18) ...
Setting up librdf0-dev:armhf (1.0.17-1.1+b1) ...
Setting up libqt4-script:armhf (4:4.8.7+dfsg-18) ...
Setting up dpkg-cross (2.6.15-3) ...
Setting up libqt4-declarative:armhf (4:4.8.7+dfsg-18) ...
Setting up libqt4-dev-bin (4:4.8.7+dfsg-18) ...
Setting up libqt4-designer:armhf (4:4.8.7+dfsg-18) ...
Setting up crossbuild-essential-armhf (12.6) ...
Setting up libqt4-qt3support:armhf (4:4.8.7+dfsg-18) ...
Setting up libqt4-scripttools:armhf (4:4.8.7+dfsg-18) ...
Setting up libqt4-dev:armhf (4:4.8.7+dfsg-18) ...
Setting up debhelper (12.1.1) ...
Setting up dh-autoreconf (19) ...
Setting up dh-strip-nondeterminism (1.1.2-1) ...
Setting up sbuild-build-depends-main-dummy:armhf (0.invalid.0) ...
Processing triggers for libc-bin (2.28-10) ...
Processing triggers for ccache (3.7.1-1) ...
Updating symlinks in /usr/lib/ccache ...

+------------------------------------------------------------------------------+
| Check architectures                                                          |
+------------------------------------------------------------------------------+

Initial Foreign Architectures: armhf 
Arch check ok (armhf included in any all)

+------------------------------------------------------------------------------+
| Build environment                                                            |
+------------------------------------------------------------------------------+

Kernel: Linux 3.16.0-4-amd64 #1 SMP Debian 3.16.51-3 (2017-12-13) amd64 (x86_64)
Toolchain package versions: binutils_2.31.1-16 dpkg-dev_1.19.7 g++-8_8.3.0-7 gcc-8_8.3.0-7 libc6-dev_2.28-10 libstdc++-8-dev_8.3.0-7 libstdc++-8-dev-armhf-cross_8.3.0-7cross1 libstdc++6_8.3.0-7 libstdc++6-armhf-cross_8.3.0-7cross1 linux-libc-dev_4.19.37-5
Package versions: adduser_3.118 apt_1.8.2 autoconf_2.69-11 automake_1:1.16.1-4 autopoint_0.19.8.1-9 autotools-dev_20180224.1 base-files_10.3 base-passwd_3.5.46 bash_5.0-4 binutils_2.31.1-16 binutils-arm-linux-gnueabihf_2.31.1-16 binutils-common_2.31.1-16 binutils-x86-64-linux-gnu_2.31.1-16 bsdmainutils_11.1.2+b1 bsdutils_1:2.33.1-0.1 build-essential_12.6 bzip2_1.0.6-9.1 ccache_3.7.1-1 cmake_3.13.4-1 cmake-data_3.13.4-1 coreutils_8.30-3 cpp_4:8.3.0-1 cpp-8_8.3.0-7 cpp-8-arm-linux-gnueabihf_8.3.0-7cross1 cpp-arm-linux-gnueabihf_4:8.3.0-1 cross-config_2.6.15-3 crossbuild-essential-armhf_12.6 dash_0.5.10.2-5 debconf_1.5.72 debhelper_12.1.1 debian-archive-keyring_2019.1 debianutils_4.8.6.1 dh-autoreconf_19 dh-strip-nondeterminism_1.1.2-1 diffutils_1:3.7-3 dirmngr_2.2.13-2 dose-distcheck_5.0.1-12 doxygen_1.8.13-10 dpkg_1.19.7 dpkg-cross_2.6.15-3 dpkg-dev_1.19.7 dwz_0.12-3 e2fsprogs_1.45.2-1 eatmydata_105-7 fakeroot_1.23-1 fdisk_2.33.1-0.1 file_1:5.35-4 findutils_4.6.0+git+20190209-2 fontconfig_2.13.1-2 fontconfig-config_2.13.1-2 fonts-dejavu-core_2.37-1 g++_4:8.3.0-1 g++-8_8.3.0-7 g++-8-arm-linux-gnueabihf_8.3.0-7cross1 g++-arm-linux-gnueabihf_4:8.3.0-1 gcc_4:8.3.0-1 gcc-8_8.3.0-7 gcc-8-arm-linux-gnueabihf_8.3.0-7cross1 gcc-8-arm-linux-gnueabihf-base_8.3.0-7cross1 gcc-8-base_8.3.0-7 gcc-8-cross-base_8.3.0-7cross1 gcc-arm-linux-gnueabihf_4:8.3.0-1 gettext_0.19.8.1-9 gettext-base_0.19.8.1-9 gnupg_2.2.13-2 gnupg-l10n_2.2.13-2 gnupg-utils_2.2.13-2 gpg_2.2.13-2 gpg-agent_2.2.13-2 gpg-wks-client_2.2.13-2 gpg-wks-server_2.2.13-2 gpgconf_2.2.13-2 gpgsm_2.2.13-2 gpgv_2.2.13-2 graphviz_2.40.1-6 grep_3.3-1 groff-base_1.22.4-3 gzip_1.9-3 hostname_3.21 icu-devtools_63.2-2 init-system-helpers_1.57 intltool-debian_0.35.0+20060710.5 libacl1_2.2.53-4 libapt-pkg5.0_1.8.2 libarchive-zip-perl_1.64-1 libarchive13_3.3.3-4 libasan5_8.3.0-7 libasan5-armhf-cross_8.3.0-7cross1 libassuan0_2.5.2-1 libatomic1_8.3.0-7 libatomic1-armhf-cross_8.3.0-7cross1 libattr1_1:2.4.48-4 libaudio2_1.9.4-6 libaudit-common_1:2.8.4-3 libaudit1_1:2.8.4-3 libbinutils_2.31.1-16 libblkid1_2.33.1-0.1 libbsd0_0.9.1-2 libbz2-1.0_1.0.6-9.1 libc-bin_2.28-10 libc-dev-bin_2.28-10 libc6_2.28-10 libc6-armhf-cross_2.28-10cross2 libc6-dev_2.28-10 libc6-dev-armhf-cross_2.28-10cross2 libcairo2_1.16.0-4 libcap-ng0_0.7.9-2 libcap2_1:2.25-2 libcc1-0_8.3.0-7 libcdt5_2.40.1-6 libcgraph6_2.40.1-6 libclang1-6.0_1:6.0.1-11 libclucene-contribs1v5_2.3.3.4+dfsg-1 libclucene-core1v5_2.3.3.4+dfsg-1 libclucene-dev_2.3.3.4+dfsg-1 libcom-err2_1.45.2-1 libconfig-auto-perl_0.44-1 libconfig-inifiles-perl_3.000001-1 libcroco3_0.6.12-3 libcurl3-gnutls_7.64.0-4 libcurl4_7.64.0-4 libcurl4-gnutls-dev_7.64.0-4 libdatrie1_0.2.12-2 libdb5.3_5.3.28+dfsg1-0.6 libdbus-1-3_1.12.16-1 libdebconfclient0_0.249 libdebian-dpkgcross-perl_2.6.15-3 libdpkg-perl_1.19.7 libeatmydata1_105-7 libedit2_3.1-20181209-1 libelf1_0.176-1.1 libexpat1_2.2.6-2 libext2fs2_1.45.2-1 libfakeroot_1.23-1 libfdisk1_2.33.1-0.1 libffi6_3.2.1-9 libfile-homedir-perl_1.004-1 libfile-stripnondeterminism-perl_1.1.2-1 libfile-which-perl_1.23-1 libfontconfig1_2.13.1-2 libfreetype6_2.9.1-3 libfribidi0_1.0.5-3.1 libgcc-8-dev_8.3.0-7 libgcc-8-dev-armhf-cross_8.3.0-7cross1 libgcc1_1:8.3.0-7 libgcc1-armhf-cross_1:8.3.0-7cross1 libgcrypt20_1.8.4-5 libgd3_2.2.5-5.2 libgdbm-compat4_1.18.1-4 libgdbm6_1.18.1-4 libglib2.0-0_2.58.3-2 libgmp-dev_2:6.1.2+dfsg-4 libgmp10_2:6.1.2+dfsg-4 libgmpxx4ldbl_2:6.1.2+dfsg-4 libgnutls30_3.6.7-4 libgomp1_8.3.0-7 libgomp1-armhf-cross_8.3.0-7cross1 libgpg-error0_1.35-1 libgraphite2-3_1.3.13-7 libgssapi-krb5-2_1.17-3 libgts-0.7-5_0.7.6+darcs121130-4 libgvc6_2.40.1-6 libgvpr2_2.40.1-6 libharfbuzz0b_2.3.1-1 libhogweed4_3.4.1-1 libice6_2:1.0.9-2 libicu-dev_63.2-2 libicu63_63.2-2 libidn2-0_2.0.5-1 libio-string-perl_1.08-3 libiodbc2_3.52.9-2.1 libiodbc2-dev_3.52.9-2.1 libisl19_0.20-2 libitm1_8.3.0-7 libjbig0_2.1-3.1+b2 libjpeg62-turbo_1:1.5.2-2+b1 libjsoncpp1_1.7.4-3 libk5crypto3_1.17-3 libkeyutils1_1.6-6 libkrb5-3_1.17-3 libkrb5support0_1.17-3 libksba8_1.3.5-2 liblab-gamut1_2.40.1-6 liblcms2-2_2.9-3 libldap-2.4-2_2.4.47+dfsg-3 libldap-common_2.4.47+dfsg-3 libllvm6.0_1:6.0.1-11 liblocale-gettext-perl_1.07-3+b4 liblsan0_8.3.0-7 libltdl7_2.4.6-10 liblua5.2-0_5.2.4-1.1+b2 liblz4-1_1.8.3-1 liblzma5_5.2.4-1 libmagic-mgc_1:5.35-4 libmagic1_1:5.35-4 libmhash2_0.9.9.9-7+b1 libmng1_1.0.10+dfsg-3.1+b5 libmount1_2.33.1-0.1 libmpc3_1.1.0-1 libmpdec2_2.4.2-2 libmpfr6_4.0.2-1 libmpx2_8.3.0-7 libncurses6_6.1+20181013-2 libncursesw6_6.1+20181013-2 libnettle6_3.4.1-1 libnghttp2-14_1.37.0-1 libnpth0_1.6-1 libnspr4_2:4.21-1 libnss3_2:3.44+really3.42.1-2 libp11-kit0_0.23.15-2 libpam-modules_1.3.1-5 libpam-modules-bin_1.3.1-5 libpam-runtime_1.3.1-5 libpam0g_1.3.1-5 libpango-1.0-0_1.42.4-6 libpangocairo-1.0-0_1.42.4-6 libpangoft2-1.0-0_1.42.4-6 libpathplan4_2.40.1-6 libpcre3_2:8.39-12 libperl5.28_5.28.1-6 libpipeline1_1.5.1-2 libpixman-1-0_0.36.0-1 libpng16-16_1.6.37-1 libpopt0_1.16-12 libprocps7_2:3.3.15-2 libpsl5_0.20.2-2 libpython3-stdlib_3.7.3-1 libpython3.7-minimal_3.7.3-2 libpython3.7-stdlib_3.7.3-2 libqt4-dbus_4:4.8.7+dfsg-18 libqt4-declarative_4:4.8.7+dfsg-18 libqt4-designer_4:4.8.7+dfsg-18 libqt4-dev_4:4.8.7+dfsg-18 libqt4-dev-bin_4:4.8.7+dfsg-18 libqt4-help_4:4.8.7+dfsg-18 libqt4-network_4:4.8.7+dfsg-18 libqt4-qt3support_4:4.8.7+dfsg-18 libqt4-script_4:4.8.7+dfsg-18 libqt4-scripttools_4:4.8.7+dfsg-18 libqt4-sql_4:4.8.7+dfsg-18 libqt4-svg_4:4.8.7+dfsg-18 libqt4-test_4:4.8.7+dfsg-18 libqt4-xml_4:4.8.7+dfsg-18 libqt4-xmlpatterns_4:4.8.7+dfsg-18 libqtcore4_4:4.8.7+dfsg-18 libqtdbus4_4:4.8.7+dfsg-18 libqtgui4_4:4.8.7+dfsg-18 libquadmath0_8.3.0-7 libraptor2-0_2.0.14-1+b1 libraptor2-dev_2.0.14-1+b1 librasqal3_0.9.32-1+b1 librasqal3-dev_0.9.32-1+b1 librdf0_1.0.17-1.1+b1 librdf0-dev_1.0.17-1.1+b1 libreadline7_7.0-5 librhash0_1.3.8-1 librpm8_4.14.2.1+dfsg1-1 librpmio8_4.14.2.1+dfsg1-1 librtmp1_2.4+20151223.gitfa8646d.1-2 libsasl2-2_2.1.27+dfsg-1 libsasl2-modules-db_2.1.27+dfsg-1 libseccomp2_2.3.3-4 libselinux1_2.8-1+b1 libsemanage-common_2.8-2 libsemanage1_2.8-2 libsepol1_2.8-1 libsigsegv2_2.12-2 libsm6_2:1.2.3-1 libsmartcols1_2.33.1-0.1 libsqlite3-0_3.27.2-3 libss2_1.45.2-1 libssh2-1_1.8.0-2.1 libssl1.1_1.1.1c-1 libstdc++-8-dev_8.3.0-7 libstdc++-8-dev-armhf-cross_8.3.0-7cross1 libstdc++6_8.3.0-7 libstdc++6-armhf-cross_8.3.0-7cross1 libsystemd0_241-5 libtasn1-6_4.13-3 libthai-data_0.1.28-2 libthai0_0.1.28-2 libtiff5_4.0.10-4 libtinfo6_6.1+20181013-2 libtool_2.4.6-10 libtsan0_8.3.0-7 libubsan1_8.3.0-7 libubsan1-armhf-cross_8.3.0-7cross1 libuchardet0_0.0.6-3 libudev1_241-5 libunistring2_0.9.10-1 libuuid1_2.33.1-0.1 libuv1_1.24.1-1 libwebp6_0.6.1-2 libx11-6_2:1.6.7-1 libx11-data_2:1.6.7-1 libxapian30_1.4.11-1 libxau6_1:1.0.8-1+b2 libxaw7_2:1.0.13-1+b2 libxcb-render0_1.13.1-2 libxcb-shm0_1.13.1-2 libxcb1_1.13.1-2 libxdmcp6_1:1.1.2-3 libxdot4_2.40.1-6 libxext6_2:1.3.3-1+b2 libxml-libxml-perl_2.0134+dfsg-1 libxml-namespacesupport-perl_1.12-1 libxml-sax-base-perl_1.09-1 libxml-sax-perl_1.00+dfsg-1 libxml-simple-perl_2.25-1 libxml2_2.9.4+dfsg1-7+b3 libxml2-dev_2.9.4+dfsg1-7+b3 libxmu6_2:1.1.2-2+b3 libxpm4_1:3.5.12-1 libxrender1_1:0.9.10-1 libxslt1-dev_1.1.32-2 libxslt1.1_1.1.32-2 libxt6_1:1.1.5-1+b3 libyajl-dev_2.1.0-3 libyajl2_2.1.0-3 libyaml-perl_1.27-1 libzstd1_1.3.8+dfsg-3 linux-libc-dev_4.19.37-5 linux-libc-dev-armhf-cross_4.19.28-2cross2 login_1:4.5-1.1 lsb-base_10.2019051400 m4_1.4.18-2 make_4.2.1-1.2 man-db_2.8.5-2 mawk_1.3.3-17+b3 mime-support_3.62 mount_2.33.1-0.1 ncurses-base_6.1+20181013-2 ncurses-bin_6.1+20181013-2 passwd_1:4.5-1.1 patch_2.7.6-4 perl_5.28.1-6 perl-base_5.28.1-6 perl-modules-5.28_5.28.1-6 pinentry-curses_1.1.0-2 pkg-config_0.29-6 pkg-kde-tools_0.15.29 po-debconf_1.0.21 procps_2:3.3.15-2 python3_3.7.3-1 python3-minimal_3.7.3-1 python3.7_3.7.3-2 python3.7-minimal_3.7.3-2 qdbus_4:4.8.7+dfsg-18 qt4-linguist-tools_4:4.8.7+dfsg-18 qt4-qmake_4:4.8.7+dfsg-18 qtchooser_66-2 qtcore4-l10n_4:4.8.7+dfsg-18 readline-common_7.0-5 sbuild-build-depends-dose3-dummy_0.invalid.0 sbuild-build-depends-main-dummy_0.invalid.0 sed_4.7-1 sensible-utils_0.0.12 sysvinit-utils_2.93-8 tar_1.30+dfsg-6 tzdata_2019a-1 ucf_3.0038+nmu1 util-linux_2.33.1-0.1 x11-common_1:7.7+19 xz-utils_5.2.4-1 zlib1g_1:1.2.11.dfsg-1

+------------------------------------------------------------------------------+
| Build                                                                        |
+------------------------------------------------------------------------------+


Unpack source
-------------

-----BEGIN PGP SIGNED MESSAGE-----
Hash: SHA256

Format: 3.0 (quilt)
Source: soprano
Binary: soprano-daemon, libsoprano4, libsoprano-dev, libsoprano-doc, libsoprano-dbg
Architecture: any all
Version: 2.9.4+dfsg-5
Maintainer: Debian Qt/KDE Maintainers <debian-qt-kde@lists.debian.org>
Uploaders: Sune Vuorela <sune@debian.org>, Fathi Boudra <fabo@debian.org>, Modestas Vainius <modax@debian.org>, Maximiliano Curia <maxy@debian.org>
Homepage: http://soprano.sourceforge.net
Standards-Version: 3.9.8
Vcs-Browser: https://anonscm.debian.org/cgit/pkg-kde/kde-req/soprano.git
Vcs-Git: https://anonscm.debian.org/git/pkg-kde/kde-req/soprano.git
Build-Depends: debhelper (>= 9), cmake (>= 2.6.2), pkg-kde-tools (>= 0.12), dpkg-dev (>= 1.15.5), libclucene-dev (>= 0.9.21b), libqt4-dev (>= 4.5.3), libraptor2-dev (>= 1.4.16), librdf0-dev (>= 1.0.13), doxygen (>= 1.7.1), graphviz, libiodbc2-dev
Package-List:
 libsoprano-dbg deb debug extra arch=any
 libsoprano-dev deb libdevel optional arch=any
 libsoprano-doc deb doc extra arch=all
 libsoprano4 deb libs optional arch=any
 soprano-daemon deb utils optional arch=any
Checksums-Sha1:
 a254cbfd7a68aa14cb183c24a012668e293eee4d 589674 soprano_2.9.4+dfsg.orig.tar.gz
 b6adfd397c48f2b8def74d575787d85621e4aada 25508 soprano_2.9.4+dfsg-5.debian.tar.xz
Checksums-Sha256:
 d5bd9bd1946e9de27bf790089352b2229db94399592014609edb103500468354 589674 soprano_2.9.4+dfsg.orig.tar.gz
 6bdb4d968b97faf52faadef353539f89a02242fdd1173ceeec1d74a6338c627a 25508 soprano_2.9.4+dfsg-5.debian.tar.xz
Files:
 a532d8446f0c88df4f8e88edb47966a7 589674 soprano_2.9.4+dfsg.orig.tar.gz
 fb38213e3c3fe0d984a1e08420e95388 25508 soprano_2.9.4+dfsg-5.debian.tar.xz

-----BEGIN PGP SIGNATURE-----

iQIzBAEBCAAdFiEEXyqfuC+mweEHcAcHLRkciEOxP00FAliUbwkACgkQLRkciEOx
P03MRA//aJxnJAqzpfGbfifP6b8UaKQM4BB4sc7LfecgEp84FJq9XmFHQgOcw7Pa
yO/vRKnxX9k9oFS1OxPzls26zElEK2A4xAdZVLrB7cYhh2q96usKCKyKx0502xy5
s9OjLRY8gVN47mA9mH2tQE+BVnTm4U/Gtcssrjvq3TdGaPGTfcStnq1Zzbt3E1bQ
gruhZcCuKibtNmxko+or6VeJt+ZAqUNWD0ib/EbElSjfNGvLWeJUrF37oKYro2Nc
Qs4mCccQLSJ9BdvFUwdrgHuM/xE+pULOnp3BAZ7psOUBW6yL5FxvSdfVitTfnJcT
DjYQgD+H/Gp1p5ORXKLOwxCgg5TYMlvJAodaAsO3MwKSNlaJL/jpBsRFA/kg6hTG
1di3o5/Sq+ZaSBc6hfgqjKiRZNRFhHcyUx8BVjfjctfMsrDnUFdtuDuQmeYK+gu0
ewwz+1xK4jkXVm7Y+Tj9eEz87GVBcyPUZlIGlg+xKGRbyfeODooR+SriRyg1Wb0t
Ig3dfuLRud9Lfeh8KMFOVU9QuI2ZCU9A8QBPvSad0k3Aet5TZ2voAs8zrK4K1sAT
UJS3Y9CWaYELdO533uISF0oBUFPvbytwZBVHKV0fwniIgPgjKrlMaClyoXheBupe
IkciiSx6wyhtbvkJFTmVcqx9QHZPvkW+5qPReSwe+Wm7giTl7jo=
=eGFs
-----END PGP SIGNATURE-----

gpgv: unknown type of key resource 'trustedkeys.kbx'
gpgv: keyblock resource '/sbuild-nonexistent/.gnupg/trustedkeys.kbx': General error
gpgv: Signature made Fri Feb  3 11:52:41 2017 UTC
gpgv:                using RSA key 5F2A9FB82FA6C1E1077007072D191C8843B13F4D
gpgv: Can't check signature: No public key
dpkg-source: warning: failed to verify signature on ./soprano_2.9.4+dfsg-5.dsc
dpkg-source: info: extracting soprano in /<<PKGBUILDDIR>>
dpkg-source: info: unpacking soprano_2.9.4+dfsg.orig.tar.gz
dpkg-source: info: unpacking soprano_2.9.4+dfsg-5.debian.tar.xz
dpkg-source: info: using patch list from debian/patches/series
dpkg-source: info: applying redland_raptor2_support.h
dpkg-source: info: applying add_library_architecture_to_libDirs.patch

Check disk space
----------------

Sufficient free space for build

User Environment
----------------

APT_CONFIG=/var/lib/sbuild/apt.conf
CCACHE_COMPRESS=1
CCACHE_DIR=/var/cache/ccache-sbuild
CCACHE_UMASK=002
CONFIG_SITE=/etc/dpkg-cross/cross-config.armhf
DEB_BUILD_OPTIONS=nocheck
HOME=/sbuild-nonexistent
LANG=en_US.UTF-8
LC_ALL=C.UTF-8
LD_LIBRARY_PATH=/usr/lib/libeatmydata
LD_PRELOAD=libeatmydata.so
LOGNAME=build
PATH=/usr/lib/ccache:/usr/local/sbin:/usr/local/bin:/usr/sbin:/usr/bin:/sbin:/bin:/usr/games
PWD=/<<PKGBUILDDIR>>
SCHROOT_ALIAS_NAME=unstable-amd64-sbuild
SCHROOT_CHROOT_NAME=unstable-amd64-sbuild
SCHROOT_COMMAND=env
SCHROOT_GID=1000
SCHROOT_GROUP=build
SCHROOT_SESSION_ID=unstable-amd64-sbuild-71bfc441-f6e2-4e51-af44-9b50f523b4c4
SCHROOT_UID=1000
SCHROOT_USER=build
SHELL=/bin/sh
USER=build

dpkg-buildpackage
-----------------

Command: dpkg-buildpackage -aarmhf -Pcross,nocheck -us -uc -B -rfakeroot -j16
dpkg-buildpackage: info: source package soprano
dpkg-buildpackage: info: source version 2.9.4+dfsg-5
dpkg-buildpackage: info: source distribution unstable
dpkg-buildpackage: info: source changed by Pino Toscano <pino@debian.org>
dpkg-architecture: warning: specified GNU system type arm-linux-gnueabihf does not match CC system type x86_64-linux-gnu, try setting a correct CC environment variable
 dpkg-source --before-build .
dpkg-buildpackage: info: host architecture armhf
 fakeroot debian/rules clean
/usr/share/pkg-kde-tools/qt-kde-team/2/dhmk.pl --with=kde,pkgkde-symbolshelper --builddirectory=Build
dpkg-buildflags --export=make > debian/dhmk_env.mk
/usr/bin/make -f debian/rules dhmk_run_clean_commands DHMK_TARGET="clean"
make[1]: Entering directory '/<<PKGBUILDDIR>>'
dh_testdir -O'--builddirectory=Build' 
dh_auto_clean '--buildsystem=kde' --parallel -O'--builddirectory=Build' 
dh_clean -O'--builddirectory=Build' 
rm -rf debian/man/out
rmdir debian/man
rmdir: failed to remove 'debian/man': No such file or directory
make[1]: [/usr/share/pkg-kde-tools/qt-kde-team/2/debian-qt-kde.mk:74: cleanup_manpages] Error 1 (ignored)
rm -f debian/stamp-man-pages
rm -f debian/dhmk-install-list debian/dhmk-package-list
make[1]: Leaving directory '/<<PKGBUILDDIR>>'
rm -f debian/dhmk_rules.mk debian/dhmk_env.mk debian/dhmk_configure debian/dhmk_build-indep debian/dhmk_build-arch debian/dhmk_build
# "clean" target is done
-- SUCCESS making standard target 'clean'.
 debian/rules build-arch
/usr/share/pkg-kde-tools/qt-kde-team/2/dhmk.pl --with=kde,pkgkde-symbolshelper --builddirectory=Build
dpkg-buildflags --export=make > debian/dhmk_env.mk
/usr/bin/make -f debian/rules dhmk_run_configure_commands DHMK_TARGET="configure"
make[1]: Entering directory '/<<PKGBUILDDIR>>'
dh_testdir -O'--builddirectory=Build' # [-a]
# Running override target (override_dh_auto_configure)
test -z "`ls debian/*.debhelper.log 2>/dev/null`" || sed -i '/^override_dh_auto_configure[[:space:]]/d' debian/*.debhelper.log
/usr/bin/make -f debian/rules override_dh_auto_configure DH_INTERNAL_OVERRIDE="dh_auto_configure"  # [-a]
make[2]: Entering directory '/<<PKGBUILDDIR>>'
make[2]: warning: jobserver unavailable: using -j1.  Add '+' to parent make rule.
dh_auto_configure '--buildsystem=kde' --parallel -O'--builddirectory=Build' -- -DSOPRANO_BUILD_API_DOCS=OFF \
	-DSOPRANO_DISABLE_SESAME2_BACKEND=ON
	cd Build && cmake -DCMAKE_INSTALL_PREFIX=/usr -DCMAKE_BUILD_TYPE=None -DCMAKE_INSTALL_SYSCONFDIR=/etc -DCMAKE_INSTALL_LOCALSTATEDIR=/var -DCMAKE_EXPORT_NO_PACKAGE_REGISTRY=ON -DCMAKE_FIND_PACKAGE_NO_PACKAGE_REGISTRY=ON "-GUnix Makefiles" -DCMAKE_VERBOSE_MAKEFILE=ON -DCMAKE_SYSTEM_NAME=Linux -DCMAKE_SYSTEM_PROCESSOR=arm -DCMAKE_C_COMPILER=arm-linux-gnueabihf-gcc -DCMAKE_CXX_COMPILER=arm-linux-gnueabihf-g\+\+ -DPKG_CONFIG_EXECUTABLE=/usr/bin/arm-linux-gnueabihf-pkg-config -DPKGCONFIG_EXECUTABLE=/usr/bin/arm-linux-gnueabihf-pkg-config -DQMAKE_EXECUTABLE=/usr/bin/arm-linux-gnueabihf-qmake -DCMAKE_INSTALL_LIBDIR=lib/arm-linux-gnueabihf -DCMAKE_BUILD_TYPE=Debian -DSOPRANO_BUILD_API_DOCS=OFF -DSOPRANO_DISABLE_SESAME2_BACKEND=ON ..
-- The C compiler identification is GNU 8.3.0
-- The CXX compiler identification is GNU 8.3.0
-- Check for working C compiler: /usr/lib/ccache/arm-linux-gnueabihf-gcc
-- Check for working C compiler: /usr/lib/ccache/arm-linux-gnueabihf-gcc -- works
-- Detecting C compiler ABI info
-- Detecting C compiler ABI info - done
-- Detecting C compile features
-- Detecting C compile features - done
-- Check for working CXX compiler: /usr/lib/ccache/arm-linux-gnueabihf-g++
-- Check for working CXX compiler: /usr/lib/ccache/arm-linux-gnueabihf-g++ -- works
-- Detecting CXX compiler ABI info
-- Detecting CXX compiler ABI info - done
-- Detecting CXX compile features
-- Detecting CXX compile features - done
-- Looking for Q_WS_X11
-- Looking for Q_WS_X11 - found
-- Looking for Q_WS_WIN
-- Looking for Q_WS_WIN - not found
-- Looking for Q_WS_QWS
-- Looking for Q_WS_QWS - not found
-- Looking for Q_WS_MAC
-- Looking for Q_WS_MAC - not found
CMake Error at cmake/modules/FindQt4.cmake:747 (MESSAGE):
  Could NOT find QtCore.  Check CMakeFiles/CMakeError.log for more details.
Call Stack (most recent call first):
  CMakeLists.txt:46 (find_package)


-- Configuring incomplete, errors occurred!
See also "/<<PKGBUILDDIR>>/Build/CMakeFiles/CMakeOutput.log".
See also "/<<PKGBUILDDIR>>/Build/CMakeFiles/CMakeError.log".
	cd Build && tail -v -n \+0 CMakeCache.txt
==> CMakeCache.txt <==
# This is the CMakeCache file.
# For build in directory: /<<PKGBUILDDIR>>/Build
# It was generated by CMake: /usr/bin/cmake
# You can edit this file to change values found and used by cmake.
# If you do not want to change any of the values, simply exit the editor.
# If you do want to change a value, simply edit, save, and exit the editor.
# The syntax for the file is as follows:
# KEY:TYPE=VALUE
# KEY is the name of a variable in the cache.
# TYPE is a hint to GUIs for the type of VALUE, DO NOT EDIT TYPE!.
# VALUE is the current value for the KEY.

########################
# EXTERNAL cache entries
########################

//Build the testing tree.
BUILD_TESTING:BOOL=ON

//Path to a program.
BZRCOMMAND:FILEPATH=BZRCOMMAND-NOTFOUND

//Path to a program.
CMAKE_AR:FILEPATH=/usr/bin/arm-linux-gnueabihf-ar

//Choose the type of build, options are: None Debug Release RelWithDebInfo
// MinSizeRel ...
CMAKE_BUILD_TYPE:STRING=Debian

//Enable/Disable color output during build.
CMAKE_COLOR_MAKEFILE:BOOL=ON

//CXX compiler
CMAKE_CXX_COMPILER:STRING=/usr/lib/ccache/arm-linux-gnueabihf-g++

//A wrapper around 'ar' adding the appropriate '--plugin' option
// for the GCC compiler
CMAKE_CXX_COMPILER_AR:FILEPATH=/usr/bin/arm-linux-gnueabihf-gcc-ar-8

//A wrapper around 'ranlib' adding the appropriate '--plugin' option
// for the GCC compiler
CMAKE_CXX_COMPILER_RANLIB:FILEPATH=/usr/bin/arm-linux-gnueabihf-gcc-ranlib-8

//Flags used by the CXX compiler during all build types.
CMAKE_CXX_FLAGS:STRING=-g -O2 -fdebug-prefix-map=/<<PKGBUILDDIR>>=. -fstack-protector-strong -Wformat -Werror=format-security -Wdate-time -D_FORTIFY_SOURCE=2 -Wdate-time -D_FORTIFY_SOURCE=2

//Flags used by the CXX compiler during DEBIAN builds.
CMAKE_CXX_FLAGS_DEBIAN:STRING=

//Flags used by the CXX compiler during DEBUG builds.
CMAKE_CXX_FLAGS_DEBUG:STRING=-g

//Flags used by the CXX compiler during MINSIZEREL builds.
CMAKE_CXX_FLAGS_MINSIZEREL:STRING=-Os -DNDEBUG

//Flags used by the CXX compiler during RELEASE builds.
CMAKE_CXX_FLAGS_RELEASE:STRING=-O3 -DNDEBUG

//Flags used by the CXX compiler during RELWITHDEBINFO builds.
CMAKE_CXX_FLAGS_RELWITHDEBINFO:STRING=-O2 -g -DNDEBUG

//C compiler
CMAKE_C_COMPILER:STRING=/usr/lib/ccache/arm-linux-gnueabihf-gcc

//A wrapper around 'ar' adding the appropriate '--plugin' option
// for the GCC compiler
CMAKE_C_COMPILER_AR:FILEPATH=/usr/bin/arm-linux-gnueabihf-gcc-ar-8

//A wrapper around 'ranlib' adding the appropriate '--plugin' option
// for the GCC compiler
CMAKE_C_COMPILER_RANLIB:FILEPATH=/usr/bin/arm-linux-gnueabihf-gcc-ranlib-8

//Flags used by the C compiler during all build types.
CMAKE_C_FLAGS:STRING=-g -O2 -fdebug-prefix-map=/<<PKGBUILDDIR>>=. -fstack-protector-strong -Wformat -Werror=format-security -Wdate-time -D_FORTIFY_SOURCE=2 -Wdate-time -D_FORTIFY_SOURCE=2

//Flags used by the C compiler during DEBIAN builds.
CMAKE_C_FLAGS_DEBIAN:STRING=

//Flags used by the C compiler during DEBUG builds.
CMAKE_C_FLAGS_DEBUG:STRING=-g

//Flags used by the C compiler during MINSIZEREL builds.
CMAKE_C_FLAGS_MINSIZEREL:STRING=-Os -DNDEBUG

//Flags used by the C compiler during RELEASE builds.
CMAKE_C_FLAGS_RELEASE:STRING=-O3 -DNDEBUG

//Flags used by the C compiler during RELWITHDEBINFO builds.
CMAKE_C_FLAGS_RELWITHDEBINFO:STRING=-O2 -g -DNDEBUG

//Flags used by the linker during all build types.
CMAKE_EXE_LINKER_FLAGS:STRING=-Wl,-z,relro -Wl,--as-needed -Wl,--no-undefined

//Flags used by the linker during DEBIAN builds.
CMAKE_EXE_LINKER_FLAGS_DEBIAN:STRING=

//Flags used by the linker during DEBUG builds.
CMAKE_EXE_LINKER_FLAGS_DEBUG:STRING=

//Flags used by the linker during MINSIZEREL builds.
CMAKE_EXE_LINKER_FLAGS_MINSIZEREL:STRING=

//Flags used by the linker during RELEASE builds.
CMAKE_EXE_LINKER_FLAGS_RELEASE:STRING=

//Flags used by the linker during RELWITHDEBINFO builds.
CMAKE_EXE_LINKER_FLAGS_RELWITHDEBINFO:STRING=

//Enable/Disable output of compile commands during generation.
CMAKE_EXPORT_COMPILE_COMMANDS:BOOL=OFF

//No help, variable specified on the command line.
CMAKE_EXPORT_NO_PACKAGE_REGISTRY:UNINITIALIZED=ON

//No help, variable specified on the command line.
CMAKE_FIND_PACKAGE_NO_PACKAGE_REGISTRY:UNINITIALIZED=ON

//No help, variable specified on the command line.
CMAKE_INSTALL_LIBDIR:UNINITIALIZED=lib/arm-linux-gnueabihf

//No help, variable specified on the command line.
CMAKE_INSTALL_LOCALSTATEDIR:UNINITIALIZED=/var

//Install path prefix, prepended onto install directories.
CMAKE_INSTALL_PREFIX:PATH=/usr

//No help, variable specified on the command line.
CMAKE_INSTALL_SYSCONFDIR:UNINITIALIZED=/etc

//Path to a program.
CMAKE_LINKER:FILEPATH=/usr/bin/arm-linux-gnueabihf-ld

//Path to a program.
CMAKE_MAKE_PROGRAM:FILEPATH=/usr/bin/make

//Flags used by the linker during the creation of modules during
// all build types.
CMAKE_MODULE_LINKER_FLAGS:STRING=-Wl,-z,relro -Wl,--as-needed -Wl,--no-undefined

//Flags used by the linker during the creation of modules during
// DEBIAN builds.
CMAKE_MODULE_LINKER_FLAGS_DEBIAN:STRING=

//Flags used by the linker during the creation of modules during
// DEBUG builds.
CMAKE_MODULE_LINKER_FLAGS_DEBUG:STRING=

//Flags used by the linker during the creation of modules during
// MINSIZEREL builds.
CMAKE_MODULE_LINKER_FLAGS_MINSIZEREL:STRING=

//Flags used by the linker during the creation of modules during
// RELEASE builds.
CMAKE_MODULE_LINKER_FLAGS_RELEASE:STRING=

//Flags used by the linker during the creation of modules during
// RELWITHDEBINFO builds.
CMAKE_MODULE_LINKER_FLAGS_RELWITHDEBINFO:STRING=

//Path to a program.
CMAKE_NM:FILEPATH=/usr/bin/arm-linux-gnueabihf-nm

//Path to a program.
CMAKE_OBJCOPY:FILEPATH=/usr/bin/arm-linux-gnueabihf-objcopy

//Path to a program.
CMAKE_OBJDUMP:FILEPATH=/usr/bin/arm-linux-gnueabihf-objdump

//Value Computed by CMake
CMAKE_PROJECT_DESCRIPTION:STATIC=

//Value Computed by CMake
CMAKE_PROJECT_HOMEPAGE_URL:STATIC=

//Value Computed by CMake
CMAKE_PROJECT_NAME:STATIC=soprano

//Path to a program.
CMAKE_RANLIB:FILEPATH=/usr/bin/arm-linux-gnueabihf-ranlib

//Flags used by the linker during the creation of shared libraries
// during all build types.
CMAKE_SHARED_LINKER_FLAGS:STRING=-Wl,-z,relro -Wl,--as-needed -Wl,--no-undefined

//Flags used by the linker during the creation of shared libraries
// during DEBIAN builds.
CMAKE_SHARED_LINKER_FLAGS_DEBIAN:STRING=

//Flags used by the linker during the creation of shared libraries
// during DEBUG builds.
CMAKE_SHARED_LINKER_FLAGS_DEBUG:STRING=

//Flags used by the linker during the creation of shared libraries
// during MINSIZEREL builds.
CMAKE_SHARED_LINKER_FLAGS_MINSIZEREL:STRING=

//Flags used by the linker during the creation of shared libraries
// during RELEASE builds.
CMAKE_SHARED_LINKER_FLAGS_RELEASE:STRING=

//Flags used by the linker during the creation of shared libraries
// during RELWITHDEBINFO builds.
CMAKE_SHARED_LINKER_FLAGS_RELWITHDEBINFO:STRING=

//If set, runtime paths are not added when installing shared libraries,
// but are added when building.
CMAKE_SKIP_INSTALL_RPATH:BOOL=NO

//If set, runtime paths are not added when using shared libraries.
CMAKE_SKIP_RPATH:BOOL=NO

//Flags used by the linker during the creation of static libraries
// during all build types.
CMAKE_STATIC_LINKER_FLAGS:STRING=

//Flags used by the linker during the creation of static libraries
// during DEBIAN builds.
CMAKE_STATIC_LINKER_FLAGS_DEBIAN:STRING=

//Flags used by the linker during the creation of static libraries
// during DEBUG builds.
CMAKE_STATIC_LINKER_FLAGS_DEBUG:STRING=

//Flags used by the linker during the creation of static libraries
// during MINSIZEREL builds.
CMAKE_STATIC_LINKER_FLAGS_MINSIZEREL:STRING=

//Flags used by the linker during the creation of static libraries
// during RELEASE builds.
CMAKE_STATIC_LINKER_FLAGS_RELEASE:STRING=

//Flags used by the linker during the creation of static libraries
// during RELWITHDEBINFO builds.
CMAKE_STATIC_LINKER_FLAGS_RELWITHDEBINFO:STRING=

//Path to a program.
CMAKE_STRIP:FILEPATH=/usr/bin/arm-linux-gnueabihf-strip

//No help, variable specified on the command line.
CMAKE_SYSTEM_NAME:UNINITIALIZED=Linux

//No help, variable specified on the command line.
CMAKE_SYSTEM_PROCESSOR:UNINITIALIZED=arm

//If this value is on, makefiles will be generated without the
// .SILENT directive, and all commands will be echoed to the console
// during the make.  This is useful for debugging only. With Visual
// Studio IDE projects all commands are done without /nologo.
CMAKE_VERBOSE_MAKEFILE:BOOL=ON

//Path to the coverage program that CTest uses for performing coverage
// inspection
COVERAGE_COMMAND:FILEPATH=/usr/bin/gcov

//Extra command line flags to pass to the coverage tool
COVERAGE_EXTRA_FLAGS:STRING=-l

//Enable to build Debian packages
CPACK_BINARY_DEB:BOOL=OFF

//Enable to build FreeBSD packages
CPACK_BINARY_FREEBSD:BOOL=OFF

//Enable to build IFW packages
CPACK_BINARY_IFW:BOOL=OFF

//Enable to build NSIS packages
CPACK_BINARY_NSIS:BOOL=OFF

//Enable to build RPM packages
CPACK_BINARY_RPM:BOOL=OFF

//Enable to build STGZ packages
CPACK_BINARY_STGZ:BOOL=ON

//Enable to build TBZ2 packages
CPACK_BINARY_TBZ2:BOOL=OFF

//Enable to build TGZ packages
CPACK_BINARY_TGZ:BOOL=ON

//Enable to build TXZ packages
CPACK_BINARY_TXZ:BOOL=OFF

//Enable to build TZ packages
CPACK_BINARY_TZ:BOOL=ON

//Enable to build RPM source packages
CPACK_SOURCE_RPM:BOOL=OFF

//Enable to build TBZ2 source packages
CPACK_SOURCE_TBZ2:BOOL=ON

//Enable to build TGZ source packages
CPACK_SOURCE_TGZ:BOOL=ON

//Enable to build TXZ source packages
CPACK_SOURCE_TXZ:BOOL=ON

//Enable to build TZ source packages
CPACK_SOURCE_TZ:BOOL=ON

//Enable to build ZIP source packages
CPACK_SOURCE_ZIP:BOOL=OFF

//How many times to retry timed-out CTest submissions.
CTEST_SUBMIT_RETRY_COUNT:STRING=3

//How long to wait between timed-out CTest submissions.
CTEST_SUBMIT_RETRY_DELAY:STRING=5

//Path to a program.
CVSCOMMAND:FILEPATH=CVSCOMMAND-NOTFOUND

//Options passed to the cvs update command.
CVS_UPDATE_OPTIONS:STRING=-d -A -P

//Maximum time allowed before CTest will kill the test.
DART_TESTING_TIMEOUT:STRING=1500

//Path to a program.
GITCOMMAND:FILEPATH=GITCOMMAND-NOTFOUND

//Path to a program.
HGCOMMAND:FILEPATH=HGCOMMAND-NOTFOUND

//Command to build the project
MAKECOMMAND:STRING=/usr/bin/cmake --build . --config "${CTEST_CONFIGURATION_TYPE}" -- -i

//Path to the memory checking command, used for memory error detection.
MEMORYCHECK_COMMAND:FILEPATH=MEMORYCHECK_COMMAND-NOTFOUND

//File that contains suppressions for the memory checker
MEMORYCHECK_SUPPRESSIONS_FILE:FILEPATH=

//Path to a program.
P4COMMAND:FILEPATH=P4COMMAND-NOTFOUND

//No help, variable specified on the command line.
PKGCONFIG_EXECUTABLE:UNINITIALIZED=/usr/bin/arm-linux-gnueabihf-pkg-config

//No help, variable specified on the command line.
PKG_CONFIG_EXECUTABLE:UNINITIALIZED=/usr/bin/arm-linux-gnueabihf-pkg-config

//No help, variable specified on the command line.
QMAKE_EXECUTABLE:UNINITIALIZED=/usr/bin/arm-linux-gnueabihf-qmake

//The location of the Qt docs
QT_DOC_DIR:PATH=/usr/share/qt4/doc

QT_INCLUDE_DIR:PATH=/usr/include/qt4

//Qt library dir
QT_LIBRARY_DIR:PATH=/usr/lib/x86_64-linux-gnu

//The location of the Qt mkspecs
QT_MKSPECS_DIR:PATH=/usr/share/qt4/mkspecs

//The location of the Qt plugins
QT_PLUGINS_DIR:PATH=/usr/lib/x86_64-linux-gnu/qt4/plugins

//Path to a program.
QT_QMAKE_EXECUTABLE:FILEPATH=/usr/bin/qmake

//Path to a file.
QT_QT3SUPPORT_INCLUDE_DIR:PATH=/usr/include/qt4/Qt3Support

//Path to a library.
QT_QT3SUPPORT_LIBRARY:FILEPATH=QT_QT3SUPPORT_LIBRARY-NOTFOUND

//Path to a file.
QT_QTASSISTANT_INCLUDE_DIR:PATH=QT_QTASSISTANT_INCLUDE_DIR-NOTFOUND

//Path to a file.
QT_QTCORE_INCLUDE_DIR:PATH=/usr/include/qt4/QtCore

//Path to a library.
QT_QTCORE_LIBRARY:FILEPATH=QT_QTCORE_LIBRARY-NOTFOUND

//Path to a file.
QT_QTDBUS_INCLUDE_DIR:PATH=/usr/include/qt4/QtDBus

//Path to a library.
QT_QTDBUS_LIBRARY:FILEPATH=QT_QTDBUS_LIBRARY-NOTFOUND

//Path to a file.
QT_QTDESIGNERCOMPONENTS_INCLUDE_DIR:PATH=/usr/include/qt4/QtDesigner

//Path to a file.
QT_QTDESIGNER_INCLUDE_DIR:PATH=/usr/include/qt4/QtDesigner

//Path to a file.
QT_QTGUI_INCLUDE_DIR:PATH=/usr/include/qt4/QtGui

//Path to a library.
QT_QTGUI_LIBRARY:FILEPATH=QT_QTGUI_LIBRARY-NOTFOUND

//Path to a file.
QT_QTMOTIF_INCLUDE_DIR:PATH=QT_QTMOTIF_INCLUDE_DIR-NOTFOUND

//Path to a library.
QT_QTMOTIF_LIBRARY:FILEPATH=QT_QTMOTIF_LIBRARY-NOTFOUND

//Path to a file.
QT_QTNETWORK_INCLUDE_DIR:PATH=/usr/include/qt4/QtNetwork

//Path to a library.
QT_QTNETWORK_LIBRARY:FILEPATH=QT_QTNETWORK_LIBRARY-NOTFOUND

//Path to a file.
QT_QTNSPLUGIN_INCLUDE_DIR:PATH=QT_QTNSPLUGIN_INCLUDE_DIR-NOTFOUND

//Path to a library.
QT_QTNSPLUGIN_LIBRARY:FILEPATH=QT_QTNSPLUGIN_LIBRARY-NOTFOUND

//Path to a file.
QT_QTOPENGL_INCLUDE_DIR:PATH=QT_QTOPENGL_INCLUDE_DIR-NOTFOUND

//Path to a library.
QT_QTOPENGL_LIBRARY:FILEPATH=QT_QTOPENGL_LIBRARY-NOTFOUND

//Path to a file.
QT_QTSCRIPT_INCLUDE_DIR:PATH=/usr/include/qt4/QtScript

//Path to a library.
QT_QTSCRIPT_LIBRARY:FILEPATH=QT_QTSCRIPT_LIBRARY-NOTFOUND

//Path to a file.
QT_QTSQL_INCLUDE_DIR:PATH=/usr/include/qt4/QtSql

//Path to a library.
QT_QTSQL_LIBRARY:FILEPATH=QT_QTSQL_LIBRARY-NOTFOUND

//Path to a file.
QT_QTSVG_INCLUDE_DIR:PATH=/usr/include/qt4/QtSvg

//Path to a library.
QT_QTSVG_LIBRARY:FILEPATH=QT_QTSVG_LIBRARY-NOTFOUND

//Path to a file.
QT_QTTEST_INCLUDE_DIR:PATH=/usr/include/qt4/QtTest

//Path to a library.
QT_QTTEST_LIBRARY:FILEPATH=QT_QTTEST_LIBRARY-NOTFOUND

//Path to a file.
QT_QTUITOOLS_INCLUDE_DIR:PATH=/usr/include/qt4/QtUiTools

//Path to a library.
QT_QTUITOOLS_LIBRARY:FILEPATH=QT_QTUITOOLS_LIBRARY-NOTFOUND

//Path to a file.
QT_QTXML_INCLUDE_DIR:PATH=/usr/include/qt4/QtXml

//Path to a library.
QT_QTXML_LIBRARY:FILEPATH=QT_QTXML_LIBRARY-NOTFOUND

//Path to a file.
QT_QT_INCLUDE_DIR:PATH=/usr/include/qt4/Qt

//Path to scp command, used by CTest for submitting results to
// a Dart server
SCPCOMMAND:FILEPATH=SCPCOMMAND-NOTFOUND

//Name of the computer/site where compile is being run
SITE:STRING=4be29f1fdf49

//Path to the SLURM sbatch executable
SLURM_SBATCH_COMMAND:FILEPATH=SLURM_SBATCH_COMMAND-NOTFOUND

//Path to the SLURM srun executable
SLURM_SRUN_COMMAND:FILEPATH=SLURM_SRUN_COMMAND-NOTFOUND

//Build Soprano API documentation
SOPRANO_BUILD_API_DOCS:BOOL=OFF

//Build all unit tests
SOPRANO_BUILD_TESTS:BOOL=OFF

//Disable compilation of Clucene-based full-text index
SOPRANO_DISABLE_CLUCENE_INDEX:BOOL=OFF

//Disable D-Bus integration
SOPRANO_DISABLE_DBUS:BOOL=OFF

//Disable compilation of Raptor parser plugin
SOPRANO_DISABLE_RAPTOR_PARSER:BOOL=OFF

//Disable compilation of Raptor RDF serializer plugin
SOPRANO_DISABLE_RAPTOR_SERIALIZER:BOOL=OFF

//Disable compilation of Redland storage backend
SOPRANO_DISABLE_REDLAND_BACKEND:BOOL=OFF

//Disable compilation of Sesame2 storage backend
SOPRANO_DISABLE_SESAME2_BACKEND:BOOL=ON

//Disable compilation of Virtuoso storage backend
SOPRANO_DISABLE_VIRTUOSO_BACKEND:BOOL=OFF

//Path to a program.
SVNCOMMAND:FILEPATH=SVNCOMMAND-NOTFOUND

//Value Computed by CMake
soprano_BINARY_DIR:STATIC=/<<PKGBUILDDIR>>/Build

//Value Computed by CMake
soprano_SOURCE_DIR:STATIC=/<<PKGBUILDDIR>>


########################
# INTERNAL cache entries
########################

//ADVANCED property for variable: BZRCOMMAND
BZRCOMMAND-ADVANCED:INTERNAL=1
//ADVANCED property for variable: CMAKE_AR
CMAKE_AR-ADVANCED:INTERNAL=1
//This is the directory where this CMakeCache.txt was created
CMAKE_CACHEFILE_DIR:INTERNAL=/<<PKGBUILDDIR>>/Build
//Major version of cmake used to create the current loaded cache
CMAKE_CACHE_MAJOR_VERSION:INTERNAL=3
//Minor version of cmake used to create the current loaded cache
CMAKE_CACHE_MINOR_VERSION:INTERNAL=13
//Patch version of cmake used to create the current loaded cache
CMAKE_CACHE_PATCH_VERSION:INTERNAL=4
//ADVANCED property for variable: CMAKE_COLOR_MAKEFILE
CMAKE_COLOR_MAKEFILE-ADVANCED:INTERNAL=1
//Path to CMake executable.
CMAKE_COMMAND:INTERNAL=/usr/bin/cmake
//Path to cpack program executable.
CMAKE_CPACK_COMMAND:INTERNAL=/usr/bin/cpack
//ADVANCED property for variable: CMAKE_CTEST_COMMAND
CMAKE_CTEST_COMMAND-ADVANCED:INTERNAL=1
//Path to ctest program executable.
CMAKE_CTEST_COMMAND:INTERNAL=/usr/bin/ctest
//ADVANCED property for variable: CMAKE_CXX_COMPILER
CMAKE_CXX_COMPILER-ADVANCED:INTERNAL=1
//ADVANCED property for variable: CMAKE_CXX_COMPILER_AR
CMAKE_CXX_COMPILER_AR-ADVANCED:INTERNAL=1
//ADVANCED property for variable: CMAKE_CXX_COMPILER_RANLIB
CMAKE_CXX_COMPILER_RANLIB-ADVANCED:INTERNAL=1
//ADVANCED property for variable: CMAKE_CXX_FLAGS
CMAKE_CXX_FLAGS-ADVANCED:INTERNAL=1
//ADVANCED property for variable: CMAKE_CXX_FLAGS_DEBIAN
CMAKE_CXX_FLAGS_DEBIAN-ADVANCED:INTERNAL=1
//ADVANCED property for variable: CMAKE_CXX_FLAGS_DEBUG
CMAKE_CXX_FLAGS_DEBUG-ADVANCED:INTERNAL=1
//ADVANCED property for variable: CMAKE_CXX_FLAGS_MINSIZEREL
CMAKE_CXX_FLAGS_MINSIZEREL-ADVANCED:INTERNAL=1
//ADVANCED property for variable: CMAKE_CXX_FLAGS_RELEASE
CMAKE_CXX_FLAGS_RELEASE-ADVANCED:INTERNAL=1
//ADVANCED property for variable: CMAKE_CXX_FLAGS_RELWITHDEBINFO
CMAKE_CXX_FLAGS_RELWITHDEBINFO-ADVANCED:INTERNAL=1
//ADVANCED property for variable: CMAKE_C_COMPILER
CMAKE_C_COMPILER-ADVANCED:INTERNAL=1
//ADVANCED property for variable: CMAKE_C_COMPILER_AR
CMAKE_C_COMPILER_AR-ADVANCED:INTERNAL=1
//ADVANCED property for variable: CMAKE_C_COMPILER_RANLIB
CMAKE_C_COMPILER_RANLIB-ADVANCED:INTERNAL=1
//ADVANCED property for variable: CMAKE_C_FLAGS
CMAKE_C_FLAGS-ADVANCED:INTERNAL=1
//ADVANCED property for variable: CMAKE_C_FLAGS_DEBIAN
CMAKE_C_FLAGS_DEBIAN-ADVANCED:INTERNAL=1
//ADVANCED property for variable: CMAKE_C_FLAGS_DEBUG
CMAKE_C_FLAGS_DEBUG-ADVANCED:INTERNAL=1
//ADVANCED property for variable: CMAKE_C_FLAGS_MINSIZEREL
CMAKE_C_FLAGS_MINSIZEREL-ADVANCED:INTERNAL=1
//ADVANCED property for variable: CMAKE_C_FLAGS_RELEASE
CMAKE_C_FLAGS_RELEASE-ADVANCED:INTERNAL=1
//ADVANCED property for variable: CMAKE_C_FLAGS_RELWITHDEBINFO
CMAKE_C_FLAGS_RELWITHDEBINFO-ADVANCED:INTERNAL=1
//Executable file format
CMAKE_EXECUTABLE_FORMAT:INTERNAL=ELF
//ADVANCED property for variable: CMAKE_EXE_LINKER_FLAGS
CMAKE_EXE_LINKER_FLAGS-ADVANCED:INTERNAL=1
//ADVANCED property for variable: CMAKE_EXE_LINKER_FLAGS_DEBIAN
CMAKE_EXE_LINKER_FLAGS_DEBIAN-ADVANCED:INTERNAL=1
//ADVANCED property for variable: CMAKE_EXE_LINKER_FLAGS_DEBUG
CMAKE_EXE_LINKER_FLAGS_DEBUG-ADVANCED:INTERNAL=1
//ADVANCED property for variable: CMAKE_EXE_LINKER_FLAGS_MINSIZEREL
CMAKE_EXE_LINKER_FLAGS_MINSIZEREL-ADVANCED:INTERNAL=1
//ADVANCED property for variable: CMAKE_EXE_LINKER_FLAGS_RELEASE
CMAKE_EXE_LINKER_FLAGS_RELEASE-ADVANCED:INTERNAL=1
//ADVANCED property for variable: CMAKE_EXE_LINKER_FLAGS_RELWITHDEBINFO
CMAKE_EXE_LINKER_FLAGS_RELWITHDEBINFO-ADVANCED:INTERNAL=1
//ADVANCED property for variable: CMAKE_EXPORT_COMPILE_COMMANDS
CMAKE_EXPORT_COMPILE_COMMANDS-ADVANCED:INTERNAL=1
//Name of external makefile project generator.
CMAKE_EXTRA_GENERATOR:INTERNAL=
//Name of generator.
CMAKE_GENERATOR:INTERNAL=Unix Makefiles
//Generator instance identifier.
CMAKE_GENERATOR_INSTANCE:INTERNAL=
//Name of generator platform.
CMAKE_GENERATOR_PLATFORM:INTERNAL=
//Name of generator toolset.
CMAKE_GENERATOR_TOOLSET:INTERNAL=
//Source directory with the top level CMakeLists.txt file for this
// project
CMAKE_HOME_DIRECTORY:INTERNAL=/<<PKGBUILDDIR>>
//Install .so files without execute permission.
CMAKE_INSTALL_SO_NO_EXE:INTERNAL=1
//ADVANCED property for variable: CMAKE_LINKER
CMAKE_LINKER-ADVANCED:INTERNAL=1
//ADVANCED property for variable: CMAKE_MAKE_PROGRAM
CMAKE_MAKE_PROGRAM-ADVANCED:INTERNAL=1
//ADVANCED property for variable: CMAKE_MODULE_LINKER_FLAGS
CMAKE_MODULE_LINKER_FLAGS-ADVANCED:INTERNAL=1
//ADVANCED property for variable: CMAKE_MODULE_LINKER_FLAGS_DEBIAN
CMAKE_MODULE_LINKER_FLAGS_DEBIAN-ADVANCED:INTERNAL=1
//ADVANCED property for variable: CMAKE_MODULE_LINKER_FLAGS_DEBUG
CMAKE_MODULE_LINKER_FLAGS_DEBUG-ADVANCED:INTERNAL=1
//ADVANCED property for variable: CMAKE_MODULE_LINKER_FLAGS_MINSIZEREL
CMAKE_MODULE_LINKER_FLAGS_MINSIZEREL-ADVANCED:INTERNAL=1
//ADVANCED property for variable: CMAKE_MODULE_LINKER_FLAGS_RELEASE
CMAKE_MODULE_LINKER_FLAGS_RELEASE-ADVANCED:INTERNAL=1
//ADVANCED property for variable: CMAKE_MODULE_LINKER_FLAGS_RELWITHDEBINFO
CMAKE_MODULE_LINKER_FLAGS_RELWITHDEBINFO-ADVANCED:INTERNAL=1
//ADVANCED property for variable: CMAKE_NM
CMAKE_NM-ADVANCED:INTERNAL=1
//number of local generators
CMAKE_NUMBER_OF_MAKEFILES:INTERNAL=1
//ADVANCED property for variable: CMAKE_OBJCOPY
CMAKE_OBJCOPY-ADVANCED:INTERNAL=1
//ADVANCED property for variable: CMAKE_OBJDUMP
CMAKE_OBJDUMP-ADVANCED:INTERNAL=1
//Platform information initialized
CMAKE_PLATFORM_INFO_INITIALIZED:INTERNAL=1
//ADVANCED property for variable: CMAKE_RANLIB
CMAKE_RANLIB-ADVANCED:INTERNAL=1
//Path to CMake installation.
CMAKE_ROOT:INTERNAL=/usr/share/cmake-3.13
//ADVANCED property for variable: CMAKE_SHARED_LINKER_FLAGS
CMAKE_SHARED_LINKER_FLAGS-ADVANCED:INTERNAL=1
//ADVANCED property for variable: CMAKE_SHARED_LINKER_FLAGS_DEBIAN
CMAKE_SHARED_LINKER_FLAGS_DEBIAN-ADVANCED:INTERNAL=1
//ADVANCED property for variable: CMAKE_SHARED_LINKER_FLAGS_DEBUG
CMAKE_SHARED_LINKER_FLAGS_DEBUG-ADVANCED:INTERNAL=1
//ADVANCED property for variable: CMAKE_SHARED_LINKER_FLAGS_MINSIZEREL
CMAKE_SHARED_LINKER_FLAGS_MINSIZEREL-ADVANCED:INTERNAL=1
//ADVANCED property for variable: CMAKE_SHARED_LINKER_FLAGS_RELEASE
CMAKE_SHARED_LINKER_FLAGS_RELEASE-ADVANCED:INTERNAL=1
//ADVANCED property for variable: CMAKE_SHARED_LINKER_FLAGS_RELWITHDEBINFO
CMAKE_SHARED_LINKER_FLAGS_RELWITHDEBINFO-ADVANCED:INTERNAL=1
//ADVANCED property for variable: CMAKE_SKIP_INSTALL_RPATH
CMAKE_SKIP_INSTALL_RPATH-ADVANCED:INTERNAL=1
//ADVANCED property for variable: CMAKE_SKIP_RPATH
CMAKE_SKIP_RPATH-ADVANCED:INTERNAL=1
//ADVANCED property for variable: CMAKE_STATIC_LINKER_FLAGS
CMAKE_STATIC_LINKER_FLAGS-ADVANCED:INTERNAL=1
//ADVANCED property for variable: CMAKE_STATIC_LINKER_FLAGS_DEBIAN
CMAKE_STATIC_LINKER_FLAGS_DEBIAN-ADVANCED:INTERNAL=1
//ADVANCED property for variable: CMAKE_STATIC_LINKER_FLAGS_DEBUG
CMAKE_STATIC_LINKER_FLAGS_DEBUG-ADVANCED:INTERNAL=1
//ADVANCED property for variable: CMAKE_STATIC_LINKER_FLAGS_MINSIZEREL
CMAKE_STATIC_LINKER_FLAGS_MINSIZEREL-ADVANCED:INTERNAL=1
//ADVANCED property for variable: CMAKE_STATIC_LINKER_FLAGS_RELEASE
CMAKE_STATIC_LINKER_FLAGS_RELEASE-ADVANCED:INTERNAL=1
//ADVANCED property for variable: CMAKE_STATIC_LINKER_FLAGS_RELWITHDEBINFO
CMAKE_STATIC_LINKER_FLAGS_RELWITHDEBINFO-ADVANCED:INTERNAL=1
//ADVANCED property for variable: CMAKE_STRIP
CMAKE_STRIP-ADVANCED:INTERNAL=1
//uname command
CMAKE_UNAME:INTERNAL=/bin/uname
//ADVANCED property for variable: CMAKE_VERBOSE_MAKEFILE
CMAKE_VERBOSE_MAKEFILE-ADVANCED:INTERNAL=1
//ADVANCED property for variable: COVERAGE_COMMAND
COVERAGE_COMMAND-ADVANCED:INTERNAL=1
//ADVANCED property for variable: COVERAGE_EXTRA_FLAGS
COVERAGE_EXTRA_FLAGS-ADVANCED:INTERNAL=1
//ADVANCED property for variable: CPACK_BINARY_DEB
CPACK_BINARY_DEB-ADVANCED:INTERNAL=1
//ADVANCED property for variable: CPACK_BINARY_FREEBSD
CPACK_BINARY_FREEBSD-ADVANCED:INTERNAL=1
//ADVANCED property for variable: CPACK_BINARY_IFW
CPACK_BINARY_IFW-ADVANCED:INTERNAL=1
//ADVANCED property for variable: CPACK_BINARY_NSIS
CPACK_BINARY_NSIS-ADVANCED:INTERNAL=1
//ADVANCED property for variable: CPACK_BINARY_RPM
CPACK_BINARY_RPM-ADVANCED:INTERNAL=1
//ADVANCED property for variable: CPACK_BINARY_STGZ
CPACK_BINARY_STGZ-ADVANCED:INTERNAL=1
//ADVANCED property for variable: CPACK_BINARY_TBZ2
CPACK_BINARY_TBZ2-ADVANCED:INTERNAL=1
//ADVANCED property for variable: CPACK_BINARY_TGZ
CPACK_BINARY_TGZ-ADVANCED:INTERNAL=1
//ADVANCED property for variable: CPACK_BINARY_TXZ
CPACK_BINARY_TXZ-ADVANCED:INTERNAL=1
//ADVANCED property for variable: CPACK_BINARY_TZ
CPACK_BINARY_TZ-ADVANCED:INTERNAL=1
//ADVANCED property for variable: CPACK_SOURCE_RPM
CPACK_SOURCE_RPM-ADVANCED:INTERNAL=1
//ADVANCED property for variable: CPACK_SOURCE_TBZ2
CPACK_SOURCE_TBZ2-ADVANCED:INTERNAL=1
//ADVANCED property for variable: CPACK_SOURCE_TGZ
CPACK_SOURCE_TGZ-ADVANCED:INTERNAL=1
//ADVANCED property for variable: CPACK_SOURCE_TXZ
CPACK_SOURCE_TXZ-ADVANCED:INTERNAL=1
//ADVANCED property for variable: CPACK_SOURCE_TZ
CPACK_SOURCE_TZ-ADVANCED:INTERNAL=1
//ADVANCED property for variable: CPACK_SOURCE_ZIP
CPACK_SOURCE_ZIP-ADVANCED:INTERNAL=1
//ADVANCED property for variable: CTEST_SUBMIT_RETRY_COUNT
CTEST_SUBMIT_RETRY_COUNT-ADVANCED:INTERNAL=1
//ADVANCED property for variable: CTEST_SUBMIT_RETRY_DELAY
CTEST_SUBMIT_RETRY_DELAY-ADVANCED:INTERNAL=1
//ADVANCED property for variable: CVSCOMMAND
CVSCOMMAND-ADVANCED:INTERNAL=1
//ADVANCED property for variable: CVS_UPDATE_OPTIONS
CVS_UPDATE_OPTIONS-ADVANCED:INTERNAL=1
//ADVANCED property for variable: DART_TESTING_TIMEOUT
DART_TESTING_TIMEOUT-ADVANCED:INTERNAL=1
//ADVANCED property for variable: GITCOMMAND
GITCOMMAND-ADVANCED:INTERNAL=1
//ADVANCED property for variable: HGCOMMAND
HGCOMMAND-ADVANCED:INTERNAL=1
//ADVANCED property for variable: MAKECOMMAND
MAKECOMMAND-ADVANCED:INTERNAL=1
//ADVANCED property for variable: MEMORYCHECK_COMMAND
MEMORYCHECK_COMMAND-ADVANCED:INTERNAL=1
//ADVANCED property for variable: MEMORYCHECK_SUPPRESSIONS_FILE
MEMORYCHECK_SUPPRESSIONS_FILE-ADVANCED:INTERNAL=1
//ADVANCED property for variable: P4COMMAND
P4COMMAND-ADVANCED:INTERNAL=1
QT_BINARY_DIR:INTERNAL=/usr/lib/x86_64-linux-gnu/qt4/bin
//ADVANCED property for variable: QT_DOC_DIR
QT_DOC_DIR-ADVANCED:INTERNAL=1
QT_HEADERS_DIR:INTERNAL=/usr/include/qt4
//ADVANCED property for variable: QT_INCLUDE_DIR
QT_INCLUDE_DIR-ADVANCED:INTERNAL=1
//ADVANCED property for variable: QT_LIBRARY_DIR
QT_LIBRARY_DIR-ADVANCED:INTERNAL=1
//ADVANCED property for variable: QT_MKSPECS_DIR
QT_MKSPECS_DIR-ADVANCED:INTERNAL=1
//ADVANCED property for variable: QT_PLUGINS_DIR
QT_PLUGINS_DIR-ADVANCED:INTERNAL=1
//ADVANCED property for variable: QT_QT_INCLUDE_DIR
QT_QT_INCLUDE_DIR-ADVANCED:INTERNAL=1
//Have symbol Q_WS_MAC
Q_WS_MAC:INTERNAL=
//Have symbol Q_WS_QWS
Q_WS_QWS:INTERNAL=
//Have symbol Q_WS_WIN
Q_WS_WIN:INTERNAL=
//Have symbol Q_WS_X11
Q_WS_X11:INTERNAL=1
//ADVANCED property for variable: SCPCOMMAND
SCPCOMMAND-ADVANCED:INTERNAL=1
//ADVANCED property for variable: SITE
SITE-ADVANCED:INTERNAL=1
//ADVANCED property for variable: SLURM_SBATCH_COMMAND
SLURM_SBATCH_COMMAND-ADVANCED:INTERNAL=1
//ADVANCED property for variable: SLURM_SRUN_COMMAND
SLURM_SRUN_COMMAND-ADVANCED:INTERNAL=1
//ADVANCED property for variable: SVNCOMMAND
SVNCOMMAND-ADVANCED:INTERNAL=1

	cd Build && tail -v -n \+0 CMakeFiles/CMakeOutput.log
==> CMakeFiles/CMakeOutput.log <==
The target system is: Linux -  - arm
The host system is: Linux - 3.16.0-4-amd64 - x86_64
Compiling the C compiler identification source file "CMakeCCompilerId.c" succeeded.
Compiler: /usr/lib/ccache/arm-linux-gnueabihf-gcc 
Build flags: -g;-O2;-fdebug-prefix-map=/<<PKGBUILDDIR>>=.;-fstack-protector-strong;-Wformat;-Werror=format-security;-Wdate-time;-D_FORTIFY_SOURCE=2;-Wdate-time;-D_FORTIFY_SOURCE=2
Id flags:  

The output was:
0


Compilation of the C compiler identification source "CMakeCCompilerId.c" produced "a.out"

The C compiler identification is GNU, found in "/<<PKGBUILDDIR>>/Build/CMakeFiles/3.13.4/CompilerIdC/a.out"

Compiling the CXX compiler identification source file "CMakeCXXCompilerId.cpp" succeeded.
Compiler: /usr/lib/ccache/arm-linux-gnueabihf-g++ 
Build flags: -g;-O2;-fdebug-prefix-map=/<<PKGBUILDDIR>>=.;-fstack-protector-strong;-Wformat;-Werror=format-security;-Wdate-time;-D_FORTIFY_SOURCE=2;-Wdate-time;-D_FORTIFY_SOURCE=2
Id flags:  

The output was:
0


Compilation of the CXX compiler identification source "CMakeCXXCompilerId.cpp" produced "a.out"

The CXX compiler identification is GNU, found in "/<<PKGBUILDDIR>>/Build/CMakeFiles/3.13.4/CompilerIdCXX/a.out"

Determining if the C compiler works passed with the following output:
Change Dir: /<<PKGBUILDDIR>>/Build/CMakeFiles/CMakeTmp

Run Build Command:"/usr/bin/make" "cmTC_47d3e/fast"
make[3]: Entering directory '/<<PKGBUILDDIR>>/Build/CMakeFiles/CMakeTmp'
/usr/bin/make -f CMakeFiles/cmTC_47d3e.dir/build.make CMakeFiles/cmTC_47d3e.dir/build
make[4]: Entering directory '/<<PKGBUILDDIR>>/Build/CMakeFiles/CMakeTmp'
Building C object CMakeFiles/cmTC_47d3e.dir/testCCompiler.c.o
/usr/lib/ccache/arm-linux-gnueabihf-gcc   -g -O2 -fdebug-prefix-map=/<<PKGBUILDDIR>>=. -fstack-protector-strong -Wformat -Werror=format-security -Wdate-time -D_FORTIFY_SOURCE=2 -Wdate-time -D_FORTIFY_SOURCE=2    -o CMakeFiles/cmTC_47d3e.dir/testCCompiler.c.o   -c /<<PKGBUILDDIR>>/Build/CMakeFiles/CMakeTmp/testCCompiler.c
Linking C executable cmTC_47d3e
/usr/bin/cmake -E cmake_link_script CMakeFiles/cmTC_47d3e.dir/link.txt --verbose=1
/usr/lib/ccache/arm-linux-gnueabihf-gcc -g -O2 -fdebug-prefix-map=/<<PKGBUILDDIR>>=. -fstack-protector-strong -Wformat -Werror=format-security -Wdate-time -D_FORTIFY_SOURCE=2 -Wdate-time -D_FORTIFY_SOURCE=2   -Wl,-z,relro -Wl,--as-needed -Wl,--no-undefined  -rdynamic CMakeFiles/cmTC_47d3e.dir/testCCompiler.c.o  -o cmTC_47d3e 
make[4]: Leaving directory '/<<PKGBUILDDIR>>/Build/CMakeFiles/CMakeTmp'
make[3]: Leaving directory '/<<PKGBUILDDIR>>/Build/CMakeFiles/CMakeTmp'


Detecting C compiler ABI info compiled with the following output:
Change Dir: /<<PKGBUILDDIR>>/Build/CMakeFiles/CMakeTmp

Run Build Command:"/usr/bin/make" "cmTC_27ca9/fast"
make[3]: Entering directory '/<<PKGBUILDDIR>>/Build/CMakeFiles/CMakeTmp'
/usr/bin/make -f CMakeFiles/cmTC_27ca9.dir/build.make CMakeFiles/cmTC_27ca9.dir/build
make[4]: Entering directory '/<<PKGBUILDDIR>>/Build/CMakeFiles/CMakeTmp'
Building C object CMakeFiles/cmTC_27ca9.dir/CMakeCCompilerABI.c.o
/usr/lib/ccache/arm-linux-gnueabihf-gcc   -g -O2 -fdebug-prefix-map=/<<PKGBUILDDIR>>=. -fstack-protector-strong -Wformat -Werror=format-security -Wdate-time -D_FORTIFY_SOURCE=2 -Wdate-time -D_FORTIFY_SOURCE=2    -o CMakeFiles/cmTC_27ca9.dir/CMakeCCompilerABI.c.o   -c /usr/share/cmake-3.13/Modules/CMakeCCompilerABI.c
Linking C executable cmTC_27ca9
/usr/bin/cmake -E cmake_link_script CMakeFiles/cmTC_27ca9.dir/link.txt --verbose=1
/usr/lib/ccache/arm-linux-gnueabihf-gcc -g -O2 -fdebug-prefix-map=/<<PKGBUILDDIR>>=. -fstack-protector-strong -Wformat -Werror=format-security -Wdate-time -D_FORTIFY_SOURCE=2 -Wdate-time -D_FORTIFY_SOURCE=2   -Wl,-z,relro -Wl,--as-needed -Wl,--no-undefined -v -rdynamic CMakeFiles/cmTC_27ca9.dir/CMakeCCompilerABI.c.o  -o cmTC_27ca9 
Using built-in specs.
COLLECT_GCC=/usr/bin/arm-linux-gnueabihf-gcc
COLLECT_LTO_WRAPPER=/usr/lib/gcc-cross/arm-linux-gnueabihf/8/lto-wrapper
Target: arm-linux-gnueabihf
Configured with: ../src/configure -v --with-pkgversion='Debian 8.3.0-7' --with-bugurl=file:///usr/share/doc/gcc-8/README.Bugs --enable-languages=c,ada,c++,go,d,fortran,objc,obj-c++ --prefix=/usr --with-gcc-major-version-only --program-suffix=-8 --enable-shared --enable-linker-build-id --libexecdir=/usr/lib --without-included-gettext --enable-threads=posix --libdir=/usr/lib --enable-nls --with-sysroot=/ --enable-clocale=gnu --enable-libstdcxx-debug --enable-libstdcxx-time=yes --with-default-libstdcxx-abi=new --enable-gnu-unique-object --disable-libitm --disable-libquadmath --disable-libquadmath-support --enable-plugin --enable-default-pie --with-system-zlib --with-target-system-zlib --enable-multiarch --disable-sjlj-exceptions --with-arch=armv7-a --with-fpu=vfpv3-d16 --with-float=hard --with-mode=thumb --disable-werror --enable-checking=release --build=x86_64-linux-gnu --host=x86_64-linux-gnu --target=arm-linux-gnueabihf --program-prefix=arm-linux-gnueabihf- --includedir=/usr/arm-linux-gnueabihf/include
Thread model: posix
gcc version 8.3.0 (Debian 8.3.0-7) 
COMPILER_PATH=/usr/lib/gcc-cross/arm-linux-gnueabihf/8/:/usr/lib/gcc-cross/arm-linux-gnueabihf/8/:/usr/lib/gcc-cross/arm-linux-gnueabihf/:/usr/lib/gcc-cross/arm-linux-gnueabihf/8/:/usr/lib/gcc-cross/arm-linux-gnueabihf/:/usr/lib/gcc-cross/arm-linux-gnueabihf/8/../../../../arm-linux-gnueabihf/bin/
LIBRARY_PATH=/usr/lib/gcc-cross/arm-linux-gnueabihf/8/:/usr/lib/gcc-cross/arm-linux-gnueabihf/8/../../../../arm-linux-gnueabihf/lib/:/lib/arm-linux-gnueabihf/:/lib/:/usr/lib/arm-linux-gnueabihf/:/usr/lib/
COLLECT_GCC_OPTIONS='-g' '-O2' '-fdebug-prefix-map=/<<PKGBUILDDIR>>=.' '-fstack-protector-strong' '-Wformat=1' '-Werror=format-security' '-D' '_FORTIFY_SOURCE=2' '-Wdate-time' '-D' '_FORTIFY_SOURCE=2' '-v' '-rdynamic' '-o' 'cmTC_27ca9'  '-mfloat-abi=hard' '-mfpu=vfpv3-d16' '-mthumb' '-mtls-dialect=gnu' '-march=armv7-a+fp'
 /usr/lib/gcc-cross/arm-linux-gnueabihf/8/collect2 -plugin /usr/lib/gcc-cross/arm-linux-gnueabihf/8/liblto_plugin.so -plugin-opt=/usr/lib/gcc-cross/arm-linux-gnueabihf/8/lto-wrapper -plugin-opt=-fresolution=/tmp/ccixUvlm.res -plugin-opt=-pass-through=-lgcc -plugin-opt=-pass-through=-lgcc_s -plugin-opt=-pass-through=-lc -plugin-opt=-pass-through=-lgcc -plugin-opt=-pass-through=-lgcc_s --sysroot=/ --build-id --eh-frame-hdr -export-dynamic -dynamic-linker /lib/ld-linux-armhf.so.3 -X --hash-style=gnu -m armelf_linux_eabi -pie -o cmTC_27ca9 /usr/lib/gcc-cross/arm-linux-gnueabihf/8/../../../../arm-linux-gnueabihf/lib/Scrt1.o /usr/lib/gcc-cross/arm-linux-gnueabihf/8/../../../../arm-linux-gnueabihf/lib/crti.o /usr/lib/gcc-cross/arm-linux-gnueabihf/8/crtbeginS.o -L/usr/lib/gcc-cross/arm-linux-gnueabihf/8 -L/usr/lib/gcc-cross/arm-linux-gnueabihf/8/../../../../arm-linux-gnueabihf/lib -L/lib/arm-linux-gnueabihf -L/usr/lib/arm-linux-gnueabihf -z relro --as-needed --no-undefined CMakeFiles/cmTC_27ca9.dir/CMakeCCompilerABI.c.o -lgcc --push-state --as-needed -lgcc_s --pop-state -lc -lgcc --push-state --as-needed -lgcc_s --pop-state /usr/lib/gcc-cross/arm-linux-gnueabihf/8/crtendS.o /usr/lib/gcc-cross/arm-linux-gnueabihf/8/../../../../arm-linux-gnueabihf/lib/crtn.o
COLLECT_GCC_OPTIONS='-g' '-O2' '-fdebug-prefix-map=/<<PKGBUILDDIR>>=.' '-fstack-protector-strong' '-Wformat=1' '-Werror=format-security' '-D' '_FORTIFY_SOURCE=2' '-Wdate-time' '-D' '_FORTIFY_SOURCE=2' '-v' '-rdynamic' '-o' 'cmTC_27ca9'  '-mfloat-abi=hard' '-mfpu=vfpv3-d16' '-mthumb' '-mtls-dialect=gnu' '-march=armv7-a+fp'
make[4]: Leaving directory '/<<PKGBUILDDIR>>/Build/CMakeFiles/CMakeTmp'
make[3]: Leaving directory '/<<PKGBUILDDIR>>/Build/CMakeFiles/CMakeTmp'


Parsed C implicit link information from above output:
  link line regex: [^( *|.*[/\])(arm-linux-gnueabihf-ld|CMAKE_LINK_STARTFILE-NOTFOUND|([^/\]+-)?ld|collect2)[^/\]*( |$)]
  ignore line: [Change Dir: /<<PKGBUILDDIR>>/Build/CMakeFiles/CMakeTmp]
  ignore line: []
  ignore line: [Run Build Command:"/usr/bin/make" "cmTC_27ca9/fast"]
  ignore line: [make[3]: Entering directory '/<<PKGBUILDDIR>>/Build/CMakeFiles/CMakeTmp']
  ignore line: [/usr/bin/make -f CMakeFiles/cmTC_27ca9.dir/build.make CMakeFiles/cmTC_27ca9.dir/build]
  ignore line: [make[4]: Entering directory '/<<PKGBUILDDIR>>/Build/CMakeFiles/CMakeTmp']
  ignore line: [Building C object CMakeFiles/cmTC_27ca9.dir/CMakeCCompilerABI.c.o]
  ignore line: [/usr/lib/ccache/arm-linux-gnueabihf-gcc   -g -O2 -fdebug-prefix-map=/<<PKGBUILDDIR>>=. -fstack-protector-strong -Wformat -Werror=format-security -Wdate-time -D_FORTIFY_SOURCE=2 -Wdate-time -D_FORTIFY_SOURCE=2    -o CMakeFiles/cmTC_27ca9.dir/CMakeCCompilerABI.c.o   -c /usr/share/cmake-3.13/Modules/CMakeCCompilerABI.c]
  ignore line: [Linking C executable cmTC_27ca9]
  ignore line: [/usr/bin/cmake -E cmake_link_script CMakeFiles/cmTC_27ca9.dir/link.txt --verbose=1]
  ignore line: [/usr/lib/ccache/arm-linux-gnueabihf-gcc -g -O2 -fdebug-prefix-map=/<<PKGBUILDDIR>>=. -fstack-protector-strong -Wformat -Werror=format-security -Wdate-time -D_FORTIFY_SOURCE=2 -Wdate-time -D_FORTIFY_SOURCE=2   -Wl,-z,relro -Wl,--as-needed -Wl,--no-undefined -v -rdynamic CMakeFiles/cmTC_27ca9.dir/CMakeCCompilerABI.c.o  -o cmTC_27ca9 ]
  ignore line: [Using built-in specs.]
  ignore line: [COLLECT_GCC=/usr/bin/arm-linux-gnueabihf-gcc]
  ignore line: [COLLECT_LTO_WRAPPER=/usr/lib/gcc-cross/arm-linux-gnueabihf/8/lto-wrapper]
  ignore line: [Target: arm-linux-gnueabihf]
  ignore line: [Configured with: ../src/configure -v --with-pkgversion='Debian 8.3.0-7' --with-bugurl=file:///usr/share/doc/gcc-8/README.Bugs --enable-languages=c,ada,c++,go,d,fortran,objc,obj-c++ --prefix=/usr --with-gcc-major-version-only --program-suffix=-8 --enable-shared --enable-linker-build-id --libexecdir=/usr/lib --without-included-gettext --enable-threads=posix --libdir=/usr/lib --enable-nls --with-sysroot=/ --enable-clocale=gnu --enable-libstdcxx-debug --enable-libstdcxx-time=yes --with-default-libstdcxx-abi=new --enable-gnu-unique-object --disable-libitm --disable-libquadmath --disable-libquadmath-support --enable-plugin --enable-default-pie --with-system-zlib --with-target-system-zlib --enable-multiarch --disable-sjlj-exceptions --with-arch=armv7-a --with-fpu=vfpv3-d16 --with-float=hard --with-mode=thumb --disable-werror --enable-checking=release --build=x86_64-linux-gnu --host=x86_64-linux-gnu --target=arm-linux-gnueabihf --program-prefix=arm-linux-gnueabihf- --includedir=/usr/arm-linux-gnueabihf/include]
  ignore line: [Thread model: posix]
  ignore line: [gcc version 8.3.0 (Debian 8.3.0-7) ]
  ignore line: [COMPILER_PATH=/usr/lib/gcc-cross/arm-linux-gnueabihf/8/:/usr/lib/gcc-cross/arm-linux-gnueabihf/8/:/usr/lib/gcc-cross/arm-linux-gnueabihf/:/usr/lib/gcc-cross/arm-linux-gnueabihf/8/:/usr/lib/gcc-cross/arm-linux-gnueabihf/:/usr/lib/gcc-cross/arm-linux-gnueabihf/8/../../../../arm-linux-gnueabihf/bin/]
  ignore line: [LIBRARY_PATH=/usr/lib/gcc-cross/arm-linux-gnueabihf/8/:/usr/lib/gcc-cross/arm-linux-gnueabihf/8/../../../../arm-linux-gnueabihf/lib/:/lib/arm-linux-gnueabihf/:/lib/:/usr/lib/arm-linux-gnueabihf/:/usr/lib/]
  ignore line: [COLLECT_GCC_OPTIONS='-g' '-O2' '-fdebug-prefix-map=/<<PKGBUILDDIR>>=.' '-fstack-protector-strong' '-Wformat=1' '-Werror=format-security' '-D' '_FORTIFY_SOURCE=2' '-Wdate-time' '-D' '_FORTIFY_SOURCE=2' '-v' '-rdynamic' '-o' 'cmTC_27ca9'  '-mfloat-abi=hard' '-mfpu=vfpv3-d16' '-mthumb' '-mtls-dialect=gnu' '-march=armv7-a+fp']
  link line: [ /usr/lib/gcc-cross/arm-linux-gnueabihf/8/collect2 -plugin /usr/lib/gcc-cross/arm-linux-gnueabihf/8/liblto_plugin.so -plugin-opt=/usr/lib/gcc-cross/arm-linux-gnueabihf/8/lto-wrapper -plugin-opt=-fresolution=/tmp/ccixUvlm.res -plugin-opt=-pass-through=-lgcc -plugin-opt=-pass-through=-lgcc_s -plugin-opt=-pass-through=-lc -plugin-opt=-pass-through=-lgcc -plugin-opt=-pass-through=-lgcc_s --sysroot=/ --build-id --eh-frame-hdr -export-dynamic -dynamic-linker /lib/ld-linux-armhf.so.3 -X --hash-style=gnu -m armelf_linux_eabi -pie -o cmTC_27ca9 /usr/lib/gcc-cross/arm-linux-gnueabihf/8/../../../../arm-linux-gnueabihf/lib/Scrt1.o /usr/lib/gcc-cross/arm-linux-gnueabihf/8/../../../../arm-linux-gnueabihf/lib/crti.o /usr/lib/gcc-cross/arm-linux-gnueabihf/8/crtbeginS.o -L/usr/lib/gcc-cross/arm-linux-gnueabihf/8 -L/usr/lib/gcc-cross/arm-linux-gnueabihf/8/../../../../arm-linux-gnueabihf/lib -L/lib/arm-linux-gnueabihf -L/usr/lib/arm-linux-gnueabihf -z relro --as-needed --no-undefined CMakeFiles/cmTC_27ca9.dir/CMakeCCompilerABI.c.o -lgcc --push-state --as-needed -lgcc_s --pop-state -lc -lgcc --push-state --as-needed -lgcc_s --pop-state /usr/lib/gcc-cross/arm-linux-gnueabihf/8/crtendS.o /usr/lib/gcc-cross/arm-linux-gnueabihf/8/../../../../arm-linux-gnueabihf/lib/crtn.o]
    arg [/usr/lib/gcc-cross/arm-linux-gnueabihf/8/collect2] ==> ignore
    arg [-plugin] ==> ignore
    arg [/usr/lib/gcc-cross/arm-linux-gnueabihf/8/liblto_plugin.so] ==> ignore
    arg [-plugin-opt=/usr/lib/gcc-cross/arm-linux-gnueabihf/8/lto-wrapper] ==> ignore
    arg [-plugin-opt=-fresolution=/tmp/ccixUvlm.res] ==> ignore
    arg [-plugin-opt=-pass-through=-lgcc] ==> ignore
    arg [-plugin-opt=-pass-through=-lgcc_s] ==> ignore
    arg [-plugin-opt=-pass-through=-lc] ==> ignore
    arg [-plugin-opt=-pass-through=-lgcc] ==> ignore
    arg [-plugin-opt=-pass-through=-lgcc_s] ==> ignore
    arg [--sysroot=/] ==> ignore
    arg [--build-id] ==> ignore
    arg [--eh-frame-hdr] ==> ignore
    arg [-export-dynamic] ==> ignore
    arg [-dynamic-linker] ==> ignore
    arg [/lib/ld-linux-armhf.so.3] ==> ignore
    arg [-X] ==> ignore
    arg [--hash-style=gnu] ==> ignore
    arg [-m] ==> ignore
    arg [armelf_linux_eabi] ==> ignore
    arg [-pie] ==> ignore
    arg [-o] ==> ignore
    arg [cmTC_27ca9] ==> ignore
    arg [/usr/lib/gcc-cross/arm-linux-gnueabihf/8/../../../../arm-linux-gnueabihf/lib/Scrt1.o] ==> ignore
    arg [/usr/lib/gcc-cross/arm-linux-gnueabihf/8/../../../../arm-linux-gnueabihf/lib/crti.o] ==> ignore
    arg [/usr/lib/gcc-cross/arm-linux-gnueabihf/8/crtbeginS.o] ==> ignore
    arg [-L/usr/lib/gcc-cross/arm-linux-gnueabihf/8] ==> dir [/usr/lib/gcc-cross/arm-linux-gnueabihf/8]
    arg [-L/usr/lib/gcc-cross/arm-linux-gnueabihf/8/../../../../arm-linux-gnueabihf/lib] ==> dir [/usr/lib/gcc-cross/arm-linux-gnueabihf/8/../../../../arm-linux-gnueabihf/lib]
    arg [-L/lib/arm-linux-gnueabihf] ==> dir [/lib/arm-linux-gnueabihf]
    arg [-L/usr/lib/arm-linux-gnueabihf] ==> dir [/usr/lib/arm-linux-gnueabihf]
    arg [-zrelro] ==> ignore
    arg [--as-needed] ==> ignore
    arg [--no-undefined] ==> ignore
    arg [CMakeFiles/cmTC_27ca9.dir/CMakeCCompilerABI.c.o] ==> ignore
    arg [-lgcc] ==> lib [gcc]
    arg [--push-state] ==> ignore
    arg [--as-needed] ==> ignore
    arg [-lgcc_s] ==> lib [gcc_s]
    arg [--pop-state] ==> ignore
    arg [-lc] ==> lib [c]
    arg [-lgcc] ==> lib [gcc]
    arg [--push-state] ==> ignore
    arg [--as-needed] ==> ignore
    arg [-lgcc_s] ==> lib [gcc_s]
    arg [--pop-state] ==> ignore
    arg [/usr/lib/gcc-cross/arm-linux-gnueabihf/8/crtendS.o] ==> ignore
    arg [/usr/lib/gcc-cross/arm-linux-gnueabihf/8/../../../../arm-linux-gnueabihf/lib/crtn.o] ==> ignore
  collapse library dir [/usr/lib/gcc-cross/arm-linux-gnueabihf/8] ==> [/usr/lib/gcc-cross/arm-linux-gnueabihf/8]
  collapse library dir [/usr/lib/gcc-cross/arm-linux-gnueabihf/8/../../../../arm-linux-gnueabihf/lib] ==> [/usr/arm-linux-gnueabihf/lib]
  collapse library dir [/lib/arm-linux-gnueabihf] ==> [/lib/arm-linux-gnueabihf]
  collapse library dir [/usr/lib/arm-linux-gnueabihf] ==> [/usr/lib/arm-linux-gnueabihf]
  implicit libs: [gcc;gcc_s;c;gcc;gcc_s]
  implicit dirs: [/usr/lib/gcc-cross/arm-linux-gnueabihf/8;/usr/arm-linux-gnueabihf/lib;/lib/arm-linux-gnueabihf;/usr/lib/arm-linux-gnueabihf]
  implicit fwks: []




Detecting C [-std=c11] compiler features compiled with the following output:
Change Dir: /<<PKGBUILDDIR>>/Build/CMakeFiles/CMakeTmp

Run Build Command:"/usr/bin/make" "cmTC_16678/fast"
make[3]: Entering directory '/<<PKGBUILDDIR>>/Build/CMakeFiles/CMakeTmp'
/usr/bin/make -f CMakeFiles/cmTC_16678.dir/build.make CMakeFiles/cmTC_16678.dir/build
make[4]: Entering directory '/<<PKGBUILDDIR>>/Build/CMakeFiles/CMakeTmp'
Building C object CMakeFiles/cmTC_16678.dir/feature_tests.c.o
/usr/lib/ccache/arm-linux-gnueabihf-gcc   -g -O2 -fdebug-prefix-map=/<<PKGBUILDDIR>>=. -fstack-protector-strong -Wformat -Werror=format-security -Wdate-time -D_FORTIFY_SOURCE=2 -Wdate-time -D_FORTIFY_SOURCE=2    -std=c11 -o CMakeFiles/cmTC_16678.dir/feature_tests.c.o   -c /<<PKGBUILDDIR>>/Build/CMakeFiles/feature_tests.c
Linking C executable cmTC_16678
/usr/bin/cmake -E cmake_link_script CMakeFiles/cmTC_16678.dir/link.txt --verbose=1
/usr/lib/ccache/arm-linux-gnueabihf-gcc -g -O2 -fdebug-prefix-map=/<<PKGBUILDDIR>>=. -fstack-protector-strong -Wformat -Werror=format-security -Wdate-time -D_FORTIFY_SOURCE=2 -Wdate-time -D_FORTIFY_SOURCE=2   -Wl,-z,relro -Wl,--as-needed -Wl,--no-undefined  -rdynamic CMakeFiles/cmTC_16678.dir/feature_tests.c.o  -o cmTC_16678 
make[4]: Leaving directory '/<<PKGBUILDDIR>>/Build/CMakeFiles/CMakeTmp'
make[3]: Leaving directory '/<<PKGBUILDDIR>>/Build/CMakeFiles/CMakeTmp'


    Feature record: C_FEATURE:1c_function_prototypes
    Feature record: C_FEATURE:1c_restrict
    Feature record: C_FEATURE:1c_static_assert
    Feature record: C_FEATURE:1c_variadic_macros


Detecting C [-std=c99] compiler features compiled with the following output:
Change Dir: /<<PKGBUILDDIR>>/Build/CMakeFiles/CMakeTmp

Run Build Command:"/usr/bin/make" "cmTC_bfda8/fast"
make[3]: Entering directory '/<<PKGBUILDDIR>>/Build/CMakeFiles/CMakeTmp'
/usr/bin/make -f CMakeFiles/cmTC_bfda8.dir/build.make CMakeFiles/cmTC_bfda8.dir/build
make[4]: Entering directory '/<<PKGBUILDDIR>>/Build/CMakeFiles/CMakeTmp'
Building C object CMakeFiles/cmTC_bfda8.dir/feature_tests.c.o
/usr/lib/ccache/arm-linux-gnueabihf-gcc   -g -O2 -fdebug-prefix-map=/<<PKGBUILDDIR>>=. -fstack-protector-strong -Wformat -Werror=format-security -Wdate-time -D_FORTIFY_SOURCE=2 -Wdate-time -D_FORTIFY_SOURCE=2    -std=c99 -o CMakeFiles/cmTC_bfda8.dir/feature_tests.c.o   -c /<<PKGBUILDDIR>>/Build/CMakeFiles/feature_tests.c
Linking C executable cmTC_bfda8
/usr/bin/cmake -E cmake_link_script CMakeFiles/cmTC_bfda8.dir/link.txt --verbose=1
/usr/lib/ccache/arm-linux-gnueabihf-gcc -g -O2 -fdebug-prefix-map=/<<PKGBUILDDIR>>=. -fstack-protector-strong -Wformat -Werror=format-security -Wdate-time -D_FORTIFY_SOURCE=2 -Wdate-time -D_FORTIFY_SOURCE=2   -Wl,-z,relro -Wl,--as-needed -Wl,--no-undefined  -rdynamic CMakeFiles/cmTC_bfda8.dir/feature_tests.c.o  -o cmTC_bfda8 
make[4]: Leaving directory '/<<PKGBUILDDIR>>/Build/CMakeFiles/CMakeTmp'
make[3]: Leaving directory '/<<PKGBUILDDIR>>/Build/CMakeFiles/CMakeTmp'


    Feature record: C_FEATURE:1c_function_prototypes
    Feature record: C_FEATURE:1c_restrict
    Feature record: C_FEATURE:0c_static_assert
    Feature record: C_FEATURE:1c_variadic_macros


Detecting C [-std=c90] compiler features compiled with the following output:
Change Dir: /<<PKGBUILDDIR>>/Build/CMakeFiles/CMakeTmp

Run Build Command:"/usr/bin/make" "cmTC_4cf08/fast"
make[3]: Entering directory '/<<PKGBUILDDIR>>/Build/CMakeFiles/CMakeTmp'
/usr/bin/make -f CMakeFiles/cmTC_4cf08.dir/build.make CMakeFiles/cmTC_4cf08.dir/build
make[4]: Entering directory '/<<PKGBUILDDIR>>/Build/CMakeFiles/CMakeTmp'
Building C object CMakeFiles/cmTC_4cf08.dir/feature_tests.c.o
/usr/lib/ccache/arm-linux-gnueabihf-gcc   -g -O2 -fdebug-prefix-map=/<<PKGBUILDDIR>>=. -fstack-protector-strong -Wformat -Werror=format-security -Wdate-time -D_FORTIFY_SOURCE=2 -Wdate-time -D_FORTIFY_SOURCE=2    -std=c90 -o CMakeFiles/cmTC_4cf08.dir/feature_tests.c.o   -c /<<PKGBUILDDIR>>/Build/CMakeFiles/feature_tests.c
Linking C executable cmTC_4cf08
/usr/bin/cmake -E cmake_link_script CMakeFiles/cmTC_4cf08.dir/link.txt --verbose=1
/usr/lib/ccache/arm-linux-gnueabihf-gcc -g -O2 -fdebug-prefix-map=/<<PKGBUILDDIR>>=. -fstack-protector-strong -Wformat -Werror=format-security -Wdate-time -D_FORTIFY_SOURCE=2 -Wdate-time -D_FORTIFY_SOURCE=2   -Wl,-z,relro -Wl,--as-needed -Wl,--no-undefined  -rdynamic CMakeFiles/cmTC_4cf08.dir/feature_tests.c.o  -o cmTC_4cf08 
make[4]: Leaving directory '/<<PKGBUILDDIR>>/Build/CMakeFiles/CMakeTmp'
make[3]: Leaving directory '/<<PKGBUILDDIR>>/Build/CMakeFiles/CMakeTmp'


    Feature record: C_FEATURE:1c_function_prototypes
    Feature record: C_FEATURE:0c_restrict
    Feature record: C_FEATURE:0c_static_assert
    Feature record: C_FEATURE:0c_variadic_macros
Determining if the CXX compiler works passed with the following output:
Change Dir: /<<PKGBUILDDIR>>/Build/CMakeFiles/CMakeTmp

Run Build Command:"/usr/bin/make" "cmTC_d4975/fast"
make[3]: Entering directory '/<<PKGBUILDDIR>>/Build/CMakeFiles/CMakeTmp'
/usr/bin/make -f CMakeFiles/cmTC_d4975.dir/build.make CMakeFiles/cmTC_d4975.dir/build
make[4]: Entering directory '/<<PKGBUILDDIR>>/Build/CMakeFiles/CMakeTmp'
Building CXX object CMakeFiles/cmTC_d4975.dir/testCXXCompiler.cxx.o
/usr/lib/ccache/arm-linux-gnueabihf-g++    -g -O2 -fdebug-prefix-map=/<<PKGBUILDDIR>>=. -fstack-protector-strong -Wformat -Werror=format-security -Wdate-time -D_FORTIFY_SOURCE=2 -Wdate-time -D_FORTIFY_SOURCE=2    -o CMakeFiles/cmTC_d4975.dir/testCXXCompiler.cxx.o -c /<<PKGBUILDDIR>>/Build/CMakeFiles/CMakeTmp/testCXXCompiler.cxx
Linking CXX executable cmTC_d4975
/usr/bin/cmake -E cmake_link_script CMakeFiles/cmTC_d4975.dir/link.txt --verbose=1
/usr/lib/ccache/arm-linux-gnueabihf-g++  -g -O2 -fdebug-prefix-map=/<<PKGBUILDDIR>>=. -fstack-protector-strong -Wformat -Werror=format-security -Wdate-time -D_FORTIFY_SOURCE=2 -Wdate-time -D_FORTIFY_SOURCE=2   -Wl,-z,relro -Wl,--as-needed -Wl,--no-undefined  -rdynamic CMakeFiles/cmTC_d4975.dir/testCXXCompiler.cxx.o  -o cmTC_d4975 
make[4]: Leaving directory '/<<PKGBUILDDIR>>/Build/CMakeFiles/CMakeTmp'
make[3]: Leaving directory '/<<PKGBUILDDIR>>/Build/CMakeFiles/CMakeTmp'


Detecting CXX compiler ABI info compiled with the following output:
Change Dir: /<<PKGBUILDDIR>>/Build/CMakeFiles/CMakeTmp

Run Build Command:"/usr/bin/make" "cmTC_3f5a6/fast"
make[3]: Entering directory '/<<PKGBUILDDIR>>/Build/CMakeFiles/CMakeTmp'
/usr/bin/make -f CMakeFiles/cmTC_3f5a6.dir/build.make CMakeFiles/cmTC_3f5a6.dir/build
make[4]: Entering directory '/<<PKGBUILDDIR>>/Build/CMakeFiles/CMakeTmp'
Building CXX object CMakeFiles/cmTC_3f5a6.dir/CMakeCXXCompilerABI.cpp.o
/usr/lib/ccache/arm-linux-gnueabihf-g++    -g -O2 -fdebug-prefix-map=/<<PKGBUILDDIR>>=. -fstack-protector-strong -Wformat -Werror=format-security -Wdate-time -D_FORTIFY_SOURCE=2 -Wdate-time -D_FORTIFY_SOURCE=2    -o CMakeFiles/cmTC_3f5a6.dir/CMakeCXXCompilerABI.cpp.o -c /usr/share/cmake-3.13/Modules/CMakeCXXCompilerABI.cpp
Linking CXX executable cmTC_3f5a6
/usr/bin/cmake -E cmake_link_script CMakeFiles/cmTC_3f5a6.dir/link.txt --verbose=1
/usr/lib/ccache/arm-linux-gnueabihf-g++  -g -O2 -fdebug-prefix-map=/<<PKGBUILDDIR>>=. -fstack-protector-strong -Wformat -Werror=format-security -Wdate-time -D_FORTIFY_SOURCE=2 -Wdate-time -D_FORTIFY_SOURCE=2   -Wl,-z,relro -Wl,--as-needed -Wl,--no-undefined -v -rdynamic CMakeFiles/cmTC_3f5a6.dir/CMakeCXXCompilerABI.cpp.o  -o cmTC_3f5a6 
Using built-in specs.
COLLECT_GCC=/usr/bin/arm-linux-gnueabihf-g++
COLLECT_LTO_WRAPPER=/usr/lib/gcc-cross/arm-linux-gnueabihf/8/lto-wrapper
Target: arm-linux-gnueabihf
Configured with: ../src/configure -v --with-pkgversion='Debian 8.3.0-7' --with-bugurl=file:///usr/share/doc/gcc-8/README.Bugs --enable-languages=c,ada,c++,go,d,fortran,objc,obj-c++ --prefix=/usr --with-gcc-major-version-only --program-suffix=-8 --enable-shared --enable-linker-build-id --libexecdir=/usr/lib --without-included-gettext --enable-threads=posix --libdir=/usr/lib --enable-nls --with-sysroot=/ --enable-clocale=gnu --enable-libstdcxx-debug --enable-libstdcxx-time=yes --with-default-libstdcxx-abi=new --enable-gnu-unique-object --disable-libitm --disable-libquadmath --disable-libquadmath-support --enable-plugin --enable-default-pie --with-system-zlib --with-target-system-zlib --enable-multiarch --disable-sjlj-exceptions --with-arch=armv7-a --with-fpu=vfpv3-d16 --with-float=hard --with-mode=thumb --disable-werror --enable-checking=release --build=x86_64-linux-gnu --host=x86_64-linux-gnu --target=arm-linux-gnueabihf --program-prefix=arm-linux-gnueabihf- --includedir=/usr/arm-linux-gnueabihf/include
Thread model: posix
gcc version 8.3.0 (Debian 8.3.0-7) 
COMPILER_PATH=/usr/lib/gcc-cross/arm-linux-gnueabihf/8/:/usr/lib/gcc-cross/arm-linux-gnueabihf/8/:/usr/lib/gcc-cross/arm-linux-gnueabihf/:/usr/lib/gcc-cross/arm-linux-gnueabihf/8/:/usr/lib/gcc-cross/arm-linux-gnueabihf/:/usr/lib/gcc-cross/arm-linux-gnueabihf/8/../../../../arm-linux-gnueabihf/bin/
LIBRARY_PATH=/usr/lib/gcc-cross/arm-linux-gnueabihf/8/:/usr/lib/gcc-cross/arm-linux-gnueabihf/8/../../../../arm-linux-gnueabihf/lib/:/lib/arm-linux-gnueabihf/:/lib/:/usr/lib/arm-linux-gnueabihf/:/usr/lib/
COLLECT_GCC_OPTIONS='-g' '-O2' '-fdebug-prefix-map=/<<PKGBUILDDIR>>=.' '-fstack-protector-strong' '-Wformat=1' '-Werror=format-security' '-D' '_FORTIFY_SOURCE=2' '-Wdate-time' '-D' '_FORTIFY_SOURCE=2' '-v' '-rdynamic' '-o' 'cmTC_3f5a6' '-shared-libgcc'  '-mfloat-abi=hard' '-mfpu=vfpv3-d16' '-mthumb' '-mtls-dialect=gnu' '-march=armv7-a+fp'
 /usr/lib/gcc-cross/arm-linux-gnueabihf/8/collect2 -plugin /usr/lib/gcc-cross/arm-linux-gnueabihf/8/liblto_plugin.so -plugin-opt=/usr/lib/gcc-cross/arm-linux-gnueabihf/8/lto-wrapper -plugin-opt=-fresolution=/tmp/ccWRhNG8.res -plugin-opt=-pass-through=-lgcc_s -plugin-opt=-pass-through=-lgcc -plugin-opt=-pass-through=-lc -plugin-opt=-pass-through=-lgcc_s -plugin-opt=-pass-through=-lgcc --sysroot=/ --build-id --eh-frame-hdr -export-dynamic -dynamic-linker /lib/ld-linux-armhf.so.3 -X --hash-style=gnu -m armelf_linux_eabi -pie -o cmTC_3f5a6 /usr/lib/gcc-cross/arm-linux-gnueabihf/8/../../../../arm-linux-gnueabihf/lib/Scrt1.o /usr/lib/gcc-cross/arm-linux-gnueabihf/8/../../../../arm-linux-gnueabihf/lib/crti.o /usr/lib/gcc-cross/arm-linux-gnueabihf/8/crtbeginS.o -L/usr/lib/gcc-cross/arm-linux-gnueabihf/8 -L/usr/lib/gcc-cross/arm-linux-gnueabihf/8/../../../../arm-linux-gnueabihf/lib -L/lib/arm-linux-gnueabihf -L/usr/lib/arm-linux-gnueabihf -z relro --as-needed --no-undefined CMakeFiles/cmTC_3f5a6.dir/CMakeCXXCompilerABI.cpp.o -lstdc++ -lm -lgcc_s -lgcc -lc -lgcc_s -lgcc /usr/lib/gcc-cross/arm-linux-gnueabihf/8/crtendS.o /usr/lib/gcc-cross/arm-linux-gnueabihf/8/../../../../arm-linux-gnueabihf/lib/crtn.o
COLLECT_GCC_OPTIONS='-g' '-O2' '-fdebug-prefix-map=/<<PKGBUILDDIR>>=.' '-fstack-protector-strong' '-Wformat=1' '-Werror=format-security' '-D' '_FORTIFY_SOURCE=2' '-Wdate-time' '-D' '_FORTIFY_SOURCE=2' '-v' '-rdynamic' '-o' 'cmTC_3f5a6' '-shared-libgcc'  '-mfloat-abi=hard' '-mfpu=vfpv3-d16' '-mthumb' '-mtls-dialect=gnu' '-march=armv7-a+fp'
make[4]: Leaving directory '/<<PKGBUILDDIR>>/Build/CMakeFiles/CMakeTmp'
make[3]: Leaving directory '/<<PKGBUILDDIR>>/Build/CMakeFiles/CMakeTmp'


Parsed CXX implicit link information from above output:
  link line regex: [^( *|.*[/\])(arm-linux-gnueabihf-ld|CMAKE_LINK_STARTFILE-NOTFOUND|([^/\]+-)?ld|collect2)[^/\]*( |$)]
  ignore line: [Change Dir: /<<PKGBUILDDIR>>/Build/CMakeFiles/CMakeTmp]
  ignore line: []
  ignore line: [Run Build Command:"/usr/bin/make" "cmTC_3f5a6/fast"]
  ignore line: [make[3]: Entering directory '/<<PKGBUILDDIR>>/Build/CMakeFiles/CMakeTmp']
  ignore line: [/usr/bin/make -f CMakeFiles/cmTC_3f5a6.dir/build.make CMakeFiles/cmTC_3f5a6.dir/build]
  ignore line: [make[4]: Entering directory '/<<PKGBUILDDIR>>/Build/CMakeFiles/CMakeTmp']
  ignore line: [Building CXX object CMakeFiles/cmTC_3f5a6.dir/CMakeCXXCompilerABI.cpp.o]
  ignore line: [/usr/lib/ccache/arm-linux-gnueabihf-g++    -g -O2 -fdebug-prefix-map=/<<PKGBUILDDIR>>=. -fstack-protector-strong -Wformat -Werror=format-security -Wdate-time -D_FORTIFY_SOURCE=2 -Wdate-time -D_FORTIFY_SOURCE=2    -o CMakeFiles/cmTC_3f5a6.dir/CMakeCXXCompilerABI.cpp.o -c /usr/share/cmake-3.13/Modules/CMakeCXXCompilerABI.cpp]
  ignore line: [Linking CXX executable cmTC_3f5a6]
  ignore line: [/usr/bin/cmake -E cmake_link_script CMakeFiles/cmTC_3f5a6.dir/link.txt --verbose=1]
  ignore line: [/usr/lib/ccache/arm-linux-gnueabihf-g++  -g -O2 -fdebug-prefix-map=/<<PKGBUILDDIR>>=. -fstack-protector-strong -Wformat -Werror=format-security -Wdate-time -D_FORTIFY_SOURCE=2 -Wdate-time -D_FORTIFY_SOURCE=2   -Wl,-z,relro -Wl,--as-needed -Wl,--no-undefined -v -rdynamic CMakeFiles/cmTC_3f5a6.dir/CMakeCXXCompilerABI.cpp.o  -o cmTC_3f5a6 ]
  ignore line: [Using built-in specs.]
  ignore line: [COLLECT_GCC=/usr/bin/arm-linux-gnueabihf-g++]
  ignore line: [COLLECT_LTO_WRAPPER=/usr/lib/gcc-cross/arm-linux-gnueabihf/8/lto-wrapper]
  ignore line: [Target: arm-linux-gnueabihf]
  ignore line: [Configured with: ../src/configure -v --with-pkgversion='Debian 8.3.0-7' --with-bugurl=file:///usr/share/doc/gcc-8/README.Bugs --enable-languages=c,ada,c++,go,d,fortran,objc,obj-c++ --prefix=/usr --with-gcc-major-version-only --program-suffix=-8 --enable-shared --enable-linker-build-id --libexecdir=/usr/lib --without-included-gettext --enable-threads=posix --libdir=/usr/lib --enable-nls --with-sysroot=/ --enable-clocale=gnu --enable-libstdcxx-debug --enable-libstdcxx-time=yes --with-default-libstdcxx-abi=new --enable-gnu-unique-object --disable-libitm --disable-libquadmath --disable-libquadmath-support --enable-plugin --enable-default-pie --with-system-zlib --with-target-system-zlib --enable-multiarch --disable-sjlj-exceptions --with-arch=armv7-a --with-fpu=vfpv3-d16 --with-float=hard --with-mode=thumb --disable-werror --enable-checking=release --build=x86_64-linux-gnu --host=x86_64-linux-gnu --target=arm-linux-gnueabihf --program-prefix=arm-linux-gnueabihf- --includedir=/usr/arm-linux-gnueabihf/include]
  ignore line: [Thread model: posix]
  ignore line: [gcc version 8.3.0 (Debian 8.3.0-7) ]
  ignore line: [COMPILER_PATH=/usr/lib/gcc-cross/arm-linux-gnueabihf/8/:/usr/lib/gcc-cross/arm-linux-gnueabihf/8/:/usr/lib/gcc-cross/arm-linux-gnueabihf/:/usr/lib/gcc-cross/arm-linux-gnueabihf/8/:/usr/lib/gcc-cross/arm-linux-gnueabihf/:/usr/lib/gcc-cross/arm-linux-gnueabihf/8/../../../../arm-linux-gnueabihf/bin/]
  ignore line: [LIBRARY_PATH=/usr/lib/gcc-cross/arm-linux-gnueabihf/8/:/usr/lib/gcc-cross/arm-linux-gnueabihf/8/../../../../arm-linux-gnueabihf/lib/:/lib/arm-linux-gnueabihf/:/lib/:/usr/lib/arm-linux-gnueabihf/:/usr/lib/]
  ignore line: [COLLECT_GCC_OPTIONS='-g' '-O2' '-fdebug-prefix-map=/<<PKGBUILDDIR>>=.' '-fstack-protector-strong' '-Wformat=1' '-Werror=format-security' '-D' '_FORTIFY_SOURCE=2' '-Wdate-time' '-D' '_FORTIFY_SOURCE=2' '-v' '-rdynamic' '-o' 'cmTC_3f5a6' '-shared-libgcc'  '-mfloat-abi=hard' '-mfpu=vfpv3-d16' '-mthumb' '-mtls-dialect=gnu' '-march=armv7-a+fp']
  link line: [ /usr/lib/gcc-cross/arm-linux-gnueabihf/8/collect2 -plugin /usr/lib/gcc-cross/arm-linux-gnueabihf/8/liblto_plugin.so -plugin-opt=/usr/lib/gcc-cross/arm-linux-gnueabihf/8/lto-wrapper -plugin-opt=-fresolution=/tmp/ccWRhNG8.res -plugin-opt=-pass-through=-lgcc_s -plugin-opt=-pass-through=-lgcc -plugin-opt=-pass-through=-lc -plugin-opt=-pass-through=-lgcc_s -plugin-opt=-pass-through=-lgcc --sysroot=/ --build-id --eh-frame-hdr -export-dynamic -dynamic-linker /lib/ld-linux-armhf.so.3 -X --hash-style=gnu -m armelf_linux_eabi -pie -o cmTC_3f5a6 /usr/lib/gcc-cross/arm-linux-gnueabihf/8/../../../../arm-linux-gnueabihf/lib/Scrt1.o /usr/lib/gcc-cross/arm-linux-gnueabihf/8/../../../../arm-linux-gnueabihf/lib/crti.o /usr/lib/gcc-cross/arm-linux-gnueabihf/8/crtbeginS.o -L/usr/lib/gcc-cross/arm-linux-gnueabihf/8 -L/usr/lib/gcc-cross/arm-linux-gnueabihf/8/../../../../arm-linux-gnueabihf/lib -L/lib/arm-linux-gnueabihf -L/usr/lib/arm-linux-gnueabihf -z relro --as-needed --no-undefined CMakeFiles/cmTC_3f5a6.dir/CMakeCXXCompilerABI.cpp.o -lstdc++ -lm -lgcc_s -lgcc -lc -lgcc_s -lgcc /usr/lib/gcc-cross/arm-linux-gnueabihf/8/crtendS.o /usr/lib/gcc-cross/arm-linux-gnueabihf/8/../../../../arm-linux-gnueabihf/lib/crtn.o]
    arg [/usr/lib/gcc-cross/arm-linux-gnueabihf/8/collect2] ==> ignore
    arg [-plugin] ==> ignore
    arg [/usr/lib/gcc-cross/arm-linux-gnueabihf/8/liblto_plugin.so] ==> ignore
    arg [-plugin-opt=/usr/lib/gcc-cross/arm-linux-gnueabihf/8/lto-wrapper] ==> ignore
    arg [-plugin-opt=-fresolution=/tmp/ccWRhNG8.res] ==> ignore
    arg [-plugin-opt=-pass-through=-lgcc_s] ==> ignore
    arg [-plugin-opt=-pass-through=-lgcc] ==> ignore
    arg [-plugin-opt=-pass-through=-lc] ==> ignore
    arg [-plugin-opt=-pass-through=-lgcc_s] ==> ignore
    arg [-plugin-opt=-pass-through=-lgcc] ==> ignore
    arg [--sysroot=/] ==> ignore
    arg [--build-id] ==> ignore
    arg [--eh-frame-hdr] ==> ignore
    arg [-export-dynamic] ==> ignore
    arg [-dynamic-linker] ==> ignore
    arg [/lib/ld-linux-armhf.so.3] ==> ignore
    arg [-X] ==> ignore
    arg [--hash-style=gnu] ==> ignore
    arg [-m] ==> ignore
    arg [armelf_linux_eabi] ==> ignore
    arg [-pie] ==> ignore
    arg [-o] ==> ignore
    arg [cmTC_3f5a6] ==> ignore
    arg [/usr/lib/gcc-cross/arm-linux-gnueabihf/8/../../../../arm-linux-gnueabihf/lib/Scrt1.o] ==> ignore
    arg [/usr/lib/gcc-cross/arm-linux-gnueabihf/8/../../../../arm-linux-gnueabihf/lib/crti.o] ==> ignore
    arg [/usr/lib/gcc-cross/arm-linux-gnueabihf/8/crtbeginS.o] ==> ignore
    arg [-L/usr/lib/gcc-cross/arm-linux-gnueabihf/8] ==> dir [/usr/lib/gcc-cross/arm-linux-gnueabihf/8]
    arg [-L/usr/lib/gcc-cross/arm-linux-gnueabihf/8/../../../../arm-linux-gnueabihf/lib] ==> dir [/usr/lib/gcc-cross/arm-linux-gnueabihf/8/../../../../arm-linux-gnueabihf/lib]
    arg [-L/lib/arm-linux-gnueabihf] ==> dir [/lib/arm-linux-gnueabihf]
    arg [-L/usr/lib/arm-linux-gnueabihf] ==> dir [/usr/lib/arm-linux-gnueabihf]
    arg [-zrelro] ==> ignore
    arg [--as-needed] ==> ignore
    arg [--no-undefined] ==> ignore
    arg [CMakeFiles/cmTC_3f5a6.dir/CMakeCXXCompilerABI.cpp.o] ==> ignore
    arg [-lstdc++] ==> lib [stdc++]
    arg [-lm] ==> lib [m]
    arg [-lgcc_s] ==> lib [gcc_s]
    arg [-lgcc] ==> lib [gcc]
    arg [-lc] ==> lib [c]
    arg [-lgcc_s] ==> lib [gcc_s]
    arg [-lgcc] ==> lib [gcc]
    arg [/usr/lib/gcc-cross/arm-linux-gnueabihf/8/crtendS.o] ==> ignore
    arg [/usr/lib/gcc-cross/arm-linux-gnueabihf/8/../../../../arm-linux-gnueabihf/lib/crtn.o] ==> ignore
  collapse library dir [/usr/lib/gcc-cross/arm-linux-gnueabihf/8] ==> [/usr/lib/gcc-cross/arm-linux-gnueabihf/8]
  collapse library dir [/usr/lib/gcc-cross/arm-linux-gnueabihf/8/../../../../arm-linux-gnueabihf/lib] ==> [/usr/arm-linux-gnueabihf/lib]
  collapse library dir [/lib/arm-linux-gnueabihf] ==> [/lib/arm-linux-gnueabihf]
  collapse library dir [/usr/lib/arm-linux-gnueabihf] ==> [/usr/lib/arm-linux-gnueabihf]
  implicit libs: [stdc++;m;gcc_s;gcc;c;gcc_s;gcc]
  implicit dirs: [/usr/lib/gcc-cross/arm-linux-gnueabihf/8;/usr/arm-linux-gnueabihf/lib;/lib/arm-linux-gnueabihf;/usr/lib/arm-linux-gnueabihf]
  implicit fwks: []




Detecting CXX [-std=c++2a] compiler features compiled with the following output:
Change Dir: /<<PKGBUILDDIR>>/Build/CMakeFiles/CMakeTmp

Run Build Command:"/usr/bin/make" "cmTC_ab35d/fast"
make[3]: Entering directory '/<<PKGBUILDDIR>>/Build/CMakeFiles/CMakeTmp'
/usr/bin/make -f CMakeFiles/cmTC_ab35d.dir/build.make CMakeFiles/cmTC_ab35d.dir/build
make[4]: Entering directory '/<<PKGBUILDDIR>>/Build/CMakeFiles/CMakeTmp'
Building CXX object CMakeFiles/cmTC_ab35d.dir/feature_tests.cxx.o
/usr/lib/ccache/arm-linux-gnueabihf-g++    -g -O2 -fdebug-prefix-map=/<<PKGBUILDDIR>>=. -fstack-protector-strong -Wformat -Werror=format-security -Wdate-time -D_FORTIFY_SOURCE=2 -Wdate-time -D_FORTIFY_SOURCE=2    -std=c++2a -o CMakeFiles/cmTC_ab35d.dir/feature_tests.cxx.o -c /<<PKGBUILDDIR>>/Build/CMakeFiles/feature_tests.cxx
Linking CXX executable cmTC_ab35d
/usr/bin/cmake -E cmake_link_script CMakeFiles/cmTC_ab35d.dir/link.txt --verbose=1
/usr/lib/ccache/arm-linux-gnueabihf-g++  -g -O2 -fdebug-prefix-map=/<<PKGBUILDDIR>>=. -fstack-protector-strong -Wformat -Werror=format-security -Wdate-time -D_FORTIFY_SOURCE=2 -Wdate-time -D_FORTIFY_SOURCE=2   -Wl,-z,relro -Wl,--as-needed -Wl,--no-undefined  -rdynamic CMakeFiles/cmTC_ab35d.dir/feature_tests.cxx.o  -o cmTC_ab35d 
make[4]: Leaving directory '/<<PKGBUILDDIR>>/Build/CMakeFiles/CMakeTmp'
make[3]: Leaving directory '/<<PKGBUILDDIR>>/Build/CMakeFiles/CMakeTmp'


    Feature record: CXX_FEATURE:1cxx_aggregate_default_initializers
    Feature record: CXX_FEATURE:1cxx_alias_templates
    Feature record: CXX_FEATURE:1cxx_alignas
    Feature record: CXX_FEATURE:1cxx_alignof
    Feature record: CXX_FEATURE:1cxx_attributes
    Feature record: CXX_FEATURE:1cxx_attribute_deprecated
    Feature record: CXX_FEATURE:1cxx_auto_type
    Feature record: CXX_FEATURE:1cxx_binary_literals
    Feature record: CXX_FEATURE:1cxx_constexpr
    Feature record: CXX_FEATURE:1cxx_contextual_conversions
    Feature record: CXX_FEATURE:1cxx_decltype
    Feature record: CXX_FEATURE:1cxx_decltype_auto
    Feature record: CXX_FEATURE:1cxx_decltype_incomplete_return_types
    Feature record: CXX_FEATURE:1cxx_default_function_template_args
    Feature record: CXX_FEATURE:1cxx_defaulted_functions
    Feature record: CXX_FEATURE:1cxx_defaulted_move_initializers
    Feature record: CXX_FEATURE:1cxx_delegating_constructors
    Feature record: CXX_FEATURE:1cxx_deleted_functions
    Feature record: CXX_FEATURE:1cxx_digit_separators
    Feature record: CXX_FEATURE:1cxx_enum_forward_declarations
    Feature record: CXX_FEATURE:1cxx_explicit_conversions
    Feature record: CXX_FEATURE:1cxx_extended_friend_declarations
    Feature record: CXX_FEATURE:1cxx_extern_templates
    Feature record: CXX_FEATURE:1cxx_final
    Feature record: CXX_FEATURE:1cxx_func_identifier
    Feature record: CXX_FEATURE:1cxx_generalized_initializers
    Feature record: CXX_FEATURE:1cxx_generic_lambdas
    Feature record: CXX_FEATURE:1cxx_inheriting_constructors
    Feature record: CXX_FEATURE:1cxx_inline_namespaces
    Feature record: CXX_FEATURE:1cxx_lambdas
    Feature record: CXX_FEATURE:1cxx_lambda_init_captures
    Feature record: CXX_FEATURE:1cxx_local_type_template_args
    Feature record: CXX_FEATURE:1cxx_long_long_type
    Feature record: CXX_FEATURE:1cxx_noexcept
    Feature record: CXX_FEATURE:1cxx_nonstatic_member_init
    Feature record: CXX_FEATURE:1cxx_nullptr
    Feature record: CXX_FEATURE:1cxx_override
    Feature record: CXX_FEATURE:1cxx_range_for
    Feature record: CXX_FEATURE:1cxx_raw_string_literals
    Feature record: CXX_FEATURE:1cxx_reference_qualified_functions
    Feature record: CXX_FEATURE:1cxx_relaxed_constexpr
    Feature record: CXX_FEATURE:1cxx_return_type_deduction
    Feature record: CXX_FEATURE:1cxx_right_angle_brackets
    Feature record: CXX_FEATURE:1cxx_rvalue_references
    Feature record: CXX_FEATURE:1cxx_sizeof_member
    Feature record: CXX_FEATURE:1cxx_static_assert
    Feature record: CXX_FEATURE:1cxx_strong_enums
    Feature record: CXX_FEATURE:1cxx_template_template_parameters
    Feature record: CXX_FEATURE:1cxx_thread_local
    Feature record: CXX_FEATURE:1cxx_trailing_return_types
    Feature record: CXX_FEATURE:1cxx_unicode_literals
    Feature record: CXX_FEATURE:1cxx_uniform_initialization
    Feature record: CXX_FEATURE:1cxx_unrestricted_unions
    Feature record: CXX_FEATURE:1cxx_user_literals
    Feature record: CXX_FEATURE:1cxx_variable_templates
    Feature record: CXX_FEATURE:1cxx_variadic_macros
    Feature record: CXX_FEATURE:1cxx_variadic_templates


Detecting CXX [-std=c++17] compiler features compiled with the following output:
Change Dir: /<<PKGBUILDDIR>>/Build/CMakeFiles/CMakeTmp

Run Build Command:"/usr/bin/make" "cmTC_65614/fast"
make[3]: Entering directory '/<<PKGBUILDDIR>>/Build/CMakeFiles/CMakeTmp'
/usr/bin/make -f CMakeFiles/cmTC_65614.dir/build.make CMakeFiles/cmTC_65614.dir/build
make[4]: Entering directory '/<<PKGBUILDDIR>>/Build/CMakeFiles/CMakeTmp'
Building CXX object CMakeFiles/cmTC_65614.dir/feature_tests.cxx.o
/usr/lib/ccache/arm-linux-gnueabihf-g++    -g -O2 -fdebug-prefix-map=/<<PKGBUILDDIR>>=. -fstack-protector-strong -Wformat -Werror=format-security -Wdate-time -D_FORTIFY_SOURCE=2 -Wdate-time -D_FORTIFY_SOURCE=2    -std=c++17 -o CMakeFiles/cmTC_65614.dir/feature_tests.cxx.o -c /<<PKGBUILDDIR>>/Build/CMakeFiles/feature_tests.cxx
Linking CXX executable cmTC_65614
/usr/bin/cmake -E cmake_link_script CMakeFiles/cmTC_65614.dir/link.txt --verbose=1
/usr/lib/ccache/arm-linux-gnueabihf-g++  -g -O2 -fdebug-prefix-map=/<<PKGBUILDDIR>>=. -fstack-protector-strong -Wformat -Werror=format-security -Wdate-time -D_FORTIFY_SOURCE=2 -Wdate-time -D_FORTIFY_SOURCE=2   -Wl,-z,relro -Wl,--as-needed -Wl,--no-undefined  -rdynamic CMakeFiles/cmTC_65614.dir/feature_tests.cxx.o  -o cmTC_65614 
make[4]: Leaving directory '/<<PKGBUILDDIR>>/Build/CMakeFiles/CMakeTmp'
make[3]: Leaving directory '/<<PKGBUILDDIR>>/Build/CMakeFiles/CMakeTmp'


    Feature record: CXX_FEATURE:1cxx_aggregate_default_initializers
    Feature record: CXX_FEATURE:1cxx_alias_templates
    Feature record: CXX_FEATURE:1cxx_alignas
    Feature record: CXX_FEATURE:1cxx_alignof
    Feature record: CXX_FEATURE:1cxx_attributes
    Feature record: CXX_FEATURE:1cxx_attribute_deprecated
    Feature record: CXX_FEATURE:1cxx_auto_type
    Feature record: CXX_FEATURE:1cxx_binary_literals
    Feature record: CXX_FEATURE:1cxx_constexpr
    Feature record: CXX_FEATURE:1cxx_contextual_conversions
    Feature record: CXX_FEATURE:1cxx_decltype
    Feature record: CXX_FEATURE:1cxx_decltype_auto
    Feature record: CXX_FEATURE:1cxx_decltype_incomplete_return_types
    Feature record: CXX_FEATURE:1cxx_default_function_template_args
    Feature record: CXX_FEATURE:1cxx_defaulted_functions
    Feature record: CXX_FEATURE:1cxx_defaulted_move_initializers
    Feature record: CXX_FEATURE:1cxx_delegating_constructors
    Feature record: CXX_FEATURE:1cxx_deleted_functions
    Feature record: CXX_FEATURE:1cxx_digit_separators
    Feature record: CXX_FEATURE:1cxx_enum_forward_declarations
    Feature record: CXX_FEATURE:1cxx_explicit_conversions
    Feature record: CXX_FEATURE:1cxx_extended_friend_declarations
    Feature record: CXX_FEATURE:1cxx_extern_templates
    Feature record: CXX_FEATURE:1cxx_final
    Feature record: CXX_FEATURE:1cxx_func_identifier
    Feature record: CXX_FEATURE:1cxx_generalized_initializers
    Feature record: CXX_FEATURE:1cxx_generic_lambdas
    Feature record: CXX_FEATURE:1cxx_inheriting_constructors
    Feature record: CXX_FEATURE:1cxx_inline_namespaces
    Feature record: CXX_FEATURE:1cxx_lambdas
    Feature record: CXX_FEATURE:1cxx_lambda_init_captures
    Feature record: CXX_FEATURE:1cxx_local_type_template_args
    Feature record: CXX_FEATURE:1cxx_long_long_type
    Feature record: CXX_FEATURE:1cxx_noexcept
    Feature record: CXX_FEATURE:1cxx_nonstatic_member_init
    Feature record: CXX_FEATURE:1cxx_nullptr
    Feature record: CXX_FEATURE:1cxx_override
    Feature record: CXX_FEATURE:1cxx_range_for
    Feature record: CXX_FEATURE:1cxx_raw_string_literals
    Feature record: CXX_FEATURE:1cxx_reference_qualified_functions
    Feature record: CXX_FEATURE:1cxx_relaxed_constexpr
    Feature record: CXX_FEATURE:1cxx_return_type_deduction
    Feature record: CXX_FEATURE:1cxx_right_angle_brackets
    Feature record: CXX_FEATURE:1cxx_rvalue_references
    Feature record: CXX_FEATURE:1cxx_sizeof_member
    Feature record: CXX_FEATURE:1cxx_static_assert
    Feature record: CXX_FEATURE:1cxx_strong_enums
    Feature record: CXX_FEATURE:1cxx_template_template_parameters
    Feature record: CXX_FEATURE:1cxx_thread_local
    Feature record: CXX_FEATURE:1cxx_trailing_return_types
    Feature record: CXX_FEATURE:1cxx_unicode_literals
    Feature record: CXX_FEATURE:1cxx_uniform_initialization
    Feature record: CXX_FEATURE:1cxx_unrestricted_unions
    Feature record: CXX_FEATURE:1cxx_user_literals
    Feature record: CXX_FEATURE:1cxx_variable_templates
    Feature record: CXX_FEATURE:1cxx_variadic_macros
    Feature record: CXX_FEATURE:1cxx_variadic_templates


Detecting CXX [-std=c++14] compiler features compiled with the following output:
Change Dir: /<<PKGBUILDDIR>>/Build/CMakeFiles/CMakeTmp

Run Build Command:"/usr/bin/make" "cmTC_a00c9/fast"
make[3]: Entering directory '/<<PKGBUILDDIR>>/Build/CMakeFiles/CMakeTmp'
/usr/bin/make -f CMakeFiles/cmTC_a00c9.dir/build.make CMakeFiles/cmTC_a00c9.dir/build
make[4]: Entering directory '/<<PKGBUILDDIR>>/Build/CMakeFiles/CMakeTmp'
Building CXX object CMakeFiles/cmTC_a00c9.dir/feature_tests.cxx.o
/usr/lib/ccache/arm-linux-gnueabihf-g++    -g -O2 -fdebug-prefix-map=/<<PKGBUILDDIR>>=. -fstack-protector-strong -Wformat -Werror=format-security -Wdate-time -D_FORTIFY_SOURCE=2 -Wdate-time -D_FORTIFY_SOURCE=2    -std=c++14 -o CMakeFiles/cmTC_a00c9.dir/feature_tests.cxx.o -c /<<PKGBUILDDIR>>/Build/CMakeFiles/feature_tests.cxx
Linking CXX executable cmTC_a00c9
/usr/bin/cmake -E cmake_link_script CMakeFiles/cmTC_a00c9.dir/link.txt --verbose=1
/usr/lib/ccache/arm-linux-gnueabihf-g++  -g -O2 -fdebug-prefix-map=/<<PKGBUILDDIR>>=. -fstack-protector-strong -Wformat -Werror=format-security -Wdate-time -D_FORTIFY_SOURCE=2 -Wdate-time -D_FORTIFY_SOURCE=2   -Wl,-z,relro -Wl,--as-needed -Wl,--no-undefined  -rdynamic CMakeFiles/cmTC_a00c9.dir/feature_tests.cxx.o  -o cmTC_a00c9 
make[4]: Leaving directory '/<<PKGBUILDDIR>>/Build/CMakeFiles/CMakeTmp'
make[3]: Leaving directory '/<<PKGBUILDDIR>>/Build/CMakeFiles/CMakeTmp'


    Feature record: CXX_FEATURE:1cxx_aggregate_default_initializers
    Feature record: CXX_FEATURE:1cxx_alias_templates
    Feature record: CXX_FEATURE:1cxx_alignas
    Feature record: CXX_FEATURE:1cxx_alignof
    Feature record: CXX_FEATURE:1cxx_attributes
    Feature record: CXX_FEATURE:1cxx_attribute_deprecated
    Feature record: CXX_FEATURE:1cxx_auto_type
    Feature record: CXX_FEATURE:1cxx_binary_literals
    Feature record: CXX_FEATURE:1cxx_constexpr
    Feature record: CXX_FEATURE:1cxx_contextual_conversions
    Feature record: CXX_FEATURE:1cxx_decltype
    Feature record: CXX_FEATURE:1cxx_decltype_auto
    Feature record: CXX_FEATURE:1cxx_decltype_incomplete_return_types
    Feature record: CXX_FEATURE:1cxx_default_function_template_args
    Feature record: CXX_FEATURE:1cxx_defaulted_functions
    Feature record: CXX_FEATURE:1cxx_defaulted_move_initializers
    Feature record: CXX_FEATURE:1cxx_delegating_constructors
    Feature record: CXX_FEATURE:1cxx_deleted_functions
    Feature record: CXX_FEATURE:1cxx_digit_separators
    Feature record: CXX_FEATURE:1cxx_enum_forward_declarations
    Feature record: CXX_FEATURE:1cxx_explicit_conversions
    Feature record: CXX_FEATURE:1cxx_extended_friend_declarations
    Feature record: CXX_FEATURE:1cxx_extern_templates
    Feature record: CXX_FEATURE:1cxx_final
    Feature record: CXX_FEATURE:1cxx_func_identifier
    Feature record: CXX_FEATURE:1cxx_generalized_initializers
    Feature record: CXX_FEATURE:1cxx_generic_lambdas
    Feature record: CXX_FEATURE:1cxx_inheriting_constructors
    Feature record: CXX_FEATURE:1cxx_inline_namespaces
    Feature record: CXX_FEATURE:1cxx_lambdas
    Feature record: CXX_FEATURE:1cxx_lambda_init_captures
    Feature record: CXX_FEATURE:1cxx_local_type_template_args
    Feature record: CXX_FEATURE:1cxx_long_long_type
    Feature record: CXX_FEATURE:1cxx_noexcept
    Feature record: CXX_FEATURE:1cxx_nonstatic_member_init
    Feature record: CXX_FEATURE:1cxx_nullptr
    Feature record: CXX_FEATURE:1cxx_override
    Feature record: CXX_FEATURE:1cxx_range_for
    Feature record: CXX_FEATURE:1cxx_raw_string_literals
    Feature record: CXX_FEATURE:1cxx_reference_qualified_functions
    Feature record: CXX_FEATURE:1cxx_relaxed_constexpr
    Feature record: CXX_FEATURE:1cxx_return_type_deduction
    Feature record: CXX_FEATURE:1cxx_right_angle_brackets
    Feature record: CXX_FEATURE:1cxx_rvalue_references
    Feature record: CXX_FEATURE:1cxx_sizeof_member
    Feature record: CXX_FEATURE:1cxx_static_assert
    Feature record: CXX_FEATURE:1cxx_strong_enums
    Feature record: CXX_FEATURE:1cxx_template_template_parameters
    Feature record: CXX_FEATURE:1cxx_thread_local
    Feature record: CXX_FEATURE:1cxx_trailing_return_types
    Feature record: CXX_FEATURE:1cxx_unicode_literals
    Feature record: CXX_FEATURE:1cxx_uniform_initialization
    Feature record: CXX_FEATURE:1cxx_unrestricted_unions
    Feature record: CXX_FEATURE:1cxx_user_literals
    Feature record: CXX_FEATURE:1cxx_variable_templates
    Feature record: CXX_FEATURE:1cxx_variadic_macros
    Feature record: CXX_FEATURE:1cxx_variadic_templates


Detecting CXX [-std=c++11] compiler features compiled with the following output:
Change Dir: /<<PKGBUILDDIR>>/Build/CMakeFiles/CMakeTmp

Run Build Command:"/usr/bin/make" "cmTC_78316/fast"
make[3]: Entering directory '/<<PKGBUILDDIR>>/Build/CMakeFiles/CMakeTmp'
/usr/bin/make -f CMakeFiles/cmTC_78316.dir/build.make CMakeFiles/cmTC_78316.dir/build
make[4]: Entering directory '/<<PKGBUILDDIR>>/Build/CMakeFiles/CMakeTmp'
Building CXX object CMakeFiles/cmTC_78316.dir/feature_tests.cxx.o
/usr/lib/ccache/arm-linux-gnueabihf-g++    -g -O2 -fdebug-prefix-map=/<<PKGBUILDDIR>>=. -fstack-protector-strong -Wformat -Werror=format-security -Wdate-time -D_FORTIFY_SOURCE=2 -Wdate-time -D_FORTIFY_SOURCE=2    -std=c++11 -o CMakeFiles/cmTC_78316.dir/feature_tests.cxx.o -c /<<PKGBUILDDIR>>/Build/CMakeFiles/feature_tests.cxx
Linking CXX executable cmTC_78316
/usr/bin/cmake -E cmake_link_script CMakeFiles/cmTC_78316.dir/link.txt --verbose=1
/usr/lib/ccache/arm-linux-gnueabihf-g++  -g -O2 -fdebug-prefix-map=/<<PKGBUILDDIR>>=. -fstack-protector-strong -Wformat -Werror=format-security -Wdate-time -D_FORTIFY_SOURCE=2 -Wdate-time -D_FORTIFY_SOURCE=2   -Wl,-z,relro -Wl,--as-needed -Wl,--no-undefined  -rdynamic CMakeFiles/cmTC_78316.dir/feature_tests.cxx.o  -o cmTC_78316 
make[4]: Leaving directory '/<<PKGBUILDDIR>>/Build/CMakeFiles/CMakeTmp'
make[3]: Leaving directory '/<<PKGBUILDDIR>>/Build/CMakeFiles/CMakeTmp'


    Feature record: CXX_FEATURE:0cxx_aggregate_default_initializers
    Feature record: CXX_FEATURE:1cxx_alias_templates
    Feature record: CXX_FEATURE:1cxx_alignas
    Feature record: CXX_FEATURE:1cxx_alignof
    Feature record: CXX_FEATURE:1cxx_attributes
    Feature record: CXX_FEATURE:0cxx_attribute_deprecated
    Feature record: CXX_FEATURE:1cxx_auto_type
    Feature record: CXX_FEATURE:0cxx_binary_literals
    Feature record: CXX_FEATURE:1cxx_constexpr
    Feature record: CXX_FEATURE:0cxx_contextual_conversions
    Feature record: CXX_FEATURE:1cxx_decltype
    Feature record: CXX_FEATURE:0cxx_decltype_auto
    Feature record: CXX_FEATURE:1cxx_decltype_incomplete_return_types
    Feature record: CXX_FEATURE:1cxx_default_function_template_args
    Feature record: CXX_FEATURE:1cxx_defaulted_functions
    Feature record: CXX_FEATURE:1cxx_defaulted_move_initializers
    Feature record: CXX_FEATURE:1cxx_delegating_constructors
    Feature record: CXX_FEATURE:1cxx_deleted_functions
    Feature record: CXX_FEATURE:0cxx_digit_separators
    Feature record: CXX_FEATURE:1cxx_enum_forward_declarations
    Feature record: CXX_FEATURE:1cxx_explicit_conversions
    Feature record: CXX_FEATURE:1cxx_extended_friend_declarations
    Feature record: CXX_FEATURE:1cxx_extern_templates
    Feature record: CXX_FEATURE:1cxx_final
    Feature record: CXX_FEATURE:1cxx_func_identifier
    Feature record: CXX_FEATURE:1cxx_generalized_initializers
    Feature record: CXX_FEATURE:0cxx_generic_lambdas
    Feature record: CXX_FEATURE:1cxx_inheriting_constructors
    Feature record: CXX_FEATURE:1cxx_inline_namespaces
    Feature record: CXX_FEATURE:1cxx_lambdas
    Feature record: CXX_FEATURE:0cxx_lambda_init_captures
    Feature record: CXX_FEATURE:1cxx_local_type_template_args
    Feature record: CXX_FEATURE:1cxx_long_long_type
    Feature record: CXX_FEATURE:1cxx_noexcept
    Feature record: CXX_FEATURE:1cxx_nonstatic_member_init
    Feature record: CXX_FEATURE:1cxx_nullptr
    Feature record: CXX_FEATURE:1cxx_override
    Feature record: CXX_FEATURE:1cxx_range_for
    Feature record: CXX_FEATURE:1cxx_raw_string_literals
    Feature record: CXX_FEATURE:1cxx_reference_qualified_functions
    Feature record: CXX_FEATURE:0cxx_relaxed_constexpr
    Feature record: CXX_FEATURE:0cxx_return_type_deduction
    Feature record: CXX_FEATURE:1cxx_right_angle_brackets
    Feature record: CXX_FEATURE:1cxx_rvalue_references
    Feature record: CXX_FEATURE:1cxx_sizeof_member
    Feature record: CXX_FEATURE:1cxx_static_assert
    Feature record: CXX_FEATURE:1cxx_strong_enums
    Feature record: CXX_FEATURE:1cxx_template_template_parameters
    Feature record: CXX_FEATURE:1cxx_thread_local
    Feature record: CXX_FEATURE:1cxx_trailing_return_types
    Feature record: CXX_FEATURE:1cxx_unicode_literals
    Feature record: CXX_FEATURE:1cxx_uniform_initialization
    Feature record: CXX_FEATURE:1cxx_unrestricted_unions
    Feature record: CXX_FEATURE:1cxx_user_literals
    Feature record: CXX_FEATURE:0cxx_variable_templates
    Feature record: CXX_FEATURE:1cxx_variadic_macros
    Feature record: CXX_FEATURE:1cxx_variadic_templates


Detecting CXX [-std=c++98] compiler features compiled with the following output:
Change Dir: /<<PKGBUILDDIR>>/Build/CMakeFiles/CMakeTmp

Run Build Command:"/usr/bin/make" "cmTC_a5012/fast"
make[3]: Entering directory '/<<PKGBUILDDIR>>/Build/CMakeFiles/CMakeTmp'
/usr/bin/make -f CMakeFiles/cmTC_a5012.dir/build.make CMakeFiles/cmTC_a5012.dir/build
make[4]: Entering directory '/<<PKGBUILDDIR>>/Build/CMakeFiles/CMakeTmp'
Building CXX object CMakeFiles/cmTC_a5012.dir/feature_tests.cxx.o
/usr/lib/ccache/arm-linux-gnueabihf-g++    -g -O2 -fdebug-prefix-map=/<<PKGBUILDDIR>>=. -fstack-protector-strong -Wformat -Werror=format-security -Wdate-time -D_FORTIFY_SOURCE=2 -Wdate-time -D_FORTIFY_SOURCE=2    -std=c++98 -o CMakeFiles/cmTC_a5012.dir/feature_tests.cxx.o -c /<<PKGBUILDDIR>>/Build/CMakeFiles/feature_tests.cxx
Linking CXX executable cmTC_a5012
/usr/bin/cmake -E cmake_link_script CMakeFiles/cmTC_a5012.dir/link.txt --verbose=1
/usr/lib/ccache/arm-linux-gnueabihf-g++  -g -O2 -fdebug-prefix-map=/<<PKGBUILDDIR>>=. -fstack-protector-strong -Wformat -Werror=format-security -Wdate-time -D_FORTIFY_SOURCE=2 -Wdate-time -D_FORTIFY_SOURCE=2   -Wl,-z,relro -Wl,--as-needed -Wl,--no-undefined  -rdynamic CMakeFiles/cmTC_a5012.dir/feature_tests.cxx.o  -o cmTC_a5012 
make[4]: Leaving directory '/<<PKGBUILDDIR>>/Build/CMakeFiles/CMakeTmp'
make[3]: Leaving directory '/<<PKGBUILDDIR>>/Build/CMakeFiles/CMakeTmp'


    Feature record: CXX_FEATURE:0cxx_aggregate_default_initializers
    Feature record: CXX_FEATURE:0cxx_alias_templates
    Feature record: CXX_FEATURE:0cxx_alignas
    Feature record: CXX_FEATURE:0cxx_alignof
    Feature record: CXX_FEATURE:0cxx_attributes
    Feature record: CXX_FEATURE:0cxx_attribute_deprecated
    Feature record: CXX_FEATURE:0cxx_auto_type
    Feature record: CXX_FEATURE:0cxx_binary_literals
    Feature record: CXX_FEATURE:0cxx_constexpr
    Feature record: CXX_FEATURE:0cxx_contextual_conversions
    Feature record: CXX_FEATURE:0cxx_decltype
    Feature record: CXX_FEATURE:0cxx_decltype_auto
    Feature record: CXX_FEATURE:0cxx_decltype_incomplete_return_types
    Feature record: CXX_FEATURE:0cxx_default_function_template_args
    Feature record: CXX_FEATURE:0cxx_defaulted_functions
    Feature record: CXX_FEATURE:0cxx_defaulted_move_initializers
    Feature record: CXX_FEATURE:0cxx_delegating_constructors
    Feature record: CXX_FEATURE:0cxx_deleted_functions
    Feature record: CXX_FEATURE:0cxx_digit_separators
    Feature record: CXX_FEATURE:0cxx_enum_forward_declarations
    Feature record: CXX_FEATURE:0cxx_explicit_conversions
    Feature record: CXX_FEATURE:0cxx_extended_friend_declarations
    Feature record: CXX_FEATURE:0cxx_extern_templates
    Feature record: CXX_FEATURE:0cxx_final
    Feature record: CXX_FEATURE:0cxx_func_identifier
    Feature record: CXX_FEATURE:0cxx_generalized_initializers
    Feature record: CXX_FEATURE:0cxx_generic_lambdas
    Feature record: CXX_FEATURE:0cxx_inheriting_constructors
    Feature record: CXX_FEATURE:0cxx_inline_namespaces
    Feature record: CXX_FEATURE:0cxx_lambdas
    Feature record: CXX_FEATURE:0cxx_lambda_init_captures
    Feature record: CXX_FEATURE:0cxx_local_type_template_args
    Feature record: CXX_FEATURE:0cxx_long_long_type
    Feature record: CXX_FEATURE:0cxx_noexcept
    Feature record: CXX_FEATURE:0cxx_nonstatic_member_init
    Feature record: CXX_FEATURE:0cxx_nullptr
    Feature record: CXX_FEATURE:0cxx_override
    Feature record: CXX_FEATURE:0cxx_range_for
    Feature record: CXX_FEATURE:0cxx_raw_string_literals
    Feature record: CXX_FEATURE:0cxx_reference_qualified_functions
    Feature record: CXX_FEATURE:0cxx_relaxed_constexpr
    Feature record: CXX_FEATURE:0cxx_return_type_deduction
    Feature record: CXX_FEATURE:0cxx_right_angle_brackets
    Feature record: CXX_FEATURE:0cxx_rvalue_references
    Feature record: CXX_FEATURE:0cxx_sizeof_member
    Feature record: CXX_FEATURE:0cxx_static_assert
    Feature record: CXX_FEATURE:0cxx_strong_enums
    Feature record: CXX_FEATURE:1cxx_template_template_parameters
    Feature record: CXX_FEATURE:0cxx_thread_local
    Feature record: CXX_FEATURE:0cxx_trailing_return_types
    Feature record: CXX_FEATURE:0cxx_unicode_literals
    Feature record: CXX_FEATURE:0cxx_uniform_initialization
    Feature record: CXX_FEATURE:0cxx_unrestricted_unions
    Feature record: CXX_FEATURE:0cxx_user_literals
    Feature record: CXX_FEATURE:0cxx_variable_templates
    Feature record: CXX_FEATURE:0cxx_variadic_macros
    Feature record: CXX_FEATURE:0cxx_variadic_templates
Determining if the Q_WS_X11 exist passed with the following output:
Change Dir: /<<PKGBUILDDIR>>/Build/CMakeFiles/CMakeTmp

Run Build Command:"/usr/bin/make" "cmTC_17932/fast"
make[3]: Entering directory '/<<PKGBUILDDIR>>/Build/CMakeFiles/CMakeTmp'
/usr/bin/make -f CMakeFiles/cmTC_17932.dir/build.make CMakeFiles/cmTC_17932.dir/build
make[4]: Entering directory '/<<PKGBUILDDIR>>/Build/CMakeFiles/CMakeTmp'
Building C object CMakeFiles/cmTC_17932.dir/CheckSymbolExists.c.o
/usr/lib/ccache/arm-linux-gnueabihf-gcc  -I/usr/include/qt4  -g -O2 -fdebug-prefix-map=/<<PKGBUILDDIR>>=. -fstack-protector-strong -Wformat -Werror=format-security -Wdate-time -D_FORTIFY_SOURCE=2 -Wdate-time -D_FORTIFY_SOURCE=2    -o CMakeFiles/cmTC_17932.dir/CheckSymbolExists.c.o   -c /<<PKGBUILDDIR>>/Build/CMakeFiles/CMakeTmp/CheckSymbolExists.c
Linking C executable cmTC_17932
/usr/bin/cmake -E cmake_link_script CMakeFiles/cmTC_17932.dir/link.txt --verbose=1
/usr/lib/ccache/arm-linux-gnueabihf-gcc -g -O2 -fdebug-prefix-map=/<<PKGBUILDDIR>>=. -fstack-protector-strong -Wformat -Werror=format-security -Wdate-time -D_FORTIFY_SOURCE=2 -Wdate-time -D_FORTIFY_SOURCE=2   -Wl,-z,relro -Wl,--as-needed -Wl,--no-undefined  -rdynamic CMakeFiles/cmTC_17932.dir/CheckSymbolExists.c.o  -o cmTC_17932 
make[4]: Leaving directory '/<<PKGBUILDDIR>>/Build/CMakeFiles/CMakeTmp'
make[3]: Leaving directory '/<<PKGBUILDDIR>>/Build/CMakeFiles/CMakeTmp'

File /<<PKGBUILDDIR>>/Build/CMakeFiles/CMakeTmp/CheckSymbolExists.c:
/* */
#include <QtCore/qglobal.h>

int main(int argc, char** argv)
{
  (void)argv;
#ifndef Q_WS_X11
  return ((int*)(&Q_WS_X11))[argc];
#else
  (void)argc;
  return 0;
#endif
}

	cd Build && tail -v -n \+0 CMakeFiles/CMakeError.log
==> CMakeFiles/CMakeError.log <==
Determining if the Q_WS_WIN exist failed with the following output:
Change Dir: /<<PKGBUILDDIR>>/Build/CMakeFiles/CMakeTmp

Run Build Command:"/usr/bin/make" "cmTC_b9bd9/fast"
make[3]: Entering directory '/<<PKGBUILDDIR>>/Build/CMakeFiles/CMakeTmp'
/usr/bin/make -f CMakeFiles/cmTC_b9bd9.dir/build.make CMakeFiles/cmTC_b9bd9.dir/build
make[4]: Entering directory '/<<PKGBUILDDIR>>/Build/CMakeFiles/CMakeTmp'
Building C object CMakeFiles/cmTC_b9bd9.dir/CheckSymbolExists.c.o
/usr/lib/ccache/arm-linux-gnueabihf-gcc  -I/usr/include/qt4  -g -O2 -fdebug-prefix-map=/<<PKGBUILDDIR>>=. -fstack-protector-strong -Wformat -Werror=format-security -Wdate-time -D_FORTIFY_SOURCE=2 -Wdate-time -D_FORTIFY_SOURCE=2    -o CMakeFiles/cmTC_b9bd9.dir/CheckSymbolExists.c.o   -c /<<PKGBUILDDIR>>/Build/CMakeFiles/CMakeTmp/CheckSymbolExists.c
/<<PKGBUILDDIR>>/Build/CMakeFiles/CMakeTmp/CheckSymbolExists.c: In function main:
/<<PKGBUILDDIR>>/Build/CMakeFiles/CMakeTmp/CheckSymbolExists.c:8:19: error: Q_WS_WIN undeclared (first use in this function); did you mean Q_WS_X11?
   return ((int*)(&Q_WS_WIN))[argc];
                   ^~~~~~~~
                   Q_WS_X11
/<<PKGBUILDDIR>>/Build/CMakeFiles/CMakeTmp/CheckSymbolExists.c:8:19: note: each undeclared identifier is reported only once for each function it appears in
make[4]: *** [CMakeFiles/cmTC_b9bd9.dir/build.make:66: CMakeFiles/cmTC_b9bd9.dir/CheckSymbolExists.c.o] Error 1
make[4]: Leaving directory '/<<PKGBUILDDIR>>/Build/CMakeFiles/CMakeTmp'
make[3]: *** [Makefile:121: cmTC_b9bd9/fast] Error 2
make[3]: Leaving directory '/<<PKGBUILDDIR>>/Build/CMakeFiles/CMakeTmp'

File /<<PKGBUILDDIR>>/Build/CMakeFiles/CMakeTmp/CheckSymbolExists.c:
/* */
#include <QtCore/qglobal.h>

int main(int argc, char** argv)
{
  (void)argv;
#ifndef Q_WS_WIN
  return ((int*)(&Q_WS_WIN))[argc];
#else
  (void)argc;
  return 0;
#endif
}

Determining if the Q_WS_QWS exist failed with the following output:
Change Dir: /<<PKGBUILDDIR>>/Build/CMakeFiles/CMakeTmp

Run Build Command:"/usr/bin/make" "cmTC_c52f5/fast"
make[3]: Entering directory '/<<PKGBUILDDIR>>/Build/CMakeFiles/CMakeTmp'
/usr/bin/make -f CMakeFiles/cmTC_c52f5.dir/build.make CMakeFiles/cmTC_c52f5.dir/build
make[4]: Entering directory '/<<PKGBUILDDIR>>/Build/CMakeFiles/CMakeTmp'
Building C object CMakeFiles/cmTC_c52f5.dir/CheckSymbolExists.c.o
/usr/lib/ccache/arm-linux-gnueabihf-gcc  -I/usr/include/qt4  -g -O2 -fdebug-prefix-map=/<<PKGBUILDDIR>>=. -fstack-protector-strong -Wformat -Werror=format-security -Wdate-time -D_FORTIFY_SOURCE=2 -Wdate-time -D_FORTIFY_SOURCE=2    -o CMakeFiles/cmTC_c52f5.dir/CheckSymbolExists.c.o   -c /<<PKGBUILDDIR>>/Build/CMakeFiles/CMakeTmp/CheckSymbolExists.c
/<<PKGBUILDDIR>>/Build/CMakeFiles/CMakeTmp/CheckSymbolExists.c: In function main:
/<<PKGBUILDDIR>>/Build/CMakeFiles/CMakeTmp/CheckSymbolExists.c:8:19: error: Q_WS_QWS undeclared (first use in this function); did you mean Q_WS_X11?
   return ((int*)(&Q_WS_QWS))[argc];
                   ^~~~~~~~
                   Q_WS_X11
/<<PKGBUILDDIR>>/Build/CMakeFiles/CMakeTmp/CheckSymbolExists.c:8:19: note: each undeclared identifier is reported only once for each function it appears in
make[4]: *** [CMakeFiles/cmTC_c52f5.dir/build.make:66: CMakeFiles/cmTC_c52f5.dir/CheckSymbolExists.c.o] Error 1
make[4]: Leaving directory '/<<PKGBUILDDIR>>/Build/CMakeFiles/CMakeTmp'
make[3]: *** [Makefile:121: cmTC_c52f5/fast] Error 2
make[3]: Leaving directory '/<<PKGBUILDDIR>>/Build/CMakeFiles/CMakeTmp'

File /<<PKGBUILDDIR>>/Build/CMakeFiles/CMakeTmp/CheckSymbolExists.c:
/* */
#include <QtCore/qglobal.h>

int main(int argc, char** argv)
{
  (void)argv;
#ifndef Q_WS_QWS
  return ((int*)(&Q_WS_QWS))[argc];
#else
  (void)argc;
  return 0;
#endif
}

Determining if the Q_WS_MAC exist failed with the following output:
Change Dir: /<<PKGBUILDDIR>>/Build/CMakeFiles/CMakeTmp

Run Build Command:"/usr/bin/make" "cmTC_af401/fast"
make[3]: Entering directory '/<<PKGBUILDDIR>>/Build/CMakeFiles/CMakeTmp'
/usr/bin/make -f CMakeFiles/cmTC_af401.dir/build.make CMakeFiles/cmTC_af401.dir/build
make[4]: Entering directory '/<<PKGBUILDDIR>>/Build/CMakeFiles/CMakeTmp'
Building C object CMakeFiles/cmTC_af401.dir/CheckSymbolExists.c.o
/usr/lib/ccache/arm-linux-gnueabihf-gcc  -I/usr/include/qt4  -g -O2 -fdebug-prefix-map=/<<PKGBUILDDIR>>=. -fstack-protector-strong -Wformat -Werror=format-security -Wdate-time -D_FORTIFY_SOURCE=2 -Wdate-time -D_FORTIFY_SOURCE=2    -o CMakeFiles/cmTC_af401.dir/CheckSymbolExists.c.o   -c /<<PKGBUILDDIR>>/Build/CMakeFiles/CMakeTmp/CheckSymbolExists.c
/<<PKGBUILDDIR>>/Build/CMakeFiles/CMakeTmp/CheckSymbolExists.c: In function main:
/<<PKGBUILDDIR>>/Build/CMakeFiles/CMakeTmp/CheckSymbolExists.c:8:19: error: Q_WS_MAC undeclared (first use in this function); did you mean Q_WS_X11?
   return ((int*)(&Q_WS_MAC))[argc];
                   ^~~~~~~~
                   Q_WS_X11
/<<PKGBUILDDIR>>/Build/CMakeFiles/CMakeTmp/CheckSymbolExists.c:8:19: note: each undeclared identifier is reported only once for each function it appears in
make[4]: *** [CMakeFiles/cmTC_af401.dir/build.make:66: CMakeFiles/cmTC_af401.dir/CheckSymbolExists.c.o] Error 1
make[4]: Leaving directory '/<<PKGBUILDDIR>>/Build/CMakeFiles/CMakeTmp'
make[3]: *** [Makefile:121: cmTC_af401/fast] Error 2
make[3]: Leaving directory '/<<PKGBUILDDIR>>/Build/CMakeFiles/CMakeTmp'

File /<<PKGBUILDDIR>>/Build/CMakeFiles/CMakeTmp/CheckSymbolExists.c:
/* */
#include <QtCore/qglobal.h>

int main(int argc, char** argv)
{
  (void)argv;
#ifndef Q_WS_MAC
  return ((int*)(&Q_WS_MAC))[argc];
#else
  (void)argc;
  return 0;
#endif
}

dh_auto_configure: cd Build && cmake -DCMAKE_INSTALL_PREFIX=/usr -DCMAKE_BUILD_TYPE=None -DCMAKE_INSTALL_SYSCONFDIR=/etc -DCMAKE_INSTALL_LOCALSTATEDIR=/var -DCMAKE_EXPORT_NO_PACKAGE_REGISTRY=ON -DCMAKE_FIND_PACKAGE_NO_PACKAGE_REGISTRY=ON "-GUnix Makefiles" -DCMAKE_VERBOSE_MAKEFILE=ON -DCMAKE_SYSTEM_NAME=Linux -DCMAKE_SYSTEM_PROCESSOR=arm -DCMAKE_C_COMPILER=arm-linux-gnueabihf-gcc -DCMAKE_CXX_COMPILER=arm-linux-gnueabihf-g\+\+ -DPKG_CONFIG_EXECUTABLE=/usr/bin/arm-linux-gnueabihf-pkg-config -DPKGCONFIG_EXECUTABLE=/usr/bin/arm-linux-gnueabihf-pkg-config -DQMAKE_EXECUTABLE=/usr/bin/arm-linux-gnueabihf-qmake -DCMAKE_INSTALL_LIBDIR=lib/arm-linux-gnueabihf -DCMAKE_BUILD_TYPE=Debian -DSOPRANO_BUILD_API_DOCS=OFF -DSOPRANO_DISABLE_SESAME2_BACKEND=ON .. returned exit code 1
make[2]: *** [debian/rules:10: override_dh_auto_configure] Error 2
make[2]: Leaving directory '/<<PKGBUILDDIR>>'
make[1]: *** [/usr/share/pkg-kde-tools/qt-kde-team/2/dhmk.mk:97: pre_configure_dh_auto_configure] Error 2
make[1]: Leaving directory '/<<PKGBUILDDIR>>'
make: *** [/usr/share/pkg-kde-tools/qt-kde-team/2/dhmk.mk:110: debian/dhmk_configure] Error 2
dpkg-buildpackage: error: debian/rules build-arch subprocess returned exit status 2
--------------------------------------------------------------------------------
Build finished at 2019-07-02T20:17:09Z

Finished
--------


+------------------------------------------------------------------------------+
| Cleanup                                                                      |
+------------------------------------------------------------------------------+

Purging /<<BUILDDIR>>
Reading package lists...
Building dependency tree...
Reading state information...
0 upgraded, 0 newly installed, 0 to remove and 0 not upgraded.
Reading package lists...
Building dependency tree...
Reading state information...
The following package was automatically installed and is no longer required:
  sensible-utils
Use 'apt autoremove' to remove it.
The following packages will be REMOVED:
  autoconf* automake* autopoint* autotools-dev* binutils-arm-linux-gnueabihf*
  bsdmainutils* cmake* cmake-data* cpp-8-arm-linux-gnueabihf*
  cpp-arm-linux-gnueabihf* cross-config* crossbuild-essential-armhf*
  debhelper* dh-autoreconf* dh-strip-nondeterminism* doxygen* dpkg-cross* dwz*
  file* fontconfig* fontconfig-config* fonts-dejavu-core*
  g++-8-arm-linux-gnueabihf* g++-arm-linux-gnueabihf*
  gcc-8-arm-linux-gnueabihf* gcc-8-arm-linux-gnueabihf-base* gcc-8-base:armhf*
  gcc-8-cross-base* gcc-arm-linux-gnueabihf* gettext* gettext-base* graphviz*
  groff-base* icu-devtools* intltool-debian* libarchive-zip-perl*
  libarchive13* libasan5:armhf* libasan5-armhf-cross* libatomic1:armhf*
  libatomic1-armhf-cross* libaudio2* libaudio2:armhf* libblkid1:armhf*
  libbsd0* libbsd0:armhf* libc6:armhf* libc6-armhf-cross* libc6-dev:armhf*
  libc6-dev-armhf-cross* libcairo2* libcdt5* libcgraph6* libclang1-6.0*
  libclucene-contribs1v5:armhf* libclucene-core1v5:armhf*
  libclucene-dev:armhf* libcom-err2:armhf* libconfig-auto-perl*
  libconfig-inifiles-perl* libcroco3* libcurl3-gnutls:armhf* libcurl4*
  libcurl4-gnutls-dev:armhf* libdatrie1* libdb5.3:armhf* libdbus-1-3*
  libdbus-1-3:armhf* libdebian-dpkgcross-perl* libedit2* libexpat1*
  libexpat1:armhf* libffi6:armhf* libfile-homedir-perl*
  libfile-stripnondeterminism-perl* libfile-which-perl* libfontconfig1*
  libfontconfig1:armhf* libfreetype6* libfreetype6:armhf* libfribidi0*
  libgcc-8-dev:armhf* libgcc-8-dev-armhf-cross* libgcc1:armhf*
  libgcc1-armhf-cross* libgcrypt20:armhf* libgd3* libglib2.0-0*
  libglib2.0-0:armhf* libgmp-dev:armhf* libgmp10:armhf* libgmpxx4ldbl:armhf*
  libgnutls30:armhf* libgomp1:armhf* libgomp1-armhf-cross*
  libgpg-error0:armhf* libgraphite2-3* libgssapi-krb5-2*
  libgssapi-krb5-2:armhf* libgts-0.7-5* libgvc6* libgvpr2* libharfbuzz0b*
  libhogweed4:armhf* libice6* libice6:armhf* libicu-dev:armhf* libicu63*
  libicu63:armhf* libidn2-0:armhf* libio-string-perl* libiodbc2:armhf*
  libiodbc2-dev:armhf* libjbig0* libjbig0:armhf* libjpeg62-turbo*
  libjpeg62-turbo:armhf* libjsoncpp1* libk5crypto3* libk5crypto3:armhf*
  libkeyutils1* libkeyutils1:armhf* libkrb5-3* libkrb5-3:armhf*
  libkrb5support0* libkrb5support0:armhf* liblab-gamut1* liblcms2-2*
  liblcms2-2:armhf* libldap-2.4-2:armhf* libllvm6.0* liblocale-gettext-perl*
  libltdl7* libltdl7:armhf* liblz4-1:armhf* liblzma5:armhf* libmagic-mgc*
  libmagic1* libmhash2:armhf* libmng1* libmng1:armhf* libmount1:armhf*
  libmpdec2* libncurses6* libnettle6:armhf* libnghttp2-14*
  libnghttp2-14:armhf* libp11-kit0:armhf* libpango-1.0-0* libpangocairo-1.0-0*
  libpangoft2-1.0-0* libpathplan4* libpcre3:armhf* libpipeline1*
  libpixman-1-0* libpng16-16* libpng16-16:armhf* libprocps7* libpsl5*
  libpsl5:armhf* libpython3-stdlib* libpython3.7-minimal* libpython3.7-stdlib*
  libqt4-dbus:armhf* libqt4-declarative:armhf* libqt4-designer*
  libqt4-designer:armhf* libqt4-dev:armhf* libqt4-dev-bin* libqt4-help:armhf*
  libqt4-network* libqt4-network:armhf* libqt4-qt3support*
  libqt4-qt3support:armhf* libqt4-script* libqt4-script:armhf*
  libqt4-scripttools:armhf* libqt4-sql* libqt4-sql:armhf* libqt4-svg:armhf*
  libqt4-test:armhf* libqt4-xml* libqt4-xml:armhf* libqt4-xmlpatterns:armhf*
  libqtcore4* libqtcore4:armhf* libqtdbus4* libqtdbus4:armhf* libqtgui4*
  libqtgui4:armhf* libraptor2-0:armhf* libraptor2-dev:armhf* librasqal3:armhf*
  librasqal3-dev:armhf* librdf0:armhf* librdf0-dev:armhf* librhash0* librtmp1*
  librtmp1:armhf* libsasl2-2:armhf* libsasl2-modules-db:armhf*
  libselinux1:armhf* libsigsegv2* libsm6* libsm6:armhf* libssh2-1*
  libssh2-1:armhf* libssl1.1* libssl1.1:armhf* libstdc++-8-dev:armhf*
  libstdc++-8-dev-armhf-cross* libstdc++6:armhf* libstdc++6-armhf-cross*
  libsystemd0:armhf* libtasn1-6:armhf* libthai-data* libthai0* libtiff5*
  libtiff5:armhf* libtool* libubsan1:armhf* libubsan1-armhf-cross*
  libuchardet0* libunistring2:armhf* libuuid1:armhf* libuv1* libwebp6*
  libwebp6:armhf* libx11-6* libx11-6:armhf* libx11-data* libxapian30* libxau6*
  libxau6:armhf* libxaw7* libxcb-render0* libxcb-shm0* libxcb1* libxcb1:armhf*
  libxdmcp6* libxdmcp6:armhf* libxdot4* libxext6* libxext6:armhf*
  libxml-libxml-perl* libxml-namespacesupport-perl* libxml-sax-base-perl*
  libxml-sax-perl* libxml-simple-perl* libxml2* libxml2:armhf*
  libxml2-dev:armhf* libxmu6* libxpm4* libxrender1* libxrender1:armhf*
  libxslt1-dev:armhf* libxslt1.1:armhf* libxt6* libxt6:armhf*
  libyajl-dev:armhf* libyajl2:armhf* libyaml-perl* libzstd1:armhf*
  linux-libc-dev:armhf* linux-libc-dev-armhf-cross* m4* man-db* mime-support*
  pkg-config* pkg-kde-tools* po-debconf* procps* python3* python3-minimal*
  python3.7* python3.7-minimal* qdbus* qt4-linguist-tools* qt4-qmake*
  qtchooser* qtcore4-l10n* sbuild-build-depends-main-dummy:armhf* ucf*
  x11-common* zlib1g:armhf*
0 upgraded, 0 newly installed, 286 to remove and 0 not upgraded.
After this operation, 649 MB disk space will be freed.
(Reading database ... 27944 files and directories currently installed.)
Removing sbuild-build-depends-main-dummy:armhf (0.invalid.0) ...
Removing crossbuild-essential-armhf (12.6) ...
Removing g++-arm-linux-gnueabihf (4:8.3.0-1) ...
Removing gcc-arm-linux-gnueabihf (4:8.3.0-1) ...
Removing g++-8-arm-linux-gnueabihf (8.3.0-7cross1) ...
Removing gcc-8-arm-linux-gnueabihf (8.3.0-7cross1) ...
Removing binutils-arm-linux-gnueabihf (2.31.1-16) ...
Removing cmake (3.13.4-1) ...
Removing cmake-data (3.13.4-1) ...
Removing cpp-arm-linux-gnueabihf (4:8.3.0-1) ...
Removing cpp-8-arm-linux-gnueabihf (8.3.0-7cross1) ...
Removing dpkg-cross (2.6.15-3) ...
Removing cross-config (2.6.15-3) ...
Removing doxygen (1.8.13-10) ...
Removing libdebian-dpkgcross-perl (2.6.15-3) ...
Removing graphviz (2.40.1-6) ...
Removing libgvc6 (2.40.1-6) ...
Removing libpangocairo-1.0-0:amd64 (1.42.4-6) ...
Removing libpangoft2-1.0-0:amd64 (1.42.4-6) ...
Removing libpango-1.0-0:amd64 (1.42.4-6) ...
Removing libqt4-dev:armhf (4:4.8.7+dfsg-18) ...
Removing libqt4-declarative:armhf (4:4.8.7+dfsg-18) ...
Removing libqt4-svg:armhf (4:4.8.7+dfsg-18) ...
Removing libqt4-dev-bin (4:4.8.7+dfsg-18) ...
Removing libqt4-qt3support:amd64 (4:4.8.7+dfsg-18) ...
Removing libgd3:amd64 (2.2.5-5.2) ...
Removing gcc-8-arm-linux-gnueabihf-base:amd64 (8.3.0-7cross1) ...
Removing libstdc++-8-dev:armhf (8.3.0-7) ...
Removing libgcc-8-dev:armhf (8.3.0-7) ...
Removing libubsan1:armhf (8.3.0-7) ...
Removing libqt4-dbus:armhf (4:4.8.7+dfsg-18) ...
Removing libstdc++-8-dev-armhf-cross (8.3.0-7cross1) ...
Removing libgcc-8-dev-armhf-cross (8.3.0-7cross1) ...
Removing libubsan1-armhf-cross (8.3.0-7cross1) ...
Removing libasan5-armhf-cross (8.3.0-7cross1) ...
Removing libstdc++6-armhf-cross (8.3.0-7cross1) ...
Removing librdf0-dev:armhf (1.0.17-1.1+b1) ...
Removing librasqal3-dev:armhf (0.9.32-1+b1) ...
Removing libraptor2-dev:armhf (2.0.14-1+b1) ...
Removing libxslt1-dev:armhf (1.1.32-2) ...
Removing libxml2-dev:armhf (2.9.4+dfsg1-7+b3) ...
Removing libicu-dev:armhf (63.2-2) ...
Removing icu-devtools (63.2-2) ...
Removing libarchive13:amd64 (3.3.3-4) ...
Removing libasan5:armhf (8.3.0-7) ...
Removing libatomic1:armhf (8.3.0-7) ...
Removing libatomic1-armhf-cross (8.3.0-7cross1) ...
Removing libqt4-xmlpatterns:armhf (4:4.8.7+dfsg-18) ...
Removing libxaw7:amd64 (2:1.0.13-1+b2) ...
Removing libxmu6:amd64 (2:1.1.2-2+b3) ...
Removing libcairo2:amd64 (1.16.0-4) ...
Removing libxcb-shm0:amd64 (1.13.1-2) ...
Removing librdf0:armhf (1.0.17-1.1+b1) ...
Removing libyajl-dev:armhf (2.1.0-3) ...
Removing libc6-dev-armhf-cross (2.28-10cross2) ...
Removing libgomp1-armhf-cross (8.3.0-7cross1) ...
Removing libclucene-dev:armhf (2.3.3.4+dfsg-1) ...
Removing libc6-dev:armhf (2.28-10) ...
Removing libgvpr2 (2.40.1-6) ...
Removing libcgraph6 (2.40.1-6) ...
Removing libcdt5 (2.40.1-6) ...
Removing libclang1-6.0 (1:6.0.1-11) ...
Removing libclucene-contribs1v5:armhf (2.3.3.4+dfsg-1) ...
Removing libclucene-core1v5:armhf (2.3.3.4+dfsg-1) ...
Removing libconfig-auto-perl (0.44-1) ...
Removing libconfig-inifiles-perl (3.000001-1) ...
Removing libcurl4:amd64 (7.64.0-4) ...
Removing libcurl4-gnutls-dev:armhf (7.64.0-4) ...
Removing libthai0:amd64 (0.1.28-2) ...
Removing libdatrie1:amd64 (0.2.12-2) ...
Removing qdbus (4:4.8.7+dfsg-18) ...
Removing libqt4-designer:amd64 (4:4.8.7+dfsg-18) ...
Removing libqt4-script:amd64 (4:4.8.7+dfsg-18) ...
Removing libllvm6.0:amd64 (1:6.0.1-11) ...
Removing libedit2:amd64 (3.1-20181209-1) ...
Removing pkg-kde-tools (0.15.29) ...
Removing python3 (3.7.3-1) ...
Removing python3.7 (3.7.3-2) ...
Removing python3-minimal (3.7.3-1) ...
Removing python3.7-minimal (3.7.3-2) ...
Removing libfile-homedir-perl (1.004-1) ...
Removing libfile-which-perl (1.23-1) ...
Removing libharfbuzz0b:amd64 (2.3.1-1) ...
Removing libfribidi0:amd64 (1.0.5-3.1) ...
Removing libqt4-qt3support:armhf (4:4.8.7+dfsg-18) ...
Removing libqt4-designer:armhf (4:4.8.7+dfsg-18) ...
Removing libgcc1-armhf-cross (1:8.3.0-7cross1) ...
Removing qt4-linguist-tools (4:4.8.7+dfsg-18) ...
Removing pkg-config (0.29-6) ...
Removing libgmp-dev:armhf (2:6.1.2+dfsg-4) ...
Removing librasqal3:armhf (0.9.32-1+b1) ...
Removing libgmpxx4ldbl:armhf (2:6.1.2+dfsg-4) ...
Removing libgomp1:armhf (8.3.0-7) ...
Removing libgraphite2-3:amd64 (1.3.13-7) ...
Removing libgssapi-krb5-2:amd64 (1.17-3) ...
Removing libgts-0.7-5:amd64 (0.7.6+darcs121130-4) ...
Removing libxml-simple-perl (2.25-1) ...
Removing libxml-libxml-perl (2.0134+dfsg-1) ...
update-perl-sax-parsers: Unregistering Perl SAX parser XML::LibXML::SAX::Parser with priority 50...
update-perl-sax-parsers: Unregistering Perl SAX parser XML::LibXML::SAX with priority 50...
update-perl-sax-parsers: Updating overall Perl SAX parser modules info file...
Replacing config file /etc/perl/XML/SAX/ParserDetails.ini with new version
Removing libio-string-perl (1.08-3) ...
Removing libiodbc2-dev:armhf (3.52.9-2.1) ...
Removing libiodbc2:armhf (3.52.9-2.1) ...
Removing libjsoncpp1:amd64 (1.7.4-3) ...
Removing libkrb5-3:amd64 (1.17-3) ...
Removing libk5crypto3:amd64 (1.17-3) ...
Removing libkrb5support0:amd64 (1.17-3) ...
Removing libkeyutils1:amd64 (1.6-6) ...
Removing liblab-gamut1 (2.40.1-6) ...
Removing liblocale-gettext-perl (1.07-3+b4) ...
Removing libltdl7:amd64 (2.4.6-10) ...
Removing libltdl7:armhf (2.4.6-10) ...
Removing libmhash2:armhf (0.9.9.9-7+b1) ...
Removing libpython3-stdlib:amd64 (3.7.3-1) ...
Removing libpython3.7-stdlib:amd64 (3.7.3-2) ...
find: /usr/lib/python3: No such file or directory
Removing libmpdec2:amd64 (2.4.2-2) ...
Removing procps (2:3.3.15-2) ...
Removing libnghttp2-14:amd64 (1.37.0-1) ...
Removing libpathplan4 (2.40.1-6) ...
Removing libpixman-1-0:amd64 (0.36.0-1) ...
Removing libprocps7:amd64 (2:3.3.15-2) ...
Removing libpsl5:amd64 (0.20.2-2) ...
Removing libpython3.7-minimal:amd64 (3.7.3-2) ...
find: /usr/lib/python3: No such file or directory
Removing libqt4-help:armhf (4:4.8.7+dfsg-18) ...
Removing libqt4-network:amd64 (4:4.8.7+dfsg-18) ...
Removing libqt4-network:armhf (4:4.8.7+dfsg-18) ...
Removing libqt4-scripttools:armhf (4:4.8.7+dfsg-18) ...
Removing libqt4-script:armhf (4:4.8.7+dfsg-18) ...
Removing libqt4-sql:armhf (4:4.8.7+dfsg-18) ...
Removing libqt4-sql:amd64 (4:4.8.7+dfsg-18) ...
Removing libqt4-test:armhf (4:4.8.7+dfsg-18) ...
Removing librhash0:amd64 (1.3.8-1) ...
Removing librtmp1:amd64 (2.4+20151223.gitfa8646d.1-2) ...
Removing libssh2-1:amd64 (1.8.0-2.1) ...
Removing libssl1.1:amd64 (1.1.1c-1) ...
Removing libthai-data (0.1.28-2) ...
Removing libuv1:amd64 (1.24.1-1) ...
Removing libxapian30:amd64 (1.4.11-1) ...
Removing libxcb-render0:amd64 (1.13.1-2) ...
Removing libxdot4 (2.40.1-6) ...
Removing libxml-sax-perl (1.00+dfsg-1) ...
update-perl-sax-parsers: Unregistering Perl SAX parser XML::SAX::PurePerl with priority 50...
update-perl-sax-parsers: Updating overall Perl SAX parser modules info file...
Removing libxml-namespacesupport-perl (1.12-1) ...
Removing libxml-sax-base-perl (1.09-1) ...
Removing libxpm4:amd64 (1:3.5.12-1) ...
Removing libyaml-perl (1.27-1) ...
Removing linux-libc-dev:armhf (4.19.37-5) ...
Removing linux-libc-dev-armhf-cross (4.19.28-2cross2) ...
Removing mime-support (3.62) ...
Removing qt4-qmake (4:4.8.7+dfsg-18) ...
Removing qtchooser (66-2) ...
Removing libqtgui4:armhf (4:4.8.7+dfsg-18) ...
Removing libqtgui4:amd64 (4:4.8.7+dfsg-18) ...
Removing fontconfig (2.13.1-2) ...
Removing libfontconfig1:amd64 (2.13.1-2) ...
Removing libfontconfig1:armhf (2.13.1-2) ...
Removing fontconfig-config (2.13.1-2) ...
Removing fonts-dejavu-core (2.37-1) ...
Removing libqtdbus4:armhf (4:4.8.7+dfsg-18) ...
Removing gcc-8-cross-base (8.3.0-7cross1) ...
Removing libaudio2:amd64 (1.9.4-6) ...
Removing libaudio2:armhf (1.9.4-6) ...
Removing libxt6:armhf (1:1.1.5-1+b3) ...
Removing libxrender1:armhf (1:0.9.10-1) ...
Removing libsm6:armhf (2:1.2.3-1) ...
Removing libice6:armhf (2:1.0.9-2) ...
Removing libxt6:amd64 (1:1.1.5-1+b3) ...
Removing libxrender1:amd64 (1:0.9.10-1) ...
Removing libsm6:amd64 (2:1.2.3-1) ...
Removing libice6:amd64 (2:1.0.9-2) ...
Removing libtiff5:armhf (4.0.10-4) ...
Removing libraptor2-0:armhf (2.0.14-1+b1) ...
Removing libcurl3-gnutls:armhf (7.64.0-4) ...
Removing librtmp1:armhf (2.4+20151223.gitfa8646d.1-2) ...
Removing libyajl2:armhf (2.1.0-3) ...
Removing libc6-armhf-cross (2.28-10cross2) ...
Removing libgssapi-krb5-2:armhf (1.17-3) ...
Removing libkrb5-3:armhf (1.17-3) ...
Removing libcom-err2:armhf (1.45.2-1) ...
Removing libldap-2.4-2:armhf (2.4.47+dfsg-3) ...
Removing libsasl2-2:armhf (2.1.27+dfsg-1) ...
Removing libsasl2-modules-db:armhf (2.1.27+dfsg-1) ...
Removing libdb5.3:armhf (5.3.28+dfsg1-0.6) ...
Removing libqtdbus4:amd64 (4:4.8.7+dfsg-18) ...
Removing libdbus-1-3:amd64 (1.12.16-1) ...
Removing libdbus-1-3:armhf (1.12.16-1) ...
Removing libexpat1:armhf (2.2.6-2) ...
Removing libexpat1:amd64 (2.2.6-2) ...
Removing libgnutls30:armhf (3.6.7-4) ...
Removing libp11-kit0:armhf (0.23.15-2) ...
Removing libfreetype6:amd64 (2.9.1-3) ...
Removing libfreetype6:armhf (2.9.1-3) ...
Removing libqt4-xml:armhf (4:4.8.7+dfsg-18) ...
Removing libsystemd0:armhf (241-5) ...
Removing libxslt1.1:armhf (1.1.32-2) ...
Removing libqt4-xml:amd64 (4:4.8.7+dfsg-18) ...
Removing libqtcore4:amd64 (4:4.8.7+dfsg-18) ...
Removing libhogweed4:armhf (3.4.1-1) ...
Removing libgmp10:armhf (2:6.1.2+dfsg-4) ...
Removing libxml2:armhf (2.9.4+dfsg1-7+b3) ...
Removing libicu63:armhf (63.2-2) ...
Removing libpsl5:armhf (0.20.2-2) ...
Removing libidn2-0:armhf (2.0.5-1) ...
Removing libjbig0:armhf (2.1-3.1+b2) ...
Removing libtiff5:amd64 (4.0.10-4) ...
Removing libjbig0:amd64 (2.1-3.1+b2) ...
Removing libmng1:amd64 (1.0.10+dfsg-3.1+b5) ...
Removing libjpeg62-turbo:amd64 (1:1.5.2-2+b1) ...
Removing libmng1:armhf (1.0.10+dfsg-3.1+b5) ...
Removing libjpeg62-turbo:armhf (1:1.5.2-2+b1) ...
Removing libk5crypto3:armhf (1.17-3) ...
Removing libkrb5support0:armhf (1.17-3) ...
Removing libkeyutils1:armhf (1.6-6) ...
Removing liblcms2-2:armhf (2.9-3) ...
Removing liblcms2-2:amd64 (2.9-3) ...
Removing liblz4-1:armhf (1.8.3-1) ...
Removing liblzma5:armhf (5.2.4-1) ...
Removing libnettle6:armhf (3.4.1-1) ...
Removing libnghttp2-14:armhf (1.37.0-1) ...
Removing libpng16-16:armhf (1.6.37-1) ...
Removing libpng16-16:amd64 (1.6.37-1) ...
Removing libssh2-1:armhf (1.8.0-2.1) ...
Removing libssl1.1:armhf (1.1.1c-1) ...
Removing libtasn1-6:armhf (4.13-3) ...
Removing libunistring2:armhf (0.9.10-1) ...
Removing libwebp6:armhf (0.6.1-2) ...
Removing libwebp6:amd64 (0.6.1-2) ...
Removing libxext6:amd64 (2:1.3.3-1+b2) ...
Removing libxext6:armhf (2:1.3.3-1+b2) ...
Removing libzstd1:armhf (1.3.8+dfsg-3) ...
Removing ucf (3.0038+nmu1) ...
Removing x11-common (1:7.7+19) ...
invoke-rc.d: could not determine current runlevel
All runlevel operations denied by policy
invoke-rc.d: policy-rc.d denied execution of stop.
Removing libqtcore4:armhf (4:4.8.7+dfsg-18) ...
Removing libglib2.0-0:armhf (2.58.3-2) ...
Removing libmount1:armhf (2.33.1-0.1) ...
Removing libblkid1:armhf (2.33.1-0.1) ...
Removing libx11-6:armhf (2:1.6.7-1) ...
Removing libxcb1:armhf (1.13.1-2) ...
Removing libxdmcp6:armhf (1:1.1.2-3) ...
Removing libbsd0:armhf (0.9.1-2) ...
Removing libx11-6:amd64 (2:1.6.7-1) ...
Removing libxcb1:amd64 (1.13.1-2) ...
Removing libxdmcp6:amd64 (1:1.1.2-3) ...
Removing zlib1g:armhf (1:1.2.11.dfsg-1) ...
Removing libffi6:armhf (3.2.1-9) ...
Removing libgcrypt20:armhf (1.8.4-5) ...
Removing libgpg-error0:armhf (1.35-1) ...
Removing libselinux1:armhf (2.8-1+b1) ...
Removing libpcre3:armhf (2:8.39-12) ...
Removing libuuid1:armhf (2.33.1-0.1) ...
Removing libx11-data (2:1.6.7-1) ...
Removing libxau6:armhf (1:1.0.8-1+b2) ...
Removing libxau6:amd64 (1:1.0.8-1+b2) ...
Removing qtcore4-l10n (4:4.8.7+dfsg-18) ...
Removing libstdc++6:armhf (8.3.0-7) ...
Removing libgcc1:armhf (1:8.3.0-7) ...
Removing dh-autoreconf (19) ...
Removing debhelper (12.1.1) ...
Removing dh-strip-nondeterminism (1.1.2-1) ...
Removing automake (1:1.16.1-4) ...
Removing autoconf (2.69-11) ...
Removing autopoint (0.19.8.1-9) ...
Removing libtool (2.4.6-10) ...
Removing autotools-dev (20180224.1) ...
Removing man-db (2.8.5-2) ...
Removing bsdmainutils (11.1.2+b1) ...
Removing dwz (0.12-3) ...
Removing file (1:5.35-4) ...
Removing gcc-8-base:armhf (8.3.0-7) ...
Removing po-debconf (1.0.21) ...
Removing intltool-debian (0.35.0+20060710.5) ...
Removing gettext (0.19.8.1-9) ...
Removing gettext-base (0.19.8.1-9) ...
Removing groff-base (1.22.4-3) ...
Removing libfile-stripnondeterminism-perl (1.1.2-1) ...
Removing libarchive-zip-perl (1.64-1) ...
Removing libbsd0:amd64 (0.9.1-2) ...
Removing libc6:armhf (2.28-10) ...
Removing libcroco3:amd64 (0.6.12-3) ...
Removing libglib2.0-0:amd64 (2.58.3-2) ...
Removing libxml2:amd64 (2.9.4+dfsg1-7+b3) ...
Removing libicu63:amd64 (63.2-2) ...
Removing libmagic1:amd64 (1:5.35-4) ...
Removing libmagic-mgc (1:5.35-4) ...
Removing libncurses6:amd64 (6.1+20181013-2) ...
Removing libpipeline1:amd64 (1.5.1-2) ...
Removing m4 (1.4.18-2) ...
Removing libsigsegv2:amd64 (2.12-2) ...
Removing libuchardet0:amd64 (0.0.6-3) ...
Processing triggers for ccache (3.7.1-1) ...
Updating symlinks in /usr/lib/ccache ...
Processing triggers for libc-bin (2.28-10) ...
(Reading database ... 12553 files and directories currently installed.)
Purging configuration files for graphviz (2.40.1-6) ...
Purging configuration files for fontconfig (2.13.1-2) ...
Purging configuration files for mime-support (3.62) ...
Purging configuration files for libglib2.0-0:amd64 (2.58.3-2) ...
Purging configuration files for libglib2.0-0:armhf (2.58.3-2) ...
Purging configuration files for fontconfig-config (2.13.1-2) ...
Purging configuration files for libssl1.1:amd64 (1.1.1c-1) ...
Purging configuration files for libssl1.1:armhf (1.1.1c-1) ...
Purging configuration files for x11-common (1:7.7+19) ...
Purging configuration files for libmagic1:amd64 (1:5.35-4) ...
Purging configuration files for python3 (3.7.3-1) ...
Purging configuration files for man-db (2.8.5-2) ...
Purging configuration files for libpython3.7-minimal:amd64 (3.7.3-2) ...
Purging configuration files for libxml-sax-perl (1.00+dfsg-1) ...
Purging configuration files for cross-config (2.6.15-3) ...
Purging configuration files for bsdmainutils (11.1.2+b1) ...
Purging configuration files for libgvc6 (2.40.1-6) ...
Purging configuration files for libgssapi-krb5-2:amd64 (1.17-3) ...
Purging configuration files for libgssapi-krb5-2:armhf (1.17-3) ...
Purging configuration files for pkg-config (0.29-6) ...
Purging configuration files for fonts-dejavu-core (2.37-1) ...
dpkg: warning: while removing fonts-dejavu-core, directory '/usr/share/fonts/truetype/dejavu' not empty so not removed
Purging configuration files for ucf (3.0038+nmu1) ...
Purging configuration files for python3.7-minimal (3.7.3-2) ...
Purging configuration files for autoconf (2.69-11) ...
Purging configuration files for libc6:armhf (2.28-10) ...
Purging configuration files for groff-base (1.22.4-3) ...
Purging configuration files for procps (2:3.3.15-2) ...
Purging configuration files for cmake-data (3.13.4-1) ...
Purging configuration files for dpkg-cross (2.6.15-3) ...
Purging configuration files for libdebian-dpkgcross-perl (2.6.15-3) ...
E: Build failure (dpkg-buildpackage died)

+------------------------------------------------------------------------------+
| Summary                                                                      |
+------------------------------------------------------------------------------+

Build Architecture: amd64
Build Profiles: cross nocheck
Build Type: any
Build-Space: n/a
Build-Time: 8
Distribution: unstable-amd64-sbuild
Fail-Stage: build
Foreign Architectures: armhf
Host Architecture: armhf
Install-Time: 39
Job: /home/build/sbuild-setup/repo/pool/main/s/soprano/soprano_2.9.4+dfsg-5.dsc
Machine Architecture: amd64
Package: soprano
Package-Time: 51
Source-Version: 2.9.4+dfsg-5
Space: n/a
Status: attempted
Version: 2.9.4+dfsg-5
--------------------------------------------------------------------------------
Finished at 2019-07-02T20:17:09Z
Build needed 00:00:51, no disk space
