sbuild (Debian sbuild) 0.78.1 (09 February 2019) on 36857dea695f

+==============================================================================+
| tth 4.12+ds-2 (armhf)                        Thu, 07 Mar 2019 07:13:33 +0000 |
+==============================================================================+

Package: tth
Version: 4.12+ds-2
Source Version: 4.12+ds-2
Distribution: unstable-amd64-sbuild
Machine Architecture: amd64
Host Architecture: armhf
Build Architecture: amd64
Build Profiles: cross nocheck
Build Type: any

I: NOTICE: Log filtering will replace 'var/run/schroot/mount/unstable-amd64-sbuild-1f3e9e6b-8b16-4597-8017-90df91c95474' with '<<CHROOT>>'
I: NOTICE: Log filtering will replace 'build/tth-pFzxhe/resolver-0zjZId' with '<<RESOLVERDIR>>'

+------------------------------------------------------------------------------+
| Update chroot                                                                |
+------------------------------------------------------------------------------+

Hit:1 http://cdn-fastly.deb.debian.org/debian sid InRelease
Reading package lists...
Reading package lists...
Building dependency tree...
Reading state information...
Calculating upgrade...
The following packages were automatically installed and are no longer required:
  libauthen-sasl-perl libdata-dump-perl libfont-afm-perl libhtml-form-perl
  libhtml-format-perl libhttp-daemon-perl libmailtools-perl
  libnet-smtp-ssl-perl libyaml-0-2 libyaml-libyaml-perl uuid-runtime
Use 'apt autoremove' to remove them.
0 upgraded, 0 newly installed, 0 to remove and 0 not upgraded.

+------------------------------------------------------------------------------+
| Fetch source files                                                           |
+------------------------------------------------------------------------------+


Local sources
-------------

/home/build/sbuild-setup/repo/pool/main/t/tth/tth_4.12+ds-2.dsc exists in /home/build/sbuild-setup/repo/pool/main/t/tth; copying to chroot
I: NOTICE: Log filtering will replace 'build/tth-pFzxhe/tth-4.12+ds' with '<<PKGBUILDDIR>>'
I: NOTICE: Log filtering will replace 'build/tth-pFzxhe' with '<<BUILDDIR>>'

+------------------------------------------------------------------------------+
| Install package build dependencies                                           |
+------------------------------------------------------------------------------+


Setup apt archive
-----------------

Merged Build-Depends: debhelper (>= 11), flex, texlive-latex-recommended, texlive-fonts-recommended, texlive-latex-extra, build-essential:amd64, fakeroot:amd64, crossbuild-essential-armhf:amd64, libc-dev:armhf, libstdc++-dev:armhf
Filtered Build-Depends: debhelper (>= 11), flex, texlive-latex-recommended, texlive-fonts-recommended, texlive-latex-extra, build-essential:amd64, fakeroot:amd64, crossbuild-essential-armhf:amd64, libc-dev:armhf, libstdc++-dev:armhf
dpkg-deb: building package 'sbuild-build-depends-main-dummy' in '/<<RESOLVERDIR>>/apt_archive/sbuild-build-depends-main-dummy.deb'.
Ign:1 copy:/<<RESOLVERDIR>>/apt_archive ./ InRelease
Get:2 copy:/<<RESOLVERDIR>>/apt_archive ./ Release [957 B]
Ign:3 copy:/<<RESOLVERDIR>>/apt_archive ./ Release.gpg
Get:4 copy:/<<RESOLVERDIR>>/apt_archive ./ Sources [425 B]
Get:5 copy:/<<RESOLVERDIR>>/apt_archive ./ Packages [516 B]
Fetched 1898 B in 0s (134 kB/s)
Reading package lists...
Reading package lists...

Install main build dependencies (apt-based resolver)
----------------------------------------------------

Installing build dependencies
Reading package lists...
Building dependency tree...
Reading state information...
The following packages were automatically installed and are no longer required:
  libauthen-sasl-perl libdata-dump-perl libfont-afm-perl libhtml-form-perl
  libhtml-format-perl libhttp-daemon-perl libmailtools-perl
  libnet-smtp-ssl-perl libyaml-0-2 libyaml-libyaml-perl uuid-runtime
Use 'apt autoremove' to remove them.
The following additional packages will be installed:
  autoconf automake autopoint autotools-dev bsdmainutils debhelper
  dh-autoreconf dh-strip-nondeterminism dwz flex fontconfig-config
  fonts-dejavu-core fonts-lmodern gcc-8-base:armhf gettext gettext-base
  groff-base intltool-debian libarchive-zip-perl libasan5:armhf
  libatomic1:armhf libavahi-client3 libavahi-common-data libavahi-common3
  libbrotli1 libbsd0 libc6:armhf libc6-dev:armhf libcairo2 libcroco3 libcups2
  libcupsimage2 libdbus-1-3 libelf1 libfile-stripnondeterminism-perl
  libfontconfig1 libfreetype6 libgcc-8-dev:armhf libgcc1:armhf libglib2.0-0
  libgomp1:armhf libgraphite2-3 libgs9 libgs9-common libgssapi-krb5-2
  libharfbuzz-icu0 libharfbuzz0b libice6 libidn11 libijs-0.35 libjbig0
  libjbig2dec0 libjpeg62-turbo libk5crypto3 libkeyutils1 libkpathsea6
  libkrb5-3 libkrb5support0 liblcms2-2 libncurses6 libopenjp2-7 libpaper-utils
  libpaper1 libpipeline1 libpixman-1-0 libpng16-16 libpotrace0 libptexenc1
  libpython-stdlib libpython2-stdlib libpython2.7-minimal libpython2.7-stdlib
  libsigsegv2 libsm6 libstdc++-8-dev:armhf libstdc++6:armhf libsynctex2
  libteckit0 libtexlua52 libtexlua53 libtexluajit2 libtiff5 libtool
  libubsan1:armhf libuchardet0 libwebp6 libwoff1 libx11-6 libx11-data libxau6
  libxaw7 libxcb-render0 libxcb-shm0 libxcb1 libxdmcp6 libxext6 libxi6 libxmu6
  libxpm4 libxrender1 libxt6 libxxhash0 libzzip-0-13 linux-libc-dev:armhf m4
  man-db mime-support po-debconf poppler-data preview-latex-style python
  python-minimal python2 python2-minimal python2.7 python2.7-minimal t1utils
  tex-common texlive-base texlive-binaries texlive-fonts-recommended
  texlive-latex-base texlive-latex-extra texlive-latex-recommended
  texlive-pictures x11-common xdg-utils
Suggested packages:
  autoconf-archive gnu-standards autoconf-doc wamerican | wordlist whois
  vacation dh-make bison flex-doc gettext-doc libasprintf-dev libgettextpo-dev
  groff glibc-doc:armhf libc-l10n:armhf locales:armhf manpages-dev:armhf
  cups-common krb5-doc krb5-user liblcms2-utils libstdc++-8-doc:armhf
  libtool-doc gfortran | fortran95-compiler gcj-jdk m4-doc apparmor less
  www-browser libmail-box-perl poppler-utils ghostscript fonts-japanese-mincho
  | fonts-ipafont-mincho fonts-japanese-gothic | fonts-ipafont-gothic
  fonts-arphic-ukai fonts-arphic-uming fonts-nanum python-doc python-tk
  python2-doc python2.7-doc binfmt-support gv | postscript-viewer perl-tk
  xpdf-reader | pdf-viewer texlive-fonts-recommended-doc
  texlive-latex-base-doc python-pygments icc-profiles
  libspreadsheet-parseexcel-perl texlive-latex-extra-doc
  texlive-latex-recommended-doc texlive-pstricks dot2tex prerex ruby-tcltk
  | libtcltk-ruby texlive-pictures-doc vprerex
Recommended packages:
  libfl-dev curl | wget | lynx libidn2-0:armhf libcupsfilters1 dbus
  libarchive-cpio-perl libglib2.0-data shared-mime-info xdg-user-dirs
  fonts-droid-fallback krb5-locales libgpm2 libltdl-dev libmail-sendmail-perl
  lmodern tex-gyre tipa texlive-plain-generic ruby | ruby-interpreter tk
  libfile-mimeinfo-perl libnet-dbus-perl libx11-protocol-perl x11-utils
  x11-xserver-utils
The following NEW packages will be installed:
  autoconf automake autopoint autotools-dev bsdmainutils debhelper
  dh-autoreconf dh-strip-nondeterminism dwz flex fontconfig-config
  fonts-dejavu-core fonts-lmodern gcc-8-base:armhf gettext gettext-base
  groff-base intltool-debian libarchive-zip-perl libasan5:armhf
  libatomic1:armhf libavahi-client3 libavahi-common-data libavahi-common3
  libbrotli1 libbsd0 libc6:armhf libc6-dev:armhf libcairo2 libcroco3 libcups2
  libcupsimage2 libdbus-1-3 libelf1 libfile-stripnondeterminism-perl
  libfontconfig1 libfreetype6 libgcc-8-dev:armhf libgcc1:armhf libglib2.0-0
  libgomp1:armhf libgraphite2-3 libgs9 libgs9-common libgssapi-krb5-2
  libharfbuzz-icu0 libharfbuzz0b libice6 libidn11 libijs-0.35 libjbig0
  libjbig2dec0 libjpeg62-turbo libk5crypto3 libkeyutils1 libkpathsea6
  libkrb5-3 libkrb5support0 liblcms2-2 libncurses6 libopenjp2-7 libpaper-utils
  libpaper1 libpipeline1 libpixman-1-0 libpng16-16 libpotrace0 libptexenc1
  libpython-stdlib libpython2-stdlib libpython2.7-minimal libpython2.7-stdlib
  libsigsegv2 libsm6 libstdc++-8-dev:armhf libstdc++6:armhf libsynctex2
  libteckit0 libtexlua52 libtexlua53 libtexluajit2 libtiff5 libtool
  libubsan1:armhf libuchardet0 libwebp6 libwoff1 libx11-6 libx11-data libxau6
  libxaw7 libxcb-render0 libxcb-shm0 libxcb1 libxdmcp6 libxext6 libxi6 libxmu6
  libxpm4 libxrender1 libxt6 libxxhash0 libzzip-0-13 linux-libc-dev:armhf m4
  man-db mime-support po-debconf poppler-data preview-latex-style python
  python-minimal python2 python2-minimal python2.7 python2.7-minimal
  sbuild-build-depends-main-dummy:armhf t1utils tex-common texlive-base
  texlive-binaries texlive-fonts-recommended texlive-latex-base
  texlive-latex-extra texlive-latex-recommended texlive-pictures x11-common
  xdg-utils
0 upgraded, 128 newly installed, 0 to remove and 0 not upgraded.
Need to get 93.3 MB/123 MB of archives.
After this operation, 427 MB of additional disk space will be used.
Get:1 copy:/<<RESOLVERDIR>>/apt_archive ./ sbuild-build-depends-main-dummy 0.invalid.0 [940 B]
Get:2 http://cdn-fastly.deb.debian.org/debian sid/main amd64 libpython2.7-minimal amd64 2.7.16-1 [394 kB]
Get:3 http://cdn-fastly.deb.debian.org/debian sid/main amd64 python2.7-minimal amd64 2.7.16-1 [1368 kB]
Get:4 http://cdn-fastly.deb.debian.org/debian sid/main amd64 python2-minimal amd64 2.7.16-1 [41.4 kB]
Get:5 http://cdn-fastly.deb.debian.org/debian sid/main amd64 python-minimal amd64 2.7.16-1 [21.0 kB]
Get:6 http://cdn-fastly.deb.debian.org/debian sid/main amd64 libpython2.7-stdlib amd64 2.7.16-1 [1911 kB]
Get:7 http://cdn-fastly.deb.debian.org/debian sid/main amd64 python2.7 amd64 2.7.16-1 [304 kB]
Get:8 http://cdn-fastly.deb.debian.org/debian sid/main amd64 libpython2-stdlib amd64 2.7.16-1 [20.8 kB]
Get:9 http://cdn-fastly.deb.debian.org/debian sid/main amd64 libpython-stdlib amd64 2.7.16-1 [20.8 kB]
Get:10 http://cdn-fastly.deb.debian.org/debian sid/main amd64 python2 amd64 2.7.16-1 [41.6 kB]
Get:11 http://cdn-fastly.deb.debian.org/debian sid/main amd64 python amd64 2.7.16-1 [22.8 kB]
Get:12 http://cdn-fastly.deb.debian.org/debian sid/main amd64 poppler-data all 0.4.9-2 [1473 kB]
Get:13 http://cdn-fastly.deb.debian.org/debian sid/main amd64 tex-common all 6.11 [53.1 kB]
Get:14 http://cdn-fastly.deb.debian.org/debian sid/main amd64 fonts-lmodern all 2.004.5-6 [4539 kB]
Get:15 http://cdn-fastly.deb.debian.org/debian sid/main amd64 libcupsimage2 amd64 2.2.10-4 [132 kB]
Get:16 http://cdn-fastly.deb.debian.org/debian sid/main amd64 libgs9-common all 9.26a~dfsg-2 [5136 kB]
Get:17 http://cdn-fastly.deb.debian.org/debian sid/main amd64 libijs-0.35 amd64 0.35-13 [18.5 kB]
Get:18 http://cdn-fastly.deb.debian.org/debian sid/main amd64 libjbig2dec0 amd64 0.15-2 [61.7 kB]
Get:19 http://cdn-fastly.deb.debian.org/debian sid/main amd64 libpaper1 amd64 1.1.26 [20.8 kB]
Get:20 http://cdn-fastly.deb.debian.org/debian sid/main amd64 libgs9 amd64 9.26a~dfsg-2 [2198 kB]
Get:21 http://cdn-fastly.deb.debian.org/debian sid/main amd64 libharfbuzz-icu0 amd64 2.3.1-1 [834 kB]
Get:22 http://cdn-fastly.deb.debian.org/debian sid/main amd64 libkpathsea6 amd64 2018.20181218.49446-2 [167 kB]
Get:23 http://cdn-fastly.deb.debian.org/debian sid/main amd64 libpaper-utils amd64 1.1.26 [17.9 kB]
Get:24 http://cdn-fastly.deb.debian.org/debian sid/main amd64 libpotrace0 amd64 1.15-1 [26.3 kB]
Get:25 http://cdn-fastly.deb.debian.org/debian sid/main amd64 libptexenc1 amd64 2018.20181218.49446-2 [61.2 kB]
Get:26 http://cdn-fastly.deb.debian.org/debian sid/main amd64 libsynctex2 amd64 2018.20181218.49446-2 [80.7 kB]
Get:27 http://cdn-fastly.deb.debian.org/debian sid/main amd64 libteckit0 amd64 2.5.8+ds2-5 [318 kB]
Get:28 http://cdn-fastly.deb.debian.org/debian sid/main amd64 libtexlua52 amd64 2018.20181218.49446-2 [113 kB]
Get:29 http://cdn-fastly.deb.debian.org/debian sid/main amd64 libtexlua53 amd64 2018.20181218.49446-2 [126 kB]
Get:30 http://cdn-fastly.deb.debian.org/debian sid/main amd64 libtexluajit2 amd64 2018.20181218.49446-2 [256 kB]
Get:31 http://cdn-fastly.deb.debian.org/debian sid/main amd64 libxxhash0 amd64 0.6.5-3 [7188 B]
Get:32 http://cdn-fastly.deb.debian.org/debian sid/main amd64 libzzip-0-13 amd64 0.13.62-3.1 [55.4 kB]
Get:33 http://cdn-fastly.deb.debian.org/debian sid/main amd64 preview-latex-style all 11.91-2 [201 kB]
Get:34 http://cdn-fastly.deb.debian.org/debian sid/main amd64 t1utils amd64 1.41-3 [62.3 kB]
Get:35 http://cdn-fastly.deb.debian.org/debian sid/main amd64 texlive-binaries amd64 2018.20181218.49446-2 [11.4 MB]
Get:36 http://cdn-fastly.deb.debian.org/debian sid/main amd64 xdg-utils all 1.1.3-1 [73.3 kB]
Get:37 http://cdn-fastly.deb.debian.org/debian sid/main amd64 texlive-base all 2018.20190227-2 [19.7 MB]
Get:38 http://cdn-fastly.deb.debian.org/debian sid/main amd64 texlive-fonts-recommended all 2018.20190227-2 [5228 kB]
Get:39 http://cdn-fastly.deb.debian.org/debian sid/main amd64 texlive-latex-base all 2018.20190227-2 [984 kB]
Get:40 http://cdn-fastly.deb.debian.org/debian sid/main amd64 texlive-latex-recommended all 2018.20190227-2 [15.2 MB]
Get:41 http://cdn-fastly.deb.debian.org/debian sid/main amd64 texlive-pictures all 2018.20190227-2 [8201 kB]
Get:42 http://cdn-fastly.deb.debian.org/debian sid/main amd64 texlive-latex-extra all 2018.20190227-1 [12.3 MB]
debconf: delaying package configuration, since apt-utils is not installed
Fetched 93.3 MB in 10s (9167 kB/s)
Selecting previously unselected package libbsd0:amd64.
(Reading database ... 16441 files and directories currently installed.)
Preparing to unpack .../00-libbsd0_0.9.1-2_amd64.deb ...
Unpacking libbsd0:amd64 (0.9.1-2) ...
Selecting previously unselected package bsdmainutils.
Preparing to unpack .../01-bsdmainutils_11.1.2+b1_amd64.deb ...
Unpacking bsdmainutils (11.1.2+b1) ...
Selecting previously unselected package libuchardet0:amd64.
Preparing to unpack .../02-libuchardet0_0.0.6-3_amd64.deb ...
Unpacking libuchardet0:amd64 (0.0.6-3) ...
Selecting previously unselected package groff-base.
Preparing to unpack .../03-groff-base_1.22.4-3_amd64.deb ...
Unpacking groff-base (1.22.4-3) ...
Selecting previously unselected package libpipeline1:amd64.
Preparing to unpack .../04-libpipeline1_1.5.1-2_amd64.deb ...
Unpacking libpipeline1:amd64 (1.5.1-2) ...
Selecting previously unselected package man-db.
Preparing to unpack .../05-man-db_2.8.5-2_amd64.deb ...
Unpacking man-db (2.8.5-2) ...
Selecting previously unselected package libpython2.7-minimal:amd64.
Preparing to unpack .../06-libpython2.7-minimal_2.7.16-1_amd64.deb ...
Unpacking libpython2.7-minimal:amd64 (2.7.16-1) ...
Selecting previously unselected package python2.7-minimal.
Preparing to unpack .../07-python2.7-minimal_2.7.16-1_amd64.deb ...
Unpacking python2.7-minimal (2.7.16-1) ...
Selecting previously unselected package python2-minimal.
Preparing to unpack .../08-python2-minimal_2.7.16-1_amd64.deb ...
Unpacking python2-minimal (2.7.16-1) ...
Selecting previously unselected package python-minimal.
Preparing to unpack .../09-python-minimal_2.7.16-1_amd64.deb ...
Unpacking python-minimal (2.7.16-1) ...
Selecting previously unselected package mime-support.
Preparing to unpack .../10-mime-support_3.62_all.deb ...
Unpacking mime-support (3.62) ...
Selecting previously unselected package libpython2.7-stdlib:amd64.
Preparing to unpack .../11-libpython2.7-stdlib_2.7.16-1_amd64.deb ...
Unpacking libpython2.7-stdlib:amd64 (2.7.16-1) ...
Selecting previously unselected package python2.7.
Preparing to unpack .../12-python2.7_2.7.16-1_amd64.deb ...
Unpacking python2.7 (2.7.16-1) ...
Selecting previously unselected package libpython2-stdlib:amd64.
Preparing to unpack .../13-libpython2-stdlib_2.7.16-1_amd64.deb ...
Unpacking libpython2-stdlib:amd64 (2.7.16-1) ...
Selecting previously unselected package libpython-stdlib:amd64.
Preparing to unpack .../14-libpython-stdlib_2.7.16-1_amd64.deb ...
Unpacking libpython-stdlib:amd64 (2.7.16-1) ...
Setting up libpython2.7-minimal:amd64 (2.7.16-1) ...
Setting up python2.7-minimal (2.7.16-1) ...
Setting up python2-minimal (2.7.16-1) ...
Selecting previously unselected package python2.
(Reading database ... 17860 files and directories currently installed.)
Preparing to unpack .../python2_2.7.16-1_amd64.deb ...
Unpacking python2 (2.7.16-1) ...
Setting up python-minimal (2.7.16-1) ...
Selecting previously unselected package python.
(Reading database ... 17891 files and directories currently installed.)
Preparing to unpack .../000-python_2.7.16-1_amd64.deb ...
Unpacking python (2.7.16-1) ...
Selecting previously unselected package libsigsegv2:amd64.
Preparing to unpack .../001-libsigsegv2_2.12-2_amd64.deb ...
Unpacking libsigsegv2:amd64 (2.12-2) ...
Selecting previously unselected package m4.
Preparing to unpack .../002-m4_1.4.18-2_amd64.deb ...
Unpacking m4 (1.4.18-2) ...
Selecting previously unselected package flex.
Preparing to unpack .../003-flex_2.6.4-6.2_amd64.deb ...
Unpacking flex (2.6.4-6.2) ...
Selecting previously unselected package poppler-data.
Preparing to unpack .../004-poppler-data_0.4.9-2_all.deb ...
Unpacking poppler-data (0.4.9-2) ...
Selecting previously unselected package tex-common.
Preparing to unpack .../005-tex-common_6.11_all.deb ...
Unpacking tex-common (6.11) ...
Selecting previously unselected package gettext-base.
Preparing to unpack .../006-gettext-base_0.19.8.1-9_amd64.deb ...
Unpacking gettext-base (0.19.8.1-9) ...
Selecting previously unselected package autoconf.
Preparing to unpack .../007-autoconf_2.69-11_all.deb ...
Unpacking autoconf (2.69-11) ...
Selecting previously unselected package autotools-dev.
Preparing to unpack .../008-autotools-dev_20180224.1_all.deb ...
Unpacking autotools-dev (20180224.1) ...
Selecting previously unselected package automake.
Preparing to unpack .../009-automake_1%3a1.16.1-4_all.deb ...
Unpacking automake (1:1.16.1-4) ...
Selecting previously unselected package autopoint.
Preparing to unpack .../010-autopoint_0.19.8.1-9_all.deb ...
Unpacking autopoint (0.19.8.1-9) ...
Selecting previously unselected package libtool.
Preparing to unpack .../011-libtool_2.4.6-10_all.deb ...
Unpacking libtool (2.4.6-10) ...
Selecting previously unselected package dh-autoreconf.
Preparing to unpack .../012-dh-autoreconf_19_all.deb ...
Unpacking dh-autoreconf (19) ...
Selecting previously unselected package libarchive-zip-perl.
Preparing to unpack .../013-libarchive-zip-perl_1.64-1_all.deb ...
Unpacking libarchive-zip-perl (1.64-1) ...
Selecting previously unselected package libfile-stripnondeterminism-perl.
Preparing to unpack .../014-libfile-stripnondeterminism-perl_1.1.1-1_all.deb ...
Unpacking libfile-stripnondeterminism-perl (1.1.1-1) ...
Selecting previously unselected package dh-strip-nondeterminism.
Preparing to unpack .../015-dh-strip-nondeterminism_1.1.1-1_all.deb ...
Unpacking dh-strip-nondeterminism (1.1.1-1) ...
Selecting previously unselected package libelf1:amd64.
Preparing to unpack .../016-libelf1_0.176-1_amd64.deb ...
Unpacking libelf1:amd64 (0.176-1) ...
Selecting previously unselected package dwz.
Preparing to unpack .../017-dwz_0.12-3_amd64.deb ...
Unpacking dwz (0.12-3) ...
Selecting previously unselected package libglib2.0-0:amd64.
Preparing to unpack .../018-libglib2.0-0_2.58.3-1_amd64.deb ...
Unpacking libglib2.0-0:amd64 (2.58.3-1) ...
Selecting previously unselected package libcroco3:amd64.
Preparing to unpack .../019-libcroco3_0.6.12-3_amd64.deb ...
Unpacking libcroco3:amd64 (0.6.12-3) ...
Selecting previously unselected package libncurses6:amd64.
Preparing to unpack .../020-libncurses6_6.1+20181013-2_amd64.deb ...
Unpacking libncurses6:amd64 (6.1+20181013-2) ...
Selecting previously unselected package gettext.
Preparing to unpack .../021-gettext_0.19.8.1-9_amd64.deb ...
Unpacking gettext (0.19.8.1-9) ...
Selecting previously unselected package intltool-debian.
Preparing to unpack .../022-intltool-debian_0.35.0+20060710.5_all.deb ...
Unpacking intltool-debian (0.35.0+20060710.5) ...
Selecting previously unselected package po-debconf.
Preparing to unpack .../023-po-debconf_1.0.21_all.deb ...
Unpacking po-debconf (1.0.21) ...
Selecting previously unselected package debhelper.
Preparing to unpack .../024-debhelper_12.1.1_all.deb ...
Unpacking debhelper (12.1.1) ...
Selecting previously unselected package fonts-dejavu-core.
Preparing to unpack .../025-fonts-dejavu-core_2.37-1_all.deb ...
Unpacking fonts-dejavu-core (2.37-1) ...
Selecting previously unselected package fontconfig-config.
Preparing to unpack .../026-fontconfig-config_2.13.1-2_all.deb ...
Unpacking fontconfig-config (2.13.1-2) ...
Selecting previously unselected package fonts-lmodern.
Preparing to unpack .../027-fonts-lmodern_2.004.5-6_all.deb ...
Unpacking fonts-lmodern (2.004.5-6) ...
Selecting previously unselected package gcc-8-base:armhf.
Preparing to unpack .../028-gcc-8-base_8.3.0-2_armhf.deb ...
Unpacking gcc-8-base:armhf (8.3.0-2) ...
Selecting previously unselected package libgcc1:armhf.
Preparing to unpack .../029-libgcc1_1%3a8.3.0-2_armhf.deb ...
Unpacking libgcc1:armhf (1:8.3.0-2) ...
Selecting previously unselected package libc6:armhf.
Preparing to unpack .../030-libc6_2.28-8_armhf.deb ...
Unpacking libc6:armhf (2.28-8) ...
Selecting previously unselected package libstdc++6:armhf.
Preparing to unpack .../031-libstdc++6_8.3.0-2_armhf.deb ...
Unpacking libstdc++6:armhf (8.3.0-2) ...
Selecting previously unselected package libasan5:armhf.
Preparing to unpack .../032-libasan5_8.3.0-2_armhf.deb ...
Unpacking libasan5:armhf (8.3.0-2) ...
Selecting previously unselected package libatomic1:armhf.
Preparing to unpack .../033-libatomic1_8.3.0-2_armhf.deb ...
Unpacking libatomic1:armhf (8.3.0-2) ...
Selecting previously unselected package libavahi-common-data:amd64.
Preparing to unpack .../034-libavahi-common-data_0.7-4+b1_amd64.deb ...
Unpacking libavahi-common-data:amd64 (0.7-4+b1) ...
Selecting previously unselected package libavahi-common3:amd64.
Preparing to unpack .../035-libavahi-common3_0.7-4+b1_amd64.deb ...
Unpacking libavahi-common3:amd64 (0.7-4+b1) ...
Selecting previously unselected package libdbus-1-3:amd64.
Preparing to unpack .../036-libdbus-1-3_1.12.12-1_amd64.deb ...
Unpacking libdbus-1-3:amd64 (1.12.12-1) ...
Selecting previously unselected package libavahi-client3:amd64.
Preparing to unpack .../037-libavahi-client3_0.7-4+b1_amd64.deb ...
Unpacking libavahi-client3:amd64 (0.7-4+b1) ...
Selecting previously unselected package libbrotli1:amd64.
Preparing to unpack .../038-libbrotli1_1.0.7-2_amd64.deb ...
Unpacking libbrotli1:amd64 (1.0.7-2) ...
Selecting previously unselected package linux-libc-dev:armhf.
Preparing to unpack .../039-linux-libc-dev_4.19.20-1_armhf.deb ...
Unpacking linux-libc-dev:armhf (4.19.20-1) ...
Selecting previously unselected package libc6-dev:armhf.
Preparing to unpack .../040-libc6-dev_2.28-8_armhf.deb ...
Unpacking libc6-dev:armhf (2.28-8) ...
Selecting previously unselected package libpng16-16:amd64.
Preparing to unpack .../041-libpng16-16_1.6.36-5_amd64.deb ...
Unpacking libpng16-16:amd64 (1.6.36-5) ...
Selecting previously unselected package libfreetype6:amd64.
Preparing to unpack .../042-libfreetype6_2.9.1-3_amd64.deb ...
Unpacking libfreetype6:amd64 (2.9.1-3) ...
Selecting previously unselected package libfontconfig1:amd64.
Preparing to unpack .../043-libfontconfig1_2.13.1-2_amd64.deb ...
Unpacking libfontconfig1:amd64 (2.13.1-2) ...
Selecting previously unselected package libpixman-1-0:amd64.
Preparing to unpack .../044-libpixman-1-0_0.36.0-1_amd64.deb ...
Unpacking libpixman-1-0:amd64 (0.36.0-1) ...
Selecting previously unselected package libxau6:amd64.
Preparing to unpack .../045-libxau6_1%3a1.0.8-1+b2_amd64.deb ...
Unpacking libxau6:amd64 (1:1.0.8-1+b2) ...
Selecting previously unselected package libxdmcp6:amd64.
Preparing to unpack .../046-libxdmcp6_1%3a1.1.2-3_amd64.deb ...
Unpacking libxdmcp6:amd64 (1:1.1.2-3) ...
Selecting previously unselected package libxcb1:amd64.
Preparing to unpack .../047-libxcb1_1.13.1-2_amd64.deb ...
Unpacking libxcb1:amd64 (1.13.1-2) ...
Selecting previously unselected package libx11-data.
Preparing to unpack .../048-libx11-data_2%3a1.6.7-1_all.deb ...
Unpacking libx11-data (2:1.6.7-1) ...
Selecting previously unselected package libx11-6:amd64.
Preparing to unpack .../049-libx11-6_2%3a1.6.7-1_amd64.deb ...
Unpacking libx11-6:amd64 (2:1.6.7-1) ...
Selecting previously unselected package libxcb-render0:amd64.
Preparing to unpack .../050-libxcb-render0_1.13.1-2_amd64.deb ...
Unpacking libxcb-render0:amd64 (1.13.1-2) ...
Selecting previously unselected package libxcb-shm0:amd64.
Preparing to unpack .../051-libxcb-shm0_1.13.1-2_amd64.deb ...
Unpacking libxcb-shm0:amd64 (1.13.1-2) ...
Selecting previously unselected package libxext6:amd64.
Preparing to unpack .../052-libxext6_2%3a1.3.3-1+b2_amd64.deb ...
Unpacking libxext6:amd64 (2:1.3.3-1+b2) ...
Selecting previously unselected package libxrender1:amd64.
Preparing to unpack .../053-libxrender1_1%3a0.9.10-1_amd64.deb ...
Unpacking libxrender1:amd64 (1:0.9.10-1) ...
Selecting previously unselected package libcairo2:amd64.
Preparing to unpack .../054-libcairo2_1.16.0-3_amd64.deb ...
Unpacking libcairo2:amd64 (1.16.0-3) ...
Selecting previously unselected package libkeyutils1:amd64.
Preparing to unpack .../055-libkeyutils1_1.6-6_amd64.deb ...
Unpacking libkeyutils1:amd64 (1.6-6) ...
Selecting previously unselected package libkrb5support0:amd64.
Preparing to unpack .../056-libkrb5support0_1.17-2_amd64.deb ...
Unpacking libkrb5support0:amd64 (1.17-2) ...
Selecting previously unselected package libk5crypto3:amd64.
Preparing to unpack .../057-libk5crypto3_1.17-2_amd64.deb ...
Unpacking libk5crypto3:amd64 (1.17-2) ...
Selecting previously unselected package libkrb5-3:amd64.
Preparing to unpack .../058-libkrb5-3_1.17-2_amd64.deb ...
Unpacking libkrb5-3:amd64 (1.17-2) ...
Selecting previously unselected package libgssapi-krb5-2:amd64.
Preparing to unpack .../059-libgssapi-krb5-2_1.17-2_amd64.deb ...
Unpacking libgssapi-krb5-2:amd64 (1.17-2) ...
Selecting previously unselected package libcups2:amd64.
Preparing to unpack .../060-libcups2_2.2.10-4_amd64.deb ...
Unpacking libcups2:amd64 (2.2.10-4) ...
Selecting previously unselected package libcupsimage2:amd64.
Preparing to unpack .../061-libcupsimage2_2.2.10-4_amd64.deb ...
Unpacking libcupsimage2:amd64 (2.2.10-4) ...
Selecting previously unselected package libgomp1:armhf.
Preparing to unpack .../062-libgomp1_8.3.0-2_armhf.deb ...
Unpacking libgomp1:armhf (8.3.0-2) ...
Selecting previously unselected package libubsan1:armhf.
Preparing to unpack .../063-libubsan1_8.3.0-2_armhf.deb ...
Unpacking libubsan1:armhf (8.3.0-2) ...
Selecting previously unselected package libgcc-8-dev:armhf.
Preparing to unpack .../064-libgcc-8-dev_8.3.0-2_armhf.deb ...
Unpacking libgcc-8-dev:armhf (8.3.0-2) ...
Selecting previously unselected package libgraphite2-3:amd64.
Preparing to unpack .../065-libgraphite2-3_1.3.13-7_amd64.deb ...
Unpacking libgraphite2-3:amd64 (1.3.13-7) ...
Selecting previously unselected package libgs9-common.
Preparing to unpack .../066-libgs9-common_9.26a~dfsg-2_all.deb ...
Unpacking libgs9-common (9.26a~dfsg-2) ...
Selecting previously unselected package libidn11:amd64.
Preparing to unpack .../067-libidn11_1.33-2.2_amd64.deb ...
Unpacking libidn11:amd64 (1.33-2.2) ...
Selecting previously unselected package libijs-0.35:amd64.
Preparing to unpack .../068-libijs-0.35_0.35-13_amd64.deb ...
Unpacking libijs-0.35:amd64 (0.35-13) ...
Selecting previously unselected package libjbig2dec0:amd64.
Preparing to unpack .../069-libjbig2dec0_0.15-2_amd64.deb ...
Unpacking libjbig2dec0:amd64 (0.15-2) ...
Selecting previously unselected package libjpeg62-turbo:amd64.
Preparing to unpack .../070-libjpeg62-turbo_1%3a1.5.2-2+b1_amd64.deb ...
Unpacking libjpeg62-turbo:amd64 (1:1.5.2-2+b1) ...
Selecting previously unselected package liblcms2-2:amd64.
Preparing to unpack .../071-liblcms2-2_2.9-3_amd64.deb ...
Unpacking liblcms2-2:amd64 (2.9-3) ...
Selecting previously unselected package libopenjp2-7:amd64.
Preparing to unpack .../072-libopenjp2-7_2.3.0-1.1_amd64.deb ...
Unpacking libopenjp2-7:amd64 (2.3.0-1.1) ...
Selecting previously unselected package libpaper1:amd64.
Preparing to unpack .../073-libpaper1_1.1.26_amd64.deb ...
Unpacking libpaper1:amd64 (1.1.26) ...
Selecting previously unselected package libjbig0:amd64.
Preparing to unpack .../074-libjbig0_2.1-3.1+b2_amd64.deb ...
Unpacking libjbig0:amd64 (2.1-3.1+b2) ...
Selecting previously unselected package libwebp6:amd64.
Preparing to unpack .../075-libwebp6_0.6.1-2_amd64.deb ...
Unpacking libwebp6:amd64 (0.6.1-2) ...
Selecting previously unselected package libtiff5:amd64.
Preparing to unpack .../076-libtiff5_4.0.10-4_amd64.deb ...
Unpacking libtiff5:amd64 (4.0.10-4) ...
Selecting previously unselected package libgs9:amd64.
Preparing to unpack .../077-libgs9_9.26a~dfsg-2_amd64.deb ...
Unpacking libgs9:amd64 (9.26a~dfsg-2) ...
Selecting previously unselected package libharfbuzz0b:amd64.
Preparing to unpack .../078-libharfbuzz0b_2.3.1-1_amd64.deb ...
Unpacking libharfbuzz0b:amd64 (2.3.1-1) ...
Selecting previously unselected package libharfbuzz-icu0:amd64.
Preparing to unpack .../079-libharfbuzz-icu0_2.3.1-1_amd64.deb ...
Unpacking libharfbuzz-icu0:amd64 (2.3.1-1) ...
Selecting previously unselected package x11-common.
Preparing to unpack .../080-x11-common_1%3a7.7+19_all.deb ...
Unpacking x11-common (1:7.7+19) ...
Selecting previously unselected package libice6:amd64.
Preparing to unpack .../081-libice6_2%3a1.0.9-2_amd64.deb ...
Unpacking libice6:amd64 (2:1.0.9-2) ...
Selecting previously unselected package libkpathsea6:amd64.
Preparing to unpack .../082-libkpathsea6_2018.20181218.49446-2_amd64.deb ...
Unpacking libkpathsea6:amd64 (2018.20181218.49446-2) ...
Selecting previously unselected package libpaper-utils.
Preparing to unpack .../083-libpaper-utils_1.1.26_amd64.deb ...
Unpacking libpaper-utils (1.1.26) ...
Selecting previously unselected package libpotrace0:amd64.
Preparing to unpack .../084-libpotrace0_1.15-1_amd64.deb ...
Unpacking libpotrace0:amd64 (1.15-1) ...
Selecting previously unselected package libptexenc1:amd64.
Preparing to unpack .../085-libptexenc1_2018.20181218.49446-2_amd64.deb ...
Unpacking libptexenc1:amd64 (2018.20181218.49446-2) ...
Selecting previously unselected package libsm6:amd64.
Preparing to unpack .../086-libsm6_2%3a1.2.3-1_amd64.deb ...
Unpacking libsm6:amd64 (2:1.2.3-1) ...
Selecting previously unselected package libstdc++-8-dev:armhf.
Preparing to unpack .../087-libstdc++-8-dev_8.3.0-2_armhf.deb ...
Unpacking libstdc++-8-dev:armhf (8.3.0-2) ...
Selecting previously unselected package libsynctex2:amd64.
Preparing to unpack .../088-libsynctex2_2018.20181218.49446-2_amd64.deb ...
Unpacking libsynctex2:amd64 (2018.20181218.49446-2) ...
Selecting previously unselected package libteckit0:amd64.
Preparing to unpack .../089-libteckit0_2.5.8+ds2-5_amd64.deb ...
Unpacking libteckit0:amd64 (2.5.8+ds2-5) ...
Selecting previously unselected package libtexlua52:amd64.
Preparing to unpack .../090-libtexlua52_2018.20181218.49446-2_amd64.deb ...
Unpacking libtexlua52:amd64 (2018.20181218.49446-2) ...
Selecting previously unselected package libtexlua53:amd64.
Preparing to unpack .../091-libtexlua53_2018.20181218.49446-2_amd64.deb ...
Unpacking libtexlua53:amd64 (2018.20181218.49446-2) ...
Selecting previously unselected package libtexluajit2:amd64.
Preparing to unpack .../092-libtexluajit2_2018.20181218.49446-2_amd64.deb ...
Unpacking libtexluajit2:amd64 (2018.20181218.49446-2) ...
Selecting previously unselected package libwoff1:amd64.
Preparing to unpack .../093-libwoff1_1.0.2-1_amd64.deb ...
Unpacking libwoff1:amd64 (1.0.2-1) ...
Selecting previously unselected package libxt6:amd64.
Preparing to unpack .../094-libxt6_1%3a1.1.5-1_amd64.deb ...
Unpacking libxt6:amd64 (1:1.1.5-1) ...
Selecting previously unselected package libxmu6:amd64.
Preparing to unpack .../095-libxmu6_2%3a1.1.2-2_amd64.deb ...
Unpacking libxmu6:amd64 (2:1.1.2-2) ...
Selecting previously unselected package libxpm4:amd64.
Preparing to unpack .../096-libxpm4_1%3a3.5.12-1_amd64.deb ...
Unpacking libxpm4:amd64 (1:3.5.12-1) ...
Selecting previously unselected package libxaw7:amd64.
Preparing to unpack .../097-libxaw7_2%3a1.0.13-1+b2_amd64.deb ...
Unpacking libxaw7:amd64 (2:1.0.13-1+b2) ...
Selecting previously unselected package libxi6:amd64.
Preparing to unpack .../098-libxi6_2%3a1.7.9-1_amd64.deb ...
Unpacking libxi6:amd64 (2:1.7.9-1) ...
Selecting previously unselected package libxxhash0:amd64.
Preparing to unpack .../099-libxxhash0_0.6.5-3_amd64.deb ...
Unpacking libxxhash0:amd64 (0.6.5-3) ...
Selecting previously unselected package libzzip-0-13:amd64.
Preparing to unpack .../100-libzzip-0-13_0.13.62-3.1_amd64.deb ...
Unpacking libzzip-0-13:amd64 (0.13.62-3.1) ...
Selecting previously unselected package preview-latex-style.
Preparing to unpack .../101-preview-latex-style_11.91-2_all.deb ...
Unpacking preview-latex-style (11.91-2) ...
Selecting previously unselected package t1utils.
Preparing to unpack .../102-t1utils_1.41-3_amd64.deb ...
Unpacking t1utils (1.41-3) ...
Selecting previously unselected package texlive-binaries.
Preparing to unpack .../103-texlive-binaries_2018.20181218.49446-2_amd64.deb ...
Unpacking texlive-binaries (2018.20181218.49446-2) ...
Selecting previously unselected package xdg-utils.
Preparing to unpack .../104-xdg-utils_1.1.3-1_all.deb ...
Unpacking xdg-utils (1.1.3-1) ...
Selecting previously unselected package texlive-base.
Preparing to unpack .../105-texlive-base_2018.20190227-2_all.deb ...
Unpacking texlive-base (2018.20190227-2) ...
Selecting previously unselected package texlive-fonts-recommended.
Preparing to unpack .../106-texlive-fonts-recommended_2018.20190227-2_all.deb ...
Unpacking texlive-fonts-recommended (2018.20190227-2) ...
Selecting previously unselected package texlive-latex-base.
Preparing to unpack .../107-texlive-latex-base_2018.20190227-2_all.deb ...
Unpacking texlive-latex-base (2018.20190227-2) ...
Selecting previously unselected package texlive-latex-recommended.
Preparing to unpack .../108-texlive-latex-recommended_2018.20190227-2_all.deb ...
Unpacking texlive-latex-recommended (2018.20190227-2) ...
Selecting previously unselected package texlive-pictures.
Preparing to unpack .../109-texlive-pictures_2018.20190227-2_all.deb ...
Unpacking texlive-pictures (2018.20190227-2) ...
Selecting previously unselected package texlive-latex-extra.
Preparing to unpack .../110-texlive-latex-extra_2018.20190227-1_all.deb ...
Unpacking texlive-latex-extra (2018.20190227-1) ...
Selecting previously unselected package sbuild-build-depends-main-dummy:armhf.
Preparing to unpack .../111-sbuild-build-depends-main-dummy_0.invalid.0_armhf.deb ...
Unpacking sbuild-build-depends-main-dummy:armhf (0.invalid.0) ...
Setting up libgs9-common (9.26a~dfsg-2) ...
Setting up libpipeline1:amd64 (1.5.1-2) ...
Setting up libgraphite2-3:amd64 (1.3.13-7) ...
Setting up liblcms2-2:amd64 (2.9-3) ...
Setting up libpixman-1-0:amd64 (0.36.0-1) ...
Setting up libpaper1:amd64 (1.1.26) ...

Creating config file /etc/papersize with new version
Setting up libxau6:amd64 (1:1.0.8-1+b2) ...
Setting up libkeyutils1:amd64 (1.6-6) ...
Setting up mime-support (3.62) ...
Setting up libtexlua52:amd64 (2018.20181218.49446-2) ...
Setting up libtexlua53:amd64 (2018.20181218.49446-2) ...
Setting up libarchive-zip-perl (1.64-1) ...
Setting up libglib2.0-0:amd64 (2.58.3-1) ...
No schema files found: doing nothing.
Setting up libijs-0.35:amd64 (0.35-13) ...
Setting up libtexluajit2:amd64 (2018.20181218.49446-2) ...
Setting up libbrotli1:amd64 (1.0.7-2) ...
Setting up x11-common (1:7.7+19) ...
update-rc.d: warning: start and stop actions are no longer supported; falling back to defaults
invoke-rc.d: could not determine current runlevel
All runlevel operations denied by policy
invoke-rc.d: policy-rc.d denied execution of start.
Setting up linux-libc-dev:armhf (4.19.20-1) ...
Setting up gettext-base (0.19.8.1-9) ...
Setting up libzzip-0-13:amd64 (0.13.62-3.1) ...
Setting up libpaper-utils (1.1.26) ...
Setting up libjbig0:amd64 (2.1-3.1+b2) ...
Setting up poppler-data (0.4.9-2) ...
Setting up libkrb5support0:amd64 (1.17-2) ...
Setting up libpython2.7-stdlib:amd64 (2.7.16-1) ...
Setting up tex-common (6.11) ...
update-language: texlive-base not installed and configured, doing nothing!
Setting up autotools-dev (20180224.1) ...
Setting up libjpeg62-turbo:amd64 (1:1.5.2-2+b1) ...
Setting up libx11-data (2:1.6.7-1) ...
Setting up libjbig2dec0:amd64 (0.15-2) ...
Setting up libidn11:amd64 (1.33-2.2) ...
Setting up libteckit0:amd64 (2.5.8+ds2-5) ...
Setting up libavahi-common-data:amd64 (0.7-4+b1) ...
Setting up libncurses6:amd64 (6.1+20181013-2) ...
Setting up libdbus-1-3:amd64 (1.12.12-1) ...
Setting up libsigsegv2:amd64 (2.12-2) ...
Setting up t1utils (1.41-3) ...
Setting up libpng16-16:amd64 (1.6.36-5) ...
Setting up gcc-8-base:armhf (8.3.0-2) ...
Setting up autopoint (0.19.8.1-9) ...
Setting up libwebp6:amd64 (0.6.1-2) ...
Setting up libcroco3:amd64 (0.6.12-3) ...
Setting up fonts-dejavu-core (2.37-1) ...
Setting up libk5crypto3:amd64 (1.17-2) ...
Setting up libkpathsea6:amd64 (2018.20181218.49446-2) ...
Setting up libxxhash0:amd64 (0.6.5-3) ...
Setting up libuchardet0:amd64 (0.0.6-3) ...
Setting up fonts-lmodern (2.004.5-6) ...
Setting up libopenjp2-7:amd64 (2.3.0-1.1) ...
Setting up libkrb5-3:amd64 (1.17-2) ...
Setting up libtiff5:amd64 (4.0.10-4) ...
Setting up libbsd0:amd64 (0.9.1-2) ...
Setting up libelf1:amd64 (0.176-1) ...
Setting up xdg-utils (1.1.3-1) ...
Setting up libsynctex2:amd64 (2018.20181218.49446-2) ...
Setting up libpotrace0:amd64 (1.15-1) ...
Setting up libfile-stripnondeterminism-perl (1.1.1-1) ...
Setting up libice6:amd64 (2:1.0.9-2) ...
Setting up libxdmcp6:amd64 (1:1.1.2-3) ...
Setting up libxcb1:amd64 (1.13.1-2) ...
Setting up gettext (0.19.8.1-9) ...
Setting up python2.7 (2.7.16-1) ...
Setting up libwoff1:amd64 (1.0.2-1) ...
Setting up libtool (2.4.6-10) ...
Setting up libpython2-stdlib:amd64 (2.7.16-1) ...
Setting up libxcb-render0:amd64 (1.13.1-2) ...
Setting up fontconfig-config (2.13.1-2) ...
Setting up preview-latex-style (11.91-2) ...
Setting up libavahi-common3:amd64 (0.7-4+b1) ...
Setting up m4 (1.4.18-2) ...
Setting up libxcb-shm0:amd64 (1.13.1-2) ...
Setting up python2 (2.7.16-1) ...
Setting up intltool-debian (0.35.0+20060710.5) ...
Setting up libpython-stdlib:amd64 (2.7.16-1) ...
Setting up libptexenc1:amd64 (2018.20181218.49446-2) ...
Setting up libfreetype6:amd64 (2.9.1-3) ...
Setting up bsdmainutils (11.1.2+b1) ...
update-alternatives: using /usr/bin/bsd-write to provide /usr/bin/write (write) in auto mode
update-alternatives: using /usr/bin/bsd-from to provide /usr/bin/from (from) in auto mode
Setting up libgssapi-krb5-2:amd64 (1.17-2) ...
Setting up autoconf (2.69-11) ...
Setting up dwz (0.12-3) ...
Setting up groff-base (1.22.4-3) ...
Setting up libx11-6:amd64 (2:1.6.7-1) ...
Setting up libharfbuzz0b:amd64 (2.3.1-1) ...
Setting up libfontconfig1:amd64 (2.13.1-2) ...
Setting up libsm6:amd64 (2:1.2.3-1) ...
Setting up python (2.7.16-1) ...
Setting up libavahi-client3:amd64 (0.7-4+b1) ...
Setting up automake (1:1.16.1-4) ...
update-alternatives: using /usr/bin/automake-1.16 to provide /usr/bin/automake (automake) in auto mode
Setting up flex (2.6.4-6.2) ...
Setting up libharfbuzz-icu0:amd64 (2.3.1-1) ...
Setting up libxpm4:amd64 (1:3.5.12-1) ...
Setting up libxrender1:amd64 (1:0.9.10-1) ...
Setting up po-debconf (1.0.21) ...
Setting up libxext6:amd64 (2:1.3.3-1+b2) ...
Setting up man-db (2.8.5-2) ...
Not building database; man-db/auto-update is not 'true'.
Setting up libcairo2:amd64 (1.16.0-3) ...
Setting up libxt6:amd64 (1:1.1.5-1) ...
Setting up libcups2:amd64 (2.2.10-4) ...
Setting up libxmu6:amd64 (2:1.1.2-2) ...
Setting up libxi6:amd64 (2:1.7.9-1) ...
Setting up libxaw7:amd64 (2:1.0.13-1+b2) ...
Setting up libcupsimage2:amd64 (2.2.10-4) ...
Setting up libgs9:amd64 (9.26a~dfsg-2) ...
Setting up texlive-binaries (2018.20181218.49446-2) ...
update-alternatives: using /usr/bin/xdvi-xaw to provide /usr/bin/xdvi.bin (xdvi.bin) in auto mode
update-alternatives: using /usr/bin/bibtex.original to provide /usr/bin/bibtex (bibtex) in auto mode
Setting up texlive-base (2018.20190227-2) ...
tl-paper: setting paper size for dvips to a4: /var/lib/texmf/dvips/config/config-paper.ps
tl-paper: setting paper size for dvipdfmx to a4: /var/lib/texmf/dvipdfmx/dvipdfmx-paper.cfg
tl-paper: setting paper size for xdvi to a4: /var/lib/texmf/xdvi/XDvi-paper
tl-paper: setting paper size for pdftex to a4: /var/lib/texmf/tex/generic/config/pdftexconfig.tex
tl-paper: setting paper size for dvipdfmx to letter: /var/lib/texmf/dvipdfmx/dvipdfmx-paper.cfg
tl-paper: setting paper size for dvips to letter: /var/lib/texmf/dvips/config/config-paper.ps
tl-paper: setting paper size for pdftex to letter: /var/lib/texmf/tex/generic/config/pdftexconfig.tex
tl-paper: setting paper size for xdvi to letter: /var/lib/texmf/xdvi/XDvi-paper
Setting up texlive-latex-base (2018.20190227-2) ...
Setting up texlive-latex-recommended (2018.20190227-2) ...
Setting up texlive-pictures (2018.20190227-2) ...
Setting up texlive-fonts-recommended (2018.20190227-2) ...
Setting up texlive-latex-extra (2018.20190227-1) ...
Setting up libc6:armhf (2.28-8) ...
Setting up libc6-dev:armhf (2.28-8) ...
Setting up libgcc1:armhf (1:8.3.0-2) ...
Setting up libgomp1:armhf (8.3.0-2) ...
Setting up dh-autoreconf (19) ...
Setting up libatomic1:armhf (8.3.0-2) ...
Setting up dh-strip-nondeterminism (1.1.1-1) ...
Setting up libstdc++6:armhf (8.3.0-2) ...
Setting up debhelper (12.1.1) ...
Setting up libasan5:armhf (8.3.0-2) ...
Setting up libubsan1:armhf (8.3.0-2) ...
Setting up libgcc-8-dev:armhf (8.3.0-2) ...
Setting up libstdc++-8-dev:armhf (8.3.0-2) ...
Setting up sbuild-build-depends-main-dummy:armhf (0.invalid.0) ...
Processing triggers for libc-bin (2.28-8) ...
Processing triggers for ccache (3.6-1) ...
Updating symlinks in /usr/lib/ccache ...
Processing triggers for tex-common (6.11) ...
Running updmap-sys. This may take some time... done.
Running mktexlsr /var/lib/texmf ... done.
Building format(s) --all.
	This may take some time... done.

+------------------------------------------------------------------------------+
| Check architectures                                                          |
+------------------------------------------------------------------------------+

Initial Foreign Architectures: armhf 
Arch check ok (armhf included in any)

+------------------------------------------------------------------------------+
| Build environment                                                            |
+------------------------------------------------------------------------------+

Kernel: Linux 3.16.0-4-amd64 #1 SMP Debian 3.16.51-3 (2017-12-13) amd64 (x86_64)
Toolchain package versions: binutils_2.31.1-15 dpkg-dev_1.19.5 g++-8_8.3.0-2 gcc-8_8.3.0-2 libc6-dev_2.28-8 libstdc++-8-dev_8.3.0-2 libstdc++-8-dev-armhf-cross_8.3.0-2cross1 libstdc++6_8.3.0-2 libstdc++6-armhf-cross_8.3.0-2cross1 linux-libc-dev_4.19.20-1
Package versions: adduser_3.118 apt_1.8.0~rc4 autoconf_2.69-11 automake_1:1.16.1-4 autopoint_0.19.8.1-9 autotools-dev_20180224.1 base-files_10.1 base-passwd_3.5.46 bash_5.0-2 binutils_2.31.1-15 binutils-arm-linux-gnueabihf_2.31.1-15 binutils-common_2.31.1-15 binutils-x86-64-linux-gnu_2.31.1-15 bsdmainutils_11.1.2+b1 bsdutils_1:2.33.1-0.1 build-essential_12.6 bzip2_1.0.6-9 ca-certificates_20190110 ccache_3.6-1 coreutils_8.30-3 cpp_4:8.3.0-1 cpp-8_8.3.0-2 cpp-8-arm-linux-gnueabihf_8.3.0-2cross1 cpp-arm-linux-gnueabihf_4:8.3.0-1 cross-config_2.6.15-2 crossbuild-essential-armhf_12.6 dash_0.5.10.2-5 debconf_1.5.71 debhelper_12.1.1 debian-archive-keyring_2018.1 debianutils_4.8.6.1 dh-autoreconf_19 dh-strip-nondeterminism_1.1.1-1 diffutils_1:3.7-2 dirmngr_2.2.13-1 dpkg_1.19.5 dpkg-cross_2.6.15-2 dpkg-dev_1.19.5 dwz_0.12-3 e2fsprogs_1.44.6-1 eatmydata_105-7 fakeroot_1.23-1 fdisk_2.33.1-0.1 file_1:5.35-4 findutils_4.6.0+git+20190209-2 flex_2.6.4-6.2 fontconfig-config_2.13.1-2 fonts-dejavu-core_2.37-1 fonts-lmodern_2.004.5-6 g++_4:8.3.0-1 g++-8_8.3.0-2 g++-8-arm-linux-gnueabihf_8.3.0-2cross1 g++-arm-linux-gnueabihf_4:8.3.0-1 gcc_4:8.3.0-1 gcc-8_8.3.0-2 gcc-8-arm-linux-gnueabihf_8.3.0-2cross1 gcc-8-arm-linux-gnueabihf-base_8.3.0-2cross1 gcc-8-base_8.3.0-2 gcc-8-cross-base_8.3.0-2cross1 gcc-arm-linux-gnueabihf_4:8.3.0-1 gettext_0.19.8.1-9 gettext-base_0.19.8.1-9 gnupg_2.2.13-1 gnupg-l10n_2.2.13-1 gnupg-utils_2.2.13-1 gpg_2.2.13-1 gpg-agent_2.2.13-1 gpg-wks-client_2.2.13-1 gpg-wks-server_2.2.13-1 gpgconf_2.2.13-1 gpgsm_2.2.13-1 gpgv_2.2.13-1 grep_3.3-1 groff-base_1.22.4-3 gzip_1.9-3 hostname_3.21 init-system-helpers_1.56+nmu1 intltool-debian_0.35.0+20060710.5 libacl1_2.2.53-4 libapt-pkg5.0_1.8.0~rc4 libarchive-zip-perl_1.64-1 libasan5_8.3.0-2 libasan5-armhf-cross_8.3.0-2cross1 libassuan0_2.5.2-1 libatomic1_8.3.0-2 libatomic1-armhf-cross_8.3.0-2cross1 libattr1_1:2.4.48-4 libaudit-common_1:2.8.4-2 libaudit1_1:2.8.4-2 libauthen-sasl-perl_2.1600-1 libavahi-client3_0.7-4+b1 libavahi-common-data_0.7-4+b1 libavahi-common3_0.7-4+b1 libbinutils_2.31.1-15 libblkid1_2.33.1-0.1 libbrotli1_1.0.7-2 libbsd0_0.9.1-2 libbz2-1.0_1.0.6-9 libc-bin_2.28-8 libc-dev-bin_2.28-8 libc6_2.28-8 libc6-armhf-cross_2.28-7cross1 libc6-dev_2.28-8 libc6-dev-armhf-cross_2.28-7cross1 libcairo2_1.16.0-3 libcap-ng0_0.7.9-2 libcc1-0_8.3.0-2 libcom-err2_1.44.6-1 libconfig-auto-perl_0.44-1 libconfig-inifiles-perl_3.000001-1 libcroco3_0.6.12-3 libcups2_2.2.10-4 libcupsimage2_2.2.10-4 libdata-dump-perl_1.23-1 libdb5.3_5.3.28+dfsg1-0.5 libdbus-1-3_1.12.12-1 libdebconfclient0_0.248 libdebian-dpkgcross-perl_2.6.15-2 libdpkg-perl_1.19.5 libeatmydata1_105-7 libelf1_0.176-1 libencode-locale-perl_1.05-1 libexpat1_2.2.6-1 libext2fs2_1.44.6-1 libfakeroot_1.23-1 libfdisk1_2.33.1-0.1 libffi6_3.2.1-9 libfile-homedir-perl_1.004-1 libfile-listing-perl_6.04-1 libfile-stripnondeterminism-perl_1.1.1-1 libfile-which-perl_1.23-1 libfont-afm-perl_1.20-2 libfontconfig1_2.13.1-2 libfreetype6_2.9.1-3 libgcc-8-dev_8.3.0-2 libgcc-8-dev-armhf-cross_8.3.0-2cross1 libgcc1_1:8.3.0-2 libgcc1-armhf-cross_1:8.3.0-2cross1 libgcrypt20_1.8.4-5 libgdbm-compat4_1.18.1-3 libgdbm6_1.18.1-3 libglib2.0-0_2.58.3-1 libgmp10_2:6.1.2+dfsg-4 libgnutls30_3.6.6-2 libgomp1_8.3.0-2 libgomp1-armhf-cross_8.3.0-2cross1 libgpg-error0_1.35-1 libgraphite2-3_1.3.13-7 libgs9_9.26a~dfsg-2 libgs9-common_9.26a~dfsg-2 libgssapi-krb5-2_1.17-2 libharfbuzz-icu0_2.3.1-1 libharfbuzz0b_2.3.1-1 libhogweed4_3.4.1-1 libhtml-form-perl_6.03-1 libhtml-format-perl_2.12-1 libhtml-parser-perl_3.72-3+b3 libhtml-tagset-perl_3.20-3 libhtml-tree-perl_5.07-2 libhttp-cookies-perl_6.04-1 libhttp-daemon-perl_6.01-3 libhttp-date-perl_6.02-1 libhttp-message-perl_6.18-1 libhttp-negotiate-perl_6.01-1 libice6_2:1.0.9-2 libicu63_63.1-6 libidn11_1.33-2.2 libidn2-0_2.0.5-1 libijs-0.35_0.35-13 libio-html-perl_1.001-1 libio-socket-ssl-perl_2.060-3 libio-string-perl_1.08-3 libisl19_0.20-2 libitm1_8.3.0-2 libjbig0_2.1-3.1+b2 libjbig2dec0_0.15-2 libjpeg62-turbo_1:1.5.2-2+b1 libk5crypto3_1.17-2 libkeyutils1_1.6-6 libkpathsea6_2018.20181218.49446-2 libkrb5-3_1.17-2 libkrb5support0_1.17-2 libksba8_1.3.5-2 liblcms2-2_2.9-3 libldap-2.4-2_2.4.47+dfsg-3 libldap-common_2.4.47+dfsg-3 liblocale-gettext-perl_1.07-3+b4 liblsan0_8.3.0-2 liblwp-mediatypes-perl_6.02-1 liblwp-protocol-https-perl_6.07-2 liblz4-1_1.8.3-1 liblzma5_5.2.4-1 libmagic-mgc_1:5.35-4 libmagic1_1:5.35-4 libmailtools-perl_2.18-1 libmount1_2.33.1-0.1 libmpc3_1.1.0-1 libmpfr6_4.0.2-1 libmpx2_8.3.0-2 libncurses6_6.1+20181013-2 libncursesw6_6.1+20181013-2 libnet-http-perl_6.18-1 libnet-smtp-ssl-perl_1.04-1 libnet-ssleay-perl_1.85-2+b1 libnettle6_3.4.1-1 libnpth0_1.6-1 libopenjp2-7_2.3.0-1.1 libp11-kit0_0.23.15-2 libpam-modules_1.3.1-5 libpam-modules-bin_1.3.1-5 libpam-runtime_1.3.1-5 libpam0g_1.3.1-5 libpaper-utils_1.1.26 libpaper1_1.1.26 libpcre3_2:8.39-11 libperl5.28_5.28.1-4 libpipeline1_1.5.1-2 libpixman-1-0_0.36.0-1 libpng16-16_1.6.36-5 libpotrace0_1.15-1 libptexenc1_2018.20181218.49446-2 libpython-stdlib_2.7.16-1 libpython2-stdlib_2.7.16-1 libpython2.7-minimal_2.7.16-1 libpython2.7-stdlib_2.7.16-1 libquadmath0_8.3.0-2 libreadline7_7.0-5 libsasl2-2_2.1.27+dfsg-1 libsasl2-modules-db_2.1.27+dfsg-1 libseccomp2_2.3.3-4 libselinux1_2.8-1+b1 libsemanage-common_2.8-2 libsemanage1_2.8-2 libsepol1_2.8-1 libsigsegv2_2.12-2 libsm6_2:1.2.3-1 libsmartcols1_2.33.1-0.1 libsqlite3-0_3.27.2-1 libss2_1.44.6-1 libssl1.1_1.1.1b-1 libstdc++-8-dev_8.3.0-2 libstdc++-8-dev-armhf-cross_8.3.0-2cross1 libstdc++6_8.3.0-2 libstdc++6-armhf-cross_8.3.0-2cross1 libsynctex2_2018.20181218.49446-2 libsystemd0_241-1 libtasn1-6_4.13-3 libteckit0_2.5.8+ds2-5 libtexlua52_2018.20181218.49446-2 libtexlua53_2018.20181218.49446-2 libtexluajit2_2018.20181218.49446-2 libtiff5_4.0.10-4 libtimedate-perl_2.3000-2 libtinfo6_6.1+20181013-2 libtool_2.4.6-10 libtry-tiny-perl_0.30-1 libtsan0_8.3.0-2 libubsan1_8.3.0-2 libubsan1-armhf-cross_8.3.0-2cross1 libuchardet0_0.0.6-3 libudev1_241-1 libunistring2_0.9.10-1 liburi-perl_1.76-1 libuuid1_2.33.1-0.1 libwebp6_0.6.1-2 libwoff1_1.0.2-1 libwww-perl_6.36-1 libwww-robotrules-perl_6.02-1 libx11-6_2:1.6.7-1 libx11-data_2:1.6.7-1 libxau6_1:1.0.8-1+b2 libxaw7_2:1.0.13-1+b2 libxcb-render0_1.13.1-2 libxcb-shm0_1.13.1-2 libxcb1_1.13.1-2 libxdmcp6_1:1.1.2-3 libxext6_2:1.3.3-1+b2 libxi6_2:1.7.9-1 libxml-libxml-perl_2.0134+dfsg-1 libxml-namespacesupport-perl_1.12-1 libxml-parser-perl_2.44-4 libxml-sax-base-perl_1.09-1 libxml-sax-expat-perl_0.51-1 libxml-sax-perl_1.00+dfsg-1 libxml-simple-perl_2.25-1 libxml2_2.9.4+dfsg1-7+b3 libxmu6_2:1.1.2-2 libxpm4_1:3.5.12-1 libxrender1_1:0.9.10-1 libxt6_1:1.1.5-1 libxxhash0_0.6.5-3 libyaml-0-2_0.2.1-1 libyaml-libyaml-perl_0.76+repack-1 libyaml-perl_1.27-1 libzstd1_1.3.8+dfsg-3 libzzip-0-13_0.13.62-3.1 linux-libc-dev_4.19.20-1 linux-libc-dev-armhf-cross_4.19.20-1cross1 login_1:4.5-1.1 lsb-base_10.2018112800 m4_1.4.18-2 make_4.2.1-1.2 man-db_2.8.5-2 mawk_1.3.3-17+b3 mime-support_3.62 mount_2.33.1-0.1 ncurses-base_6.1+20181013-2 ncurses-bin_6.1+20181013-2 netbase_5.6 openssl_1.1.1b-1 passwd_1:4.5-1.1 patch_2.7.6-3 perl_5.28.1-4 perl-base_5.28.1-4 perl-modules-5.28_5.28.1-4 perl-openssl-defaults_3 pinentry-curses_1.1.0-1+b1 po-debconf_1.0.21 poppler-data_0.4.9-2 preview-latex-style_11.91-2 python_2.7.16-1 python-minimal_2.7.16-1 python2_2.7.16-1 python2-minimal_2.7.16-1 python2.7_2.7.16-1 python2.7-minimal_2.7.16-1 readline-common_7.0-5 sbuild-build-depends-main-dummy_0.invalid.0 sed_4.7-1 sensible-utils_0.0.12 sysvinit-utils_2.93-8 t1utils_1.41-3 tar_1.30+dfsg-5 tex-common_6.11 texlive-base_2018.20190227-2 texlive-binaries_2018.20181218.49446-2 texlive-fonts-recommended_2018.20190227-2 texlive-latex-base_2018.20190227-2 texlive-latex-extra_2018.20190227-1 texlive-latex-recommended_2018.20190227-2 texlive-pictures_2018.20190227-2 tzdata_2018i-2 ucf_3.0038+nmu1 util-linux_2.33.1-0.1 uuid-runtime_2.33.1-0.1 x11-common_1:7.7+19 xdg-utils_1.1.3-1 xz-utils_5.2.4-1 zlib1g_1:1.2.11.dfsg-1

+------------------------------------------------------------------------------+
| Build                                                                        |
+------------------------------------------------------------------------------+


Unpack source
-------------

-----BEGIN PGP SIGNED MESSAGE-----
Hash: SHA512

Format: 3.0 (quilt)
Source: tth
Binary: ttm, tth, tth-common
Architecture: any
Version: 4.12+ds-2
Maintainer: Debian Tex Maintainers <debian-tex-maint@lists.debian.org>
Uploaders: Jerome Benoit <calculus@rezozer.net>
Homepage: http://hutchinson.belmont.ma.us/tth
Standards-Version: 4.1.3
Vcs-Browser: https://salsa.debian.org/tex-team/tth
Vcs-Git: https://salsa.debian.org/tex-team/tth.git
Testsuite: autopkgtest
Testsuite-Triggers: texlive-latex-base
Build-Depends: debhelper (>= 11), flex, texlive-latex-recommended, texlive-fonts-recommended, texlive-latex-extra
Package-List:
 tth deb tex optional arch=any
 tth-common deb tex optional arch=any
 ttm deb tex optional arch=any
Checksums-Sha1:
 ec55f6b717f61ffa625356b5844e6b948fd1e6e8 146236 tth_4.12+ds.orig.tar.xz
 7cff8489e9bad515b353afb9d265b469af0963fd 28352 tth_4.12+ds-2.debian.tar.xz
Checksums-Sha256:
 f061758819d50f74eff68df4173d75b12cc76d346a25e0fead1321cecf3e64f4 146236 tth_4.12+ds.orig.tar.xz
 e34952174db56f518869be6edf5242c08f6c85db5cf15003dc67f7b00ebf4ed4 28352 tth_4.12+ds-2.debian.tar.xz
Files:
 a1f97d2d45af743b0937d26d51d91a91 146236 tth_4.12+ds.orig.tar.xz
 9dda334b7fe42ca4d10f55f8e1d1bda5 28352 tth_4.12+ds-2.debian.tar.xz

-----BEGIN PGP SIGNATURE-----

iQRJBAEBCgAzFiEEriiuFXEN/x2H5adiP5IZpn82xosFAlqG5i8VHGNhbGN1bHVz
QHJlem96ZXIubmV0AAoJED+SGaZ/NsaLAh8f/i0B2+jNMc27/hlFwjkuOhzhYfUr
oe9TVVNMhDSgO56bh9VF53+HFqYBaMLcFaQtNbKE5qspnfoUU6YhrEvhXF6zmxqu
g6KNF0UHa9b3LUMW9xBVEQCfDGfsNTab2HqArWQ5o20yXyIbROIwz+QAQii71iTz
JT7bDnzoWlWOiMSJIkeecHHz6qg7Bt6EMZI5eLuPeJRfgj3vOctKJorhkORxXfFJ
LwrrVmsLHLwzPeH0BCbMdJzaE+75qwfto/FI8E9Nn0VOmKpPnETeZ2H27aKsXyDc
BiX91QkAL4WMleu/KMDiZvcVpZW16d5xW+Cs6MbwZjBEkCs+mBntTISUzdYJ/Jmu
WOpIpUuHakQ5HgjxH3fZh2xLnpbPvAj2BWfcME5GucXDn5cMtAj0UiIjiM/1X3p6
dftqIYb/JIjkptHWNwOWe1m5XI/WxkFFE6yHXFuE0z4B93eynQu/hezC6ikgMrmW
oi5Np/Du0B7tkaNmLW/2g1YAnHLeWA4rY70Mr+4qA0L286Eh2RqcXtHXee1CScKw
Z+41aryAdQ7yd1wDktBJqZxN3Lppu8KDDLnd7xUsZ9DETU6jfF47mkLBh2gSu539
2s6K0USbPHAaqkRPkkiSi5zEh3sPYNLmbODUc3AtYqjbV10WSBYVyrOT7BbKqQAz
YDpCIRScxzG083+PVOWInIUuLUTLDQnMcXmDbnBGsrljruXSW0B8zRhHQMSMfZcn
g75GoDto7LEPyvuG7WGKUpxJvOamD/idewmrf93yNBtv88meQWDnDEvWKVz2cVyJ
17xo6uihihQyCvanWOoLQIUXkhPWUOWKOR0HRcVvmbt/nLzErHghOsUxCvvwHwz6
1xSNc1IIbwchsK2ZNe6EkgSt9H/Gl/Is74f7ZRZPGnIbnjVYrBYIvh7wtZ6p4cbF
FcSv6NZw1OOm81E0gowmAnDjm/6r9VKY00eAcZ2kdC3pmAAv4+c0jKt4/Ax0DDBR
OY9JNuoni9yBN9Br9ci0SFyT8yYJB5EH7AaJ2UV3VIwV+QrpRy3I95sFQf0TtqB0
DbfI37Lad+FG9xp/Xe50d1q5nTMh5rlSK5b2SezgHfoYh4J7WDATQY8FhnMsJ/Dt
3VIFaL576CKfQXqT3SThMKNF4IoHBdsBuwMmSEFTAiIPnDW4VkqL+/KRrqQKJxxG
5nuRlWC1ZIQINe6PeDuAYPwl/HhUg+AlMlqJjh+4mcBQcH6rSFIxaxySwhtrb/iu
SjehQr31mC75qTeWXjKUy1cdE887sPk993bstcNGK95rgh/J2TmEVD66nGbKbGoR
/UtcppHL9nuF3ZMU5KBUUzI8gMAivq5CiplKHo4SgoCghWEnJn5f7q6FaIY=
=poAN
-----END PGP SIGNATURE-----

gpgv: unknown type of key resource 'trustedkeys.kbx'
gpgv: keyblock resource '/sbuild-nonexistent/.gnupg/trustedkeys.kbx': General error
gpgv: Signature made Fri Feb 16 14:09:51 2018 UTC
gpgv:                using RSA key AE28AE15710DFF1D87E5A7623F9219A67F36C68B
gpgv:                issuer "calculus@rezozer.net"
gpgv: Can't check signature: No public key
dpkg-source: warning: failed to verify signature on ./tth_4.12+ds-2.dsc
dpkg-source: info: extracting tth in /<<PKGBUILDDIR>>
dpkg-source: info: unpacking tth_4.12+ds.orig.tar.xz
dpkg-source: info: unpacking tth_4.12+ds-2.debian.tar.xz
dpkg-source: info: using patch list from debian/patches/series
dpkg-source: info: applying reproducible_build.patch
dpkg-source: info: applying fix-upstream-tools-ps2png.patch
dpkg-source: info: applying fix-upstream-man-tth_1.patch
dpkg-source: info: applying fix-upstream-warning.patch
dpkg-source: info: applying fix-upstream-script-sh.patch
dpkg-source: info: applying fix-upstream-manual_split.patch
dpkg-source: info: applying fix-upstream-clean.patch
dpkg-source: info: applying secure-upstream-doc.patch
dpkg-source: info: applying silence-upstream-doc.patch
dpkg-source: info: applying debianization.patch
dpkg-source: info: applying debianization-clean.patch

Check disk space
----------------

Sufficient free space for build

User Environment
----------------

APT_CONFIG=/var/lib/sbuild/apt.conf
CCACHE_COMPRESS=1
CCACHE_DIR=/var/cache/ccache-sbuild
CCACHE_UMASK=002
CONFIG_SITE=/etc/dpkg-cross/cross-config.armhf
DEB_BUILD_OPTIONS=nocheck
HOME=/sbuild-nonexistent
LANG=en_US.UTF-8
LC_ALL=C.UTF-8
LD_LIBRARY_PATH=/usr/lib/libeatmydata
LD_PRELOAD=libeatmydata.so
LOGNAME=build
PATH=/usr/lib/ccache:/usr/local/sbin:/usr/local/bin:/usr/sbin:/usr/bin:/sbin:/bin:/usr/games
PWD=/<<PKGBUILDDIR>>
SCHROOT_ALIAS_NAME=unstable-amd64-sbuild
SCHROOT_CHROOT_NAME=unstable-amd64-sbuild
SCHROOT_COMMAND=env
SCHROOT_GID=1000
SCHROOT_GROUP=build
SCHROOT_SESSION_ID=unstable-amd64-sbuild-1f3e9e6b-8b16-4597-8017-90df91c95474
SCHROOT_UID=1000
SCHROOT_USER=build
SHELL=/bin/sh
USER=build

dpkg-buildpackage
-----------------

Command: dpkg-buildpackage -aarmhf -Pcross,nocheck -us -uc -B -rfakeroot -j16
dpkg-buildpackage: info: source package tth
dpkg-buildpackage: info: source version 4.12+ds-2
dpkg-buildpackage: info: source distribution unstable
dpkg-buildpackage: info: source changed by Jerome Benoit <calculus@rezozer.net>
dpkg-architecture: warning: specified GNU system type arm-linux-gnueabihf does not match CC system type x86_64-linux-gnu, try setting a correct CC environment variable
 dpkg-source --before-build .
dpkg-buildpackage: info: host architecture armhf
dpkg-source: info: using options from tth-4.12+ds/debian/source/options: --compression=xz --compression-level=9
 fakeroot debian/rules clean
dh clean
   debian/rules override_dh_auto_clean
make[1]: Entering directory '/<<PKGBUILDDIR>>'
dh_auto_clean -- --ignore-errors
	make -j16 clean --ignore-errors
make[2]: Entering directory '/<<PKGBUILDDIR>>'
rm -f ttmstatic
rm -f tthstatic
rm -f ttm.c
rm -f tth.c
rm -f opt unopt
rm -f tars/*.gz tars/*.zip tars/*.tgz tars/*.exe
rm -f tth tth tth.exe ttm ttm.exe 
rm -f tthrfcat tthgold_manual.*
rm -f tth.lex ttm.lex
make -C manual clean
make[3]: Entering directory '/<<PKGBUILDDIR>>'
make[3]: warning: jobserver unavailable: using -j1.  Add '+' to parent make rule.
make -C split clean
make[4]: Entering directory '/<<PKGBUILDDIR>>/manual/split'
rm -f *.log *.idx *.ilg *.html *.toc *.out *.dvi *.lyx *.tms *.tid *.tin *.ind *.aux
make[4]: Leaving directory '/<<PKGBUILDDIR>>/manual/split'
rm -f ttm_manual.tex
rm -f *.log *.tlg *.idx *.ilg *.html *.toc *.out *.dvi *.lyx *.tms *.tid *.tin *.ind *.aux
make[3]: Leaving directory '/<<PKGBUILDDIR>>/manual'
make -C tools clean
make[3]: Entering directory '/<<PKGBUILDDIR>>'
make[3]: warning: jobserver unavailable: using -j1.  Add '+' to parent make rule.
rm -f tthsplit tthsplit.exe choice.exe choice
make[3]: Leaving directory '/<<PKGBUILDDIR>>/tools'
make[2]: Leaving directory '/<<PKGBUILDDIR>>'
make[1]: Leaving directory '/<<PKGBUILDDIR>>'
   dh_clean
 debian/rules build-arch
dh build-arch
   dh_update_autotools_config -a
   dh_autoreconf -a
   dh_auto_configure -a
   dh_auto_build -a
	make -j16 "INSTALL=install --strip-program=true" PKG_CONFIG=arm-linux-gnueabihf-pkg-config CXX=arm-linux-gnueabihf-g\+\+ CC=arm-linux-gnueabihf-gcc
make[1]: Entering directory '/<<PKGBUILDDIR>>'
sed -e "/mathstringshl/ r mathstringsh.lex" -e "/equationhl/r equationh.lex" tthg.lex >tth.lex
sed -e "/mathstringshl/ r mathstringsm.lex"\
 -e "/equationhl/r equationm.lex"\
 -e "s/static void delimit();//"\
 -e "s/static int b_align();//"\
 -e "s/[.]html/.xml/"\
 -e "/-f? limit/d"\
 -e "/-i use/d"\
 -e "/-t display/d"\
 -e "/-y? equa/d"\
 -e "/-w? HTML/,/-w2 XHTML/d"\
 -e "/oa_removes/c\\" -e ""\
 -e "/start b_align/,/end b_align/c\\" -e ""\
 -e "/start symext/,/end symext/c\\" -e ""\
 -e "/start delimit/,/end delimit/c\\" -e "" tthg.lex >ttm.lex
make -C tools tthsplit
gcc -Wl,-z,relro -Wl,-z,now -g -O2 -fdebug-prefix-map=/<<PKGBUILDDIR>>=. -fstack-protector-strong -Wformat -Werror=format-security -Wdate-time -D_FORTIFY_SOURCE=2 -Wall -o tthrfcat tthgold/tthrfcat.c
sed \
		-e 's#usr\/local\/tth#usr\/share\/tth#g' \
		-e 's#tth\/swedish.bab#tth\/babel\/swedish.bab#g' \
	< tthgold/gold_man.tex > tthgold_manual.tex
make[2]: Entering directory '/<<PKGBUILDDIR>>'
make[2]: warning: jobserver unavailable: using -j1.  Add '+' to parent make rule.
gcc -Wl,-z,relro -Wl,-z,now -g -O2 -fdebug-prefix-map=/<<PKGBUILDDIR>>=. -fstack-protector-strong -Wformat -Werror=format-security -Wdate-time -D_FORTIFY_SOURCE=2 -Wall -o tthsplit tthsplit.c
flex -otth.c tth.lex
flex -ottm.c ttm.lex
tthgold/tthrfcat.c: In function main:
tthgold/tthrfcat.c:65:8: warning: ignoring return value of system, declared with attribute warn_unused_result [-Wunused-result]
        system(cmdline);
        ^~~~~~~~~~~~~~~
tthgold/tthrfcat.c:77:4: warning: ignoring return value of system, declared with attribute warn_unused_result [-Wunused-result]
    system(bound);
    ^~~~~~~~~~~~~
tthgold/tthrfcat.c:79:4: warning: ignoring return value of system, declared with attribute warn_unused_result [-Wunused-result]
    system(bound);
    ^~~~~~~~~~~~~
tthgold/tthrfcat.c:83:4: warning: ignoring return value of system, declared with attribute warn_unused_result [-Wunused-result]
    system(bound);
    ^~~~~~~~~~~~~
tthsplit.c: In function main:
tthsplit.c:40:5: warning: ignoring return value of fgets, declared with attribute warn_unused_result [-Wunused-result]
     fgets(buff,LINELEN,stdin);
     ^~~~~~~~~~~~~~~~~~~~~~~~~
tthgold/tthrfcat.c:64:28: warning: %s directive writing up to 255 bytes into a region of size 253 [-Wformat-overflow=]
        sprintf(cmdline,"%s %s",RMCMD,bound);
                            ^~        ~~~~~
In file included from /usr/include/stdio.h:873,
                 from tthgold/tthrfcat.c:15:
/usr/include/x86_64-linux-gnu/bits/stdio2.h:36:10: note: __builtin___sprintf_chk output between 4 and 259 bytes into a destination of size 256
   return __builtin___sprintf_chk (__s, __USE_FORTIFY_LEVEL - 1,
          ^~~~~~~~~~~~~~~~~~~~~~~~~~~~~~~~~~~~~~~~~~~~~~~~~~~~~~
       __bos (__s), __fmt, __va_arg_pack ());
       ~~~~~~~~~~~~~~~~~~~~~~~~~~~~~~~~~~~~~
tthgold/tthrfcat.c:75:4: warning: ifinal may be used uninitialized in this function [-Wmaybe-uninitialized]
  if(ifinal > 1){
    ^
gcc -Wl,-z,relro -Wl,-z,now -g -O2 -fdebug-prefix-map=/<<PKGBUILDDIR>>=. -fstack-protector-strong -Wformat -Werror=format-security -Wdate-time -D_FORTIFY_SOURCE=2 -Wall -o tth tth.c
gcc -Wl,-z,relro -Wl,-z,now -g -O2 -fdebug-prefix-map=/<<PKGBUILDDIR>>=. -fstack-protector-strong -Wformat -Werror=format-security -Wdate-time -D_FORTIFY_SOURCE=2 -Wall -o ttm ttm.c
tth.c: In function yylex:
tth.lex:761:5: warning: variable PUSHEDINTDEPTHS set but not used [-Wunused-but-set-variable]
 #define TTH_INT_SETPUSH(name,value) \
     ^~~~~~~~~~~~~~~
tth.lex:760:5: warning: variable PUSHEDINTS set but not used [-Wunused-but-set-variable]
 int PUSHEDINTDEPTHS[INTMAX]={0};
     ^~~~~~~~~~
tth.lex:586:12: warning: variable colnum set but not used [-Wunused-but-set-variable]
 STATIC char halstring[TTH_CHARLEN]={0};
            ^~~~~~
tth.lex: In function main:
tth.lex:7599:8: warning: variable secs_elapsed set but not used [-Wunused-but-set-variable]
 }
        ^           
ttm.c: In function yylex:
ttm.lex:656:21: warning: variable qrtlen2 set but not used [-Wunused-but-set-variable]
 STATIC time_t thetime;
                     ^~     
ttm.lex:656:12: warning: variable qrtlen set but not used [-Wunused-but-set-variable]
 STATIC time_t thetime;
            ^~~~~~
ttm.lex:650:12: warning: variable mtrx set but not used [-Wunused-but-set-variable]
 STATIC int active[NFNMAX]={0};
            ^~~~
ttm.lex:580:12: warning: variable colnum set but not used [-Wunused-but-set-variable]
 STATIC char halstring[TTH_CHARLEN]={0};
            ^~~~~~
make[2]: Leaving directory '/<<PKGBUILDDIR>>/tools'
In file included from /usr/include/string.h:494,
                 from tth.c:21:
In function strcpy,
    inlined from tth_push at tth.lex:7786:4:
/usr/include/x86_64-linux-gnu/bits/string_fortified.h:90:10: warning: __builtin_strcpy accessing 1 byte at offsets [0, 15000] and [0, 15000] may overlap 1 byte at offset 0 [-Wrestrict]
   return __builtin___strcpy_chk (__dest, __src, __bos (__dest));
          ^~~~~~~~~~~~~~~~~~~~~~~~~~~~~~~~~~~~~~~~~~~~~~~~~~~~~~
In function strcpy,
    inlined from tth_push at tth.lex:7788:4:
/usr/include/x86_64-linux-gnu/bits/string_fortified.h:90:10: warning: __builtin_strcpy accessing 1 byte at offsets [0, 15000] and [0, 15000] may overlap 1 byte at offset 0 [-Wrestrict]
   return __builtin___strcpy_chk (__dest, __src, __bos (__dest));
          ^~~~~~~~~~~~~~~~~~~~~~~~~~~~~~~~~~~~~~~~~~~~~~~~~~~~~~
tth.lex: In function tth_epsf:
tth.lex:7898:22: warning: %s directive writing likely 3 or more bytes into a region of size between 0 and 149 [-Wformat-overflow=]
    }else{
                      ^      
tth.lex:7898:22: note: assuming directive output of 3 bytes
In file included from /usr/include/stdio.h:873,
                 from tth.c:20:
/usr/include/x86_64-linux-gnu/bits/stdio2.h:36:10: note: __builtin___sprintf_chk output 2 or more bytes (assuming 154) into a destination of size 150
   return __builtin___sprintf_chk (__s, __USE_FORTIFY_LEVEL - 1,
          ^~~~~~~~~~~~~~~~~~~~~~~~~~~~~~~~~~~~~~~~~~~~~~~~~~~~~~
       __bos (__s), __fmt, __va_arg_pack ());
       ~~~~~~~~~~~~~~~~~~~~~~~~~~~~~~~~~~~~~
tth.lex:7911:19: warning: %s directive writing likely 3 or more bytes into a region of size between 0 and 149 [-Wformat-overflow=]
  c=4;
                   ^      
tth.lex:7911:19: note: assuming directive output of 3 bytes
In file included from /usr/include/stdio.h:873,
                 from tth.c:20:
/usr/include/x86_64-linux-gnu/bits/stdio2.h:36:10: note: __builtin___sprintf_chk output 2 or more bytes (assuming 154) into a destination of size 150
   return __builtin___sprintf_chk (__s, __USE_FORTIFY_LEVEL - 1,
          ^~~~~~~~~~~~~~~~~~~~~~~~~~~~~~~~~~~~~~~~~~~~~~~~~~~~~~
       __bos (__s), __fmt, __va_arg_pack ());
       ~~~~~~~~~~~~~~~~~~~~~~~~~~~~~~~~~~~~~
tth.lex:7912:21: warning: %s directive writing up to 149 bytes into a region of size between 143 and 146 [-Wformat-overflow=]
       }
                     ^                              
In file included from /usr/include/stdio.h:873,
                 from tth.c:20:
/usr/include/x86_64-linux-gnu/bits/stdio2.h:36:10: note: __builtin___sprintf_chk output 6 or more bytes (assuming 307) into a destination of size 150
   return __builtin___sprintf_chk (__s, __USE_FORTIFY_LEVEL - 1,
          ^~~~~~~~~~~~~~~~~~~~~~~~~~~~~~~~~~~~~~~~~~~~~~~~~~~~~~
       __bos (__s), __fmt, __va_arg_pack ());
       ~~~~~~~~~~~~~~~~~~~~~~~~~~~~~~~~~~~~~
tth.lex:7922:23: warning: _icon. directive writing 6 bytes into a region of size between 1 and 150 [-Wformat-overflow=]
       fprintf(stderr,"Graphic %s exists. No conversion.\n",filestr2);
                       ^~~~~~~~~~~~
tth.lex:7922:23: note: assuming directive output of 3 bytes
In file included from /usr/include/stdio.h:873,
                 from tth.c:20:
/usr/include/x86_64-linux-gnu/bits/stdio2.h:36:10: note: __builtin___sprintf_chk output 7 or more bytes (assuming 159) into a destination of size 150
   return __builtin___sprintf_chk (__s, __USE_FORTIFY_LEVEL - 1,
          ^~~~~~~~~~~~~~~~~~~~~~~~~~~~~~~~~~~~~~~~~~~~~~~~~~~~~~
       __bos (__s), __fmt, __va_arg_pack ());
       ~~~~~~~~~~~~~~~~~~~~~~~~~~~~~~~~~~~~~
In file included from /usr/include/string.h:494,
                 from ttm.c:21:
In function strcpy,
    inlined from tth_push at ttm.lex:7710:4:
/usr/include/x86_64-linux-gnu/bits/string_fortified.h:90:10: warning: __builtin_strcpy accessing 1 byte at offsets [0, 15000] and [0, 15000] may overlap 1 byte at offset 0 [-Wrestrict]
   return __builtin___strcpy_chk (__dest, __src, __bos (__dest));
          ^~~~~~~~~~~~~~~~~~~~~~~~~~~~~~~~~~~~~~~~~~~~~~~~~~~~~~
In function strcpy,
    inlined from tth_push at ttm.lex:7712:4:
/usr/include/x86_64-linux-gnu/bits/string_fortified.h:90:10: warning: __builtin_strcpy accessing 1 byte at offsets [0, 15000] and [0, 15000] may overlap 1 byte at offset 0 [-Wrestrict]
   return __builtin___strcpy_chk (__dest, __src, __bos (__dest));
          ^~~~~~~~~~~~~~~~~~~~~~~~~~~~~~~~~~~~~~~~~~~~~~~~~~~~~~
ttm.lex: In function tth_epsf:
ttm.lex:7822:22: warning: %s directive writing likely 3 or more bytes into a region of size between 0 and 149 [-Wformat-overflow=]
      strcpy(filestr,arg); /*Restore original name*/
                      ^~~~~~~
ttm.lex:7822:22: note: assuming directive output of 3 bytes
In file included from /usr/include/stdio.h:873,
                 from ttm.c:20:
/usr/include/x86_64-linux-gnu/bits/stdio2.h:36:10: note: __builtin___sprintf_chk output 2 or more bytes (assuming 154) into a destination of size 150
   return __builtin___sprintf_chk (__s, __USE_FORTIFY_LEVEL - 1,
          ^~~~~~~~~~~~~~~~~~~~~~~~~~~~~~~~~~~~~~~~~~~~~~~~~~~~~~
       __bos (__s), __fmt, __va_arg_pack ());
       ~~~~~~~~~~~~~~~~~~~~~~~~~~~~~~~~~~~~~
ttm.lex:7835:19: warning: %s directive writing likely 3 or more bytes into a region of size between 0 and 149 [-Wformat-overflow=]
  psfound=1;
                   ^      
ttm.lex:7835:19: note: assuming directive output of 3 bytes
In file included from /usr/include/stdio.h:873,
                 from ttm.c:20:
/usr/include/x86_64-linux-gnu/bits/stdio2.h:36:10: note: __builtin___sprintf_chk output 2 or more bytes (assuming 154) into a destination of size 150
   return __builtin___sprintf_chk (__s, __USE_FORTIFY_LEVEL - 1,
          ^~~~~~~~~~~~~~~~~~~~~~~~~~~~~~~~~~~~~~~~~~~~~~~~~~~~~~
       __bos (__s), __fmt, __va_arg_pack ());
       ~~~~~~~~~~~~~~~~~~~~~~~~~~~~~~~~~~~~~
ttm.lex:7836:21: warning: %s directive writing up to 149 bytes into a region of size between 143 and 146 [-Wformat-overflow=]
  c=4;
                     ^                              
In file included from /usr/include/stdio.h:873,
                 from ttm.c:20:
/usr/include/x86_64-linux-gnu/bits/stdio2.h:36:10: note: __builtin___sprintf_chk output 6 or more bytes (assuming 307) into a destination of size 150
   return __builtin___sprintf_chk (__s, __USE_FORTIFY_LEVEL - 1,
          ^~~~~~~~~~~~~~~~~~~~~~~~~~~~~~~~~~~~~~~~~~~~~~~~~~~~~~
       __bos (__s), __fmt, __va_arg_pack ());
       ~~~~~~~~~~~~~~~~~~~~~~~~~~~~~~~~~~~~~
ttm.lex:7846:23: warning: _icon. directive writing 6 bytes into a region of size between 1 and 150 [-Wformat-overflow=]
     if ((giffile=fopen(filestr2,"r")) != NULL){
                       ^~~~~~~~~~~~
ttm.lex:7846:23: note: assuming directive output of 3 bytes
In file included from /usr/include/stdio.h:873,
                 from ttm.c:20:
/usr/include/x86_64-linux-gnu/bits/stdio2.h:36:10: note: __builtin___sprintf_chk output 7 or more bytes (assuming 159) into a destination of size 150
   return __builtin___sprintf_chk (__s, __USE_FORTIFY_LEVEL - 1,
          ^~~~~~~~~~~~~~~~~~~~~~~~~~~~~~~~~~~~~~~~~~~~~~~~~~~~~~
       __bos (__s), __fmt, __va_arg_pack ());
       ~~~~~~~~~~~~~~~~~~~~~~~~~~~~~~~~~~~~~
ttm.c: In function yylex:
ttm.lex:6606:25: warning: __builtin___sprintf_chk may write a terminating nul past the end of the destination [-Wformat-overflow=]
 <embracetok>\{   { /* already embraced */
                         ^~~~~
In file included from /usr/include/stdio.h:873,
                 from ttm.c:20:
/usr/include/x86_64-linux-gnu/bits/stdio2.h:36:10: note: __builtin___sprintf_chk output between 2 and 501 bytes into a destination of size 500
   return __builtin___sprintf_chk (__s, __USE_FORTIFY_LEVEL - 1,
          ^~~~~~~~~~~~~~~~~~~~~~~~~~~~~~~~~~~~~~~~~~~~~~~~~~~~~~
       __bos (__s), __fmt, __va_arg_pack ());
       ~~~~~~~~~~~~~~~~~~~~~~~~~~~~~~~~~~~~~
ttm.lex:6157:21: warning: %s directive writing up to 499 bytes into a region of size 486 [-Wformat-overflow=]
   default : strcpy(boxalign," align=\"center\"");
                     ^~~~~~~~~~~~~~~~~~~~ ~~~~~~~~     
In file included from /usr/include/stdio.h:873,
                 from ttm.c:20:
/usr/include/x86_64-linux-gnu/bits/stdio2.h:36:10: note: __builtin___sprintf_chk output between 15 and 514 bytes into a destination of size 500
   return __builtin___sprintf_chk (__s, __USE_FORTIFY_LEVEL - 1,
          ^~~~~~~~~~~~~~~~~~~~~~~~~~~~~~~~~~~~~~~~~~~~~~~~~~~~~~
       __bos (__s), __fmt, __va_arg_pack ());
       ~~~~~~~~~~~~~~~~~~~~~~~~~~~~~~~~~~~~~
ttm.lex:6088:6: warning: %s directive writing up to 499 bytes into a region of size between 447 and 452 [-Wformat-overflow=]
   if(strstr(yytext,"\\h")){
      ^~~~~~~~~~~~~~~~~~~~~~                                         
     strcpy(boxalign," align=\"right\"");
                                       ~~      
In file included from /usr/include/stdio.h:873,
                 from ttm.c:20:
/usr/include/x86_64-linux-gnu/bits/stdio2.h:36:10: note: __builtin___sprintf_chk output between 51 and 555 bytes into a destination of size 500
   return __builtin___sprintf_chk (__s, __USE_FORTIFY_LEVEL - 1,
          ^~~~~~~~~~~~~~~~~~~~~~~~~~~~~~~~~~~~~~~~~~~~~~~~~~~~~~
       __bos (__s), __fmt, __va_arg_pack ());
       ~~~~~~~~~~~~~~~~~~~~~~~~~~~~~~~~~~~~~
ttm.lex:6083:6: warning: %s directive writing up to 499 bytes into a region of size between 440 and 450 [-Wformat-overflow=]
   GET_DIMEN;
      ^~~~~~~                                                           
 }
                                    
In file included from /usr/include/stdio.h:873,
                 from ttm.c:20:
/usr/include/x86_64-linux-gnu/bits/stdio2.h:36:10: note: __builtin___sprintf_chk output between 53 and 562 bytes into a destination of size 500
   return __builtin___sprintf_chk (__s, __USE_FORTIFY_LEVEL - 1,
          ^~~~~~~~~~~~~~~~~~~~~~~~~~~~~~~~~~~~~~~~~~~~~~~~~~~~~~
       __bos (__s), __fmt, __va_arg_pack ());
       ~~~~~~~~~~~~~~~~~~~~~~~~~~~~~~~~~~~~~
ttm.lex:5935:25: warning: %s directive writing up to 499 bytes into a region of size 496 [-Wformat-overflow=]
 \\hsize {
                         ^                           
   strcpy(newcstr,yytext);*scratchstring=0;
        ~~~~~~~           
ttm.lex:5935:25: note: assuming directive output of 8 bytes
In file included from /usr/include/stdio.h:873,
                 from ttm.c:20:
/usr/include/x86_64-linux-gnu/bits/stdio2.h:36:10: note: __builtin___sprintf_chk output between 20 and 1831 bytes into a destination of size 500
   return __builtin___sprintf_chk (__s, __USE_FORTIFY_LEVEL - 1,
          ^~~~~~~~~~~~~~~~~~~~~~~~~~~~~~~~~~~~~~~~~~~~~~~~~~~~~~
       __bos (__s), __fmt, __va_arg_pack ());
       ~~~~~~~~~~~~~~~~~~~~~~~~~~~~~~~~~~~~~
ttm.lex:5939:24: warning: %s directive writing up to 499 bytes into a region of size between 477 and 482 [-Wformat-overflow=]
 } */
                        ^                           
 <setdimen>{ANY} {
                                  
In file included from /usr/include/stdio.h:873,
                 from ttm.c:20:
/usr/include/x86_64-linux-gnu/bits/stdio2.h:36:10: note: __builtin___sprintf_chk output between 21 and 525 bytes into a destination of size 500
   return __builtin___sprintf_chk (__s, __USE_FORTIFY_LEVEL - 1,
          ^~~~~~~~~~~~~~~~~~~~~~~~~~~~~~~~~~~~~~~~~~~~~~~~~~~~~~
       __bos (__s), __fmt, __va_arg_pack ());
       ~~~~~~~~~~~~~~~~~~~~~~~~~~~~~~~~~~~~~
ttm.lex:5926:25: warning: %s directive writing up to 499 bytes into a region of size 496 [-Wformat-overflow=]
   *scratchstring=0;
                         ^                           
   if(tth_push_depth-tth_LaTeX>0 || strcmp(newcstr,"\\hsize"))
        ~~~~~~~           
ttm.lex:5926:25: note: assuming directive output of 8 bytes
In file included from /usr/include/stdio.h:873,
                 from ttm.c:20:
/usr/include/x86_64-linux-gnu/bits/stdio2.h:36:10: note: __builtin___sprintf_chk output between 30 and 1342 bytes into a destination of size 500
   return __builtin___sprintf_chk (__s, __USE_FORTIFY_LEVEL - 1,
          ^~~~~~~~~~~~~~~~~~~~~~~~~~~~~~~~~~~~~~~~~~~~~~~~~~~~~~
       __bos (__s), __fmt, __va_arg_pack ());
       ~~~~~~~~~~~~~~~~~~~~~~~~~~~~~~~~~~~~~
ttm.lex:5930:24: warning: %s directive writing up to 499 bytes into a region of size between 472 and 482 [-Wformat-overflow=]
  /*    yy_push_state(argclear); */
                        ^~~~~~~~~~~                 
   GET_DIMEN;/* Get the current dimension*/
                                 ~~~~~~~~
In file included from /usr/include/stdio.h:873,
                 from ttm.c:20:
/usr/include/x86_64-linux-gnu/bits/stdio2.h:36:10: note: __builtin___sprintf_chk output between 21 and 530 bytes into a destination of size 500
   return __builtin___sprintf_chk (__s, __USE_FORTIFY_LEVEL - 1,
          ^~~~~~~~~~~~~~~~~~~~~~~~~~~~~~~~~~~~~~~~~~~~~~~~~~~~~~
       __bos (__s), __fmt, __va_arg_pack ());
       ~~~~~~~~~~~~~~~~~~~~~~~~~~~~~~~~~~~~~
ttm.lex:5414:27: warning: %f directive writing between 3 and 317 bytes into a region of size between 0 and 499 [-Wformat-overflow=]
   yy_push_state(dimadv); /* Prepare to get second and advance. */
                           ^~~~~~~~~
ttm.lex:5414:27: note: assuming directive output of 8 bytes
In file included from /usr/include/stdio.h:873,
                 from ttm.c:20:
/usr/include/x86_64-linux-gnu/bits/stdio2.h:36:10: note: __builtin___sprintf_chk output between 5 and 1317 bytes into a destination of size 500
   return __builtin___sprintf_chk (__s, __USE_FORTIFY_LEVEL - 1,
          ^~~~~~~~~~~~~~~~~~~~~~~~~~~~~~~~~~~~~~~~~~~~~~~~~~~~~~
       __bos (__s), __fmt, __va_arg_pack ());
       ~~~~~~~~~~~~~~~~~~~~~~~~~~~~~~~~~~~~~
ttm.lex:5216:20: warning: %s directive writing up to 19999 bytes into a region of size 19995 [-Wformat-overflow=]
   else if(strstr(chscratch,"msl") != NULL) strcpy(defstore,"\\rmfamily\\it");
                    ^~~~~~~~~~~~~           ~~~~~~~~
In file included from /usr/include/stdio.h:873,
                 from ttm.c:20:
/usr/include/x86_64-linux-gnu/bits/stdio2.h:36:10: note: __builtin___sprintf_chk output 7 or more bytes (assuming 20006) into a destination of size 20000
   return __builtin___sprintf_chk (__s, __USE_FORTIFY_LEVEL - 1,
          ^~~~~~~~~~~~~~~~~~~~~~~~~~~~~~~~~~~~~~~~~~~~~~~~~~~~~~
       __bos (__s), __fmt, __va_arg_pack ());
       ~~~~~~~~~~~~~~~~~~~~~~~~~~~~~~~~~~~~~
ttm.lex:3588:24: warning: %s directive writing up to 19 bytes into a region of size 17 [-Wformat-overflow=]
     if(appendix)sprintf(labelchar,"%c",sectno+1+64);
                        ^~~~~~~~~~~ ~~~~~~~~~
In file included from /usr/include/stdio.h:873,
                 from ttm.c:20:
/usr/include/x86_64-linux-gnu/bits/stdio2.h:36:10: note: __builtin___sprintf_chk output between 8 and 27 bytes into a destination of size 20
   return __builtin___sprintf_chk (__s, __USE_FORTIFY_LEVEL - 1,
          ^~~~~~~~~~~~~~~~~~~~~~~~~~~~~~~~~~~~~~~~~~~~~~~~~~~~~~
       __bos (__s), __fmt, __va_arg_pack ());
       ~~~~~~~~~~~~~~~~~~~~~~~~~~~~~~~~~~~~~
ttm.lex:3573:25: warning: %s directive writing up to 499 bytes into a region of size between 405 and 424 [-Wformat-overflow=]
   sprintf(scratchstring,"\n\\stepcounter{chapter}\\tthenclose{\
                         ^~~~~~~~~~~~~~~~~~~~~~~~~~~~~~~~~~~~~~~
  \\special{html:<a id=\"tth_chAp%s\"></a><h1>}\n%s{ \\thechapter}\
  ~~~~~~~~~~~~~~~~~~~~~~~~~~~~~~~~~~~~~~~~~~~~~~~~~~~~~~~~~~~~~~~~~
  \\special{html:<br />}}{\\special{html:</h1>}} ",
  ~~~~~~~~~~~~~~~~~~~~~~~~~~~~~~~~~~~~~~~~~~~~~~~~
    labelchar,argchar);
              ~~~~~~~     
In file included from /usr/include/stdio.h:873,
                 from ttm.c:20:
/usr/include/x86_64-linux-gnu/bits/stdio2.h:36:10: note: __builtin___sprintf_chk output between 137 and 655 bytes into a destination of size 500
   return __builtin___sprintf_chk (__s, __USE_FORTIFY_LEVEL - 1,
          ^~~~~~~~~~~~~~~~~~~~~~~~~~~~~~~~~~~~~~~~~~~~~~~~~~~~~~
       __bos (__s), __fmt, __va_arg_pack ());
       ~~~~~~~~~~~~~~~~~~~~~~~~~~~~~~~~~~~~~
ttm.lex:3552:22: warning: %s directive writing up to 19 bytes into a region of size 16 [-Wformat-overflow=]
     sprintf(filenext,"chap%s.xml",labelchar);/*sf*/
                      ^~~~~~~~~~~~ ~~~~~~~~~
In file included from /usr/include/stdio.h:873,
                 from ttm.c:20:
/usr/include/x86_64-linux-gnu/bits/stdio2.h:36:10: note: __builtin___sprintf_chk output between 9 and 28 bytes into a destination of size 20
   return __builtin___sprintf_chk (__s, __USE_FORTIFY_LEVEL - 1,
          ^~~~~~~~~~~~~~~~~~~~~~~~~~~~~~~~~~~~~~~~~~~~~~~~~~~~~~
       __bos (__s), __fmt, __va_arg_pack ());
       ~~~~~~~~~~~~~~~~~~~~~~~~~~~~~~~~~~~~~
ttm.lex:3500:24: warning: %s directive writing up to 499 bytes into a region of size 471 [-Wformat-overflow=]
  sprintf(scratchstring,"latex -interaction=batchmode %s >%s.tlg",
                        ^~~~~~~~~~~~~~~~~~~~~~~~~~~~~~~~~~~~~~~~~
   tth_latex_file,tth_latex_file);
   ~~~~~~~~~~~~~~        
In file included from /usr/include/stdio.h:873,
                 from ttm.c:20:
/usr/include/x86_64-linux-gnu/bits/stdio2.h:36:10: note: __builtin___sprintf_chk output between 36 and 1034 bytes into a destination of size 500
   return __builtin___sprintf_chk (__s, __USE_FORTIFY_LEVEL - 1,
          ^~~~~~~~~~~~~~~~~~~~~~~~~~~~~~~~~~~~~~~~~~~~~~~~~~~~~~
       __bos (__s), __fmt, __va_arg_pack ());
       ~~~~~~~~~~~~~~~~~~~~~~~~~~~~~~~~~~~~~
ttm.lex:3505:20: warning: %s directive writing up to 499 bytes into a region of size 493 [-Wformat-overflow=]
  sprintf(scrstring,"bibtex %s",tth_latex_file);
                    ^~~~~~~~~~~ ~~~~~~~~~~~~~~
In file included from /usr/include/stdio.h:873,
                 from ttm.c:20:
/usr/include/x86_64-linux-gnu/bits/stdio2.h:36:10: note: __builtin___sprintf_chk output between 8 and 507 bytes into a destination of size 500
   return __builtin___sprintf_chk (__s, __USE_FORTIFY_LEVEL - 1,
          ^~~~~~~~~~~~~~~~~~~~~~~~~~~~~~~~~~~~~~~~~~~~~~~~~~~~~~
       __bos (__s), __fmt, __va_arg_pack ());
       ~~~~~~~~~~~~~~~~~~~~~~~~~~~~~~~~~~~~~
ttm.lex:3281:27: warning: %s directive writing up to 499 bytes into a region of size 461 [-Wformat-overflow=]
     sprintf(scratchstring,"\\htmlheader{1}{\\contentsname{ }}\\input %s ",
                           ^~~~~~~~~~~~~~~~~~~~~~~~~~~~~~~~~~~~~~~~~~~~~~~
      argchar);
      ~~~~~~~               
In file included from /usr/include/stdio.h:873,
                 from ttm.c:20:
/usr/include/x86_64-linux-gnu/bits/stdio2.h:36:10: note: __builtin___sprintf_chk output between 41 and 540 bytes into a destination of size 500
   return __builtin___sprintf_chk (__s, __USE_FORTIFY_LEVEL - 1,
          ^~~~~~~~~~~~~~~~~~~~~~~~~~~~~~~~~~~~~~~~~~~~~~~~~~~~~~
       __bos (__s), __fmt, __va_arg_pack ());
       ~~~~~~~~~~~~~~~~~~~~~~~~~~~~~~~~~~~~~
ttm.lex:3258:33: warning: %s directive writing up to 499 bytes into a region of size 487 [-Wformat-overflow=]
     }else sprintf(scratchstring,"makeindex -o %s.tin -s %s.tms %s.tid",
                                 ^~~~~~~~~~~~~~~~~~~~~~~~~~~~~~~~~~~~~~
    tth_latex_file,tth_latex_file,tth_latex_file);
    ~~~~~~~~~~~~~~                
In file included from /usr/include/stdio.h:873,
                 from ttm.c:20:
/usr/include/x86_64-linux-gnu/bits/stdio2.h:36:10: note: __builtin___sprintf_chk output between 31 and 1528 bytes into a destination of size 500
   return __builtin___sprintf_chk (__s, __USE_FORTIFY_LEVEL - 1,
          ^~~~~~~~~~~~~~~~~~~~~~~~~~~~~~~~~~~~~~~~~~~~~~~~~~~~~~
       __bos (__s), __fmt, __va_arg_pack ());
       ~~~~~~~~~~~~~~~~~~~~~~~~~~~~~~~~~~~~~
ttm.lex:3255:24: warning:  -o  directive writing 4 bytes into a region of size between 1 and 500 [-Wformat-overflow=]
  sprintf(scratchstring,"%s -o %s.tin %s.tid",
                        ^~~~~~~~~~~~~~~~~~~~~
In file included from /usr/include/stdio.h:873,
                 from ttm.c:20:
/usr/include/x86_64-linux-gnu/bits/stdio2.h:36:10: note: __builtin___sprintf_chk output between 14 and 1511 bytes into a destination of size 500
   return __builtin___sprintf_chk (__s, __USE_FORTIFY_LEVEL - 1,
          ^~~~~~~~~~~~~~~~~~~~~~~~~~~~~~~~~~~~~~~~~~~~~~~~~~~~~~
       __bos (__s), __fmt, __va_arg_pack ());
       ~~~~~~~~~~~~~~~~~~~~~~~~~~~~~~~~~~~~~
ttm.lex:3268:19: warning: %s directive writing up to 499 bytes into a region of size 432 [-Wformat-overflow=]
   sprintf(argchar,"\n\\special{html:<a id=\"tth_sEcindex\"></a>\n}\\beginsection{\\indexname{ %s}}\\par\\input %s.tin",
                   ^~~~~~~~~~~~~~~~~~~~~~~~~~~~~~~~~~~~~~~~~~~~~~~~~~~~~~~~~~~~~~~~~~~~~~~~~~~~~~~~~~~~~~~~~~~~~~~~~~~~
    scratchstring,tth_latex_file);
    ~~~~~~~~~~~~~   
In file included from /usr/include/stdio.h:873,
                 from ttm.c:20:
/usr/include/x86_64-linux-gnu/bits/stdio2.h:36:10: note: __builtin___sprintf_chk output between 86 and 1084 bytes into a destination of size 500
   return __builtin___sprintf_chk (__s, __USE_FORTIFY_LEVEL - 1,
          ^~~~~~~~~~~~~~~~~~~~~~~~~~~~~~~~~~~~~~~~~~~~~~~~~~~~~~
       __bos (__s), __fmt, __va_arg_pack ());
       ~~~~~~~~~~~~~~~~~~~~~~~~~~~~~~~~~~~~~
ttm.lex:3117:3: warning: %s directive writing up to 499 bytes into a region of size 471 [-Wformat-overflow=]
   "latex -interaction=batchmode %s >%s.tlg",
   ^~~~~~~~~~~~~~~~~~~~~~~~~~~~~~~~~~~~~~~~~
   tth_latex_file,tth_latex_file);
   ~~~~~~~~~~~~~~
In file included from /usr/include/stdio.h:873,
                 from ttm.c:20:
/usr/include/x86_64-linux-gnu/bits/stdio2.h:36:10: note: __builtin___sprintf_chk output between 36 and 1034 bytes into a destination of size 500
   return __builtin___sprintf_chk (__s, __USE_FORTIFY_LEVEL - 1,
          ^~~~~~~~~~~~~~~~~~~~~~~~~~~~~~~~~~~~~~~~~~~~~~~~~~~~~~
       __bos (__s), __fmt, __va_arg_pack ());
       ~~~~~~~~~~~~~~~~~~~~~~~~~~~~~~~~~~~~~
ttm.lex:7176:21: warning: %s directive writing up to 499 bytes into a region of size 493 [-Wformat-overflow=]
 \\-
                     ^                         
In file included from /usr/include/stdio.h:873,
                 from ttm.c:20:
/usr/include/x86_64-linux-gnu/bits/stdio2.h:36:10: note: __builtin___sprintf_chk output between 8 and 507 bytes into a destination of size 500
   return __builtin___sprintf_chk (__s, __USE_FORTIFY_LEVEL - 1,
          ^~~~~~~~~~~~~~~~~~~~~~~~~~~~~~~~~~~~~~~~~~~~~~~~~~~~~~
       __bos (__s), __fmt, __va_arg_pack ());
       ~~~~~~~~~~~~~~~~~~~~~~~~~~~~~~~~~~~~~
ttm.lex:2732:27: warning: %s directive writing up to 499 bytes into a region of size between 344 and 440 [-Wformat-overflow=]
      (eqalignlog ? TTH_DISP5 : TTH_DISP3),scrstring);
                           ^~~~~~~~~~~~~~~~~~~~~~~~~~~             
     /*fprintf(stderr,"Ending eqno: %s\n",scratchstring); */
                                           ~~~~~~~~~
In file included from /usr/include/stdio.h:873,
                 from ttm.c:20:
/usr/include/x86_64-linux-gnu/bits/stdio2.h:36:10: note: __builtin___sprintf_chk output between 77 and 672 bytes into a destination of size 500
   return __builtin___sprintf_chk (__s, __USE_FORTIFY_LEVEL - 1,
          ^~~~~~~~~~~~~~~~~~~~~~~~~~~~~~~~~~~~~~~~~~~~~~~~~~~~~~
       __bos (__s), __fmt, __va_arg_pack ());
       ~~~~~~~~~~~~~~~~~~~~~~~~~~~~~~~~~~~~~
ttm.lex:1546:21: warning: %s directive writing up to 499 bytes into a region of size 493 [-Wformat-overflow=]
   TTH_SCAN_STRING(scrstring);
                     ^~~~~~~~~                                                                             
In file included from /usr/include/stdio.h:873,
                 from ttm.c:20:
/usr/include/x86_64-linux-gnu/bits/stdio2.h:36:10: note: __builtin___sprintf_chk output between 54 and 1571 bytes into a destination of size 500
   return __builtin___sprintf_chk (__s, __USE_FORTIFY_LEVEL - 1,
          ^~~~~~~~~~~~~~~~~~~~~~~~~~~~~~~~~~~~~~~~~~~~~~~~~~~~~~
       __bos (__s), __fmt, __va_arg_pack ());
       ~~~~~~~~~~~~~~~~~~~~~~~~~~~~~~~~~~~~~
ttm.lex:1469:21: warning: %s directive writing up to 499 bytes into a region of size 493 [-Wformat-overflow=]
   TTH_SWAP(scrstring);
                     ^~                         
In file included from /usr/include/stdio.h:873,
                 from ttm.c:20:
/usr/include/x86_64-linux-gnu/bits/stdio2.h:36:10: note: __builtin___sprintf_chk output between 9 and 508 bytes into a destination of size 500
   return __builtin___sprintf_chk (__s, __USE_FORTIFY_LEVEL - 1,
          ^~~~~~~~~~~~~~~~~~~~~~~~~~~~~~~~~~~~~~~~~~~~~~~~~~~~~~
       __bos (__s), __fmt, __va_arg_pack ());
       ~~~~~~~~~~~~~~~~~~~~~~~~~~~~~~~~~~~~~
In file included from /usr/include/string.h:494,
                 from ttm.c:21:
In function strcat,
    inlined from yylex at ttm.lex:6804:7:
/usr/include/x86_64-linux-gnu/bits/string_fortified.h:128:10: warning: __builtin_strcat accessing between 1 and 499 bytes at offsets [0, 15000] and 0 may overlap 1 byte at offset [0, 15499] [-Wrestrict]
   return __builtin___strcat_chk (__dest, __src, __bos (__dest));
          ^~~~~~~~~~~~~~~~~~~~~~~~~~~~~~~~~~~~~~~~~~~~~~~~~~~~~~
In function strcat,
    inlined from yylex at ttm.lex:6805:7:
/usr/include/x86_64-linux-gnu/bits/string_fortified.h:128:10: warning: __builtin_strcat accessing between 1 and 499 bytes at offsets [0, 15000] and 0 may overlap 1 byte at offset [0, 15499] [-Wrestrict]
   return __builtin___strcat_chk (__dest, __src, __bos (__dest));
          ^~~~~~~~~~~~~~~~~~~~~~~~~~~~~~~~~~~~~~~~~~~~~~~~~~~~~~
In function strcat,
    inlined from yylex at ttm.lex:6717:5:
/usr/include/x86_64-linux-gnu/bits/string_fortified.h:128:10: warning: __builtin_strcat accessing between 1 and 499 bytes at offsets [0, 15000] and 0 may overlap 1 byte at offset [0, 15499] [-Wrestrict]
   return __builtin___strcat_chk (__dest, __src, __bos (__dest));
          ^~~~~~~~~~~~~~~~~~~~~~~~~~~~~~~~~~~~~~~~~~~~~~~~~~~~~~
In function strcat,
    inlined from yylex at ttm.lex:6718:5:
/usr/include/x86_64-linux-gnu/bits/string_fortified.h:128:10: warning: __builtin_strcat accessing between 1 and 499 bytes at offsets [0, 15000] and 0 may overlap 1 byte at offset [0, 15499] [-Wrestrict]
   return __builtin___strcat_chk (__dest, __src, __bos (__dest));
          ^~~~~~~~~~~~~~~~~~~~~~~~~~~~~~~~~~~~~~~~~~~~~~~~~~~~~~
In function strncat,
    inlined from yylex at ttm.lex:4373:26:
/usr/include/x86_64-linux-gnu/bits/string_fortified.h:136:10: warning: __builtin___strncat_chk accessing between 3 and 7 bytes at offsets 0 and [2, 500] may overlap 1 byte at offset [2, 507] [-Wrestrict]
   return __builtin___strncat_chk (__dest, __src, __len, __bos (__dest));
          ^~~~~~~~~~~~~~~~~~~~~~~~~~~~~~~~~~~~~~~~~~~~~~~~~~~~~~~~~~~~~~
In function strcat,
    inlined from yylex at ttm.lex:3072:5:
/usr/include/x86_64-linux-gnu/bits/string_fortified.h:128:10: warning: __builtin_strcat accessing between 1 and 499 bytes at offsets [0, 15000] and 0 may overlap 1 byte at offset [0, 15499] [-Wrestrict]
   return __builtin___strcat_chk (__dest, __src, __bos (__dest));
          ^~~~~~~~~~~~~~~~~~~~~~~~~~~~~~~~~~~~~~~~~~~~~~~~~~~~~~
In function strcat,
    inlined from yylex at ttm.lex:3073:5:
/usr/include/x86_64-linux-gnu/bits/string_fortified.h:128:10: warning: __builtin_strcat accessing between 1 and 499 bytes at offsets [0, 15000] and 0 may overlap 1 byte at offset [0, 15499] [-Wrestrict]
   return __builtin___strcat_chk (__dest, __src, __bos (__dest));
          ^~~~~~~~~~~~~~~~~~~~~~~~~~~~~~~~~~~~~~~~~~~~~~~~~~~~~~
tth.c: In function yylex:
tth.lex:6682:25: warning: __builtin___sprintf_chk may write a terminating nul past the end of the destination [-Wformat-overflow=]
   strcat(dupstore,"{");
                         ^    
In file included from /usr/include/stdio.h:873,
                 from tth.c:20:
/usr/include/x86_64-linux-gnu/bits/stdio2.h:36:10: note: __builtin___sprintf_chk output between 2 and 501 bytes into a destination of size 500
   return __builtin___sprintf_chk (__s, __USE_FORTIFY_LEVEL - 1,
          ^~~~~~~~~~~~~~~~~~~~~~~~~~~~~~~~~~~~~~~~~~~~~~~~~~~~~~
       __bos (__s), __fmt, __va_arg_pack ());
       ~~~~~~~~~~~~~~~~~~~~~~~~~~~~~~~~~~~~~
tth.lex:6233:21: warning: %s directive writing up to 499 bytes into a region of size 486 [-Wformat-overflow=]
   }
                     ^                                 
In file included from /usr/include/stdio.h:873,
                 from tth.c:20:
/usr/include/x86_64-linux-gnu/bits/stdio2.h:36:10: note: __builtin___sprintf_chk output between 15 and 514 bytes into a destination of size 500
   return __builtin___sprintf_chk (__s, __USE_FORTIFY_LEVEL - 1,
          ^~~~~~~~~~~~~~~~~~~~~~~~~~~~~~~~~~~~~~~~~~~~~~~~~~~~~~
       __bos (__s), __fmt, __va_arg_pack ());
       ~~~~~~~~~~~~~~~~~~~~~~~~~~~~~~~~~~~~~
tth.lex:6164:6: warning: %s directive writing up to 499 bytes into a region of size between 447 and 452 [-Wformat-overflow=]
     strcpy(boxalign," align=\"right\"");
      ^~~~~~~~~~~~~~~~~~~~~~~~~~~~~~~~~~~                            
   }
                                               
In file included from /usr/include/stdio.h:873,
                 from tth.c:20:
/usr/include/x86_64-linux-gnu/bits/stdio2.h:36:10: note: __builtin___sprintf_chk output between 51 and 555 bytes into a destination of size 500
   return __builtin___sprintf_chk (__s, __USE_FORTIFY_LEVEL - 1,
          ^~~~~~~~~~~~~~~~~~~~~~~~~~~~~~~~~~~~~~~~~~~~~~~~~~~~~~
       __bos (__s), __fmt, __va_arg_pack ());
       ~~~~~~~~~~~~~~~~~~~~~~~~~~~~~~~~~~~~~
tth.lex:6159:6: warning: %s directive writing up to 499 bytes into a region of size between 440 and 450 [-Wformat-overflow=]
 }
      ^                                                                 
 \\line  TTH_SCAN_STRING("\\par\\hbox to\\hsize ");
                            ~~~~~~~~
In file included from /usr/include/stdio.h:873,
                 from tth.c:20:
/usr/include/x86_64-linux-gnu/bits/stdio2.h:36:10: note: __builtin___sprintf_chk output between 53 and 562 bytes into a destination of size 500
   return __builtin___sprintf_chk (__s, __USE_FORTIFY_LEVEL - 1,
          ^~~~~~~~~~~~~~~~~~~~~~~~~~~~~~~~~~~~~~~~~~~~~~~~~~~~~~
       __bos (__s), __fmt, __va_arg_pack ());
       ~~~~~~~~~~~~~~~~~~~~~~~~~~~~~~~~~~~~~
tth.lex:6011:25: warning: %s directive writing up to 499 bytes into a region of size 496 [-Wformat-overflow=]
   strcpy(newcstr,yytext);*scratchstring=0;
                         ^~~~~~~~~~~~~~~~~~          
   if(tth_push_depth-tth_LaTeX>0)yy_push_state(setdimen);
        ~~~~~~~           
tth.lex:6011:25: note: assuming directive output of 8 bytes
In file included from /usr/include/stdio.h:873,
                 from tth.c:20:
/usr/include/x86_64-linux-gnu/bits/stdio2.h:36:10: note: __builtin___sprintf_chk output between 20 and 1831 bytes into a destination of size 500
   return __builtin___sprintf_chk (__s, __USE_FORTIFY_LEVEL - 1,
          ^~~~~~~~~~~~~~~~~~~~~~~~~~~~~~~~~~~~~~~~~~~~~~~~~~~~~~
       __bos (__s), __fmt, __va_arg_pack ());
       ~~~~~~~~~~~~~~~~~~~~~~~~~~~~~~~~~~~~~
tth.lex:6015:24: warning: %s directive writing up to 499 bytes into a region of size between 477 and 482 [-Wformat-overflow=]
 <setdimen>{ANY} {
                        ^                           
   yy_pop_state();yyless(0);
                          ~~      
In file included from /usr/include/stdio.h:873,
                 from tth.c:20:
/usr/include/x86_64-linux-gnu/bits/stdio2.h:36:10: note: __builtin___sprintf_chk output between 21 and 525 bytes into a destination of size 500
   return __builtin___sprintf_chk (__s, __USE_FORTIFY_LEVEL - 1,
          ^~~~~~~~~~~~~~~~~~~~~~~~~~~~~~~~~~~~~~~~~~~~~~~~~~~~~~
       __bos (__s), __fmt, __va_arg_pack ());
       ~~~~~~~~~~~~~~~~~~~~~~~~~~~~~~~~~~~~~
tth.lex:6002:25: warning: %s directive writing up to 499 bytes into a region of size 496 [-Wformat-overflow=]
   if(tth_push_depth-tth_LaTeX>0 || strcmp(newcstr,"\\hsize"))
                         ^~~~~~~~~~~~~~~~~~~~~~~~~~~~
      yy_push_state(setdimen);
        ~~~~~~~           
tth.lex:6002:25: note: assuming directive output of 8 bytes
In file included from /usr/include/stdio.h:873,
                 from tth.c:20:
/usr/include/x86_64-linux-gnu/bits/stdio2.h:36:10: note: __builtin___sprintf_chk output between 30 and 1342 bytes into a destination of size 500
   return __builtin___sprintf_chk (__s, __USE_FORTIFY_LEVEL - 1,
          ^~~~~~~~~~~~~~~~~~~~~~~~~~~~~~~~~~~~~~~~~~~~~~~~~~~~~~
       __bos (__s), __fmt, __va_arg_pack ());
       ~~~~~~~~~~~~~~~~~~~~~~~~~~~~~~~~~~~~~
tth.lex:6006:24: warning: %s directive writing up to 499 bytes into a region of size between 472 and 482 [-Wformat-overflow=]
   GET_DIMEN;/* Get the current dimension*/
                        ^~~~~~~~~~~~~~~~~~~         
   if(tth_debug&1024){fprintf(stderr,"Dimension to set: %s  Now follow the current and the new values:\n",newcstr);}
                                 ~~~~~~~~
In file included from /usr/include/stdio.h:873,
                 from tth.c:20:
/usr/include/x86_64-linux-gnu/bits/stdio2.h:36:10: note: __builtin___sprintf_chk output between 21 and 530 bytes into a destination of size 500
   return __builtin___sprintf_chk (__s, __USE_FORTIFY_LEVEL - 1,
          ^~~~~~~~~~~~~~~~~~~~~~~~~~~~~~~~~~~~~~~~~~~~~~~~~~~~~~
       __bos (__s), __fmt, __va_arg_pack ());
       ~~~~~~~~~~~~~~~~~~~~~~~~~~~~~~~~~~~~~
tth.lex:5490:27: warning: %f directive writing between 3 and 317 bytes into a region of size between 0 and 499 [-Wformat-overflow=]
   dimadvstate=0;
                           ^        
tth.lex:5490:27: note: assuming directive output of 8 bytes
In file included from /usr/include/stdio.h:873,
                 from tth.c:20:
/usr/include/x86_64-linux-gnu/bits/stdio2.h:36:10: note: __builtin___sprintf_chk output between 5 and 1317 bytes into a destination of size 500
   return __builtin___sprintf_chk (__s, __USE_FORTIFY_LEVEL - 1,
          ^~~~~~~~~~~~~~~~~~~~~~~~~~~~~~~~~~~~~~~~~~~~~~~~~~~~~~
       __bos (__s), __fmt, __va_arg_pack ());
       ~~~~~~~~~~~~~~~~~~~~~~~~~~~~~~~~~~~~~
tth.lex:5292:20: warning: %s directive writing up to 19999 bytes into a region of size 19995 [-Wformat-overflow=]
   else if(strstr(chscratch,"mi") != NULL) strcpy(defstore,"\\rmfamily\\it");
                    ^~~~~~~~~~~~~           ~~~~~~~~
In file included from /usr/include/stdio.h:873,
                 from tth.c:20:
/usr/include/x86_64-linux-gnu/bits/stdio2.h:36:10: note: __builtin___sprintf_chk output 7 or more bytes (assuming 20006) into a destination of size 20000
   return __builtin___sprintf_chk (__s, __USE_FORTIFY_LEVEL - 1,
          ^~~~~~~~~~~~~~~~~~~~~~~~~~~~~~~~~~~~~~~~~~~~~~~~~~~~~~
       __bos (__s), __fmt, __va_arg_pack ());
       ~~~~~~~~~~~~~~~~~~~~~~~~~~~~~~~~~~~~~
tth.lex:971:22: warning: %s directive writing up to 499 bytes into a region of size between 475 and 485 [-Wformat-overflow=]
 #define TTH_TABNOAL "\n<tr><td colspan=\"%d\">"
                      ^~~~~~~~~~~~~~~~~~~~~~~
tth.lex:4452:21: note: in expansion of macro TTH_MULSTART
   TTH_TEX_FN("\\tth_multiinner#tthdrop2",2);
                     ^~~~~~~~~~~~
In file included from /usr/include/stdio.h:873,
                 from tth.c:20:
/usr/include/x86_64-linux-gnu/bits/stdio2.h:36:10: note: __builtin___sprintf_chk output between 17 and 526 bytes into a destination of size 500
   return __builtin___sprintf_chk (__s, __USE_FORTIFY_LEVEL - 1,
          ^~~~~~~~~~~~~~~~~~~~~~~~~~~~~~~~~~~~~~~~~~~~~~~~~~~~~~
       __bos (__s), __fmt, __va_arg_pack ());
       ~~~~~~~~~~~~~~~~~~~~~~~~~~~~~~~~~~~~~
tth.lex:975:19: warning: %s directive writing up to 499 bytes into a region of size 497 [-Wformat-overflow=]
 #define TTH_TABRT " align=\"right\""
                   ^~~~~~~~
tth.lex:1094:40: note: in expansion of macro TTH_TDVAR
          TTH_OUTPUT(tdalign);*tdalign=0;\
                                        ^~       
tth.lex:4326:55: note: in expansion of macro TTH_HALACT
     yy_delete_buffer(YY_CURRENT_BUFFER);
                                                       ^         
In file included from /usr/include/stdio.h:873,
                 from tth.c:20:
/usr/include/x86_64-linux-gnu/bits/stdio2.h:36:10: note: __builtin___sprintf_chk output between 5 and 504 bytes into a destination of size 500
   return __builtin___sprintf_chk (__s, __USE_FORTIFY_LEVEL - 1,
          ^~~~~~~~~~~~~~~~~~~~~~~~~~~~~~~~~~~~~~~~~~~~~~~~~~~~~~
       __bos (__s), __fmt, __va_arg_pack ());
       ~~~~~~~~~~~~~~~~~~~~~~~~~~~~~~~~~~~~~
tth.lex:975:19: warning: %s directive writing up to 499 bytes into a region of size 497 [-Wformat-overflow=]
 #define TTH_TABRT " align=\"right\""
                   ^~~~~~~~
tth.lex:1094:40: note: in expansion of macro TTH_TDVAR
          TTH_OUTPUT(tdalign);*tdalign=0;\
                                        ^~       
tth.lex:4305:3: note: in expansion of macro TTH_HALACT
   yy_pop_state();
   ^~~~~~~~~~
In file included from /usr/include/stdio.h:873,
                 from tth.c:20:
/usr/include/x86_64-linux-gnu/bits/stdio2.h:36:10: note: __builtin___sprintf_chk output between 5 and 504 bytes into a destination of size 500
   return __builtin___sprintf_chk (__s, __USE_FORTIFY_LEVEL - 1,
          ^~~~~~~~~~~~~~~~~~~~~~~~~~~~~~~~~~~~~~~~~~~~~~~~~~~~~~
       __bos (__s), __fmt, __va_arg_pack ());
       ~~~~~~~~~~~~~~~~~~~~~~~~~~~~~~~~~~~~~
tth.lex:975:19: warning: %s directive writing up to 499 bytes into a region of size 497 [-Wformat-overflow=]
 #define TTH_TABRT " align=\"right\""
                   ^~~~~~~~
tth.lex:1094:40: note: in expansion of macro TTH_TDVAR
          TTH_OUTPUT(tdalign);*tdalign=0;\
                                        ^~       
tth.lex:4279:5: note: in expansion of macro TTH_HALACT
   if(tth_debug&32)fprintf(stderr,"Endtabpre:%s>\n",halstring);
     ^~~~~~~~~~
In file included from /usr/include/stdio.h:873,
                 from tth.c:20:
/usr/include/x86_64-linux-gnu/bits/stdio2.h:36:10: note: __builtin___sprintf_chk output between 5 and 504 bytes into a destination of size 500
   return __builtin___sprintf_chk (__s, __USE_FORTIFY_LEVEL - 1,
          ^~~~~~~~~~~~~~~~~~~~~~~~~~~~~~~~~~~~~~~~~~~~~~~~~~~~~~
       __bos (__s), __fmt, __va_arg_pack ());
       ~~~~~~~~~~~~~~~~~~~~~~~~~~~~~~~~~~~~~
tth.lex:7252:21: warning: %s directive writing up to 499 bytes into a region of size 493 [-Wformat-overflow=]
 \\magnification[ =]*{NUM}?
                     ^~~~~~                    
In file included from /usr/include/stdio.h:873,
                 from tth.c:20:
/usr/include/x86_64-linux-gnu/bits/stdio2.h:36:10: note: __builtin___sprintf_chk output between 8 and 507 bytes into a destination of size 500
   return __builtin___sprintf_chk (__s, __USE_FORTIFY_LEVEL - 1,
          ^~~~~~~~~~~~~~~~~~~~~~~~~~~~~~~~~~~~~~~~~~~~~~~~~~~~~~
       __bos (__s), __fmt, __va_arg_pack ());
       ~~~~~~~~~~~~~~~~~~~~~~~~~~~~~~~~~~~~~
tth.lex:3664:24: warning: %s directive writing up to 19 bytes into a region of size 17 [-Wformat-overflow=]
     if(tth_splitfile){ /*sf*/
                        ^~~~~~                
In file included from /usr/include/stdio.h:873,
                 from tth.c:20:
/usr/include/x86_64-linux-gnu/bits/stdio2.h:36:10: note: __builtin___sprintf_chk output between 9 and 28 bytes into a destination of size 20
   return __builtin___sprintf_chk (__s, __USE_FORTIFY_LEVEL - 1,
          ^~~~~~~~~~~~~~~~~~~~~~~~~~~~~~~~~~~~~~~~~~~~~~~~~~~~~~
       __bos (__s), __fmt, __va_arg_pack ());
       ~~~~~~~~~~~~~~~~~~~~~~~~~~~~~~~~~~~~~
tth.lex:3649:25: warning: %s directive writing up to 499 bytes into a region of size between 405 and 424 [-Wformat-overflow=]
  \\special{html:<a id=\"tth_chAp%s\"></a><h1>}\n%s{ \\thechapter}\
                         ^~~~~~~~~~~~~~~~~~~~~~~~~~~~~~~~~~~~~~~~~~
  \\special{html:<br />}}{\\special{html:</h1>}} ",
  ~~~~~~~~~~~~~~~~~~~~~~~~~~~~~~~~~~~~~~~~~~~~~~~~~
    labelchar,argchar);
    ~~~~~~~~~~~~~~~~~~~                           
   TTH_SCAN_STRING(scratchstring);*argchar=0;
              ~~~~~~~     
In file included from /usr/include/stdio.h:873,
                 from tth.c:20:
/usr/include/x86_64-linux-gnu/bits/stdio2.h:36:10: note: __builtin___sprintf_chk output between 137 and 655 bytes into a destination of size 500
   return __builtin___sprintf_chk (__s, __USE_FORTIFY_LEVEL - 1,
          ^~~~~~~~~~~~~~~~~~~~~~~~~~~~~~~~~~~~~~~~~~~~~~~~~~~~~~
       __bos (__s), __fmt, __va_arg_pack ());
       ~~~~~~~~~~~~~~~~~~~~~~~~~~~~~~~~~~~~~
tth.lex:3628:22: warning: %s directive writing up to 19 bytes into a region of size 16 [-Wformat-overflow=]
     TTH_SCAN_STRING("\\tthsplittail\\tthsplitinv\\tthsplittop\\tthfileupd"); /*sf*/
                      ^~~~~~~~~~~~~ ~~~~~~~~~
In file included from /usr/include/stdio.h:873,
                 from tth.c:20:
/usr/include/x86_64-linux-gnu/bits/stdio2.h:36:10: note: __builtin___sprintf_chk output between 10 and 29 bytes into a destination of size 20
   return __builtin___sprintf_chk (__s, __USE_FORTIFY_LEVEL - 1,
          ^~~~~~~~~~~~~~~~~~~~~~~~~~~~~~~~~~~~~~~~~~~~~~~~~~~~~~
       __bos (__s), __fmt, __va_arg_pack ());
       ~~~~~~~~~~~~~~~~~~~~~~~~~~~~~~~~~~~~~
tth.lex:3576:24: warning: %s directive writing up to 499 bytes into a region of size 471 [-Wformat-overflow=]
   tth_latex_file,tth_latex_file);
                        ^~~~~~~~~~                               
  if((js2=system(scratchstring))!=SUCCESS)
   ~~~~~~~~~~~~~~        
In file included from /usr/include/stdio.h:873,
                 from tth.c:20:
/usr/include/x86_64-linux-gnu/bits/stdio2.h:36:10: note: __builtin___sprintf_chk output between 36 and 1034 bytes into a destination of size 500
   return __builtin___sprintf_chk (__s, __USE_FORTIFY_LEVEL - 1,
          ^~~~~~~~~~~~~~~~~~~~~~~~~~~~~~~~~~~~~~~~~~~~~~~~~~~~~~
       __bos (__s), __fmt, __va_arg_pack ());
       ~~~~~~~~~~~~~~~~~~~~~~~~~~~~~~~~~~~~~
tth.lex:3581:20: warning: %s directive writing up to 499 bytes into a region of size 493 [-Wformat-overflow=]
  if(system(scrstring)!=SUCCESS)fprintf(stderr,"Bibtex failed\n");
                    ^~~~~~~~~~~ ~~~~~~~~~~~~~~
In file included from /usr/include/stdio.h:873,
                 from tth.c:20:
/usr/include/x86_64-linux-gnu/bits/stdio2.h:36:10: note: __builtin___sprintf_chk output between 8 and 507 bytes into a destination of size 500
   return __builtin___sprintf_chk (__s, __USE_FORTIFY_LEVEL - 1,
          ^~~~~~~~~~~~~~~~~~~~~~~~~~~~~~~~~~~~~~~~~~~~~~~~~~~~~~
       __bos (__s), __fmt, __va_arg_pack ());
       ~~~~~~~~~~~~~~~~~~~~~~~~~~~~~~~~~~~~~
tth.lex:3357:27: warning: %s directive writing up to 499 bytes into a region of size 461 [-Wformat-overflow=]
      argchar);
                           ^                                              
     if(tth_indexfile) {TTH_PUSH_BUFF(11);} else /*get extra code*/
      ~~~~~~~               
In file included from /usr/include/stdio.h:873,
                 from tth.c:20:
/usr/include/x86_64-linux-gnu/bits/stdio2.h:36:10: note: __builtin___sprintf_chk output between 41 and 540 bytes into a destination of size 500
   return __builtin___sprintf_chk (__s, __USE_FORTIFY_LEVEL - 1,
          ^~~~~~~~~~~~~~~~~~~~~~~~~~~~~~~~~~~~~~~~~~~~~~~~~~~~~~
       __bos (__s), __fmt, __va_arg_pack ());
       ~~~~~~~~~~~~~~~~~~~~~~~~~~~~~~~~~~~~~
tth.lex:3334:33: warning: %s directive writing up to 499 bytes into a region of size 487 [-Wformat-overflow=]
    tth_latex_file,tth_latex_file,tth_latex_file);
                                 ^~~~~~~~~~~~~~~~~                     
     jscratch=system(scratchstring);
     ~~~~~~~~~~~~~                
In file included from /usr/include/stdio.h:873,
                 from tth.c:20:
/usr/include/x86_64-linux-gnu/bits/stdio2.h:36:10: note: __builtin___sprintf_chk output between 31 and 1528 bytes into a destination of size 500
   return __builtin___sprintf_chk (__s, __USE_FORTIFY_LEVEL - 1,
          ^~~~~~~~~~~~~~~~~~~~~~~~~~~~~~~~~~~~~~~~~~~~~~~~~~~~~~
       __bos (__s), __fmt, __va_arg_pack ());
       ~~~~~~~~~~~~~~~~~~~~~~~~~~~~~~~~~~~~~
tth.lex:3331:24: warning:  -o  directive writing 4 bytes into a region of size between 1 and 500 [-Wformat-overflow=]
   tth_index_cmd,tth_latex_file,tth_latex_file);
                        ^~~~~~~~~~~~~~~~~~~~~
In file included from /usr/include/stdio.h:873,
                 from tth.c:20:
/usr/include/x86_64-linux-gnu/bits/stdio2.h:36:10: note: __builtin___sprintf_chk output between 14 and 1511 bytes into a destination of size 500
   return __builtin___sprintf_chk (__s, __USE_FORTIFY_LEVEL - 1,
          ^~~~~~~~~~~~~~~~~~~~~~~~~~~~~~~~~~~~~~~~~~~~~~~~~~~~~~
       __bos (__s), __fmt, __va_arg_pack ());
       ~~~~~~~~~~~~~~~~~~~~~~~~~~~~~~~~~~~~~
tth.lex:3344:19: warning: %s directive writing up to 499 bytes into a region of size 432 [-Wformat-overflow=]
    scratchstring,tth_latex_file);
                   ^~~~~~~~~~~~~~~                                                                                     
   TTH_SCAN_STRING(argchar);
    ~~~~~~~~~~~~~   
In file included from /usr/include/stdio.h:873,
                 from tth.c:20:
/usr/include/x86_64-linux-gnu/bits/stdio2.h:36:10: note: __builtin___sprintf_chk output between 86 and 1084 bytes into a destination of size 500
   return __builtin___sprintf_chk (__s, __USE_FORTIFY_LEVEL - 1,
          ^~~~~~~~~~~~~~~~~~~~~~~~~~~~~~~~~~~~~~~~~~~~~~~~~~~~~~
       __bos (__s), __fmt, __va_arg_pack ());
       ~~~~~~~~~~~~~~~~~~~~~~~~~~~~~~~~~~~~~
tth.lex:3193:3: warning: %s directive writing up to 499 bytes into a region of size 471 [-Wformat-overflow=]
   tth_latex_file,tth_latex_file);
   ^~~~~~~~~~~~~~~~~~~~~~~~~~~~~~~          
  if((js2=system(scratchstring))!=SUCCESS)
   ~~~~~~~~~~~~~~
In file included from /usr/include/stdio.h:873,
                 from tth.c:20:
/usr/include/x86_64-linux-gnu/bits/stdio2.h:36:10: note: __builtin___sprintf_chk output between 36 and 1034 bytes into a destination of size 500
   return __builtin___sprintf_chk (__s, __USE_FORTIFY_LEVEL - 1,
          ^~~~~~~~~~~~~~~~~~~~~~~~~~~~~~~~~~~~~~~~~~~~~~~~~~~~~~
       __bos (__s), __fmt, __va_arg_pack ());
       ~~~~~~~~~~~~~~~~~~~~~~~~~~~~~~~~~~~~~
tth.lex:2921:27: warning: %s directive writing up to 499 bytes into a region of size between 445 and 463 [-Wformat-overflow=]
      (eqalignlog ? TTH_DISP5 : TTH_DISP3),scrstring);
                           ^~~~~~~~~~~~~~~~~~~~~~~~~~~             
     /*fprintf(stderr,"Ending eqno: %s\n",scratchstring); */
                                           ~~~~~~~~~
In file included from /usr/include/stdio.h:873,
                 from tth.c:20:
/usr/include/x86_64-linux-gnu/bits/stdio2.h:36:10: note: __builtin___sprintf_chk output between 54 and 571 bytes into a destination of size 500
   return __builtin___sprintf_chk (__s, __USE_FORTIFY_LEVEL - 1,
          ^~~~~~~~~~~~~~~~~~~~~~~~~~~~~~~~~~~~~~~~~~~~~~~~~~~~~~
       __bos (__s), __fmt, __va_arg_pack ());
       ~~~~~~~~~~~~~~~~~~~~~~~~~~~~~~~~~~~~~
tth.lex:2852:5: warning: %s directive writing up to 499 bytes into a region of size between 468 and 469 [-Wformat-overflow=]
   TTH_SYMBOL,TTH_SYMPT(chr1),TTH_SYMEND);
     ^~~~~~~~~~~~~~~~~~~~~~~~~                           
In file included from /usr/include/stdio.h:873,
                 from tth.c:20:
/usr/include/x86_64-linux-gnu/bits/stdio2.h:36:10: note: __builtin___sprintf_chk output 44 or more bytes (assuming 585) into a destination of size 500
   return __builtin___sprintf_chk (__s, __USE_FORTIFY_LEVEL - 1,
          ^~~~~~~~~~~~~~~~~~~~~~~~~~~~~~~~~~~~~~~~~~~~~~~~~~~~~~
       __bos (__s), __fmt, __va_arg_pack ());
       ~~~~~~~~~~~~~~~~~~~~~~~~~~~~~~~~~~~~~
tth.lex:1546:21: warning: %s directive writing up to 499 bytes into a region of size 493 [-Wformat-overflow=]
   TTH_SCAN_STRING(scrstring);
                     ^~~~~~~~~                                                                             
In file included from /usr/include/stdio.h:873,
                 from tth.c:20:
/usr/include/x86_64-linux-gnu/bits/stdio2.h:36:10: note: __builtin___sprintf_chk output between 54 and 1571 bytes into a destination of size 500
   return __builtin___sprintf_chk (__s, __USE_FORTIFY_LEVEL - 1,
          ^~~~~~~~~~~~~~~~~~~~~~~~~~~~~~~~~~~~~~~~~~~~~~~~~~~~~~
       __bos (__s), __fmt, __va_arg_pack ());
       ~~~~~~~~~~~~~~~~~~~~~~~~~~~~~~~~~~~~~
tth.lex:1469:21: warning: %s directive writing up to 499 bytes into a region of size 493 [-Wformat-overflow=]
   TTH_SWAP(scrstring);
                     ^~                         
In file included from /usr/include/stdio.h:873,
                 from tth.c:20:
/usr/include/x86_64-linux-gnu/bits/stdio2.h:36:10: note: __builtin___sprintf_chk output between 9 and 508 bytes into a destination of size 500
   return __builtin___sprintf_chk (__s, __USE_FORTIFY_LEVEL - 1,
          ^~~~~~~~~~~~~~~~~~~~~~~~~~~~~~~~~~~~~~~~~~~~~~~~~~~~~~
       __bos (__s), __fmt, __va_arg_pack ());
       ~~~~~~~~~~~~~~~~~~~~~~~~~~~~~~~~~~~~~
tth.lex:975:19: warning: %s directive writing up to 499 bytes into a region of size 497 [-Wformat-overflow=]
 #define TTH_TABRT " align=\"right\""
                   ^~~~~~~~
tth.lex:1094:40: note: in expansion of macro TTH_TDVAR
          TTH_OUTPUT(tdalign);*tdalign=0;\
                                        ^~       
tth.lex:4312:5: note: in expansion of macro TTH_HALACT
     }
     ^         
In file included from /usr/include/stdio.h:873,
                 from tth.c:20:
/usr/include/x86_64-linux-gnu/bits/stdio2.h:36:10: note: __builtin___sprintf_chk output between 5 and 504 bytes into a destination of size 500
   return __builtin___sprintf_chk (__s, __USE_FORTIFY_LEVEL - 1,
          ^~~~~~~~~~~~~~~~~~~~~~~~~~~~~~~~~~~~~~~~~~~~~~~~~~~~~~
       __bos (__s), __fmt, __va_arg_pack ());
       ~~~~~~~~~~~~~~~~~~~~~~~~~~~~~~~~~~~~~
In file included from /usr/include/string.h:494,
                 from tth.c:21:
In function strcat,
    inlined from yylex at tth.lex:6880:7:
/usr/include/x86_64-linux-gnu/bits/string_fortified.h:128:10: warning: __builtin_strcat accessing between 1 and 499 bytes at offsets [0, 15000] and 0 may overlap 1 byte at offset [0, 15499] [-Wrestrict]
   return __builtin___strcat_chk (__dest, __src, __bos (__dest));
          ^~~~~~~~~~~~~~~~~~~~~~~~~~~~~~~~~~~~~~~~~~~~~~~~~~~~~~
In function strcat,
    inlined from yylex at tth.lex:6881:7:
/usr/include/x86_64-linux-gnu/bits/string_fortified.h:128:10: warning: __builtin_strcat accessing between 1 and 499 bytes at offsets [0, 15000] and 0 may overlap 1 byte at offset [0, 15499] [-Wrestrict]
   return __builtin___strcat_chk (__dest, __src, __bos (__dest));
          ^~~~~~~~~~~~~~~~~~~~~~~~~~~~~~~~~~~~~~~~~~~~~~~~~~~~~~
In function strcat,
    inlined from yylex at tth.lex:6793:5:
/usr/include/x86_64-linux-gnu/bits/string_fortified.h:128:10: warning: __builtin_strcat accessing between 1 and 499 bytes at offsets [0, 15000] and 0 may overlap 1 byte at offset [0, 15499] [-Wrestrict]
   return __builtin___strcat_chk (__dest, __src, __bos (__dest));
          ^~~~~~~~~~~~~~~~~~~~~~~~~~~~~~~~~~~~~~~~~~~~~~~~~~~~~~
In function strcat,
    inlined from yylex at tth.lex:6794:5:
/usr/include/x86_64-linux-gnu/bits/string_fortified.h:128:10: warning: __builtin_strcat accessing between 1 and 499 bytes at offsets [0, 15000] and 0 may overlap 1 byte at offset [0, 15499] [-Wrestrict]
   return __builtin___strcat_chk (__dest, __src, __bos (__dest));
          ^~~~~~~~~~~~~~~~~~~~~~~~~~~~~~~~~~~~~~~~~~~~~~~~~~~~~~
In function strncat,
    inlined from yylex at tth.lex:4449:26:
/usr/include/x86_64-linux-gnu/bits/string_fortified.h:136:10: warning: __builtin___strncat_chk accessing between 3 and 7 bytes at offsets 0 and [2, 500] may overlap 1 byte at offset [2, 507] [-Wrestrict]
   return __builtin___strncat_chk (__dest, __src, __len, __bos (__dest));
          ^~~~~~~~~~~~~~~~~~~~~~~~~~~~~~~~~~~~~~~~~~~~~~~~~~~~~~~~~~~~~~
In function strcat,
    inlined from yylex at tth.lex:3148:5:
/usr/include/x86_64-linux-gnu/bits/string_fortified.h:128:10: warning: __builtin_strcat accessing between 1 and 499 bytes at offsets [0, 15000] and 0 may overlap 1 byte at offset [0, 15499] [-Wrestrict]
   return __builtin___strcat_chk (__dest, __src, __bos (__dest));
          ^~~~~~~~~~~~~~~~~~~~~~~~~~~~~~~~~~~~~~~~~~~~~~~~~~~~~~
In function strcat,
    inlined from yylex at tth.lex:3149:5:
/usr/include/x86_64-linux-gnu/bits/string_fortified.h:128:10: warning: __builtin_strcat accessing between 1 and 499 bytes at offsets [0, 15000] and 0 may overlap 1 byte at offset [0, 15499] [-Wrestrict]
   return __builtin___strcat_chk (__dest, __src, __bos (__dest));
          ^~~~~~~~~~~~~~~~~~~~~~~~~~~~~~~~~~~~~~~~~~~~~~~~~~~~~~
In function strcat,
    inlined from yylex at tth.lex:2357:7:
/usr/include/x86_64-linux-gnu/bits/string_fortified.h:128:10: warning: __builtin_strcat accessing 1 or more bytes at offsets [0, 15000] and 0 may overlap 1 byte at offset [0, 9223372036854775807] [-Wrestrict]
   return __builtin___strcat_chk (__dest, __src, __bos (__dest));
          ^~~~~~~~~~~~~~~~~~~~~~~~~~~~~~~~~~~~~~~~~~~~~~~~~~~~~~
In function strcat,
    inlined from yylex at tth.lex:2358:7:
/usr/include/x86_64-linux-gnu/bits/string_fortified.h:128:10: warning: __builtin_strcat accessing 1 or more bytes at offsets [0, 15000] and 0 may overlap 1 byte at offset [0, 9223372036854775807] [-Wrestrict]
   return __builtin___strcat_chk (__dest, __src, __bos (__dest));
          ^~~~~~~~~~~~~~~~~~~~~~~~~~~~~~~~~~~~~~~~~~~~~~~~~~~~~~
In function strcat,
    inlined from yylex at tth.lex:2346:7:
/usr/include/x86_64-linux-gnu/bits/string_fortified.h:128:10: warning: __builtin_strcat accessing 1 or more bytes at offsets [0, 15000] and 0 may overlap 1 byte at offset [0, 9223372036854775807] [-Wrestrict]
   return __builtin___strcat_chk (__dest, __src, __bos (__dest));
          ^~~~~~~~~~~~~~~~~~~~~~~~~~~~~~~~~~~~~~~~~~~~~~~~~~~~~~
In function strcat,
    inlined from yylex at tth.lex:2347:7:
/usr/include/x86_64-linux-gnu/bits/string_fortified.h:128:10: warning: __builtin_strcat accessing 1 or more bytes at offsets [0, 15000] and 0 may overlap 1 byte at offset [0, 9223372036854775807] [-Wrestrict]
   return __builtin___strcat_chk (__dest, __src, __bos (__dest));
          ^~~~~~~~~~~~~~~~~~~~~~~~~~~~~~~~~~~~~~~~~~~~~~~~~~~~~~
make -C manual
latex -no-shell-escape -interaction=batchmode tthgold_manual.tex
make[2]: Entering directory '/<<PKGBUILDDIR>>'
make[2]: warning: jobserver unavailable: using -j1.  Add '+' to parent make rule.
latex -no-shell-escape -interaction=batchmode tth_manual
This is pdfTeX, Version 3.14159265-2.6-1.40.19 (TeX Live 2019/dev/Debian) (preloaded format=latex)
This is pdfTeX, Version 3.14159265-2.6-1.40.19 (TeX Live 2019/dev/Debian) (preloaded format=latex)
entering extended mode
entering extended mode
./tth -a tthgold_manual.tex
Translating tthgold_manual.tex to tthgold_manual.html
 Number of lines processed approximately 374
../tth -a tth_manual
Translating tth_manual.tex to tth_manual.html
**** No counter: \tocdepth to set. Line 12
Opened index file: tth_manual.tid
**** Unknown command \AtBeginDocument, (10 user-defined) Line 20
Closing index file and processing ...
This is makeindex, version 2.15 [TeX Live 2019/dev] (kpathsea + Thai support).
Scanning style file ./tth_manual.tms.done (1 attributes redefined, 0 ignored).
Scanning input file tth_manual.tid....done (139 entries accepted, 0 rejected).
Sorting entries....done (1051 comparisons).
Generating output file tth_manual.tin....done (228 lines written, 0 warnings).
Output written in tth_manual.tin.
Transcript written in tth_manual.ilg.
 Number of lines processed approximately 2165
./tth2ttm
latex -no-shell-escape -interaction=batchmode ttm_manual
This is pdfTeX, Version 3.14159265-2.6-1.40.19 (TeX Live 2019/dev/Debian) (preloaded format=latex)
entering extended mode
../tth -a ttm_manual
Translating ttm_manual.tex to ttm_manual.html
**** No counter: \tocdepth to set. Line 12
Opened index file: ttm_manual.tid
**** Unknown command \AtBeginDocument, (10 user-defined) Line 20
Closing index file and processing ...
This is makeindex, version 2.15 [TeX Live 2019/dev] (kpathsea + Thai support).
Scanning style file ./ttm_manual.tms.done (1 attributes redefined, 0 ignored).
Scanning input file ttm_manual.tid....done (127 entries accepted, 0 rejected).
Sorting entries....done (940 comparisons).
Generating output file ttm_manual.tin....done (209 lines written, 0 warnings).
Output written in ttm_manual.tin.
Transcript written in ttm_manual.ilg.
 Number of lines processed approximately 2165
make -C split
make[3]: Entering directory '/<<PKGBUILDDIR>>/manual/split'
latex -no-shell-escape -interaction=batchmode ../tth_manual.tex
This is pdfTeX, Version 3.14159265-2.6-1.40.19 (TeX Live 2019/dev/Debian) (preloaded format=latex)
entering extended mode
../../tth -a -s -e2 <../tth_manual.tex -L./tth_manual | ../../tools/tthsplit
Including LaTeX commands
**** No counter: \tocdepth to set. Line 12
Opened index file: ./tth_manual.tid
**** Unknown command \AtBeginDocument, (10 user-defined) Line 20
index.html
sec1.html
sec2.html
sec3.html
sec4.html
sec5.html
sec6.html
sec7.html
sec8.html
sec9.html
sec10.html
sec11.html
sec12.html
sec13.html
sec14.html
sec15.html
sec16.html
secA.html
secB.html
Closing index file and processing ...
This is makeindex, version 2.15 [TeX Live 2019/dev] (kpathsea + Thai support).
Scanning style file ./tth_manual.tms.done (1 attributes redefined, 0 ignored).
Scanning input file ./tth_manual.tid....done (139 entries accepted, 0 rejected).
Sorting entries....done (1051 comparisons).
Generating output file ./tth_manual.tin....done (242 lines written, 0 warnings).
Output written in ./tth_manual.tin.
Transcript written in ./tth_manual.ilg.
docindex.html
Number of lines processed approximately 2165
footnote.html
make[3]: Leaving directory '/<<PKGBUILDDIR>>/manual/split'
make[2]: Leaving directory '/<<PKGBUILDDIR>>/manual'
make[1]: Leaving directory '/<<PKGBUILDDIR>>'
   dh_auto_test -a
   create-stamp debian/debhelper-build-stamp
 fakeroot debian/rules binary-arch
dh binary-arch
   dh_testroot -a
   dh_prep -a
   dh_auto_install -a
   dh_install -a
   dh_installdocs -a
   dh_installchangelogs -a
   dh_installman -a
   dh_perl -a
   dh_link -a
   dh_strip_nondeterminism -a
   dh_compress -a
   dh_fixperms -a
   dh_missing -a
   dh_strip -a
arm-linux-gnueabihf-objcopy:debian/ttm/usr/bin/ttm: file format not recognized
dh_strip: arm-linux-gnueabihf-objcopy --only-keep-debug --compress-debug-sections debian/ttm/usr/bin/ttm debian/.debhelper/ttm/dbgsym-root/usr/lib/debug/.build-id/88/ae460f5790921714bcb07715451fc63d2a4890.debug returned exit code 1
arm-linux-gnueabihf-objcopy:debian/tth/usr/bin/tth: file format not recognized
dh_strip: arm-linux-gnueabihf-objcopy --only-keep-debug --compress-debug-sections debian/tth/usr/bin/tth debian/.debhelper/tth/dbgsym-root/usr/lib/debug/.build-id/f5/6a7a45cee748665e44cd1680e71a97a435150d.debug returned exit code 1
arm-linux-gnueabihf-objcopy:debian/tth-common/usr/bin/tthsplit: file format not recognized
dh_strip: arm-linux-gnueabihf-objcopy --only-keep-debug --compress-debug-sections debian/tth-common/usr/bin/tthsplit debian/.debhelper/tth-common/dbgsym-root/usr/lib/debug/.build-id/1d/67ab0fe1d756ec1b644915a8923e0abbc56000.debug returned exit code 1
dh_strip: Aborting due to earlier error
make: *** [debian/rules:9: binary-arch] Error 25
dpkg-buildpackage: error: fakeroot debian/rules binary-arch subprocess returned exit status 2
--------------------------------------------------------------------------------
Build finished at 2019-03-07T07:15:06Z

Finished
--------


+------------------------------------------------------------------------------+
| Cleanup                                                                      |
+------------------------------------------------------------------------------+

Purging /<<BUILDDIR>>
Reading package lists...
Building dependency tree...
Reading state information...
The following packages were automatically installed and are no longer required:
  libauthen-sasl-perl libdata-dump-perl libfont-afm-perl libhtml-form-perl
  libhtml-format-perl libhttp-daemon-perl libmailtools-perl
  libnet-smtp-ssl-perl libyaml-0-2 libyaml-libyaml-perl uuid-runtime
Use 'apt autoremove' to remove them.
0 upgraded, 0 newly installed, 0 to remove and 0 not upgraded.
Reading package lists...
Building dependency tree...
Reading state information...
The following packages were automatically installed and are no longer required:
  libauthen-sasl-perl libdata-dump-perl libfont-afm-perl libhtml-form-perl
  libhtml-format-perl libhttp-daemon-perl libmailtools-perl
  libnet-smtp-ssl-perl libyaml-0-2 libyaml-libyaml-perl uuid-runtime
Use 'apt autoremove' to remove them.
The following packages will be REMOVED:
  autoconf* automake* autopoint* autotools-dev* bsdmainutils* debhelper*
  dh-autoreconf* dh-strip-nondeterminism* dwz* flex* fontconfig-config*
  fonts-dejavu-core* fonts-lmodern* gcc-8-base:armhf* gettext* gettext-base*
  groff-base* intltool-debian* libarchive-zip-perl* libasan5:armhf*
  libatomic1:armhf* libavahi-client3* libavahi-common-data* libavahi-common3*
  libbrotli1* libbsd0* libc6:armhf* libc6-dev:armhf* libcairo2* libcroco3*
  libcups2* libcupsimage2* libdbus-1-3* libelf1*
  libfile-stripnondeterminism-perl* libfontconfig1* libfreetype6*
  libgcc-8-dev:armhf* libgcc1:armhf* libglib2.0-0* libgomp1:armhf*
  libgraphite2-3* libgs9* libgs9-common* libgssapi-krb5-2* libharfbuzz-icu0*
  libharfbuzz0b* libice6* libidn11* libijs-0.35* libjbig0* libjbig2dec0*
  libjpeg62-turbo* libk5crypto3* libkeyutils1* libkpathsea6* libkrb5-3*
  libkrb5support0* liblcms2-2* libncurses6* libopenjp2-7* libpaper-utils*
  libpaper1* libpipeline1* libpixman-1-0* libpng16-16* libpotrace0*
  libptexenc1* libpython-stdlib* libpython2-stdlib* libpython2.7-minimal*
  libpython2.7-stdlib* libsigsegv2* libsm6* libstdc++-8-dev:armhf*
  libstdc++6:armhf* libsynctex2* libteckit0* libtexlua52* libtexlua53*
  libtexluajit2* libtiff5* libtool* libubsan1:armhf* libuchardet0* libwebp6*
  libwoff1* libx11-6* libx11-data* libxau6* libxaw7* libxcb-render0*
  libxcb-shm0* libxcb1* libxdmcp6* libxext6* libxi6* libxmu6* libxpm4*
  libxrender1* libxt6* libxxhash0* libzzip-0-13* linux-libc-dev:armhf* m4*
  man-db* mime-support* po-debconf* poppler-data* preview-latex-style* python*
  python-minimal* python2* python2-minimal* python2.7* python2.7-minimal*
  sbuild-build-depends-main-dummy:armhf* t1utils* tex-common* texlive-base*
  texlive-binaries* texlive-fonts-recommended* texlive-latex-base*
  texlive-latex-extra* texlive-latex-recommended* texlive-pictures*
  x11-common* xdg-utils*
0 upgraded, 0 newly installed, 128 to remove and 0 not upgraded.
After this operation, 427 MB disk space will be freed.
(Reading database ... 38185 files and directories currently installed.)
Removing sbuild-build-depends-main-dummy:armhf (0.invalid.0) ...
Removing flex (2.6.4-6.2) ...
Removing texlive-latex-extra (2018.20190227-1) ...
Removing texlive-pictures (2018.20190227-2) ...
Removing texlive-latex-recommended (2018.20190227-2) ...
Removing texlive-latex-base (2018.20190227-2) ...
Removing fonts-lmodern (2.004.5-6) ...
Removing libstdc++-8-dev:armhf (8.3.0-2) ...
Removing libgcc-8-dev:armhf (8.3.0-2) ...
Removing libubsan1:armhf (8.3.0-2) ...
Removing libasan5:armhf (8.3.0-2) ...
Removing libstdc++6:armhf (8.3.0-2) ...
Removing libatomic1:armhf (8.3.0-2) ...
Removing libc6-dev:armhf (2.28-8) ...
Removing libgomp1:armhf (8.3.0-2) ...
Removing texlive-fonts-recommended (2018.20190227-2) ...
Removing texlive-base (2018.20190227-2) ...
Removing libpaper-utils (1.1.26) ...
Removing python (2.7.16-1) ...
Removing libpython-stdlib:amd64 (2.7.16-1) ...
Removing python2 (2.7.16-1) ...
Removing libpython2-stdlib:amd64 (2.7.16-1) ...
Removing python2.7 (2.7.16-1) ...
Removing libpython2.7-stdlib:amd64 (2.7.16-1) ...
Removing python-minimal (2.7.16-1) ...
Removing linux-libc-dev:armhf (4.19.20-1) ...
Removing mime-support (3.62) ...
Removing preview-latex-style (11.91-2) ...
Removing python2-minimal (2.7.16-1) ...
Removing xdg-utils (1.1.3-1) ...
Removing texlive-binaries (2018.20181218.49446-2) ...
Removing libgs9:amd64 (9.26a~dfsg-2) ...
Removing libcupsimage2:amd64 (2.2.10-4) ...
Removing libcups2:amd64 (2.2.10-4) ...
Removing libavahi-client3:amd64 (0.7-4+b1) ...
Removing libavahi-common3:amd64 (0.7-4+b1) ...
Removing libavahi-common-data:amd64 (0.7-4+b1) ...
Removing libwoff1:amd64 (1.0.2-1) ...
Removing libbrotli1:amd64 (1.0.7-2) ...
Removing libxaw7:amd64 (2:1.0.13-1+b2) ...
Removing libxmu6:amd64 (2:1.1.2-2) ...
Removing libxt6:amd64 (1:1.1.5-1) ...
Removing libcairo2:amd64 (1.16.0-3) ...
Removing libxrender1:amd64 (1:0.9.10-1) ...
Removing libxcb-shm0:amd64 (1.13.1-2) ...
Removing libsm6:amd64 (2:1.2.3-1) ...
Removing libice6:amd64 (2:1.0.9-2) ...
Removing libdbus-1-3:amd64 (1.12.12-1) ...
Removing libharfbuzz-icu0:amd64 (2.3.1-1) ...
Removing libharfbuzz0b:amd64 (2.3.1-1) ...
Removing libgraphite2-3:amd64 (1.3.13-7) ...
Removing libgs9-common (9.26a~dfsg-2) ...
Removing libgssapi-krb5-2:amd64 (1.17-2) ...
Removing libidn11:amd64 (1.33-2.2) ...
Removing libijs-0.35:amd64 (0.35-13) ...
Removing libtiff5:amd64 (4.0.10-4) ...
Removing libjbig0:amd64 (2.1-3.1+b2) ...
Removing libjbig2dec0:amd64 (0.15-2) ...
Removing libjpeg62-turbo:amd64 (1:1.5.2-2+b1) ...
Removing libkrb5-3:amd64 (1.17-2) ...
Removing libk5crypto3:amd64 (1.17-2) ...
Removing libkrb5support0:amd64 (1.17-2) ...
Removing libkeyutils1:amd64 (1.6-6) ...
Removing libptexenc1:amd64 (2018.20181218.49446-2) ...
Removing libkpathsea6:amd64 (2018.20181218.49446-2) ...
Removing liblcms2-2:amd64 (2.9-3) ...
Removing libopenjp2-7:amd64 (2.3.0-1.1) ...
Removing libpaper1:amd64 (1.1.26) ...
Removing libpixman-1-0:amd64 (0.36.0-1) ...
Removing libpotrace0:amd64 (1.15-1) ...
Removing python2.7-minimal (2.7.16-1) ...
Removing libpython2.7-minimal:amd64 (2.7.16-1) ...
find: /usr/lib/python2.7: No such file or directory
Removing libsynctex2:amd64 (2018.20181218.49446-2) ...
Removing libteckit0:amd64 (2.5.8+ds2-5) ...
Removing libtexlua52:amd64 (2018.20181218.49446-2) ...
Removing libtexlua53:amd64 (2018.20181218.49446-2) ...
Removing libtexluajit2:amd64 (2018.20181218.49446-2) ...
Removing libwebp6:amd64 (0.6.1-2) ...
Removing libxcb-render0:amd64 (1.13.1-2) ...
Removing libxi6:amd64 (2:1.7.9-1) ...
Removing libxext6:amd64 (2:1.3.3-1+b2) ...
Removing libxpm4:amd64 (1:3.5.12-1) ...
Removing libxxhash0:amd64 (0.6.5-3) ...
Removing libzzip-0-13:amd64 (0.13.62-3.1) ...
Removing poppler-data (0.4.9-2) ...
Removing t1utils (1.41-3) ...
Removing tex-common (6.11) ...
Removing x11-common (1:7.7+19) ...
invoke-rc.d: could not determine current runlevel
All runlevel operations denied by policy
invoke-rc.d: policy-rc.d denied execution of stop.
Removing libfontconfig1:amd64 (2.13.1-2) ...
Removing fontconfig-config (2.13.1-2) ...
Removing fonts-dejavu-core (2.37-1) ...
Removing libx11-6:amd64 (2:1.6.7-1) ...
Removing libxcb1:amd64 (1.13.1-2) ...
Removing libxdmcp6:amd64 (1:1.1.2-3) ...
Removing libfreetype6:amd64 (2.9.1-3) ...
Removing libpng16-16:amd64 (1.6.36-5) ...
Removing libx11-data (2:1.6.7-1) ...
Removing libxau6:amd64 (1:1.0.8-1+b2) ...
Removing libgcc1:armhf (1:8.3.0-2) ...
Removing debhelper (12.1.1) ...
Removing dh-strip-nondeterminism (1.1.1-1) ...
Removing man-db (2.8.5-2) ...
Removing bsdmainutils (11.1.2+b1) ...
Removing dwz (0.12-3) ...
Removing gcc-8-base:armhf (8.3.0-2) ...
Removing po-debconf (1.0.21) ...
Removing intltool-debian (0.35.0+20060710.5) ...
Removing gettext (0.19.8.1-9) ...
Removing gettext-base (0.19.8.1-9) ...
Removing groff-base (1.22.4-3) ...
Removing libfile-stripnondeterminism-perl (1.1.1-1) ...
Removing libarchive-zip-perl (1.64-1) ...
Removing libbsd0:amd64 (0.9.1-2) ...
Removing libc6:armhf (2.28-8) ...
Removing libcroco3:amd64 (0.6.12-3) ...
Removing libelf1:amd64 (0.176-1) ...
Removing libglib2.0-0:amd64 (2.58.3-1) ...
Removing libncurses6:amd64 (6.1+20181013-2) ...
Removing libpipeline1:amd64 (1.5.1-2) ...
Removing libuchardet0:amd64 (0.0.6-3) ...
Removing dh-autoreconf (19) ...
Removing automake (1:1.16.1-4) ...
Removing autoconf (2.69-11) ...
Removing autopoint (0.19.8.1-9) ...
Removing libtool (2.4.6-10) ...
Removing autotools-dev (20180224.1) ...
Removing m4 (1.4.18-2) ...
Removing libsigsegv2:amd64 (2.12-2) ...
Processing triggers for ccache (3.6-1) ...
Updating symlinks in /usr/lib/ccache ...
Processing triggers for libc-bin (2.28-8) ...
(Reading database ... 16537 files and directories currently installed.)
Purging configuration files for libpaper1:amd64 (1.1.26) ...
Purging configuration files for mime-support (3.62) ...
Purging configuration files for libglib2.0-0:amd64 (2.58.3-1) ...
Purging configuration files for fontconfig-config (2.13.1-2) ...
Purging configuration files for preview-latex-style (11.91-2) ...
Purging configuration files for x11-common (1:7.7+19) ...
Purging configuration files for texlive-latex-extra (2018.20190227-1) ...
Purging configuration files for man-db (2.8.5-2) ...
Purging configuration files for poppler-data (0.4.9-2) ...
dpkg: warning: while removing poppler-data, directory '/usr/share/poppler/cMap/Adobe-Korea1' not empty so not removed
dpkg: warning: while removing poppler-data, directory '/usr/share/poppler/cMap/Adobe-Japan2' not empty so not removed
dpkg: warning: while removing poppler-data, directory '/usr/share/poppler/cMap/Adobe-Japan1' not empty so not removed
dpkg: warning: while removing poppler-data, directory '/usr/share/poppler/cMap/Adobe-GB1' not empty so not removed
dpkg: warning: while removing poppler-data, directory '/usr/share/poppler/cMap/Adobe-CNS1' not empty so not removed
dpkg: warning: while removing poppler-data, directory '/usr/share/fonts/cmap' not empty so not removed
dpkg: warning: while removing poppler-data, directory '/usr/share/fonts/cMap' not empty so not removed
Purging configuration files for tex-common (6.11) ...
Purging configuration files for libpython2.7-minimal:amd64 (2.7.16-1) ...
Purging configuration files for texlive-latex-base (2018.20190227-2) ...
Purging configuration files for python2.7-minimal (2.7.16-1) ...
Purging configuration files for texlive-latex-recommended (2018.20190227-2) ...
Purging configuration files for bsdmainutils (11.1.2+b1) ...
Purging configuration files for libgssapi-krb5-2:amd64 (1.17-2) ...
Purging configuration files for fonts-dejavu-core (2.37-1) ...
dpkg: warning: while removing fonts-dejavu-core, directory '/usr/share/fonts/truetype/dejavu' not empty so not removed
Purging configuration files for texlive-pictures (2018.20190227-2) ...
Purging configuration files for autoconf (2.69-11) ...
Purging configuration files for libc6:armhf (2.28-8) ...
Purging configuration files for groff-base (1.22.4-3) ...
Purging configuration files for texlive-fonts-recommended (2018.20190227-2) ...
dpkg: warning: while removing texlive-fonts-recommended, directory '/usr/share/fonts/type1/texlive-fonts-recommended' not empty so not removed
Purging configuration files for fonts-lmodern (2.004.5-6) ...
dpkg: warning: while removing fonts-lmodern, directory '/usr/share/texmf/fonts/opentype/public/lm-math' not empty so not removed
dpkg: warning: while removing fonts-lmodern, directory '/usr/share/texmf/fonts/opentype/public/lm' not empty so not removed
Purging configuration files for texlive-base (2018.20190227-2) ...
Purging configuration files for python (2.7.16-1) ...
E: Build failure (dpkg-buildpackage died)

+------------------------------------------------------------------------------+
| Summary                                                                      |
+------------------------------------------------------------------------------+

Build Architecture: amd64
Build Profiles: cross nocheck
Build Type: any
Build-Space: n/a
Build-Time: 36
Distribution: unstable-amd64-sbuild
Fail-Stage: build
Foreign Architectures: armhf
Host Architecture: armhf
Install-Time: 47
Job: /home/build/sbuild-setup/repo/pool/main/t/tth/tth_4.12+ds-2.dsc
Machine Architecture: amd64
Package: tth
Package-Time: 93
Source-Version: 4.12+ds-2
Space: n/a
Status: attempted
Version: 4.12+ds-2
--------------------------------------------------------------------------------
Finished at 2019-03-07T07:15:06Z
Build needed 00:01:33, no disk space
