sbuild (Debian sbuild) 0.78.1 (09 February 2019) on 4be29f1fdf49

+==============================================================================+
| vtun 3.0.3-4 (armhf)                         Tue, 02 Jul 2019 23:37:00 +0000 |
+==============================================================================+

Package: vtun
Version: 3.0.3-4
Source Version: 3.0.3-4
Distribution: unstable-amd64-sbuild
Machine Architecture: amd64
Host Architecture: armhf
Build Architecture: amd64
Build Profiles: cross nocheck
Build Type: any

I: NOTICE: Log filtering will replace 'var/run/schroot/mount/unstable-amd64-sbuild-c6328906-fc83-4073-92ff-50cbf8cda151' with '<<CHROOT>>'
I: NOTICE: Log filtering will replace 'build/vtun-qnjQax/resolver-WGitgB' with '<<RESOLVERDIR>>'

+------------------------------------------------------------------------------+
| Update chroot                                                                |
+------------------------------------------------------------------------------+

Hit:1 http://cdn-fastly.deb.debian.org/debian unstable InRelease
Reading package lists...
Reading package lists...
Building dependency tree...
Reading state information...
Calculating upgrade...
The following package was automatically installed and is no longer required:
  sensible-utils
Use 'apt autoremove' to remove it.
0 upgraded, 0 newly installed, 0 to remove and 0 not upgraded.

+------------------------------------------------------------------------------+
| Fetch source files                                                           |
+------------------------------------------------------------------------------+


Local sources
-------------

/home/build/sbuild-setup/repo/pool/main/v/vtun/vtun_3.0.3-4.dsc exists in /home/build/sbuild-setup/repo/pool/main/v/vtun; copying to chroot
I: NOTICE: Log filtering will replace 'build/vtun-qnjQax/vtun-3.0.3' with '<<PKGBUILDDIR>>'
I: NOTICE: Log filtering will replace 'build/vtun-qnjQax' with '<<BUILDDIR>>'

+------------------------------------------------------------------------------+
| Install package build dependencies                                           |
+------------------------------------------------------------------------------+


Setup apt archive
-----------------

Merged Build-Depends: debhelper (>= 10), autotools-dev, liblzo2-dev, zlib1g-dev, libssl-dev, bison, flex, build-essential:amd64, fakeroot:amd64, crossbuild-essential-armhf:amd64, libc-dev:armhf, libstdc++-dev:armhf
Filtered Build-Depends: debhelper (>= 10), autotools-dev, liblzo2-dev, zlib1g-dev, libssl-dev, bison, flex, build-essential:amd64, fakeroot:amd64, crossbuild-essential-armhf:amd64, libc-dev:armhf, libstdc++-dev:armhf
dpkg-deb: building package 'sbuild-build-depends-main-dummy' in '/<<RESOLVERDIR>>/apt_archive/sbuild-build-depends-main-dummy.deb'.
Ign:1 copy:/<<RESOLVERDIR>>/apt_archive ./ InRelease
Get:2 copy:/<<RESOLVERDIR>>/apt_archive ./ Release [957 B]
Ign:3 copy:/<<RESOLVERDIR>>/apt_archive ./ Release.gpg
Get:4 copy:/<<RESOLVERDIR>>/apt_archive ./ Sources [425 B]
Get:5 copy:/<<RESOLVERDIR>>/apt_archive ./ Packages [516 B]
Fetched 1898 B in 0s (137 kB/s)
Reading package lists...
Reading package lists...

Install main build dependencies (apt-based resolver)
----------------------------------------------------

Installing build dependencies
Reading package lists...
Building dependency tree...
Reading state information...
The following additional packages will be installed:
  autoconf automake autopoint autotools-dev binutils-arm-linux-gnueabihf bison
  bsdmainutils cpp-8-arm-linux-gnueabihf cpp-arm-linux-gnueabihf cross-config
  crossbuild-essential-armhf debhelper dh-autoreconf dh-strip-nondeterminism
  dpkg-cross dwz file flex g++-8-arm-linux-gnueabihf g++-arm-linux-gnueabihf
  gcc-8-arm-linux-gnueabihf gcc-8-arm-linux-gnueabihf-base gcc-8-base:armhf
  gcc-8-cross-base gcc-arm-linux-gnueabihf gettext gettext-base groff-base
  intltool-debian libarchive-zip-perl libasan5:armhf libasan5-armhf-cross
  libatomic1:armhf libatomic1-armhf-cross libbsd0 libc6:armhf
  libc6-armhf-cross libc6-dev:armhf libc6-dev-armhf-cross libconfig-auto-perl
  libconfig-inifiles-perl libcroco3 libdebian-dpkgcross-perl
  libfile-homedir-perl libfile-stripnondeterminism-perl libfile-which-perl
  libgcc-8-dev:armhf libgcc-8-dev-armhf-cross libgcc1:armhf
  libgcc1-armhf-cross libglib2.0-0 libgomp1:armhf libgomp1-armhf-cross
  libicu63 libio-string-perl liblocale-gettext-perl liblzo2-2:armhf
  liblzo2-dev:armhf libmagic-mgc libmagic1 libncurses6 libpipeline1
  libsigsegv2 libssl-dev:armhf libssl1.1:armhf libstdc++-8-dev:armhf
  libstdc++-8-dev-armhf-cross libstdc++6:armhf libstdc++6-armhf-cross libtool
  libubsan1:armhf libubsan1-armhf-cross libuchardet0 libxml-libxml-perl
  libxml-namespacesupport-perl libxml-sax-base-perl libxml-sax-perl
  libxml-simple-perl libxml2 libyaml-perl linux-libc-dev:armhf
  linux-libc-dev-armhf-cross m4 man-db po-debconf ucf zlib1g:armhf
  zlib1g-dev:armhf
Suggested packages:
  autoconf-archive gnu-standards autoconf-doc binutils-doc bison-doc wamerican
  | wordlist whois vacation gcc-8-locales cpp-doc dh-make binutils-multiarch
  flex-doc gcc-8-doc libstdc++6-8-dbg-armhf-cross libgcc1-dbg-armhf-cross
  libgomp1-dbg-armhf-cross libitm1-dbg-armhf-cross libatomic1-dbg-armhf-cross
  libasan5-dbg-armhf-cross liblsan0-dbg-armhf-cross libtsan0-dbg-armhf-cross
  libubsan1-dbg-armhf-cross libmpx2-dbg-armhf-cross
  libquadmath0-dbg-armhf-cross manpages-dev gdb-arm-linux-gnueabihf gcc-doc
  gettext-doc libasprintf-dev libgettextpo-dev groff glibc-doc:armhf
  libc-l10n:armhf locales:armhf manpages-dev:armhf libssl-doc:armhf
  libstdc++-8-doc:armhf libtool-doc gfortran | fortran95-compiler gcj-jdk
  libyaml-shell-perl m4-doc apparmor less www-browser libmail-box-perl
Recommended packages:
  libfl-dev curl | wget | lynx libidn2-0:armhf libarchive-cpio-perl
  libglib2.0-data shared-mime-info xdg-user-dirs libgpm2 libltdl-dev
  libwww-perl libxml-sax-expat-perl libyaml-libyaml-perl | libyaml-syck-perl
  libmail-sendmail-perl
The following NEW packages will be installed:
  autoconf automake autopoint autotools-dev binutils-arm-linux-gnueabihf bison
  bsdmainutils cpp-8-arm-linux-gnueabihf cpp-arm-linux-gnueabihf cross-config
  crossbuild-essential-armhf debhelper dh-autoreconf dh-strip-nondeterminism
  dpkg-cross dwz file flex g++-8-arm-linux-gnueabihf g++-arm-linux-gnueabihf
  gcc-8-arm-linux-gnueabihf gcc-8-arm-linux-gnueabihf-base gcc-8-base:armhf
  gcc-8-cross-base gcc-arm-linux-gnueabihf gettext gettext-base groff-base
  intltool-debian libarchive-zip-perl libasan5:armhf libasan5-armhf-cross
  libatomic1:armhf libatomic1-armhf-cross libbsd0 libc6:armhf
  libc6-armhf-cross libc6-dev:armhf libc6-dev-armhf-cross libconfig-auto-perl
  libconfig-inifiles-perl libcroco3 libdebian-dpkgcross-perl
  libfile-homedir-perl libfile-stripnondeterminism-perl libfile-which-perl
  libgcc-8-dev:armhf libgcc-8-dev-armhf-cross libgcc1:armhf
  libgcc1-armhf-cross libglib2.0-0 libgomp1:armhf libgomp1-armhf-cross
  libicu63 libio-string-perl liblocale-gettext-perl liblzo2-2:armhf
  liblzo2-dev:armhf libmagic-mgc libmagic1 libncurses6 libpipeline1
  libsigsegv2 libssl-dev:armhf libssl1.1:armhf libstdc++-8-dev:armhf
  libstdc++-8-dev-armhf-cross libstdc++6:armhf libstdc++6-armhf-cross libtool
  libubsan1:armhf libubsan1-armhf-cross libuchardet0 libxml-libxml-perl
  libxml-namespacesupport-perl libxml-sax-base-perl libxml-sax-perl
  libxml-simple-perl libxml2 libyaml-perl linux-libc-dev:armhf
  linux-libc-dev-armhf-cross m4 man-db po-debconf
  sbuild-build-depends-main-dummy:armhf ucf zlib1g:armhf zlib1g-dev:armhf
0 upgraded, 89 newly installed, 0 to remove and 0 not upgraded.
Need to get 936 B/64.9 MB of archives.
After this operation, 244 MB of additional disk space will be used.
Get:1 copy:/<<RESOLVERDIR>>/apt_archive ./ sbuild-build-depends-main-dummy 0.invalid.0 [936 B]
debconf: delaying package configuration, since apt-utils is not installed
Fetched 936 B in 0s (0 B/s)
Selecting previously unselected package libbsd0:amd64.
(Reading database ... 12449 files and directories currently installed.)
Preparing to unpack .../00-libbsd0_0.9.1-2_amd64.deb ...
Unpacking libbsd0:amd64 (0.9.1-2) ...
Selecting previously unselected package bsdmainutils.
Preparing to unpack .../01-bsdmainutils_11.1.2+b1_amd64.deb ...
Unpacking bsdmainutils (11.1.2+b1) ...
Selecting previously unselected package libuchardet0:amd64.
Preparing to unpack .../02-libuchardet0_0.0.6-3_amd64.deb ...
Unpacking libuchardet0:amd64 (0.0.6-3) ...
Selecting previously unselected package groff-base.
Preparing to unpack .../03-groff-base_1.22.4-3_amd64.deb ...
Unpacking groff-base (1.22.4-3) ...
Selecting previously unselected package libpipeline1:amd64.
Preparing to unpack .../04-libpipeline1_1.5.1-2_amd64.deb ...
Unpacking libpipeline1:amd64 (1.5.1-2) ...
Selecting previously unselected package man-db.
Preparing to unpack .../05-man-db_2.8.5-2_amd64.deb ...
Unpacking man-db (2.8.5-2) ...
Selecting previously unselected package libsigsegv2:amd64.
Preparing to unpack .../06-libsigsegv2_2.12-2_amd64.deb ...
Unpacking libsigsegv2:amd64 (2.12-2) ...
Selecting previously unselected package m4.
Preparing to unpack .../07-m4_1.4.18-2_amd64.deb ...
Unpacking m4 (1.4.18-2) ...
Selecting previously unselected package flex.
Preparing to unpack .../08-flex_2.6.4-6.2_amd64.deb ...
Unpacking flex (2.6.4-6.2) ...
Selecting previously unselected package liblocale-gettext-perl.
Preparing to unpack .../09-liblocale-gettext-perl_1.07-3+b4_amd64.deb ...
Unpacking liblocale-gettext-perl (1.07-3+b4) ...
Selecting previously unselected package libmagic-mgc.
Preparing to unpack .../10-libmagic-mgc_1%3a5.35-4_amd64.deb ...
Unpacking libmagic-mgc (1:5.35-4) ...
Selecting previously unselected package libmagic1:amd64.
Preparing to unpack .../11-libmagic1_1%3a5.35-4_amd64.deb ...
Unpacking libmagic1:amd64 (1:5.35-4) ...
Selecting previously unselected package file.
Preparing to unpack .../12-file_1%3a5.35-4_amd64.deb ...
Unpacking file (1:5.35-4) ...
Selecting previously unselected package gettext-base.
Preparing to unpack .../13-gettext-base_0.19.8.1-9_amd64.deb ...
Unpacking gettext-base (0.19.8.1-9) ...
Selecting previously unselected package ucf.
Preparing to unpack .../14-ucf_3.0038+nmu1_all.deb ...
Moving old data out of the way
Unpacking ucf (3.0038+nmu1) ...
Selecting previously unselected package autoconf.
Preparing to unpack .../15-autoconf_2.69-11_all.deb ...
Unpacking autoconf (2.69-11) ...
Selecting previously unselected package autotools-dev.
Preparing to unpack .../16-autotools-dev_20180224.1_all.deb ...
Unpacking autotools-dev (20180224.1) ...
Selecting previously unselected package automake.
Preparing to unpack .../17-automake_1%3a1.16.1-4_all.deb ...
Unpacking automake (1:1.16.1-4) ...
Selecting previously unselected package autopoint.
Preparing to unpack .../18-autopoint_0.19.8.1-9_all.deb ...
Unpacking autopoint (0.19.8.1-9) ...
Selecting previously unselected package binutils-arm-linux-gnueabihf.
Preparing to unpack .../19-binutils-arm-linux-gnueabihf_2.31.1-16_amd64.deb ...
Unpacking binutils-arm-linux-gnueabihf (2.31.1-16) ...
Selecting previously unselected package bison.
Preparing to unpack .../20-bison_2%3a3.4.1+dfsg-2_amd64.deb ...
Unpacking bison (2:3.4.1+dfsg-2) ...
Selecting previously unselected package gcc-8-arm-linux-gnueabihf-base:amd64.
Preparing to unpack .../21-gcc-8-arm-linux-gnueabihf-base_8.3.0-7cross1_amd64.deb ...
Unpacking gcc-8-arm-linux-gnueabihf-base:amd64 (8.3.0-7cross1) ...
Selecting previously unselected package cpp-8-arm-linux-gnueabihf.
Preparing to unpack .../22-cpp-8-arm-linux-gnueabihf_8.3.0-7cross1_amd64.deb ...
Unpacking cpp-8-arm-linux-gnueabihf (8.3.0-7cross1) ...
Selecting previously unselected package cpp-arm-linux-gnueabihf.
Preparing to unpack .../23-cpp-arm-linux-gnueabihf_4%3a8.3.0-1_amd64.deb ...
Unpacking cpp-arm-linux-gnueabihf (4:8.3.0-1) ...
Selecting previously unselected package cross-config.
Preparing to unpack .../24-cross-config_2.6.15-3_all.deb ...
Unpacking cross-config (2.6.15-3) ...
Selecting previously unselected package gcc-8-cross-base.
Preparing to unpack .../25-gcc-8-cross-base_8.3.0-7cross1_all.deb ...
Unpacking gcc-8-cross-base (8.3.0-7cross1) ...
Selecting previously unselected package libc6-armhf-cross.
Preparing to unpack .../26-libc6-armhf-cross_2.28-10cross2_all.deb ...
Unpacking libc6-armhf-cross (2.28-10cross2) ...
Selecting previously unselected package libgcc1-armhf-cross.
Preparing to unpack .../27-libgcc1-armhf-cross_1%3a8.3.0-7cross1_all.deb ...
Unpacking libgcc1-armhf-cross (1:8.3.0-7cross1) ...
Selecting previously unselected package libgomp1-armhf-cross.
Preparing to unpack .../28-libgomp1-armhf-cross_8.3.0-7cross1_all.deb ...
Unpacking libgomp1-armhf-cross (8.3.0-7cross1) ...
Selecting previously unselected package libatomic1-armhf-cross.
Preparing to unpack .../29-libatomic1-armhf-cross_8.3.0-7cross1_all.deb ...
Unpacking libatomic1-armhf-cross (8.3.0-7cross1) ...
Selecting previously unselected package libstdc++6-armhf-cross.
Preparing to unpack .../30-libstdc++6-armhf-cross_8.3.0-7cross1_all.deb ...
Unpacking libstdc++6-armhf-cross (8.3.0-7cross1) ...
Selecting previously unselected package libasan5-armhf-cross.
Preparing to unpack .../31-libasan5-armhf-cross_8.3.0-7cross1_all.deb ...
Unpacking libasan5-armhf-cross (8.3.0-7cross1) ...
Selecting previously unselected package libubsan1-armhf-cross.
Preparing to unpack .../32-libubsan1-armhf-cross_8.3.0-7cross1_all.deb ...
Unpacking libubsan1-armhf-cross (8.3.0-7cross1) ...
Selecting previously unselected package libgcc-8-dev-armhf-cross.
Preparing to unpack .../33-libgcc-8-dev-armhf-cross_8.3.0-7cross1_all.deb ...
Unpacking libgcc-8-dev-armhf-cross (8.3.0-7cross1) ...
Selecting previously unselected package gcc-8-arm-linux-gnueabihf.
Preparing to unpack .../34-gcc-8-arm-linux-gnueabihf_8.3.0-7cross1_amd64.deb ...
Unpacking gcc-8-arm-linux-gnueabihf (8.3.0-7cross1) ...
Selecting previously unselected package gcc-arm-linux-gnueabihf.
Preparing to unpack .../35-gcc-arm-linux-gnueabihf_4%3a8.3.0-1_amd64.deb ...
Unpacking gcc-arm-linux-gnueabihf (4:8.3.0-1) ...
Selecting previously unselected package linux-libc-dev-armhf-cross.
Preparing to unpack .../36-linux-libc-dev-armhf-cross_4.19.28-2cross2_all.deb ...
Unpacking linux-libc-dev-armhf-cross (4.19.28-2cross2) ...
Selecting previously unselected package libc6-dev-armhf-cross.
Preparing to unpack .../37-libc6-dev-armhf-cross_2.28-10cross2_all.deb ...
Unpacking libc6-dev-armhf-cross (2.28-10cross2) ...
Selecting previously unselected package libstdc++-8-dev-armhf-cross.
Preparing to unpack .../38-libstdc++-8-dev-armhf-cross_8.3.0-7cross1_all.deb ...
Unpacking libstdc++-8-dev-armhf-cross (8.3.0-7cross1) ...
Selecting previously unselected package g++-8-arm-linux-gnueabihf.
Preparing to unpack .../39-g++-8-arm-linux-gnueabihf_8.3.0-7cross1_amd64.deb ...
Unpacking g++-8-arm-linux-gnueabihf (8.3.0-7cross1) ...
Selecting previously unselected package g++-arm-linux-gnueabihf.
Preparing to unpack .../40-g++-arm-linux-gnueabihf_4%3a8.3.0-1_amd64.deb ...
Unpacking g++-arm-linux-gnueabihf (4:8.3.0-1) ...
Selecting previously unselected package libconfig-inifiles-perl.
Preparing to unpack .../41-libconfig-inifiles-perl_3.000001-1_all.deb ...
Unpacking libconfig-inifiles-perl (3.000001-1) ...
Selecting previously unselected package libio-string-perl.
Preparing to unpack .../42-libio-string-perl_1.08-3_all.deb ...
Unpacking libio-string-perl (1.08-3) ...
Selecting previously unselected package libicu63:amd64.
Preparing to unpack .../43-libicu63_63.2-2_amd64.deb ...
Unpacking libicu63:amd64 (63.2-2) ...
Selecting previously unselected package libxml2:amd64.
Preparing to unpack .../44-libxml2_2.9.4+dfsg1-7+b3_amd64.deb ...
Unpacking libxml2:amd64 (2.9.4+dfsg1-7+b3) ...
Selecting previously unselected package libxml-namespacesupport-perl.
Preparing to unpack .../45-libxml-namespacesupport-perl_1.12-1_all.deb ...
Unpacking libxml-namespacesupport-perl (1.12-1) ...
Selecting previously unselected package libxml-sax-base-perl.
Preparing to unpack .../46-libxml-sax-base-perl_1.09-1_all.deb ...
Unpacking libxml-sax-base-perl (1.09-1) ...
Selecting previously unselected package libxml-sax-perl.
Preparing to unpack .../47-libxml-sax-perl_1.00+dfsg-1_all.deb ...
Unpacking libxml-sax-perl (1.00+dfsg-1) ...
Selecting previously unselected package libxml-libxml-perl.
Preparing to unpack .../48-libxml-libxml-perl_2.0134+dfsg-1_amd64.deb ...
Unpacking libxml-libxml-perl (2.0134+dfsg-1) ...
Selecting previously unselected package libxml-simple-perl.
Preparing to unpack .../49-libxml-simple-perl_2.25-1_all.deb ...
Unpacking libxml-simple-perl (2.25-1) ...
Selecting previously unselected package libyaml-perl.
Preparing to unpack .../50-libyaml-perl_1.27-1_all.deb ...
Unpacking libyaml-perl (1.27-1) ...
Selecting previously unselected package libconfig-auto-perl.
Preparing to unpack .../51-libconfig-auto-perl_0.44-1_all.deb ...
Unpacking libconfig-auto-perl (0.44-1) ...
Selecting previously unselected package libfile-which-perl.
Preparing to unpack .../52-libfile-which-perl_1.23-1_all.deb ...
Unpacking libfile-which-perl (1.23-1) ...
Selecting previously unselected package libfile-homedir-perl.
Preparing to unpack .../53-libfile-homedir-perl_1.004-1_all.deb ...
Unpacking libfile-homedir-perl (1.004-1) ...
Selecting previously unselected package libdebian-dpkgcross-perl.
Preparing to unpack .../54-libdebian-dpkgcross-perl_2.6.15-3_all.deb ...
Unpacking libdebian-dpkgcross-perl (2.6.15-3) ...
Selecting previously unselected package dpkg-cross.
Preparing to unpack .../55-dpkg-cross_2.6.15-3_all.deb ...
Unpacking dpkg-cross (2.6.15-3) ...
Selecting previously unselected package crossbuild-essential-armhf.
Preparing to unpack .../56-crossbuild-essential-armhf_12.6_all.deb ...
Unpacking crossbuild-essential-armhf (12.6) ...
Selecting previously unselected package libtool.
Preparing to unpack .../57-libtool_2.4.6-10_all.deb ...
Unpacking libtool (2.4.6-10) ...
Selecting previously unselected package dh-autoreconf.
Preparing to unpack .../58-dh-autoreconf_19_all.deb ...
Unpacking dh-autoreconf (19) ...
Selecting previously unselected package libarchive-zip-perl.
Preparing to unpack .../59-libarchive-zip-perl_1.64-1_all.deb ...
Unpacking libarchive-zip-perl (1.64-1) ...
Selecting previously unselected package libfile-stripnondeterminism-perl.
Preparing to unpack .../60-libfile-stripnondeterminism-perl_1.1.2-1_all.deb ...
Unpacking libfile-stripnondeterminism-perl (1.1.2-1) ...
Selecting previously unselected package dh-strip-nondeterminism.
Preparing to unpack .../61-dh-strip-nondeterminism_1.1.2-1_all.deb ...
Unpacking dh-strip-nondeterminism (1.1.2-1) ...
Selecting previously unselected package dwz.
Preparing to unpack .../62-dwz_0.12-3_amd64.deb ...
Unpacking dwz (0.12-3) ...
Selecting previously unselected package libglib2.0-0:amd64.
Preparing to unpack .../63-libglib2.0-0_2.58.3-2_amd64.deb ...
Unpacking libglib2.0-0:amd64 (2.58.3-2) ...
Selecting previously unselected package libcroco3:amd64.
Preparing to unpack .../64-libcroco3_0.6.12-3_amd64.deb ...
Unpacking libcroco3:amd64 (0.6.12-3) ...
Selecting previously unselected package libncurses6:amd64.
Preparing to unpack .../65-libncurses6_6.1+20181013-2_amd64.deb ...
Unpacking libncurses6:amd64 (6.1+20181013-2) ...
Selecting previously unselected package gettext.
Preparing to unpack .../66-gettext_0.19.8.1-9_amd64.deb ...
Unpacking gettext (0.19.8.1-9) ...
Selecting previously unselected package intltool-debian.
Preparing to unpack .../67-intltool-debian_0.35.0+20060710.5_all.deb ...
Unpacking intltool-debian (0.35.0+20060710.5) ...
Selecting previously unselected package po-debconf.
Preparing to unpack .../68-po-debconf_1.0.21_all.deb ...
Unpacking po-debconf (1.0.21) ...
Selecting previously unselected package debhelper.
Preparing to unpack .../69-debhelper_12.1.1_all.deb ...
Unpacking debhelper (12.1.1) ...
Selecting previously unselected package gcc-8-base:armhf.
Preparing to unpack .../70-gcc-8-base_8.3.0-7_armhf.deb ...
Unpacking gcc-8-base:armhf (8.3.0-7) ...
Selecting previously unselected package libgcc1:armhf.
Preparing to unpack .../71-libgcc1_1%3a8.3.0-7_armhf.deb ...
Unpacking libgcc1:armhf (1:8.3.0-7) ...
Selecting previously unselected package libc6:armhf.
Preparing to unpack .../72-libc6_2.28-10_armhf.deb ...
Unpacking libc6:armhf (2.28-10) ...
Selecting previously unselected package libstdc++6:armhf.
Preparing to unpack .../73-libstdc++6_8.3.0-7_armhf.deb ...
Unpacking libstdc++6:armhf (8.3.0-7) ...
Selecting previously unselected package libasan5:armhf.
Preparing to unpack .../74-libasan5_8.3.0-7_armhf.deb ...
Unpacking libasan5:armhf (8.3.0-7) ...
Selecting previously unselected package libatomic1:armhf.
Preparing to unpack .../75-libatomic1_8.3.0-7_armhf.deb ...
Unpacking libatomic1:armhf (8.3.0-7) ...
Selecting previously unselected package linux-libc-dev:armhf.
Preparing to unpack .../76-linux-libc-dev_4.19.37-5_armhf.deb ...
Unpacking linux-libc-dev:armhf (4.19.37-5) ...
Selecting previously unselected package libc6-dev:armhf.
Preparing to unpack .../77-libc6-dev_2.28-10_armhf.deb ...
Unpacking libc6-dev:armhf (2.28-10) ...
Selecting previously unselected package libgomp1:armhf.
Preparing to unpack .../78-libgomp1_8.3.0-7_armhf.deb ...
Unpacking libgomp1:armhf (8.3.0-7) ...
Selecting previously unselected package libubsan1:armhf.
Preparing to unpack .../79-libubsan1_8.3.0-7_armhf.deb ...
Unpacking libubsan1:armhf (8.3.0-7) ...
Selecting previously unselected package libgcc-8-dev:armhf.
Preparing to unpack .../80-libgcc-8-dev_8.3.0-7_armhf.deb ...
Unpacking libgcc-8-dev:armhf (8.3.0-7) ...
Selecting previously unselected package liblzo2-2:armhf.
Preparing to unpack .../81-liblzo2-2_2.10-0.1_armhf.deb ...
Unpacking liblzo2-2:armhf (2.10-0.1) ...
Selecting previously unselected package liblzo2-dev:armhf.
Preparing to unpack .../82-liblzo2-dev_2.10-0.1_armhf.deb ...
Unpacking liblzo2-dev:armhf (2.10-0.1) ...
Selecting previously unselected package libssl1.1:armhf.
Preparing to unpack .../83-libssl1.1_1.1.1c-1_armhf.deb ...
Unpacking libssl1.1:armhf (1.1.1c-1) ...
Selecting previously unselected package libssl-dev:armhf.
Preparing to unpack .../84-libssl-dev_1.1.1c-1_armhf.deb ...
Unpacking libssl-dev:armhf (1.1.1c-1) ...
Selecting previously unselected package libstdc++-8-dev:armhf.
Preparing to unpack .../85-libstdc++-8-dev_8.3.0-7_armhf.deb ...
Unpacking libstdc++-8-dev:armhf (8.3.0-7) ...
Selecting previously unselected package zlib1g:armhf.
Preparing to unpack .../86-zlib1g_1%3a1.2.11.dfsg-1_armhf.deb ...
Unpacking zlib1g:armhf (1:1.2.11.dfsg-1) ...
Selecting previously unselected package zlib1g-dev:armhf.
Preparing to unpack .../87-zlib1g-dev_1%3a1.2.11.dfsg-1_armhf.deb ...
Unpacking zlib1g-dev:armhf (1:1.2.11.dfsg-1) ...
Selecting previously unselected package sbuild-build-depends-main-dummy:armhf.
Preparing to unpack .../88-sbuild-build-depends-main-dummy_0.invalid.0_armhf.deb ...
Unpacking sbuild-build-depends-main-dummy:armhf (0.invalid.0) ...
Setting up libconfig-inifiles-perl (3.000001-1) ...
Setting up libpipeline1:amd64 (1.5.1-2) ...
Setting up libfile-which-perl (1.23-1) ...
Setting up libc6-armhf-cross (2.28-10cross2) ...
Setting up libmagic-mgc (1:5.35-4) ...
Setting up libarchive-zip-perl (1.64-1) ...
Setting up libglib2.0-0:amd64 (2.58.3-2) ...
No schema files found: doing nothing.
Setting up gcc-8-cross-base (8.3.0-7cross1) ...
Setting up libmagic1:amd64 (1:5.35-4) ...
Setting up linux-libc-dev:armhf (4.19.37-5) ...
Setting up libxml-namespacesupport-perl (1.12-1) ...
Setting up gettext-base (0.19.8.1-9) ...
Setting up file (1:5.35-4) ...
Setting up libatomic1-armhf-cross (8.3.0-7cross1) ...
Setting up libyaml-perl (1.27-1) ...
Setting up libicu63:amd64 (63.2-2) ...
Setting up libxml-sax-base-perl (1.09-1) ...
Setting up libio-string-perl (1.08-3) ...
Setting up autotools-dev (20180224.1) ...
Setting up cross-config (2.6.15-3) ...
Setting up libgcc1-armhf-cross (1:8.3.0-7cross1) ...
Setting up gcc-8-arm-linux-gnueabihf-base:amd64 (8.3.0-7cross1) ...
Setting up libncurses6:amd64 (6.1+20181013-2) ...
Setting up libsigsegv2:amd64 (2.12-2) ...
Setting up gcc-8-base:armhf (8.3.0-7) ...
Setting up linux-libc-dev-armhf-cross (4.19.28-2cross2) ...
Setting up autopoint (0.19.8.1-9) ...
Setting up ucf (3.0038+nmu1) ...
Setting up dwz (0.12-3) ...
Setting up libuchardet0:amd64 (0.0.6-3) ...
Setting up libfile-homedir-perl (1.004-1) ...
Setting up libbsd0:amd64 (0.9.1-2) ...
Setting up binutils-arm-linux-gnueabihf (2.31.1-16) ...
Setting up libxml2:amd64 (2.9.4+dfsg1-7+b3) ...
Setting up liblocale-gettext-perl (1.07-3+b4) ...
Setting up cpp-8-arm-linux-gnueabihf (8.3.0-7cross1) ...
Setting up libgomp1-armhf-cross (8.3.0-7cross1) ...
Setting up libfile-stripnondeterminism-perl (1.1.2-1) ...
Setting up libtool (2.4.6-10) ...
Setting up libc6-dev-armhf-cross (2.28-10cross2) ...
Setting up m4 (1.4.18-2) ...
Setting up libxml-sax-perl (1.00+dfsg-1) ...
update-perl-sax-parsers: Registering Perl SAX parser XML::SAX::PurePerl with priority 10...
update-perl-sax-parsers: Updating overall Perl SAX parser modules info file...

Creating config file /etc/perl/XML/SAX/ParserDetails.ini with new version
Setting up libstdc++6-armhf-cross (8.3.0-7cross1) ...
Setting up bsdmainutils (11.1.2+b1) ...
update-alternatives: using /usr/bin/bsd-write to provide /usr/bin/write (write) in auto mode
update-alternatives: using /usr/bin/bsd-from to provide /usr/bin/from (from) in auto mode
Setting up libcroco3:amd64 (0.6.12-3) ...
Setting up libubsan1-armhf-cross (8.3.0-7cross1) ...
Setting up autoconf (2.69-11) ...
Setting up libxml-libxml-perl (2.0134+dfsg-1) ...
update-perl-sax-parsers: Registering Perl SAX parser XML::LibXML::SAX::Parser with priority 50...
update-perl-sax-parsers: Registering Perl SAX parser XML::LibXML::SAX with priority 50...
update-perl-sax-parsers: Updating overall Perl SAX parser modules info file...
Replacing config file /etc/perl/XML/SAX/ParserDetails.ini with new version
Setting up groff-base (1.22.4-3) ...
Setting up bison (2:3.4.1+dfsg-2) ...
update-alternatives: using /usr/bin/bison.yacc to provide /usr/bin/yacc (yacc) in auto mode
Setting up cpp-arm-linux-gnueabihf (4:8.3.0-1) ...
Setting up automake (1:1.16.1-4) ...
update-alternatives: using /usr/bin/automake-1.16 to provide /usr/bin/automake (automake) in auto mode
Setting up flex (2.6.4-6.2) ...
Setting up gettext (0.19.8.1-9) ...
Setting up man-db (2.8.5-2) ...
Not building database; man-db/auto-update is not 'true'.
Setting up libasan5-armhf-cross (8.3.0-7cross1) ...
Setting up intltool-debian (0.35.0+20060710.5) ...
Setting up libxml-simple-perl (2.25-1) ...
Setting up libgcc-8-dev-armhf-cross (8.3.0-7cross1) ...
Setting up libstdc++-8-dev-armhf-cross (8.3.0-7cross1) ...
Setting up gcc-8-arm-linux-gnueabihf (8.3.0-7cross1) ...
Setting up gcc-arm-linux-gnueabihf (4:8.3.0-1) ...
Setting up po-debconf (1.0.21) ...
Setting up libconfig-auto-perl (0.44-1) ...
Setting up g++-8-arm-linux-gnueabihf (8.3.0-7cross1) ...
Setting up libdebian-dpkgcross-perl (2.6.15-3) ...
Setting up g++-arm-linux-gnueabihf (4:8.3.0-1) ...
Setting up dpkg-cross (2.6.15-3) ...
Setting up crossbuild-essential-armhf (12.6) ...
Setting up libc6:armhf (2.28-10) ...
Setting up libc6-dev:armhf (2.28-10) ...
Setting up libgcc1:armhf (1:8.3.0-7) ...
Setting up libssl1.1:armhf (1.1.1c-1) ...
Setting up liblzo2-2:armhf (2.10-0.1) ...
Setting up zlib1g:armhf (1:1.2.11.dfsg-1) ...
Setting up libgomp1:armhf (8.3.0-7) ...
Setting up dh-autoreconf (19) ...
Setting up libssl-dev:armhf (1.1.1c-1) ...
Setting up libatomic1:armhf (8.3.0-7) ...
Setting up liblzo2-dev:armhf (2.10-0.1) ...
Setting up dh-strip-nondeterminism (1.1.2-1) ...
Setting up zlib1g-dev:armhf (1:1.2.11.dfsg-1) ...
Setting up libstdc++6:armhf (8.3.0-7) ...
Setting up debhelper (12.1.1) ...
Setting up libasan5:armhf (8.3.0-7) ...
Setting up libubsan1:armhf (8.3.0-7) ...
Setting up libgcc-8-dev:armhf (8.3.0-7) ...
Setting up libstdc++-8-dev:armhf (8.3.0-7) ...
Setting up sbuild-build-depends-main-dummy:armhf (0.invalid.0) ...
Processing triggers for libc-bin (2.28-10) ...
Processing triggers for ccache (3.7.1-1) ...
Updating symlinks in /usr/lib/ccache ...

+------------------------------------------------------------------------------+
| Check architectures                                                          |
+------------------------------------------------------------------------------+

Initial Foreign Architectures: armhf 
Arch check ok (armhf included in any)

+------------------------------------------------------------------------------+
| Build environment                                                            |
+------------------------------------------------------------------------------+

Kernel: Linux 3.16.0-4-amd64 #1 SMP Debian 3.16.51-3 (2017-12-13) amd64 (x86_64)
Toolchain package versions: binutils_2.31.1-16 dpkg-dev_1.19.7 g++-8_8.3.0-7 gcc-8_8.3.0-7 libc6-dev_2.28-10 libstdc++-8-dev_8.3.0-7 libstdc++-8-dev-armhf-cross_8.3.0-7cross1 libstdc++6_8.3.0-7 libstdc++6-armhf-cross_8.3.0-7cross1 linux-libc-dev_4.19.37-5
Package versions: adduser_3.118 apt_1.8.2 autoconf_2.69-11 automake_1:1.16.1-4 autopoint_0.19.8.1-9 autotools-dev_20180224.1 base-files_10.3 base-passwd_3.5.46 bash_5.0-4 binutils_2.31.1-16 binutils-arm-linux-gnueabihf_2.31.1-16 binutils-common_2.31.1-16 binutils-x86-64-linux-gnu_2.31.1-16 bison_2:3.4.1+dfsg-2 bsdmainutils_11.1.2+b1 bsdutils_1:2.33.1-0.1 build-essential_12.6 bzip2_1.0.6-9.1 ccache_3.7.1-1 coreutils_8.30-3 cpp_4:8.3.0-1 cpp-8_8.3.0-7 cpp-8-arm-linux-gnueabihf_8.3.0-7cross1 cpp-arm-linux-gnueabihf_4:8.3.0-1 cross-config_2.6.15-3 crossbuild-essential-armhf_12.6 dash_0.5.10.2-5 debconf_1.5.72 debhelper_12.1.1 debian-archive-keyring_2019.1 debianutils_4.8.6.1 dh-autoreconf_19 dh-strip-nondeterminism_1.1.2-1 diffutils_1:3.7-3 dirmngr_2.2.13-2 dose-distcheck_5.0.1-12 dpkg_1.19.7 dpkg-cross_2.6.15-3 dpkg-dev_1.19.7 dwz_0.12-3 e2fsprogs_1.45.2-1 eatmydata_105-7 fakeroot_1.23-1 fdisk_2.33.1-0.1 file_1:5.35-4 findutils_4.6.0+git+20190209-2 flex_2.6.4-6.2 g++_4:8.3.0-1 g++-8_8.3.0-7 g++-8-arm-linux-gnueabihf_8.3.0-7cross1 g++-arm-linux-gnueabihf_4:8.3.0-1 gcc_4:8.3.0-1 gcc-8_8.3.0-7 gcc-8-arm-linux-gnueabihf_8.3.0-7cross1 gcc-8-arm-linux-gnueabihf-base_8.3.0-7cross1 gcc-8-base_8.3.0-7 gcc-8-cross-base_8.3.0-7cross1 gcc-arm-linux-gnueabihf_4:8.3.0-1 gettext_0.19.8.1-9 gettext-base_0.19.8.1-9 gnupg_2.2.13-2 gnupg-l10n_2.2.13-2 gnupg-utils_2.2.13-2 gpg_2.2.13-2 gpg-agent_2.2.13-2 gpg-wks-client_2.2.13-2 gpg-wks-server_2.2.13-2 gpgconf_2.2.13-2 gpgsm_2.2.13-2 gpgv_2.2.13-2 grep_3.3-1 groff-base_1.22.4-3 gzip_1.9-3 hostname_3.21 init-system-helpers_1.57 intltool-debian_0.35.0+20060710.5 libacl1_2.2.53-4 libapt-pkg5.0_1.8.2 libarchive-zip-perl_1.64-1 libasan5_8.3.0-7 libasan5-armhf-cross_8.3.0-7cross1 libassuan0_2.5.2-1 libatomic1_8.3.0-7 libatomic1-armhf-cross_8.3.0-7cross1 libattr1_1:2.4.48-4 libaudit-common_1:2.8.4-3 libaudit1_1:2.8.4-3 libbinutils_2.31.1-16 libblkid1_2.33.1-0.1 libbsd0_0.9.1-2 libbz2-1.0_1.0.6-9.1 libc-bin_2.28-10 libc-dev-bin_2.28-10 libc6_2.28-10 libc6-armhf-cross_2.28-10cross2 libc6-dev_2.28-10 libc6-dev-armhf-cross_2.28-10cross2 libcap-ng0_0.7.9-2 libcap2_1:2.25-2 libcc1-0_8.3.0-7 libcom-err2_1.45.2-1 libconfig-auto-perl_0.44-1 libconfig-inifiles-perl_3.000001-1 libcroco3_0.6.12-3 libdb5.3_5.3.28+dfsg1-0.6 libdebconfclient0_0.249 libdebian-dpkgcross-perl_2.6.15-3 libdpkg-perl_1.19.7 libeatmydata1_105-7 libelf1_0.176-1.1 libext2fs2_1.45.2-1 libfakeroot_1.23-1 libfdisk1_2.33.1-0.1 libffi6_3.2.1-9 libfile-homedir-perl_1.004-1 libfile-stripnondeterminism-perl_1.1.2-1 libfile-which-perl_1.23-1 libgcc-8-dev_8.3.0-7 libgcc-8-dev-armhf-cross_8.3.0-7cross1 libgcc1_1:8.3.0-7 libgcc1-armhf-cross_1:8.3.0-7cross1 libgcrypt20_1.8.4-5 libgdbm-compat4_1.18.1-4 libgdbm6_1.18.1-4 libglib2.0-0_2.58.3-2 libgmp10_2:6.1.2+dfsg-4 libgnutls30_3.6.7-4 libgomp1_8.3.0-7 libgomp1-armhf-cross_8.3.0-7cross1 libgpg-error0_1.35-1 libhogweed4_3.4.1-1 libicu63_63.2-2 libidn2-0_2.0.5-1 libio-string-perl_1.08-3 libisl19_0.20-2 libitm1_8.3.0-7 libksba8_1.3.5-2 libldap-2.4-2_2.4.47+dfsg-3 libldap-common_2.4.47+dfsg-3 liblocale-gettext-perl_1.07-3+b4 liblsan0_8.3.0-7 liblua5.2-0_5.2.4-1.1+b2 liblz4-1_1.8.3-1 liblzma5_5.2.4-1 liblzo2-2_2.10-0.1 liblzo2-dev_2.10-0.1 libmagic-mgc_1:5.35-4 libmagic1_1:5.35-4 libmount1_2.33.1-0.1 libmpc3_1.1.0-1 libmpfr6_4.0.2-1 libmpx2_8.3.0-7 libncurses6_6.1+20181013-2 libncursesw6_6.1+20181013-2 libnettle6_3.4.1-1 libnpth0_1.6-1 libnspr4_2:4.21-1 libnss3_2:3.44+really3.42.1-2 libp11-kit0_0.23.15-2 libpam-modules_1.3.1-5 libpam-modules-bin_1.3.1-5 libpam-runtime_1.3.1-5 libpam0g_1.3.1-5 libpcre3_2:8.39-12 libperl5.28_5.28.1-6 libpipeline1_1.5.1-2 libpopt0_1.16-12 libquadmath0_8.3.0-7 libreadline7_7.0-5 librpm8_4.14.2.1+dfsg1-1 librpmio8_4.14.2.1+dfsg1-1 libsasl2-2_2.1.27+dfsg-1 libsasl2-modules-db_2.1.27+dfsg-1 libseccomp2_2.3.3-4 libselinux1_2.8-1+b1 libsemanage-common_2.8-2 libsemanage1_2.8-2 libsepol1_2.8-1 libsigsegv2_2.12-2 libsmartcols1_2.33.1-0.1 libsqlite3-0_3.27.2-3 libss2_1.45.2-1 libssl-dev_1.1.1c-1 libssl1.1_1.1.1c-1 libstdc++-8-dev_8.3.0-7 libstdc++-8-dev-armhf-cross_8.3.0-7cross1 libstdc++6_8.3.0-7 libstdc++6-armhf-cross_8.3.0-7cross1 libsystemd0_241-5 libtasn1-6_4.13-3 libtinfo6_6.1+20181013-2 libtool_2.4.6-10 libtsan0_8.3.0-7 libubsan1_8.3.0-7 libubsan1-armhf-cross_8.3.0-7cross1 libuchardet0_0.0.6-3 libudev1_241-5 libunistring2_0.9.10-1 libuuid1_2.33.1-0.1 libxml-libxml-perl_2.0134+dfsg-1 libxml-namespacesupport-perl_1.12-1 libxml-sax-base-perl_1.09-1 libxml-sax-perl_1.00+dfsg-1 libxml-simple-perl_2.25-1 libxml2_2.9.4+dfsg1-7+b3 libyaml-perl_1.27-1 libzstd1_1.3.8+dfsg-3 linux-libc-dev_4.19.37-5 linux-libc-dev-armhf-cross_4.19.28-2cross2 login_1:4.5-1.1 lsb-base_10.2019051400 m4_1.4.18-2 make_4.2.1-1.2 man-db_2.8.5-2 mawk_1.3.3-17+b3 mount_2.33.1-0.1 ncurses-base_6.1+20181013-2 ncurses-bin_6.1+20181013-2 passwd_1:4.5-1.1 patch_2.7.6-4 perl_5.28.1-6 perl-base_5.28.1-6 perl-modules-5.28_5.28.1-6 pinentry-curses_1.1.0-2 po-debconf_1.0.21 readline-common_7.0-5 sbuild-build-depends-dose3-dummy_0.invalid.0 sbuild-build-depends-main-dummy_0.invalid.0 sed_4.7-1 sensible-utils_0.0.12 sysvinit-utils_2.93-8 tar_1.30+dfsg-6 tzdata_2019a-1 ucf_3.0038+nmu1 util-linux_2.33.1-0.1 xz-utils_5.2.4-1 zlib1g_1:1.2.11.dfsg-1 zlib1g-dev_1:1.2.11.dfsg-1

+------------------------------------------------------------------------------+
| Build                                                                        |
+------------------------------------------------------------------------------+


Unpack source
-------------

-----BEGIN PGP SIGNED MESSAGE-----
Hash: SHA512

Format: 3.0 (quilt)
Source: vtun
Binary: vtun
Architecture: any
Version: 3.0.3-4
Maintainer: Debian QA Group <packages@qa.debian.org>
Homepage: http://vtun.sourceforge.net/
Standards-Version: 4.1.1
Build-Depends: debhelper (>= 10), autotools-dev, liblzo2-dev, zlib1g-dev, libssl-dev, bison, flex
Package-List:
 vtun deb net optional arch=any
Checksums-Sha1:
 7937e46420b5c2323f36774ab22e75e11c12da6c 130051 vtun_3.0.3.orig.tar.gz
 8c10a36b1a08d5a34c0493361af88ada41dfea6c 27588 vtun_3.0.3-4.debian.tar.xz
Checksums-Sha256:
 69dcbe4f8c5ce7d91b4150a6309e536d03b61841169746ca5788413ac7edb9cb 130051 vtun_3.0.3.orig.tar.gz
 282ee44b58c182bc23b18a8d6e4fb36d07e3cc2b3a2b742c9695391cee52bd04 27588 vtun_3.0.3-4.debian.tar.xz
Files:
 f3becf2a0270910a841060c08d1db824 130051 vtun_3.0.3.orig.tar.gz
 b0f31102381fac82c29597f2b5b56165 27588 vtun_3.0.3-4.debian.tar.xz

-----BEGIN PGP SIGNATURE-----

iQJIBAEBCgAyFiEEkjZVexcMh/iCHArDweDZLphvfH4FAloQYl4UHGtpbG9ieXRl
QGFuZ2JhbmQucGwACgkQweDZLphvfH6CtA//ZycFrsAzvZIkcU4MCk3Odhce2znB
Ic9XlWN6feSXDrTf90to9fYhcGyyKuVsglrY55llKVQj8pUGioxBRa1PFrb9gTMa
048gxh1HgZKlGGrgoT/2TZMM0+FZGKrc62Bm1ul6Pb2KN9CBdHz2ZTcd3xIC/3zW
2YWOGquGYTjHjc77bDXBWrXUaraeWzUzrnpQUAyi57jj0qslprWQKEbniQoatLEE
2WDzerc1N4BytmqHAauhBhpCAbMOqhrey58MlnQvmHrtpWT9ZappfWQkb1lW/cGQ
w8GmyrdcHBU7k9UKMZ0o6lkS1xFB5A8tPDesVEQ4evst5mqP0Iqz3190MUi3bNuF
kO6D/mU/lOvEdbS8SxAkIQks6p/1oUy73H59EZTdSnYCBDGjOKa45AKroLaoYene
g5+XgR54L7SlI2xNNPeTocxqU0xcwn9EvkwK+zFOW0ulQgsf302w8bHZRzZvNfaW
EdODnrD0nnoFytNE9UR2rHHaeFHSnVDUma7Efj4ztzi8s4l4uFxR1FEcAn9pMZDS
79AdVuzNMJz97HGiQeyrIK9uZECzlvClotGzDR4Uqt33clsjMHwqdOJZTJt0iCYb
52n0mZw5M04j7Oxk50WUPHVM5nAx91l4zM8gjZje6qhC4vlZYGsvOaN5IsDkf4kG
iPNEU0etxMGz0bs=
=99x8
-----END PGP SIGNATURE-----

gpgv: unknown type of key resource 'trustedkeys.kbx'
gpgv: keyblock resource '/sbuild-nonexistent/.gnupg/trustedkeys.kbx': General error
gpgv: Signature made Sat Nov 18 16:39:58 2017 UTC
gpgv:                using RSA key 9236557B170C87F8821C0AC3C1E0D92E986F7C7E
gpgv:                issuer "kilobyte@angband.pl"
gpgv: Can't check signature: No public key
dpkg-source: warning: failed to verify signature on ./vtun_3.0.3-4.dsc
dpkg-source: info: extracting vtun in /<<PKGBUILDDIR>>
dpkg-source: info: unpacking vtun_3.0.3.orig.tar.gz
dpkg-source: info: unpacking vtun_3.0.3-4.debian.tar.xz
dpkg-source: info: using patch list from debian/patches/series
dpkg-source: info: applying 00-sslauth.patch
dpkg-source: info: applying 01-pidfile.patch
dpkg-source: info: applying 02-dumpfile.patch
dpkg-source: info: applying 03-signedness-warnings.patch
dpkg-source: info: applying 04-implicit-pointer-conversions.patch
dpkg-source: info: applying 05-unix98pty.patch
dpkg-source: info: applying 06-ipv6.patch
dpkg-source: info: applying 07-dual-family-transport.patch
dpkg-source: info: applying 08-gcc5-inline.patch
dpkg-source: info: applying 09-client-uses-lot-of-CPU-after-a-SIGHUP.patch
dpkg-source: info: applying 10-reproducible-build.patch
dpkg-source: info: applying 11-libssl-1.1.patch

Check disk space
----------------

Sufficient free space for build

User Environment
----------------

APT_CONFIG=/var/lib/sbuild/apt.conf
CCACHE_COMPRESS=1
CCACHE_DIR=/var/cache/ccache-sbuild
CCACHE_UMASK=002
CONFIG_SITE=/etc/dpkg-cross/cross-config.armhf
DEB_BUILD_OPTIONS=nocheck
HOME=/sbuild-nonexistent
LANG=en_US.UTF-8
LC_ALL=C.UTF-8
LD_LIBRARY_PATH=/usr/lib/libeatmydata
LD_PRELOAD=libeatmydata.so
LOGNAME=build
PATH=/usr/lib/ccache:/usr/local/sbin:/usr/local/bin:/usr/sbin:/usr/bin:/sbin:/bin:/usr/games
PWD=/<<PKGBUILDDIR>>
SCHROOT_ALIAS_NAME=unstable-amd64-sbuild
SCHROOT_CHROOT_NAME=unstable-amd64-sbuild
SCHROOT_COMMAND=env
SCHROOT_GID=1000
SCHROOT_GROUP=build
SCHROOT_SESSION_ID=unstable-amd64-sbuild-c6328906-fc83-4073-92ff-50cbf8cda151
SCHROOT_UID=1000
SCHROOT_USER=build
SHELL=/bin/sh
USER=build

dpkg-buildpackage
-----------------

Command: dpkg-buildpackage -aarmhf -Pcross,nocheck -us -uc -B -rfakeroot -j16
dpkg-buildpackage: info: source package vtun
dpkg-buildpackage: info: source version 3.0.3-4
dpkg-buildpackage: info: source distribution unstable
dpkg-buildpackage: info: source changed by Adam Borowski <kilobyte@angband.pl>
dpkg-architecture: warning: specified GNU system type arm-linux-gnueabihf does not match CC system type x86_64-linux-gnu, try setting a correct CC environment variable
 dpkg-source --before-build .
dpkg-buildpackage: info: host architecture armhf
 fakeroot debian/rules clean
dh_testdir
dh_testroot
rm -f build-stamp 
[ ! -f Makefile ] || /usr/bin/make distclean
rm -rf /<<PKGBUILDDIR>>/debian/tmp
dh_clean 
if [ -d orig_config ]; then \
       	mv orig_config/config.sub orig_config/config.guess .; \
	rmdir orig_config; \
	fi
 debian/rules build-arch
dh_testdir
[ -e orig_config ] || mkdir orig_config
[ ! -f config.sub ] || mv config.sub orig_config
[ ! -f config.guess ] || mv config.guess orig_config
cp /usr/share/misc/config.sub /usr/share/misc/config.guess .
# Add here commands to configure the package.
./configure --build x86_64-linux-gnu --host arm-linux-gnueabihf --prefix=/usr \
	--mandir=\${prefix}/share/man \
	--infodir=\${prefix}/share/info \
	--localstatedir=/var \
	--sysconfdir=/etc \
	--enable-lzo CFLAGS="-Wall -g -O2" LDFLAGS="-Wl,-z,defs"
configure: loading site script /etc/dpkg-cross/cross-config.armhf
checking build system type... x86_64-pc-linux-gnu
checking host system type... arm-unknown-linux-gnueabihf
checking target system type... arm-unknown-linux-gnueabihf
checking for bison... bison -y
checking for arm-linux-gnueabihf-gcc... arm-linux-gnueabihf-gcc
checking for C compiler default output file name... a.out
checking whether the C compiler works... yes
checking whether we are cross compiling... yes
checking for suffix of executables... 
checking for suffix of object files... o
checking whether we are using the GNU C compiler... yes
checking whether arm-linux-gnueabihf-gcc accepts -g... yes
checking for arm-linux-gnueabihf-gcc option to accept ANSI C... none needed
checking for flex... flex
checking for yywrap in -lfl... no
checking for yywrap in -ll... no
checking lex output file root... lex.yy
checking whether yytext is a pointer... no
checking for arm-linux-gnueabihf-gcc... (cached) arm-linux-gnueabihf-gcc
checking whether we are using the GNU C compiler... (cached) yes
checking whether arm-linux-gnueabihf-gcc accepts -g... (cached) yes
checking for arm-linux-gnueabihf-gcc option to accept ANSI C... (cached) none needed
checking for a BSD-compatible install... /usr/bin/install -c
checking for an ANSI C-conforming const... yes
checking for inline... inline
checking how to run the C preprocessor... arm-linux-gnueabihf-gcc -E
checking for egrep... grep -E
checking for ANSI C header files... yes
checking for sys/types.h... yes
checking for sys/stat.h... yes
checking for stdlib.h... yes
checking for string.h... yes
checking for memory.h... yes
checking for strings.h... yes
checking for inttypes.h... yes
checking for stdint.h... yes
checking for unistd.h... yes
checking sys/resource.h usability... yes
checking sys/resource.h presence... yes
checking for sys/resource.h... yes
checking netdb.h usability... yes
checking netdb.h presence... yes
checking for netdb.h... yes
checking sched.h usability... yes
checking sched.h presence... yes
checking for sched.h... yes
checking resolv.h usability... yes
checking resolv.h presence... yes
checking for resolv.h... yes
checking arpa/inet.h usability... yes
checking arpa/inet.h presence... yes
checking for arpa/inet.h... yes
checking netinet/ip.h usability... yes
checking netinet/ip.h presence... yes
checking for netinet/ip.h... yes
checking netinet/in.h usability... yes
checking netinet/in.h presence... yes
checking for netinet/in.h... yes
checking netinet/tcp.h usability... yes
checking netinet/tcp.h presence... yes
checking for netinet/tcp.h... yes
checking netinet/in_systm.h usability... yes
checking netinet/in_systm.h presence... yes
checking for netinet/in_systm.h... yes
checking libutil.h usability... no
checking libutil.h presence... no
checking for libutil.h... no
checking sys/sockio.h usability... no
checking sys/sockio.h presence... no
checking for sys/sockio.h... no
checking for library containing socket... none required
checking for library containing inet_ntoa... none required
checking for library containing gethostbyname... none required
checking for library containing nanosleep... none required
checking for library containing setproctitle... no

configure: checking for ZLIB Library and Header files ... ...
checking for deflate in -lz... yes

configure: checking for LZO Library and Header files ... ...
checking "for lzo_asm.h"... (/usr/include/lzo) yes 
checking for lzo1x_decompress in -llzo2... yes

configure: checking for md5 Library and Header files ... ...
checking "for md5.h"... (/usr/include/openssl) yes 

configure: checking for blowfish Library and Header files ... ...
checking "for blowfish.h"... (/usr/include/openssl) yes 
checking for BF_set_key in -lcrypto... yes

configure: checking for AES Library and Header files ... ...
checking "for aes.h"... (/usr/include/openssl) yes 
checking for AES_set_encrypt_key in -lcrypto... yes

configure: checking for EVP Library and Header files ... ...
checking "for evp.h"... (/usr/include/openssl) yes 
checking for EVP_EncryptInit in -lcrypto... yes

checking for getpt... yes
checking for grantpt... yes
checking for unlockpt... yes
checking for ptsname... yes
checking linux/if_tun.h usability... yes
checking linux/if_tun.h presence... yes
checking for linux/if_tun.h... yes
creating driver and protocol links ... 
linking linux/tun_dev.c  to  tun_dev.c
linking linux/tap_dev.c  to  tap_dev.c
linking generic/pty_dev.c  to  pty_dev.c
linking generic/pipe_dev.c  to  pipe_dev.c
linking generic/tcp_proto.c  to  tcp_proto.c
linking generic/udp_proto.c  to  udp_proto.c

configure: creating ./config.status
config.status: creating Makefile
config.status: creating config.h
dh_testdir
/usr/bin/make
make[1]: Entering directory '/<<PKGBUILDDIR>>'
arm-linux-gnueabihf-gcc -Wall -g -O2  -I/usr/include/lzo -I/usr/include/openssl -I/usr/include/openssl -I/usr/include/openssl -I/usr/include/openssl -DVTUN_CONFIG_FILE=\"/etc/vtund.conf\" -DVTUN_PID_DIR=\"/var/run\" -DVTUN_STAT_DIR=\"/var/log/vtund\" -DVTUN_LOCK_DIR=\"/var/lock/vtund\" -c main.c
bison -y -d -b cfg_file cfg_file.y
arm-linux-gnueabihf-gcc -Wall -g -O2  -I/usr/include/lzo -I/usr/include/openssl -I/usr/include/openssl -I/usr/include/openssl -I/usr/include/openssl -DVTUN_CONFIG_FILE=\"/etc/vtund.conf\" -DVTUN_PID_DIR=\"/var/run\" -DVTUN_STAT_DIR=\"/var/log/vtund\" -DVTUN_LOCK_DIR=\"/var/lock/vtund\" -c server.c
arm-linux-gnueabihf-gcc -Wall -g -O2  -I/usr/include/lzo -I/usr/include/openssl -I/usr/include/openssl -I/usr/include/openssl -I/usr/include/openssl -DVTUN_CONFIG_FILE=\"/etc/vtund.conf\" -DVTUN_PID_DIR=\"/var/run\" -DVTUN_STAT_DIR=\"/var/log/vtund\" -DVTUN_LOCK_DIR=\"/var/lock/vtund\" -c client.c
arm-linux-gnueabihf-gcc -Wall -g -O2  -I/usr/include/lzo -I/usr/include/openssl -I/usr/include/openssl -I/usr/include/openssl -I/usr/include/openssl -DVTUN_CONFIG_FILE=\"/etc/vtund.conf\" -DVTUN_PID_DIR=\"/var/run\" -DVTUN_STAT_DIR=\"/var/log/vtund\" -DVTUN_LOCK_DIR=\"/var/lock/vtund\" -c lib.c
arm-linux-gnueabihf-gcc -Wall -g -O2  -I/usr/include/lzo -I/usr/include/openssl -I/usr/include/openssl -I/usr/include/openssl -I/usr/include/openssl -DVTUN_CONFIG_FILE=\"/etc/vtund.conf\" -DVTUN_PID_DIR=\"/var/run\" -DVTUN_STAT_DIR=\"/var/log/vtund\" -DVTUN_LOCK_DIR=\"/var/lock/vtund\" -c llist.c
arm-linux-gnueabihf-gcc -Wall -g -O2  -I/usr/include/lzo -I/usr/include/openssl -I/usr/include/openssl -I/usr/include/openssl -I/usr/include/openssl -DVTUN_CONFIG_FILE=\"/etc/vtund.conf\" -DVTUN_PID_DIR=\"/var/run\" -DVTUN_STAT_DIR=\"/var/log/vtund\" -DVTUN_LOCK_DIR=\"/var/lock/vtund\" -c auth.c
cfg_file.y:72.1-7: warning: POSIX Yacc does not support %expect [-Wyacc]
   72 | %expect 20
      | ^~~~~~~
arm-linux-gnueabihf-gcc -Wall -g -O2  -I/usr/include/lzo -I/usr/include/openssl -I/usr/include/openssl -I/usr/include/openssl -I/usr/include/openssl -DVTUN_CONFIG_FILE=\"/etc/vtund.conf\" -DVTUN_PID_DIR=\"/var/run\" -DVTUN_STAT_DIR=\"/var/log/vtund\" -DVTUN_LOCK_DIR=\"/var/lock/vtund\" -c tunnel.c
arm-linux-gnueabihf-gcc -Wall -g -O2  -I/usr/include/lzo -I/usr/include/openssl -I/usr/include/openssl -I/usr/include/openssl -I/usr/include/openssl -DVTUN_CONFIG_FILE=\"/etc/vtund.conf\" -DVTUN_PID_DIR=\"/var/run\" -DVTUN_STAT_DIR=\"/var/log/vtund\" -DVTUN_LOCK_DIR=\"/var/lock/vtund\" -c lock.c
arm-linux-gnueabihf-gcc -Wall -g -O2  -I/usr/include/lzo -I/usr/include/openssl -I/usr/include/openssl -I/usr/include/openssl -I/usr/include/openssl -DVTUN_CONFIG_FILE=\"/etc/vtund.conf\" -DVTUN_PID_DIR=\"/var/run\" -DVTUN_STAT_DIR=\"/var/log/vtund\" -DVTUN_LOCK_DIR=\"/var/lock/vtund\" -c netlib.c
arm-linux-gnueabihf-gcc -Wall -g -O2  -I/usr/include/lzo -I/usr/include/openssl -I/usr/include/openssl -I/usr/include/openssl -I/usr/include/openssl -DVTUN_CONFIG_FILE=\"/etc/vtund.conf\" -DVTUN_PID_DIR=\"/var/run\" -DVTUN_STAT_DIR=\"/var/log/vtund\" -DVTUN_LOCK_DIR=\"/var/lock/vtund\" -c tun_dev.c
arm-linux-gnueabihf-gcc -Wall -g -O2  -I/usr/include/lzo -I/usr/include/openssl -I/usr/include/openssl -I/usr/include/openssl -I/usr/include/openssl -DVTUN_CONFIG_FILE=\"/etc/vtund.conf\" -DVTUN_PID_DIR=\"/var/run\" -DVTUN_STAT_DIR=\"/var/log/vtund\" -DVTUN_LOCK_DIR=\"/var/lock/vtund\" -c tap_dev.c
arm-linux-gnueabihf-gcc -Wall -g -O2  -I/usr/include/lzo -I/usr/include/openssl -I/usr/include/openssl -I/usr/include/openssl -I/usr/include/openssl -DVTUN_CONFIG_FILE=\"/etc/vtund.conf\" -DVTUN_PID_DIR=\"/var/run\" -DVTUN_STAT_DIR=\"/var/log/vtund\" -DVTUN_LOCK_DIR=\"/var/lock/vtund\" -c pty_dev.c
arm-linux-gnueabihf-gcc -Wall -g -O2  -I/usr/include/lzo -I/usr/include/openssl -I/usr/include/openssl -I/usr/include/openssl -I/usr/include/openssl -DVTUN_CONFIG_FILE=\"/etc/vtund.conf\" -DVTUN_PID_DIR=\"/var/run\" -DVTUN_STAT_DIR=\"/var/log/vtund\" -DVTUN_LOCK_DIR=\"/var/lock/vtund\" -c pipe_dev.c
arm-linux-gnueabihf-gcc -Wall -g -O2  -I/usr/include/lzo -I/usr/include/openssl -I/usr/include/openssl -I/usr/include/openssl -I/usr/include/openssl -DVTUN_CONFIG_FILE=\"/etc/vtund.conf\" -DVTUN_PID_DIR=\"/var/run\" -DVTUN_STAT_DIR=\"/var/log/vtund\" -DVTUN_LOCK_DIR=\"/var/lock/vtund\" -c tcp_proto.c
arm-linux-gnueabihf-gcc -Wall -g -O2  -I/usr/include/lzo -I/usr/include/openssl -I/usr/include/openssl -I/usr/include/openssl -I/usr/include/openssl -DVTUN_CONFIG_FILE=\"/etc/vtund.conf\" -DVTUN_PID_DIR=\"/var/run\" -DVTUN_STAT_DIR=\"/var/log/vtund\" -DVTUN_LOCK_DIR=\"/var/lock/vtund\" -c udp_proto.c
arm-linux-gnueabihf-gcc -Wall -g -O2  -I/usr/include/lzo -I/usr/include/openssl -I/usr/include/openssl -I/usr/include/openssl -I/usr/include/openssl -DVTUN_CONFIG_FILE=\"/etc/vtund.conf\" -DVTUN_PID_DIR=\"/var/run\" -DVTUN_STAT_DIR=\"/var/log/vtund\" -DVTUN_LOCK_DIR=\"/var/lock/vtund\" -c linkfd.c
arm-linux-gnueabihf-gcc -Wall -g -O2  -I/usr/include/lzo -I/usr/include/openssl -I/usr/include/openssl -I/usr/include/openssl -I/usr/include/openssl -DVTUN_CONFIG_FILE=\"/etc/vtund.conf\" -DVTUN_PID_DIR=\"/var/run\" -DVTUN_STAT_DIR=\"/var/log/vtund\" -DVTUN_LOCK_DIR=\"/var/lock/vtund\" -c lfd_shaper.c
arm-linux-gnueabihf-gcc -Wall -g -O2  -I/usr/include/lzo -I/usr/include/openssl -I/usr/include/openssl -I/usr/include/openssl -I/usr/include/openssl -DVTUN_CONFIG_FILE=\"/etc/vtund.conf\" -DVTUN_PID_DIR=\"/var/run\" -DVTUN_STAT_DIR=\"/var/log/vtund\" -DVTUN_LOCK_DIR=\"/var/lock/vtund\" -c lfd_zlib.c
pty_dev.c: In function pty_open:
pty_dev.c:63:13: warning: unused variable m [-Wunused-variable]
     int  l, m;
             ^
pty_dev.c:63:10: warning: unused variable l [-Wunused-variable]
     int  l, m;
          ^
In file included from pty_dev.c:36:
pty_dev.c: At top level:
vtun.h:240:13: warning: inline function clear_nat_hack_flags declared but never defined
 inline void clear_nat_hack_flags(int svr);
             ^~~~~~~~~~~~~~~~~~~~
arm-linux-gnueabihf-gcc -Wall -g -O2  -I/usr/include/lzo -I/usr/include/openssl -I/usr/include/openssl -I/usr/include/openssl -I/usr/include/openssl -DVTUN_CONFIG_FILE=\"/etc/vtund.conf\" -DVTUN_PID_DIR=\"/var/run\" -DVTUN_STAT_DIR=\"/var/log/vtund\" -DVTUN_LOCK_DIR=\"/var/lock/vtund\" -c lfd_lzo.c
In file included from pipe_dev.c:33:
vtun.h:240:13: warning: inline function clear_nat_hack_flags declared but never defined
 inline void clear_nat_hack_flags(int svr);
             ^~~~~~~~~~~~~~~~~~~~
arm-linux-gnueabihf-gcc -Wall -g -O2  -I/usr/include/lzo -I/usr/include/openssl -I/usr/include/openssl -I/usr/include/openssl -I/usr/include/openssl -DVTUN_CONFIG_FILE=\"/etc/vtund.conf\" -DVTUN_PID_DIR=\"/var/run\" -DVTUN_STAT_DIR=\"/var/log/vtund\" -DVTUN_LOCK_DIR=\"/var/lock/vtund\" -c lfd_encrypt.c
client.c: In function client:
client.c:133:5: warning: this if clause does not guard... [-Wmisleading-indentation]
     if (!vtun.quiet || errno != ETIMEDOUT)
     ^~
client.c:136:8: note: ...this statement, but the latter is misleadingly indented as if it were guarded by the if
        client_term = 0;
        ^~~~~~~~~~~
In file included from client.c:42:
client.c: At top level:
vtun.h:240:13: warning: inline function clear_nat_hack_flags declared but never defined
 inline void clear_nat_hack_flags(int svr);
             ^~~~~~~~~~~~~~~~~~~~
arm-linux-gnueabihf-gcc -Wall -g -O2  -I/usr/include/lzo -I/usr/include/openssl -I/usr/include/openssl -I/usr/include/openssl -I/usr/include/openssl -DVTUN_CONFIG_FILE=\"/etc/vtund.conf\" -DVTUN_PID_DIR=\"/var/run\" -DVTUN_STAT_DIR=\"/var/log/vtund\" -DVTUN_LOCK_DIR=\"/var/lock/vtund\" -c lfd_legacy_encrypt.c
In file included from lock.c:36:
vtun.h:240:13: warning: inline function clear_nat_hack_flags declared but never defined
 inline void clear_nat_hack_flags(int svr);
             ^~~~~~~~~~~~~~~~~~~~
arm-linux-gnueabihf-gcc -Wall -g -O2  -I/usr/include/lzo -I/usr/include/openssl -I/usr/include/openssl -I/usr/include/openssl -I/usr/include/openssl -DVTUN_CONFIG_FILE=\"/etc/vtund.conf\" -DVTUN_PID_DIR=\"/var/run\" -DVTUN_STAT_DIR=\"/var/log/vtund\" -DVTUN_LOCK_DIR=\"/var/lock/vtund\" -c cfg_file.tab.c
In file included from tunnel.c:53:
vtun.h:240:13: warning: inline function clear_nat_hack_flags declared but never defined
 inline void clear_nat_hack_flags(int svr);
             ^~~~~~~~~~~~~~~~~~~~
In file included from main.c:38:
vtun.h:240:13: warning: inline function clear_nat_hack_flags declared but never defined
 inline void clear_nat_hack_flags(int svr);
             ^~~~~~~~~~~~~~~~~~~~
flex -t  cfg_file.l > cfg_file.lex.c 
arm-linux-gnueabihf-gcc -Wall -g -O2  -I/usr/include/lzo -I/usr/include/openssl -I/usr/include/openssl -I/usr/include/openssl -I/usr/include/openssl -DVTUN_CONFIG_FILE=\"/etc/vtund.conf\" -DVTUN_PID_DIR=\"/var/run\" -DVTUN_STAT_DIR=\"/var/log/vtund\" -DVTUN_LOCK_DIR=\"/var/lock/vtund\" -c cfg_file.lex.c
In file included from udp_proto.c:56:
vtun.h:240:13: warning: inline function clear_nat_hack_flags declared but never defined
 inline void clear_nat_hack_flags(int svr);
             ^~~~~~~~~~~~~~~~~~~~
In file included from server.c:47:
vtun.h:240:13: warning: inline function clear_nat_hack_flags declared but never defined
 inline void clear_nat_hack_flags(int svr);
             ^~~~~~~~~~~~~~~~~~~~
In file included from tcp_proto.c:54:
vtun.h:240:13: warning: inline function clear_nat_hack_flags declared but never defined
 inline void clear_nat_hack_flags(int svr);
             ^~~~~~~~~~~~~~~~~~~~
In file included from tun_dev.c:37:
vtun.h:240:13: warning: inline function clear_nat_hack_flags declared but never defined
 inline void clear_nat_hack_flags(int svr);
             ^~~~~~~~~~~~~~~~~~~~
tun_dev.c: In function tun_open_common:
tun_dev.c:96:8: warning: strncpy specified bound 16 equals destination size [-Wstringop-truncation]
        strncpy(ifr.ifr_name, dev, IFNAMSIZ);
        ^~~~~~~~~~~~~~~~~~~~~~~~~~~~~~~~~~~~
In file included from lib.c:38:
vtun.h:240:13: warning: inline function clear_nat_hack_flags declared but never defined
 inline void clear_nat_hack_flags(int svr);
             ^~~~~~~~~~~~~~~~~~~~
In file included from lfd_shaper.c:31:
vtun.h:240:13: warning: inline function clear_nat_hack_flags declared but never defined
 inline void clear_nat_hack_flags(int svr);
             ^~~~~~~~~~~~~~~~~~~~
In file included from netlib.c:75:
vtun.h:240:13: warning: inline function clear_nat_hack_flags declared but never defined
 inline void clear_nat_hack_flags(int svr);
             ^~~~~~~~~~~~~~~~~~~~
In file included from lfd_zlib.c:32:
vtun.h:240:13: warning: inline function clear_nat_hack_flags declared but never defined
 inline void clear_nat_hack_flags(int svr);
             ^~~~~~~~~~~~~~~~~~~~
In file included from auth.c:57:
vtun.h:240:13: warning: inline function clear_nat_hack_flags declared but never defined
 inline void clear_nat_hack_flags(int svr);
             ^~~~~~~~~~~~~~~~~~~~
In file included from lfd_lzo.c:32:
vtun.h:240:13: warning: inline function clear_nat_hack_flags declared but never defined
 inline void clear_nat_hack_flags(int svr);
             ^~~~~~~~~~~~~~~~~~~~
lfd_legacy_encrypt.c: In function alloc_legacy_encrypt:
lfd_legacy_encrypt.c:74:43: warning: pointer targets in passing argument 1 of MD5 differ in signedness [-Wpointer-sign]
    BF_set_key(&key, ENC_KEY_SIZE, MD5(host->passwd,strlen(host->passwd),NULL));
                                       ~~~~^~~~~~~~
In file included from lfd_legacy_encrypt.c:54:
/usr/include/openssl/md5.h:43:16: note: expected const unsigned char * but argument is of type char *
 unsigned char *MD5(const unsigned char *d, size_t n, unsigned char *md);
                ^~~
lfd_legacy_encrypt.c: In function legacy_encrypt_buf:
lfd_legacy_encrypt.c:97:19: warning: pointer targets in passing argument 1 of BF_ecb_encrypt differ in signedness [-Wpointer-sign]
    BF_ecb_encrypt(out_ptr, out_ptr, &key, BF_ENCRYPT);
                   ^~~~~~~
In file included from lfd_legacy_encrypt.c:55:
/usr/include/openssl/blowfish.h:44:6: note: expected const unsigned char * but argument is of type char *
 void BF_ecb_encrypt(const unsigned char *in, unsigned char *out,
      ^~~~~~~~~~~~~~
lfd_legacy_encrypt.c:97:28: warning: pointer targets in passing argument 2 of BF_ecb_encrypt differ in signedness [-Wpointer-sign]
    BF_ecb_encrypt(out_ptr, out_ptr, &key, BF_ENCRYPT);
                            ^~~~~~~
In file included from lfd_legacy_encrypt.c:55:
/usr/include/openssl/blowfish.h:44:6: note: expected unsigned char * but argument is of type char *
 void BF_ecb_encrypt(const unsigned char *in, unsigned char *out,
      ^~~~~~~~~~~~~~
lfd_legacy_encrypt.c:102:29: warning: pointer targets in passing argument 1 of BF_ecb_encrypt differ in signedness [-Wpointer-sign]
       BF_ecb_encrypt(in_ptr + p,  out_ptr + p, &key, BF_ENCRYPT);
                      ~~~~~~~^~~
In file included from lfd_legacy_encrypt.c:55:
/usr/include/openssl/blowfish.h:44:6: note: expected const unsigned char * but argument is of type char *
 void BF_ecb_encrypt(const unsigned char *in, unsigned char *out,
      ^~~~~~~~~~~~~~
lfd_legacy_encrypt.c:102:43: warning: pointer targets in passing argument 2 of BF_ecb_encrypt differ in signedness [-Wpointer-sign]
       BF_ecb_encrypt(in_ptr + p,  out_ptr + p, &key, BF_ENCRYPT);
                                   ~~~~~~~~^~~
In file included from lfd_legacy_encrypt.c:55:
/usr/include/openssl/blowfish.h:44:6: note: expected unsigned char * but argument is of type char *
 void BF_ecb_encrypt(const unsigned char *in, unsigned char *out,
      ^~~~~~~~~~~~~~
lfd_legacy_encrypt.c: In function legacy_decrypt_buf:
lfd_legacy_encrypt.c:113:25: warning: pointer targets in passing argument 1 of BF_ecb_encrypt differ in signedness [-Wpointer-sign]
       BF_ecb_encrypt(in + p, in + p, &key, BF_DECRYPT);
                      ~~~^~~
In file included from lfd_legacy_encrypt.c:55:
/usr/include/openssl/blowfish.h:44:6: note: expected const unsigned char * but argument is of type char *
 void BF_ecb_encrypt(const unsigned char *in, unsigned char *out,
      ^~~~~~~~~~~~~~
lfd_legacy_encrypt.c:113:33: warning: pointer targets in passing argument 2 of BF_ecb_encrypt differ in signedness [-Wpointer-sign]
       BF_ecb_encrypt(in + p, in + p, &key, BF_DECRYPT);
                              ~~~^~~
In file included from lfd_legacy_encrypt.c:55:
/usr/include/openssl/blowfish.h:44:6: note: expected unsigned char * but argument is of type char *
 void BF_ecb_encrypt(const unsigned char *in, unsigned char *out,
      ^~~~~~~~~~~~~~
In file included from lfd_legacy_encrypt.c:46:
lfd_legacy_encrypt.c: At top level:
vtun.h:240:13: warning: inline function clear_nat_hack_flags declared but never defined
 inline void clear_nat_hack_flags(int svr);
             ^~~~~~~~~~~~~~~~~~~~
linkfd.c: In function sig_alarm:
linkfd.c:204:19: warning: * in boolean context, suggest && instead [-Wint-in-bool-context]
      if ( ka_timer*stat_timer ){
           ~~~~~~~~^~~~~~~~~~~
linkfd.c: In function linkfd:
linkfd.c:380:8: warning: suggest explicit braces to avoid ambiguous else [-Wdangling-else]
      if(host->flags & VTUN_ENCRYPT)
        ^
In file included from linkfd.c:48:
linkfd.c: At top level:
vtun.h:240:13: warning: inline function clear_nat_hack_flags declared but never defined
 inline void clear_nat_hack_flags(int svr);
             ^~~~~~~~~~~~~~~~~~~~
linkfd.c: In function linkfd:
linkfd.c:418:29: warning: sprintf may write a terminating nul past the end of the destination [-Wformat-overflow=]
  sprintf(file,"%s/%.20s.dump", VTUN_STAT_DIR, host->host);
                             ^
linkfd.c:418:2: note: sprintf output between 21 and 41 bytes into a destination of size 40
  sprintf(file,"%s/%.20s.dump", VTUN_STAT_DIR, host->host);
  ^~~~~~~~~~~~~~~~~~~~~~~~~~~~~~~~~~~~~~~~~~~~~~~~~~~~~~~~
In file included from lfd_encrypt.c:49:
vtun.h:240:13: warning: inline function clear_nat_hack_flags declared but never defined
 inline void clear_nat_hack_flags(int svr);
             ^~~~~~~~~~~~~~~~~~~~
lfd_encrypt.c: In function send_msg:
lfd_encrypt.c:557:10: warning: strncpy output truncated before terminating nul copying 4 bytes from a string of the same length [-Wstringop-truncation]
          strncpy(in_ptr,"ivec",4);
          ^~~~~~~~~~~~~~~~~~~~~~~~
lfd_encrypt.c: In function send_ib_mesg:
lfd_encrypt.c:669:7: warning: strncpy output truncated before terminating nul copying 4 bytes from a string of the same length [-Wstringop-truncation]
       strncpy(in_ptr,"seq#",4);
       ^~~~~~~~~~~~~~~~~~~~~~~~
lfd_encrypt.c:681:7: warning: strncpy output truncated before terminating nul copying 4 bytes from a string of the same length [-Wstringop-truncation]
       strncpy(in_ptr,"rsyn",4);
       ^~~~~~~~~~~~~~~~~~~~~~~~
In file included from cfg_file.l:28:
vtun.h:240:13: warning: inline function clear_nat_hack_flags declared but never defined
 inline void clear_nat_hack_flags(int svr);
             ^~~~~~~~~~~~~~~~~~~~
<stdout>:1354:16: warning: input defined but not used [-Wunused-function]
<stdout>:1311:17: warning: yyunput defined but not used [-Wunused-function]
cfg_file.tab.c: In function yyparse:
cfg_file.tab.c:2162:18: warning: passing argument 1 of yyerror discards const qualifier from pointer target type [-Wdiscarded-qualifiers]
         yyerror (yymsgp);
                  ^~~~~~
cfg_file.y:61:19: note: expected char * but argument is of type const char *
 int yyerror(char *s);
             ~~~~~~^
arm-linux-gnueabihf-gcc -Wall -g -O2  -I/usr/include/lzo -I/usr/include/openssl -I/usr/include/openssl -I/usr/include/openssl -I/usr/include/openssl -o vtund main.o cfg_file.tab.o cfg_file.lex.o server.o client.o lib.o llist.o auth.o tunnel.o lock.o netlib.o tun_dev.o tap_dev.o pty_dev.o pipe_dev.o tcp_proto.o udp_proto.o linkfd.o lfd_shaper.o lfd_zlib.o lfd_lzo.o lfd_encrypt.o lfd_legacy_encrypt.o  -Wl,-z,defs  -lz -llzo2 -lcrypto -lutil
make[1]: Leaving directory '/<<PKGBUILDDIR>>'
touch build-stamp
 fakeroot debian/rules binary-arch
dh_testdir
dh_testroot
dh_prep 
dh_installdirs
/usr/bin/make DESTDIR=/<<PKGBUILDDIR>>/debian/vtun install
make[1]: Entering directory '/<<PKGBUILDDIR>>'
/usr/bin/install -c -d -m 755 -o root -g 0 /<<PKGBUILDDIR>>/debian/vtun/etc
/usr/bin/install -c -d -m 755 -o root -g 0 /<<PKGBUILDDIR>>/debian/vtun/usr/share/man/man8
if [ ! -f /etc/vtund.conf ]; then \
  /usr/bin/install -c -m 600 -o root -g 0 vtund.conf /<<PKGBUILDDIR>>/debian/vtun/etc; \
fi
/usr/bin/install -c -m 644 -o root -g 0 vtund.8 /<<PKGBUILDDIR>>/debian/vtun/usr/share/man/man8
/usr/bin/install -c -d -m 755 -o root -g 0 /<<PKGBUILDDIR>>/debian/vtun/usr/share/man/man5
/usr/bin/install -c -m 644 -o root -g 0 vtund.conf.5 /<<PKGBUILDDIR>>/debian/vtun/usr/share/man/man5
rm -f /<<PKGBUILDDIR>>/debian/vtun/usr/share/man/man8/vtun.8 
ln -s vtund.8 /<<PKGBUILDDIR>>/debian/vtun/usr/share/man/man8/vtun.8 
/usr/bin/install -c -d -m 755 -o root -g 0 /<<PKGBUILDDIR>>/debian/vtun/var/run
/usr/bin/install -c -d -m 755 -o root -g 0 /<<PKGBUILDDIR>>/debian/vtun/var/log/vtund
/usr/bin/install -c -d -m 755 -o root -g 0 /<<PKGBUILDDIR>>/debian/vtun/var/lock/vtund
/usr/bin/install -c -d -m 755 -o root -g 0 /<<PKGBUILDDIR>>/debian/vtun/usr/sbin
/usr/bin/install -c -m 755 -o root -g 0 vtund /<<PKGBUILDDIR>>/debian/vtun/usr/sbin
/usr/bin/strip /<<PKGBUILDDIR>>/debian/vtun/usr/sbin/vtund
/usr/bin/strip: Unable to recognise the format of the input file `/<<PKGBUILDDIR>>/debian/vtun/usr/sbin/vtund'
make[1]: *** [Makefile:102: install] Error 1
make[1]: Leaving directory '/<<PKGBUILDDIR>>'
make: *** [debian/rules:65: install] Error 2
dpkg-buildpackage: error: fakeroot debian/rules binary-arch subprocess returned exit status 2
--------------------------------------------------------------------------------
Build finished at 2019-07-02T23:37:25Z

Finished
--------


+------------------------------------------------------------------------------+
| Cleanup                                                                      |
+------------------------------------------------------------------------------+

Purging /<<BUILDDIR>>
Reading package lists...
Building dependency tree...
Reading state information...
0 upgraded, 0 newly installed, 0 to remove and 0 not upgraded.
Reading package lists...
Building dependency tree...
Reading state information...
The following package was automatically installed and is no longer required:
  sensible-utils
Use 'apt autoremove' to remove it.
The following packages will be REMOVED:
  autoconf* automake* autopoint* autotools-dev* binutils-arm-linux-gnueabihf*
  bison* bsdmainutils* cpp-8-arm-linux-gnueabihf* cpp-arm-linux-gnueabihf*
  cross-config* crossbuild-essential-armhf* debhelper* dh-autoreconf*
  dh-strip-nondeterminism* dpkg-cross* dwz* file* flex*
  g++-8-arm-linux-gnueabihf* g++-arm-linux-gnueabihf*
  gcc-8-arm-linux-gnueabihf* gcc-8-arm-linux-gnueabihf-base* gcc-8-base:armhf*
  gcc-8-cross-base* gcc-arm-linux-gnueabihf* gettext* gettext-base*
  groff-base* intltool-debian* libarchive-zip-perl* libasan5:armhf*
  libasan5-armhf-cross* libatomic1:armhf* libatomic1-armhf-cross* libbsd0*
  libc6:armhf* libc6-armhf-cross* libc6-dev:armhf* libc6-dev-armhf-cross*
  libconfig-auto-perl* libconfig-inifiles-perl* libcroco3*
  libdebian-dpkgcross-perl* libfile-homedir-perl*
  libfile-stripnondeterminism-perl* libfile-which-perl* libgcc-8-dev:armhf*
  libgcc-8-dev-armhf-cross* libgcc1:armhf* libgcc1-armhf-cross* libglib2.0-0*
  libgomp1:armhf* libgomp1-armhf-cross* libicu63* libio-string-perl*
  liblocale-gettext-perl* liblzo2-2:armhf* liblzo2-dev:armhf* libmagic-mgc*
  libmagic1* libncurses6* libpipeline1* libsigsegv2* libssl-dev:armhf*
  libssl1.1:armhf* libstdc++-8-dev:armhf* libstdc++-8-dev-armhf-cross*
  libstdc++6:armhf* libstdc++6-armhf-cross* libtool* libubsan1:armhf*
  libubsan1-armhf-cross* libuchardet0* libxml-libxml-perl*
  libxml-namespacesupport-perl* libxml-sax-base-perl* libxml-sax-perl*
  libxml-simple-perl* libxml2* libyaml-perl* linux-libc-dev:armhf*
  linux-libc-dev-armhf-cross* m4* man-db* po-debconf*
  sbuild-build-depends-main-dummy:armhf* ucf* zlib1g:armhf* zlib1g-dev:armhf*
0 upgraded, 0 newly installed, 89 to remove and 0 not upgraded.
After this operation, 244 MB disk space will be freed.
(Reading database ... 18682 files and directories currently installed.)
Removing sbuild-build-depends-main-dummy:armhf (0.invalid.0) ...
Removing crossbuild-essential-armhf (12.6) ...
Removing g++-arm-linux-gnueabihf (4:8.3.0-1) ...
Removing gcc-arm-linux-gnueabihf (4:8.3.0-1) ...
Removing g++-8-arm-linux-gnueabihf (8.3.0-7cross1) ...
Removing gcc-8-arm-linux-gnueabihf (8.3.0-7cross1) ...
Removing binutils-arm-linux-gnueabihf (2.31.1-16) ...
Removing bison (2:3.4.1+dfsg-2) ...
Removing cpp-arm-linux-gnueabihf (4:8.3.0-1) ...
Removing cpp-8-arm-linux-gnueabihf (8.3.0-7cross1) ...
Removing dpkg-cross (2.6.15-3) ...
Removing cross-config (2.6.15-3) ...
Removing libdebian-dpkgcross-perl (2.6.15-3) ...
Removing flex (2.6.4-6.2) ...
Removing gcc-8-arm-linux-gnueabihf-base:amd64 (8.3.0-7cross1) ...
Removing libstdc++-8-dev:armhf (8.3.0-7) ...
Removing libgcc-8-dev:armhf (8.3.0-7) ...
Removing libubsan1:armhf (8.3.0-7) ...
Removing libasan5:armhf (8.3.0-7) ...
Removing libstdc++6:armhf (8.3.0-7) ...
Removing libstdc++-8-dev-armhf-cross (8.3.0-7cross1) ...
Removing libgcc-8-dev-armhf-cross (8.3.0-7cross1) ...
Removing libubsan1-armhf-cross (8.3.0-7cross1) ...
Removing libasan5-armhf-cross (8.3.0-7cross1) ...
Removing libstdc++6-armhf-cross (8.3.0-7cross1) ...
Removing libatomic1:armhf (8.3.0-7) ...
Removing libatomic1-armhf-cross (8.3.0-7cross1) ...
Removing zlib1g-dev:armhf (1:1.2.11.dfsg-1) ...
Removing zlib1g:armhf (1:1.2.11.dfsg-1) ...
Removing libssl-dev:armhf (1.1.1c-1) ...
Removing libssl1.1:armhf (1.1.1c-1) ...
Removing libc6-dev-armhf-cross (2.28-10cross2) ...
Removing libgomp1-armhf-cross (8.3.0-7cross1) ...
Removing libc6-dev:armhf (2.28-10) ...
Removing libconfig-auto-perl (0.44-1) ...
Removing libconfig-inifiles-perl (3.000001-1) ...
Removing libfile-homedir-perl (1.004-1) ...
Removing libfile-which-perl (1.23-1) ...
Removing libgcc1-armhf-cross (1:8.3.0-7cross1) ...
Removing libgomp1:armhf (8.3.0-7) ...
Removing libxml-simple-perl (2.25-1) ...
Removing libxml-libxml-perl (2.0134+dfsg-1) ...
update-perl-sax-parsers: Unregistering Perl SAX parser XML::LibXML::SAX::Parser with priority 50...
update-perl-sax-parsers: Unregistering Perl SAX parser XML::LibXML::SAX with priority 50...
update-perl-sax-parsers: Updating overall Perl SAX parser modules info file...
Replacing config file /etc/perl/XML/SAX/ParserDetails.ini with new version
Removing libio-string-perl (1.08-3) ...
Removing liblocale-gettext-perl (1.07-3+b4) ...
Removing liblzo2-dev:armhf (2.10-0.1) ...
Removing liblzo2-2:armhf (2.10-0.1) ...
Removing libxml-sax-perl (1.00+dfsg-1) ...
update-perl-sax-parsers: Unregistering Perl SAX parser XML::SAX::PurePerl with priority 50...
update-perl-sax-parsers: Updating overall Perl SAX parser modules info file...
Removing libxml-namespacesupport-perl (1.12-1) ...
Removing libxml-sax-base-perl (1.09-1) ...
Removing libyaml-perl (1.27-1) ...
Removing linux-libc-dev:armhf (4.19.37-5) ...
Removing linux-libc-dev-armhf-cross (4.19.28-2cross2) ...
Removing ucf (3.0038+nmu1) ...
Removing gcc-8-cross-base (8.3.0-7cross1) ...
Removing libc6-armhf-cross (2.28-10cross2) ...
Removing dh-autoreconf (19) ...
Removing debhelper (12.1.1) ...
Removing dh-strip-nondeterminism (1.1.2-1) ...
Removing automake (1:1.16.1-4) ...
Removing autoconf (2.69-11) ...
Removing autopoint (0.19.8.1-9) ...
Removing libtool (2.4.6-10) ...
Removing autotools-dev (20180224.1) ...
Removing man-db (2.8.5-2) ...
Removing bsdmainutils (11.1.2+b1) ...
Removing dwz (0.12-3) ...
Removing file (1:5.35-4) ...
Removing po-debconf (1.0.21) ...
Removing intltool-debian (0.35.0+20060710.5) ...
Removing gettext (0.19.8.1-9) ...
Removing gettext-base (0.19.8.1-9) ...
Removing groff-base (1.22.4-3) ...
Removing libfile-stripnondeterminism-perl (1.1.2-1) ...
Removing libarchive-zip-perl (1.64-1) ...
Removing libbsd0:amd64 (0.9.1-2) ...
Removing libc6:armhf (2.28-10) ...
Removing libcroco3:amd64 (0.6.12-3) ...
Removing libgcc1:armhf (1:8.3.0-7) ...
Removing libglib2.0-0:amd64 (2.58.3-2) ...
Removing libxml2:amd64 (2.9.4+dfsg1-7+b3) ...
Removing libicu63:amd64 (63.2-2) ...
Removing libmagic1:amd64 (1:5.35-4) ...
Removing libmagic-mgc (1:5.35-4) ...
Removing libncurses6:amd64 (6.1+20181013-2) ...
Removing libpipeline1:amd64 (1.5.1-2) ...
Removing m4 (1.4.18-2) ...
Removing libsigsegv2:amd64 (2.12-2) ...
Removing libuchardet0:amd64 (0.0.6-3) ...
Removing gcc-8-base:armhf (8.3.0-7) ...
Processing triggers for ccache (3.7.1-1) ...
Updating symlinks in /usr/lib/ccache ...
Processing triggers for libc-bin (2.28-10) ...
(Reading database ... 12505 files and directories currently installed.)
Purging configuration files for libglib2.0-0:amd64 (2.58.3-2) ...
Purging configuration files for libssl1.1:armhf (1.1.1c-1) ...
Purging configuration files for libmagic1:amd64 (1:5.35-4) ...
Purging configuration files for man-db (2.8.5-2) ...
Purging configuration files for libxml-sax-perl (1.00+dfsg-1) ...
Purging configuration files for cross-config (2.6.15-3) ...
Purging configuration files for bsdmainutils (11.1.2+b1) ...
Purging configuration files for ucf (3.0038+nmu1) ...
Purging configuration files for autoconf (2.69-11) ...
Purging configuration files for libc6:armhf (2.28-10) ...
Purging configuration files for groff-base (1.22.4-3) ...
Purging configuration files for dpkg-cross (2.6.15-3) ...
Purging configuration files for libdebian-dpkgcross-perl (2.6.15-3) ...
E: Build failure (dpkg-buildpackage died)

+------------------------------------------------------------------------------+
| Summary                                                                      |
+------------------------------------------------------------------------------+

Build Architecture: amd64
Build Profiles: cross nocheck
Build Type: any
Build-Space: n/a
Build-Time: 8
Distribution: unstable-amd64-sbuild
Fail-Stage: build
Foreign Architectures: armhf
Host Architecture: armhf
Install-Time: 14
Job: /home/build/sbuild-setup/repo/pool/main/v/vtun/vtun_3.0.3-4.dsc
Machine Architecture: amd64
Package: vtun
Package-Time: 25
Source-Version: 3.0.3-4
Space: n/a
Status: attempted
Version: 3.0.3-4
--------------------------------------------------------------------------------
Finished at 2019-07-02T23:37:25Z
Build needed 00:00:25, no disk space
