sbuild (Debian sbuild) 0.78.1 (09 February 2019) on 36857dea695f

+==============================================================================+
| yaml-cpp 0.6.2-4 (armhf)                     Thu, 07 Mar 2019 16:13:22 +0000 |
+==============================================================================+

Package: yaml-cpp
Version: 0.6.2-4
Source Version: 0.6.2-4
Distribution: unstable-amd64-sbuild
Machine Architecture: amd64
Host Architecture: armhf
Build Architecture: amd64
Build Profiles: cross nocheck
Build Type: any

I: NOTICE: Log filtering will replace 'var/run/schroot/mount/unstable-amd64-sbuild-652d67f1-266d-4e31-ba55-e8d456aef13a' with '<<CHROOT>>'
I: NOTICE: Log filtering will replace 'build/yaml-cpp-ANmY4m/resolver-urJ4p6' with '<<RESOLVERDIR>>'

+------------------------------------------------------------------------------+
| Update chroot                                                                |
+------------------------------------------------------------------------------+

Hit:1 http://cdn-fastly.deb.debian.org/debian sid InRelease
Reading package lists...
Reading package lists...
Building dependency tree...
Reading state information...
Calculating upgrade...
The following packages were automatically installed and are no longer required:
  libauthen-sasl-perl libdata-dump-perl libfont-afm-perl libhtml-form-perl
  libhtml-format-perl libhttp-daemon-perl libmailtools-perl
  libnet-smtp-ssl-perl libyaml-0-2 libyaml-libyaml-perl uuid-runtime
Use 'apt autoremove' to remove them.
0 upgraded, 0 newly installed, 0 to remove and 0 not upgraded.

+------------------------------------------------------------------------------+
| Fetch source files                                                           |
+------------------------------------------------------------------------------+


Local sources
-------------

/home/build/sbuild-setup/repo/pool/main/y/yaml-cpp/yaml-cpp_0.6.2-4.dsc exists in /home/build/sbuild-setup/repo/pool/main/y/yaml-cpp; copying to chroot
I: NOTICE: Log filtering will replace 'build/yaml-cpp-ANmY4m/yaml-cpp-0.6.2' with '<<PKGBUILDDIR>>'
I: NOTICE: Log filtering will replace 'build/yaml-cpp-ANmY4m' with '<<BUILDDIR>>'

+------------------------------------------------------------------------------+
| Install package build dependencies                                           |
+------------------------------------------------------------------------------+


Setup apt archive
-----------------

Merged Build-Depends: cmake, debhelper (>= 11), build-essential:amd64, fakeroot:amd64, crossbuild-essential-armhf:amd64, libc-dev:armhf, libstdc++-dev:armhf
Filtered Build-Depends: cmake, debhelper (>= 11), build-essential:amd64, fakeroot:amd64, crossbuild-essential-armhf:amd64, libc-dev:armhf, libstdc++-dev:armhf
dpkg-deb: building package 'sbuild-build-depends-main-dummy' in '/<<RESOLVERDIR>>/apt_archive/sbuild-build-depends-main-dummy.deb'.
Ign:1 copy:/<<RESOLVERDIR>>/apt_archive ./ InRelease
Get:2 copy:/<<RESOLVERDIR>>/apt_archive ./ Release [957 B]
Ign:3 copy:/<<RESOLVERDIR>>/apt_archive ./ Release.gpg
Get:4 copy:/<<RESOLVERDIR>>/apt_archive ./ Sources [394 B]
Get:5 copy:/<<RESOLVERDIR>>/apt_archive ./ Packages [487 B]
Fetched 1838 B in 0s (128 kB/s)
Reading package lists...
Reading package lists...

Install main build dependencies (apt-based resolver)
----------------------------------------------------

Installing build dependencies
Reading package lists...
Building dependency tree...
Reading state information...
The following packages were automatically installed and are no longer required:
  libauthen-sasl-perl libdata-dump-perl libfont-afm-perl libhtml-form-perl
  libhtml-format-perl libhttp-daemon-perl libmailtools-perl
  libnet-smtp-ssl-perl libyaml-0-2 libyaml-libyaml-perl uuid-runtime
Use 'apt autoremove' to remove them.
The following additional packages will be installed:
  autoconf automake autopoint autotools-dev bsdmainutils cmake cmake-data
  debhelper dh-autoreconf dh-strip-nondeterminism dwz gcc-8-base:armhf gettext
  gettext-base groff-base intltool-debian libarchive-zip-perl libarchive13
  libasan5:armhf libatomic1:armhf libbsd0 libc6:armhf libc6-dev:armhf
  libcroco3 libcurl4 libelf1 libfile-stripnondeterminism-perl
  libgcc-8-dev:armhf libgcc1:armhf libglib2.0-0 libgomp1:armhf
  libgssapi-krb5-2 libjsoncpp1 libk5crypto3 libkeyutils1 libkrb5-3
  libkrb5support0 libncurses6 libnghttp2-14 libpipeline1 libprocps7 libpsl5
  librhash0 librtmp1 libsigsegv2 libssh2-1 libstdc++-8-dev:armhf
  libstdc++6:armhf libtool libubsan1:armhf libuchardet0 libuv1
  linux-libc-dev:armhf m4 man-db po-debconf procps
Suggested packages:
  autoconf-archive gnu-standards autoconf-doc wamerican | wordlist whois
  vacation cmake-doc ninja-build dh-make gettext-doc libasprintf-dev
  libgettextpo-dev groff lrzip glibc-doc:armhf libc-l10n:armhf locales:armhf
  manpages-dev:armhf krb5-doc krb5-user libstdc++-8-doc:armhf libtool-doc
  gfortran | fortran95-compiler gcj-jdk m4-doc apparmor less www-browser
  libmail-box-perl
Recommended packages:
  curl | wget | lynx libidn2-0:armhf libarchive-cpio-perl libglib2.0-data
  shared-mime-info xdg-user-dirs krb5-locales libgpm2 publicsuffix libltdl-dev
  libmail-sendmail-perl psmisc
The following NEW packages will be installed:
  autoconf automake autopoint autotools-dev bsdmainutils cmake cmake-data
  debhelper dh-autoreconf dh-strip-nondeterminism dwz gcc-8-base:armhf gettext
  gettext-base groff-base intltool-debian libarchive-zip-perl libarchive13
  libasan5:armhf libatomic1:armhf libbsd0 libc6:armhf libc6-dev:armhf
  libcroco3 libcurl4 libelf1 libfile-stripnondeterminism-perl
  libgcc-8-dev:armhf libgcc1:armhf libglib2.0-0 libgomp1:armhf
  libgssapi-krb5-2 libjsoncpp1 libk5crypto3 libkeyutils1 libkrb5-3
  libkrb5support0 libncurses6 libnghttp2-14 libpipeline1 libprocps7 libpsl5
  librhash0 librtmp1 libsigsegv2 libssh2-1 libstdc++-8-dev:armhf
  libstdc++6:armhf libtool libubsan1:armhf libuchardet0 libuv1
  linux-libc-dev:armhf m4 man-db po-debconf procps
  sbuild-build-depends-main-dummy:armhf
0 upgraded, 58 newly installed, 0 to remove and 0 not upgraded.
Need to get 908 B/25.8 MB of archives.
After this operation, 110 MB of additional disk space will be used.
Get:1 copy:/<<RESOLVERDIR>>/apt_archive ./ sbuild-build-depends-main-dummy 0.invalid.0 [908 B]
debconf: delaying package configuration, since apt-utils is not installed
Fetched 908 B in 0s (0 B/s)
Selecting previously unselected package libbsd0:amd64.
(Reading database ... 16452 files and directories currently installed.)
Preparing to unpack .../00-libbsd0_0.9.1-2_amd64.deb ...
Unpacking libbsd0:amd64 (0.9.1-2) ...
Selecting previously unselected package bsdmainutils.
Preparing to unpack .../01-bsdmainutils_11.1.2+b1_amd64.deb ...
Unpacking bsdmainutils (11.1.2+b1) ...
Selecting previously unselected package libuchardet0:amd64.
Preparing to unpack .../02-libuchardet0_0.0.6-3_amd64.deb ...
Unpacking libuchardet0:amd64 (0.0.6-3) ...
Selecting previously unselected package groff-base.
Preparing to unpack .../03-groff-base_1.22.4-3_amd64.deb ...
Unpacking groff-base (1.22.4-3) ...
Selecting previously unselected package libpipeline1:amd64.
Preparing to unpack .../04-libpipeline1_1.5.1-2_amd64.deb ...
Unpacking libpipeline1:amd64 (1.5.1-2) ...
Selecting previously unselected package man-db.
Preparing to unpack .../05-man-db_2.8.5-2_amd64.deb ...
Unpacking man-db (2.8.5-2) ...
Selecting previously unselected package libncurses6:amd64.
Preparing to unpack .../06-libncurses6_6.1+20181013-2_amd64.deb ...
Unpacking libncurses6:amd64 (6.1+20181013-2) ...
Selecting previously unselected package libprocps7:amd64.
Preparing to unpack .../07-libprocps7_2%3a3.3.15-2_amd64.deb ...
Unpacking libprocps7:amd64 (2:3.3.15-2) ...
Selecting previously unselected package procps.
Preparing to unpack .../08-procps_2%3a3.3.15-2_amd64.deb ...
Unpacking procps (2:3.3.15-2) ...
Selecting previously unselected package gettext-base.
Preparing to unpack .../09-gettext-base_0.19.8.1-9_amd64.deb ...
Unpacking gettext-base (0.19.8.1-9) ...
Selecting previously unselected package libsigsegv2:amd64.
Preparing to unpack .../10-libsigsegv2_2.12-2_amd64.deb ...
Unpacking libsigsegv2:amd64 (2.12-2) ...
Selecting previously unselected package m4.
Preparing to unpack .../11-m4_1.4.18-2_amd64.deb ...
Unpacking m4 (1.4.18-2) ...
Selecting previously unselected package autoconf.
Preparing to unpack .../12-autoconf_2.69-11_all.deb ...
Unpacking autoconf (2.69-11) ...
Selecting previously unselected package autotools-dev.
Preparing to unpack .../13-autotools-dev_20180224.1_all.deb ...
Unpacking autotools-dev (20180224.1) ...
Selecting previously unselected package automake.
Preparing to unpack .../14-automake_1%3a1.16.1-4_all.deb ...
Unpacking automake (1:1.16.1-4) ...
Selecting previously unselected package autopoint.
Preparing to unpack .../15-autopoint_0.19.8.1-9_all.deb ...
Unpacking autopoint (0.19.8.1-9) ...
Selecting previously unselected package cmake-data.
Preparing to unpack .../16-cmake-data_3.13.4-1_all.deb ...
Unpacking cmake-data (3.13.4-1) ...
Selecting previously unselected package libarchive13:amd64.
Preparing to unpack .../17-libarchive13_3.3.3-4_amd64.deb ...
Unpacking libarchive13:amd64 (3.3.3-4) ...
Selecting previously unselected package libkeyutils1:amd64.
Preparing to unpack .../18-libkeyutils1_1.6-6_amd64.deb ...
Unpacking libkeyutils1:amd64 (1.6-6) ...
Selecting previously unselected package libkrb5support0:amd64.
Preparing to unpack .../19-libkrb5support0_1.17-2_amd64.deb ...
Unpacking libkrb5support0:amd64 (1.17-2) ...
Selecting previously unselected package libk5crypto3:amd64.
Preparing to unpack .../20-libk5crypto3_1.17-2_amd64.deb ...
Unpacking libk5crypto3:amd64 (1.17-2) ...
Selecting previously unselected package libkrb5-3:amd64.
Preparing to unpack .../21-libkrb5-3_1.17-2_amd64.deb ...
Unpacking libkrb5-3:amd64 (1.17-2) ...
Selecting previously unselected package libgssapi-krb5-2:amd64.
Preparing to unpack .../22-libgssapi-krb5-2_1.17-2_amd64.deb ...
Unpacking libgssapi-krb5-2:amd64 (1.17-2) ...
Selecting previously unselected package libnghttp2-14:amd64.
Preparing to unpack .../23-libnghttp2-14_1.36.0-2_amd64.deb ...
Unpacking libnghttp2-14:amd64 (1.36.0-2) ...
Selecting previously unselected package libpsl5:amd64.
Preparing to unpack .../24-libpsl5_0.20.2-2_amd64.deb ...
Unpacking libpsl5:amd64 (0.20.2-2) ...
Selecting previously unselected package librtmp1:amd64.
Preparing to unpack .../25-librtmp1_2.4+20151223.gitfa8646d.1-2_amd64.deb ...
Unpacking librtmp1:amd64 (2.4+20151223.gitfa8646d.1-2) ...
Selecting previously unselected package libssh2-1:amd64.
Preparing to unpack .../26-libssh2-1_1.8.0-2_amd64.deb ...
Unpacking libssh2-1:amd64 (1.8.0-2) ...
Selecting previously unselected package libcurl4:amd64.
Preparing to unpack .../27-libcurl4_7.64.0-1_amd64.deb ...
Unpacking libcurl4:amd64 (7.64.0-1) ...
Selecting previously unselected package libjsoncpp1:amd64.
Preparing to unpack .../28-libjsoncpp1_1.7.4-3_amd64.deb ...
Unpacking libjsoncpp1:amd64 (1.7.4-3) ...
Selecting previously unselected package librhash0:amd64.
Preparing to unpack .../29-librhash0_1.3.8-1_amd64.deb ...
Unpacking librhash0:amd64 (1.3.8-1) ...
Selecting previously unselected package libuv1:amd64.
Preparing to unpack .../30-libuv1_1.24.1-1_amd64.deb ...
Unpacking libuv1:amd64 (1.24.1-1) ...
Selecting previously unselected package cmake.
Preparing to unpack .../31-cmake_3.13.4-1_amd64.deb ...
Unpacking cmake (3.13.4-1) ...
Selecting previously unselected package libtool.
Preparing to unpack .../32-libtool_2.4.6-10_all.deb ...
Unpacking libtool (2.4.6-10) ...
Selecting previously unselected package dh-autoreconf.
Preparing to unpack .../33-dh-autoreconf_19_all.deb ...
Unpacking dh-autoreconf (19) ...
Selecting previously unselected package libarchive-zip-perl.
Preparing to unpack .../34-libarchive-zip-perl_1.64-1_all.deb ...
Unpacking libarchive-zip-perl (1.64-1) ...
Selecting previously unselected package libfile-stripnondeterminism-perl.
Preparing to unpack .../35-libfile-stripnondeterminism-perl_1.1.1-1_all.deb ...
Unpacking libfile-stripnondeterminism-perl (1.1.1-1) ...
Selecting previously unselected package dh-strip-nondeterminism.
Preparing to unpack .../36-dh-strip-nondeterminism_1.1.1-1_all.deb ...
Unpacking dh-strip-nondeterminism (1.1.1-1) ...
Selecting previously unselected package libelf1:amd64.
Preparing to unpack .../37-libelf1_0.176-1_amd64.deb ...
Unpacking libelf1:amd64 (0.176-1) ...
Selecting previously unselected package dwz.
Preparing to unpack .../38-dwz_0.12-3_amd64.deb ...
Unpacking dwz (0.12-3) ...
Selecting previously unselected package libglib2.0-0:amd64.
Preparing to unpack .../39-libglib2.0-0_2.58.3-1_amd64.deb ...
Unpacking libglib2.0-0:amd64 (2.58.3-1) ...
Selecting previously unselected package libcroco3:amd64.
Preparing to unpack .../40-libcroco3_0.6.12-3_amd64.deb ...
Unpacking libcroco3:amd64 (0.6.12-3) ...
Selecting previously unselected package gettext.
Preparing to unpack .../41-gettext_0.19.8.1-9_amd64.deb ...
Unpacking gettext (0.19.8.1-9) ...
Selecting previously unselected package intltool-debian.
Preparing to unpack .../42-intltool-debian_0.35.0+20060710.5_all.deb ...
Unpacking intltool-debian (0.35.0+20060710.5) ...
Selecting previously unselected package po-debconf.
Preparing to unpack .../43-po-debconf_1.0.21_all.deb ...
Unpacking po-debconf (1.0.21) ...
Selecting previously unselected package debhelper.
Preparing to unpack .../44-debhelper_12.1.1_all.deb ...
Unpacking debhelper (12.1.1) ...
Selecting previously unselected package gcc-8-base:armhf.
Preparing to unpack .../45-gcc-8-base_8.3.0-2_armhf.deb ...
Unpacking gcc-8-base:armhf (8.3.0-2) ...
Selecting previously unselected package libgcc1:armhf.
Preparing to unpack .../46-libgcc1_1%3a8.3.0-2_armhf.deb ...
Unpacking libgcc1:armhf (1:8.3.0-2) ...
Selecting previously unselected package libc6:armhf.
Preparing to unpack .../47-libc6_2.28-8_armhf.deb ...
Unpacking libc6:armhf (2.28-8) ...
Selecting previously unselected package libstdc++6:armhf.
Preparing to unpack .../48-libstdc++6_8.3.0-2_armhf.deb ...
Unpacking libstdc++6:armhf (8.3.0-2) ...
Selecting previously unselected package libasan5:armhf.
Preparing to unpack .../49-libasan5_8.3.0-2_armhf.deb ...
Unpacking libasan5:armhf (8.3.0-2) ...
Selecting previously unselected package libatomic1:armhf.
Preparing to unpack .../50-libatomic1_8.3.0-2_armhf.deb ...
Unpacking libatomic1:armhf (8.3.0-2) ...
Selecting previously unselected package linux-libc-dev:armhf.
Preparing to unpack .../51-linux-libc-dev_4.19.20-1_armhf.deb ...
Unpacking linux-libc-dev:armhf (4.19.20-1) ...
Selecting previously unselected package libc6-dev:armhf.
Preparing to unpack .../52-libc6-dev_2.28-8_armhf.deb ...
Unpacking libc6-dev:armhf (2.28-8) ...
Selecting previously unselected package libgomp1:armhf.
Preparing to unpack .../53-libgomp1_8.3.0-2_armhf.deb ...
Unpacking libgomp1:armhf (8.3.0-2) ...
Selecting previously unselected package libubsan1:armhf.
Preparing to unpack .../54-libubsan1_8.3.0-2_armhf.deb ...
Unpacking libubsan1:armhf (8.3.0-2) ...
Selecting previously unselected package libgcc-8-dev:armhf.
Preparing to unpack .../55-libgcc-8-dev_8.3.0-2_armhf.deb ...
Unpacking libgcc-8-dev:armhf (8.3.0-2) ...
Selecting previously unselected package libstdc++-8-dev:armhf.
Preparing to unpack .../56-libstdc++-8-dev_8.3.0-2_armhf.deb ...
Unpacking libstdc++-8-dev:armhf (8.3.0-2) ...
Selecting previously unselected package sbuild-build-depends-main-dummy:armhf.
Preparing to unpack .../57-sbuild-build-depends-main-dummy_0.invalid.0_armhf.deb ...
Unpacking sbuild-build-depends-main-dummy:armhf (0.invalid.0) ...
Setting up libpipeline1:amd64 (1.5.1-2) ...
Setting up libkeyutils1:amd64 (1.6-6) ...
Setting up libpsl5:amd64 (0.20.2-2) ...
Setting up libarchive13:amd64 (3.3.3-4) ...
Setting up libarchive-zip-perl (1.64-1) ...
Setting up libglib2.0-0:amd64 (2.58.3-1) ...
No schema files found: doing nothing.
Setting up libprocps7:amd64 (2:3.3.15-2) ...
Setting up libnghttp2-14:amd64 (1.36.0-2) ...
Setting up linux-libc-dev:armhf (4.19.20-1) ...
Setting up gettext-base (0.19.8.1-9) ...
Setting up libkrb5support0:amd64 (1.17-2) ...
Setting up autotools-dev (20180224.1) ...
Setting up libuv1:amd64 (1.24.1-1) ...
Setting up librtmp1:amd64 (2.4+20151223.gitfa8646d.1-2) ...
Setting up libncurses6:amd64 (6.1+20181013-2) ...
Setting up libsigsegv2:amd64 (2.12-2) ...
Setting up gcc-8-base:armhf (8.3.0-2) ...
Setting up autopoint (0.19.8.1-9) ...
Setting up libcroco3:amd64 (0.6.12-3) ...
Setting up libk5crypto3:amd64 (1.17-2) ...
Setting up librhash0:amd64 (1.3.8-1) ...
Setting up libuchardet0:amd64 (0.0.6-3) ...
Setting up procps (2:3.3.15-2) ...
update-alternatives: using /usr/bin/w.procps to provide /usr/bin/w (w) in auto mode
Setting up libssh2-1:amd64 (1.8.0-2) ...
Setting up cmake-data (3.13.4-1) ...
Setting up libkrb5-3:amd64 (1.17-2) ...
Setting up libbsd0:amd64 (0.9.1-2) ...
Setting up libelf1:amd64 (0.176-1) ...
Setting up libjsoncpp1:amd64 (1.7.4-3) ...
Setting up libfile-stripnondeterminism-perl (1.1.1-1) ...
Setting up gettext (0.19.8.1-9) ...
Setting up libtool (2.4.6-10) ...
Setting up m4 (1.4.18-2) ...
Setting up intltool-debian (0.35.0+20060710.5) ...
Setting up bsdmainutils (11.1.2+b1) ...
update-alternatives: using /usr/bin/bsd-write to provide /usr/bin/write (write) in auto mode
update-alternatives: using /usr/bin/bsd-from to provide /usr/bin/from (from) in auto mode
Setting up libgssapi-krb5-2:amd64 (1.17-2) ...
Setting up autoconf (2.69-11) ...
Setting up dwz (0.12-3) ...
Setting up groff-base (1.22.4-3) ...
Setting up libcurl4:amd64 (7.64.0-1) ...
Setting up automake (1:1.16.1-4) ...
update-alternatives: using /usr/bin/automake-1.16 to provide /usr/bin/automake (automake) in auto mode
Setting up po-debconf (1.0.21) ...
Setting up man-db (2.8.5-2) ...
Not building database; man-db/auto-update is not 'true'.
Setting up cmake (3.13.4-1) ...
Setting up dh-autoreconf (19) ...
Setting up libc6:armhf (2.28-8) ...
Setting up libc6-dev:armhf (2.28-8) ...
Setting up libgcc1:armhf (1:8.3.0-2) ...
Setting up debhelper (12.1.1) ...
Setting up libgomp1:armhf (8.3.0-2) ...
Setting up libatomic1:armhf (8.3.0-2) ...
Setting up dh-strip-nondeterminism (1.1.1-1) ...
Setting up libstdc++6:armhf (8.3.0-2) ...
Setting up libasan5:armhf (8.3.0-2) ...
Setting up libubsan1:armhf (8.3.0-2) ...
Setting up libgcc-8-dev:armhf (8.3.0-2) ...
Setting up libstdc++-8-dev:armhf (8.3.0-2) ...
Setting up sbuild-build-depends-main-dummy:armhf (0.invalid.0) ...
Processing triggers for libc-bin (2.28-8) ...
Processing triggers for ccache (3.6-1) ...
Updating symlinks in /usr/lib/ccache ...

+------------------------------------------------------------------------------+
| Check architectures                                                          |
+------------------------------------------------------------------------------+

Initial Foreign Architectures: armhf 
Arch check ok (armhf included in any)

+------------------------------------------------------------------------------+
| Build environment                                                            |
+------------------------------------------------------------------------------+

Kernel: Linux 3.16.0-4-amd64 #1 SMP Debian 3.16.51-3 (2017-12-13) amd64 (x86_64)
Toolchain package versions: binutils_2.31.1-15 dpkg-dev_1.19.5 g++-8_8.3.0-2 gcc-8_8.3.0-2 libc6-dev_2.28-8 libstdc++-8-dev_8.3.0-2 libstdc++-8-dev-armhf-cross_8.3.0-2cross1 libstdc++6_8.3.0-2 libstdc++6-armhf-cross_8.3.0-2cross1 linux-libc-dev_4.19.20-1
Package versions: adduser_3.118 apt_1.8.0~rc4 autoconf_2.69-11 automake_1:1.16.1-4 autopoint_0.19.8.1-9 autotools-dev_20180224.1 base-files_10.1 base-passwd_3.5.46 bash_5.0-2 binutils_2.31.1-15 binutils-arm-linux-gnueabihf_2.31.1-15 binutils-common_2.31.1-15 binutils-x86-64-linux-gnu_2.31.1-15 bsdmainutils_11.1.2+b1 bsdutils_1:2.33.1-0.1 build-essential_12.6 bzip2_1.0.6-9 ca-certificates_20190110 ccache_3.6-1 cmake_3.13.4-1 cmake-data_3.13.4-1 coreutils_8.30-3 cpp_4:8.3.0-1 cpp-8_8.3.0-2 cpp-8-arm-linux-gnueabihf_8.3.0-2cross1 cpp-arm-linux-gnueabihf_4:8.3.0-1 cross-config_2.6.15-2 crossbuild-essential-armhf_12.6 dash_0.5.10.2-5 debconf_1.5.71 debhelper_12.1.1 debian-archive-keyring_2018.1 debianutils_4.8.6.1 dh-autoreconf_19 dh-strip-nondeterminism_1.1.1-1 diffutils_1:3.7-2 dirmngr_2.2.13-1 dpkg_1.19.5 dpkg-cross_2.6.15-2 dpkg-dev_1.19.5 dwz_0.12-3 e2fsprogs_1.45.0-1 eatmydata_105-7 fakeroot_1.23-1 fdisk_2.33.1-0.1 file_1:5.35-4 findutils_4.6.0+git+20190209-2 g++_4:8.3.0-1 g++-8_8.3.0-2 g++-8-arm-linux-gnueabihf_8.3.0-2cross1 g++-arm-linux-gnueabihf_4:8.3.0-1 gcc_4:8.3.0-1 gcc-8_8.3.0-2 gcc-8-arm-linux-gnueabihf_8.3.0-2cross1 gcc-8-arm-linux-gnueabihf-base_8.3.0-2cross1 gcc-8-base_8.3.0-2 gcc-8-cross-base_8.3.0-2cross1 gcc-arm-linux-gnueabihf_4:8.3.0-1 gettext_0.19.8.1-9 gettext-base_0.19.8.1-9 gnupg_2.2.13-1 gnupg-l10n_2.2.13-1 gnupg-utils_2.2.13-1 gpg_2.2.13-1 gpg-agent_2.2.13-1 gpg-wks-client_2.2.13-1 gpg-wks-server_2.2.13-1 gpgconf_2.2.13-1 gpgsm_2.2.13-1 gpgv_2.2.13-1 grep_3.3-1 groff-base_1.22.4-3 gzip_1.9-3 hostname_3.21 init-system-helpers_1.56+nmu1 intltool-debian_0.35.0+20060710.5 libacl1_2.2.53-4 libapt-pkg5.0_1.8.0~rc4 libarchive-zip-perl_1.64-1 libarchive13_3.3.3-4 libasan5_8.3.0-2 libasan5-armhf-cross_8.3.0-2cross1 libassuan0_2.5.2-1 libatomic1_8.3.0-2 libatomic1-armhf-cross_8.3.0-2cross1 libattr1_1:2.4.48-4 libaudit-common_1:2.8.4-2 libaudit1_1:2.8.4-2 libauthen-sasl-perl_2.1600-1 libbinutils_2.31.1-15 libblkid1_2.33.1-0.1 libbsd0_0.9.1-2 libbz2-1.0_1.0.6-9 libc-bin_2.28-8 libc-dev-bin_2.28-8 libc6_2.28-8 libc6-armhf-cross_2.28-7cross1 libc6-dev_2.28-8 libc6-dev-armhf-cross_2.28-7cross1 libcap-ng0_0.7.9-2 libcc1-0_8.3.0-2 libcom-err2_1.45.0-1 libconfig-auto-perl_0.44-1 libconfig-inifiles-perl_3.000001-1 libcroco3_0.6.12-3 libcurl4_7.64.0-1 libdata-dump-perl_1.23-1 libdb5.3_5.3.28+dfsg1-0.5 libdebconfclient0_0.248 libdebian-dpkgcross-perl_2.6.15-2 libdpkg-perl_1.19.5 libeatmydata1_105-7 libelf1_0.176-1 libencode-locale-perl_1.05-1 libexpat1_2.2.6-1 libext2fs2_1.45.0-1 libfakeroot_1.23-1 libfdisk1_2.33.1-0.1 libffi6_3.2.1-9 libfile-homedir-perl_1.004-1 libfile-listing-perl_6.04-1 libfile-stripnondeterminism-perl_1.1.1-1 libfile-which-perl_1.23-1 libfont-afm-perl_1.20-2 libgcc-8-dev_8.3.0-2 libgcc-8-dev-armhf-cross_8.3.0-2cross1 libgcc1_1:8.3.0-2 libgcc1-armhf-cross_1:8.3.0-2cross1 libgcrypt20_1.8.4-5 libgdbm-compat4_1.18.1-3 libgdbm6_1.18.1-3 libglib2.0-0_2.58.3-1 libgmp10_2:6.1.2+dfsg-4 libgnutls30_3.6.6-2 libgomp1_8.3.0-2 libgomp1-armhf-cross_8.3.0-2cross1 libgpg-error0_1.35-1 libgssapi-krb5-2_1.17-2 libhogweed4_3.4.1-1 libhtml-form-perl_6.03-1 libhtml-format-perl_2.12-1 libhtml-parser-perl_3.72-3+b3 libhtml-tagset-perl_3.20-3 libhtml-tree-perl_5.07-2 libhttp-cookies-perl_6.04-1 libhttp-daemon-perl_6.01-3 libhttp-date-perl_6.02-1 libhttp-message-perl_6.18-1 libhttp-negotiate-perl_6.01-1 libicu63_63.1-6 libidn2-0_2.0.5-1 libio-html-perl_1.001-1 libio-socket-ssl-perl_2.060-3 libio-string-perl_1.08-3 libisl19_0.20-2 libitm1_8.3.0-2 libjsoncpp1_1.7.4-3 libk5crypto3_1.17-2 libkeyutils1_1.6-6 libkrb5-3_1.17-2 libkrb5support0_1.17-2 libksba8_1.3.5-2 libldap-2.4-2_2.4.47+dfsg-3 libldap-common_2.4.47+dfsg-3 liblocale-gettext-perl_1.07-3+b4 liblsan0_8.3.0-2 liblwp-mediatypes-perl_6.02-1 liblwp-protocol-https-perl_6.07-2 liblz4-1_1.8.3-1 liblzma5_5.2.4-1 libmagic-mgc_1:5.35-4 libmagic1_1:5.35-4 libmailtools-perl_2.18-1 libmount1_2.33.1-0.1 libmpc3_1.1.0-1 libmpfr6_4.0.2-1 libmpx2_8.3.0-2 libncurses6_6.1+20181013-2 libncursesw6_6.1+20181013-2 libnet-http-perl_6.18-1 libnet-smtp-ssl-perl_1.04-1 libnet-ssleay-perl_1.85-2+b1 libnettle6_3.4.1-1 libnghttp2-14_1.36.0-2 libnpth0_1.6-1 libp11-kit0_0.23.15-2 libpam-modules_1.3.1-5 libpam-modules-bin_1.3.1-5 libpam-runtime_1.3.1-5 libpam0g_1.3.1-5 libpcre3_2:8.39-11 libperl5.28_5.28.1-4 libpipeline1_1.5.1-2 libprocps7_2:3.3.15-2 libpsl5_0.20.2-2 libquadmath0_8.3.0-2 libreadline7_7.0-5 librhash0_1.3.8-1 librtmp1_2.4+20151223.gitfa8646d.1-2 libsasl2-2_2.1.27+dfsg-1 libsasl2-modules-db_2.1.27+dfsg-1 libseccomp2_2.3.3-4 libselinux1_2.8-1+b1 libsemanage-common_2.8-2 libsemanage1_2.8-2 libsepol1_2.8-1 libsigsegv2_2.12-2 libsmartcols1_2.33.1-0.1 libsqlite3-0_3.27.2-1 libss2_1.45.0-1 libssh2-1_1.8.0-2 libssl1.1_1.1.1b-1 libstdc++-8-dev_8.3.0-2 libstdc++-8-dev-armhf-cross_8.3.0-2cross1 libstdc++6_8.3.0-2 libstdc++6-armhf-cross_8.3.0-2cross1 libsystemd0_241-1 libtasn1-6_4.13-3 libtimedate-perl_2.3000-2 libtinfo6_6.1+20181013-2 libtool_2.4.6-10 libtry-tiny-perl_0.30-1 libtsan0_8.3.0-2 libubsan1_8.3.0-2 libubsan1-armhf-cross_8.3.0-2cross1 libuchardet0_0.0.6-3 libudev1_241-1 libunistring2_0.9.10-1 liburi-perl_1.76-1 libuuid1_2.33.1-0.1 libuv1_1.24.1-1 libwww-perl_6.36-1 libwww-robotrules-perl_6.02-1 libxml-libxml-perl_2.0134+dfsg-1 libxml-namespacesupport-perl_1.12-1 libxml-parser-perl_2.44-4 libxml-sax-base-perl_1.09-1 libxml-sax-expat-perl_0.51-1 libxml-sax-perl_1.00+dfsg-1 libxml-simple-perl_2.25-1 libxml2_2.9.4+dfsg1-7+b3 libyaml-0-2_0.2.1-1 libyaml-libyaml-perl_0.76+repack-1 libyaml-perl_1.27-1 libzstd1_1.3.8+dfsg-3 linux-libc-dev_4.19.20-1 linux-libc-dev-armhf-cross_4.19.20-1cross1 login_1:4.5-1.1 lsb-base_10.2018112800 m4_1.4.18-2 make_4.2.1-1.2 man-db_2.8.5-2 mawk_1.3.3-17+b3 mount_2.33.1-0.1 ncurses-base_6.1+20181013-2 ncurses-bin_6.1+20181013-2 netbase_5.6 openssl_1.1.1b-1 passwd_1:4.5-1.1 patch_2.7.6-3 perl_5.28.1-4 perl-base_5.28.1-4 perl-modules-5.28_5.28.1-4 perl-openssl-defaults_3 pinentry-curses_1.1.0-1+b1 po-debconf_1.0.21 procps_2:3.3.15-2 readline-common_7.0-5 sbuild-build-depends-main-dummy_0.invalid.0 sed_4.7-1 sensible-utils_0.0.12 sysvinit-utils_2.93-8 tar_1.30+dfsg-5 tzdata_2018i-2 ucf_3.0038+nmu1 util-linux_2.33.1-0.1 uuid-runtime_2.33.1-0.1 xz-utils_5.2.4-1 zlib1g_1:1.2.11.dfsg-1

+------------------------------------------------------------------------------+
| Build                                                                        |
+------------------------------------------------------------------------------+


Unpack source
-------------

-----BEGIN PGP SIGNED MESSAGE-----
Hash: SHA512

Format: 3.0 (quilt)
Source: yaml-cpp
Binary: libyaml-cpp0.6, libyaml-cpp-dev
Architecture: any
Version: 0.6.2-4
Maintainer: Simon Quigley <tsimonq2@debian.org>
Homepage: https://github.com/jbeder/yaml-cpp
Standards-Version: 4.3.0
Vcs-Browser: https://salsa.debian.org/debian/yaml-cpp
Vcs-Git: https://salsa.debian.org/debian/yaml-cpp.git
Build-Depends: cmake, debhelper (>= 11)
Package-List:
 libyaml-cpp-dev deb libdevel optional arch=any
 libyaml-cpp0.6 deb libs optional arch=any
Checksums-Sha1:
 e75a451078f408a432b32f1e416dc067ef01b49b 1396250 yaml-cpp_0.6.2.orig.tar.gz
 2738b85ebc3de312b8a36101dca3422049b45091 7496 yaml-cpp_0.6.2-4.debian.tar.xz
Checksums-Sha256:
 e4d8560e163c3d875fd5d9e5542b5fd5bec810febdcba61481fe5fc4e6b1fd05 1396250 yaml-cpp_0.6.2.orig.tar.gz
 7c60d96d5a91b492d8ba04663472aed3bd0f6938cb903bed72423a3aa3f4e9f9 7496 yaml-cpp_0.6.2-4.debian.tar.xz
Files:
 5b943e9af0060d0811148b037449ef82 1396250 yaml-cpp_0.6.2.orig.tar.gz
 96458f2d9ffda997f4c1faa088d6b856 7496 yaml-cpp_0.6.2-4.debian.tar.xz

-----BEGIN PGP SIGNATURE-----

iQIzBAEBCgAdFiEEXHq+og+GMEWcyMi14n8s+EWML6QFAlwzzGUACgkQ4n8s+EWM
L6QMRBAAlyrPF9mb56KSoAbZRVuMQTzVZXFq0oW3hpwgUMYjhLki8Kgy5ts7iT78
suXYPEX2pyL3b/aWsLfhhIUabmHrmMH8gf7kXnWqD2DJhwvJ4hKH2kz8ctGtLEju
81JTVcCcO678kY5iv/mfMirF/Xffv/7AIvfkN4xTZsZ4kAy8v52CBIamiUyB+e18
/FQx1TWqCU5VA4raPoCZf9Slp8LW+yfVE4XQVlgLmUzLq7Fl+amRxCWxlaeS7wRC
WkYZY0w14uqYVX2VwN+ha42yIKuhqn0PvJXzHKz2kTiuxg7vVD+01Slg0AYXZDwH
1jn2fVoMD8lBu7lqmtlyN421J4oH442jErv+50S+OPH5miOQ9p0cajvRXUOffzK4
bZQodvToDmqsASD++YlZk953IRf4G9GL5dHYPgSJMjH7YmSEFRQopNGkQnE6xxrr
fjwpblCfTVnNG2anTfj8ggDgG4KztH+Ce2lFHfTiHoWonuBQC3enjRLZrVA9Nb8z
mXsKU3LkuIsDyyii+lVSPUutxAEtuWlj9hq/WjsIZSNMJ8+KpZrqBMfFqGImW+VE
8eI05EI5SaXXSjqtwQE/sg1cbUDj8LorU/RudyJqVF4sPI3m1z0X56B0aphiLYOr
/dNUtdzpkAvPmo0Ok9cyGGEbF7KvGEBV+7pH4v2yG7RRZfchoXA=
=rUx7
-----END PGP SIGNATURE-----

gpgv: unknown type of key resource 'trustedkeys.kbx'
gpgv: keyblock resource '/sbuild-nonexistent/.gnupg/trustedkeys.kbx': General error
gpgv: Signature made Mon Jan  7 22:02:13 2019 UTC
gpgv:                using RSA key 5C7ABEA20F8630459CC8C8B5E27F2CF8458C2FA4
gpgv: Can't check signature: No public key
dpkg-source: warning: failed to verify signature on ./yaml-cpp_0.6.2-4.dsc
dpkg-source: info: extracting yaml-cpp in /<<PKGBUILDDIR>>
dpkg-source: info: unpacking yaml-cpp_0.6.2.orig.tar.gz
dpkg-source: info: unpacking yaml-cpp_0.6.2-4.debian.tar.xz
dpkg-source: info: using patch list from debian/patches/series
dpkg-source: info: applying install-cmake-dev-files.patch
dpkg-source: info: applying reproducible-build.patch
dpkg-source: info: applying symbol-visibility.patch

Check disk space
----------------

Sufficient free space for build

User Environment
----------------

APT_CONFIG=/var/lib/sbuild/apt.conf
CCACHE_COMPRESS=1
CCACHE_DIR=/var/cache/ccache-sbuild
CCACHE_UMASK=002
CONFIG_SITE=/etc/dpkg-cross/cross-config.armhf
DEB_BUILD_OPTIONS=nocheck
HOME=/sbuild-nonexistent
LANG=en_US.UTF-8
LC_ALL=C.UTF-8
LD_LIBRARY_PATH=/usr/lib/libeatmydata
LD_PRELOAD=libeatmydata.so
LOGNAME=build
PATH=/usr/lib/ccache:/usr/local/sbin:/usr/local/bin:/usr/sbin:/usr/bin:/sbin:/bin:/usr/games
PWD=/<<PKGBUILDDIR>>
SCHROOT_ALIAS_NAME=unstable-amd64-sbuild
SCHROOT_CHROOT_NAME=unstable-amd64-sbuild
SCHROOT_COMMAND=env
SCHROOT_GID=1000
SCHROOT_GROUP=build
SCHROOT_SESSION_ID=unstable-amd64-sbuild-652d67f1-266d-4e31-ba55-e8d456aef13a
SCHROOT_UID=1000
SCHROOT_USER=build
SHELL=/bin/sh
USER=build

dpkg-buildpackage
-----------------

Command: dpkg-buildpackage -aarmhf -Pcross,nocheck -us -uc -B -rfakeroot -j16
dpkg-buildpackage: info: source package yaml-cpp
dpkg-buildpackage: info: source version 0.6.2-4
dpkg-buildpackage: info: source distribution unstable
dpkg-buildpackage: info: source changed by Simon Quigley <tsimonq2@debian.org>
dpkg-architecture: warning: specified GNU system type arm-linux-gnueabihf does not match CC system type x86_64-linux-gnu, try setting a correct CC environment variable
 dpkg-source --before-build .
dpkg-buildpackage: info: host architecture armhf
 fakeroot debian/rules clean
dh_testdir
dh_auto_clean
dh_clean
rm -rf build-static build-shared
 debian/rules build-arch
dh build-arch
   dh_update_autotools_config -a
   dh_autoreconf -a
   debian/rules override_dh_auto_configure
make[1]: Entering directory '/<<PKGBUILDDIR>>'
dh_testdir
mkdir build-static; cd build-static; \
	cmake .. -DCMAKE_INSTALL_PREFIX=/usr \
			 -DLIB_INSTALL_DIR=/usr/lib/arm-linux-gnueabihf \
			 -DYAML_CPP_BUILD_TOOLS=ON \
			 -Dgtest_disable_pthreads=OFF
CMake Deprecation Warning at CMakeLists.txt:9 (cmake_policy):
  The OLD behavior for policy CMP0012 will be removed from a future version
  of CMake.

  The cmake-policies(7) manual explains that the OLD behaviors of all
  policies are deprecated and that a policy should be set to OLD only under
  specific short-term circumstances.  Projects should be ported to the NEW
  behavior and not rely on setting a policy to OLD.


CMake Deprecation Warning at CMakeLists.txt:13 (cmake_policy):
  The OLD behavior for policy CMP0015 will be removed from a future version
  of CMake.

  The cmake-policies(7) manual explains that the OLD behaviors of all
  policies are deprecated and that a policy should be set to OLD only under
  specific short-term circumstances.  Projects should be ported to the NEW
  behavior and not rely on setting a policy to OLD.


-- The C compiler identification is GNU 8.3.0
-- The CXX compiler identification is GNU 8.3.0
-- Check for working C compiler: /usr/lib/ccache/cc
-- Check for working C compiler: /usr/lib/ccache/cc -- works
-- Detecting C compiler ABI info
-- Detecting C compiler ABI info - done
-- Detecting C compile features
-- Detecting C compile features - done
-- Check for working CXX compiler: /usr/lib/ccache/c++
-- Check for working CXX compiler: /usr/lib/ccache/c++ -- works
-- Detecting CXX compiler ABI info
-- Detecting CXX compiler ABI info - done
-- Detecting CXX compile features
-- Detecting CXX compile features - done
-- Performing Test FLAG_WEXTRA
-- Performing Test FLAG_WEXTRA - Success
CMake Warning at CMakeLists.txt:328 (export):
  Cannot create package registry file:

    /sbuild-nonexistent/.cmake/packages/yaml-cpp/99df4ffebed471323e59ef1fe54bd0e6

  No such file or directory



-- Could NOT find PythonInterp (missing: PYTHON_EXECUTABLE) 
-- Looking for pthread.h
-- Looking for pthread.h - found
-- Looking for pthread_create
-- Looking for pthread_create - not found
-- Looking for pthread_create in pthreads
-- Looking for pthread_create in pthreads - not found
-- Looking for pthread_create in pthread
-- Looking for pthread_create in pthread - found
-- Found Threads: TRUE  
-- Configuring done
CMake Warning (dev) at test/gtest-1.8.0/googletest/cmake/internal_utils.cmake:149 (add_library):
  Policy CMP0063 is not set: Honor visibility properties for all target
  types.  Run "cmake --help-policy CMP0063" for policy details.  Use the
  cmake_policy command to set the policy and suppress this warning.

  Target "gmock_main" of type "STATIC_LIBRARY" has the following visibility
  properties set for CXX:

    CXX_VISIBILITY_PRESET

  For compatibility CMake is not honoring them for this target.
Call Stack (most recent call first):
  test/gtest-1.8.0/googletest/cmake/internal_utils.cmake:172 (cxx_library_with_type)
  test/gtest-1.8.0/googlemock/CMakeLists.txt:89 (cxx_library)
This warning is for project developers.  Use -Wno-dev to suppress it.

CMake Warning (dev) at test/gtest-1.8.0/googletest/cmake/internal_utils.cmake:149 (add_library):
  Policy CMP0063 is not set: Honor visibility properties for all target
  types.  Run "cmake --help-policy CMP0063" for policy details.  Use the
  cmake_policy command to set the policy and suppress this warning.

  Target "gmock" of type "STATIC_LIBRARY" has the following visibility
  properties set for CXX:

    CXX_VISIBILITY_PRESET

  For compatibility CMake is not honoring them for this target.
Call Stack (most recent call first):
  test/gtest-1.8.0/googletest/cmake/internal_utils.cmake:172 (cxx_library_with_type)
  test/gtest-1.8.0/googlemock/CMakeLists.txt:84 (cxx_library)
This warning is for project developers.  Use -Wno-dev to suppress it.

CMake Warning (dev) at test/gtest-1.8.0/googletest/cmake/internal_utils.cmake:149 (add_library):
  Policy CMP0063 is not set: Honor visibility properties for all target
  types.  Run "cmake --help-policy CMP0063" for policy details.  Use the
  cmake_policy command to set the policy and suppress this warning.

  Target "gtest_main" of type "STATIC_LIBRARY" has the following visibility
  properties set for CXX:

    CXX_VISIBILITY_PRESET

  For compatibility CMake is not honoring them for this target.
Call Stack (most recent call first):
  test/gtest-1.8.0/googletest/cmake/internal_utils.cmake:172 (cxx_library_with_type)
  test/gtest-1.8.0/googletest/CMakeLists.txt:91 (cxx_library)
This warning is for project developers.  Use -Wno-dev to suppress it.

CMake Warning (dev) at test/gtest-1.8.0/googletest/cmake/internal_utils.cmake:149 (add_library):
  Policy CMP0063 is not set: Honor visibility properties for all target
  types.  Run "cmake --help-policy CMP0063" for policy details.  Use the
  cmake_policy command to set the policy and suppress this warning.

  Target "gtest" of type "STATIC_LIBRARY" has the following visibility
  properties set for CXX:

    CXX_VISIBILITY_PRESET

  For compatibility CMake is not honoring them for this target.
Call Stack (most recent call first):
  test/gtest-1.8.0/googletest/cmake/internal_utils.cmake:172 (cxx_library_with_type)
  test/gtest-1.8.0/googletest/CMakeLists.txt:90 (cxx_library)
This warning is for project developers.  Use -Wno-dev to suppress it.

-- Generating done
-- Build files have been written to: /<<PKGBUILDDIR>>/build-static
mkdir build-shared; cd build-shared; \
	cmake .. -DCMAKE_INSTALL_PREFIX=/usr \
			 -DLIB_INSTALL_DIR=/usr/lib/arm-linux-gnueabihf \
			 -DBUILD_SHARED_LIBS=ON \
			 -DYAML_CPP_BUILD_TOOLS=ON \
			 -Dgtest_disable_pthreads=OFF
CMake Deprecation Warning at CMakeLists.txt:9 (cmake_policy):
  The OLD behavior for policy CMP0012 will be removed from a future version
  of CMake.

  The cmake-policies(7) manual explains that the OLD behaviors of all
  policies are deprecated and that a policy should be set to OLD only under
  specific short-term circumstances.  Projects should be ported to the NEW
  behavior and not rely on setting a policy to OLD.


CMake Deprecation Warning at CMakeLists.txt:13 (cmake_policy):
  The OLD behavior for policy CMP0015 will be removed from a future version
  of CMake.

  The cmake-policies(7) manual explains that the OLD behaviors of all
  policies are deprecated and that a policy should be set to OLD only under
  specific short-term circumstances.  Projects should be ported to the NEW
  behavior and not rely on setting a policy to OLD.


-- The C compiler identification is GNU 8.3.0
-- The CXX compiler identification is GNU 8.3.0
-- Check for working C compiler: /usr/lib/ccache/cc
-- Check for working C compiler: /usr/lib/ccache/cc -- works
-- Detecting C compiler ABI info
-- Detecting C compiler ABI info - done
-- Detecting C compile features
-- Detecting C compile features - done
-- Check for working CXX compiler: /usr/lib/ccache/c++
-- Check for working CXX compiler: /usr/lib/ccache/c++ -- works
-- Detecting CXX compiler ABI info
-- Detecting CXX compiler ABI info - done
-- Detecting CXX compile features
-- Detecting CXX compile features - done
-- Performing Test FLAG_WEXTRA
-- Performing Test FLAG_WEXTRA - Success
CMake Warning at CMakeLists.txt:328 (export):
  Cannot create package registry file:

    /sbuild-nonexistent/.cmake/packages/yaml-cpp/a5979f219f6c502590c33ddfca8ec78a

  No such file or directory



-- Could NOT find PythonInterp (missing: PYTHON_EXECUTABLE) 
-- Looking for pthread.h
-- Looking for pthread.h - found
-- Looking for pthread_create
-- Looking for pthread_create - not found
-- Looking for pthread_create in pthreads
-- Looking for pthread_create in pthreads - not found
-- Looking for pthread_create in pthread
-- Looking for pthread_create in pthread - found
-- Found Threads: TRUE  
-- Configuring done
-- Generating done
-- Build files have been written to: /<<PKGBUILDDIR>>/build-shared
make[1]: Leaving directory '/<<PKGBUILDDIR>>'
   debian/rules override_dh_auto_build
make[1]: Entering directory '/<<PKGBUILDDIR>>'
dh_testdir
/usr/bin/make -C build-static VERBOSE=1
make[2]: Entering directory '/<<PKGBUILDDIR>>/build-static'
/usr/bin/cmake -S/<<PKGBUILDDIR>> -B/<<PKGBUILDDIR>>/build-static --check-build-system CMakeFiles/Makefile.cmake 0
/usr/bin/cmake -E cmake_progress_start /<<PKGBUILDDIR>>/build-static/CMakeFiles /<<PKGBUILDDIR>>/build-static/CMakeFiles/progress.marks
/usr/bin/make -f CMakeFiles/Makefile2 all
make[3]: Entering directory '/<<PKGBUILDDIR>>/build-static'
/usr/bin/make -f CMakeFiles/yaml-cpp.dir/build.make CMakeFiles/yaml-cpp.dir/depend
/usr/bin/make -f test/gtest-1.8.0/googlemock/CMakeFiles/gmock.dir/build.make test/gtest-1.8.0/googlemock/CMakeFiles/gmock.dir/depend
/usr/bin/make -f test/gtest-1.8.0/googlemock/CMakeFiles/gmock_main.dir/build.make test/gtest-1.8.0/googlemock/CMakeFiles/gmock_main.dir/depend
/usr/bin/make -f test/gtest-1.8.0/googlemock/gtest/CMakeFiles/gtest.dir/build.make test/gtest-1.8.0/googlemock/gtest/CMakeFiles/gtest.dir/depend
make[4]: Entering directory '/<<PKGBUILDDIR>>/build-static'
cd /<<PKGBUILDDIR>>/build-static && /usr/bin/cmake -E cmake_depends "Unix Makefiles" /<<PKGBUILDDIR>> /<<PKGBUILDDIR>>/test/gtest-1.8.0/googlemock /<<PKGBUILDDIR>>/build-static /<<PKGBUILDDIR>>/build-static/test/gtest-1.8.0/googlemock /<<PKGBUILDDIR>>/build-static/test/gtest-1.8.0/googlemock/CMakeFiles/gmock.dir/DependInfo.cmake --color=
make[4]: Entering directory '/<<PKGBUILDDIR>>/build-static'
cd /<<PKGBUILDDIR>>/build-static && /usr/bin/cmake -E cmake_depends "Unix Makefiles" /<<PKGBUILDDIR>> /<<PKGBUILDDIR>>/test/gtest-1.8.0/googlemock /<<PKGBUILDDIR>>/build-static /<<PKGBUILDDIR>>/build-static/test/gtest-1.8.0/googlemock /<<PKGBUILDDIR>>/build-static/test/gtest-1.8.0/googlemock/CMakeFiles/gmock_main.dir/DependInfo.cmake --color=
make[4]: Entering directory '/<<PKGBUILDDIR>>/build-static'
cd /<<PKGBUILDDIR>>/build-static && /usr/bin/cmake -E cmake_depends "Unix Makefiles" /<<PKGBUILDDIR>> /<<PKGBUILDDIR>>/test/gtest-1.8.0/googletest /<<PKGBUILDDIR>>/build-static /<<PKGBUILDDIR>>/build-static/test/gtest-1.8.0/googlemock/gtest /<<PKGBUILDDIR>>/build-static/test/gtest-1.8.0/googlemock/gtest/CMakeFiles/gtest.dir/DependInfo.cmake --color=
make[4]: Entering directory '/<<PKGBUILDDIR>>/build-static'
cd /<<PKGBUILDDIR>>/build-static && /usr/bin/cmake -E cmake_depends "Unix Makefiles" /<<PKGBUILDDIR>> /<<PKGBUILDDIR>> /<<PKGBUILDDIR>>/build-static /<<PKGBUILDDIR>>/build-static /<<PKGBUILDDIR>>/build-static/CMakeFiles/yaml-cpp.dir/DependInfo.cmake --color=
Dependee "/<<PKGBUILDDIR>>/build-static/test/gtest-1.8.0/googlemock/CMakeFiles/gmock_main.dir/DependInfo.cmake" is newer than depender "/<<PKGBUILDDIR>>/build-static/test/gtest-1.8.0/googlemock/CMakeFiles/gmock_main.dir/depend.internal".
Dependee "/<<PKGBUILDDIR>>/build-static/test/gtest-1.8.0/googlemock/CMakeFiles/CMakeDirectoryInformation.cmake" is newer than depender "/<<PKGBUILDDIR>>/build-static/test/gtest-1.8.0/googlemock/CMakeFiles/gmock_main.dir/depend.internal".
Dependee "/<<PKGBUILDDIR>>/build-static/test/gtest-1.8.0/googlemock/gtest/CMakeFiles/gtest.dir/DependInfo.cmake" is newer than depender "/<<PKGBUILDDIR>>/build-static/test/gtest-1.8.0/googlemock/gtest/CMakeFiles/gtest.dir/depend.internal".
Dependee "/<<PKGBUILDDIR>>/build-static/test/gtest-1.8.0/googlemock/gtest/CMakeFiles/CMakeDirectoryInformation.cmake" is newer than depender "/<<PKGBUILDDIR>>/build-static/test/gtest-1.8.0/googlemock/gtest/CMakeFiles/gtest.dir/depend.internal".
Dependee "/<<PKGBUILDDIR>>/build-static/test/gtest-1.8.0/googlemock/CMakeFiles/gmock.dir/DependInfo.cmake" is newer than depender "/<<PKGBUILDDIR>>/build-static/test/gtest-1.8.0/googlemock/CMakeFiles/gmock.dir/depend.internal".
Dependee "/<<PKGBUILDDIR>>/build-static/test/gtest-1.8.0/googlemock/CMakeFiles/CMakeDirectoryInformation.cmake" is newer than depender "/<<PKGBUILDDIR>>/build-static/test/gtest-1.8.0/googlemock/CMakeFiles/gmock.dir/depend.internal".
Dependee "/<<PKGBUILDDIR>>/build-static/CMakeFiles/yaml-cpp.dir/DependInfo.cmake" is newer than depender "/<<PKGBUILDDIR>>/build-static/CMakeFiles/yaml-cpp.dir/depend.internal".
Dependee "/<<PKGBUILDDIR>>/build-static/CMakeFiles/CMakeDirectoryInformation.cmake" is newer than depender "/<<PKGBUILDDIR>>/build-static/CMakeFiles/yaml-cpp.dir/depend.internal".
Scanning dependencies of target gtest
make[4]: Leaving directory '/<<PKGBUILDDIR>>/build-static'
/usr/bin/make -f test/gtest-1.8.0/googlemock/gtest/CMakeFiles/gtest.dir/build.make test/gtest-1.8.0/googlemock/gtest/CMakeFiles/gtest.dir/build
make[4]: Entering directory '/<<PKGBUILDDIR>>/build-static'
Scanning dependencies of target gmock_main
make[4]: Leaving directory '/<<PKGBUILDDIR>>/build-static'
/usr/bin/make -f test/gtest-1.8.0/googlemock/CMakeFiles/gmock_main.dir/build.make test/gtest-1.8.0/googlemock/CMakeFiles/gmock_main.dir/build
make[4]: Entering directory '/<<PKGBUILDDIR>>/build-static'
Scanning dependencies of target yaml-cpp
make[4]: Leaving directory '/<<PKGBUILDDIR>>/build-static'
/usr/bin/make -f CMakeFiles/yaml-cpp.dir/build.make CMakeFiles/yaml-cpp.dir/build
[  1%] Building CXX object test/gtest-1.8.0/googlemock/gtest/CMakeFiles/gtest.dir/src/gtest-all.cc.o
Scanning dependencies of target gmock
cd /<<PKGBUILDDIR>>/build-static/test/gtest-1.8.0/googlemock/gtest && /usr/lib/ccache/c++  -DYAML_CPP_USE_VISIBILITY -I/<<PKGBUILDDIR>>/src -I/<<PKGBUILDDIR>>/include -I/<<PKGBUILDDIR>>/test/gtest-1.8.0/googletest/include -I/<<PKGBUILDDIR>>/test/gtest-1.8.0/googletest  -g -O2 -fdebug-prefix-map=/<<PKGBUILDDIR>>=. -fstack-protector-strong -Wformat -Werror=format-security -O2   -g -O2 -fdebug-prefix-map=/<<PKGBUILDDIR>>=. -fstack-protector-strong -Wformat -Werror=format-security -Wall -Wshadow -DGTEST_HAS_PTHREAD=1 -fexceptions -Wextra -Wno-unused-parameter -Wno-missing-field-initializers -o CMakeFiles/gtest.dir/src/gtest-all.cc.o -c /<<PKGBUILDDIR>>/test/gtest-1.8.0/googletest/src/gtest-all.cc
make[4]: Entering directory '/<<PKGBUILDDIR>>/build-static'
make[4]: Leaving directory '/<<PKGBUILDDIR>>/build-static'
/usr/bin/make -f test/gtest-1.8.0/googlemock/CMakeFiles/gmock.dir/build.make test/gtest-1.8.0/googlemock/CMakeFiles/gmock.dir/build
make[4]: Entering directory '/<<PKGBUILDDIR>>/build-static'
[  3%] Building CXX object test/gtest-1.8.0/googlemock/CMakeFiles/gmock_main.dir/src/gmock_main.cc.o
[  5%] Building CXX object test/gtest-1.8.0/googlemock/CMakeFiles/gmock_main.dir/src/gmock-all.cc.o
cd /<<PKGBUILDDIR>>/build-static/test/gtest-1.8.0/googlemock && /usr/lib/ccache/c++  -DYAML_CPP_USE_VISIBILITY -I/<<PKGBUILDDIR>>/src -I/<<PKGBUILDDIR>>/include -I/<<PKGBUILDDIR>>/test/gtest-1.8.0/googlemock/include -I/<<PKGBUILDDIR>>/test/gtest-1.8.0/googlemock -I/<<PKGBUILDDIR>>/test/gtest-1.8.0/googletest/include -I/<<PKGBUILDDIR>>/test/gtest-1.8.0/googletest  -g -O2 -fdebug-prefix-map=/<<PKGBUILDDIR>>=. -fstack-protector-strong -Wformat -Werror=format-security -O2   -g -O2 -fdebug-prefix-map=/<<PKGBUILDDIR>>=. -fstack-protector-strong -Wformat -Werror=format-security -Wall -Wshadow -DGTEST_HAS_PTHREAD=1 -fexceptions -Wextra -Wno-unused-parameter -Wno-missing-field-initializers -o CMakeFiles/gmock_main.dir/src/gmock_main.cc.o -c /<<PKGBUILDDIR>>/test/gtest-1.8.0/googlemock/src/gmock_main.cc
cd /<<PKGBUILDDIR>>/build-static/test/gtest-1.8.0/googlemock && /usr/lib/ccache/c++  -DYAML_CPP_USE_VISIBILITY -I/<<PKGBUILDDIR>>/src -I/<<PKGBUILDDIR>>/include -I/<<PKGBUILDDIR>>/test/gtest-1.8.0/googlemock/include -I/<<PKGBUILDDIR>>/test/gtest-1.8.0/googlemock -I/<<PKGBUILDDIR>>/test/gtest-1.8.0/googletest/include -I/<<PKGBUILDDIR>>/test/gtest-1.8.0/googletest  -g -O2 -fdebug-prefix-map=/<<PKGBUILDDIR>>=. -fstack-protector-strong -Wformat -Werror=format-security -O2   -g -O2 -fdebug-prefix-map=/<<PKGBUILDDIR>>=. -fstack-protector-strong -Wformat -Werror=format-security -Wall -Wshadow -DGTEST_HAS_PTHREAD=1 -fexceptions -Wextra -Wno-unused-parameter -Wno-missing-field-initializers -o CMakeFiles/gmock_main.dir/src/gmock-all.cc.o -c /<<PKGBUILDDIR>>/test/gtest-1.8.0/googlemock/src/gmock-all.cc
[  6%] Building CXX object test/gtest-1.8.0/googlemock/CMakeFiles/gmock_main.dir/__/googletest/src/gtest-all.cc.o
[  8%] Building CXX object CMakeFiles/yaml-cpp.dir/src/contrib/graphbuilder.cpp.o
/usr/lib/ccache/c++  -DYAML_CPP_USE_VISIBILITY -I/<<PKGBUILDDIR>>/src -I/<<PKGBUILDDIR>>/include  -g -O2 -fdebug-prefix-map=/<<PKGBUILDDIR>>=. -fstack-protector-strong -Wformat -Werror=format-security -O2 -fvisibility=hidden   -g -O2 -fdebug-prefix-map=/<<PKGBUILDDIR>>=. -fstack-protector-strong -Wformat -Werror=format-security -Wall  -Wextra -pedantic -Wno-long-long -std=c++11 -g -O2 -fdebug-prefix-map=/<<PKGBUILDDIR>>=. -fstack-protector-strong -Wformat -Werror=format-security -o CMakeFiles/yaml-cpp.dir/src/contrib/graphbuilder.cpp.o -c /<<PKGBUILDDIR>>/src/contrib/graphbuilder.cpp
cd /<<PKGBUILDDIR>>/build-static/test/gtest-1.8.0/googlemock && /usr/lib/ccache/c++  -DYAML_CPP_USE_VISIBILITY -I/<<PKGBUILDDIR>>/src -I/<<PKGBUILDDIR>>/include -I/<<PKGBUILDDIR>>/test/gtest-1.8.0/googlemock/include -I/<<PKGBUILDDIR>>/test/gtest-1.8.0/googlemock -I/<<PKGBUILDDIR>>/test/gtest-1.8.0/googletest/include -I/<<PKGBUILDDIR>>/test/gtest-1.8.0/googletest  -g -O2 -fdebug-prefix-map=/<<PKGBUILDDIR>>=. -fstack-protector-strong -Wformat -Werror=format-security -O2   -g -O2 -fdebug-prefix-map=/<<PKGBUILDDIR>>=. -fstack-protector-strong -Wformat -Werror=format-security -Wall -Wshadow -DGTEST_HAS_PTHREAD=1 -fexceptions -Wextra -Wno-unused-parameter -Wno-missing-field-initializers -o CMakeFiles/gmock_main.dir/__/googletest/src/gtest-all.cc.o -c /<<PKGBUILDDIR>>/test/gtest-1.8.0/googletest/src/gtest-all.cc
[ 10%] Building CXX object CMakeFiles/yaml-cpp.dir/src/binary.cpp.o
/usr/lib/ccache/c++  -DYAML_CPP_USE_VISIBILITY -I/<<PKGBUILDDIR>>/src -I/<<PKGBUILDDIR>>/include  -g -O2 -fdebug-prefix-map=/<<PKGBUILDDIR>>=. -fstack-protector-strong -Wformat -Werror=format-security -O2 -fvisibility=hidden   -g -O2 -fdebug-prefix-map=/<<PKGBUILDDIR>>=. -fstack-protector-strong -Wformat -Werror=format-security -Wall  -Wextra -pedantic -Wno-long-long -std=c++11 -g -O2 -fdebug-prefix-map=/<<PKGBUILDDIR>>=. -fstack-protector-strong -Wformat -Werror=format-security -o CMakeFiles/yaml-cpp.dir/src/binary.cpp.o -c /<<PKGBUILDDIR>>/src/binary.cpp
[ 11%] Building CXX object CMakeFiles/yaml-cpp.dir/src/convert.cpp.o
[ 13%] Building CXX object CMakeFiles/yaml-cpp.dir/src/emitterutils.cpp.o
/usr/lib/ccache/c++  -DYAML_CPP_USE_VISIBILITY -I/<<PKGBUILDDIR>>/src -I/<<PKGBUILDDIR>>/include  -g -O2 -fdebug-prefix-map=/<<PKGBUILDDIR>>=. -fstack-protector-strong -Wformat -Werror=format-security -O2 -fvisibility=hidden   -g -O2 -fdebug-prefix-map=/<<PKGBUILDDIR>>=. -fstack-protector-strong -Wformat -Werror=format-security -Wall  -Wextra -pedantic -Wno-long-long -std=c++11 -g -O2 -fdebug-prefix-map=/<<PKGBUILDDIR>>=. -fstack-protector-strong -Wformat -Werror=format-security -o CMakeFiles/yaml-cpp.dir/src/convert.cpp.o -c /<<PKGBUILDDIR>>/src/convert.cpp
[ 15%] Building CXX object CMakeFiles/yaml-cpp.dir/src/emitter.cpp.o
[ 16%] Building CXX object CMakeFiles/yaml-cpp.dir/src/contrib/graphbuilderadapter.cpp.o
/usr/lib/ccache/c++  -DYAML_CPP_USE_VISIBILITY -I/<<PKGBUILDDIR>>/src -I/<<PKGBUILDDIR>>/include  -g -O2 -fdebug-prefix-map=/<<PKGBUILDDIR>>=. -fstack-protector-strong -Wformat -Werror=format-security -O2 -fvisibility=hidden   -g -O2 -fdebug-prefix-map=/<<PKGBUILDDIR>>=. -fstack-protector-strong -Wformat -Werror=format-security -Wall  -Wextra -pedantic -Wno-long-long -std=c++11 -g -O2 -fdebug-prefix-map=/<<PKGBUILDDIR>>=. -fstack-protector-strong -Wformat -Werror=format-security -o CMakeFiles/yaml-cpp.dir/src/emitterutils.cpp.o -c /<<PKGBUILDDIR>>/src/emitterutils.cpp
[ 18%] Building CXX object CMakeFiles/yaml-cpp.dir/src/emitfromevents.cpp.o
/usr/lib/ccache/c++  -DYAML_CPP_USE_VISIBILITY -I/<<PKGBUILDDIR>>/src -I/<<PKGBUILDDIR>>/include  -g -O2 -fdebug-prefix-map=/<<PKGBUILDDIR>>=. -fstack-protector-strong -Wformat -Werror=format-security -O2 -fvisibility=hidden   -g -O2 -fdebug-prefix-map=/<<PKGBUILDDIR>>=. -fstack-protector-strong -Wformat -Werror=format-security -Wall  -Wextra -pedantic -Wno-long-long -std=c++11 -g -O2 -fdebug-prefix-map=/<<PKGBUILDDIR>>=. -fstack-protector-strong -Wformat -Werror=format-security -o CMakeFiles/yaml-cpp.dir/src/contrib/graphbuilderadapter.cpp.o -c /<<PKGBUILDDIR>>/src/contrib/graphbuilderadapter.cpp
/usr/lib/ccache/c++  -DYAML_CPP_USE_VISIBILITY -I/<<PKGBUILDDIR>>/src -I/<<PKGBUILDDIR>>/include  -g -O2 -fdebug-prefix-map=/<<PKGBUILDDIR>>=. -fstack-protector-strong -Wformat -Werror=format-security -O2 -fvisibility=hidden   -g -O2 -fdebug-prefix-map=/<<PKGBUILDDIR>>=. -fstack-protector-strong -Wformat -Werror=format-security -Wall  -Wextra -pedantic -Wno-long-long -std=c++11 -g -O2 -fdebug-prefix-map=/<<PKGBUILDDIR>>=. -fstack-protector-strong -Wformat -Werror=format-security -o CMakeFiles/yaml-cpp.dir/src/emitfromevents.cpp.o -c /<<PKGBUILDDIR>>/src/emitfromevents.cpp
/usr/lib/ccache/c++  -DYAML_CPP_USE_VISIBILITY -I/<<PKGBUILDDIR>>/src -I/<<PKGBUILDDIR>>/include  -g -O2 -fdebug-prefix-map=/<<PKGBUILDDIR>>=. -fstack-protector-strong -Wformat -Werror=format-security -O2 -fvisibility=hidden   -g -O2 -fdebug-prefix-map=/<<PKGBUILDDIR>>=. -fstack-protector-strong -Wformat -Werror=format-security -Wall  -Wextra -pedantic -Wno-long-long -std=c++11 -g -O2 -fdebug-prefix-map=/<<PKGBUILDDIR>>=. -fstack-protector-strong -Wformat -Werror=format-security -o CMakeFiles/yaml-cpp.dir/src/emitter.cpp.o -c /<<PKGBUILDDIR>>/src/emitter.cpp
[ 21%] Building CXX object CMakeFiles/yaml-cpp.dir/src/directives.cpp.o
[ 21%] Building CXX object CMakeFiles/yaml-cpp.dir/src/emitterstate.cpp.o
[ 23%] Building CXX object CMakeFiles/yaml-cpp.dir/src/emit.cpp.o
/usr/lib/ccache/c++  -DYAML_CPP_USE_VISIBILITY -I/<<PKGBUILDDIR>>/src -I/<<PKGBUILDDIR>>/include  -g -O2 -fdebug-prefix-map=/<<PKGBUILDDIR>>=. -fstack-protector-strong -Wformat -Werror=format-security -O2 -fvisibility=hidden   -g -O2 -fdebug-prefix-map=/<<PKGBUILDDIR>>=. -fstack-protector-strong -Wformat -Werror=format-security -Wall  -Wextra -pedantic -Wno-long-long -std=c++11 -g -O2 -fdebug-prefix-map=/<<PKGBUILDDIR>>=. -fstack-protector-strong -Wformat -Werror=format-security -o CMakeFiles/yaml-cpp.dir/src/directives.cpp.o -c /<<PKGBUILDDIR>>/src/directives.cpp
/usr/lib/ccache/c++  -DYAML_CPP_USE_VISIBILITY -I/<<PKGBUILDDIR>>/src -I/<<PKGBUILDDIR>>/include  -g -O2 -fdebug-prefix-map=/<<PKGBUILDDIR>>=. -fstack-protector-strong -Wformat -Werror=format-security -O2 -fvisibility=hidden   -g -O2 -fdebug-prefix-map=/<<PKGBUILDDIR>>=. -fstack-protector-strong -Wformat -Werror=format-security -Wall  -Wextra -pedantic -Wno-long-long -std=c++11 -g -O2 -fdebug-prefix-map=/<<PKGBUILDDIR>>=. -fstack-protector-strong -Wformat -Werror=format-security -o CMakeFiles/yaml-cpp.dir/src/emitterstate.cpp.o -c /<<PKGBUILDDIR>>/src/emitterstate.cpp
/usr/lib/ccache/c++  -DYAML_CPP_USE_VISIBILITY -I/<<PKGBUILDDIR>>/src -I/<<PKGBUILDDIR>>/include  -g -O2 -fdebug-prefix-map=/<<PKGBUILDDIR>>=. -fstack-protector-strong -Wformat -Werror=format-security -O2 -fvisibility=hidden   -g -O2 -fdebug-prefix-map=/<<PKGBUILDDIR>>=. -fstack-protector-strong -Wformat -Werror=format-security -Wall  -Wextra -pedantic -Wno-long-long -std=c++11 -g -O2 -fdebug-prefix-map=/<<PKGBUILDDIR>>=. -fstack-protector-strong -Wformat -Werror=format-security -o CMakeFiles/yaml-cpp.dir/src/emit.cpp.o -c /<<PKGBUILDDIR>>/src/emit.cpp
[ 25%] Building CXX object test/gtest-1.8.0/googlemock/CMakeFiles/gmock.dir/__/googletest/src/gtest-all.cc.o
cd /<<PKGBUILDDIR>>/build-static/test/gtest-1.8.0/googlemock && /usr/lib/ccache/c++  -DYAML_CPP_USE_VISIBILITY -I/<<PKGBUILDDIR>>/src -I/<<PKGBUILDDIR>>/include -I/<<PKGBUILDDIR>>/test/gtest-1.8.0/googlemock/include -I/<<PKGBUILDDIR>>/test/gtest-1.8.0/googlemock -I/<<PKGBUILDDIR>>/test/gtest-1.8.0/googletest/include -I/<<PKGBUILDDIR>>/test/gtest-1.8.0/googletest  -g -O2 -fdebug-prefix-map=/<<PKGBUILDDIR>>=. -fstack-protector-strong -Wformat -Werror=format-security -O2   -g -O2 -fdebug-prefix-map=/<<PKGBUILDDIR>>=. -fstack-protector-strong -Wformat -Werror=format-security -Wall -Wshadow -DGTEST_HAS_PTHREAD=1 -fexceptions -Wextra -Wno-unused-parameter -Wno-missing-field-initializers -o CMakeFiles/gmock.dir/__/googletest/src/gtest-all.cc.o -c /<<PKGBUILDDIR>>/test/gtest-1.8.0/googletest/src/gtest-all.cc
[ 26%] Building CXX object test/gtest-1.8.0/googlemock/CMakeFiles/gmock.dir/src/gmock-all.cc.o
cd /<<PKGBUILDDIR>>/build-static/test/gtest-1.8.0/googlemock && /usr/lib/ccache/c++  -DYAML_CPP_USE_VISIBILITY -I/<<PKGBUILDDIR>>/src -I/<<PKGBUILDDIR>>/include -I/<<PKGBUILDDIR>>/test/gtest-1.8.0/googlemock/include -I/<<PKGBUILDDIR>>/test/gtest-1.8.0/googlemock -I/<<PKGBUILDDIR>>/test/gtest-1.8.0/googletest/include -I/<<PKGBUILDDIR>>/test/gtest-1.8.0/googletest  -g -O2 -fdebug-prefix-map=/<<PKGBUILDDIR>>=. -fstack-protector-strong -Wformat -Werror=format-security -O2   -g -O2 -fdebug-prefix-map=/<<PKGBUILDDIR>>=. -fstack-protector-strong -Wformat -Werror=format-security -Wall -Wshadow -DGTEST_HAS_PTHREAD=1 -fexceptions -Wextra -Wno-unused-parameter -Wno-missing-field-initializers -o CMakeFiles/gmock.dir/src/gmock-all.cc.o -c /<<PKGBUILDDIR>>/test/gtest-1.8.0/googlemock/src/gmock-all.cc
[ 28%] Building CXX object CMakeFiles/yaml-cpp.dir/src/exceptions.cpp.o
/usr/lib/ccache/c++  -DYAML_CPP_USE_VISIBILITY -I/<<PKGBUILDDIR>>/src -I/<<PKGBUILDDIR>>/include  -g -O2 -fdebug-prefix-map=/<<PKGBUILDDIR>>=. -fstack-protector-strong -Wformat -Werror=format-security -O2 -fvisibility=hidden   -g -O2 -fdebug-prefix-map=/<<PKGBUILDDIR>>=. -fstack-protector-strong -Wformat -Werror=format-security -Wall  -Wextra -pedantic -Wno-long-long -std=c++11 -g -O2 -fdebug-prefix-map=/<<PKGBUILDDIR>>=. -fstack-protector-strong -Wformat -Werror=format-security -o CMakeFiles/yaml-cpp.dir/src/exceptions.cpp.o -c /<<PKGBUILDDIR>>/src/exceptions.cpp
[ 30%] Building CXX object CMakeFiles/yaml-cpp.dir/src/exp.cpp.o
/usr/lib/ccache/c++  -DYAML_CPP_USE_VISIBILITY -I/<<PKGBUILDDIR>>/src -I/<<PKGBUILDDIR>>/include  -g -O2 -fdebug-prefix-map=/<<PKGBUILDDIR>>=. -fstack-protector-strong -Wformat -Werror=format-security -O2 -fvisibility=hidden   -g -O2 -fdebug-prefix-map=/<<PKGBUILDDIR>>=. -fstack-protector-strong -Wformat -Werror=format-security -Wall  -Wextra -pedantic -Wno-long-long -std=c++11 -g -O2 -fdebug-prefix-map=/<<PKGBUILDDIR>>=. -fstack-protector-strong -Wformat -Werror=format-security -o CMakeFiles/yaml-cpp.dir/src/exp.cpp.o -c /<<PKGBUILDDIR>>/src/exp.cpp
[ 31%] Building CXX object CMakeFiles/yaml-cpp.dir/src/memory.cpp.o
/usr/lib/ccache/c++  -DYAML_CPP_USE_VISIBILITY -I/<<PKGBUILDDIR>>/src -I/<<PKGBUILDDIR>>/include  -g -O2 -fdebug-prefix-map=/<<PKGBUILDDIR>>=. -fstack-protector-strong -Wformat -Werror=format-security -O2 -fvisibility=hidden   -g -O2 -fdebug-prefix-map=/<<PKGBUILDDIR>>=. -fstack-protector-strong -Wformat -Werror=format-security -Wall  -Wextra -pedantic -Wno-long-long -std=c++11 -g -O2 -fdebug-prefix-map=/<<PKGBUILDDIR>>=. -fstack-protector-strong -Wformat -Werror=format-security -o CMakeFiles/yaml-cpp.dir/src/memory.cpp.o -c /<<PKGBUILDDIR>>/src/memory.cpp
[ 33%] Building CXX object CMakeFiles/yaml-cpp.dir/src/node.cpp.o
/usr/lib/ccache/c++  -DYAML_CPP_USE_VISIBILITY -I/<<PKGBUILDDIR>>/src -I/<<PKGBUILDDIR>>/include  -g -O2 -fdebug-prefix-map=/<<PKGBUILDDIR>>=. -fstack-protector-strong -Wformat -Werror=format-security -O2 -fvisibility=hidden   -g -O2 -fdebug-prefix-map=/<<PKGBUILDDIR>>=. -fstack-protector-strong -Wformat -Werror=format-security -Wall  -Wextra -pedantic -Wno-long-long -std=c++11 -g -O2 -fdebug-prefix-map=/<<PKGBUILDDIR>>=. -fstack-protector-strong -Wformat -Werror=format-security -o CMakeFiles/yaml-cpp.dir/src/node.cpp.o -c /<<PKGBUILDDIR>>/src/node.cpp
[ 35%] Building CXX object CMakeFiles/yaml-cpp.dir/src/node_data.cpp.o
/usr/lib/ccache/c++  -DYAML_CPP_USE_VISIBILITY -I/<<PKGBUILDDIR>>/src -I/<<PKGBUILDDIR>>/include  -g -O2 -fdebug-prefix-map=/<<PKGBUILDDIR>>=. -fstack-protector-strong -Wformat -Werror=format-security -O2 -fvisibility=hidden   -g -O2 -fdebug-prefix-map=/<<PKGBUILDDIR>>=. -fstack-protector-strong -Wformat -Werror=format-security -Wall  -Wextra -pedantic -Wno-long-long -std=c++11 -g -O2 -fdebug-prefix-map=/<<PKGBUILDDIR>>=. -fstack-protector-strong -Wformat -Werror=format-security -o CMakeFiles/yaml-cpp.dir/src/node_data.cpp.o -c /<<PKGBUILDDIR>>/src/node_data.cpp
[ 36%] Building CXX object CMakeFiles/yaml-cpp.dir/src/nodebuilder.cpp.o
/usr/lib/ccache/c++  -DYAML_CPP_USE_VISIBILITY -I/<<PKGBUILDDIR>>/src -I/<<PKGBUILDDIR>>/include  -g -O2 -fdebug-prefix-map=/<<PKGBUILDDIR>>=. -fstack-protector-strong -Wformat -Werror=format-security -O2 -fvisibility=hidden   -g -O2 -fdebug-prefix-map=/<<PKGBUILDDIR>>=. -fstack-protector-strong -Wformat -Werror=format-security -Wall  -Wextra -pedantic -Wno-long-long -std=c++11 -g -O2 -fdebug-prefix-map=/<<PKGBUILDDIR>>=. -fstack-protector-strong -Wformat -Werror=format-security -o CMakeFiles/yaml-cpp.dir/src/nodebuilder.cpp.o -c /<<PKGBUILDDIR>>/src/nodebuilder.cpp
[ 38%] Building CXX object CMakeFiles/yaml-cpp.dir/src/nodeevents.cpp.o
/usr/lib/ccache/c++  -DYAML_CPP_USE_VISIBILITY -I/<<PKGBUILDDIR>>/src -I/<<PKGBUILDDIR>>/include  -g -O2 -fdebug-prefix-map=/<<PKGBUILDDIR>>=. -fstack-protector-strong -Wformat -Werror=format-security -O2 -fvisibility=hidden   -g -O2 -fdebug-prefix-map=/<<PKGBUILDDIR>>=. -fstack-protector-strong -Wformat -Werror=format-security -Wall  -Wextra -pedantic -Wno-long-long -std=c++11 -g -O2 -fdebug-prefix-map=/<<PKGBUILDDIR>>=. -fstack-protector-strong -Wformat -Werror=format-security -o CMakeFiles/yaml-cpp.dir/src/nodeevents.cpp.o -c /<<PKGBUILDDIR>>/src/nodeevents.cpp
[ 40%] Building CXX object CMakeFiles/yaml-cpp.dir/src/null.cpp.o
/usr/lib/ccache/c++  -DYAML_CPP_USE_VISIBILITY -I/<<PKGBUILDDIR>>/src -I/<<PKGBUILDDIR>>/include  -g -O2 -fdebug-prefix-map=/<<PKGBUILDDIR>>=. -fstack-protector-strong -Wformat -Werror=format-security -O2 -fvisibility=hidden   -g -O2 -fdebug-prefix-map=/<<PKGBUILDDIR>>=. -fstack-protector-strong -Wformat -Werror=format-security -Wall  -Wextra -pedantic -Wno-long-long -std=c++11 -g -O2 -fdebug-prefix-map=/<<PKGBUILDDIR>>=. -fstack-protector-strong -Wformat -Werror=format-security -o CMakeFiles/yaml-cpp.dir/src/null.cpp.o -c /<<PKGBUILDDIR>>/src/null.cpp
[ 41%] Building CXX object CMakeFiles/yaml-cpp.dir/src/ostream_wrapper.cpp.o
/usr/lib/ccache/c++  -DYAML_CPP_USE_VISIBILITY -I/<<PKGBUILDDIR>>/src -I/<<PKGBUILDDIR>>/include  -g -O2 -fdebug-prefix-map=/<<PKGBUILDDIR>>=. -fstack-protector-strong -Wformat -Werror=format-security -O2 -fvisibility=hidden   -g -O2 -fdebug-prefix-map=/<<PKGBUILDDIR>>=. -fstack-protector-strong -Wformat -Werror=format-security -Wall  -Wextra -pedantic -Wno-long-long -std=c++11 -g -O2 -fdebug-prefix-map=/<<PKGBUILDDIR>>=. -fstack-protector-strong -Wformat -Werror=format-security -o CMakeFiles/yaml-cpp.dir/src/ostream_wrapper.cpp.o -c /<<PKGBUILDDIR>>/src/ostream_wrapper.cpp
[ 43%] Building CXX object CMakeFiles/yaml-cpp.dir/src/parse.cpp.o
/usr/lib/ccache/c++  -DYAML_CPP_USE_VISIBILITY -I/<<PKGBUILDDIR>>/src -I/<<PKGBUILDDIR>>/include  -g -O2 -fdebug-prefix-map=/<<PKGBUILDDIR>>=. -fstack-protector-strong -Wformat -Werror=format-security -O2 -fvisibility=hidden   -g -O2 -fdebug-prefix-map=/<<PKGBUILDDIR>>=. -fstack-protector-strong -Wformat -Werror=format-security -Wall  -Wextra -pedantic -Wno-long-long -std=c++11 -g -O2 -fdebug-prefix-map=/<<PKGBUILDDIR>>=. -fstack-protector-strong -Wformat -Werror=format-security -o CMakeFiles/yaml-cpp.dir/src/parse.cpp.o -c /<<PKGBUILDDIR>>/src/parse.cpp
[ 45%] Building CXX object CMakeFiles/yaml-cpp.dir/src/parser.cpp.o
/usr/lib/ccache/c++  -DYAML_CPP_USE_VISIBILITY -I/<<PKGBUILDDIR>>/src -I/<<PKGBUILDDIR>>/include  -g -O2 -fdebug-prefix-map=/<<PKGBUILDDIR>>=. -fstack-protector-strong -Wformat -Werror=format-security -O2 -fvisibility=hidden   -g -O2 -fdebug-prefix-map=/<<PKGBUILDDIR>>=. -fstack-protector-strong -Wformat -Werror=format-security -Wall  -Wextra -pedantic -Wno-long-long -std=c++11 -g -O2 -fdebug-prefix-map=/<<PKGBUILDDIR>>=. -fstack-protector-strong -Wformat -Werror=format-security -o CMakeFiles/yaml-cpp.dir/src/parser.cpp.o -c /<<PKGBUILDDIR>>/src/parser.cpp
[ 46%] Building CXX object CMakeFiles/yaml-cpp.dir/src/regex_yaml.cpp.o
/usr/lib/ccache/c++  -DYAML_CPP_USE_VISIBILITY -I/<<PKGBUILDDIR>>/src -I/<<PKGBUILDDIR>>/include  -g -O2 -fdebug-prefix-map=/<<PKGBUILDDIR>>=. -fstack-protector-strong -Wformat -Werror=format-security -O2 -fvisibility=hidden   -g -O2 -fdebug-prefix-map=/<<PKGBUILDDIR>>=. -fstack-protector-strong -Wformat -Werror=format-security -Wall  -Wextra -pedantic -Wno-long-long -std=c++11 -g -O2 -fdebug-prefix-map=/<<PKGBUILDDIR>>=. -fstack-protector-strong -Wformat -Werror=format-security -o CMakeFiles/yaml-cpp.dir/src/regex_yaml.cpp.o -c /<<PKGBUILDDIR>>/src/regex_yaml.cpp
[ 48%] Building CXX object CMakeFiles/yaml-cpp.dir/src/scanner.cpp.o
/usr/lib/ccache/c++  -DYAML_CPP_USE_VISIBILITY -I/<<PKGBUILDDIR>>/src -I/<<PKGBUILDDIR>>/include  -g -O2 -fdebug-prefix-map=/<<PKGBUILDDIR>>=. -fstack-protector-strong -Wformat -Werror=format-security -O2 -fvisibility=hidden   -g -O2 -fdebug-prefix-map=/<<PKGBUILDDIR>>=. -fstack-protector-strong -Wformat -Werror=format-security -Wall  -Wextra -pedantic -Wno-long-long -std=c++11 -g -O2 -fdebug-prefix-map=/<<PKGBUILDDIR>>=. -fstack-protector-strong -Wformat -Werror=format-security -o CMakeFiles/yaml-cpp.dir/src/scanner.cpp.o -c /<<PKGBUILDDIR>>/src/scanner.cpp
[ 50%] Building CXX object CMakeFiles/yaml-cpp.dir/src/scanscalar.cpp.o
/usr/lib/ccache/c++  -DYAML_CPP_USE_VISIBILITY -I/<<PKGBUILDDIR>>/src -I/<<PKGBUILDDIR>>/include  -g -O2 -fdebug-prefix-map=/<<PKGBUILDDIR>>=. -fstack-protector-strong -Wformat -Werror=format-security -O2 -fvisibility=hidden   -g -O2 -fdebug-prefix-map=/<<PKGBUILDDIR>>=. -fstack-protector-strong -Wformat -Werror=format-security -Wall  -Wextra -pedantic -Wno-long-long -std=c++11 -g -O2 -fdebug-prefix-map=/<<PKGBUILDDIR>>=. -fstack-protector-strong -Wformat -Werror=format-security -o CMakeFiles/yaml-cpp.dir/src/scanscalar.cpp.o -c /<<PKGBUILDDIR>>/src/scanscalar.cpp
[ 51%] Building CXX object CMakeFiles/yaml-cpp.dir/src/scantag.cpp.o
/usr/lib/ccache/c++  -DYAML_CPP_USE_VISIBILITY -I/<<PKGBUILDDIR>>/src -I/<<PKGBUILDDIR>>/include  -g -O2 -fdebug-prefix-map=/<<PKGBUILDDIR>>=. -fstack-protector-strong -Wformat -Werror=format-security -O2 -fvisibility=hidden   -g -O2 -fdebug-prefix-map=/<<PKGBUILDDIR>>=. -fstack-protector-strong -Wformat -Werror=format-security -Wall  -Wextra -pedantic -Wno-long-long -std=c++11 -g -O2 -fdebug-prefix-map=/<<PKGBUILDDIR>>=. -fstack-protector-strong -Wformat -Werror=format-security -o CMakeFiles/yaml-cpp.dir/src/scantag.cpp.o -c /<<PKGBUILDDIR>>/src/scantag.cpp
[ 53%] Building CXX object CMakeFiles/yaml-cpp.dir/src/scantoken.cpp.o
/usr/lib/ccache/c++  -DYAML_CPP_USE_VISIBILITY -I/<<PKGBUILDDIR>>/src -I/<<PKGBUILDDIR>>/include  -g -O2 -fdebug-prefix-map=/<<PKGBUILDDIR>>=. -fstack-protector-strong -Wformat -Werror=format-security -O2 -fvisibility=hidden   -g -O2 -fdebug-prefix-map=/<<PKGBUILDDIR>>=. -fstack-protector-strong -Wformat -Werror=format-security -Wall  -Wextra -pedantic -Wno-long-long -std=c++11 -g -O2 -fdebug-prefix-map=/<<PKGBUILDDIR>>=. -fstack-protector-strong -Wformat -Werror=format-security -o CMakeFiles/yaml-cpp.dir/src/scantoken.cpp.o -c /<<PKGBUILDDIR>>/src/scantoken.cpp
[ 55%] Building CXX object CMakeFiles/yaml-cpp.dir/src/simplekey.cpp.o
/usr/lib/ccache/c++  -DYAML_CPP_USE_VISIBILITY -I/<<PKGBUILDDIR>>/src -I/<<PKGBUILDDIR>>/include  -g -O2 -fdebug-prefix-map=/<<PKGBUILDDIR>>=. -fstack-protector-strong -Wformat -Werror=format-security -O2 -fvisibility=hidden   -g -O2 -fdebug-prefix-map=/<<PKGBUILDDIR>>=. -fstack-protector-strong -Wformat -Werror=format-security -Wall  -Wextra -pedantic -Wno-long-long -std=c++11 -g -O2 -fdebug-prefix-map=/<<PKGBUILDDIR>>=. -fstack-protector-strong -Wformat -Werror=format-security -o CMakeFiles/yaml-cpp.dir/src/simplekey.cpp.o -c /<<PKGBUILDDIR>>/src/simplekey.cpp
[ 56%] Building CXX object CMakeFiles/yaml-cpp.dir/src/singledocparser.cpp.o
/usr/lib/ccache/c++  -DYAML_CPP_USE_VISIBILITY -I/<<PKGBUILDDIR>>/src -I/<<PKGBUILDDIR>>/include  -g -O2 -fdebug-prefix-map=/<<PKGBUILDDIR>>=. -fstack-protector-strong -Wformat -Werror=format-security -O2 -fvisibility=hidden   -g -O2 -fdebug-prefix-map=/<<PKGBUILDDIR>>=. -fstack-protector-strong -Wformat -Werror=format-security -Wall  -Wextra -pedantic -Wno-long-long -std=c++11 -g -O2 -fdebug-prefix-map=/<<PKGBUILDDIR>>=. -fstack-protector-strong -Wformat -Werror=format-security -o CMakeFiles/yaml-cpp.dir/src/singledocparser.cpp.o -c /<<PKGBUILDDIR>>/src/singledocparser.cpp
[ 58%] Building CXX object CMakeFiles/yaml-cpp.dir/src/stream.cpp.o
/usr/lib/ccache/c++  -DYAML_CPP_USE_VISIBILITY -I/<<PKGBUILDDIR>>/src -I/<<PKGBUILDDIR>>/include  -g -O2 -fdebug-prefix-map=/<<PKGBUILDDIR>>=. -fstack-protector-strong -Wformat -Werror=format-security -O2 -fvisibility=hidden   -g -O2 -fdebug-prefix-map=/<<PKGBUILDDIR>>=. -fstack-protector-strong -Wformat -Werror=format-security -Wall  -Wextra -pedantic -Wno-long-long -std=c++11 -g -O2 -fdebug-prefix-map=/<<PKGBUILDDIR>>=. -fstack-protector-strong -Wformat -Werror=format-security -o CMakeFiles/yaml-cpp.dir/src/stream.cpp.o -c /<<PKGBUILDDIR>>/src/stream.cpp
In file included from /<<PKGBUILDDIR>>/src/regex_yaml.cpp:1:
/<<PKGBUILDDIR>>/src/regex_yaml.h: In constructor YAML::RegEx::RegEx(const string&, YAML::REGEX_OP):
/<<PKGBUILDDIR>>/src/regex_yaml.h:31:20: warning: <anonymous>.YAML::RegEx::m_z may be used uninitialized in this function [-Wmaybe-uninitialized]
 class YAML_CPP_API RegEx {
                    ^~~~~
[ 60%] Building CXX object CMakeFiles/yaml-cpp.dir/src/tag.cpp.o
/usr/lib/ccache/c++  -DYAML_CPP_USE_VISIBILITY -I/<<PKGBUILDDIR>>/src -I/<<PKGBUILDDIR>>/include  -g -O2 -fdebug-prefix-map=/<<PKGBUILDDIR>>=. -fstack-protector-strong -Wformat -Werror=format-security -O2 -fvisibility=hidden   -g -O2 -fdebug-prefix-map=/<<PKGBUILDDIR>>=. -fstack-protector-strong -Wformat -Werror=format-security -Wall  -Wextra -pedantic -Wno-long-long -std=c++11 -g -O2 -fdebug-prefix-map=/<<PKGBUILDDIR>>=. -fstack-protector-strong -Wformat -Werror=format-security -o CMakeFiles/yaml-cpp.dir/src/tag.cpp.o -c /<<PKGBUILDDIR>>/src/tag.cpp
[ 61%] Linking CXX static library libyaml-cpp.a
/usr/bin/cmake -P CMakeFiles/yaml-cpp.dir/cmake_clean_target.cmake
/usr/bin/cmake -E cmake_link_script CMakeFiles/yaml-cpp.dir/link.txt --verbose=1
/usr/bin/ar qc libyaml-cpp.a  CMakeFiles/yaml-cpp.dir/src/binary.cpp.o CMakeFiles/yaml-cpp.dir/src/contrib/graphbuilder.cpp.o CMakeFiles/yaml-cpp.dir/src/contrib/graphbuilderadapter.cpp.o CMakeFiles/yaml-cpp.dir/src/convert.cpp.o CMakeFiles/yaml-cpp.dir/src/directives.cpp.o CMakeFiles/yaml-cpp.dir/src/emit.cpp.o CMakeFiles/yaml-cpp.dir/src/emitfromevents.cpp.o CMakeFiles/yaml-cpp.dir/src/emitter.cpp.o CMakeFiles/yaml-cpp.dir/src/emitterstate.cpp.o CMakeFiles/yaml-cpp.dir/src/emitterutils.cpp.o CMakeFiles/yaml-cpp.dir/src/exceptions.cpp.o CMakeFiles/yaml-cpp.dir/src/exp.cpp.o CMakeFiles/yaml-cpp.dir/src/memory.cpp.o CMakeFiles/yaml-cpp.dir/src/node.cpp.o CMakeFiles/yaml-cpp.dir/src/node_data.cpp.o CMakeFiles/yaml-cpp.dir/src/nodebuilder.cpp.o CMakeFiles/yaml-cpp.dir/src/nodeevents.cpp.o CMakeFiles/yaml-cpp.dir/src/null.cpp.o CMakeFiles/yaml-cpp.dir/src/ostream_wrapper.cpp.o CMakeFiles/yaml-cpp.dir/src/parse.cpp.o CMakeFiles/yaml-cpp.dir/src/parser.cpp.o CMakeFiles/yaml-cpp.dir/src/regex_yaml.cpp.o CMakeFiles/yaml-cpp.dir/src/scanner.cpp.o CMakeFiles/yaml-cpp.dir/src/scanscalar.cpp.o CMakeFiles/yaml-cpp.dir/src/scantag.cpp.o CMakeFiles/yaml-cpp.dir/src/scantoken.cpp.o CMakeFiles/yaml-cpp.dir/src/simplekey.cpp.o CMakeFiles/yaml-cpp.dir/src/singledocparser.cpp.o CMakeFiles/yaml-cpp.dir/src/stream.cpp.o CMakeFiles/yaml-cpp.dir/src/tag.cpp.o
/usr/bin/ranlib libyaml-cpp.a
make[4]: Leaving directory '/<<PKGBUILDDIR>>/build-static'
[ 61%] Built target yaml-cpp
/usr/bin/make -f util/CMakeFiles/sandbox.dir/build.make util/CMakeFiles/sandbox.dir/depend
/usr/bin/make -f util/CMakeFiles/parse.dir/build.make util/CMakeFiles/parse.dir/depend
/usr/bin/make -f util/CMakeFiles/read.dir/build.make util/CMakeFiles/read.dir/depend
make[4]: Entering directory '/<<PKGBUILDDIR>>/build-static'
cd /<<PKGBUILDDIR>>/build-static && /usr/bin/cmake -E cmake_depends "Unix Makefiles" /<<PKGBUILDDIR>> /<<PKGBUILDDIR>>/util /<<PKGBUILDDIR>>/build-static /<<PKGBUILDDIR>>/build-static/util /<<PKGBUILDDIR>>/build-static/util/CMakeFiles/read.dir/DependInfo.cmake --color=
make[4]: Entering directory '/<<PKGBUILDDIR>>/build-static'
cd /<<PKGBUILDDIR>>/build-static && /usr/bin/cmake -E cmake_depends "Unix Makefiles" /<<PKGBUILDDIR>> /<<PKGBUILDDIR>>/util /<<PKGBUILDDIR>>/build-static /<<PKGBUILDDIR>>/build-static/util /<<PKGBUILDDIR>>/build-static/util/CMakeFiles/sandbox.dir/DependInfo.cmake --color=
make[4]: Entering directory '/<<PKGBUILDDIR>>/build-static'
cd /<<PKGBUILDDIR>>/build-static && /usr/bin/cmake -E cmake_depends "Unix Makefiles" /<<PKGBUILDDIR>> /<<PKGBUILDDIR>>/util /<<PKGBUILDDIR>>/build-static /<<PKGBUILDDIR>>/build-static/util /<<PKGBUILDDIR>>/build-static/util/CMakeFiles/parse.dir/DependInfo.cmake --color=
Dependee "/<<PKGBUILDDIR>>/build-static/util/CMakeFiles/parse.dir/DependInfo.cmake" is newer than depender "/<<PKGBUILDDIR>>/build-static/util/CMakeFiles/parse.dir/depend.internal".
Dependee "/<<PKGBUILDDIR>>/build-static/util/CMakeFiles/CMakeDirectoryInformation.cmake" is newer than depender "/<<PKGBUILDDIR>>/build-static/util/CMakeFiles/parse.dir/depend.internal".
Dependee "/<<PKGBUILDDIR>>/build-static/util/CMakeFiles/sandbox.dir/DependInfo.cmake" is newer than depender "/<<PKGBUILDDIR>>/build-static/util/CMakeFiles/sandbox.dir/depend.internal".
Dependee "/<<PKGBUILDDIR>>/build-static/util/CMakeFiles/CMakeDirectoryInformation.cmake" is newer than depender "/<<PKGBUILDDIR>>/build-static/util/CMakeFiles/sandbox.dir/depend.internal".
Dependee "/<<PKGBUILDDIR>>/build-static/util/CMakeFiles/read.dir/DependInfo.cmake" is newer than depender "/<<PKGBUILDDIR>>/build-static/util/CMakeFiles/read.dir/depend.internal".
Dependee "/<<PKGBUILDDIR>>/build-static/util/CMakeFiles/CMakeDirectoryInformation.cmake" is newer than depender "/<<PKGBUILDDIR>>/build-static/util/CMakeFiles/read.dir/depend.internal".
Scanning dependencies of target parse
make[4]: Leaving directory '/<<PKGBUILDDIR>>/build-static'
/usr/bin/make -f util/CMakeFiles/parse.dir/build.make util/CMakeFiles/parse.dir/build
Scanning dependencies of target sandbox
make[4]: Leaving directory '/<<PKGBUILDDIR>>/build-static'
/usr/bin/make -f util/CMakeFiles/sandbox.dir/build.make util/CMakeFiles/sandbox.dir/build
Scanning dependencies of target read
make[4]: Leaving directory '/<<PKGBUILDDIR>>/build-static'
/usr/bin/make -f util/CMakeFiles/read.dir/build.make util/CMakeFiles/read.dir/build
make[4]: Entering directory '/<<PKGBUILDDIR>>/build-static'
make[4]: Entering directory '/<<PKGBUILDDIR>>/build-static'
make[4]: Entering directory '/<<PKGBUILDDIR>>/build-static'
[ 63%] Building CXX object util/CMakeFiles/read.dir/read.cpp.o
cd /<<PKGBUILDDIR>>/build-static/util && /usr/lib/ccache/c++  -DYAML_CPP_USE_VISIBILITY -I/<<PKGBUILDDIR>>/src -I/<<PKGBUILDDIR>>/include  -g -O2 -fdebug-prefix-map=/<<PKGBUILDDIR>>=. -fstack-protector-strong -Wformat -Werror=format-security -O2 -fvisibility=hidden   -std=c++11 -o CMakeFiles/read.dir/read.cpp.o -c /<<PKGBUILDDIR>>/util/read.cpp
[ 65%] Building CXX object util/CMakeFiles/sandbox.dir/sandbox.cpp.o
cd /<<PKGBUILDDIR>>/build-static/util && /usr/lib/ccache/c++  -DYAML_CPP_USE_VISIBILITY -I/<<PKGBUILDDIR>>/src -I/<<PKGBUILDDIR>>/include  -g -O2 -fdebug-prefix-map=/<<PKGBUILDDIR>>=. -fstack-protector-strong -Wformat -Werror=format-security -O2 -fvisibility=hidden   -std=c++11 -o CMakeFiles/sandbox.dir/sandbox.cpp.o -c /<<PKGBUILDDIR>>/util/sandbox.cpp
[ 66%] Building CXX object util/CMakeFiles/parse.dir/parse.cpp.o
cd /<<PKGBUILDDIR>>/build-static/util && /usr/lib/ccache/c++  -DYAML_CPP_USE_VISIBILITY -I/<<PKGBUILDDIR>>/src -I/<<PKGBUILDDIR>>/include  -g -O2 -fdebug-prefix-map=/<<PKGBUILDDIR>>=. -fstack-protector-strong -Wformat -Werror=format-security -O2 -fvisibility=hidden   -std=c++11 -o CMakeFiles/parse.dir/parse.cpp.o -c /<<PKGBUILDDIR>>/util/parse.cpp
[ 68%] Linking CXX executable parse
cd /<<PKGBUILDDIR>>/build-static/util && /usr/bin/cmake -E cmake_link_script CMakeFiles/parse.dir/link.txt --verbose=1
/usr/lib/ccache/c++  -g -O2 -fdebug-prefix-map=/<<PKGBUILDDIR>>=. -fstack-protector-strong -Wformat -Werror=format-security -O2  -Wl,-z,relro -rdynamic CMakeFiles/parse.dir/parse.cpp.o  -o parse ../libyaml-cpp.a 
[ 70%] Linking CXX executable read
cd /<<PKGBUILDDIR>>/build-static/util && /usr/bin/cmake -E cmake_link_script CMakeFiles/read.dir/link.txt --verbose=1
[ 71%] Linking CXX executable sandbox
/usr/lib/ccache/c++  -g -O2 -fdebug-prefix-map=/<<PKGBUILDDIR>>=. -fstack-protector-strong -Wformat -Werror=format-security -O2  -Wl,-z,relro -rdynamic CMakeFiles/read.dir/read.cpp.o  -o read ../libyaml-cpp.a 
cd /<<PKGBUILDDIR>>/build-static/util && /usr/bin/cmake -E cmake_link_script CMakeFiles/sandbox.dir/link.txt --verbose=1
/usr/lib/ccache/c++  -g -O2 -fdebug-prefix-map=/<<PKGBUILDDIR>>=. -fstack-protector-strong -Wformat -Werror=format-security -O2  -Wl,-z,relro -rdynamic CMakeFiles/sandbox.dir/sandbox.cpp.o  -o sandbox ../libyaml-cpp.a 
make[4]: Leaving directory '/<<PKGBUILDDIR>>/build-static'
[ 71%] Built target sandbox
make[4]: Leaving directory '/<<PKGBUILDDIR>>/build-static'
[ 71%] Built target parse
make[4]: Leaving directory '/<<PKGBUILDDIR>>/build-static'
[ 71%] Built target read
[ 73%] Linking CXX static library libgmock_main.a
cd /<<PKGBUILDDIR>>/build-static/test/gtest-1.8.0/googlemock && /usr/bin/cmake -P CMakeFiles/gmock_main.dir/cmake_clean_target.cmake
cd /<<PKGBUILDDIR>>/build-static/test/gtest-1.8.0/googlemock && /usr/bin/cmake -E cmake_link_script CMakeFiles/gmock_main.dir/link.txt --verbose=1
/usr/bin/ar qc libgmock_main.a  CMakeFiles/gmock_main.dir/__/googletest/src/gtest-all.cc.o CMakeFiles/gmock_main.dir/src/gmock-all.cc.o CMakeFiles/gmock_main.dir/src/gmock_main.cc.o
/usr/bin/ranlib libgmock_main.a
make[4]: Leaving directory '/<<PKGBUILDDIR>>/build-static'
[ 73%] Built target gmock_main
[ 75%] Linking CXX static library libgmock.a
cd /<<PKGBUILDDIR>>/build-static/test/gtest-1.8.0/googlemock && /usr/bin/cmake -P CMakeFiles/gmock.dir/cmake_clean_target.cmake
[ 76%] Linking CXX static library libgtest.a
cd /<<PKGBUILDDIR>>/build-static/test/gtest-1.8.0/googlemock/gtest && /usr/bin/cmake -P CMakeFiles/gtest.dir/cmake_clean_target.cmake
cd /<<PKGBUILDDIR>>/build-static/test/gtest-1.8.0/googlemock && /usr/bin/cmake -E cmake_link_script CMakeFiles/gmock.dir/link.txt --verbose=1
/usr/bin/ar qc libgmock.a  CMakeFiles/gmock.dir/__/googletest/src/gtest-all.cc.o CMakeFiles/gmock.dir/src/gmock-all.cc.o
cd /<<PKGBUILDDIR>>/build-static/test/gtest-1.8.0/googlemock/gtest && /usr/bin/cmake -E cmake_link_script CMakeFiles/gtest.dir/link.txt --verbose=1
/usr/bin/ar qc libgtest.a  CMakeFiles/gtest.dir/src/gtest-all.cc.o
/usr/bin/ranlib libgmock.a
/usr/bin/ranlib libgtest.a
make[4]: Leaving directory '/<<PKGBUILDDIR>>/build-static'
[ 76%] Built target gmock
/usr/bin/make -f test/CMakeFiles/run-tests.dir/build.make test/CMakeFiles/run-tests.dir/depend
make[4]: Entering directory '/<<PKGBUILDDIR>>/build-static'
cd /<<PKGBUILDDIR>>/build-static && /usr/bin/cmake -E cmake_depends "Unix Makefiles" /<<PKGBUILDDIR>> /<<PKGBUILDDIR>>/test /<<PKGBUILDDIR>>/build-static /<<PKGBUILDDIR>>/build-static/test /<<PKGBUILDDIR>>/build-static/test/CMakeFiles/run-tests.dir/DependInfo.cmake --color=
Dependee "/<<PKGBUILDDIR>>/build-static/test/CMakeFiles/run-tests.dir/DependInfo.cmake" is newer than depender "/<<PKGBUILDDIR>>/build-static/test/CMakeFiles/run-tests.dir/depend.internal".
Dependee "/<<PKGBUILDDIR>>/build-static/test/CMakeFiles/CMakeDirectoryInformation.cmake" is newer than depender "/<<PKGBUILDDIR>>/build-static/test/CMakeFiles/run-tests.dir/depend.internal".
Scanning dependencies of target run-tests
make[4]: Leaving directory '/<<PKGBUILDDIR>>/build-static'
/usr/bin/make -f test/CMakeFiles/run-tests.dir/build.make test/CMakeFiles/run-tests.dir/build
make[4]: Entering directory '/<<PKGBUILDDIR>>/build-static'
[ 78%] Building CXX object test/CMakeFiles/run-tests.dir/main.cpp.o
[ 80%] Building CXX object test/CMakeFiles/run-tests.dir/integration/handler_test.cpp.o
cd /<<PKGBUILDDIR>>/build-static/test && /usr/lib/ccache/c++  -DYAML_CPP_USE_VISIBILITY -I/<<PKGBUILDDIR>>/src -I/<<PKGBUILDDIR>>/include -I/<<PKGBUILDDIR>>/test -isystem /<<PKGBUILDDIR>>/test/gtest-1.8.0/googlemock/include -isystem /<<PKGBUILDDIR>>/test/gtest-1.8.0/googletest/include  -g -O2 -fdebug-prefix-map=/<<PKGBUILDDIR>>=. -fstack-protector-strong -Wformat -Werror=format-security -O2 -fvisibility=hidden   -g -O2 -fdebug-prefix-map=/<<PKGBUILDDIR>>=. -fstack-protector-strong -Wformat -Werror=format-security -Wall  -Wextra -pedantic -Wno-long-long -std=c++11 -g -O2 -fdebug-prefix-map=/<<PKGBUILDDIR>>=. -fstack-protector-strong -Wformat -Werror=format-security -Wno-variadic-macros -Wno-sign-compare -std=gnu++11 -o CMakeFiles/run-tests.dir/main.cpp.o -c /<<PKGBUILDDIR>>/test/main.cpp
cd /<<PKGBUILDDIR>>/build-static/test && /usr/lib/ccache/c++  -DYAML_CPP_USE_VISIBILITY -I/<<PKGBUILDDIR>>/src -I/<<PKGBUILDDIR>>/include -I/<<PKGBUILDDIR>>/test -isystem /<<PKGBUILDDIR>>/test/gtest-1.8.0/googlemock/include -isystem /<<PKGBUILDDIR>>/test/gtest-1.8.0/googletest/include  -g -O2 -fdebug-prefix-map=/<<PKGBUILDDIR>>=. -fstack-protector-strong -Wformat -Werror=format-security -O2 -fvisibility=hidden   -g -O2 -fdebug-prefix-map=/<<PKGBUILDDIR>>=. -fstack-protector-strong -Wformat -Werror=format-security -Wall  -Wextra -pedantic -Wno-long-long -std=c++11 -g -O2 -fdebug-prefix-map=/<<PKGBUILDDIR>>=. -fstack-protector-strong -Wformat -Werror=format-security -Wno-variadic-macros -Wno-sign-compare -std=gnu++11 -o CMakeFiles/run-tests.dir/integration/handler_test.cpp.o -c /<<PKGBUILDDIR>>/test/integration/handler_test.cpp
[ 81%] Building CXX object test/CMakeFiles/run-tests.dir/integration/handler_spec_test.cpp.o
[ 83%] Building CXX object test/CMakeFiles/run-tests.dir/integration/load_node_test.cpp.o
[ 85%] Building CXX object test/CMakeFiles/run-tests.dir/integration/node_spec_test.cpp.o
cd /<<PKGBUILDDIR>>/build-static/test && /usr/lib/ccache/c++  -DYAML_CPP_USE_VISIBILITY -I/<<PKGBUILDDIR>>/src -I/<<PKGBUILDDIR>>/include -I/<<PKGBUILDDIR>>/test -isystem /<<PKGBUILDDIR>>/test/gtest-1.8.0/googlemock/include -isystem /<<PKGBUILDDIR>>/test/gtest-1.8.0/googletest/include  -g -O2 -fdebug-prefix-map=/<<PKGBUILDDIR>>=. -fstack-protector-strong -Wformat -Werror=format-security -O2 -fvisibility=hidden   -g -O2 -fdebug-prefix-map=/<<PKGBUILDDIR>>=. -fstack-protector-strong -Wformat -Werror=format-security -Wall  -Wextra -pedantic -Wno-long-long -std=c++11 -g -O2 -fdebug-prefix-map=/<<PKGBUILDDIR>>=. -fstack-protector-strong -Wformat -Werror=format-security -Wno-variadic-macros -Wno-sign-compare -std=gnu++11 -o CMakeFiles/run-tests.dir/integration/handler_spec_test.cpp.o -c /<<PKGBUILDDIR>>/test/integration/handler_spec_test.cpp
cd /<<PKGBUILDDIR>>/build-static/test && /usr/lib/ccache/c++  -DYAML_CPP_USE_VISIBILITY -I/<<PKGBUILDDIR>>/src -I/<<PKGBUILDDIR>>/include -I/<<PKGBUILDDIR>>/test -isystem /<<PKGBUILDDIR>>/test/gtest-1.8.0/googlemock/include -isystem /<<PKGBUILDDIR>>/test/gtest-1.8.0/googletest/include  -g -O2 -fdebug-prefix-map=/<<PKGBUILDDIR>>=. -fstack-protector-strong -Wformat -Werror=format-security -O2 -fvisibility=hidden   -g -O2 -fdebug-prefix-map=/<<PKGBUILDDIR>>=. -fstack-protector-strong -Wformat -Werror=format-security -Wall  -Wextra -pedantic -Wno-long-long -std=c++11 -g -O2 -fdebug-prefix-map=/<<PKGBUILDDIR>>=. -fstack-protector-strong -Wformat -Werror=format-security -Wno-variadic-macros -Wno-sign-compare -std=gnu++11 -o CMakeFiles/run-tests.dir/integration/load_node_test.cpp.o -c /<<PKGBUILDDIR>>/test/integration/load_node_test.cpp
cd /<<PKGBUILDDIR>>/build-static/test && /usr/lib/ccache/c++  -DYAML_CPP_USE_VISIBILITY -I/<<PKGBUILDDIR>>/src -I/<<PKGBUILDDIR>>/include -I/<<PKGBUILDDIR>>/test -isystem /<<PKGBUILDDIR>>/test/gtest-1.8.0/googlemock/include -isystem /<<PKGBUILDDIR>>/test/gtest-1.8.0/googletest/include  -g -O2 -fdebug-prefix-map=/<<PKGBUILDDIR>>=. -fstack-protector-strong -Wformat -Werror=format-security -O2 -fvisibility=hidden   -g -O2 -fdebug-prefix-map=/<<PKGBUILDDIR>>=. -fstack-protector-strong -Wformat -Werror=format-security -Wall  -Wextra -pedantic -Wno-long-long -std=c++11 -g -O2 -fdebug-prefix-map=/<<PKGBUILDDIR>>=. -fstack-protector-strong -Wformat -Werror=format-security -Wno-variadic-macros -Wno-sign-compare -std=gnu++11 -o CMakeFiles/run-tests.dir/integration/node_spec_test.cpp.o -c /<<PKGBUILDDIR>>/test/integration/node_spec_test.cpp
[ 86%] Building CXX object test/CMakeFiles/run-tests.dir/integration/gen_emitter_test.cpp.o
[ 88%] Building CXX object test/CMakeFiles/run-tests.dir/integration/emitter_test.cpp.o
cd /<<PKGBUILDDIR>>/build-static/test && /usr/lib/ccache/c++  -DYAML_CPP_USE_VISIBILITY -I/<<PKGBUILDDIR>>/src -I/<<PKGBUILDDIR>>/include -I/<<PKGBUILDDIR>>/test -isystem /<<PKGBUILDDIR>>/test/gtest-1.8.0/googlemock/include -isystem /<<PKGBUILDDIR>>/test/gtest-1.8.0/googletest/include  -g -O2 -fdebug-prefix-map=/<<PKGBUILDDIR>>=. -fstack-protector-strong -Wformat -Werror=format-security -O2 -fvisibility=hidden   -g -O2 -fdebug-prefix-map=/<<PKGBUILDDIR>>=. -fstack-protector-strong -Wformat -Werror=format-security -Wall  -Wextra -pedantic -Wno-long-long -std=c++11 -g -O2 -fdebug-prefix-map=/<<PKGBUILDDIR>>=. -fstack-protector-strong -Wformat -Werror=format-security -Wno-variadic-macros -Wno-sign-compare -std=gnu++11 -o CMakeFiles/run-tests.dir/integration/gen_emitter_test.cpp.o -c /<<PKGBUILDDIR>>/test/integration/gen_emitter_test.cpp
[ 90%] Building CXX object test/CMakeFiles/run-tests.dir/regex_test.cpp.o
cd /<<PKGBUILDDIR>>/build-static/test && /usr/lib/ccache/c++  -DYAML_CPP_USE_VISIBILITY -I/<<PKGBUILDDIR>>/src -I/<<PKGBUILDDIR>>/include -I/<<PKGBUILDDIR>>/test -isystem /<<PKGBUILDDIR>>/test/gtest-1.8.0/googlemock/include -isystem /<<PKGBUILDDIR>>/test/gtest-1.8.0/googletest/include  -g -O2 -fdebug-prefix-map=/<<PKGBUILDDIR>>=. -fstack-protector-strong -Wformat -Werror=format-security -O2 -fvisibility=hidden   -g -O2 -fdebug-prefix-map=/<<PKGBUILDDIR>>=. -fstack-protector-strong -Wformat -Werror=format-security -Wall  -Wextra -pedantic -Wno-long-long -std=c++11 -g -O2 -fdebug-prefix-map=/<<PKGBUILDDIR>>=. -fstack-protector-strong -Wformat -Werror=format-security -Wno-variadic-macros -Wno-sign-compare -std=gnu++11 -o CMakeFiles/run-tests.dir/integration/emitter_test.cpp.o -c /<<PKGBUILDDIR>>/test/integration/emitter_test.cpp
cd /<<PKGBUILDDIR>>/build-static/test && /usr/lib/ccache/c++  -DYAML_CPP_USE_VISIBILITY -I/<<PKGBUILDDIR>>/src -I/<<PKGBUILDDIR>>/include -I/<<PKGBUILDDIR>>/test -isystem /<<PKGBUILDDIR>>/test/gtest-1.8.0/googlemock/include -isystem /<<PKGBUILDDIR>>/test/gtest-1.8.0/googletest/include  -g -O2 -fdebug-prefix-map=/<<PKGBUILDDIR>>=. -fstack-protector-strong -Wformat -Werror=format-security -O2 -fvisibility=hidden   -g -O2 -fdebug-prefix-map=/<<PKGBUILDDIR>>=. -fstack-protector-strong -Wformat -Werror=format-security -Wall  -Wextra -pedantic -Wno-long-long -std=c++11 -g -O2 -fdebug-prefix-map=/<<PKGBUILDDIR>>=. -fstack-protector-strong -Wformat -Werror=format-security -Wno-variadic-macros -Wno-sign-compare -std=gnu++11 -o CMakeFiles/run-tests.dir/regex_test.cpp.o -c /<<PKGBUILDDIR>>/test/regex_test.cpp
[ 91%] Building CXX object test/CMakeFiles/run-tests.dir/ostream_wrapper_test.cpp.o
[ 93%] Building CXX object test/CMakeFiles/run-tests.dir/integration/encoding_test.cpp.o
cd /<<PKGBUILDDIR>>/build-static/test && /usr/lib/ccache/c++  -DYAML_CPP_USE_VISIBILITY -I/<<PKGBUILDDIR>>/src -I/<<PKGBUILDDIR>>/include -I/<<PKGBUILDDIR>>/test -isystem /<<PKGBUILDDIR>>/test/gtest-1.8.0/googlemock/include -isystem /<<PKGBUILDDIR>>/test/gtest-1.8.0/googletest/include  -g -O2 -fdebug-prefix-map=/<<PKGBUILDDIR>>=. -fstack-protector-strong -Wformat -Werror=format-security -O2 -fvisibility=hidden   -g -O2 -fdebug-prefix-map=/<<PKGBUILDDIR>>=. -fstack-protector-strong -Wformat -Werror=format-security -Wall  -Wextra -pedantic -Wno-long-long -std=c++11 -g -O2 -fdebug-prefix-map=/<<PKGBUILDDIR>>=. -fstack-protector-strong -Wformat -Werror=format-security -Wno-variadic-macros -Wno-sign-compare -std=gnu++11 -o CMakeFiles/run-tests.dir/ostream_wrapper_test.cpp.o -c /<<PKGBUILDDIR>>/test/ostream_wrapper_test.cpp
[ 95%] Building CXX object test/CMakeFiles/run-tests.dir/node/node_test.cpp.o
cd /<<PKGBUILDDIR>>/build-static/test && /usr/lib/ccache/c++  -DYAML_CPP_USE_VISIBILITY -I/<<PKGBUILDDIR>>/src -I/<<PKGBUILDDIR>>/include -I/<<PKGBUILDDIR>>/test -isystem /<<PKGBUILDDIR>>/test/gtest-1.8.0/googlemock/include -isystem /<<PKGBUILDDIR>>/test/gtest-1.8.0/googletest/include  -g -O2 -fdebug-prefix-map=/<<PKGBUILDDIR>>=. -fstack-protector-strong -Wformat -Werror=format-security -O2 -fvisibility=hidden   -g -O2 -fdebug-prefix-map=/<<PKGBUILDDIR>>=. -fstack-protector-strong -Wformat -Werror=format-security -Wall  -Wextra -pedantic -Wno-long-long -std=c++11 -g -O2 -fdebug-prefix-map=/<<PKGBUILDDIR>>=. -fstack-protector-strong -Wformat -Werror=format-security -Wno-variadic-macros -Wno-sign-compare -std=gnu++11 -o CMakeFiles/run-tests.dir/integration/encoding_test.cpp.o -c /<<PKGBUILDDIR>>/test/integration/encoding_test.cpp
cd /<<PKGBUILDDIR>>/build-static/test && /usr/lib/ccache/c++  -DYAML_CPP_USE_VISIBILITY -I/<<PKGBUILDDIR>>/src -I/<<PKGBUILDDIR>>/include -I/<<PKGBUILDDIR>>/test -isystem /<<PKGBUILDDIR>>/test/gtest-1.8.0/googlemock/include -isystem /<<PKGBUILDDIR>>/test/gtest-1.8.0/googletest/include  -g -O2 -fdebug-prefix-map=/<<PKGBUILDDIR>>=. -fstack-protector-strong -Wformat -Werror=format-security -O2 -fvisibility=hidden   -g -O2 -fdebug-prefix-map=/<<PKGBUILDDIR>>=. -fstack-protector-strong -Wformat -Werror=format-security -Wall  -Wextra -pedantic -Wno-long-long -std=c++11 -g -O2 -fdebug-prefix-map=/<<PKGBUILDDIR>>=. -fstack-protector-strong -Wformat -Werror=format-security -Wno-variadic-macros -Wno-sign-compare -std=gnu++11 -o CMakeFiles/run-tests.dir/node/node_test.cpp.o -c /<<PKGBUILDDIR>>/test/node/node_test.cpp
make[4]: Leaving directory '/<<PKGBUILDDIR>>/build-static'
[ 95%] Built target gtest
/usr/bin/make -f test/gtest-1.8.0/googlemock/gtest/CMakeFiles/gtest_main.dir/build.make test/gtest-1.8.0/googlemock/gtest/CMakeFiles/gtest_main.dir/depend
make[4]: Entering directory '/<<PKGBUILDDIR>>/build-static'
cd /<<PKGBUILDDIR>>/build-static && /usr/bin/cmake -E cmake_depends "Unix Makefiles" /<<PKGBUILDDIR>> /<<PKGBUILDDIR>>/test/gtest-1.8.0/googletest /<<PKGBUILDDIR>>/build-static /<<PKGBUILDDIR>>/build-static/test/gtest-1.8.0/googlemock/gtest /<<PKGBUILDDIR>>/build-static/test/gtest-1.8.0/googlemock/gtest/CMakeFiles/gtest_main.dir/DependInfo.cmake --color=
Dependee "/<<PKGBUILDDIR>>/build-static/test/gtest-1.8.0/googlemock/gtest/CMakeFiles/gtest_main.dir/DependInfo.cmake" is newer than depender "/<<PKGBUILDDIR>>/build-static/test/gtest-1.8.0/googlemock/gtest/CMakeFiles/gtest_main.dir/depend.internal".
Dependee "/<<PKGBUILDDIR>>/build-static/test/gtest-1.8.0/googlemock/gtest/CMakeFiles/CMakeDirectoryInformation.cmake" is newer than depender "/<<PKGBUILDDIR>>/build-static/test/gtest-1.8.0/googlemock/gtest/CMakeFiles/gtest_main.dir/depend.internal".
Scanning dependencies of target gtest_main
make[4]: Leaving directory '/<<PKGBUILDDIR>>/build-static'
/usr/bin/make -f test/gtest-1.8.0/googlemock/gtest/CMakeFiles/gtest_main.dir/build.make test/gtest-1.8.0/googlemock/gtest/CMakeFiles/gtest_main.dir/build
make[4]: Entering directory '/<<PKGBUILDDIR>>/build-static'
[ 96%] Building CXX object test/gtest-1.8.0/googlemock/gtest/CMakeFiles/gtest_main.dir/src/gtest_main.cc.o
cd /<<PKGBUILDDIR>>/build-static/test/gtest-1.8.0/googlemock/gtest && /usr/lib/ccache/c++  -DYAML_CPP_USE_VISIBILITY -I/<<PKGBUILDDIR>>/src -I/<<PKGBUILDDIR>>/include -I/<<PKGBUILDDIR>>/test/gtest-1.8.0/googletest/include -I/<<PKGBUILDDIR>>/test/gtest-1.8.0/googletest  -g -O2 -fdebug-prefix-map=/<<PKGBUILDDIR>>=. -fstack-protector-strong -Wformat -Werror=format-security -O2   -g -O2 -fdebug-prefix-map=/<<PKGBUILDDIR>>=. -fstack-protector-strong -Wformat -Werror=format-security -Wall -Wshadow -DGTEST_HAS_PTHREAD=1 -fexceptions -Wextra -Wno-unused-parameter -Wno-missing-field-initializers -o CMakeFiles/gtest_main.dir/src/gtest_main.cc.o -c /<<PKGBUILDDIR>>/test/gtest-1.8.0/googletest/src/gtest_main.cc
[ 98%] Linking CXX static library libgtest_main.a
cd /<<PKGBUILDDIR>>/build-static/test/gtest-1.8.0/googlemock/gtest && /usr/bin/cmake -P CMakeFiles/gtest_main.dir/cmake_clean_target.cmake
cd /<<PKGBUILDDIR>>/build-static/test/gtest-1.8.0/googlemock/gtest && /usr/bin/cmake -E cmake_link_script CMakeFiles/gtest_main.dir/link.txt --verbose=1
/usr/bin/ar qc libgtest_main.a  CMakeFiles/gtest_main.dir/src/gtest_main.cc.o
/usr/bin/ranlib libgtest_main.a
make[4]: Leaving directory '/<<PKGBUILDDIR>>/build-static'
[ 98%] Built target gtest_main
In file included from /<<PKGBUILDDIR>>/test/integration/handler_test.cpp:2:
/<<PKGBUILDDIR>>/test/specexamples.h:839:13: warning: {anonymous}::ex8_22 defined but not used [-Wunused-variable]
 const char *ex8_22 =
             ^~~~~~
/<<PKGBUILDDIR>>/test/specexamples.h:831:13: warning: {anonymous}::ex8_21 defined but not used [-Wunused-variable]
 const char *ex8_21 =
             ^~~~~~
/<<PKGBUILDDIR>>/test/specexamples.h:823:13: warning: {anonymous}::ex8_20 defined but not used [-Wunused-variable]
 const char *ex8_20 =
             ^~~~~~
/<<PKGBUILDDIR>>/test/specexamples.h:818:13: warning: {anonymous}::ex8_19 defined but not used [-Wunused-variable]
 const char *ex8_19 =
             ^~~~~~
/<<PKGBUILDDIR>>/test/specexamples.h:812:13: warning: {anonymous}::ex8_18 defined but not used [-Wunused-variable]
 const char *ex8_18 =
             ^~~~~~
/<<PKGBUILDDIR>>/test/specexamples.h:805:13: warning: {anonymous}::ex8_17 defined but not used [-Wunused-variable]
 const char *ex8_17 =
             ^~~~~~
/<<PKGBUILDDIR>>/test/specexamples.h:801:13: warning: {anonymous}::ex8_16 defined but not used [-Wunused-variable]
 const char *ex8_16 =
             ^~~~~~
/<<PKGBUILDDIR>>/test/specexamples.h:793:13: warning: {anonymous}::ex8_15 defined but not used [-Wunused-variable]
 const char *ex8_15 =
             ^~~~~~
/<<PKGBUILDDIR>>/test/specexamples.h:788:13: warning: {anonymous}::ex8_14 defined but not used [-Wunused-variable]
 const char *ex8_14 =
             ^~~~~~
/<<PKGBUILDDIR>>/test/specexamples.h:760:13: warning: {anonymous}::ex8_9 defined but not used [-Wunused-variable]
 const char *ex8_9 =
             ^~~~~
/<<PKGBUILDDIR>>/test/specexamples.h:749:13: warning: {anonymous}::ex8_8 defined but not used [-Wunused-variable]
 const char *ex8_8 =
             ^~~~~
/<<PKGBUILDDIR>>/test/specexamples.h:743:13: warning: {anonymous}::ex8_7 defined but not used [-Wunused-variable]
 const char *ex8_7 =
             ^~~~~
/<<PKGBUILDDIR>>/test/specexamples.h:735:13: warning: {anonymous}::ex8_6 defined but not used [-Wunused-variable]
 const char *ex8_6 =
             ^~~~~
/<<PKGBUILDDIR>>/test/specexamples.h:714:13: warning: {anonymous}::ex8_5 defined but not used [-Wunused-variable]
 const char *ex8_5 =
             ^~~~~
/<<PKGBUILDDIR>>/test/specexamples.h:706:13: warning: {anonymous}::ex8_4 defined but not used [-Wunused-variable]
 const char *ex8_4 =
             ^~~~~
/<<PKGBUILDDIR>>/test/specexamples.h:702:13: warning: {anonymous}::ex8_3c defined but not used [-Wunused-variable]
 const char *ex8_3c =
             ^~~~~~
/<<PKGBUILDDIR>>/test/specexamples.h:697:13: warning: {anonymous}::ex8_3b defined but not used [-Wunused-variable]
 const char *ex8_3b =
             ^~~~~~
/<<PKGBUILDDIR>>/test/specexamples.h:692:13: warning: {anonymous}::ex8_3a defined but not used [-Wunused-variable]
 const char *ex8_3a =
             ^~~~~~
/<<PKGBUILDDIR>>/test/specexamples.h:679:13: warning: {anonymous}::ex8_2 defined but not used [-Wunused-variable]
 const char *ex8_2 =
             ^~~~~
/<<PKGBUILDDIR>>/test/specexamples.h:668:13: warning: {anonymous}::ex8_1 defined but not used [-Wunused-variable]
 const char *ex8_1 =
             ^~~~~
/<<PKGBUILDDIR>>/test/specexamples.h:661:13: warning: {anonymous}::ex7_24 defined but not used [-Wunused-variable]
 const char *ex7_24 =
             ^~~~~~
/<<PKGBUILDDIR>>/test/specexamples.h:654:13: warning: {anonymous}::ex7_23 defined but not used [-Wunused-variable]
 const char *ex7_23 =
             ^~~~~~
/<<PKGBUILDDIR>>/test/specexamples.h:649:13: warning: {anonymous}::ex7_22 defined but not used [-Wunused-variable]
 const char *ex7_22 =
             ^~~~~~
/<<PKGBUILDDIR>>/test/specexamples.h:644:13: warning: {anonymous}::ex7_21 defined but not used [-Wunused-variable]
 const char *ex7_21 =
             ^~~~~~
/<<PKGBUILDDIR>>/test/specexamples.h:638:13: warning: {anonymous}::ex7_20 defined but not used [-Wunused-variable]
 const char *ex7_20 =
             ^~~~~~
/<<PKGBUILDDIR>>/test/specexamples.h:633:13: warning: {anonymous}::ex7_19 defined but not used [-Wunused-variable]
 const char *ex7_19 =
             ^~~~~~
/<<PKGBUILDDIR>>/test/specexamples.h:626:13: warning: {anonymous}::ex7_18 defined but not used [-Wunused-variable]
 const char *ex7_18 =
             ^~~~~~
/<<PKGBUILDDIR>>/test/specexamples.h:618:13: warning: {anonymous}::ex7_17 defined but not used [-Wunused-variable]
 const char *ex7_17 =
             ^~~~~~
/<<PKGBUILDDIR>>/test/specexamples.h:611:13: warning: {anonymous}::ex7_16 defined but not used [-Wunused-variable]
 const char *ex7_16 =
             ^~~~~~
/<<PKGBUILDDIR>>/test/specexamples.h:607:13: warning: {anonymous}::ex7_15 defined but not used [-Wunused-variable]
 const char *ex7_15 =
             ^~~~~~
/<<PKGBUILDDIR>>/test/specexamples.h:597:13: warning: {anonymous}::ex7_14 defined but not used [-Wunused-variable]
 const char *ex7_14 =
             ^~~~~~
/<<PKGBUILDDIR>>/test/specexamples.h:593:13: warning: {anonymous}::ex7_13 defined but not used [-Wunused-variable]
 const char *ex7_13 =
             ^~~~~~
/<<PKGBUILDDIR>>/test/specexamples.h:587:13: warning: {anonymous}::ex7_12 defined but not used [-Wunused-variable]
 const char *ex7_12 =
             ^~~~~~
/<<PKGBUILDDIR>>/test/specexamples.h:582:13: warning: {anonymous}::ex7_11 defined but not used [-Wunused-variable]
 const char *ex7_11 =
             ^~~~~~
/<<PKGBUILDDIR>>/test/specexamples.h:568:13: warning: {anonymous}::ex7_10 defined but not used [-Wunused-variable]
 const char *ex7_10 =
             ^~~~~~
/<<PKGBUILDDIR>>/test/specexamples.h:562:13: warning: {anonymous}::ex7_9 defined but not used [-Wunused-variable]
 const char *ex7_9 =
             ^~~~~
/<<PKGBUILDDIR>>/test/specexamples.h:557:13: warning: {anonymous}::ex7_8 defined but not used [-Wunused-variable]
 const char *ex7_8 =
             ^~~~~
/<<PKGBUILDDIR>>/test/specexamples.h:555:13: warning: {anonymous}::ex7_7 defined but not used [-Wunused-variable]
 const char *ex7_7 = " 'here''s to \"quotes\"'";
             ^~~~~
/<<PKGBUILDDIR>>/test/specexamples.h:549:13: warning: {anonymous}::ex7_6 defined but not used [-Wunused-variable]
 const char *ex7_6 =
             ^~~~~
/<<PKGBUILDDIR>>/test/specexamples.h:542:13: warning: {anonymous}::ex7_5 defined but not used [-Wunused-variable]
 const char *ex7_5 =
             ^~~~~
/<<PKGBUILDDIR>>/test/specexamples.h:537:13: warning: {anonymous}::ex7_4 defined but not used [-Wunused-variable]
 const char *ex7_4 =
             ^~~~~
/<<PKGBUILDDIR>>/test/specexamples.h:531:13: warning: {anonymous}::ex7_3 defined but not used [-Wunused-variable]
 const char *ex7_3 =
             ^~~~~
/<<PKGBUILDDIR>>/test/specexamples.h:525:13: warning: {anonymous}::ex7_2 defined but not used [-Wunused-variable]
 const char *ex7_2 =
             ^~~~~
/<<PKGBUILDDIR>>/test/specexamples.h:519:13: warning: {anonymous}::ex7_1 defined but not used [-Wunused-variable]
 const char *ex7_1 =
             ^~~~~
/<<PKGBUILDDIR>>/test/specexamples.h:515:13: warning: {anonymous}::ex6_29 defined but not used [-Wunused-variable]
 const char *ex6_29 =
             ^~~~~~
/<<PKGBUILDDIR>>/test/specexamples.h:509:13: warning: {anonymous}::ex6_28 defined but not used [-Wunused-variable]
 const char *ex6_28 =
             ^~~~~~
/<<PKGBUILDDIR>>/test/specexamples.h:504:13: warning: {anonymous}::ex6_27b defined but not used [-Wunused-variable]
 const char *ex6_27b =
             ^~~~~~~
/<<PKGBUILDDIR>>/test/specexamples.h:499:13: warning: {anonymous}::ex6_27a defined but not used [-Wunused-variable]
 const char *ex6_27a =
             ^~~~~~~
/<<PKGBUILDDIR>>/test/specexamples.h:492:13: warning: {anonymous}::ex6_26 defined but not used [-Wunused-variable]
 const char *ex6_26 =
             ^~~~~~
/<<PKGBUILDDIR>>/test/specexamples.h:488:13: warning: {anonymous}::ex6_25 defined but not used [-Wunused-variable]
 const char *ex6_25 =
             ^~~~~~
/<<PKGBUILDDIR>>/test/specexamples.h:484:13: warning: {anonymous}::ex6_24 defined but not used [-Wunused-variable]
 const char *ex6_24 =
             ^~~~~~
/<<PKGBUILDDIR>>/test/specexamples.h:479:13: warning: {anonymous}::ex6_23 defined but not used [-Wunused-variable]
 const char *ex6_23 =
             ^~~~~~
/<<PKGBUILDDIR>>/test/specexamples.h:474:13: warning: {anonymous}::ex6_22 defined but not used [-Wunused-variable]
 const char *ex6_22 =
             ^~~~~~
/<<PKGBUILDDIR>>/test/specexamples.h:465:13: warning: {anonymous}::ex6_21 defined but not used [-Wunused-variable]
 const char *ex6_21 =
             ^~~~~~
/<<PKGBUILDDIR>>/test/specexamples.h:460:13: warning: {anonymous}::ex6_20 defined but not used [-Wunused-variable]
 const char *ex6_20 =
             ^~~~~~
/<<PKGBUILDDIR>>/test/specexamples.h:455:13: warning: {anonymous}::ex6_19 defined but not used [-Wunused-variable]
 const char *ex6_19 =
             ^~~~~~
/<<PKGBUILDDIR>>/test/specexamples.h:446:13: warning: {anonymous}::ex6_18 defined but not used [-Wunused-variable]
 const char *ex6_18 =
             ^~~~~~
/<<PKGBUILDDIR>>/test/specexamples.h:441:13: warning: {anonymous}::ex6_17 defined but not used [-Wunused-variable]
 const char *ex6_17 =
             ^~~~~~
/<<PKGBUILDDIR>>/test/specexamples.h:436:13: warning: {anonymous}::ex6_16 defined but not used [-Wunused-variable]
 const char *ex6_16 =
             ^~~~~~
/<<PKGBUILDDIR>>/test/specexamples.h:431:13: warning: {anonymous}::ex6_15 defined but not used [-Wunused-variable]
 const char *ex6_15 =
             ^~~~~~
/<<PKGBUILDDIR>>/test/specexamples.h:425:13: warning: {anonymous}::ex6_14 defined but not used [-Wunused-variable]
 const char *ex6_14 =
             ^~~~~~
/<<PKGBUILDDIR>>/test/specexamples.h:420:13: warning: {anonymous}::ex6_13 defined but not used [-Wunused-variable]
 const char *ex6_13 =
             ^~~~~~
/<<PKGBUILDDIR>>/test/specexamples.h:412:13: warning: {anonymous}::ex6_12 defined but not used [-Wunused-variable]
 const char *ex6_12 =
             ^~~~~~
/<<PKGBUILDDIR>>/test/specexamples.h:406:13: warning: {anonymous}::ex6_11 defined but not used [-Wunused-variable]
 const char *ex6_11 =
             ^~~~~~
/<<PKGBUILDDIR>>/test/specexamples.h:401:13: warning: {anonymous}::ex6_10 defined but not used [-Wunused-variable]
 const char *ex6_10 =
             ^~~~~~
/<<PKGBUILDDIR>>/test/specexamples.h:397:13: warning: {anonymous}::ex6_9 defined but not used [-Wunused-variable]
 const char *ex6_9 =
             ^~~~~
/<<PKGBUILDDIR>>/test/specexamples.h:388:13: warning: {anonymous}::ex6_8 defined but not used [-Wunused-variable]
 const char *ex6_8 =
             ^~~~~
/<<PKGBUILDDIR>>/test/specexamples.h:380:13: warning: {anonymous}::ex6_7 defined but not used [-Wunused-variable]
 const char *ex6_7 =
             ^~~~~
/<<PKGBUILDDIR>>/test/specexamples.h:371:13: warning: {anonymous}::ex6_6 defined but not used [-Wunused-variable]
 const char *ex6_6 =
             ^~~~~
/<<PKGBUILDDIR>>/test/specexamples.h:362:13: warning: {anonymous}::ex6_5 defined but not used [-Wunused-variable]
 const char *ex6_5 =
             ^~~~~
/<<PKGBUILDDIR>>/test/specexamples.h:353:13: warning: {anonymous}::ex6_4 defined but not used [-Wunused-variable]
 const char *ex6_4 =
             ^~~~~
/<<PKGBUILDDIR>>/test/specexamples.h:348:13: warning: {anonymous}::ex6_3 defined but not used [-Wunused-variable]
 const char *ex6_3 =
             ^~~~~
/<<PKGBUILDDIR>>/test/specexamples.h:342:13: warning: {anonymous}::ex6_2 defined but not used [-Wunused-variable]
 const char *ex6_2 =
             ^~~~~
/<<PKGBUILDDIR>>/test/specexamples.h:328:13: warning: {anonymous}::ex6_1 defined but not used [-Wunused-variable]
 const char *ex6_1 =
             ^~~~~
/<<PKGBUILDDIR>>/test/specexamples.h:323:13: warning: {anonymous}::ex5_14 defined but not used [-Wunused-variable]
 const char *ex5_14 =
             ^~~~~~
/<<PKGBUILDDIR>>/test/specexamples.h:316:13: warning: {anonymous}::ex5_13 defined but not used [-Wunused-variable]
 const char *ex5_13 =
             ^~~~~~
/<<PKGBUILDDIR>>/test/specexamples.h:308:13: warning: {anonymous}::ex5_12 defined but not used [-Wunused-variable]
 const char *ex5_12 =
             ^~~~~~
/<<PKGBUILDDIR>>/test/specexamples.h:303:13: warning: {anonymous}::ex5_11 defined but not used [-Wunused-variable]
 const char *ex5_11 =
             ^~~~~~
/<<PKGBUILDDIR>>/test/specexamples.h:296:13: warning: {anonymous}::ex5_8 defined but not used [-Wunused-variable]
 const char *ex5_8 =
             ^~~~~
/<<PKGBUILDDIR>>/test/specexamples.h:288:13: warning: {anonymous}::ex5_7 defined but not used [-Wunused-variable]
 const char *ex5_7 =
             ^~~~~
/<<PKGBUILDDIR>>/test/specexamples.h:284:13: warning: {anonymous}::ex5_6 defined but not used [-Wunused-variable]
 const char *ex5_6 =
             ^~~~~
/<<PKGBUILDDIR>>/test/specexamples.h:282:13: warning: {anonymous}::ex5_5 defined but not used [-Wunused-variable]
 const char *ex5_5 = "# Comment only.";
             ^~~~~
/<<PKGBUILDDIR>>/test/specexamples.h:278:13: warning: {anonymous}::ex5_4 defined but not used [-Wunused-variable]
 const char *ex5_4 =
             ^~~~~
/<<PKGBUILDDIR>>/test/specexamples.h:269:13: warning: {anonymous}::ex5_3 defined but not used [-Wunused-variable]
 const char *ex5_3 =
             ^~~~~
/<<PKGBUILDDIR>>/test/specexamples.h:239:13: warning: {anonymous}::ex2_28 defined but not used [-Wunused-variable]
 const char *ex2_28 =
             ^~~~~~
/<<PKGBUILDDIR>>/test/specexamples.h:208:13: warning: {anonymous}::ex2_27 defined but not used [-Wunused-variable]
 const char *ex2_27 =
             ^~~~~~
/<<PKGBUILDDIR>>/test/specexamples.h:199:13: warning: {anonymous}::ex2_26 defined but not used [-Wunused-variable]
 const char *ex2_26 =
             ^~~~~~
/<<PKGBUILDDIR>>/test/specexamples.h:190:13: warning: {anonymous}::ex2_25 defined but not used [-Wunused-variable]
 const char *ex2_25 =
             ^~~~~~
/<<PKGBUILDDIR>>/test/specexamples.h:174:13: warning: {anonymous}::ex2_24 defined but not used [-Wunused-variable]
 const char *ex2_24 =
             ^~~~~~
/<<PKGBUILDDIR>>/test/specexamples.h:159:13: warning: {anonymous}::ex2_23 defined but not used [-Wunused-variable]
 const char *ex2_23 =
             ^~~~~~
/<<PKGBUILDDIR>>/test/specexamples.h:149:13: warning: {anonymous}::ex2_18 defined but not used [-Wunused-variable]
 const char *ex2_18 =
             ^~~~~~
/<<PKGBUILDDIR>>/test/specexamples.h:140:13: warning: {anonymous}::ex2_17 defined but not used [-Wunused-variable]
 const char *ex2_17 =
             ^~~~~~
/<<PKGBUILDDIR>>/test/specexamples.h:131:13: warning: {anonymous}::ex2_16 defined but not used [-Wunused-variable]
 const char *ex2_16 =
             ^~~~~~
/<<PKGBUILDDIR>>/test/specexamples.h:121:13: warning: {anonymous}::ex2_15 defined but not used [-Wunused-variable]
 const char *ex2_15 =
             ^~~~~~
/<<PKGBUILDDIR>>/test/specexamples.h:115:13: warning: {anonymous}::ex2_14 defined but not used [-Wunused-variable]
 const char *ex2_14 =
             ^~~~~~
/<<PKGBUILDDIR>>/test/specexamples.h:109:13: warning: {anonymous}::ex2_13 defined but not used [-Wunused-variable]
 const char *ex2_13 =
             ^~~~~~
/<<PKGBUILDDIR>>/test/specexamples.h:99:13: warning: {anonymous}::ex2_12 defined but not used [-Wunused-variable]
 const char *ex2_12 =
             ^~~~~~
/<<PKGBUILDDIR>>/test/specexamples.h:88:13: warning: {anonymous}::ex2_11 defined but not used [-Wunused-variable]
 const char *ex2_11 =
             ^~~~~~
/<<PKGBUILDDIR>>/test/specexamples.h:78:13: warning: {anonymous}::ex2_10 defined but not used [-Wunused-variable]
 const char *ex2_10 =
             ^~~~~~
/<<PKGBUILDDIR>>/test/specexamples.h:68:13: warning: {anonymous}::ex2_9 defined but not used [-Wunused-variable]
 const char *ex2_9 =
             ^~~~~
/<<PKGBUILDDIR>>/test/specexamples.h:56:13: warning: {anonymous}::ex2_8 defined but not used [-Wunused-variable]
 const char *ex2_8 =
             ^~~~~
/<<PKGBUILDDIR>>/test/specexamples.h:44:13: warning: {anonymous}::ex2_7 defined but not used [-Wunused-variable]
 const char *ex2_7 =
             ^~~~~
/<<PKGBUILDDIR>>/test/specexamples.h:37:13: warning: {anonymous}::ex2_6 defined but not used [-Wunused-variable]
 const char *ex2_6 =
             ^~~~~
/<<PKGBUILDDIR>>/test/specexamples.h:32:13: warning: {anonymous}::ex2_5 defined but not used [-Wunused-variable]
 const char *ex2_5 =
             ^~~~~
/<<PKGBUILDDIR>>/test/specexamples.h:22:13: warning: {anonymous}::ex2_4 defined but not used [-Wunused-variable]
 const char *ex2_4 =
             ^~~~~
/<<PKGBUILDDIR>>/test/specexamples.h:12:13: warning: {anonymous}::ex2_3 defined but not used [-Wunused-variable]
 const char *ex2_3 =
             ^~~~~
/<<PKGBUILDDIR>>/test/specexamples.h:7:13: warning: {anonymous}::ex2_2 defined but not used [-Wunused-variable]
 const char *ex2_2 =
             ^~~~~
/<<PKGBUILDDIR>>/test/specexamples.h:2:13: warning: {anonymous}::ex2_1 defined but not used [-Wunused-variable]
 const char *ex2_1 =
             ^~~~~
/<<PKGBUILDDIR>>/test/integration/gen_emitter_test.cpp: In function void __static_initialization_and_destruction_0(int, int):
/<<PKGBUILDDIR>>/test/integration/gen_emitter_test.cpp:9759:1: note: variable tracking size limit exceeded with -fvar-tracking-assignments, retrying without
 }
 ^
[100%] Linking CXX executable run-tests
cd /<<PKGBUILDDIR>>/build-static/test && /usr/bin/cmake -E cmake_link_script CMakeFiles/run-tests.dir/link.txt --verbose=1
/usr/lib/ccache/c++  -g -O2 -fdebug-prefix-map=/<<PKGBUILDDIR>>=. -fstack-protector-strong -Wformat -Werror=format-security -O2  -Wl,-z,relro -rdynamic CMakeFiles/run-tests.dir/integration/emitter_test.cpp.o CMakeFiles/run-tests.dir/integration/encoding_test.cpp.o CMakeFiles/run-tests.dir/integration/gen_emitter_test.cpp.o CMakeFiles/run-tests.dir/integration/handler_spec_test.cpp.o CMakeFiles/run-tests.dir/integration/handler_test.cpp.o CMakeFiles/run-tests.dir/integration/load_node_test.cpp.o CMakeFiles/run-tests.dir/integration/node_spec_test.cpp.o CMakeFiles/run-tests.dir/main.cpp.o CMakeFiles/run-tests.dir/node/node_test.cpp.o CMakeFiles/run-tests.dir/ostream_wrapper_test.cpp.o CMakeFiles/run-tests.dir/regex_test.cpp.o  -o run-tests ../libyaml-cpp.a gtest-1.8.0/googlemock/libgmock.a -lpthread 
make[4]: Leaving directory '/<<PKGBUILDDIR>>/build-static'
[100%] Built target run-tests
make[3]: Leaving directory '/<<PKGBUILDDIR>>/build-static'
/usr/bin/cmake -E cmake_progress_start /<<PKGBUILDDIR>>/build-static/CMakeFiles 0
make[2]: Leaving directory '/<<PKGBUILDDIR>>/build-static'
/usr/bin/make -C build-shared VERBOSE=1
make[2]: Entering directory '/<<PKGBUILDDIR>>/build-shared'
/usr/bin/cmake -S/<<PKGBUILDDIR>> -B/<<PKGBUILDDIR>>/build-shared --check-build-system CMakeFiles/Makefile.cmake 0
/usr/bin/cmake -E cmake_progress_start /<<PKGBUILDDIR>>/build-shared/CMakeFiles /<<PKGBUILDDIR>>/build-shared/CMakeFiles/progress.marks
/usr/bin/make -f CMakeFiles/Makefile2 all
make[3]: Entering directory '/<<PKGBUILDDIR>>/build-shared'
/usr/bin/make -f CMakeFiles/yaml-cpp.dir/build.make CMakeFiles/yaml-cpp.dir/depend
/usr/bin/make -f test/gtest-1.8.0/googlemock/CMakeFiles/gmock.dir/build.make test/gtest-1.8.0/googlemock/CMakeFiles/gmock.dir/depend
/usr/bin/make -f test/gtest-1.8.0/googlemock/CMakeFiles/gmock_main.dir/build.make test/gtest-1.8.0/googlemock/CMakeFiles/gmock_main.dir/depend
/usr/bin/make -f test/gtest-1.8.0/googlemock/gtest/CMakeFiles/gtest.dir/build.make test/gtest-1.8.0/googlemock/gtest/CMakeFiles/gtest.dir/depend
make[4]: Entering directory '/<<PKGBUILDDIR>>/build-shared'
cd /<<PKGBUILDDIR>>/build-shared && /usr/bin/cmake -E cmake_depends "Unix Makefiles" /<<PKGBUILDDIR>> /<<PKGBUILDDIR>>/test/gtest-1.8.0/googletest /<<PKGBUILDDIR>>/build-shared /<<PKGBUILDDIR>>/build-shared/test/gtest-1.8.0/googlemock/gtest /<<PKGBUILDDIR>>/build-shared/test/gtest-1.8.0/googlemock/gtest/CMakeFiles/gtest.dir/DependInfo.cmake --color=
make[4]: Entering directory '/<<PKGBUILDDIR>>/build-shared'
cd /<<PKGBUILDDIR>>/build-shared && /usr/bin/cmake -E cmake_depends "Unix Makefiles" /<<PKGBUILDDIR>> /<<PKGBUILDDIR>>/test/gtest-1.8.0/googlemock /<<PKGBUILDDIR>>/build-shared /<<PKGBUILDDIR>>/build-shared/test/gtest-1.8.0/googlemock /<<PKGBUILDDIR>>/build-shared/test/gtest-1.8.0/googlemock/CMakeFiles/gmock.dir/DependInfo.cmake --color=
make[4]: Entering directory '/<<PKGBUILDDIR>>/build-shared'
cd /<<PKGBUILDDIR>>/build-shared && /usr/bin/cmake -E cmake_depends "Unix Makefiles" /<<PKGBUILDDIR>> /<<PKGBUILDDIR>>/test/gtest-1.8.0/googlemock /<<PKGBUILDDIR>>/build-shared /<<PKGBUILDDIR>>/build-shared/test/gtest-1.8.0/googlemock /<<PKGBUILDDIR>>/build-shared/test/gtest-1.8.0/googlemock/CMakeFiles/gmock_main.dir/DependInfo.cmake --color=
make[4]: Entering directory '/<<PKGBUILDDIR>>/build-shared'
cd /<<PKGBUILDDIR>>/build-shared && /usr/bin/cmake -E cmake_depends "Unix Makefiles" /<<PKGBUILDDIR>> /<<PKGBUILDDIR>> /<<PKGBUILDDIR>>/build-shared /<<PKGBUILDDIR>>/build-shared /<<PKGBUILDDIR>>/build-shared/CMakeFiles/yaml-cpp.dir/DependInfo.cmake --color=
Dependee "/<<PKGBUILDDIR>>/build-shared/test/gtest-1.8.0/googlemock/gtest/CMakeFiles/gtest.dir/DependInfo.cmake" is newer than depender "/<<PKGBUILDDIR>>/build-shared/test/gtest-1.8.0/googlemock/gtest/CMakeFiles/gtest.dir/depend.internal".
Dependee "/<<PKGBUILDDIR>>/build-shared/test/gtest-1.8.0/googlemock/gtest/CMakeFiles/CMakeDirectoryInformation.cmake" is newer than depender "/<<PKGBUILDDIR>>/build-shared/test/gtest-1.8.0/googlemock/gtest/CMakeFiles/gtest.dir/depend.internal".
Dependee "/<<PKGBUILDDIR>>/build-shared/test/gtest-1.8.0/googlemock/CMakeFiles/gmock_main.dir/DependInfo.cmake" is newer than depender "/<<PKGBUILDDIR>>/build-shared/test/gtest-1.8.0/googlemock/CMakeFiles/gmock_main.dir/depend.internal".
Dependee "/<<PKGBUILDDIR>>/build-shared/test/gtest-1.8.0/googlemock/CMakeFiles/CMakeDirectoryInformation.cmake" is newer than depender "/<<PKGBUILDDIR>>/build-shared/test/gtest-1.8.0/googlemock/CMakeFiles/gmock_main.dir/depend.internal".
Dependee "/<<PKGBUILDDIR>>/build-shared/CMakeFiles/yaml-cpp.dir/DependInfo.cmake" is newer than depender "/<<PKGBUILDDIR>>/build-shared/CMakeFiles/yaml-cpp.dir/depend.internal".
Dependee "/<<PKGBUILDDIR>>/build-shared/CMakeFiles/CMakeDirectoryInformation.cmake" is newer than depender "/<<PKGBUILDDIR>>/build-shared/CMakeFiles/yaml-cpp.dir/depend.internal".
Dependee "/<<PKGBUILDDIR>>/build-shared/test/gtest-1.8.0/googlemock/CMakeFiles/gmock.dir/DependInfo.cmake" is newer than depender "/<<PKGBUILDDIR>>/build-shared/test/gtest-1.8.0/googlemock/CMakeFiles/gmock.dir/depend.internal".
Dependee "/<<PKGBUILDDIR>>/build-shared/test/gtest-1.8.0/googlemock/CMakeFiles/CMakeDirectoryInformation.cmake" is newer than depender "/<<PKGBUILDDIR>>/build-shared/test/gtest-1.8.0/googlemock/CMakeFiles/gmock.dir/depend.internal".
Scanning dependencies of target gtest
make[4]: Leaving directory '/<<PKGBUILDDIR>>/build-shared'
/usr/bin/make -f test/gtest-1.8.0/googlemock/gtest/CMakeFiles/gtest.dir/build.make test/gtest-1.8.0/googlemock/gtest/CMakeFiles/gtest.dir/build
make[4]: Entering directory '/<<PKGBUILDDIR>>/build-shared'
Scanning dependencies of target yaml-cpp
make[4]: Leaving directory '/<<PKGBUILDDIR>>/build-shared'
/usr/bin/make -f CMakeFiles/yaml-cpp.dir/build.make CMakeFiles/yaml-cpp.dir/build
make[4]: Entering directory '/<<PKGBUILDDIR>>/build-shared'
Scanning dependencies of target gmock_main
make[4]: Leaving directory '/<<PKGBUILDDIR>>/build-shared'
Scanning dependencies of target gmock
/usr/bin/make -f test/gtest-1.8.0/googlemock/CMakeFiles/gmock_main.dir/build.make test/gtest-1.8.0/googlemock/CMakeFiles/gmock_main.dir/build
make[4]: Leaving directory '/<<PKGBUILDDIR>>/build-shared'
/usr/bin/make -f test/gtest-1.8.0/googlemock/CMakeFiles/gmock.dir/build.make test/gtest-1.8.0/googlemock/CMakeFiles/gmock.dir/build
[  1%] Building CXX object test/gtest-1.8.0/googlemock/gtest/CMakeFiles/gtest.dir/src/gtest-all.cc.o
cd /<<PKGBUILDDIR>>/build-shared/test/gtest-1.8.0/googlemock/gtest && /usr/lib/ccache/c++  -DGTEST_CREATE_SHARED_LIBRARY=1 -DYAML_CPP_USE_VISIBILITY -Dgtest_EXPORTS -I/<<PKGBUILDDIR>>/src -I/<<PKGBUILDDIR>>/include -I/<<PKGBUILDDIR>>/test/gtest-1.8.0/googletest/include -I/<<PKGBUILDDIR>>/test/gtest-1.8.0/googletest  -g -O2 -fdebug-prefix-map=/<<PKGBUILDDIR>>=. -fstack-protector-strong -Wformat -Werror=format-security -O2 -fPIC -fvisibility=hidden   -g -O2 -fdebug-prefix-map=/<<PKGBUILDDIR>>=. -fstack-protector-strong -Wformat -Werror=format-security -Wall -Wshadow -DGTEST_HAS_PTHREAD=1 -fexceptions -Wextra -Wno-unused-parameter -Wno-missing-field-initializers -o CMakeFiles/gtest.dir/src/gtest-all.cc.o -c /<<PKGBUILDDIR>>/test/gtest-1.8.0/googletest/src/gtest-all.cc
make[4]: Entering directory '/<<PKGBUILDDIR>>/build-shared'
make[4]: Entering directory '/<<PKGBUILDDIR>>/build-shared'
[  3%] Building CXX object CMakeFiles/yaml-cpp.dir/src/contrib/graphbuilder.cpp.o
/usr/lib/ccache/c++  -DYAML_CPP_USE_VISIBILITY -Dyaml_cpp_EXPORTS -I/<<PKGBUILDDIR>>/src -I/<<PKGBUILDDIR>>/include  -g -O2 -fdebug-prefix-map=/<<PKGBUILDDIR>>=. -fstack-protector-strong -Wformat -Werror=format-security -O2 -fPIC -fvisibility=hidden   -g -O2 -fdebug-prefix-map=/<<PKGBUILDDIR>>=. -fstack-protector-strong -Wformat -Werror=format-security -Wall  -fPIC -Wextra -pedantic -Wno-long-long -std=c++11 -g -O2 -fdebug-prefix-map=/<<PKGBUILDDIR>>=. -fstack-protector-strong -Wformat -Werror=format-security -o CMakeFiles/yaml-cpp.dir/src/contrib/graphbuilder.cpp.o -c /<<PKGBUILDDIR>>/src/contrib/graphbuilder.cpp
[  5%] Building CXX object CMakeFiles/yaml-cpp.dir/src/binary.cpp.o
[  6%] Building CXX object CMakeFiles/yaml-cpp.dir/src/convert.cpp.o
[  8%] Building CXX object CMakeFiles/yaml-cpp.dir/src/emit.cpp.o
/usr/lib/ccache/c++  -DYAML_CPP_USE_VISIBILITY -Dyaml_cpp_EXPORTS -I/<<PKGBUILDDIR>>/src -I/<<PKGBUILDDIR>>/include  -g -O2 -fdebug-prefix-map=/<<PKGBUILDDIR>>=. -fstack-protector-strong -Wformat -Werror=format-security -O2 -fPIC -fvisibility=hidden   -g -O2 -fdebug-prefix-map=/<<PKGBUILDDIR>>=. -fstack-protector-strong -Wformat -Werror=format-security -Wall  -fPIC -Wextra -pedantic -Wno-long-long -std=c++11 -g -O2 -fdebug-prefix-map=/<<PKGBUILDDIR>>=. -fstack-protector-strong -Wformat -Werror=format-security -o CMakeFiles/yaml-cpp.dir/src/binary.cpp.o -c /<<PKGBUILDDIR>>/src/binary.cpp
/usr/lib/ccache/c++  -DYAML_CPP_USE_VISIBILITY -Dyaml_cpp_EXPORTS -I/<<PKGBUILDDIR>>/src -I/<<PKGBUILDDIR>>/include  -g -O2 -fdebug-prefix-map=/<<PKGBUILDDIR>>=. -fstack-protector-strong -Wformat -Werror=format-security -O2 -fPIC -fvisibility=hidden   -g -O2 -fdebug-prefix-map=/<<PKGBUILDDIR>>=. -fstack-protector-strong -Wformat -Werror=format-security -Wall  -fPIC -Wextra -pedantic -Wno-long-long -std=c++11 -g -O2 -fdebug-prefix-map=/<<PKGBUILDDIR>>=. -fstack-protector-strong -Wformat -Werror=format-security -o CMakeFiles/yaml-cpp.dir/src/convert.cpp.o -c /<<PKGBUILDDIR>>/src/convert.cpp
/usr/lib/ccache/c++  -DYAML_CPP_USE_VISIBILITY -Dyaml_cpp_EXPORTS -I/<<PKGBUILDDIR>>/src -I/<<PKGBUILDDIR>>/include  -g -O2 -fdebug-prefix-map=/<<PKGBUILDDIR>>=. -fstack-protector-strong -Wformat -Werror=format-security -O2 -fPIC -fvisibility=hidden   -g -O2 -fdebug-prefix-map=/<<PKGBUILDDIR>>=. -fstack-protector-strong -Wformat -Werror=format-security -Wall  -fPIC -Wextra -pedantic -Wno-long-long -std=c++11 -g -O2 -fdebug-prefix-map=/<<PKGBUILDDIR>>=. -fstack-protector-strong -Wformat -Werror=format-security -o CMakeFiles/yaml-cpp.dir/src/emit.cpp.o -c /<<PKGBUILDDIR>>/src/emit.cpp
[ 10%] Building CXX object CMakeFiles/yaml-cpp.dir/src/contrib/graphbuilderadapter.cpp.o
[ 11%] Building CXX object CMakeFiles/yaml-cpp.dir/src/emitter.cpp.o
[ 13%] Building CXX object CMakeFiles/yaml-cpp.dir/src/directives.cpp.o
/usr/lib/ccache/c++  -DYAML_CPP_USE_VISIBILITY -Dyaml_cpp_EXPORTS -I/<<PKGBUILDDIR>>/src -I/<<PKGBUILDDIR>>/include  -g -O2 -fdebug-prefix-map=/<<PKGBUILDDIR>>=. -fstack-protector-strong -Wformat -Werror=format-security -O2 -fPIC -fvisibility=hidden   -g -O2 -fdebug-prefix-map=/<<PKGBUILDDIR>>=. -fstack-protector-strong -Wformat -Werror=format-security -Wall  -fPIC -Wextra -pedantic -Wno-long-long -std=c++11 -g -O2 -fdebug-prefix-map=/<<PKGBUILDDIR>>=. -fstack-protector-strong -Wformat -Werror=format-security -o CMakeFiles/yaml-cpp.dir/src/contrib/graphbuilderadapter.cpp.o -c /<<PKGBUILDDIR>>/src/contrib/graphbuilderadapter.cpp
/usr/lib/ccache/c++  -DYAML_CPP_USE_VISIBILITY -Dyaml_cpp_EXPORTS -I/<<PKGBUILDDIR>>/src -I/<<PKGBUILDDIR>>/include  -g -O2 -fdebug-prefix-map=/<<PKGBUILDDIR>>=. -fstack-protector-strong -Wformat -Werror=format-security -O2 -fPIC -fvisibility=hidden   -g -O2 -fdebug-prefix-map=/<<PKGBUILDDIR>>=. -fstack-protector-strong -Wformat -Werror=format-security -Wall  -fPIC -Wextra -pedantic -Wno-long-long -std=c++11 -g -O2 -fdebug-prefix-map=/<<PKGBUILDDIR>>=. -fstack-protector-strong -Wformat -Werror=format-security -o CMakeFiles/yaml-cpp.dir/src/emitter.cpp.o -c /<<PKGBUILDDIR>>/src/emitter.cpp
/usr/lib/ccache/c++  -DYAML_CPP_USE_VISIBILITY -Dyaml_cpp_EXPORTS -I/<<PKGBUILDDIR>>/src -I/<<PKGBUILDDIR>>/include  -g -O2 -fdebug-prefix-map=/<<PKGBUILDDIR>>=. -fstack-protector-strong -Wformat -Werror=format-security -O2 -fPIC -fvisibility=hidden   -g -O2 -fdebug-prefix-map=/<<PKGBUILDDIR>>=. -fstack-protector-strong -Wformat -Werror=format-security -Wall  -fPIC -Wextra -pedantic -Wno-long-long -std=c++11 -g -O2 -fdebug-prefix-map=/<<PKGBUILDDIR>>=. -fstack-protector-strong -Wformat -Werror=format-security -o CMakeFiles/yaml-cpp.dir/src/directives.cpp.o -c /<<PKGBUILDDIR>>/src/directives.cpp
[ 15%] Building CXX object CMakeFiles/yaml-cpp.dir/src/emitterstate.cpp.o
/usr/lib/ccache/c++  -DYAML_CPP_USE_VISIBILITY -Dyaml_cpp_EXPORTS -I/<<PKGBUILDDIR>>/src -I/<<PKGBUILDDIR>>/include  -g -O2 -fdebug-prefix-map=/<<PKGBUILDDIR>>=. -fstack-protector-strong -Wformat -Werror=format-security -O2 -fPIC -fvisibility=hidden   -g -O2 -fdebug-prefix-map=/<<PKGBUILDDIR>>=. -fstack-protector-strong -Wformat -Werror=format-security -Wall  -fPIC -Wextra -pedantic -Wno-long-long -std=c++11 -g -O2 -fdebug-prefix-map=/<<PKGBUILDDIR>>=. -fstack-protector-strong -Wformat -Werror=format-security -o CMakeFiles/yaml-cpp.dir/src/emitterstate.cpp.o -c /<<PKGBUILDDIR>>/src/emitterstate.cpp
[ 16%] Building CXX object test/gtest-1.8.0/googlemock/CMakeFiles/gmock_main.dir/__/googletest/src/gtest-all.cc.o
cd /<<PKGBUILDDIR>>/build-shared/test/gtest-1.8.0/googlemock && /usr/lib/ccache/c++  -DGTEST_CREATE_SHARED_LIBRARY=1 -DYAML_CPP_USE_VISIBILITY -Dgmock_main_EXPORTS -I/<<PKGBUILDDIR>>/src -I/<<PKGBUILDDIR>>/include -I/<<PKGBUILDDIR>>/test/gtest-1.8.0/googlemock/include -I/<<PKGBUILDDIR>>/test/gtest-1.8.0/googlemock -I/<<PKGBUILDDIR>>/test/gtest-1.8.0/googletest/include -I/<<PKGBUILDDIR>>/test/gtest-1.8.0/googletest  -g -O2 -fdebug-prefix-map=/<<PKGBUILDDIR>>=. -fstack-protector-strong -Wformat -Werror=format-security -O2 -fPIC -fvisibility=hidden   -g -O2 -fdebug-prefix-map=/<<PKGBUILDDIR>>=. -fstack-protector-strong -Wformat -Werror=format-security -Wall -Wshadow -DGTEST_HAS_PTHREAD=1 -fexceptions -Wextra -Wno-unused-parameter -Wno-missing-field-initializers -o CMakeFiles/gmock_main.dir/__/googletest/src/gtest-all.cc.o -c /<<PKGBUILDDIR>>/test/gtest-1.8.0/googletest/src/gtest-all.cc
[ 18%] Building CXX object CMakeFiles/yaml-cpp.dir/src/emitfromevents.cpp.o
/usr/lib/ccache/c++  -DYAML_CPP_USE_VISIBILITY -Dyaml_cpp_EXPORTS -I/<<PKGBUILDDIR>>/src -I/<<PKGBUILDDIR>>/include  -g -O2 -fdebug-prefix-map=/<<PKGBUILDDIR>>=. -fstack-protector-strong -Wformat -Werror=format-security -O2 -fPIC -fvisibility=hidden   -g -O2 -fdebug-prefix-map=/<<PKGBUILDDIR>>=. -fstack-protector-strong -Wformat -Werror=format-security -Wall  -fPIC -Wextra -pedantic -Wno-long-long -std=c++11 -g -O2 -fdebug-prefix-map=/<<PKGBUILDDIR>>=. -fstack-protector-strong -Wformat -Werror=format-security -o CMakeFiles/yaml-cpp.dir/src/emitfromevents.cpp.o -c /<<PKGBUILDDIR>>/src/emitfromevents.cpp
[ 20%] Building CXX object CMakeFiles/yaml-cpp.dir/src/exceptions.cpp.o
[ 21%] Building CXX object CMakeFiles/yaml-cpp.dir/src/emitterutils.cpp.o
[ 23%] Building CXX object test/gtest-1.8.0/googlemock/CMakeFiles/gmock.dir/__/googletest/src/gtest-all.cc.o
/usr/lib/ccache/c++  -DYAML_CPP_USE_VISIBILITY -Dyaml_cpp_EXPORTS -I/<<PKGBUILDDIR>>/src -I/<<PKGBUILDDIR>>/include  -g -O2 -fdebug-prefix-map=/<<PKGBUILDDIR>>=. -fstack-protector-strong -Wformat -Werror=format-security -O2 -fPIC -fvisibility=hidden   -g -O2 -fdebug-prefix-map=/<<PKGBUILDDIR>>=. -fstack-protector-strong -Wformat -Werror=format-security -Wall  -fPIC -Wextra -pedantic -Wno-long-long -std=c++11 -g -O2 -fdebug-prefix-map=/<<PKGBUILDDIR>>=. -fstack-protector-strong -Wformat -Werror=format-security -o CMakeFiles/yaml-cpp.dir/src/exceptions.cpp.o -c /<<PKGBUILDDIR>>/src/exceptions.cpp
/usr/lib/ccache/c++  -DYAML_CPP_USE_VISIBILITY -Dyaml_cpp_EXPORTS -I/<<PKGBUILDDIR>>/src -I/<<PKGBUILDDIR>>/include  -g -O2 -fdebug-prefix-map=/<<PKGBUILDDIR>>=. -fstack-protector-strong -Wformat -Werror=format-security -O2 -fPIC -fvisibility=hidden   -g -O2 -fdebug-prefix-map=/<<PKGBUILDDIR>>=. -fstack-protector-strong -Wformat -Werror=format-security -Wall  -fPIC -Wextra -pedantic -Wno-long-long -std=c++11 -g -O2 -fdebug-prefix-map=/<<PKGBUILDDIR>>=. -fstack-protector-strong -Wformat -Werror=format-security -o CMakeFiles/yaml-cpp.dir/src/emitterutils.cpp.o -c /<<PKGBUILDDIR>>/src/emitterutils.cpp
cd /<<PKGBUILDDIR>>/build-shared/test/gtest-1.8.0/googlemock && /usr/lib/ccache/c++  -DGTEST_CREATE_SHARED_LIBRARY=1 -DYAML_CPP_USE_VISIBILITY -Dgmock_EXPORTS -I/<<PKGBUILDDIR>>/src -I/<<PKGBUILDDIR>>/include -I/<<PKGBUILDDIR>>/test/gtest-1.8.0/googlemock/include -I/<<PKGBUILDDIR>>/test/gtest-1.8.0/googlemock -I/<<PKGBUILDDIR>>/test/gtest-1.8.0/googletest/include -I/<<PKGBUILDDIR>>/test/gtest-1.8.0/googletest  -g -O2 -fdebug-prefix-map=/<<PKGBUILDDIR>>=. -fstack-protector-strong -Wformat -Werror=format-security -O2 -fPIC -fvisibility=hidden   -g -O2 -fdebug-prefix-map=/<<PKGBUILDDIR>>=. -fstack-protector-strong -Wformat -Werror=format-security -Wall -Wshadow -DGTEST_HAS_PTHREAD=1 -fexceptions -Wextra -Wno-unused-parameter -Wno-missing-field-initializers -o CMakeFiles/gmock.dir/__/googletest/src/gtest-all.cc.o -c /<<PKGBUILDDIR>>/test/gtest-1.8.0/googletest/src/gtest-all.cc
[ 25%] Building CXX object test/gtest-1.8.0/googlemock/CMakeFiles/gmock_main.dir/src/gmock-all.cc.o
cd /<<PKGBUILDDIR>>/build-shared/test/gtest-1.8.0/googlemock && /usr/lib/ccache/c++  -DGTEST_CREATE_SHARED_LIBRARY=1 -DYAML_CPP_USE_VISIBILITY -Dgmock_main_EXPORTS -I/<<PKGBUILDDIR>>/src -I/<<PKGBUILDDIR>>/include -I/<<PKGBUILDDIR>>/test/gtest-1.8.0/googlemock/include -I/<<PKGBUILDDIR>>/test/gtest-1.8.0/googlemock -I/<<PKGBUILDDIR>>/test/gtest-1.8.0/googletest/include -I/<<PKGBUILDDIR>>/test/gtest-1.8.0/googletest  -g -O2 -fdebug-prefix-map=/<<PKGBUILDDIR>>=. -fstack-protector-strong -Wformat -Werror=format-security -O2 -fPIC -fvisibility=hidden   -g -O2 -fdebug-prefix-map=/<<PKGBUILDDIR>>=. -fstack-protector-strong -Wformat -Werror=format-security -Wall -Wshadow -DGTEST_HAS_PTHREAD=1 -fexceptions -Wextra -Wno-unused-parameter -Wno-missing-field-initializers -o CMakeFiles/gmock_main.dir/src/gmock-all.cc.o -c /<<PKGBUILDDIR>>/test/gtest-1.8.0/googlemock/src/gmock-all.cc
[ 26%] Building CXX object test/gtest-1.8.0/googlemock/CMakeFiles/gmock.dir/src/gmock-all.cc.o
cd /<<PKGBUILDDIR>>/build-shared/test/gtest-1.8.0/googlemock && /usr/lib/ccache/c++  -DGTEST_CREATE_SHARED_LIBRARY=1 -DYAML_CPP_USE_VISIBILITY -Dgmock_EXPORTS -I/<<PKGBUILDDIR>>/src -I/<<PKGBUILDDIR>>/include -I/<<PKGBUILDDIR>>/test/gtest-1.8.0/googlemock/include -I/<<PKGBUILDDIR>>/test/gtest-1.8.0/googlemock -I/<<PKGBUILDDIR>>/test/gtest-1.8.0/googletest/include -I/<<PKGBUILDDIR>>/test/gtest-1.8.0/googletest  -g -O2 -fdebug-prefix-map=/<<PKGBUILDDIR>>=. -fstack-protector-strong -Wformat -Werror=format-security -O2 -fPIC -fvisibility=hidden   -g -O2 -fdebug-prefix-map=/<<PKGBUILDDIR>>=. -fstack-protector-strong -Wformat -Werror=format-security -Wall -Wshadow -DGTEST_HAS_PTHREAD=1 -fexceptions -Wextra -Wno-unused-parameter -Wno-missing-field-initializers -o CMakeFiles/gmock.dir/src/gmock-all.cc.o -c /<<PKGBUILDDIR>>/test/gtest-1.8.0/googlemock/src/gmock-all.cc
[ 28%] Building CXX object test/gtest-1.8.0/googlemock/CMakeFiles/gmock_main.dir/src/gmock_main.cc.o
cd /<<PKGBUILDDIR>>/build-shared/test/gtest-1.8.0/googlemock && /usr/lib/ccache/c++  -DGTEST_CREATE_SHARED_LIBRARY=1 -DYAML_CPP_USE_VISIBILITY -Dgmock_main_EXPORTS -I/<<PKGBUILDDIR>>/src -I/<<PKGBUILDDIR>>/include -I/<<PKGBUILDDIR>>/test/gtest-1.8.0/googlemock/include -I/<<PKGBUILDDIR>>/test/gtest-1.8.0/googlemock -I/<<PKGBUILDDIR>>/test/gtest-1.8.0/googletest/include -I/<<PKGBUILDDIR>>/test/gtest-1.8.0/googletest  -g -O2 -fdebug-prefix-map=/<<PKGBUILDDIR>>=. -fstack-protector-strong -Wformat -Werror=format-security -O2 -fPIC -fvisibility=hidden   -g -O2 -fdebug-prefix-map=/<<PKGBUILDDIR>>=. -fstack-protector-strong -Wformat -Werror=format-security -Wall -Wshadow -DGTEST_HAS_PTHREAD=1 -fexceptions -Wextra -Wno-unused-parameter -Wno-missing-field-initializers -o CMakeFiles/gmock_main.dir/src/gmock_main.cc.o -c /<<PKGBUILDDIR>>/test/gtest-1.8.0/googlemock/src/gmock_main.cc
[ 30%] Building CXX object CMakeFiles/yaml-cpp.dir/src/exp.cpp.o
/usr/lib/ccache/c++  -DYAML_CPP_USE_VISIBILITY -Dyaml_cpp_EXPORTS -I/<<PKGBUILDDIR>>/src -I/<<PKGBUILDDIR>>/include  -g -O2 -fdebug-prefix-map=/<<PKGBUILDDIR>>=. -fstack-protector-strong -Wformat -Werror=format-security -O2 -fPIC -fvisibility=hidden   -g -O2 -fdebug-prefix-map=/<<PKGBUILDDIR>>=. -fstack-protector-strong -Wformat -Werror=format-security -Wall  -fPIC -Wextra -pedantic -Wno-long-long -std=c++11 -g -O2 -fdebug-prefix-map=/<<PKGBUILDDIR>>=. -fstack-protector-strong -Wformat -Werror=format-security -o CMakeFiles/yaml-cpp.dir/src/exp.cpp.o -c /<<PKGBUILDDIR>>/src/exp.cpp
[ 31%] Building CXX object CMakeFiles/yaml-cpp.dir/src/memory.cpp.o
/usr/lib/ccache/c++  -DYAML_CPP_USE_VISIBILITY -Dyaml_cpp_EXPORTS -I/<<PKGBUILDDIR>>/src -I/<<PKGBUILDDIR>>/include  -g -O2 -fdebug-prefix-map=/<<PKGBUILDDIR>>=. -fstack-protector-strong -Wformat -Werror=format-security -O2 -fPIC -fvisibility=hidden   -g -O2 -fdebug-prefix-map=/<<PKGBUILDDIR>>=. -fstack-protector-strong -Wformat -Werror=format-security -Wall  -fPIC -Wextra -pedantic -Wno-long-long -std=c++11 -g -O2 -fdebug-prefix-map=/<<PKGBUILDDIR>>=. -fstack-protector-strong -Wformat -Werror=format-security -o CMakeFiles/yaml-cpp.dir/src/memory.cpp.o -c /<<PKGBUILDDIR>>/src/memory.cpp
[ 33%] Building CXX object CMakeFiles/yaml-cpp.dir/src/node.cpp.o
/usr/lib/ccache/c++  -DYAML_CPP_USE_VISIBILITY -Dyaml_cpp_EXPORTS -I/<<PKGBUILDDIR>>/src -I/<<PKGBUILDDIR>>/include  -g -O2 -fdebug-prefix-map=/<<PKGBUILDDIR>>=. -fstack-protector-strong -Wformat -Werror=format-security -O2 -fPIC -fvisibility=hidden   -g -O2 -fdebug-prefix-map=/<<PKGBUILDDIR>>=. -fstack-protector-strong -Wformat -Werror=format-security -Wall  -fPIC -Wextra -pedantic -Wno-long-long -std=c++11 -g -O2 -fdebug-prefix-map=/<<PKGBUILDDIR>>=. -fstack-protector-strong -Wformat -Werror=format-security -o CMakeFiles/yaml-cpp.dir/src/node.cpp.o -c /<<PKGBUILDDIR>>/src/node.cpp
[ 35%] Building CXX object CMakeFiles/yaml-cpp.dir/src/node_data.cpp.o
/usr/lib/ccache/c++  -DYAML_CPP_USE_VISIBILITY -Dyaml_cpp_EXPORTS -I/<<PKGBUILDDIR>>/src -I/<<PKGBUILDDIR>>/include  -g -O2 -fdebug-prefix-map=/<<PKGBUILDDIR>>=. -fstack-protector-strong -Wformat -Werror=format-security -O2 -fPIC -fvisibility=hidden   -g -O2 -fdebug-prefix-map=/<<PKGBUILDDIR>>=. -fstack-protector-strong -Wformat -Werror=format-security -Wall  -fPIC -Wextra -pedantic -Wno-long-long -std=c++11 -g -O2 -fdebug-prefix-map=/<<PKGBUILDDIR>>=. -fstack-protector-strong -Wformat -Werror=format-security -o CMakeFiles/yaml-cpp.dir/src/node_data.cpp.o -c /<<PKGBUILDDIR>>/src/node_data.cpp
[ 36%] Building CXX object CMakeFiles/yaml-cpp.dir/src/nodebuilder.cpp.o
/usr/lib/ccache/c++  -DYAML_CPP_USE_VISIBILITY -Dyaml_cpp_EXPORTS -I/<<PKGBUILDDIR>>/src -I/<<PKGBUILDDIR>>/include  -g -O2 -fdebug-prefix-map=/<<PKGBUILDDIR>>=. -fstack-protector-strong -Wformat -Werror=format-security -O2 -fPIC -fvisibility=hidden   -g -O2 -fdebug-prefix-map=/<<PKGBUILDDIR>>=. -fstack-protector-strong -Wformat -Werror=format-security -Wall  -fPIC -Wextra -pedantic -Wno-long-long -std=c++11 -g -O2 -fdebug-prefix-map=/<<PKGBUILDDIR>>=. -fstack-protector-strong -Wformat -Werror=format-security -o CMakeFiles/yaml-cpp.dir/src/nodebuilder.cpp.o -c /<<PKGBUILDDIR>>/src/nodebuilder.cpp
[ 38%] Building CXX object CMakeFiles/yaml-cpp.dir/src/nodeevents.cpp.o
/usr/lib/ccache/c++  -DYAML_CPP_USE_VISIBILITY -Dyaml_cpp_EXPORTS -I/<<PKGBUILDDIR>>/src -I/<<PKGBUILDDIR>>/include  -g -O2 -fdebug-prefix-map=/<<PKGBUILDDIR>>=. -fstack-protector-strong -Wformat -Werror=format-security -O2 -fPIC -fvisibility=hidden   -g -O2 -fdebug-prefix-map=/<<PKGBUILDDIR>>=. -fstack-protector-strong -Wformat -Werror=format-security -Wall  -fPIC -Wextra -pedantic -Wno-long-long -std=c++11 -g -O2 -fdebug-prefix-map=/<<PKGBUILDDIR>>=. -fstack-protector-strong -Wformat -Werror=format-security -o CMakeFiles/yaml-cpp.dir/src/nodeevents.cpp.o -c /<<PKGBUILDDIR>>/src/nodeevents.cpp
[ 40%] Building CXX object CMakeFiles/yaml-cpp.dir/src/null.cpp.o
/usr/lib/ccache/c++  -DYAML_CPP_USE_VISIBILITY -Dyaml_cpp_EXPORTS -I/<<PKGBUILDDIR>>/src -I/<<PKGBUILDDIR>>/include  -g -O2 -fdebug-prefix-map=/<<PKGBUILDDIR>>=. -fstack-protector-strong -Wformat -Werror=format-security -O2 -fPIC -fvisibility=hidden   -g -O2 -fdebug-prefix-map=/<<PKGBUILDDIR>>=. -fstack-protector-strong -Wformat -Werror=format-security -Wall  -fPIC -Wextra -pedantic -Wno-long-long -std=c++11 -g -O2 -fdebug-prefix-map=/<<PKGBUILDDIR>>=. -fstack-protector-strong -Wformat -Werror=format-security -o CMakeFiles/yaml-cpp.dir/src/null.cpp.o -c /<<PKGBUILDDIR>>/src/null.cpp
[ 41%] Building CXX object CMakeFiles/yaml-cpp.dir/src/ostream_wrapper.cpp.o
/usr/lib/ccache/c++  -DYAML_CPP_USE_VISIBILITY -Dyaml_cpp_EXPORTS -I/<<PKGBUILDDIR>>/src -I/<<PKGBUILDDIR>>/include  -g -O2 -fdebug-prefix-map=/<<PKGBUILDDIR>>=. -fstack-protector-strong -Wformat -Werror=format-security -O2 -fPIC -fvisibility=hidden   -g -O2 -fdebug-prefix-map=/<<PKGBUILDDIR>>=. -fstack-protector-strong -Wformat -Werror=format-security -Wall  -fPIC -Wextra -pedantic -Wno-long-long -std=c++11 -g -O2 -fdebug-prefix-map=/<<PKGBUILDDIR>>=. -fstack-protector-strong -Wformat -Werror=format-security -o CMakeFiles/yaml-cpp.dir/src/ostream_wrapper.cpp.o -c /<<PKGBUILDDIR>>/src/ostream_wrapper.cpp
[ 43%] Building CXX object CMakeFiles/yaml-cpp.dir/src/parse.cpp.o
/usr/lib/ccache/c++  -DYAML_CPP_USE_VISIBILITY -Dyaml_cpp_EXPORTS -I/<<PKGBUILDDIR>>/src -I/<<PKGBUILDDIR>>/include  -g -O2 -fdebug-prefix-map=/<<PKGBUILDDIR>>=. -fstack-protector-strong -Wformat -Werror=format-security -O2 -fPIC -fvisibility=hidden   -g -O2 -fdebug-prefix-map=/<<PKGBUILDDIR>>=. -fstack-protector-strong -Wformat -Werror=format-security -Wall  -fPIC -Wextra -pedantic -Wno-long-long -std=c++11 -g -O2 -fdebug-prefix-map=/<<PKGBUILDDIR>>=. -fstack-protector-strong -Wformat -Werror=format-security -o CMakeFiles/yaml-cpp.dir/src/parse.cpp.o -c /<<PKGBUILDDIR>>/src/parse.cpp
[ 45%] Building CXX object CMakeFiles/yaml-cpp.dir/src/parser.cpp.o
/usr/lib/ccache/c++  -DYAML_CPP_USE_VISIBILITY -Dyaml_cpp_EXPORTS -I/<<PKGBUILDDIR>>/src -I/<<PKGBUILDDIR>>/include  -g -O2 -fdebug-prefix-map=/<<PKGBUILDDIR>>=. -fstack-protector-strong -Wformat -Werror=format-security -O2 -fPIC -fvisibility=hidden   -g -O2 -fdebug-prefix-map=/<<PKGBUILDDIR>>=. -fstack-protector-strong -Wformat -Werror=format-security -Wall  -fPIC -Wextra -pedantic -Wno-long-long -std=c++11 -g -O2 -fdebug-prefix-map=/<<PKGBUILDDIR>>=. -fstack-protector-strong -Wformat -Werror=format-security -o CMakeFiles/yaml-cpp.dir/src/parser.cpp.o -c /<<PKGBUILDDIR>>/src/parser.cpp
[ 46%] Building CXX object CMakeFiles/yaml-cpp.dir/src/regex_yaml.cpp.o
/usr/lib/ccache/c++  -DYAML_CPP_USE_VISIBILITY -Dyaml_cpp_EXPORTS -I/<<PKGBUILDDIR>>/src -I/<<PKGBUILDDIR>>/include  -g -O2 -fdebug-prefix-map=/<<PKGBUILDDIR>>=. -fstack-protector-strong -Wformat -Werror=format-security -O2 -fPIC -fvisibility=hidden   -g -O2 -fdebug-prefix-map=/<<PKGBUILDDIR>>=. -fstack-protector-strong -Wformat -Werror=format-security -Wall  -fPIC -Wextra -pedantic -Wno-long-long -std=c++11 -g -O2 -fdebug-prefix-map=/<<PKGBUILDDIR>>=. -fstack-protector-strong -Wformat -Werror=format-security -o CMakeFiles/yaml-cpp.dir/src/regex_yaml.cpp.o -c /<<PKGBUILDDIR>>/src/regex_yaml.cpp
[ 48%] Building CXX object CMakeFiles/yaml-cpp.dir/src/scanscalar.cpp.o
/usr/lib/ccache/c++  -DYAML_CPP_USE_VISIBILITY -Dyaml_cpp_EXPORTS -I/<<PKGBUILDDIR>>/src -I/<<PKGBUILDDIR>>/include  -g -O2 -fdebug-prefix-map=/<<PKGBUILDDIR>>=. -fstack-protector-strong -Wformat -Werror=format-security -O2 -fPIC -fvisibility=hidden   -g -O2 -fdebug-prefix-map=/<<PKGBUILDDIR>>=. -fstack-protector-strong -Wformat -Werror=format-security -Wall  -fPIC -Wextra -pedantic -Wno-long-long -std=c++11 -g -O2 -fdebug-prefix-map=/<<PKGBUILDDIR>>=. -fstack-protector-strong -Wformat -Werror=format-security -o CMakeFiles/yaml-cpp.dir/src/scanscalar.cpp.o -c /<<PKGBUILDDIR>>/src/scanscalar.cpp
[ 50%] Building CXX object CMakeFiles/yaml-cpp.dir/src/scanner.cpp.o
/usr/lib/ccache/c++  -DYAML_CPP_USE_VISIBILITY -Dyaml_cpp_EXPORTS -I/<<PKGBUILDDIR>>/src -I/<<PKGBUILDDIR>>/include  -g -O2 -fdebug-prefix-map=/<<PKGBUILDDIR>>=. -fstack-protector-strong -Wformat -Werror=format-security -O2 -fPIC -fvisibility=hidden   -g -O2 -fdebug-prefix-map=/<<PKGBUILDDIR>>=. -fstack-protector-strong -Wformat -Werror=format-security -Wall  -fPIC -Wextra -pedantic -Wno-long-long -std=c++11 -g -O2 -fdebug-prefix-map=/<<PKGBUILDDIR>>=. -fstack-protector-strong -Wformat -Werror=format-security -o CMakeFiles/yaml-cpp.dir/src/scanner.cpp.o -c /<<PKGBUILDDIR>>/src/scanner.cpp
[ 51%] Building CXX object CMakeFiles/yaml-cpp.dir/src/scantag.cpp.o
/usr/lib/ccache/c++  -DYAML_CPP_USE_VISIBILITY -Dyaml_cpp_EXPORTS -I/<<PKGBUILDDIR>>/src -I/<<PKGBUILDDIR>>/include  -g -O2 -fdebug-prefix-map=/<<PKGBUILDDIR>>=. -fstack-protector-strong -Wformat -Werror=format-security -O2 -fPIC -fvisibility=hidden   -g -O2 -fdebug-prefix-map=/<<PKGBUILDDIR>>=. -fstack-protector-strong -Wformat -Werror=format-security -Wall  -fPIC -Wextra -pedantic -Wno-long-long -std=c++11 -g -O2 -fdebug-prefix-map=/<<PKGBUILDDIR>>=. -fstack-protector-strong -Wformat -Werror=format-security -o CMakeFiles/yaml-cpp.dir/src/scantag.cpp.o -c /<<PKGBUILDDIR>>/src/scantag.cpp
[ 53%] Building CXX object CMakeFiles/yaml-cpp.dir/src/scantoken.cpp.o
/usr/lib/ccache/c++  -DYAML_CPP_USE_VISIBILITY -Dyaml_cpp_EXPORTS -I/<<PKGBUILDDIR>>/src -I/<<PKGBUILDDIR>>/include  -g -O2 -fdebug-prefix-map=/<<PKGBUILDDIR>>=. -fstack-protector-strong -Wformat -Werror=format-security -O2 -fPIC -fvisibility=hidden   -g -O2 -fdebug-prefix-map=/<<PKGBUILDDIR>>=. -fstack-protector-strong -Wformat -Werror=format-security -Wall  -fPIC -Wextra -pedantic -Wno-long-long -std=c++11 -g -O2 -fdebug-prefix-map=/<<PKGBUILDDIR>>=. -fstack-protector-strong -Wformat -Werror=format-security -o CMakeFiles/yaml-cpp.dir/src/scantoken.cpp.o -c /<<PKGBUILDDIR>>/src/scantoken.cpp
[ 55%] Building CXX object CMakeFiles/yaml-cpp.dir/src/simplekey.cpp.o
/usr/lib/ccache/c++  -DYAML_CPP_USE_VISIBILITY -Dyaml_cpp_EXPORTS -I/<<PKGBUILDDIR>>/src -I/<<PKGBUILDDIR>>/include  -g -O2 -fdebug-prefix-map=/<<PKGBUILDDIR>>=. -fstack-protector-strong -Wformat -Werror=format-security -O2 -fPIC -fvisibility=hidden   -g -O2 -fdebug-prefix-map=/<<PKGBUILDDIR>>=. -fstack-protector-strong -Wformat -Werror=format-security -Wall  -fPIC -Wextra -pedantic -Wno-long-long -std=c++11 -g -O2 -fdebug-prefix-map=/<<PKGBUILDDIR>>=. -fstack-protector-strong -Wformat -Werror=format-security -o CMakeFiles/yaml-cpp.dir/src/simplekey.cpp.o -c /<<PKGBUILDDIR>>/src/simplekey.cpp
[ 56%] Building CXX object CMakeFiles/yaml-cpp.dir/src/singledocparser.cpp.o
/usr/lib/ccache/c++  -DYAML_CPP_USE_VISIBILITY -Dyaml_cpp_EXPORTS -I/<<PKGBUILDDIR>>/src -I/<<PKGBUILDDIR>>/include  -g -O2 -fdebug-prefix-map=/<<PKGBUILDDIR>>=. -fstack-protector-strong -Wformat -Werror=format-security -O2 -fPIC -fvisibility=hidden   -g -O2 -fdebug-prefix-map=/<<PKGBUILDDIR>>=. -fstack-protector-strong -Wformat -Werror=format-security -Wall  -fPIC -Wextra -pedantic -Wno-long-long -std=c++11 -g -O2 -fdebug-prefix-map=/<<PKGBUILDDIR>>=. -fstack-protector-strong -Wformat -Werror=format-security -o CMakeFiles/yaml-cpp.dir/src/singledocparser.cpp.o -c /<<PKGBUILDDIR>>/src/singledocparser.cpp
[ 58%] Building CXX object CMakeFiles/yaml-cpp.dir/src/stream.cpp.o
/usr/lib/ccache/c++  -DYAML_CPP_USE_VISIBILITY -Dyaml_cpp_EXPORTS -I/<<PKGBUILDDIR>>/src -I/<<PKGBUILDDIR>>/include  -g -O2 -fdebug-prefix-map=/<<PKGBUILDDIR>>=. -fstack-protector-strong -Wformat -Werror=format-security -O2 -fPIC -fvisibility=hidden   -g -O2 -fdebug-prefix-map=/<<PKGBUILDDIR>>=. -fstack-protector-strong -Wformat -Werror=format-security -Wall  -fPIC -Wextra -pedantic -Wno-long-long -std=c++11 -g -O2 -fdebug-prefix-map=/<<PKGBUILDDIR>>=. -fstack-protector-strong -Wformat -Werror=format-security -o CMakeFiles/yaml-cpp.dir/src/stream.cpp.o -c /<<PKGBUILDDIR>>/src/stream.cpp
[ 60%] Building CXX object CMakeFiles/yaml-cpp.dir/src/tag.cpp.o
/usr/lib/ccache/c++  -DYAML_CPP_USE_VISIBILITY -Dyaml_cpp_EXPORTS -I/<<PKGBUILDDIR>>/src -I/<<PKGBUILDDIR>>/include  -g -O2 -fdebug-prefix-map=/<<PKGBUILDDIR>>=. -fstack-protector-strong -Wformat -Werror=format-security -O2 -fPIC -fvisibility=hidden   -g -O2 -fdebug-prefix-map=/<<PKGBUILDDIR>>=. -fstack-protector-strong -Wformat -Werror=format-security -Wall  -fPIC -Wextra -pedantic -Wno-long-long -std=c++11 -g -O2 -fdebug-prefix-map=/<<PKGBUILDDIR>>=. -fstack-protector-strong -Wformat -Werror=format-security -o CMakeFiles/yaml-cpp.dir/src/tag.cpp.o -c /<<PKGBUILDDIR>>/src/tag.cpp
[ 61%] Linking CXX shared library libyaml-cpp.so
/usr/bin/cmake -E cmake_link_script CMakeFiles/yaml-cpp.dir/link.txt --verbose=1
/usr/lib/ccache/c++ -fPIC -g -O2 -fdebug-prefix-map=/<<PKGBUILDDIR>>=. -fstack-protector-strong -Wformat -Werror=format-security -O2 -Wl,-z,relro -shared -Wl,-soname,libyaml-cpp.so.0.6 -o libyaml-cpp.so.0.6.2 CMakeFiles/yaml-cpp.dir/src/binary.cpp.o CMakeFiles/yaml-cpp.dir/src/contrib/graphbuilder.cpp.o CMakeFiles/yaml-cpp.dir/src/contrib/graphbuilderadapter.cpp.o CMakeFiles/yaml-cpp.dir/src/convert.cpp.o CMakeFiles/yaml-cpp.dir/src/directives.cpp.o CMakeFiles/yaml-cpp.dir/src/emit.cpp.o CMakeFiles/yaml-cpp.dir/src/emitfromevents.cpp.o CMakeFiles/yaml-cpp.dir/src/emitter.cpp.o CMakeFiles/yaml-cpp.dir/src/emitterstate.cpp.o CMakeFiles/yaml-cpp.dir/src/emitterutils.cpp.o CMakeFiles/yaml-cpp.dir/src/exceptions.cpp.o CMakeFiles/yaml-cpp.dir/src/exp.cpp.o CMakeFiles/yaml-cpp.dir/src/memory.cpp.o CMakeFiles/yaml-cpp.dir/src/node.cpp.o CMakeFiles/yaml-cpp.dir/src/node_data.cpp.o CMakeFiles/yaml-cpp.dir/src/nodebuilder.cpp.o CMakeFiles/yaml-cpp.dir/src/nodeevents.cpp.o CMakeFiles/yaml-cpp.dir/src/null.cpp.o CMakeFiles/yaml-cpp.dir/src/ostream_wrapper.cpp.o CMakeFiles/yaml-cpp.dir/src/parse.cpp.o CMakeFiles/yaml-cpp.dir/src/parser.cpp.o CMakeFiles/yaml-cpp.dir/src/regex_yaml.cpp.o CMakeFiles/yaml-cpp.dir/src/scanner.cpp.o CMakeFiles/yaml-cpp.dir/src/scanscalar.cpp.o CMakeFiles/yaml-cpp.dir/src/scantag.cpp.o CMakeFiles/yaml-cpp.dir/src/scantoken.cpp.o CMakeFiles/yaml-cpp.dir/src/simplekey.cpp.o CMakeFiles/yaml-cpp.dir/src/singledocparser.cpp.o CMakeFiles/yaml-cpp.dir/src/stream.cpp.o CMakeFiles/yaml-cpp.dir/src/tag.cpp.o 
/usr/bin/cmake -E cmake_symlink_library libyaml-cpp.so.0.6.2 libyaml-cpp.so.0.6 libyaml-cpp.so
make[4]: Leaving directory '/<<PKGBUILDDIR>>/build-shared'
[ 61%] Built target yaml-cpp
/usr/bin/make -f util/CMakeFiles/sandbox.dir/build.make util/CMakeFiles/sandbox.dir/depend
/usr/bin/make -f util/CMakeFiles/parse.dir/build.make util/CMakeFiles/parse.dir/depend
/usr/bin/make -f util/CMakeFiles/read.dir/build.make util/CMakeFiles/read.dir/depend
make[4]: Entering directory '/<<PKGBUILDDIR>>/build-shared'
cd /<<PKGBUILDDIR>>/build-shared && /usr/bin/cmake -E cmake_depends "Unix Makefiles" /<<PKGBUILDDIR>> /<<PKGBUILDDIR>>/util /<<PKGBUILDDIR>>/build-shared /<<PKGBUILDDIR>>/build-shared/util /<<PKGBUILDDIR>>/build-shared/util/CMakeFiles/read.dir/DependInfo.cmake --color=
make[4]: Entering directory '/<<PKGBUILDDIR>>/build-shared'
cd /<<PKGBUILDDIR>>/build-shared && /usr/bin/cmake -E cmake_depends "Unix Makefiles" /<<PKGBUILDDIR>> /<<PKGBUILDDIR>>/util /<<PKGBUILDDIR>>/build-shared /<<PKGBUILDDIR>>/build-shared/util /<<PKGBUILDDIR>>/build-shared/util/CMakeFiles/sandbox.dir/DependInfo.cmake --color=
make[4]: Entering directory '/<<PKGBUILDDIR>>/build-shared'
cd /<<PKGBUILDDIR>>/build-shared && /usr/bin/cmake -E cmake_depends "Unix Makefiles" /<<PKGBUILDDIR>> /<<PKGBUILDDIR>>/util /<<PKGBUILDDIR>>/build-shared /<<PKGBUILDDIR>>/build-shared/util /<<PKGBUILDDIR>>/build-shared/util/CMakeFiles/parse.dir/DependInfo.cmake --color=
Dependee "/<<PKGBUILDDIR>>/build-shared/util/CMakeFiles/parse.dir/DependInfo.cmake" is newer than depender "/<<PKGBUILDDIR>>/build-shared/util/CMakeFiles/parse.dir/depend.internal".
Dependee "/<<PKGBUILDDIR>>/build-shared/util/CMakeFiles/CMakeDirectoryInformation.cmake" is newer than depender "/<<PKGBUILDDIR>>/build-shared/util/CMakeFiles/parse.dir/depend.internal".
Dependee "/<<PKGBUILDDIR>>/build-shared/util/CMakeFiles/sandbox.dir/DependInfo.cmake" is newer than depender "/<<PKGBUILDDIR>>/build-shared/util/CMakeFiles/sandbox.dir/depend.internal".
Dependee "/<<PKGBUILDDIR>>/build-shared/util/CMakeFiles/CMakeDirectoryInformation.cmake" is newer than depender "/<<PKGBUILDDIR>>/build-shared/util/CMakeFiles/sandbox.dir/depend.internal".
Scanning dependencies of target parse
Dependee "/<<PKGBUILDDIR>>/build-shared/util/CMakeFiles/read.dir/DependInfo.cmake" is newer than depender "/<<PKGBUILDDIR>>/build-shared/util/CMakeFiles/read.dir/depend.internal".
Dependee "/<<PKGBUILDDIR>>/build-shared/util/CMakeFiles/CMakeDirectoryInformation.cmake" is newer than depender "/<<PKGBUILDDIR>>/build-shared/util/CMakeFiles/read.dir/depend.internal".
make[4]: Leaving directory '/<<PKGBUILDDIR>>/build-shared'
/usr/bin/make -f util/CMakeFiles/parse.dir/build.make util/CMakeFiles/parse.dir/build
make[4]: Entering directory '/<<PKGBUILDDIR>>/build-shared'
Scanning dependencies of target sandbox
Scanning dependencies of target read
make[4]: Leaving directory '/<<PKGBUILDDIR>>/build-shared'
/usr/bin/make -f util/CMakeFiles/sandbox.dir/build.make util/CMakeFiles/sandbox.dir/build
make[4]: Leaving directory '/<<PKGBUILDDIR>>/build-shared'
/usr/bin/make -f util/CMakeFiles/read.dir/build.make util/CMakeFiles/read.dir/build
make[4]: Entering directory '/<<PKGBUILDDIR>>/build-shared'
make[4]: Entering directory '/<<PKGBUILDDIR>>/build-shared'
[ 63%] Building CXX object util/CMakeFiles/parse.dir/parse.cpp.o
cd /<<PKGBUILDDIR>>/build-shared/util && /usr/lib/ccache/c++  -DYAML_CPP_USE_VISIBILITY -I/<<PKGBUILDDIR>>/src -I/<<PKGBUILDDIR>>/include  -g -O2 -fdebug-prefix-map=/<<PKGBUILDDIR>>=. -fstack-protector-strong -Wformat -Werror=format-security -O2 -fvisibility=hidden   -std=c++11 -o CMakeFiles/parse.dir/parse.cpp.o -c /<<PKGBUILDDIR>>/util/parse.cpp
[ 65%] Building CXX object util/CMakeFiles/sandbox.dir/sandbox.cpp.o
[ 66%] Building CXX object util/CMakeFiles/read.dir/read.cpp.o
cd /<<PKGBUILDDIR>>/build-shared/util && /usr/lib/ccache/c++  -DYAML_CPP_USE_VISIBILITY -I/<<PKGBUILDDIR>>/src -I/<<PKGBUILDDIR>>/include  -g -O2 -fdebug-prefix-map=/<<PKGBUILDDIR>>=. -fstack-protector-strong -Wformat -Werror=format-security -O2 -fvisibility=hidden   -std=c++11 -o CMakeFiles/sandbox.dir/sandbox.cpp.o -c /<<PKGBUILDDIR>>/util/sandbox.cpp
cd /<<PKGBUILDDIR>>/build-shared/util && /usr/lib/ccache/c++  -DYAML_CPP_USE_VISIBILITY -I/<<PKGBUILDDIR>>/src -I/<<PKGBUILDDIR>>/include  -g -O2 -fdebug-prefix-map=/<<PKGBUILDDIR>>=. -fstack-protector-strong -Wformat -Werror=format-security -O2 -fvisibility=hidden   -std=c++11 -o CMakeFiles/read.dir/read.cpp.o -c /<<PKGBUILDDIR>>/util/read.cpp
[ 68%] Linking CXX executable parse
cd /<<PKGBUILDDIR>>/build-shared/util && /usr/bin/cmake -E cmake_link_script CMakeFiles/parse.dir/link.txt --verbose=1
/usr/lib/ccache/c++  -g -O2 -fdebug-prefix-map=/<<PKGBUILDDIR>>=. -fstack-protector-strong -Wformat -Werror=format-security -O2  -Wl,-z,relro -rdynamic CMakeFiles/parse.dir/parse.cpp.o  -o parse -Wl,-rpath,/<<PKGBUILDDIR>>/build-shared ../libyaml-cpp.so.0.6.2 
[ 70%] Linking CXX executable read
cd /<<PKGBUILDDIR>>/build-shared/util && /usr/bin/cmake -E cmake_link_script CMakeFiles/read.dir/link.txt --verbose=1
/usr/lib/ccache/c++  -g -O2 -fdebug-prefix-map=/<<PKGBUILDDIR>>=. -fstack-protector-strong -Wformat -Werror=format-security -O2  -Wl,-z,relro -rdynamic CMakeFiles/read.dir/read.cpp.o  -o read -Wl,-rpath,/<<PKGBUILDDIR>>/build-shared ../libyaml-cpp.so.0.6.2 
make[4]: Leaving directory '/<<PKGBUILDDIR>>/build-shared'
[ 70%] Built target parse
make[4]: Leaving directory '/<<PKGBUILDDIR>>/build-shared'
[ 70%] Built target read
[ 71%] Linking CXX executable sandbox
cd /<<PKGBUILDDIR>>/build-shared/util && /usr/bin/cmake -E cmake_link_script CMakeFiles/sandbox.dir/link.txt --verbose=1
/usr/lib/ccache/c++  -g -O2 -fdebug-prefix-map=/<<PKGBUILDDIR>>=. -fstack-protector-strong -Wformat -Werror=format-security -O2  -Wl,-z,relro -rdynamic CMakeFiles/sandbox.dir/sandbox.cpp.o  -o sandbox -Wl,-rpath,/<<PKGBUILDDIR>>/build-shared ../libyaml-cpp.so.0.6.2 
make[4]: Leaving directory '/<<PKGBUILDDIR>>/build-shared'
[ 71%] Built target sandbox
[ 73%] Linking CXX shared library libgmock_main.so
cd /<<PKGBUILDDIR>>/build-shared/test/gtest-1.8.0/googlemock && /usr/bin/cmake -E cmake_link_script CMakeFiles/gmock_main.dir/link.txt --verbose=1
/usr/lib/ccache/c++ -fPIC -g -O2 -fdebug-prefix-map=/<<PKGBUILDDIR>>=. -fstack-protector-strong -Wformat -Werror=format-security -O2 -Wl,-z,relro -shared -Wl,-soname,libgmock_main.so -o libgmock_main.so CMakeFiles/gmock_main.dir/__/googletest/src/gtest-all.cc.o CMakeFiles/gmock_main.dir/src/gmock-all.cc.o CMakeFiles/gmock_main.dir/src/gmock_main.cc.o -lpthread 
[ 75%] Linking CXX shared library libgmock.so
cd /<<PKGBUILDDIR>>/build-shared/test/gtest-1.8.0/googlemock && /usr/bin/cmake -E cmake_link_script CMakeFiles/gmock.dir/link.txt --verbose=1
/usr/lib/ccache/c++ -fPIC -g -O2 -fdebug-prefix-map=/<<PKGBUILDDIR>>=. -fstack-protector-strong -Wformat -Werror=format-security -O2 -Wl,-z,relro -shared -Wl,-soname,libgmock.so -o libgmock.so CMakeFiles/gmock.dir/__/googletest/src/gtest-all.cc.o CMakeFiles/gmock.dir/src/gmock-all.cc.o -lpthread 
[ 76%] Linking CXX shared library libgtest.so
cd /<<PKGBUILDDIR>>/build-shared/test/gtest-1.8.0/googlemock/gtest && /usr/bin/cmake -E cmake_link_script CMakeFiles/gtest.dir/link.txt --verbose=1
/usr/lib/ccache/c++ -fPIC -g -O2 -fdebug-prefix-map=/<<PKGBUILDDIR>>=. -fstack-protector-strong -Wformat -Werror=format-security -O2 -Wl,-z,relro -shared -Wl,-soname,libgtest.so -o libgtest.so CMakeFiles/gtest.dir/src/gtest-all.cc.o  -L/<<PKGBUILDDIR>>/build-shared/test/gtest-1.8.0/googlemock/gtest/src -Wl,-rpath,/<<PKGBUILDDIR>>/build-shared/test/gtest-1.8.0/googlemock/gtest/src: -lpthread 
make[4]: Leaving directory '/<<PKGBUILDDIR>>/build-shared'
make[4]: Leaving directory '/<<PKGBUILDDIR>>/build-shared'
[ 76%] Built target gmock_main
[ 76%] Built target gmock
/usr/bin/make -f test/CMakeFiles/run-tests.dir/build.make test/CMakeFiles/run-tests.dir/depend
make[4]: Entering directory '/<<PKGBUILDDIR>>/build-shared'
cd /<<PKGBUILDDIR>>/build-shared && /usr/bin/cmake -E cmake_depends "Unix Makefiles" /<<PKGBUILDDIR>> /<<PKGBUILDDIR>>/test /<<PKGBUILDDIR>>/build-shared /<<PKGBUILDDIR>>/build-shared/test /<<PKGBUILDDIR>>/build-shared/test/CMakeFiles/run-tests.dir/DependInfo.cmake --color=
Dependee "/<<PKGBUILDDIR>>/build-shared/test/CMakeFiles/run-tests.dir/DependInfo.cmake" is newer than depender "/<<PKGBUILDDIR>>/build-shared/test/CMakeFiles/run-tests.dir/depend.internal".
Dependee "/<<PKGBUILDDIR>>/build-shared/test/CMakeFiles/CMakeDirectoryInformation.cmake" is newer than depender "/<<PKGBUILDDIR>>/build-shared/test/CMakeFiles/run-tests.dir/depend.internal".
Scanning dependencies of target run-tests
make[4]: Leaving directory '/<<PKGBUILDDIR>>/build-shared'
/usr/bin/make -f test/CMakeFiles/run-tests.dir/build.make test/CMakeFiles/run-tests.dir/build
make[4]: Entering directory '/<<PKGBUILDDIR>>/build-shared'
make[4]: Leaving directory '/<<PKGBUILDDIR>>/build-shared'
[ 78%] Building CXX object test/CMakeFiles/run-tests.dir/integration/encoding_test.cpp.o
cd /<<PKGBUILDDIR>>/build-shared/test && /usr/lib/ccache/c++  -DYAML_CPP_USE_VISIBILITY -I/<<PKGBUILDDIR>>/src -I/<<PKGBUILDDIR>>/include -I/<<PKGBUILDDIR>>/test -isystem /<<PKGBUILDDIR>>/test/gtest-1.8.0/googlemock/include -isystem /<<PKGBUILDDIR>>/test/gtest-1.8.0/googletest/include  -g -O2 -fdebug-prefix-map=/<<PKGBUILDDIR>>=. -fstack-protector-strong -Wformat -Werror=format-security -O2 -fvisibility=hidden   -g -O2 -fdebug-prefix-map=/<<PKGBUILDDIR>>=. -fstack-protector-strong -Wformat -Werror=format-security -Wall  -fPIC -Wextra -pedantic -Wno-long-long -std=c++11 -g -O2 -fdebug-prefix-map=/<<PKGBUILDDIR>>=. -fstack-protector-strong -Wformat -Werror=format-security -Wno-variadic-macros -Wno-sign-compare -std=gnu++11 -o CMakeFiles/run-tests.dir/integration/encoding_test.cpp.o -c /<<PKGBUILDDIR>>/test/integration/encoding_test.cpp
[ 80%] Building CXX object test/CMakeFiles/run-tests.dir/integration/handler_spec_test.cpp.o
[ 81%] Building CXX object test/CMakeFiles/run-tests.dir/ostream_wrapper_test.cpp.o
cd /<<PKGBUILDDIR>>/build-shared/test && /usr/lib/ccache/c++  -DYAML_CPP_USE_VISIBILITY -I/<<PKGBUILDDIR>>/src -I/<<PKGBUILDDIR>>/include -I/<<PKGBUILDDIR>>/test -isystem /<<PKGBUILDDIR>>/test/gtest-1.8.0/googlemock/include -isystem /<<PKGBUILDDIR>>/test/gtest-1.8.0/googletest/include  -g -O2 -fdebug-prefix-map=/<<PKGBUILDDIR>>=. -fstack-protector-strong -Wformat -Werror=format-security -O2 -fvisibility=hidden   -g -O2 -fdebug-prefix-map=/<<PKGBUILDDIR>>=. -fstack-protector-strong -Wformat -Werror=format-security -Wall  -fPIC -Wextra -pedantic -Wno-long-long -std=c++11 -g -O2 -fdebug-prefix-map=/<<PKGBUILDDIR>>=. -fstack-protector-strong -Wformat -Werror=format-security -Wno-variadic-macros -Wno-sign-compare -std=gnu++11 -o CMakeFiles/run-tests.dir/integration/handler_spec_test.cpp.o -c /<<PKGBUILDDIR>>/test/integration/handler_spec_test.cpp
cd /<<PKGBUILDDIR>>/build-shared/test && /usr/lib/ccache/c++  -DYAML_CPP_USE_VISIBILITY -I/<<PKGBUILDDIR>>/src -I/<<PKGBUILDDIR>>/include -I/<<PKGBUILDDIR>>/test -isystem /<<PKGBUILDDIR>>/test/gtest-1.8.0/googlemock/include -isystem /<<PKGBUILDDIR>>/test/gtest-1.8.0/googletest/include  -g -O2 -fdebug-prefix-map=/<<PKGBUILDDIR>>=. -fstack-protector-strong -Wformat -Werror=format-security -O2 -fvisibility=hidden   -g -O2 -fdebug-prefix-map=/<<PKGBUILDDIR>>=. -fstack-protector-strong -Wformat -Werror=format-security -Wall  -fPIC -Wextra -pedantic -Wno-long-long -std=c++11 -g -O2 -fdebug-prefix-map=/<<PKGBUILDDIR>>=. -fstack-protector-strong -Wformat -Werror=format-security -Wno-variadic-macros -Wno-sign-compare -std=gnu++11 -o CMakeFiles/run-tests.dir/ostream_wrapper_test.cpp.o -c /<<PKGBUILDDIR>>/test/ostream_wrapper_test.cpp
[ 85%] Building CXX object test/CMakeFiles/run-tests.dir/main.cpp.o
[ 85%] Building CXX object test/CMakeFiles/run-tests.dir/integration/handler_test.cpp.o
cd /<<PKGBUILDDIR>>/build-shared/test && /usr/lib/ccache/c++  -DYAML_CPP_USE_VISIBILITY -I/<<PKGBUILDDIR>>/src -I/<<PKGBUILDDIR>>/include -I/<<PKGBUILDDIR>>/test -isystem /<<PKGBUILDDIR>>/test/gtest-1.8.0/googlemock/include -isystem /<<PKGBUILDDIR>>/test/gtest-1.8.0/googletest/include  -g -O2 -fdebug-prefix-map=/<<PKGBUILDDIR>>=. -fstack-protector-strong -Wformat -Werror=format-security -O2 -fvisibility=hidden   -g -O2 -fdebug-prefix-map=/<<PKGBUILDDIR>>=. -fstack-protector-strong -Wformat -Werror=format-security -Wall  -fPIC -Wextra -pedantic -Wno-long-long -std=c++11 -g -O2 -fdebug-prefix-map=/<<PKGBUILDDIR>>=. -fstack-protector-strong -Wformat -Werror=format-security -Wno-variadic-macros -Wno-sign-compare -std=gnu++11 -o CMakeFiles/run-tests.dir/main.cpp.o -c /<<PKGBUILDDIR>>/test/main.cpp
cd /<<PKGBUILDDIR>>/build-shared/test && /usr/lib/ccache/c++  -DYAML_CPP_USE_VISIBILITY -I/<<PKGBUILDDIR>>/src -I/<<PKGBUILDDIR>>/include -I/<<PKGBUILDDIR>>/test -isystem /<<PKGBUILDDIR>>/test/gtest-1.8.0/googlemock/include -isystem /<<PKGBUILDDIR>>/test/gtest-1.8.0/googletest/include  -g -O2 -fdebug-prefix-map=/<<PKGBUILDDIR>>=. -fstack-protector-strong -Wformat -Werror=format-security -O2 -fvisibility=hidden   -g -O2 -fdebug-prefix-map=/<<PKGBUILDDIR>>=. -fstack-protector-strong -Wformat -Werror=format-security -Wall  -fPIC -Wextra -pedantic -Wno-long-long -std=c++11 -g -O2 -fdebug-prefix-map=/<<PKGBUILDDIR>>=. -fstack-protector-strong -Wformat -Werror=format-security -Wno-variadic-macros -Wno-sign-compare -std=gnu++11 -o CMakeFiles/run-tests.dir/integration/handler_test.cpp.o -c /<<PKGBUILDDIR>>/test/integration/handler_test.cpp
[ 86%] Building CXX object test/CMakeFiles/run-tests.dir/integration/emitter_test.cpp.o
cd /<<PKGBUILDDIR>>/build-shared/test && /usr/lib/ccache/c++  -DYAML_CPP_USE_VISIBILITY -I/<<PKGBUILDDIR>>/src -I/<<PKGBUILDDIR>>/include -I/<<PKGBUILDDIR>>/test -isystem /<<PKGBUILDDIR>>/test/gtest-1.8.0/googlemock/include -isystem /<<PKGBUILDDIR>>/test/gtest-1.8.0/googletest/include  -g -O2 -fdebug-prefix-map=/<<PKGBUILDDIR>>=. -fstack-protector-strong -Wformat -Werror=format-security -O2 -fvisibility=hidden   -g -O2 -fdebug-prefix-map=/<<PKGBUILDDIR>>=. -fstack-protector-strong -Wformat -Werror=format-security -Wall  -fPIC -Wextra -pedantic -Wno-long-long -std=c++11 -g -O2 -fdebug-prefix-map=/<<PKGBUILDDIR>>=. -fstack-protector-strong -Wformat -Werror=format-security -Wno-variadic-macros -Wno-sign-compare -std=gnu++11 -o CMakeFiles/run-tests.dir/integration/emitter_test.cpp.o -c /<<PKGBUILDDIR>>/test/integration/emitter_test.cpp
[ 86%] Built target gtest
[ 88%] Building CXX object test/CMakeFiles/run-tests.dir/integration/gen_emitter_test.cpp.o
/usr/bin/make -f test/gtest-1.8.0/googlemock/gtest/CMakeFiles/gtest_main.dir/build.make test/gtest-1.8.0/googlemock/gtest/CMakeFiles/gtest_main.dir/depend
[ 90%] Building CXX object test/CMakeFiles/run-tests.dir/integration/load_node_test.cpp.o
cd /<<PKGBUILDDIR>>/build-shared/test && /usr/lib/ccache/c++  -DYAML_CPP_USE_VISIBILITY -I/<<PKGBUILDDIR>>/src -I/<<PKGBUILDDIR>>/include -I/<<PKGBUILDDIR>>/test -isystem /<<PKGBUILDDIR>>/test/gtest-1.8.0/googlemock/include -isystem /<<PKGBUILDDIR>>/test/gtest-1.8.0/googletest/include  -g -O2 -fdebug-prefix-map=/<<PKGBUILDDIR>>=. -fstack-protector-strong -Wformat -Werror=format-security -O2 -fvisibility=hidden   -g -O2 -fdebug-prefix-map=/<<PKGBUILDDIR>>=. -fstack-protector-strong -Wformat -Werror=format-security -Wall  -fPIC -Wextra -pedantic -Wno-long-long -std=c++11 -g -O2 -fdebug-prefix-map=/<<PKGBUILDDIR>>=. -fstack-protector-strong -Wformat -Werror=format-security -Wno-variadic-macros -Wno-sign-compare -std=gnu++11 -o CMakeFiles/run-tests.dir/integration/gen_emitter_test.cpp.o -c /<<PKGBUILDDIR>>/test/integration/gen_emitter_test.cpp
[ 91%] Building CXX object test/CMakeFiles/run-tests.dir/node/node_test.cpp.o
cd /<<PKGBUILDDIR>>/build-shared/test && /usr/lib/ccache/c++  -DYAML_CPP_USE_VISIBILITY -I/<<PKGBUILDDIR>>/src -I/<<PKGBUILDDIR>>/include -I/<<PKGBUILDDIR>>/test -isystem /<<PKGBUILDDIR>>/test/gtest-1.8.0/googlemock/include -isystem /<<PKGBUILDDIR>>/test/gtest-1.8.0/googletest/include  -g -O2 -fdebug-prefix-map=/<<PKGBUILDDIR>>=. -fstack-protector-strong -Wformat -Werror=format-security -O2 -fvisibility=hidden   -g -O2 -fdebug-prefix-map=/<<PKGBUILDDIR>>=. -fstack-protector-strong -Wformat -Werror=format-security -Wall  -fPIC -Wextra -pedantic -Wno-long-long -std=c++11 -g -O2 -fdebug-prefix-map=/<<PKGBUILDDIR>>=. -fstack-protector-strong -Wformat -Werror=format-security -Wno-variadic-macros -Wno-sign-compare -std=gnu++11 -o CMakeFiles/run-tests.dir/integration/load_node_test.cpp.o -c /<<PKGBUILDDIR>>/test/integration/load_node_test.cpp
cd /<<PKGBUILDDIR>>/build-shared/test && /usr/lib/ccache/c++  -DYAML_CPP_USE_VISIBILITY -I/<<PKGBUILDDIR>>/src -I/<<PKGBUILDDIR>>/include -I/<<PKGBUILDDIR>>/test -isystem /<<PKGBUILDDIR>>/test/gtest-1.8.0/googlemock/include -isystem /<<PKGBUILDDIR>>/test/gtest-1.8.0/googletest/include  -g -O2 -fdebug-prefix-map=/<<PKGBUILDDIR>>=. -fstack-protector-strong -Wformat -Werror=format-security -O2 -fvisibility=hidden   -g -O2 -fdebug-prefix-map=/<<PKGBUILDDIR>>=. -fstack-protector-strong -Wformat -Werror=format-security -Wall  -fPIC -Wextra -pedantic -Wno-long-long -std=c++11 -g -O2 -fdebug-prefix-map=/<<PKGBUILDDIR>>=. -fstack-protector-strong -Wformat -Werror=format-security -Wno-variadic-macros -Wno-sign-compare -std=gnu++11 -o CMakeFiles/run-tests.dir/node/node_test.cpp.o -c /<<PKGBUILDDIR>>/test/node/node_test.cpp
[ 93%] Building CXX object test/CMakeFiles/run-tests.dir/regex_test.cpp.o
[ 95%] Building CXX object test/CMakeFiles/run-tests.dir/integration/node_spec_test.cpp.o
make[4]: Entering directory '/<<PKGBUILDDIR>>/build-shared'
cd /<<PKGBUILDDIR>>/build-shared && /usr/bin/cmake -E cmake_depends "Unix Makefiles" /<<PKGBUILDDIR>> /<<PKGBUILDDIR>>/test/gtest-1.8.0/googletest /<<PKGBUILDDIR>>/build-shared /<<PKGBUILDDIR>>/build-shared/test/gtest-1.8.0/googlemock/gtest /<<PKGBUILDDIR>>/build-shared/test/gtest-1.8.0/googlemock/gtest/CMakeFiles/gtest_main.dir/DependInfo.cmake --color=
cd /<<PKGBUILDDIR>>/build-shared/test && /usr/lib/ccache/c++  -DYAML_CPP_USE_VISIBILITY -I/<<PKGBUILDDIR>>/src -I/<<PKGBUILDDIR>>/include -I/<<PKGBUILDDIR>>/test -isystem /<<PKGBUILDDIR>>/test/gtest-1.8.0/googlemock/include -isystem /<<PKGBUILDDIR>>/test/gtest-1.8.0/googletest/include  -g -O2 -fdebug-prefix-map=/<<PKGBUILDDIR>>=. -fstack-protector-strong -Wformat -Werror=format-security -O2 -fvisibility=hidden   -g -O2 -fdebug-prefix-map=/<<PKGBUILDDIR>>=. -fstack-protector-strong -Wformat -Werror=format-security -Wall  -fPIC -Wextra -pedantic -Wno-long-long -std=c++11 -g -O2 -fdebug-prefix-map=/<<PKGBUILDDIR>>=. -fstack-protector-strong -Wformat -Werror=format-security -Wno-variadic-macros -Wno-sign-compare -std=gnu++11 -o CMakeFiles/run-tests.dir/regex_test.cpp.o -c /<<PKGBUILDDIR>>/test/regex_test.cpp
cd /<<PKGBUILDDIR>>/build-shared/test && /usr/lib/ccache/c++  -DYAML_CPP_USE_VISIBILITY -I/<<PKGBUILDDIR>>/src -I/<<PKGBUILDDIR>>/include -I/<<PKGBUILDDIR>>/test -isystem /<<PKGBUILDDIR>>/test/gtest-1.8.0/googlemock/include -isystem /<<PKGBUILDDIR>>/test/gtest-1.8.0/googletest/include  -g -O2 -fdebug-prefix-map=/<<PKGBUILDDIR>>=. -fstack-protector-strong -Wformat -Werror=format-security -O2 -fvisibility=hidden   -g -O2 -fdebug-prefix-map=/<<PKGBUILDDIR>>=. -fstack-protector-strong -Wformat -Werror=format-security -Wall  -fPIC -Wextra -pedantic -Wno-long-long -std=c++11 -g -O2 -fdebug-prefix-map=/<<PKGBUILDDIR>>=. -fstack-protector-strong -Wformat -Werror=format-security -Wno-variadic-macros -Wno-sign-compare -std=gnu++11 -o CMakeFiles/run-tests.dir/integration/node_spec_test.cpp.o -c /<<PKGBUILDDIR>>/test/integration/node_spec_test.cpp
Dependee "/<<PKGBUILDDIR>>/build-shared/test/gtest-1.8.0/googlemock/gtest/CMakeFiles/gtest_main.dir/DependInfo.cmake" is newer than depender "/<<PKGBUILDDIR>>/build-shared/test/gtest-1.8.0/googlemock/gtest/CMakeFiles/gtest_main.dir/depend.internal".
Dependee "/<<PKGBUILDDIR>>/build-shared/test/gtest-1.8.0/googlemock/gtest/CMakeFiles/CMakeDirectoryInformation.cmake" is newer than depender "/<<PKGBUILDDIR>>/build-shared/test/gtest-1.8.0/googlemock/gtest/CMakeFiles/gtest_main.dir/depend.internal".
Scanning dependencies of target gtest_main
make[4]: Leaving directory '/<<PKGBUILDDIR>>/build-shared'
/usr/bin/make -f test/gtest-1.8.0/googlemock/gtest/CMakeFiles/gtest_main.dir/build.make test/gtest-1.8.0/googlemock/gtest/CMakeFiles/gtest_main.dir/build
make[4]: Entering directory '/<<PKGBUILDDIR>>/build-shared'
[ 96%] Building CXX object test/gtest-1.8.0/googlemock/gtest/CMakeFiles/gtest_main.dir/src/gtest_main.cc.o
cd /<<PKGBUILDDIR>>/build-shared/test/gtest-1.8.0/googlemock/gtest && /usr/lib/ccache/c++  -DGTEST_CREATE_SHARED_LIBRARY=1 -DYAML_CPP_USE_VISIBILITY -Dgtest_main_EXPORTS -I/<<PKGBUILDDIR>>/src -I/<<PKGBUILDDIR>>/include -I/<<PKGBUILDDIR>>/test/gtest-1.8.0/googletest/include -I/<<PKGBUILDDIR>>/test/gtest-1.8.0/googletest  -g -O2 -fdebug-prefix-map=/<<PKGBUILDDIR>>=. -fstack-protector-strong -Wformat -Werror=format-security -O2 -fPIC -fvisibility=hidden   -g -O2 -fdebug-prefix-map=/<<PKGBUILDDIR>>=. -fstack-protector-strong -Wformat -Werror=format-security -Wall -Wshadow -DGTEST_HAS_PTHREAD=1 -fexceptions -Wextra -Wno-unused-parameter -Wno-missing-field-initializers -o CMakeFiles/gtest_main.dir/src/gtest_main.cc.o -c /<<PKGBUILDDIR>>/test/gtest-1.8.0/googletest/src/gtest_main.cc
[ 98%] Linking CXX shared library libgtest_main.so
cd /<<PKGBUILDDIR>>/build-shared/test/gtest-1.8.0/googlemock/gtest && /usr/bin/cmake -E cmake_link_script CMakeFiles/gtest_main.dir/link.txt --verbose=1
/usr/lib/ccache/c++ -fPIC -g -O2 -fdebug-prefix-map=/<<PKGBUILDDIR>>=. -fstack-protector-strong -Wformat -Werror=format-security -O2 -Wl,-z,relro -shared -Wl,-soname,libgtest_main.so -o libgtest_main.so CMakeFiles/gtest_main.dir/src/gtest_main.cc.o  -L/<<PKGBUILDDIR>>/build-shared/test/gtest-1.8.0/googlemock/gtest/src -Wl,-rpath,/<<PKGBUILDDIR>>/build-shared/test/gtest-1.8.0/googlemock/gtest/src:/<<PKGBUILDDIR>>/build-shared/test/gtest-1.8.0/googlemock/gtest: -lpthread libgtest.so -lpthread 
make[4]: Leaving directory '/<<PKGBUILDDIR>>/build-shared'
[ 98%] Built target gtest_main
In file included from /<<PKGBUILDDIR>>/test/integration/handler_test.cpp:2:
/<<PKGBUILDDIR>>/test/specexamples.h:839:13: warning: {anonymous}::ex8_22 defined but not used [-Wunused-variable]
 const char *ex8_22 =
             ^~~~~~
/<<PKGBUILDDIR>>/test/specexamples.h:831:13: warning: {anonymous}::ex8_21 defined but not used [-Wunused-variable]
 const char *ex8_21 =
             ^~~~~~
/<<PKGBUILDDIR>>/test/specexamples.h:823:13: warning: {anonymous}::ex8_20 defined but not used [-Wunused-variable]
 const char *ex8_20 =
             ^~~~~~
/<<PKGBUILDDIR>>/test/specexamples.h:818:13: warning: {anonymous}::ex8_19 defined but not used [-Wunused-variable]
 const char *ex8_19 =
             ^~~~~~
/<<PKGBUILDDIR>>/test/specexamples.h:812:13: warning: {anonymous}::ex8_18 defined but not used [-Wunused-variable]
 const char *ex8_18 =
             ^~~~~~
/<<PKGBUILDDIR>>/test/specexamples.h:805:13: warning: {anonymous}::ex8_17 defined but not used [-Wunused-variable]
 const char *ex8_17 =
             ^~~~~~
/<<PKGBUILDDIR>>/test/specexamples.h:801:13: warning: {anonymous}::ex8_16 defined but not used [-Wunused-variable]
 const char *ex8_16 =
             ^~~~~~
/<<PKGBUILDDIR>>/test/specexamples.h:793:13: warning: {anonymous}::ex8_15 defined but not used [-Wunused-variable]
 const char *ex8_15 =
             ^~~~~~
/<<PKGBUILDDIR>>/test/specexamples.h:788:13: warning: {anonymous}::ex8_14 defined but not used [-Wunused-variable]
 const char *ex8_14 =
             ^~~~~~
/<<PKGBUILDDIR>>/test/specexamples.h:760:13: warning: {anonymous}::ex8_9 defined but not used [-Wunused-variable]
 const char *ex8_9 =
             ^~~~~
/<<PKGBUILDDIR>>/test/specexamples.h:749:13: warning: {anonymous}::ex8_8 defined but not used [-Wunused-variable]
 const char *ex8_8 =
             ^~~~~
/<<PKGBUILDDIR>>/test/specexamples.h:743:13: warning: {anonymous}::ex8_7 defined but not used [-Wunused-variable]
 const char *ex8_7 =
             ^~~~~
/<<PKGBUILDDIR>>/test/specexamples.h:735:13: warning: {anonymous}::ex8_6 defined but not used [-Wunused-variable]
 const char *ex8_6 =
             ^~~~~
/<<PKGBUILDDIR>>/test/specexamples.h:714:13: warning: {anonymous}::ex8_5 defined but not used [-Wunused-variable]
 const char *ex8_5 =
             ^~~~~
/<<PKGBUILDDIR>>/test/specexamples.h:706:13: warning: {anonymous}::ex8_4 defined but not used [-Wunused-variable]
 const char *ex8_4 =
             ^~~~~
/<<PKGBUILDDIR>>/test/specexamples.h:702:13: warning: {anonymous}::ex8_3c defined but not used [-Wunused-variable]
 const char *ex8_3c =
             ^~~~~~
/<<PKGBUILDDIR>>/test/specexamples.h:697:13: warning: {anonymous}::ex8_3b defined but not used [-Wunused-variable]
 const char *ex8_3b =
             ^~~~~~
/<<PKGBUILDDIR>>/test/specexamples.h:692:13: warning: {anonymous}::ex8_3a defined but not used [-Wunused-variable]
 const char *ex8_3a =
             ^~~~~~
/<<PKGBUILDDIR>>/test/specexamples.h:679:13: warning: {anonymous}::ex8_2 defined but not used [-Wunused-variable]
 const char *ex8_2 =
             ^~~~~
/<<PKGBUILDDIR>>/test/specexamples.h:668:13: warning: {anonymous}::ex8_1 defined but not used [-Wunused-variable]
 const char *ex8_1 =
             ^~~~~
/<<PKGBUILDDIR>>/test/specexamples.h:661:13: warning: {anonymous}::ex7_24 defined but not used [-Wunused-variable]
 const char *ex7_24 =
             ^~~~~~
/<<PKGBUILDDIR>>/test/specexamples.h:654:13: warning: {anonymous}::ex7_23 defined but not used [-Wunused-variable]
 const char *ex7_23 =
             ^~~~~~
/<<PKGBUILDDIR>>/test/specexamples.h:649:13: warning: {anonymous}::ex7_22 defined but not used [-Wunused-variable]
 const char *ex7_22 =
             ^~~~~~
/<<PKGBUILDDIR>>/test/specexamples.h:644:13: warning: {anonymous}::ex7_21 defined but not used [-Wunused-variable]
 const char *ex7_21 =
             ^~~~~~
/<<PKGBUILDDIR>>/test/specexamples.h:638:13: warning: {anonymous}::ex7_20 defined but not used [-Wunused-variable]
 const char *ex7_20 =
             ^~~~~~
/<<PKGBUILDDIR>>/test/specexamples.h:633:13: warning: {anonymous}::ex7_19 defined but not used [-Wunused-variable]
 const char *ex7_19 =
             ^~~~~~
/<<PKGBUILDDIR>>/test/specexamples.h:626:13: warning: {anonymous}::ex7_18 defined but not used [-Wunused-variable]
 const char *ex7_18 =
             ^~~~~~
/<<PKGBUILDDIR>>/test/specexamples.h:618:13: warning: {anonymous}::ex7_17 defined but not used [-Wunused-variable]
 const char *ex7_17 =
             ^~~~~~
/<<PKGBUILDDIR>>/test/specexamples.h:611:13: warning: {anonymous}::ex7_16 defined but not used [-Wunused-variable]
 const char *ex7_16 =
             ^~~~~~
/<<PKGBUILDDIR>>/test/specexamples.h:607:13: warning: {anonymous}::ex7_15 defined but not used [-Wunused-variable]
 const char *ex7_15 =
             ^~~~~~
/<<PKGBUILDDIR>>/test/specexamples.h:597:13: warning: {anonymous}::ex7_14 defined but not used [-Wunused-variable]
 const char *ex7_14 =
             ^~~~~~
/<<PKGBUILDDIR>>/test/specexamples.h:593:13: warning: {anonymous}::ex7_13 defined but not used [-Wunused-variable]
 const char *ex7_13 =
             ^~~~~~
/<<PKGBUILDDIR>>/test/specexamples.h:587:13: warning: {anonymous}::ex7_12 defined but not used [-Wunused-variable]
 const char *ex7_12 =
             ^~~~~~
/<<PKGBUILDDIR>>/test/specexamples.h:582:13: warning: {anonymous}::ex7_11 defined but not used [-Wunused-variable]
 const char *ex7_11 =
             ^~~~~~
/<<PKGBUILDDIR>>/test/specexamples.h:568:13: warning: {anonymous}::ex7_10 defined but not used [-Wunused-variable]
 const char *ex7_10 =
             ^~~~~~
/<<PKGBUILDDIR>>/test/specexamples.h:562:13: warning: {anonymous}::ex7_9 defined but not used [-Wunused-variable]
 const char *ex7_9 =
             ^~~~~
/<<PKGBUILDDIR>>/test/specexamples.h:557:13: warning: {anonymous}::ex7_8 defined but not used [-Wunused-variable]
 const char *ex7_8 =
             ^~~~~
/<<PKGBUILDDIR>>/test/specexamples.h:555:13: warning: {anonymous}::ex7_7 defined but not used [-Wunused-variable]
 const char *ex7_7 = " 'here''s to \"quotes\"'";
             ^~~~~
/<<PKGBUILDDIR>>/test/specexamples.h:549:13: warning: {anonymous}::ex7_6 defined but not used [-Wunused-variable]
 const char *ex7_6 =
             ^~~~~
/<<PKGBUILDDIR>>/test/specexamples.h:542:13: warning: {anonymous}::ex7_5 defined but not used [-Wunused-variable]
 const char *ex7_5 =
             ^~~~~
/<<PKGBUILDDIR>>/test/specexamples.h:537:13: warning: {anonymous}::ex7_4 defined but not used [-Wunused-variable]
 const char *ex7_4 =
             ^~~~~
/<<PKGBUILDDIR>>/test/specexamples.h:531:13: warning: {anonymous}::ex7_3 defined but not used [-Wunused-variable]
 const char *ex7_3 =
             ^~~~~
/<<PKGBUILDDIR>>/test/specexamples.h:525:13: warning: {anonymous}::ex7_2 defined but not used [-Wunused-variable]
 const char *ex7_2 =
             ^~~~~
/<<PKGBUILDDIR>>/test/specexamples.h:519:13: warning: {anonymous}::ex7_1 defined but not used [-Wunused-variable]
 const char *ex7_1 =
             ^~~~~
/<<PKGBUILDDIR>>/test/specexamples.h:515:13: warning: {anonymous}::ex6_29 defined but not used [-Wunused-variable]
 const char *ex6_29 =
             ^~~~~~
/<<PKGBUILDDIR>>/test/specexamples.h:509:13: warning: {anonymous}::ex6_28 defined but not used [-Wunused-variable]
 const char *ex6_28 =
             ^~~~~~
/<<PKGBUILDDIR>>/test/specexamples.h:504:13: warning: {anonymous}::ex6_27b defined but not used [-Wunused-variable]
 const char *ex6_27b =
             ^~~~~~~
/<<PKGBUILDDIR>>/test/specexamples.h:499:13: warning: {anonymous}::ex6_27a defined but not used [-Wunused-variable]
 const char *ex6_27a =
             ^~~~~~~
/<<PKGBUILDDIR>>/test/specexamples.h:492:13: warning: {anonymous}::ex6_26 defined but not used [-Wunused-variable]
 const char *ex6_26 =
             ^~~~~~
/<<PKGBUILDDIR>>/test/specexamples.h:488:13: warning: {anonymous}::ex6_25 defined but not used [-Wunused-variable]
 const char *ex6_25 =
             ^~~~~~
/<<PKGBUILDDIR>>/test/specexamples.h:484:13: warning: {anonymous}::ex6_24 defined but not used [-Wunused-variable]
 const char *ex6_24 =
             ^~~~~~
/<<PKGBUILDDIR>>/test/specexamples.h:479:13: warning: {anonymous}::ex6_23 defined but not used [-Wunused-variable]
 const char *ex6_23 =
             ^~~~~~
/<<PKGBUILDDIR>>/test/specexamples.h:474:13: warning: {anonymous}::ex6_22 defined but not used [-Wunused-variable]
 const char *ex6_22 =
             ^~~~~~
/<<PKGBUILDDIR>>/test/specexamples.h:465:13: warning: {anonymous}::ex6_21 defined but not used [-Wunused-variable]
 const char *ex6_21 =
             ^~~~~~
/<<PKGBUILDDIR>>/test/specexamples.h:460:13: warning: {anonymous}::ex6_20 defined but not used [-Wunused-variable]
 const char *ex6_20 =
             ^~~~~~
/<<PKGBUILDDIR>>/test/specexamples.h:455:13: warning: {anonymous}::ex6_19 defined but not used [-Wunused-variable]
 const char *ex6_19 =
             ^~~~~~
/<<PKGBUILDDIR>>/test/specexamples.h:446:13: warning: {anonymous}::ex6_18 defined but not used [-Wunused-variable]
 const char *ex6_18 =
             ^~~~~~
/<<PKGBUILDDIR>>/test/specexamples.h:441:13: warning: {anonymous}::ex6_17 defined but not used [-Wunused-variable]
 const char *ex6_17 =
             ^~~~~~
/<<PKGBUILDDIR>>/test/specexamples.h:436:13: warning: {anonymous}::ex6_16 defined but not used [-Wunused-variable]
 const char *ex6_16 =
             ^~~~~~
/<<PKGBUILDDIR>>/test/specexamples.h:431:13: warning: {anonymous}::ex6_15 defined but not used [-Wunused-variable]
 const char *ex6_15 =
             ^~~~~~
/<<PKGBUILDDIR>>/test/specexamples.h:425:13: warning: {anonymous}::ex6_14 defined but not used [-Wunused-variable]
 const char *ex6_14 =
             ^~~~~~
/<<PKGBUILDDIR>>/test/specexamples.h:420:13: warning: {anonymous}::ex6_13 defined but not used [-Wunused-variable]
 const char *ex6_13 =
             ^~~~~~
/<<PKGBUILDDIR>>/test/specexamples.h:412:13: warning: {anonymous}::ex6_12 defined but not used [-Wunused-variable]
 const char *ex6_12 =
             ^~~~~~
/<<PKGBUILDDIR>>/test/specexamples.h:406:13: warning: {anonymous}::ex6_11 defined but not used [-Wunused-variable]
 const char *ex6_11 =
             ^~~~~~
/<<PKGBUILDDIR>>/test/specexamples.h:401:13: warning: {anonymous}::ex6_10 defined but not used [-Wunused-variable]
 const char *ex6_10 =
             ^~~~~~
/<<PKGBUILDDIR>>/test/specexamples.h:397:13: warning: {anonymous}::ex6_9 defined but not used [-Wunused-variable]
 const char *ex6_9 =
             ^~~~~
/<<PKGBUILDDIR>>/test/specexamples.h:388:13: warning: {anonymous}::ex6_8 defined but not used [-Wunused-variable]
 const char *ex6_8 =
             ^~~~~
/<<PKGBUILDDIR>>/test/specexamples.h:380:13: warning: {anonymous}::ex6_7 defined but not used [-Wunused-variable]
 const char *ex6_7 =
             ^~~~~
/<<PKGBUILDDIR>>/test/specexamples.h:371:13: warning: {anonymous}::ex6_6 defined but not used [-Wunused-variable]
 const char *ex6_6 =
             ^~~~~
/<<PKGBUILDDIR>>/test/specexamples.h:362:13: warning: {anonymous}::ex6_5 defined but not used [-Wunused-variable]
 const char *ex6_5 =
             ^~~~~
/<<PKGBUILDDIR>>/test/specexamples.h:353:13: warning: {anonymous}::ex6_4 defined but not used [-Wunused-variable]
 const char *ex6_4 =
             ^~~~~
/<<PKGBUILDDIR>>/test/specexamples.h:348:13: warning: {anonymous}::ex6_3 defined but not used [-Wunused-variable]
 const char *ex6_3 =
             ^~~~~
/<<PKGBUILDDIR>>/test/specexamples.h:342:13: warning: {anonymous}::ex6_2 defined but not used [-Wunused-variable]
 const char *ex6_2 =
             ^~~~~
/<<PKGBUILDDIR>>/test/specexamples.h:328:13: warning: {anonymous}::ex6_1 defined but not used [-Wunused-variable]
 const char *ex6_1 =
             ^~~~~
/<<PKGBUILDDIR>>/test/specexamples.h:323:13: warning: {anonymous}::ex5_14 defined but not used [-Wunused-variable]
 const char *ex5_14 =
             ^~~~~~
/<<PKGBUILDDIR>>/test/specexamples.h:316:13: warning: {anonymous}::ex5_13 defined but not used [-Wunused-variable]
 const char *ex5_13 =
             ^~~~~~
/<<PKGBUILDDIR>>/test/specexamples.h:308:13: warning: {anonymous}::ex5_12 defined but not used [-Wunused-variable]
 const char *ex5_12 =
             ^~~~~~
/<<PKGBUILDDIR>>/test/specexamples.h:303:13: warning: {anonymous}::ex5_11 defined but not used [-Wunused-variable]
 const char *ex5_11 =
             ^~~~~~
/<<PKGBUILDDIR>>/test/specexamples.h:296:13: warning: {anonymous}::ex5_8 defined but not used [-Wunused-variable]
 const char *ex5_8 =
             ^~~~~
/<<PKGBUILDDIR>>/test/specexamples.h:288:13: warning: {anonymous}::ex5_7 defined but not used [-Wunused-variable]
 const char *ex5_7 =
             ^~~~~
/<<PKGBUILDDIR>>/test/specexamples.h:284:13: warning: {anonymous}::ex5_6 defined but not used [-Wunused-variable]
 const char *ex5_6 =
             ^~~~~
/<<PKGBUILDDIR>>/test/specexamples.h:282:13: warning: {anonymous}::ex5_5 defined but not used [-Wunused-variable]
 const char *ex5_5 = "# Comment only.";
             ^~~~~
/<<PKGBUILDDIR>>/test/specexamples.h:278:13: warning: {anonymous}::ex5_4 defined but not used [-Wunused-variable]
 const char *ex5_4 =
             ^~~~~
/<<PKGBUILDDIR>>/test/specexamples.h:269:13: warning: {anonymous}::ex5_3 defined but not used [-Wunused-variable]
 const char *ex5_3 =
             ^~~~~
/<<PKGBUILDDIR>>/test/specexamples.h:239:13: warning: {anonymous}::ex2_28 defined but not used [-Wunused-variable]
 const char *ex2_28 =
             ^~~~~~
/<<PKGBUILDDIR>>/test/specexamples.h:208:13: warning: {anonymous}::ex2_27 defined but not used [-Wunused-variable]
 const char *ex2_27 =
             ^~~~~~
/<<PKGBUILDDIR>>/test/specexamples.h:199:13: warning: {anonymous}::ex2_26 defined but not used [-Wunused-variable]
 const char *ex2_26 =
             ^~~~~~
/<<PKGBUILDDIR>>/test/specexamples.h:190:13: warning: {anonymous}::ex2_25 defined but not used [-Wunused-variable]
 const char *ex2_25 =
             ^~~~~~
/<<PKGBUILDDIR>>/test/specexamples.h:174:13: warning: {anonymous}::ex2_24 defined but not used [-Wunused-variable]
 const char *ex2_24 =
             ^~~~~~
/<<PKGBUILDDIR>>/test/specexamples.h:159:13: warning: {anonymous}::ex2_23 defined but not used [-Wunused-variable]
 const char *ex2_23 =
             ^~~~~~
/<<PKGBUILDDIR>>/test/specexamples.h:149:13: warning: {anonymous}::ex2_18 defined but not used [-Wunused-variable]
 const char *ex2_18 =
             ^~~~~~
/<<PKGBUILDDIR>>/test/specexamples.h:140:13: warning: {anonymous}::ex2_17 defined but not used [-Wunused-variable]
 const char *ex2_17 =
             ^~~~~~
/<<PKGBUILDDIR>>/test/specexamples.h:131:13: warning: {anonymous}::ex2_16 defined but not used [-Wunused-variable]
 const char *ex2_16 =
             ^~~~~~
/<<PKGBUILDDIR>>/test/specexamples.h:121:13: warning: {anonymous}::ex2_15 defined but not used [-Wunused-variable]
 const char *ex2_15 =
             ^~~~~~
/<<PKGBUILDDIR>>/test/specexamples.h:115:13: warning: {anonymous}::ex2_14 defined but not used [-Wunused-variable]
 const char *ex2_14 =
             ^~~~~~
/<<PKGBUILDDIR>>/test/specexamples.h:109:13: warning: {anonymous}::ex2_13 defined but not used [-Wunused-variable]
 const char *ex2_13 =
             ^~~~~~
/<<PKGBUILDDIR>>/test/specexamples.h:99:13: warning: {anonymous}::ex2_12 defined but not used [-Wunused-variable]
 const char *ex2_12 =
             ^~~~~~
/<<PKGBUILDDIR>>/test/specexamples.h:88:13: warning: {anonymous}::ex2_11 defined but not used [-Wunused-variable]
 const char *ex2_11 =
             ^~~~~~
/<<PKGBUILDDIR>>/test/specexamples.h:78:13: warning: {anonymous}::ex2_10 defined but not used [-Wunused-variable]
 const char *ex2_10 =
             ^~~~~~
/<<PKGBUILDDIR>>/test/specexamples.h:68:13: warning: {anonymous}::ex2_9 defined but not used [-Wunused-variable]
 const char *ex2_9 =
             ^~~~~
/<<PKGBUILDDIR>>/test/specexamples.h:56:13: warning: {anonymous}::ex2_8 defined but not used [-Wunused-variable]
 const char *ex2_8 =
             ^~~~~
/<<PKGBUILDDIR>>/test/specexamples.h:44:13: warning: {anonymous}::ex2_7 defined but not used [-Wunused-variable]
 const char *ex2_7 =
             ^~~~~
/<<PKGBUILDDIR>>/test/specexamples.h:37:13: warning: {anonymous}::ex2_6 defined but not used [-Wunused-variable]
 const char *ex2_6 =
             ^~~~~
/<<PKGBUILDDIR>>/test/specexamples.h:32:13: warning: {anonymous}::ex2_5 defined but not used [-Wunused-variable]
 const char *ex2_5 =
             ^~~~~
/<<PKGBUILDDIR>>/test/specexamples.h:22:13: warning: {anonymous}::ex2_4 defined but not used [-Wunused-variable]
 const char *ex2_4 =
             ^~~~~
/<<PKGBUILDDIR>>/test/specexamples.h:12:13: warning: {anonymous}::ex2_3 defined but not used [-Wunused-variable]
 const char *ex2_3 =
             ^~~~~
/<<PKGBUILDDIR>>/test/specexamples.h:7:13: warning: {anonymous}::ex2_2 defined but not used [-Wunused-variable]
 const char *ex2_2 =
             ^~~~~
/<<PKGBUILDDIR>>/test/specexamples.h:2:13: warning: {anonymous}::ex2_1 defined but not used [-Wunused-variable]
 const char *ex2_1 =
             ^~~~~
/<<PKGBUILDDIR>>/test/integration/gen_emitter_test.cpp: In function void __static_initialization_and_destruction_0(int, int):
/<<PKGBUILDDIR>>/test/integration/gen_emitter_test.cpp:9759:1: note: variable tracking size limit exceeded with -fvar-tracking-assignments, retrying without
 }
 ^
[100%] Linking CXX executable run-tests
cd /<<PKGBUILDDIR>>/build-shared/test && /usr/bin/cmake -E cmake_link_script CMakeFiles/run-tests.dir/link.txt --verbose=1
/usr/lib/ccache/c++  -g -O2 -fdebug-prefix-map=/<<PKGBUILDDIR>>=. -fstack-protector-strong -Wformat -Werror=format-security -O2  -Wl,-z,relro -rdynamic CMakeFiles/run-tests.dir/integration/emitter_test.cpp.o CMakeFiles/run-tests.dir/integration/encoding_test.cpp.o CMakeFiles/run-tests.dir/integration/gen_emitter_test.cpp.o CMakeFiles/run-tests.dir/integration/handler_spec_test.cpp.o CMakeFiles/run-tests.dir/integration/handler_test.cpp.o CMakeFiles/run-tests.dir/integration/load_node_test.cpp.o CMakeFiles/run-tests.dir/integration/node_spec_test.cpp.o CMakeFiles/run-tests.dir/main.cpp.o CMakeFiles/run-tests.dir/node/node_test.cpp.o CMakeFiles/run-tests.dir/ostream_wrapper_test.cpp.o CMakeFiles/run-tests.dir/regex_test.cpp.o  -o run-tests -Wl,-rpath,/<<PKGBUILDDIR>>/build-shared:/<<PKGBUILDDIR>>/build-shared/test/gtest-1.8.0/googlemock ../libyaml-cpp.so.0.6.2 gtest-1.8.0/googlemock/libgmock.so -lpthread 
make[4]: Leaving directory '/<<PKGBUILDDIR>>/build-shared'
[100%] Built target run-tests
make[3]: Leaving directory '/<<PKGBUILDDIR>>/build-shared'
/usr/bin/cmake -E cmake_progress_start /<<PKGBUILDDIR>>/build-shared/CMakeFiles 0
make[2]: Leaving directory '/<<PKGBUILDDIR>>/build-shared'
# It might make sense to also provide the utils in a separate package
# /usr/bin/make -C build-shared util
make[1]: Leaving directory '/<<PKGBUILDDIR>>'
   debian/rules override_dh_auto_test
make[1]: Entering directory '/<<PKGBUILDDIR>>'
/usr/bin/make -C build-static test
make[2]: Entering directory '/<<PKGBUILDDIR>>/build-static'
Running tests...
Test project /<<PKGBUILDDIR>>/build-static
    Start 1: yaml-test
1/1 Test #1: yaml-test ........................   Passed    0.29 sec

100% tests passed, 0 tests failed out of 1

Total Test time (real) =   0.30 sec
make[2]: Leaving directory '/<<PKGBUILDDIR>>/build-static'
/usr/bin/make -C build-shared test
make[2]: Entering directory '/<<PKGBUILDDIR>>/build-shared'
Running tests...
Test project /<<PKGBUILDDIR>>/build-shared
    Start 1: yaml-test
1/1 Test #1: yaml-test ........................   Passed    0.30 sec

100% tests passed, 0 tests failed out of 1

Total Test time (real) =   0.31 sec
make[2]: Leaving directory '/<<PKGBUILDDIR>>/build-shared'
make[1]: Leaving directory '/<<PKGBUILDDIR>>'
   create-stamp debian/debhelper-build-stamp
 fakeroot debian/rules binary-arch
dh binary-arch
   dh_testroot -a
   dh_prep -a
   debian/rules override_dh_auto_install
make[1]: Entering directory '/<<PKGBUILDDIR>>'
dh_testdir
dh_prep
/usr/bin/make -C build-static install DESTDIR=/<<PKGBUILDDIR>>/debian/tmp
make[2]: Entering directory '/<<PKGBUILDDIR>>/build-static'
make[3]: Entering directory '/<<PKGBUILDDIR>>/build-static'
make[4]: Entering directory '/<<PKGBUILDDIR>>/build-static'
make[4]: Entering directory '/<<PKGBUILDDIR>>/build-static'
make[4]: Entering directory '/<<PKGBUILDDIR>>/build-static'
make[4]: Entering directory '/<<PKGBUILDDIR>>/build-static'
make[4]: Leaving directory '/<<PKGBUILDDIR>>/build-static'
make[4]: Leaving directory '/<<PKGBUILDDIR>>/build-static'
make[4]: Leaving directory '/<<PKGBUILDDIR>>/build-static'
make[4]: Leaving directory '/<<PKGBUILDDIR>>/build-static'
[  3%] Built target gtest
make[4]: Entering directory '/<<PKGBUILDDIR>>/build-static'
[ 10%] Built target gmock_main
[ 15%] Built target gmock
[ 66%] Built target yaml-cpp
make[4]: Entering directory '/<<PKGBUILDDIR>>/build-static'
make[4]: Entering directory '/<<PKGBUILDDIR>>/build-static'
make[4]: Entering directory '/<<PKGBUILDDIR>>/build-static'
make[4]: Entering directory '/<<PKGBUILDDIR>>/build-static'
make[4]: Leaving directory '/<<PKGBUILDDIR>>/build-static'
make[4]: Leaving directory '/<<PKGBUILDDIR>>/build-static'
make[4]: Leaving directory '/<<PKGBUILDDIR>>/build-static'
make[4]: Leaving directory '/<<PKGBUILDDIR>>/build-static'
make[4]: Leaving directory '/<<PKGBUILDDIR>>/build-static'
[ 70%] Built target gtest_main
[ 73%] Built target parse
[ 76%] Built target read
[ 80%] Built target sandbox
[100%] Built target run-tests
make[3]: Leaving directory '/<<PKGBUILDDIR>>/build-static'
Install the project...
-- Install configuration: "Release"
-- Installing: /<<PKGBUILDDIR>>/debian/tmp/usr/lib/arm-linux-gnueabihf/libyaml-cpp.a
-- Installing: /<<PKGBUILDDIR>>/debian/tmp/usr/include/yaml-cpp
-- Installing: /<<PKGBUILDDIR>>/debian/tmp/usr/include/yaml-cpp/null.h
-- Installing: /<<PKGBUILDDIR>>/debian/tmp/usr/include/yaml-cpp/emittermanip.h
-- Installing: /<<PKGBUILDDIR>>/debian/tmp/usr/include/yaml-cpp/node
-- Installing: /<<PKGBUILDDIR>>/debian/tmp/usr/include/yaml-cpp/node/convert.h
-- Installing: /<<PKGBUILDDIR>>/debian/tmp/usr/include/yaml-cpp/node/node.h
-- Installing: /<<PKGBUILDDIR>>/debian/tmp/usr/include/yaml-cpp/node/iterator.h
-- Installing: /<<PKGBUILDDIR>>/debian/tmp/usr/include/yaml-cpp/node/impl.h
-- Installing: /<<PKGBUILDDIR>>/debian/tmp/usr/include/yaml-cpp/node/type.h
-- Installing: /<<PKGBUILDDIR>>/debian/tmp/usr/include/yaml-cpp/node/ptr.h
-- Installing: /<<PKGBUILDDIR>>/debian/tmp/usr/include/yaml-cpp/node/emit.h
-- Installing: /<<PKGBUILDDIR>>/debian/tmp/usr/include/yaml-cpp/node/detail
-- Installing: /<<PKGBUILDDIR>>/debian/tmp/usr/include/yaml-cpp/node/detail/node.h
-- Installing: /<<PKGBUILDDIR>>/debian/tmp/usr/include/yaml-cpp/node/detail/iterator.h
-- Installing: /<<PKGBUILDDIR>>/debian/tmp/usr/include/yaml-cpp/node/detail/impl.h
-- Installing: /<<PKGBUILDDIR>>/debian/tmp/usr/include/yaml-cpp/node/detail/node_ref.h
-- Installing: /<<PKGBUILDDIR>>/debian/tmp/usr/include/yaml-cpp/node/detail/node_iterator.h
-- Installing: /<<PKGBUILDDIR>>/debian/tmp/usr/include/yaml-cpp/node/detail/iterator_fwd.h
-- Installing: /<<PKGBUILDDIR>>/debian/tmp/usr/include/yaml-cpp/node/detail/memory.h
-- Installing: /<<PKGBUILDDIR>>/debian/tmp/usr/include/yaml-cpp/node/detail/bool_type.h
-- Installing: /<<PKGBUILDDIR>>/debian/tmp/usr/include/yaml-cpp/node/detail/node_data.h
-- Installing: /<<PKGBUILDDIR>>/debian/tmp/usr/include/yaml-cpp/node/parse.h
-- Installing: /<<PKGBUILDDIR>>/debian/tmp/usr/include/yaml-cpp/yaml.h
-- Installing: /<<PKGBUILDDIR>>/debian/tmp/usr/include/yaml-cpp/mark.h
-- Installing: /<<PKGBUILDDIR>>/debian/tmp/usr/include/yaml-cpp/noncopyable.h
-- Installing: /<<PKGBUILDDIR>>/debian/tmp/usr/include/yaml-cpp/traits.h
-- Installing: /<<PKGBUILDDIR>>/debian/tmp/usr/include/yaml-cpp/eventhandler.h
-- Installing: /<<PKGBUILDDIR>>/debian/tmp/usr/include/yaml-cpp/binary.h
-- Installing: /<<PKGBUILDDIR>>/debian/tmp/usr/include/yaml-cpp/anchor.h
-- Installing: /<<PKGBUILDDIR>>/debian/tmp/usr/include/yaml-cpp/contrib
-- Installing: /<<PKGBUILDDIR>>/debian/tmp/usr/include/yaml-cpp/contrib/graphbuilder.h
-- Installing: /<<PKGBUILDDIR>>/debian/tmp/usr/include/yaml-cpp/contrib/anchordict.h
-- Installing: /<<PKGBUILDDIR>>/debian/tmp/usr/include/yaml-cpp/exceptions.h
-- Installing: /<<PKGBUILDDIR>>/debian/tmp/usr/include/yaml-cpp/stlemitter.h
-- Installing: /<<PKGBUILDDIR>>/debian/tmp/usr/include/yaml-cpp/emitter.h
-- Installing: /<<PKGBUILDDIR>>/debian/tmp/usr/include/yaml-cpp/parser.h
-- Installing: /<<PKGBUILDDIR>>/debian/tmp/usr/include/yaml-cpp/emitfromevents.h
-- Installing: /<<PKGBUILDDIR>>/debian/tmp/usr/include/yaml-cpp/ostream_wrapper.h
-- Installing: /<<PKGBUILDDIR>>/debian/tmp/usr/include/yaml-cpp/dll.h
-- Installing: /<<PKGBUILDDIR>>/debian/tmp/usr/include/yaml-cpp/emitterstyle.h
-- Installing: /<<PKGBUILDDIR>>/debian/tmp/usr/include/yaml-cpp/emitterdef.h
-- Installing: /<<PKGBUILDDIR>>/debian/tmp/usr/lib/arm-linux-gnueabihf/cmake/yaml-cpp/yaml-cpp-config.cmake
-- Installing: /<<PKGBUILDDIR>>/debian/tmp/usr/lib/arm-linux-gnueabihf/cmake/yaml-cpp/yaml-cpp-config-version.cmake
-- Installing: /<<PKGBUILDDIR>>/debian/tmp/usr/lib/arm-linux-gnueabihf/cmake/yaml-cpp/yaml-cpp-targets.cmake
-- Installing: /<<PKGBUILDDIR>>/debian/tmp/usr/lib/arm-linux-gnueabihf/cmake/yaml-cpp/yaml-cpp-targets-release.cmake
-- Installing: /<<PKGBUILDDIR>>/debian/tmp/usr/lib/arm-linux-gnueabihf/pkgconfig/yaml-cpp.pc
-- Installing: /<<PKGBUILDDIR>>/debian/tmp/usr/lib/libgmock.a
-- Installing: /<<PKGBUILDDIR>>/debian/tmp/usr/lib/libgmock_main.a
-- Installing: /<<PKGBUILDDIR>>/debian/tmp/usr/include/gmock
-- Installing: /<<PKGBUILDDIR>>/debian/tmp/usr/include/gmock/gmock-more-matchers.h
-- Installing: /<<PKGBUILDDIR>>/debian/tmp/usr/include/gmock/gmock-actions.h
-- Installing: /<<PKGBUILDDIR>>/debian/tmp/usr/include/gmock/gmock-more-actions.h
-- Installing: /<<PKGBUILDDIR>>/debian/tmp/usr/include/gmock/gmock.h
-- Installing: /<<PKGBUILDDIR>>/debian/tmp/usr/include/gmock/gmock-generated-function-mockers.h
-- Installing: /<<PKGBUILDDIR>>/debian/tmp/usr/include/gmock/gmock-generated-nice-strict.h.pump
-- Installing: /<<PKGBUILDDIR>>/debian/tmp/usr/include/gmock/gmock-generated-actions.h.pump
-- Installing: /<<PKGBUILDDIR>>/debian/tmp/usr/include/gmock/gmock-generated-matchers.h
-- Installing: /<<PKGBUILDDIR>>/debian/tmp/usr/include/gmock/gmock-cardinalities.h
-- Installing: /<<PKGBUILDDIR>>/debian/tmp/usr/include/gmock/gmock-generated-nice-strict.h
-- Installing: /<<PKGBUILDDIR>>/debian/tmp/usr/include/gmock/gmock-generated-function-mockers.h.pump
-- Installing: /<<PKGBUILDDIR>>/debian/tmp/usr/include/gmock/gmock-matchers.h
-- Installing: /<<PKGBUILDDIR>>/debian/tmp/usr/include/gmock/gmock-spec-builders.h
-- Installing: /<<PKGBUILDDIR>>/debian/tmp/usr/include/gmock/gmock-generated-matchers.h.pump
-- Installing: /<<PKGBUILDDIR>>/debian/tmp/usr/include/gmock/gmock-generated-actions.h
-- Installing: /<<PKGBUILDDIR>>/debian/tmp/usr/include/gmock/internal
-- Installing: /<<PKGBUILDDIR>>/debian/tmp/usr/include/gmock/internal/gmock-port.h
-- Installing: /<<PKGBUILDDIR>>/debian/tmp/usr/include/gmock/internal/gmock-generated-internal-utils.h.pump
-- Installing: /<<PKGBUILDDIR>>/debian/tmp/usr/include/gmock/internal/gmock-internal-utils.h
-- Installing: /<<PKGBUILDDIR>>/debian/tmp/usr/include/gmock/internal/gmock-generated-internal-utils.h
-- Installing: /<<PKGBUILDDIR>>/debian/tmp/usr/include/gmock/internal/custom
-- Installing: /<<PKGBUILDDIR>>/debian/tmp/usr/include/gmock/internal/custom/gmock-port.h
-- Installing: /<<PKGBUILDDIR>>/debian/tmp/usr/include/gmock/internal/custom/gmock-generated-actions.h.pump
-- Installing: /<<PKGBUILDDIR>>/debian/tmp/usr/include/gmock/internal/custom/gmock-matchers.h
-- Installing: /<<PKGBUILDDIR>>/debian/tmp/usr/include/gmock/internal/custom/gmock-generated-actions.h
-- Installing: /<<PKGBUILDDIR>>/debian/tmp/usr/lib/libgtest.a
-- Installing: /<<PKGBUILDDIR>>/debian/tmp/usr/lib/libgtest_main.a
-- Installing: /<<PKGBUILDDIR>>/debian/tmp/usr/include/gtest
-- Installing: /<<PKGBUILDDIR>>/debian/tmp/usr/include/gtest/gtest-death-test.h
-- Installing: /<<PKGBUILDDIR>>/debian/tmp/usr/include/gtest/gtest-param-test.h.pump
-- Installing: /<<PKGBUILDDIR>>/debian/tmp/usr/include/gtest/gtest-spi.h
-- Installing: /<<PKGBUILDDIR>>/debian/tmp/usr/include/gtest/gtest-printers.h
-- Installing: /<<PKGBUILDDIR>>/debian/tmp/usr/include/gtest/gtest_prod.h
-- Installing: /<<PKGBUILDDIR>>/debian/tmp/usr/include/gtest/gtest.h
-- Installing: /<<PKGBUILDDIR>>/debian/tmp/usr/include/gtest/gtest_pred_impl.h
-- Installing: /<<PKGBUILDDIR>>/debian/tmp/usr/include/gtest/gtest-message.h
-- Installing: /<<PKGBUILDDIR>>/debian/tmp/usr/include/gtest/gtest-typed-test.h
-- Installing: /<<PKGBUILDDIR>>/debian/tmp/usr/include/gtest/gtest-test-part.h
-- Installing: /<<PKGBUILDDIR>>/debian/tmp/usr/include/gtest/internal
-- Installing: /<<PKGBUILDDIR>>/debian/tmp/usr/include/gtest/internal/gtest-string.h
-- Installing: /<<PKGBUILDDIR>>/debian/tmp/usr/include/gtest/internal/gtest-internal.h
-- Installing: /<<PKGBUILDDIR>>/debian/tmp/usr/include/gtest/internal/gtest-filepath.h
-- Installing: /<<PKGBUILDDIR>>/debian/tmp/usr/include/gtest/internal/gtest-param-util-generated.h
-- Installing: /<<PKGBUILDDIR>>/debian/tmp/usr/include/gtest/internal/gtest-linked_ptr.h
-- Installing: /<<PKGBUILDDIR>>/debian/tmp/usr/include/gtest/internal/gtest-port-arch.h
-- Installing: /<<PKGBUILDDIR>>/debian/tmp/usr/include/gtest/internal/gtest-param-util.h
-- Installing: /<<PKGBUILDDIR>>/debian/tmp/usr/include/gtest/internal/gtest-type-util.h.pump
-- Installing: /<<PKGBUILDDIR>>/debian/tmp/usr/include/gtest/internal/gtest-type-util.h
-- Installing: /<<PKGBUILDDIR>>/debian/tmp/usr/include/gtest/internal/gtest-tuple.h
-- Installing: /<<PKGBUILDDIR>>/debian/tmp/usr/include/gtest/internal/gtest-param-util-generated.h.pump
-- Installing: /<<PKGBUILDDIR>>/debian/tmp/usr/include/gtest/internal/gtest-tuple.h.pump
-- Installing: /<<PKGBUILDDIR>>/debian/tmp/usr/include/gtest/internal/gtest-port.h
-- Installing: /<<PKGBUILDDIR>>/debian/tmp/usr/include/gtest/internal/gtest-death-test-internal.h
-- Installing: /<<PKGBUILDDIR>>/debian/tmp/usr/include/gtest/internal/custom
-- Installing: /<<PKGBUILDDIR>>/debian/tmp/usr/include/gtest/internal/custom/gtest-printers.h
-- Installing: /<<PKGBUILDDIR>>/debian/tmp/usr/include/gtest/internal/custom/gtest.h
-- Installing: /<<PKGBUILDDIR>>/debian/tmp/usr/include/gtest/internal/custom/gtest-port.h
-- Installing: /<<PKGBUILDDIR>>/debian/tmp/usr/include/gtest/gtest-param-test.h
make[2]: Leaving directory '/<<PKGBUILDDIR>>/build-static'
/usr/bin/make -C build-shared install DESTDIR=/<<PKGBUILDDIR>>/debian/tmp
make[2]: Entering directory '/<<PKGBUILDDIR>>/build-shared'
make[3]: Entering directory '/<<PKGBUILDDIR>>/build-shared'
make[4]: Entering directory '/<<PKGBUILDDIR>>/build-shared'
make[4]: Entering directory '/<<PKGBUILDDIR>>/build-shared'
make[4]: Entering directory '/<<PKGBUILDDIR>>/build-shared'
make[4]: Entering directory '/<<PKGBUILDDIR>>/build-shared'
make[4]: Leaving directory '/<<PKGBUILDDIR>>/build-shared'
make[4]: Leaving directory '/<<PKGBUILDDIR>>/build-shared'
make[4]: Leaving directory '/<<PKGBUILDDIR>>/build-shared'
make[4]: Leaving directory '/<<PKGBUILDDIR>>/build-shared'
[  5%] Built target gmock
[ 11%] Built target gmock_main
[ 15%] Built target gtest
make[4]: Entering directory '/<<PKGBUILDDIR>>/build-shared'
[ 66%] Built target yaml-cpp
make[4]: Entering directory '/<<PKGBUILDDIR>>/build-shared'
make[4]: Entering directory '/<<PKGBUILDDIR>>/build-shared'
make[4]: Entering directory '/<<PKGBUILDDIR>>/build-shared'
make[4]: Entering directory '/<<PKGBUILDDIR>>/build-shared'
make[4]: Leaving directory '/<<PKGBUILDDIR>>/build-shared'
make[4]: Leaving directory '/<<PKGBUILDDIR>>/build-shared'
make[4]: Leaving directory '/<<PKGBUILDDIR>>/build-shared'
make[4]: Leaving directory '/<<PKGBUILDDIR>>/build-shared'
[ 70%] Built target gtest_main
make[4]: Leaving directory '/<<PKGBUILDDIR>>/build-shared'
[ 73%] Built target parse
[ 76%] Built target read
[ 80%] Built target sandbox
[100%] Built target run-tests
make[3]: Leaving directory '/<<PKGBUILDDIR>>/build-shared'
Install the project...
-- Install configuration: "Release"
-- Installing: /<<PKGBUILDDIR>>/debian/tmp/usr/lib/arm-linux-gnueabihf/libyaml-cpp.so.0.6.2
-- Installing: /<<PKGBUILDDIR>>/debian/tmp/usr/lib/arm-linux-gnueabihf/libyaml-cpp.so.0.6
-- Installing: /<<PKGBUILDDIR>>/debian/tmp/usr/lib/arm-linux-gnueabihf/libyaml-cpp.so
-- Up-to-date: /<<PKGBUILDDIR>>/debian/tmp/usr/include/yaml-cpp
-- Up-to-date: /<<PKGBUILDDIR>>/debian/tmp/usr/include/yaml-cpp/null.h
-- Up-to-date: /<<PKGBUILDDIR>>/debian/tmp/usr/include/yaml-cpp/emittermanip.h
-- Up-to-date: /<<PKGBUILDDIR>>/debian/tmp/usr/include/yaml-cpp/node
-- Up-to-date: /<<PKGBUILDDIR>>/debian/tmp/usr/include/yaml-cpp/node/convert.h
-- Up-to-date: /<<PKGBUILDDIR>>/debian/tmp/usr/include/yaml-cpp/node/node.h
-- Up-to-date: /<<PKGBUILDDIR>>/debian/tmp/usr/include/yaml-cpp/node/iterator.h
-- Up-to-date: /<<PKGBUILDDIR>>/debian/tmp/usr/include/yaml-cpp/node/impl.h
-- Up-to-date: /<<PKGBUILDDIR>>/debian/tmp/usr/include/yaml-cpp/node/type.h
-- Up-to-date: /<<PKGBUILDDIR>>/debian/tmp/usr/include/yaml-cpp/node/ptr.h
-- Up-to-date: /<<PKGBUILDDIR>>/debian/tmp/usr/include/yaml-cpp/node/emit.h
-- Up-to-date: /<<PKGBUILDDIR>>/debian/tmp/usr/include/yaml-cpp/node/detail
-- Up-to-date: /<<PKGBUILDDIR>>/debian/tmp/usr/include/yaml-cpp/node/detail/node.h
-- Up-to-date: /<<PKGBUILDDIR>>/debian/tmp/usr/include/yaml-cpp/node/detail/iterator.h
-- Up-to-date: /<<PKGBUILDDIR>>/debian/tmp/usr/include/yaml-cpp/node/detail/impl.h
-- Up-to-date: /<<PKGBUILDDIR>>/debian/tmp/usr/include/yaml-cpp/node/detail/node_ref.h
-- Up-to-date: /<<PKGBUILDDIR>>/debian/tmp/usr/include/yaml-cpp/node/detail/node_iterator.h
-- Up-to-date: /<<PKGBUILDDIR>>/debian/tmp/usr/include/yaml-cpp/node/detail/iterator_fwd.h
-- Up-to-date: /<<PKGBUILDDIR>>/debian/tmp/usr/include/yaml-cpp/node/detail/memory.h
-- Up-to-date: /<<PKGBUILDDIR>>/debian/tmp/usr/include/yaml-cpp/node/detail/bool_type.h
-- Up-to-date: /<<PKGBUILDDIR>>/debian/tmp/usr/include/yaml-cpp/node/detail/node_data.h
-- Up-to-date: /<<PKGBUILDDIR>>/debian/tmp/usr/include/yaml-cpp/node/parse.h
-- Up-to-date: /<<PKGBUILDDIR>>/debian/tmp/usr/include/yaml-cpp/yaml.h
-- Up-to-date: /<<PKGBUILDDIR>>/debian/tmp/usr/include/yaml-cpp/mark.h
-- Up-to-date: /<<PKGBUILDDIR>>/debian/tmp/usr/include/yaml-cpp/noncopyable.h
-- Up-to-date: /<<PKGBUILDDIR>>/debian/tmp/usr/include/yaml-cpp/traits.h
-- Up-to-date: /<<PKGBUILDDIR>>/debian/tmp/usr/include/yaml-cpp/eventhandler.h
-- Up-to-date: /<<PKGBUILDDIR>>/debian/tmp/usr/include/yaml-cpp/binary.h
-- Up-to-date: /<<PKGBUILDDIR>>/debian/tmp/usr/include/yaml-cpp/anchor.h
-- Up-to-date: /<<PKGBUILDDIR>>/debian/tmp/usr/include/yaml-cpp/contrib
-- Up-to-date: /<<PKGBUILDDIR>>/debian/tmp/usr/include/yaml-cpp/contrib/graphbuilder.h
-- Up-to-date: /<<PKGBUILDDIR>>/debian/tmp/usr/include/yaml-cpp/contrib/anchordict.h
-- Up-to-date: /<<PKGBUILDDIR>>/debian/tmp/usr/include/yaml-cpp/exceptions.h
-- Up-to-date: /<<PKGBUILDDIR>>/debian/tmp/usr/include/yaml-cpp/stlemitter.h
-- Up-to-date: /<<PKGBUILDDIR>>/debian/tmp/usr/include/yaml-cpp/emitter.h
-- Up-to-date: /<<PKGBUILDDIR>>/debian/tmp/usr/include/yaml-cpp/parser.h
-- Up-to-date: /<<PKGBUILDDIR>>/debian/tmp/usr/include/yaml-cpp/emitfromevents.h
-- Up-to-date: /<<PKGBUILDDIR>>/debian/tmp/usr/include/yaml-cpp/ostream_wrapper.h
-- Up-to-date: /<<PKGBUILDDIR>>/debian/tmp/usr/include/yaml-cpp/dll.h
-- Up-to-date: /<<PKGBUILDDIR>>/debian/tmp/usr/include/yaml-cpp/emitterstyle.h
-- Up-to-date: /<<PKGBUILDDIR>>/debian/tmp/usr/include/yaml-cpp/emitterdef.h
-- Installing: /<<PKGBUILDDIR>>/debian/tmp/usr/lib/arm-linux-gnueabihf/cmake/yaml-cpp/yaml-cpp-config.cmake
-- Installing: /<<PKGBUILDDIR>>/debian/tmp/usr/lib/arm-linux-gnueabihf/cmake/yaml-cpp/yaml-cpp-config-version.cmake
-- Old export file "/<<PKGBUILDDIR>>/debian/tmp/usr/lib/arm-linux-gnueabihf/cmake/yaml-cpp/yaml-cpp-targets.cmake" will be replaced.  Removing files [/<<PKGBUILDDIR>>/debian/tmp/usr/lib/arm-linux-gnueabihf/cmake/yaml-cpp/yaml-cpp-targets-release.cmake].
-- Installing: /<<PKGBUILDDIR>>/debian/tmp/usr/lib/arm-linux-gnueabihf/cmake/yaml-cpp/yaml-cpp-targets.cmake
-- Installing: /<<PKGBUILDDIR>>/debian/tmp/usr/lib/arm-linux-gnueabihf/cmake/yaml-cpp/yaml-cpp-targets-release.cmake
-- Installing: /<<PKGBUILDDIR>>/debian/tmp/usr/lib/arm-linux-gnueabihf/pkgconfig/yaml-cpp.pc
-- Installing: /<<PKGBUILDDIR>>/debian/tmp/usr/lib/libgmock.so
-- Installing: /<<PKGBUILDDIR>>/debian/tmp/usr/lib/libgmock_main.so
-- Up-to-date: /<<PKGBUILDDIR>>/debian/tmp/usr/include/gmock
-- Up-to-date: /<<PKGBUILDDIR>>/debian/tmp/usr/include/gmock/gmock-more-matchers.h
-- Up-to-date: /<<PKGBUILDDIR>>/debian/tmp/usr/include/gmock/gmock-actions.h
-- Up-to-date: /<<PKGBUILDDIR>>/debian/tmp/usr/include/gmock/gmock-more-actions.h
-- Up-to-date: /<<PKGBUILDDIR>>/debian/tmp/usr/include/gmock/gmock.h
-- Up-to-date: /<<PKGBUILDDIR>>/debian/tmp/usr/include/gmock/gmock-generated-function-mockers.h
-- Up-to-date: /<<PKGBUILDDIR>>/debian/tmp/usr/include/gmock/gmock-generated-nice-strict.h.pump
-- Up-to-date: /<<PKGBUILDDIR>>/debian/tmp/usr/include/gmock/gmock-generated-actions.h.pump
-- Up-to-date: /<<PKGBUILDDIR>>/debian/tmp/usr/include/gmock/gmock-generated-matchers.h
-- Up-to-date: /<<PKGBUILDDIR>>/debian/tmp/usr/include/gmock/gmock-cardinalities.h
-- Up-to-date: /<<PKGBUILDDIR>>/debian/tmp/usr/include/gmock/gmock-generated-nice-strict.h
-- Up-to-date: /<<PKGBUILDDIR>>/debian/tmp/usr/include/gmock/gmock-generated-function-mockers.h.pump
-- Up-to-date: /<<PKGBUILDDIR>>/debian/tmp/usr/include/gmock/gmock-matchers.h
-- Up-to-date: /<<PKGBUILDDIR>>/debian/tmp/usr/include/gmock/gmock-spec-builders.h
-- Up-to-date: /<<PKGBUILDDIR>>/debian/tmp/usr/include/gmock/gmock-generated-matchers.h.pump
-- Up-to-date: /<<PKGBUILDDIR>>/debian/tmp/usr/include/gmock/gmock-generated-actions.h
-- Up-to-date: /<<PKGBUILDDIR>>/debian/tmp/usr/include/gmock/internal
-- Up-to-date: /<<PKGBUILDDIR>>/debian/tmp/usr/include/gmock/internal/gmock-port.h
-- Up-to-date: /<<PKGBUILDDIR>>/debian/tmp/usr/include/gmock/internal/gmock-generated-internal-utils.h.pump
-- Up-to-date: /<<PKGBUILDDIR>>/debian/tmp/usr/include/gmock/internal/gmock-internal-utils.h
-- Up-to-date: /<<PKGBUILDDIR>>/debian/tmp/usr/include/gmock/internal/gmock-generated-internal-utils.h
-- Up-to-date: /<<PKGBUILDDIR>>/debian/tmp/usr/include/gmock/internal/custom
-- Up-to-date: /<<PKGBUILDDIR>>/debian/tmp/usr/include/gmock/internal/custom/gmock-port.h
-- Up-to-date: /<<PKGBUILDDIR>>/debian/tmp/usr/include/gmock/internal/custom/gmock-generated-actions.h.pump
-- Up-to-date: /<<PKGBUILDDIR>>/debian/tmp/usr/include/gmock/internal/custom/gmock-matchers.h
-- Up-to-date: /<<PKGBUILDDIR>>/debian/tmp/usr/include/gmock/internal/custom/gmock-generated-actions.h
-- Installing: /<<PKGBUILDDIR>>/debian/tmp/usr/lib/libgtest.so
-- Set runtime path of "/<<PKGBUILDDIR>>/debian/tmp/usr/lib/libgtest.so" to ""
-- Installing: /<<PKGBUILDDIR>>/debian/tmp/usr/lib/libgtest_main.so
-- Set runtime path of "/<<PKGBUILDDIR>>/debian/tmp/usr/lib/libgtest_main.so" to ""
-- Up-to-date: /<<PKGBUILDDIR>>/debian/tmp/usr/include/gtest
-- Up-to-date: /<<PKGBUILDDIR>>/debian/tmp/usr/include/gtest/gtest-death-test.h
-- Up-to-date: /<<PKGBUILDDIR>>/debian/tmp/usr/include/gtest/gtest-param-test.h.pump
-- Up-to-date: /<<PKGBUILDDIR>>/debian/tmp/usr/include/gtest/gtest-spi.h
-- Up-to-date: /<<PKGBUILDDIR>>/debian/tmp/usr/include/gtest/gtest-printers.h
-- Up-to-date: /<<PKGBUILDDIR>>/debian/tmp/usr/include/gtest/gtest_prod.h
-- Up-to-date: /<<PKGBUILDDIR>>/debian/tmp/usr/include/gtest/gtest.h
-- Up-to-date: /<<PKGBUILDDIR>>/debian/tmp/usr/include/gtest/gtest_pred_impl.h
-- Up-to-date: /<<PKGBUILDDIR>>/debian/tmp/usr/include/gtest/gtest-message.h
-- Up-to-date: /<<PKGBUILDDIR>>/debian/tmp/usr/include/gtest/gtest-typed-test.h
-- Up-to-date: /<<PKGBUILDDIR>>/debian/tmp/usr/include/gtest/gtest-test-part.h
-- Up-to-date: /<<PKGBUILDDIR>>/debian/tmp/usr/include/gtest/internal
-- Up-to-date: /<<PKGBUILDDIR>>/debian/tmp/usr/include/gtest/internal/gtest-string.h
-- Up-to-date: /<<PKGBUILDDIR>>/debian/tmp/usr/include/gtest/internal/gtest-internal.h
-- Up-to-date: /<<PKGBUILDDIR>>/debian/tmp/usr/include/gtest/internal/gtest-filepath.h
-- Up-to-date: /<<PKGBUILDDIR>>/debian/tmp/usr/include/gtest/internal/gtest-param-util-generated.h
-- Up-to-date: /<<PKGBUILDDIR>>/debian/tmp/usr/include/gtest/internal/gtest-linked_ptr.h
-- Up-to-date: /<<PKGBUILDDIR>>/debian/tmp/usr/include/gtest/internal/gtest-port-arch.h
-- Up-to-date: /<<PKGBUILDDIR>>/debian/tmp/usr/include/gtest/internal/gtest-param-util.h
-- Up-to-date: /<<PKGBUILDDIR>>/debian/tmp/usr/include/gtest/internal/gtest-type-util.h.pump
-- Up-to-date: /<<PKGBUILDDIR>>/debian/tmp/usr/include/gtest/internal/gtest-type-util.h
-- Up-to-date: /<<PKGBUILDDIR>>/debian/tmp/usr/include/gtest/internal/gtest-tuple.h
-- Up-to-date: /<<PKGBUILDDIR>>/debian/tmp/usr/include/gtest/internal/gtest-param-util-generated.h.pump
-- Up-to-date: /<<PKGBUILDDIR>>/debian/tmp/usr/include/gtest/internal/gtest-tuple.h.pump
-- Up-to-date: /<<PKGBUILDDIR>>/debian/tmp/usr/include/gtest/internal/gtest-port.h
-- Up-to-date: /<<PKGBUILDDIR>>/debian/tmp/usr/include/gtest/internal/gtest-death-test-internal.h
-- Up-to-date: /<<PKGBUILDDIR>>/debian/tmp/usr/include/gtest/internal/custom
-- Up-to-date: /<<PKGBUILDDIR>>/debian/tmp/usr/include/gtest/internal/custom/gtest-printers.h
-- Up-to-date: /<<PKGBUILDDIR>>/debian/tmp/usr/include/gtest/internal/custom/gtest.h
-- Up-to-date: /<<PKGBUILDDIR>>/debian/tmp/usr/include/gtest/internal/custom/gtest-port.h
-- Up-to-date: /<<PKGBUILDDIR>>/debian/tmp/usr/include/gtest/gtest-param-test.h
make[2]: Leaving directory '/<<PKGBUILDDIR>>/build-shared'
make[1]: Leaving directory '/<<PKGBUILDDIR>>'
   dh_install -a
   dh_installdocs -a
   dh_installchangelogs -a
   dh_perl -a
   dh_link -a
   dh_strip_nondeterminism -a
   dh_compress -a
   dh_fixperms -a
   dh_missing -a
   dh_strip -a
arm-linux-gnueabihf-strip:debian/libyaml-cpp-dev/usr/lib/arm-linux-gnueabihf/libyaml-cpp.a(binary.cpp.o): Unable to recognise the format of file: file format not recognized
arm-linux-gnueabihf-strip:debian/libyaml-cpp-dev/usr/lib/arm-linux-gnueabihf/libyaml-cpp.a(graphbuilder.cpp.o): Unable to recognise the format of file: file format not recognized
arm-linux-gnueabihf-strip:debian/libyaml-cpp-dev/usr/lib/arm-linux-gnueabihf/libyaml-cpp.a(graphbuilderadapter.cpp.o): Unable to recognise the format of file: file format not recognized
arm-linux-gnueabihf-objcopy:debian/libyaml-cpp0.6/usr/lib/arm-linux-gnueabihf/libyaml-cpp.so.0.6.2: file format not recognized
dh_strip: arm-linux-gnueabihf-objcopy --only-keep-debug --compress-debug-sections debian/libyaml-cpp0.6/usr/lib/arm-linux-gnueabihf/libyaml-cpp.so.0.6.2 debian/.debhelper/libyaml-cpp0.6/dbgsym-root/usr/lib/debug/.build-id/b2/1bfdb972fafda52dbfee11e7190a6b7fd3153f.debug returned exit code 1
arm-linux-gnueabihf-strip:debian/libyaml-cpp-dev/usr/lib/arm-linux-gnueabihf/libyaml-cpp.a(convert.cpp.o): Unable to recognise the format of file: file format not recognized
arm-linux-gnueabihf-strip:debian/libyaml-cpp-dev/usr/lib/arm-linux-gnueabihf/libyaml-cpp.a(directives.cpp.o): Unable to recognise the format of file: file format not recognized
arm-linux-gnueabihf-strip:debian/libyaml-cpp-dev/usr/lib/arm-linux-gnueabihf/libyaml-cpp.a(emit.cpp.o): Unable to recognise the format of file: file format not recognized
arm-linux-gnueabihf-strip:debian/libyaml-cpp-dev/usr/lib/arm-linux-gnueabihf/libyaml-cpp.a(emitfromevents.cpp.o): Unable to recognise the format of file: file format not recognized
arm-linux-gnueabihf-strip:debian/libyaml-cpp-dev/usr/lib/arm-linux-gnueabihf/libyaml-cpp.a(emitter.cpp.o): Unable to recognise the format of file: file format not recognized
arm-linux-gnueabihf-strip:debian/libyaml-cpp-dev/usr/lib/arm-linux-gnueabihf/libyaml-cpp.a(emitterstate.cpp.o): Unable to recognise the format of file: file format not recognized
arm-linux-gnueabihf-strip:debian/libyaml-cpp-dev/usr/lib/arm-linux-gnueabihf/libyaml-cpp.a(emitterutils.cpp.o): Unable to recognise the format of file: file format not recognized
arm-linux-gnueabihf-strip:debian/libyaml-cpp-dev/usr/lib/arm-linux-gnueabihf/libyaml-cpp.a(exceptions.cpp.o): Unable to recognise the format of file: file format not recognized
arm-linux-gnueabihf-strip:debian/libyaml-cpp-dev/usr/lib/arm-linux-gnueabihf/libyaml-cpp.a(exp.cpp.o): Unable to recognise the format of file: file format not recognized
arm-linux-gnueabihf-strip:debian/libyaml-cpp-dev/usr/lib/arm-linux-gnueabihf/libyaml-cpp.a(memory.cpp.o): Unable to recognise the format of file: file format not recognized
arm-linux-gnueabihf-strip:debian/libyaml-cpp-dev/usr/lib/arm-linux-gnueabihf/libyaml-cpp.a(node.cpp.o): Unable to recognise the format of file: file format not recognized
arm-linux-gnueabihf-strip:debian/libyaml-cpp-dev/usr/lib/arm-linux-gnueabihf/libyaml-cpp.a(node_data.cpp.o): Unable to recognise the format of file: file format not recognized
arm-linux-gnueabihf-strip:debian/libyaml-cpp-dev/usr/lib/arm-linux-gnueabihf/libyaml-cpp.a(nodebuilder.cpp.o): Unable to recognise the format of file: file format not recognized
arm-linux-gnueabihf-strip:debian/libyaml-cpp-dev/usr/lib/arm-linux-gnueabihf/libyaml-cpp.a(nodeevents.cpp.o): Unable to recognise the format of file: file format not recognized
arm-linux-gnueabihf-strip:debian/libyaml-cpp-dev/usr/lib/arm-linux-gnueabihf/libyaml-cpp.a(null.cpp.o): Unable to recognise the format of file: file format not recognized
arm-linux-gnueabihf-strip:debian/libyaml-cpp-dev/usr/lib/arm-linux-gnueabihf/libyaml-cpp.a(ostream_wrapper.cpp.o): Unable to recognise the format of file: file format not recognized
arm-linux-gnueabihf-strip:debian/libyaml-cpp-dev/usr/lib/arm-linux-gnueabihf/libyaml-cpp.a(parse.cpp.o): Unable to recognise the format of file: file format not recognized
arm-linux-gnueabihf-strip:debian/libyaml-cpp-dev/usr/lib/arm-linux-gnueabihf/libyaml-cpp.a(parser.cpp.o): Unable to recognise the format of file: file format not recognized
arm-linux-gnueabihf-strip:debian/libyaml-cpp-dev/usr/lib/arm-linux-gnueabihf/libyaml-cpp.a(regex_yaml.cpp.o): Unable to recognise the format of file: file format not recognized
arm-linux-gnueabihf-strip:debian/libyaml-cpp-dev/usr/lib/arm-linux-gnueabihf/libyaml-cpp.a(scanner.cpp.o): Unable to recognise the format of file: file format not recognized
arm-linux-gnueabihf-strip:debian/libyaml-cpp-dev/usr/lib/arm-linux-gnueabihf/libyaml-cpp.a(scanscalar.cpp.o): Unable to recognise the format of file: file format not recognized
arm-linux-gnueabihf-strip:debian/libyaml-cpp-dev/usr/lib/arm-linux-gnueabihf/libyaml-cpp.a(scantag.cpp.o): Unable to recognise the format of file: file format not recognized
arm-linux-gnueabihf-strip:debian/libyaml-cpp-dev/usr/lib/arm-linux-gnueabihf/libyaml-cpp.a(scantoken.cpp.o): Unable to recognise the format of file: file format not recognized
arm-linux-gnueabihf-strip:debian/libyaml-cpp-dev/usr/lib/arm-linux-gnueabihf/libyaml-cpp.a(simplekey.cpp.o): Unable to recognise the format of file: file format not recognized
arm-linux-gnueabihf-strip:debian/libyaml-cpp-dev/usr/lib/arm-linux-gnueabihf/libyaml-cpp.a(singledocparser.cpp.o): Unable to recognise the format of file: file format not recognized
arm-linux-gnueabihf-strip:debian/libyaml-cpp-dev/usr/lib/arm-linux-gnueabihf/libyaml-cpp.a(stream.cpp.o): Unable to recognise the format of file: file format not recognized
arm-linux-gnueabihf-strip:debian/libyaml-cpp-dev/usr/lib/arm-linux-gnueabihf/libyaml-cpp.a(tag.cpp.o): Unable to recognise the format of file: file format not recognized
dh_strip: Aborting due to earlier error
make: *** [debian/rules:70: binary-arch] Error 25
dpkg-buildpackage: error: fakeroot debian/rules binary-arch subprocess returned exit status 2
--------------------------------------------------------------------------------
Build finished at 2019-03-07T16:17:24Z

Finished
--------


+------------------------------------------------------------------------------+
| Cleanup                                                                      |
+------------------------------------------------------------------------------+

Purging /<<BUILDDIR>>
Reading package lists...
Building dependency tree...
Reading state information...
The following packages were automatically installed and are no longer required:
  libauthen-sasl-perl libdata-dump-perl libfont-afm-perl libhtml-form-perl
  libhtml-format-perl libhttp-daemon-perl libmailtools-perl
  libnet-smtp-ssl-perl libyaml-0-2 libyaml-libyaml-perl uuid-runtime
Use 'apt autoremove' to remove them.
0 upgraded, 0 newly installed, 0 to remove and 0 not upgraded.
Reading package lists...
Building dependency tree...
Reading state information...
The following packages were automatically installed and are no longer required:
  libauthen-sasl-perl libdata-dump-perl libfont-afm-perl libhtml-form-perl
  libhtml-format-perl libhttp-daemon-perl libmailtools-perl
  libnet-smtp-ssl-perl libyaml-0-2 libyaml-libyaml-perl uuid-runtime
Use 'apt autoremove' to remove them.
The following packages will be REMOVED:
  autoconf* automake* autopoint* autotools-dev* bsdmainutils* cmake*
  cmake-data* debhelper* dh-autoreconf* dh-strip-nondeterminism* dwz*
  gcc-8-base:armhf* gettext* gettext-base* groff-base* intltool-debian*
  libarchive-zip-perl* libarchive13* libasan5:armhf* libatomic1:armhf*
  libbsd0* libc6:armhf* libc6-dev:armhf* libcroco3* libcurl4* libelf1*
  libfile-stripnondeterminism-perl* libgcc-8-dev:armhf* libgcc1:armhf*
  libglib2.0-0* libgomp1:armhf* libgssapi-krb5-2* libjsoncpp1* libk5crypto3*
  libkeyutils1* libkrb5-3* libkrb5support0* libncurses6* libnghttp2-14*
  libpipeline1* libprocps7* libpsl5* librhash0* librtmp1* libsigsegv2*
  libssh2-1* libstdc++-8-dev:armhf* libstdc++6:armhf* libtool*
  libubsan1:armhf* libuchardet0* libuv1* linux-libc-dev:armhf* m4* man-db*
  po-debconf* procps* sbuild-build-depends-main-dummy:armhf*
0 upgraded, 0 newly installed, 58 to remove and 0 not upgraded.
After this operation, 110 MB disk space will be freed.
(Reading database ... 21884 files and directories currently installed.)
Removing sbuild-build-depends-main-dummy:armhf (0.invalid.0) ...
Removing cmake (3.13.4-1) ...
Removing cmake-data (3.13.4-1) ...
Removing libstdc++-8-dev:armhf (8.3.0-2) ...
Removing libgcc-8-dev:armhf (8.3.0-2) ...
Removing libubsan1:armhf (8.3.0-2) ...
Removing libasan5:armhf (8.3.0-2) ...
Removing libstdc++6:armhf (8.3.0-2) ...
Removing libarchive13:amd64 (3.3.3-4) ...
Removing libatomic1:armhf (8.3.0-2) ...
Removing libc6-dev:armhf (2.28-8) ...
Removing libgomp1:armhf (8.3.0-2) ...
Removing libcurl4:amd64 (7.64.0-1) ...
Removing libgssapi-krb5-2:amd64 (1.17-2) ...
Removing libjsoncpp1:amd64 (1.7.4-3) ...
Removing libkrb5-3:amd64 (1.17-2) ...
Removing libk5crypto3:amd64 (1.17-2) ...
Removing libkrb5support0:amd64 (1.17-2) ...
Removing libkeyutils1:amd64 (1.6-6) ...
Removing procps (2:3.3.15-2) ...
Removing libnghttp2-14:amd64 (1.36.0-2) ...
Removing libprocps7:amd64 (2:3.3.15-2) ...
Removing libpsl5:amd64 (0.20.2-2) ...
Removing librhash0:amd64 (1.3.8-1) ...
Removing librtmp1:amd64 (2.4+20151223.gitfa8646d.1-2) ...
Removing libssh2-1:amd64 (1.8.0-2) ...
Removing libuv1:amd64 (1.24.1-1) ...
Removing linux-libc-dev:armhf (4.19.20-1) ...
Removing libgcc1:armhf (1:8.3.0-2) ...
Removing debhelper (12.1.1) ...
Removing dh-strip-nondeterminism (1.1.1-1) ...
Removing man-db (2.8.5-2) ...
Removing bsdmainutils (11.1.2+b1) ...
Removing dwz (0.12-3) ...
Removing gcc-8-base:armhf (8.3.0-2) ...
Removing po-debconf (1.0.21) ...
Removing intltool-debian (0.35.0+20060710.5) ...
Removing gettext (0.19.8.1-9) ...
Removing gettext-base (0.19.8.1-9) ...
Removing groff-base (1.22.4-3) ...
Removing libfile-stripnondeterminism-perl (1.1.1-1) ...
Removing libarchive-zip-perl (1.64-1) ...
Removing libbsd0:amd64 (0.9.1-2) ...
Removing libc6:armhf (2.28-8) ...
Removing libcroco3:amd64 (0.6.12-3) ...
Removing libelf1:amd64 (0.176-1) ...
Removing libglib2.0-0:amd64 (2.58.3-1) ...
Removing libncurses6:amd64 (6.1+20181013-2) ...
Removing libpipeline1:amd64 (1.5.1-2) ...
Removing libuchardet0:amd64 (0.0.6-3) ...
Removing dh-autoreconf (19) ...
Removing automake (1:1.16.1-4) ...
Removing autoconf (2.69-11) ...
Removing autopoint (0.19.8.1-9) ...
Removing libtool (2.4.6-10) ...
Removing autotools-dev (20180224.1) ...
Removing m4 (1.4.18-2) ...
Removing libsigsegv2:amd64 (2.12-2) ...
Processing triggers for ccache (3.6-1) ...
Updating symlinks in /usr/lib/ccache ...
Processing triggers for libc-bin (2.28-8) ...
(Reading database ... 16475 files and directories currently installed.)
Purging configuration files for libglib2.0-0:amd64 (2.58.3-1) ...
Purging configuration files for man-db (2.8.5-2) ...
Purging configuration files for bsdmainutils (11.1.2+b1) ...
Purging configuration files for libgssapi-krb5-2:amd64 (1.17-2) ...
Purging configuration files for autoconf (2.69-11) ...
Purging configuration files for libc6:armhf (2.28-8) ...
Purging configuration files for groff-base (1.22.4-3) ...
Purging configuration files for procps (2:3.3.15-2) ...
Purging configuration files for cmake-data (3.13.4-1) ...
E: Build failure (dpkg-buildpackage died)

+------------------------------------------------------------------------------+
| Summary                                                                      |
+------------------------------------------------------------------------------+

Build Architecture: amd64
Build Profiles: cross nocheck
Build Type: any
Build-Space: n/a
Build-Time: 230
Distribution: unstable-amd64-sbuild
Fail-Stage: build
Foreign Architectures: armhf
Host Architecture: armhf
Install-Time: 8
Job: /home/build/sbuild-setup/repo/pool/main/y/yaml-cpp/yaml-cpp_0.6.2-4.dsc
Machine Architecture: amd64
Package: yaml-cpp
Package-Time: 242
Source-Version: 0.6.2-4
Space: n/a
Status: attempted
Version: 0.6.2-4
--------------------------------------------------------------------------------
Finished at 2019-03-07T16:17:24Z
Build needed 00:04:02, no disk space
