sbuild (Debian sbuild) 0.78.1 (09 February 2019) on 4be29f1fdf49

+==============================================================================+
| yap 6.2.2-6 (armhf)                          Wed, 03 Jul 2019 01:47:54 +0000 |
+==============================================================================+

Package: yap
Version: 6.2.2-6
Source Version: 6.2.2-6
Distribution: unstable-amd64-sbuild
Machine Architecture: amd64
Host Architecture: armhf
Build Architecture: amd64
Build Profiles: cross nocheck
Build Type: any

I: NOTICE: Log filtering will replace 'var/run/schroot/mount/unstable-amd64-sbuild-b58acd7d-5929-4d9f-b5f9-a8f7057af974' with '<<CHROOT>>'
I: NOTICE: Log filtering will replace 'build/yap-6clCrb/resolver-YHAywJ' with '<<RESOLVERDIR>>'

+------------------------------------------------------------------------------+
| Update chroot                                                                |
+------------------------------------------------------------------------------+

Hit:1 http://cdn-fastly.deb.debian.org/debian unstable InRelease
Reading package lists...
Reading package lists...
Building dependency tree...
Reading state information...
Calculating upgrade...
The following package was automatically installed and is no longer required:
  sensible-utils
Use 'apt autoremove' to remove it.
0 upgraded, 0 newly installed, 0 to remove and 0 not upgraded.

+------------------------------------------------------------------------------+
| Fetch source files                                                           |
+------------------------------------------------------------------------------+


Local sources
-------------

/home/build/sbuild-setup/repo/pool/main/y/yap/yap_6.2.2-6.dsc exists in /home/build/sbuild-setup/repo/pool/main/y/yap; copying to chroot
I: NOTICE: Log filtering will replace 'build/yap-6clCrb/yap-6.2.2' with '<<PKGBUILDDIR>>'
I: NOTICE: Log filtering will replace 'build/yap-6clCrb' with '<<BUILDDIR>>'

+------------------------------------------------------------------------------+
| Install package build dependencies                                           |
+------------------------------------------------------------------------------+


Setup apt archive
-----------------

Merged Build-Depends: debhelper (>= 5), autotools-dev, libreadline-dev, libgmp-dev, libncurses-dev, zlib1g-dev, texinfo, chrpath, build-essential:amd64, fakeroot:amd64, crossbuild-essential-armhf:amd64, libc-dev:armhf, libstdc++-dev:armhf
Filtered Build-Depends: debhelper (>= 5), autotools-dev, libreadline-dev, libgmp-dev, libncurses-dev, zlib1g-dev, texinfo, chrpath, build-essential:amd64, fakeroot:amd64, crossbuild-essential-armhf:amd64, libc-dev:armhf, libstdc++-dev:armhf
dpkg-deb: building package 'sbuild-build-depends-main-dummy' in '/<<RESOLVERDIR>>/apt_archive/sbuild-build-depends-main-dummy.deb'.
Ign:1 copy:/<<RESOLVERDIR>>/apt_archive ./ InRelease
Get:2 copy:/<<RESOLVERDIR>>/apt_archive ./ Release [957 B]
Ign:3 copy:/<<RESOLVERDIR>>/apt_archive ./ Release.gpg
Get:4 copy:/<<RESOLVERDIR>>/apt_archive ./ Sources [438 B]
Get:5 copy:/<<RESOLVERDIR>>/apt_archive ./ Packages [528 B]
Fetched 1923 B in 0s (133 kB/s)
Reading package lists...
Reading package lists...

Install main build dependencies (apt-based resolver)
----------------------------------------------------

Installing build dependencies
Reading package lists...
Building dependency tree...
Reading state information...
The following additional packages will be installed:
  autoconf automake autopoint autotools-dev binutils-arm-linux-gnueabihf
  bsdmainutils chrpath cpp-8-arm-linux-gnueabihf cpp-arm-linux-gnueabihf
  cross-config crossbuild-essential-armhf debhelper dh-autoreconf
  dh-strip-nondeterminism dpkg-cross dwz file g++-8-arm-linux-gnueabihf
  g++-arm-linux-gnueabihf gcc-8-arm-linux-gnueabihf
  gcc-8-arm-linux-gnueabihf-base gcc-8-base:armhf gcc-8-cross-base
  gcc-arm-linux-gnueabihf gettext gettext-base groff-base intltool-debian
  libarchive-zip-perl libasan5:armhf libasan5-armhf-cross libatomic1:armhf
  libatomic1-armhf-cross libbsd0 libc6:armhf libc6-armhf-cross libc6-dev:armhf
  libc6-dev-armhf-cross libconfig-auto-perl libconfig-inifiles-perl libcroco3
  libdebian-dpkgcross-perl libfile-homedir-perl
  libfile-stripnondeterminism-perl libfile-which-perl libgcc-8-dev:armhf
  libgcc-8-dev-armhf-cross libgcc1:armhf libgcc1-armhf-cross libglib2.0-0
  libgmp-dev:armhf libgmp10:armhf libgmpxx4ldbl:armhf libgomp1:armhf
  libgomp1-armhf-cross libicu63 libio-string-perl liblocale-gettext-perl
  libmagic-mgc libmagic1 libncurses-dev:armhf libncurses6 libncurses6:armhf
  libncursesw6:armhf libpipeline1 libreadline-dev:armhf libreadline7:armhf
  libsigsegv2 libstdc++-8-dev:armhf libstdc++-8-dev-armhf-cross
  libstdc++6:armhf libstdc++6-armhf-cross libtext-unidecode-perl
  libtinfo6:armhf libtool libubsan1:armhf libubsan1-armhf-cross libuchardet0
  libxml-libxml-perl libxml-namespacesupport-perl libxml-sax-base-perl
  libxml-sax-perl libxml-simple-perl libxml2 libyaml-perl linux-libc-dev:armhf
  linux-libc-dev-armhf-cross m4 man-db po-debconf tex-common texinfo ucf
  zlib1g:armhf zlib1g-dev:armhf
Suggested packages:
  autoconf-archive gnu-standards autoconf-doc binutils-doc wamerican
  | wordlist whois vacation gcc-8-locales cpp-doc dh-make binutils-multiarch
  gcc-8-doc libstdc++6-8-dbg-armhf-cross libgcc1-dbg-armhf-cross
  libgomp1-dbg-armhf-cross libitm1-dbg-armhf-cross libatomic1-dbg-armhf-cross
  libasan5-dbg-armhf-cross liblsan0-dbg-armhf-cross libtsan0-dbg-armhf-cross
  libubsan1-dbg-armhf-cross libmpx2-dbg-armhf-cross
  libquadmath0-dbg-armhf-cross manpages-dev flex bison gdb-arm-linux-gnueabihf
  gcc-doc gettext-doc libasprintf-dev libgettextpo-dev groff glibc-doc:armhf
  libc-l10n:armhf locales:armhf manpages-dev:armhf gmp-doc:armhf
  libgmp10-doc:armhf libmpfr-dev:armhf ncurses-doc:armhf readline-doc:armhf
  libstdc++-8-doc:armhf libtool-doc gfortran | fortran95-compiler gcj-jdk
  libyaml-shell-perl m4-doc apparmor less www-browser libmail-box-perl
  texlive-base texlive-latex-base texlive-generic-recommended
  texinfo-doc-nonfree texlive-fonts-recommended
Recommended packages:
  curl | wget | lynx libidn2-0:armhf libarchive-cpio-perl libglib2.0-data
  shared-mime-info xdg-user-dirs libgpm2 libgpm2:armhf libltdl-dev libwww-perl
  libxml-sax-expat-perl libyaml-libyaml-perl | libyaml-syck-perl
  libmail-sendmail-perl
The following NEW packages will be installed:
  autoconf automake autopoint autotools-dev binutils-arm-linux-gnueabihf
  bsdmainutils chrpath cpp-8-arm-linux-gnueabihf cpp-arm-linux-gnueabihf
  cross-config crossbuild-essential-armhf debhelper dh-autoreconf
  dh-strip-nondeterminism dpkg-cross dwz file g++-8-arm-linux-gnueabihf
  g++-arm-linux-gnueabihf gcc-8-arm-linux-gnueabihf
  gcc-8-arm-linux-gnueabihf-base gcc-8-base:armhf gcc-8-cross-base
  gcc-arm-linux-gnueabihf gettext gettext-base groff-base intltool-debian
  libarchive-zip-perl libasan5:armhf libasan5-armhf-cross libatomic1:armhf
  libatomic1-armhf-cross libbsd0 libc6:armhf libc6-armhf-cross libc6-dev:armhf
  libc6-dev-armhf-cross libconfig-auto-perl libconfig-inifiles-perl libcroco3
  libdebian-dpkgcross-perl libfile-homedir-perl
  libfile-stripnondeterminism-perl libfile-which-perl libgcc-8-dev:armhf
  libgcc-8-dev-armhf-cross libgcc1:armhf libgcc1-armhf-cross libglib2.0-0
  libgmp-dev:armhf libgmp10:armhf libgmpxx4ldbl:armhf libgomp1:armhf
  libgomp1-armhf-cross libicu63 libio-string-perl liblocale-gettext-perl
  libmagic-mgc libmagic1 libncurses-dev:armhf libncurses6 libncurses6:armhf
  libncursesw6:armhf libpipeline1 libreadline-dev:armhf libreadline7:armhf
  libsigsegv2 libstdc++-8-dev:armhf libstdc++-8-dev-armhf-cross
  libstdc++6:armhf libstdc++6-armhf-cross libtext-unidecode-perl
  libtinfo6:armhf libtool libubsan1:armhf libubsan1-armhf-cross libuchardet0
  libxml-libxml-perl libxml-namespacesupport-perl libxml-sax-base-perl
  libxml-sax-perl libxml-simple-perl libxml2 libyaml-perl linux-libc-dev:armhf
  linux-libc-dev-armhf-cross m4 man-db po-debconf
  sbuild-build-depends-main-dummy:armhf tex-common texinfo ucf zlib1g:armhf
  zlib1g-dev:armhf
0 upgraded, 96 newly installed, 0 to remove and 0 not upgraded.
Need to get 948 B/63.9 MB of archives.
After this operation, 246 MB of additional disk space will be used.
Get:1 copy:/<<RESOLVERDIR>>/apt_archive ./ sbuild-build-depends-main-dummy 0.invalid.0 [948 B]
debconf: delaying package configuration, since apt-utils is not installed
Fetched 948 B in 0s (0 B/s)
Selecting previously unselected package libbsd0:amd64.
(Reading database ... 12449 files and directories currently installed.)
Preparing to unpack .../00-libbsd0_0.9.1-2_amd64.deb ...
Unpacking libbsd0:amd64 (0.9.1-2) ...
Selecting previously unselected package bsdmainutils.
Preparing to unpack .../01-bsdmainutils_11.1.2+b1_amd64.deb ...
Unpacking bsdmainutils (11.1.2+b1) ...
Selecting previously unselected package libuchardet0:amd64.
Preparing to unpack .../02-libuchardet0_0.0.6-3_amd64.deb ...
Unpacking libuchardet0:amd64 (0.0.6-3) ...
Selecting previously unselected package groff-base.
Preparing to unpack .../03-groff-base_1.22.4-3_amd64.deb ...
Unpacking groff-base (1.22.4-3) ...
Selecting previously unselected package libpipeline1:amd64.
Preparing to unpack .../04-libpipeline1_1.5.1-2_amd64.deb ...
Unpacking libpipeline1:amd64 (1.5.1-2) ...
Selecting previously unselected package man-db.
Preparing to unpack .../05-man-db_2.8.5-2_amd64.deb ...
Unpacking man-db (2.8.5-2) ...
Selecting previously unselected package liblocale-gettext-perl.
Preparing to unpack .../06-liblocale-gettext-perl_1.07-3+b4_amd64.deb ...
Unpacking liblocale-gettext-perl (1.07-3+b4) ...
Selecting previously unselected package ucf.
Preparing to unpack .../07-ucf_3.0038+nmu1_all.deb ...
Moving old data out of the way
Unpacking ucf (3.0038+nmu1) ...
Selecting previously unselected package tex-common.
Preparing to unpack .../08-tex-common_6.11_all.deb ...
Unpacking tex-common (6.11) ...
Selecting previously unselected package libmagic-mgc.
Preparing to unpack .../09-libmagic-mgc_1%3a5.35-4_amd64.deb ...
Unpacking libmagic-mgc (1:5.35-4) ...
Selecting previously unselected package libmagic1:amd64.
Preparing to unpack .../10-libmagic1_1%3a5.35-4_amd64.deb ...
Unpacking libmagic1:amd64 (1:5.35-4) ...
Selecting previously unselected package file.
Preparing to unpack .../11-file_1%3a5.35-4_amd64.deb ...
Unpacking file (1:5.35-4) ...
Selecting previously unselected package gettext-base.
Preparing to unpack .../12-gettext-base_0.19.8.1-9_amd64.deb ...
Unpacking gettext-base (0.19.8.1-9) ...
Selecting previously unselected package libsigsegv2:amd64.
Preparing to unpack .../13-libsigsegv2_2.12-2_amd64.deb ...
Unpacking libsigsegv2:amd64 (2.12-2) ...
Selecting previously unselected package m4.
Preparing to unpack .../14-m4_1.4.18-2_amd64.deb ...
Unpacking m4 (1.4.18-2) ...
Selecting previously unselected package autoconf.
Preparing to unpack .../15-autoconf_2.69-11_all.deb ...
Unpacking autoconf (2.69-11) ...
Selecting previously unselected package autotools-dev.
Preparing to unpack .../16-autotools-dev_20180224.1_all.deb ...
Unpacking autotools-dev (20180224.1) ...
Selecting previously unselected package automake.
Preparing to unpack .../17-automake_1%3a1.16.1-4_all.deb ...
Unpacking automake (1:1.16.1-4) ...
Selecting previously unselected package autopoint.
Preparing to unpack .../18-autopoint_0.19.8.1-9_all.deb ...
Unpacking autopoint (0.19.8.1-9) ...
Selecting previously unselected package binutils-arm-linux-gnueabihf.
Preparing to unpack .../19-binutils-arm-linux-gnueabihf_2.31.1-16_amd64.deb ...
Unpacking binutils-arm-linux-gnueabihf (2.31.1-16) ...
Selecting previously unselected package chrpath.
Preparing to unpack .../20-chrpath_0.16-2+b1_amd64.deb ...
Unpacking chrpath (0.16-2+b1) ...
Selecting previously unselected package gcc-8-arm-linux-gnueabihf-base:amd64.
Preparing to unpack .../21-gcc-8-arm-linux-gnueabihf-base_8.3.0-7cross1_amd64.deb ...
Unpacking gcc-8-arm-linux-gnueabihf-base:amd64 (8.3.0-7cross1) ...
Selecting previously unselected package cpp-8-arm-linux-gnueabihf.
Preparing to unpack .../22-cpp-8-arm-linux-gnueabihf_8.3.0-7cross1_amd64.deb ...
Unpacking cpp-8-arm-linux-gnueabihf (8.3.0-7cross1) ...
Selecting previously unselected package cpp-arm-linux-gnueabihf.
Preparing to unpack .../23-cpp-arm-linux-gnueabihf_4%3a8.3.0-1_amd64.deb ...
Unpacking cpp-arm-linux-gnueabihf (4:8.3.0-1) ...
Selecting previously unselected package cross-config.
Preparing to unpack .../24-cross-config_2.6.15-3_all.deb ...
Unpacking cross-config (2.6.15-3) ...
Selecting previously unselected package gcc-8-cross-base.
Preparing to unpack .../25-gcc-8-cross-base_8.3.0-7cross1_all.deb ...
Unpacking gcc-8-cross-base (8.3.0-7cross1) ...
Selecting previously unselected package libc6-armhf-cross.
Preparing to unpack .../26-libc6-armhf-cross_2.28-10cross2_all.deb ...
Unpacking libc6-armhf-cross (2.28-10cross2) ...
Selecting previously unselected package libgcc1-armhf-cross.
Preparing to unpack .../27-libgcc1-armhf-cross_1%3a8.3.0-7cross1_all.deb ...
Unpacking libgcc1-armhf-cross (1:8.3.0-7cross1) ...
Selecting previously unselected package libgomp1-armhf-cross.
Preparing to unpack .../28-libgomp1-armhf-cross_8.3.0-7cross1_all.deb ...
Unpacking libgomp1-armhf-cross (8.3.0-7cross1) ...
Selecting previously unselected package libatomic1-armhf-cross.
Preparing to unpack .../29-libatomic1-armhf-cross_8.3.0-7cross1_all.deb ...
Unpacking libatomic1-armhf-cross (8.3.0-7cross1) ...
Selecting previously unselected package libstdc++6-armhf-cross.
Preparing to unpack .../30-libstdc++6-armhf-cross_8.3.0-7cross1_all.deb ...
Unpacking libstdc++6-armhf-cross (8.3.0-7cross1) ...
Selecting previously unselected package libasan5-armhf-cross.
Preparing to unpack .../31-libasan5-armhf-cross_8.3.0-7cross1_all.deb ...
Unpacking libasan5-armhf-cross (8.3.0-7cross1) ...
Selecting previously unselected package libubsan1-armhf-cross.
Preparing to unpack .../32-libubsan1-armhf-cross_8.3.0-7cross1_all.deb ...
Unpacking libubsan1-armhf-cross (8.3.0-7cross1) ...
Selecting previously unselected package libgcc-8-dev-armhf-cross.
Preparing to unpack .../33-libgcc-8-dev-armhf-cross_8.3.0-7cross1_all.deb ...
Unpacking libgcc-8-dev-armhf-cross (8.3.0-7cross1) ...
Selecting previously unselected package gcc-8-arm-linux-gnueabihf.
Preparing to unpack .../34-gcc-8-arm-linux-gnueabihf_8.3.0-7cross1_amd64.deb ...
Unpacking gcc-8-arm-linux-gnueabihf (8.3.0-7cross1) ...
Selecting previously unselected package gcc-arm-linux-gnueabihf.
Preparing to unpack .../35-gcc-arm-linux-gnueabihf_4%3a8.3.0-1_amd64.deb ...
Unpacking gcc-arm-linux-gnueabihf (4:8.3.0-1) ...
Selecting previously unselected package linux-libc-dev-armhf-cross.
Preparing to unpack .../36-linux-libc-dev-armhf-cross_4.19.28-2cross2_all.deb ...
Unpacking linux-libc-dev-armhf-cross (4.19.28-2cross2) ...
Selecting previously unselected package libc6-dev-armhf-cross.
Preparing to unpack .../37-libc6-dev-armhf-cross_2.28-10cross2_all.deb ...
Unpacking libc6-dev-armhf-cross (2.28-10cross2) ...
Selecting previously unselected package libstdc++-8-dev-armhf-cross.
Preparing to unpack .../38-libstdc++-8-dev-armhf-cross_8.3.0-7cross1_all.deb ...
Unpacking libstdc++-8-dev-armhf-cross (8.3.0-7cross1) ...
Selecting previously unselected package g++-8-arm-linux-gnueabihf.
Preparing to unpack .../39-g++-8-arm-linux-gnueabihf_8.3.0-7cross1_amd64.deb ...
Unpacking g++-8-arm-linux-gnueabihf (8.3.0-7cross1) ...
Selecting previously unselected package g++-arm-linux-gnueabihf.
Preparing to unpack .../40-g++-arm-linux-gnueabihf_4%3a8.3.0-1_amd64.deb ...
Unpacking g++-arm-linux-gnueabihf (4:8.3.0-1) ...
Selecting previously unselected package libconfig-inifiles-perl.
Preparing to unpack .../41-libconfig-inifiles-perl_3.000001-1_all.deb ...
Unpacking libconfig-inifiles-perl (3.000001-1) ...
Selecting previously unselected package libio-string-perl.
Preparing to unpack .../42-libio-string-perl_1.08-3_all.deb ...
Unpacking libio-string-perl (1.08-3) ...
Selecting previously unselected package libicu63:amd64.
Preparing to unpack .../43-libicu63_63.2-2_amd64.deb ...
Unpacking libicu63:amd64 (63.2-2) ...
Selecting previously unselected package libxml2:amd64.
Preparing to unpack .../44-libxml2_2.9.4+dfsg1-7+b3_amd64.deb ...
Unpacking libxml2:amd64 (2.9.4+dfsg1-7+b3) ...
Selecting previously unselected package libxml-namespacesupport-perl.
Preparing to unpack .../45-libxml-namespacesupport-perl_1.12-1_all.deb ...
Unpacking libxml-namespacesupport-perl (1.12-1) ...
Selecting previously unselected package libxml-sax-base-perl.
Preparing to unpack .../46-libxml-sax-base-perl_1.09-1_all.deb ...
Unpacking libxml-sax-base-perl (1.09-1) ...
Selecting previously unselected package libxml-sax-perl.
Preparing to unpack .../47-libxml-sax-perl_1.00+dfsg-1_all.deb ...
Unpacking libxml-sax-perl (1.00+dfsg-1) ...
Selecting previously unselected package libxml-libxml-perl.
Preparing to unpack .../48-libxml-libxml-perl_2.0134+dfsg-1_amd64.deb ...
Unpacking libxml-libxml-perl (2.0134+dfsg-1) ...
Selecting previously unselected package libxml-simple-perl.
Preparing to unpack .../49-libxml-simple-perl_2.25-1_all.deb ...
Unpacking libxml-simple-perl (2.25-1) ...
Selecting previously unselected package libyaml-perl.
Preparing to unpack .../50-libyaml-perl_1.27-1_all.deb ...
Unpacking libyaml-perl (1.27-1) ...
Selecting previously unselected package libconfig-auto-perl.
Preparing to unpack .../51-libconfig-auto-perl_0.44-1_all.deb ...
Unpacking libconfig-auto-perl (0.44-1) ...
Selecting previously unselected package libfile-which-perl.
Preparing to unpack .../52-libfile-which-perl_1.23-1_all.deb ...
Unpacking libfile-which-perl (1.23-1) ...
Selecting previously unselected package libfile-homedir-perl.
Preparing to unpack .../53-libfile-homedir-perl_1.004-1_all.deb ...
Unpacking libfile-homedir-perl (1.004-1) ...
Selecting previously unselected package libdebian-dpkgcross-perl.
Preparing to unpack .../54-libdebian-dpkgcross-perl_2.6.15-3_all.deb ...
Unpacking libdebian-dpkgcross-perl (2.6.15-3) ...
Selecting previously unselected package dpkg-cross.
Preparing to unpack .../55-dpkg-cross_2.6.15-3_all.deb ...
Unpacking dpkg-cross (2.6.15-3) ...
Selecting previously unselected package crossbuild-essential-armhf.
Preparing to unpack .../56-crossbuild-essential-armhf_12.6_all.deb ...
Unpacking crossbuild-essential-armhf (12.6) ...
Selecting previously unselected package libtool.
Preparing to unpack .../57-libtool_2.4.6-10_all.deb ...
Unpacking libtool (2.4.6-10) ...
Selecting previously unselected package dh-autoreconf.
Preparing to unpack .../58-dh-autoreconf_19_all.deb ...
Unpacking dh-autoreconf (19) ...
Selecting previously unselected package libarchive-zip-perl.
Preparing to unpack .../59-libarchive-zip-perl_1.64-1_all.deb ...
Unpacking libarchive-zip-perl (1.64-1) ...
Selecting previously unselected package libfile-stripnondeterminism-perl.
Preparing to unpack .../60-libfile-stripnondeterminism-perl_1.1.2-1_all.deb ...
Unpacking libfile-stripnondeterminism-perl (1.1.2-1) ...
Selecting previously unselected package dh-strip-nondeterminism.
Preparing to unpack .../61-dh-strip-nondeterminism_1.1.2-1_all.deb ...
Unpacking dh-strip-nondeterminism (1.1.2-1) ...
Selecting previously unselected package dwz.
Preparing to unpack .../62-dwz_0.12-3_amd64.deb ...
Unpacking dwz (0.12-3) ...
Selecting previously unselected package libglib2.0-0:amd64.
Preparing to unpack .../63-libglib2.0-0_2.58.3-2_amd64.deb ...
Unpacking libglib2.0-0:amd64 (2.58.3-2) ...
Selecting previously unselected package libcroco3:amd64.
Preparing to unpack .../64-libcroco3_0.6.12-3_amd64.deb ...
Unpacking libcroco3:amd64 (0.6.12-3) ...
Selecting previously unselected package libncurses6:amd64.
Preparing to unpack .../65-libncurses6_6.1+20181013-2_amd64.deb ...
Unpacking libncurses6:amd64 (6.1+20181013-2) ...
Selecting previously unselected package gettext.
Preparing to unpack .../66-gettext_0.19.8.1-9_amd64.deb ...
Unpacking gettext (0.19.8.1-9) ...
Selecting previously unselected package intltool-debian.
Preparing to unpack .../67-intltool-debian_0.35.0+20060710.5_all.deb ...
Unpacking intltool-debian (0.35.0+20060710.5) ...
Selecting previously unselected package po-debconf.
Preparing to unpack .../68-po-debconf_1.0.21_all.deb ...
Unpacking po-debconf (1.0.21) ...
Selecting previously unselected package debhelper.
Preparing to unpack .../69-debhelper_12.1.1_all.deb ...
Unpacking debhelper (12.1.1) ...
Selecting previously unselected package gcc-8-base:armhf.
Preparing to unpack .../70-gcc-8-base_8.3.0-7_armhf.deb ...
Unpacking gcc-8-base:armhf (8.3.0-7) ...
Selecting previously unselected package libgcc1:armhf.
Preparing to unpack .../71-libgcc1_1%3a8.3.0-7_armhf.deb ...
Unpacking libgcc1:armhf (1:8.3.0-7) ...
Selecting previously unselected package libc6:armhf.
Preparing to unpack .../72-libc6_2.28-10_armhf.deb ...
Unpacking libc6:armhf (2.28-10) ...
Selecting previously unselected package libstdc++6:armhf.
Preparing to unpack .../73-libstdc++6_8.3.0-7_armhf.deb ...
Unpacking libstdc++6:armhf (8.3.0-7) ...
Selecting previously unselected package libasan5:armhf.
Preparing to unpack .../74-libasan5_8.3.0-7_armhf.deb ...
Unpacking libasan5:armhf (8.3.0-7) ...
Selecting previously unselected package libatomic1:armhf.
Preparing to unpack .../75-libatomic1_8.3.0-7_armhf.deb ...
Unpacking libatomic1:armhf (8.3.0-7) ...
Selecting previously unselected package linux-libc-dev:armhf.
Preparing to unpack .../76-linux-libc-dev_4.19.37-5_armhf.deb ...
Unpacking linux-libc-dev:armhf (4.19.37-5) ...
Selecting previously unselected package libc6-dev:armhf.
Preparing to unpack .../77-libc6-dev_2.28-10_armhf.deb ...
Unpacking libc6-dev:armhf (2.28-10) ...
Selecting previously unselected package libgomp1:armhf.
Preparing to unpack .../78-libgomp1_8.3.0-7_armhf.deb ...
Unpacking libgomp1:armhf (8.3.0-7) ...
Selecting previously unselected package libubsan1:armhf.
Preparing to unpack .../79-libubsan1_8.3.0-7_armhf.deb ...
Unpacking libubsan1:armhf (8.3.0-7) ...
Selecting previously unselected package libgcc-8-dev:armhf.
Preparing to unpack .../80-libgcc-8-dev_8.3.0-7_armhf.deb ...
Unpacking libgcc-8-dev:armhf (8.3.0-7) ...
Selecting previously unselected package libgmp10:armhf.
Preparing to unpack .../81-libgmp10_2%3a6.1.2+dfsg-4_armhf.deb ...
Unpacking libgmp10:armhf (2:6.1.2+dfsg-4) ...
Selecting previously unselected package libgmpxx4ldbl:armhf.
Preparing to unpack .../82-libgmpxx4ldbl_2%3a6.1.2+dfsg-4_armhf.deb ...
Unpacking libgmpxx4ldbl:armhf (2:6.1.2+dfsg-4) ...
Selecting previously unselected package libgmp-dev:armhf.
Preparing to unpack .../83-libgmp-dev_2%3a6.1.2+dfsg-4_armhf.deb ...
Unpacking libgmp-dev:armhf (2:6.1.2+dfsg-4) ...
Selecting previously unselected package libtinfo6:armhf.
Preparing to unpack .../84-libtinfo6_6.1+20181013-2_armhf.deb ...
Unpacking libtinfo6:armhf (6.1+20181013-2) ...
Selecting previously unselected package libncurses6:armhf.
Preparing to unpack .../85-libncurses6_6.1+20181013-2_armhf.deb ...
Unpacking libncurses6:armhf (6.1+20181013-2) ...
Selecting previously unselected package libncursesw6:armhf.
Preparing to unpack .../86-libncursesw6_6.1+20181013-2_armhf.deb ...
Unpacking libncursesw6:armhf (6.1+20181013-2) ...
Selecting previously unselected package libncurses-dev:armhf.
Preparing to unpack .../87-libncurses-dev_6.1+20181013-2_armhf.deb ...
Unpacking libncurses-dev:armhf (6.1+20181013-2) ...
Selecting previously unselected package libreadline7:armhf.
Preparing to unpack .../88-libreadline7_7.0-5_armhf.deb ...
Unpacking libreadline7:armhf (7.0-5) ...
Selecting previously unselected package libreadline-dev:armhf.
Preparing to unpack .../89-libreadline-dev_7.0-5_armhf.deb ...
Unpacking libreadline-dev:armhf (7.0-5) ...
Selecting previously unselected package libstdc++-8-dev:armhf.
Preparing to unpack .../90-libstdc++-8-dev_8.3.0-7_armhf.deb ...
Unpacking libstdc++-8-dev:armhf (8.3.0-7) ...
Selecting previously unselected package libtext-unidecode-perl.
Preparing to unpack .../91-libtext-unidecode-perl_1.30-1_all.deb ...
Unpacking libtext-unidecode-perl (1.30-1) ...
Selecting previously unselected package texinfo.
Preparing to unpack .../92-texinfo_6.5.0.dfsg.1-5_amd64.deb ...
Unpacking texinfo (6.5.0.dfsg.1-5) ...
Selecting previously unselected package zlib1g:armhf.
Preparing to unpack .../93-zlib1g_1%3a1.2.11.dfsg-1_armhf.deb ...
Unpacking zlib1g:armhf (1:1.2.11.dfsg-1) ...
Selecting previously unselected package zlib1g-dev:armhf.
Preparing to unpack .../94-zlib1g-dev_1%3a1.2.11.dfsg-1_armhf.deb ...
Unpacking zlib1g-dev:armhf (1:1.2.11.dfsg-1) ...
Selecting previously unselected package sbuild-build-depends-main-dummy:armhf.
Preparing to unpack .../95-sbuild-build-depends-main-dummy_0.invalid.0_armhf.deb ...
Unpacking sbuild-build-depends-main-dummy:armhf (0.invalid.0) ...
Setting up libconfig-inifiles-perl (3.000001-1) ...
Setting up libpipeline1:amd64 (1.5.1-2) ...
Setting up libfile-which-perl (1.23-1) ...
Setting up libc6-armhf-cross (2.28-10cross2) ...
Setting up libmagic-mgc (1:5.35-4) ...
Setting up libarchive-zip-perl (1.64-1) ...
Setting up libglib2.0-0:amd64 (2.58.3-2) ...
No schema files found: doing nothing.
Setting up gcc-8-cross-base (8.3.0-7cross1) ...
Setting up libmagic1:amd64 (1:5.35-4) ...
Setting up linux-libc-dev:armhf (4.19.37-5) ...
Setting up libxml-namespacesupport-perl (1.12-1) ...
Setting up gettext-base (0.19.8.1-9) ...
Setting up file (1:5.35-4) ...
Setting up libatomic1-armhf-cross (8.3.0-7cross1) ...
Setting up libyaml-perl (1.27-1) ...
Setting up libicu63:amd64 (63.2-2) ...
Setting up libxml-sax-base-perl (1.09-1) ...
Setting up libio-string-perl (1.08-3) ...
Setting up autotools-dev (20180224.1) ...
Setting up cross-config (2.6.15-3) ...
Setting up libgcc1-armhf-cross (1:8.3.0-7cross1) ...
Setting up gcc-8-arm-linux-gnueabihf-base:amd64 (8.3.0-7cross1) ...
Setting up libncurses6:amd64 (6.1+20181013-2) ...
Setting up libsigsegv2:amd64 (2.12-2) ...
Setting up gcc-8-base:armhf (8.3.0-7) ...
Setting up linux-libc-dev-armhf-cross (4.19.28-2cross2) ...
Setting up autopoint (0.19.8.1-9) ...
Setting up ucf (3.0038+nmu1) ...
Setting up dwz (0.12-3) ...
Setting up libuchardet0:amd64 (0.0.6-3) ...
Setting up libtext-unidecode-perl (1.30-1) ...
Setting up libfile-homedir-perl (1.004-1) ...
Setting up libbsd0:amd64 (0.9.1-2) ...
Setting up binutils-arm-linux-gnueabihf (2.31.1-16) ...
Setting up libxml2:amd64 (2.9.4+dfsg1-7+b3) ...
Setting up liblocale-gettext-perl (1.07-3+b4) ...
Setting up chrpath (0.16-2+b1) ...
Setting up cpp-8-arm-linux-gnueabihf (8.3.0-7cross1) ...
Setting up libgomp1-armhf-cross (8.3.0-7cross1) ...
Setting up libfile-stripnondeterminism-perl (1.1.2-1) ...
Setting up libtool (2.4.6-10) ...
Setting up libc6-dev-armhf-cross (2.28-10cross2) ...
Setting up m4 (1.4.18-2) ...
Setting up libxml-sax-perl (1.00+dfsg-1) ...
update-perl-sax-parsers: Registering Perl SAX parser XML::SAX::PurePerl with priority 10...
update-perl-sax-parsers: Updating overall Perl SAX parser modules info file...

Creating config file /etc/perl/XML/SAX/ParserDetails.ini with new version
Setting up tex-common (6.11) ...
update-language: texlive-base not installed and configured, doing nothing!
Setting up libstdc++6-armhf-cross (8.3.0-7cross1) ...
Setting up bsdmainutils (11.1.2+b1) ...
update-alternatives: using /usr/bin/bsd-write to provide /usr/bin/write (write) in auto mode
update-alternatives: using /usr/bin/bsd-from to provide /usr/bin/from (from) in auto mode
Setting up libcroco3:amd64 (0.6.12-3) ...
Setting up libubsan1-armhf-cross (8.3.0-7cross1) ...
Setting up autoconf (2.69-11) ...
Setting up libxml-libxml-perl (2.0134+dfsg-1) ...
update-perl-sax-parsers: Registering Perl SAX parser XML::LibXML::SAX::Parser with priority 50...
update-perl-sax-parsers: Registering Perl SAX parser XML::LibXML::SAX with priority 50...
update-perl-sax-parsers: Updating overall Perl SAX parser modules info file...
Replacing config file /etc/perl/XML/SAX/ParserDetails.ini with new version
Setting up groff-base (1.22.4-3) ...
Setting up cpp-arm-linux-gnueabihf (4:8.3.0-1) ...
Setting up automake (1:1.16.1-4) ...
update-alternatives: using /usr/bin/automake-1.16 to provide /usr/bin/automake (automake) in auto mode
Setting up gettext (0.19.8.1-9) ...
Setting up man-db (2.8.5-2) ...
Not building database; man-db/auto-update is not 'true'.
Setting up libasan5-armhf-cross (8.3.0-7cross1) ...
Setting up intltool-debian (0.35.0+20060710.5) ...
Setting up libxml-simple-perl (2.25-1) ...
Setting up libgcc-8-dev-armhf-cross (8.3.0-7cross1) ...
Setting up texinfo (6.5.0.dfsg.1-5) ...
Setting up libstdc++-8-dev-armhf-cross (8.3.0-7cross1) ...
Setting up gcc-8-arm-linux-gnueabihf (8.3.0-7cross1) ...
Setting up gcc-arm-linux-gnueabihf (4:8.3.0-1) ...
Setting up po-debconf (1.0.21) ...
Setting up libconfig-auto-perl (0.44-1) ...
Setting up g++-8-arm-linux-gnueabihf (8.3.0-7cross1) ...
Setting up libdebian-dpkgcross-perl (2.6.15-3) ...
Setting up g++-arm-linux-gnueabihf (4:8.3.0-1) ...
Setting up dpkg-cross (2.6.15-3) ...
Setting up crossbuild-essential-armhf (12.6) ...
Setting up libc6:armhf (2.28-10) ...
Setting up libc6-dev:armhf (2.28-10) ...
Setting up libtinfo6:armhf (6.1+20181013-2) ...
Setting up libgcc1:armhf (1:8.3.0-7) ...
Setting up zlib1g:armhf (1:1.2.11.dfsg-1) ...
Setting up libgomp1:armhf (8.3.0-7) ...
Setting up dh-autoreconf (19) ...
Setting up libgmp10:armhf (2:6.1.2+dfsg-4) ...
Setting up libncurses6:armhf (6.1+20181013-2) ...
Setting up libatomic1:armhf (8.3.0-7) ...
Setting up libncursesw6:armhf (6.1+20181013-2) ...
Setting up dh-strip-nondeterminism (1.1.2-1) ...
Setting up zlib1g-dev:armhf (1:1.2.11.dfsg-1) ...
Setting up libstdc++6:armhf (8.3.0-7) ...
Setting up libreadline7:armhf (7.0-5) ...
Setting up libncurses-dev:armhf (6.1+20181013-2) ...
Setting up debhelper (12.1.1) ...
Setting up libreadline-dev:armhf (7.0-5) ...
Setting up libasan5:armhf (8.3.0-7) ...
Setting up libgmpxx4ldbl:armhf (2:6.1.2+dfsg-4) ...
Setting up libubsan1:armhf (8.3.0-7) ...
Setting up libgmp-dev:armhf (2:6.1.2+dfsg-4) ...
Setting up libgcc-8-dev:armhf (8.3.0-7) ...
Setting up libstdc++-8-dev:armhf (8.3.0-7) ...
Setting up sbuild-build-depends-main-dummy:armhf (0.invalid.0) ...
Processing triggers for libc-bin (2.28-10) ...
Processing triggers for ccache (3.7.1-1) ...
Updating symlinks in /usr/lib/ccache ...

+------------------------------------------------------------------------------+
| Check architectures                                                          |
+------------------------------------------------------------------------------+

Initial Foreign Architectures: armhf 
Arch check ok (armhf included in amd64 arm64 armel armhf i386 powerpc ppc64el s390)

+------------------------------------------------------------------------------+
| Build environment                                                            |
+------------------------------------------------------------------------------+

Kernel: Linux 3.16.0-4-amd64 #1 SMP Debian 3.16.51-3 (2017-12-13) amd64 (x86_64)
Toolchain package versions: binutils_2.31.1-16 dpkg-dev_1.19.7 g++-8_8.3.0-7 gcc-8_8.3.0-7 libc6-dev_2.28-10 libstdc++-8-dev_8.3.0-7 libstdc++-8-dev-armhf-cross_8.3.0-7cross1 libstdc++6_8.3.0-7 libstdc++6-armhf-cross_8.3.0-7cross1 linux-libc-dev_4.19.37-5
Package versions: adduser_3.118 apt_1.8.2 autoconf_2.69-11 automake_1:1.16.1-4 autopoint_0.19.8.1-9 autotools-dev_20180224.1 base-files_10.3 base-passwd_3.5.46 bash_5.0-4 binutils_2.31.1-16 binutils-arm-linux-gnueabihf_2.31.1-16 binutils-common_2.31.1-16 binutils-x86-64-linux-gnu_2.31.1-16 bsdmainutils_11.1.2+b1 bsdutils_1:2.33.1-0.1 build-essential_12.6 bzip2_1.0.6-9.1 ccache_3.7.1-1 chrpath_0.16-2+b1 coreutils_8.30-3 cpp_4:8.3.0-1 cpp-8_8.3.0-7 cpp-8-arm-linux-gnueabihf_8.3.0-7cross1 cpp-arm-linux-gnueabihf_4:8.3.0-1 cross-config_2.6.15-3 crossbuild-essential-armhf_12.6 dash_0.5.10.2-5 debconf_1.5.72 debhelper_12.1.1 debian-archive-keyring_2019.1 debianutils_4.8.6.1 dh-autoreconf_19 dh-strip-nondeterminism_1.1.2-1 diffutils_1:3.7-3 dirmngr_2.2.13-2 dose-distcheck_5.0.1-12 dpkg_1.19.7 dpkg-cross_2.6.15-3 dpkg-dev_1.19.7 dwz_0.12-3 e2fsprogs_1.45.2-1 eatmydata_105-7 fakeroot_1.23-1 fdisk_2.33.1-0.1 file_1:5.35-4 findutils_4.6.0+git+20190209-2 g++_4:8.3.0-1 g++-8_8.3.0-7 g++-8-arm-linux-gnueabihf_8.3.0-7cross1 g++-arm-linux-gnueabihf_4:8.3.0-1 gcc_4:8.3.0-1 gcc-8_8.3.0-7 gcc-8-arm-linux-gnueabihf_8.3.0-7cross1 gcc-8-arm-linux-gnueabihf-base_8.3.0-7cross1 gcc-8-base_8.3.0-7 gcc-8-cross-base_8.3.0-7cross1 gcc-arm-linux-gnueabihf_4:8.3.0-1 gettext_0.19.8.1-9 gettext-base_0.19.8.1-9 gnupg_2.2.13-2 gnupg-l10n_2.2.13-2 gnupg-utils_2.2.13-2 gpg_2.2.13-2 gpg-agent_2.2.13-2 gpg-wks-client_2.2.13-2 gpg-wks-server_2.2.13-2 gpgconf_2.2.13-2 gpgsm_2.2.13-2 gpgv_2.2.13-2 grep_3.3-1 groff-base_1.22.4-3 gzip_1.9-3 hostname_3.21 init-system-helpers_1.57 intltool-debian_0.35.0+20060710.5 libacl1_2.2.53-4 libapt-pkg5.0_1.8.2 libarchive-zip-perl_1.64-1 libasan5_8.3.0-7 libasan5-armhf-cross_8.3.0-7cross1 libassuan0_2.5.2-1 libatomic1_8.3.0-7 libatomic1-armhf-cross_8.3.0-7cross1 libattr1_1:2.4.48-4 libaudit-common_1:2.8.4-3 libaudit1_1:2.8.4-3 libbinutils_2.31.1-16 libblkid1_2.33.1-0.1 libbsd0_0.9.1-2 libbz2-1.0_1.0.6-9.1 libc-bin_2.28-10 libc-dev-bin_2.28-10 libc6_2.28-10 libc6-armhf-cross_2.28-10cross2 libc6-dev_2.28-10 libc6-dev-armhf-cross_2.28-10cross2 libcap-ng0_0.7.9-2 libcap2_1:2.25-2 libcc1-0_8.3.0-7 libcom-err2_1.45.2-1 libconfig-auto-perl_0.44-1 libconfig-inifiles-perl_3.000001-1 libcroco3_0.6.12-3 libdb5.3_5.3.28+dfsg1-0.6 libdebconfclient0_0.249 libdebian-dpkgcross-perl_2.6.15-3 libdpkg-perl_1.19.7 libeatmydata1_105-7 libelf1_0.176-1.1 libext2fs2_1.45.2-1 libfakeroot_1.23-1 libfdisk1_2.33.1-0.1 libffi6_3.2.1-9 libfile-homedir-perl_1.004-1 libfile-stripnondeterminism-perl_1.1.2-1 libfile-which-perl_1.23-1 libgcc-8-dev_8.3.0-7 libgcc-8-dev-armhf-cross_8.3.0-7cross1 libgcc1_1:8.3.0-7 libgcc1-armhf-cross_1:8.3.0-7cross1 libgcrypt20_1.8.4-5 libgdbm-compat4_1.18.1-4 libgdbm6_1.18.1-4 libglib2.0-0_2.58.3-2 libgmp-dev_2:6.1.2+dfsg-4 libgmp10_2:6.1.2+dfsg-4 libgmpxx4ldbl_2:6.1.2+dfsg-4 libgnutls30_3.6.7-4 libgomp1_8.3.0-7 libgomp1-armhf-cross_8.3.0-7cross1 libgpg-error0_1.35-1 libhogweed4_3.4.1-1 libicu63_63.2-2 libidn2-0_2.0.5-1 libio-string-perl_1.08-3 libisl19_0.20-2 libitm1_8.3.0-7 libksba8_1.3.5-2 libldap-2.4-2_2.4.47+dfsg-3 libldap-common_2.4.47+dfsg-3 liblocale-gettext-perl_1.07-3+b4 liblsan0_8.3.0-7 liblua5.2-0_5.2.4-1.1+b2 liblz4-1_1.8.3-1 liblzma5_5.2.4-1 libmagic-mgc_1:5.35-4 libmagic1_1:5.35-4 libmount1_2.33.1-0.1 libmpc3_1.1.0-1 libmpfr6_4.0.2-1 libmpx2_8.3.0-7 libncurses-dev_6.1+20181013-2 libncurses6_6.1+20181013-2 libncursesw6_6.1+20181013-2 libnettle6_3.4.1-1 libnpth0_1.6-1 libnspr4_2:4.21-1 libnss3_2:3.44+really3.42.1-2 libp11-kit0_0.23.15-2 libpam-modules_1.3.1-5 libpam-modules-bin_1.3.1-5 libpam-runtime_1.3.1-5 libpam0g_1.3.1-5 libpcre3_2:8.39-12 libperl5.28_5.28.1-6 libpipeline1_1.5.1-2 libpopt0_1.16-12 libquadmath0_8.3.0-7 libreadline-dev_7.0-5 libreadline7_7.0-5 librpm8_4.14.2.1+dfsg1-1 librpmio8_4.14.2.1+dfsg1-1 libsasl2-2_2.1.27+dfsg-1 libsasl2-modules-db_2.1.27+dfsg-1 libseccomp2_2.3.3-4 libselinux1_2.8-1+b1 libsemanage-common_2.8-2 libsemanage1_2.8-2 libsepol1_2.8-1 libsigsegv2_2.12-2 libsmartcols1_2.33.1-0.1 libsqlite3-0_3.27.2-3 libss2_1.45.2-1 libstdc++-8-dev_8.3.0-7 libstdc++-8-dev-armhf-cross_8.3.0-7cross1 libstdc++6_8.3.0-7 libstdc++6-armhf-cross_8.3.0-7cross1 libsystemd0_241-5 libtasn1-6_4.13-3 libtext-unidecode-perl_1.30-1 libtinfo6_6.1+20181013-2 libtool_2.4.6-10 libtsan0_8.3.0-7 libubsan1_8.3.0-7 libubsan1-armhf-cross_8.3.0-7cross1 libuchardet0_0.0.6-3 libudev1_241-5 libunistring2_0.9.10-1 libuuid1_2.33.1-0.1 libxml-libxml-perl_2.0134+dfsg-1 libxml-namespacesupport-perl_1.12-1 libxml-sax-base-perl_1.09-1 libxml-sax-perl_1.00+dfsg-1 libxml-simple-perl_2.25-1 libxml2_2.9.4+dfsg1-7+b3 libyaml-perl_1.27-1 libzstd1_1.3.8+dfsg-3 linux-libc-dev_4.19.37-5 linux-libc-dev-armhf-cross_4.19.28-2cross2 login_1:4.5-1.1 lsb-base_10.2019051400 m4_1.4.18-2 make_4.2.1-1.2 man-db_2.8.5-2 mawk_1.3.3-17+b3 mount_2.33.1-0.1 ncurses-base_6.1+20181013-2 ncurses-bin_6.1+20181013-2 passwd_1:4.5-1.1 patch_2.7.6-4 perl_5.28.1-6 perl-base_5.28.1-6 perl-modules-5.28_5.28.1-6 pinentry-curses_1.1.0-2 po-debconf_1.0.21 readline-common_7.0-5 sbuild-build-depends-dose3-dummy_0.invalid.0 sbuild-build-depends-main-dummy_0.invalid.0 sed_4.7-1 sensible-utils_0.0.12 sysvinit-utils_2.93-8 tar_1.30+dfsg-6 tex-common_6.11 texinfo_6.5.0.dfsg.1-5 tzdata_2019a-1 ucf_3.0038+nmu1 util-linux_2.33.1-0.1 xz-utils_5.2.4-1 zlib1g_1:1.2.11.dfsg-1 zlib1g-dev_1:1.2.11.dfsg-1

+------------------------------------------------------------------------------+
| Build                                                                        |
+------------------------------------------------------------------------------+


Unpack source
-------------

-----BEGIN PGP SIGNED MESSAGE-----
Hash: SHA256

Format: 3.0 (quilt)
Source: yap
Binary: yap
Architecture: amd64 arm64 armel armhf i386 powerpc ppc64el s390
Version: 6.2.2-6
Maintainer: Ralf Treinen <treinen@debian.org>
Homepage: http://www.dcc.fc.up.pt/~vsc/Yap/
Standards-Version: 3.9.6
Vcs-Browser: https://anonscm.debian.org/cgit/collab-maint/yap.git;a=summary
Vcs-Git: git://anonscm.debian.org/collab-maint/yap.git
Testsuite: autopkgtest
Build-Depends: debhelper (>= 5), autotools-dev, libreadline-dev, libgmp-dev, libncurses-dev, zlib1g-dev, texinfo, chrpath
Package-List:
 yap deb devel extra arch=amd64,arm64,armel,armhf,i386,powerpc,ppc64el,s390
Checksums-Sha1:
 a02f80cac67c287645b2ced9502f5ea24a07f1c3 5499811 yap_6.2.2.orig.tar.gz
 88f06d8ee74636be734ed6c1aefc6d7f2a426e07 10512 yap_6.2.2-6.debian.tar.xz
Checksums-Sha256:
 f15f8382104443319a5883eafce5f52f4143b526c7f1cd88d19c1f63fc06d750 5499811 yap_6.2.2.orig.tar.gz
 692fbb8a874f01407172d75e98e8e6884e71e32f56b350821cf58da3bb60a6d3 10512 yap_6.2.2-6.debian.tar.xz
Files:
 95eaa54978e4811ff6e504e7dca9e835 5499811 yap_6.2.2.orig.tar.gz
 64348dafb656fe810bf1f2d38cdad965 10512 yap_6.2.2-6.debian.tar.xz

-----BEGIN PGP SIGNATURE-----
Version: GnuPG v1

iQIcBAEBCAAGBQJVpW/BAAoJEHRcR2bUys3/aoYP/02D2OEw48j9u1d9zXJFf4th
N98ajwGFtdcN2N2xw/HnTQSf9YuX+ZYRqB6i8x+Q7jYAg5yKDkDPWFhY5aRvxDxQ
bBoeQZk7X+gmi/V4ST2h0EqkEO0IfFWNOVXODujz3FuidJbPTtojZg8K73CaTTiN
75tBf7X7QTS55lqyALkCxLtKmihyI6KUp/OxMor1Lm6z1oymGrO+9+hkF9t1xUkP
Cx9SFO8Flcjs/JMvO9/waiEvIMC4H4mbGg8Mo9XcKcAEobMbhODr5LmFL/L90yKC
swNrOvENylrzzGhxSIz+ipdpkprLut1LuHkln9eieyK4mvC4BDmskGrW6IscdxDY
VeB3c+b5e4Hiy4cIrBNT5NWyGpZshsXIb0j4jtSAZTaLo0m++9zRnt54sXIFQyWx
MUCvdZJuc3kesdM7Lancxc4ruGVBCSAxz6xXAszOk53RwHaj0wSlOHIw1aSMHOmt
bpgmBnwu4vPct/DaROo/FnzuIC+46iVjPYNe9qGn2o8rXo6Bl9Y6FXDHvGXgHz2t
Bx2B1mmw5ZFsQiThWOQb3w2dQF9Gla6xuQsCGVk3it0k4fZ4SzApp0aoVyWDXQss
j5Qmu7kYdCsq6e4j5/VfR89Fgr5amrjWUxGZXAUYLUPfH/4i1q7svI5UQ5LJuRDE
ArtWK3pWQ52JyRxlJYO0
=N4zN
-----END PGP SIGNATURE-----

gpgv: unknown type of key resource 'trustedkeys.kbx'
gpgv: keyblock resource '/sbuild-nonexistent/.gnupg/trustedkeys.kbx': General error
gpgv: Signature made Tue Jul 14 20:23:29 2015 UTC
gpgv:                using RSA key 745C4766D4CACDFF
gpgv: Can't check signature: No public key
dpkg-source: warning: failed to verify signature on ./yap_6.2.2-6.dsc
dpkg-source: info: extracting yap in /<<PKGBUILDDIR>>
dpkg-source: info: unpacking yap_6.2.2.orig.tar.gz
dpkg-source: info: unpacking yap_6.2.2-6.debian.tar.xz
dpkg-source: info: using patch list from debian/patches/series
dpkg-source: info: applying pillow-info
dpkg-source: info: applying include-stdlib
dpkg-source: info: applying clpr-docu
dpkg-source: info: applying yap-texinfo
dpkg-source: info: applying tai-ldflags
dpkg-source: info: applying replace-texi2html-by-makeinfo
dpkg-source: warning: unexpected end of diff '/<<PKGBUILDDIR>>/debian/patches/upstream_6_3_branch_handle_unknown_arch'
dpkg-source: info: applying upstream_6_3_branch_handle_unknown_arch
dpkg-source: info: applying regexp
dpkg-source: info: applying gcc5
dpkg-source: info: applying off-by-one-when-initializing-yap-flags

Check disk space
----------------

Sufficient free space for build

User Environment
----------------

APT_CONFIG=/var/lib/sbuild/apt.conf
CCACHE_COMPRESS=1
CCACHE_DIR=/var/cache/ccache-sbuild
CCACHE_UMASK=002
CONFIG_SITE=/etc/dpkg-cross/cross-config.armhf
DEB_BUILD_OPTIONS=nocheck
HOME=/sbuild-nonexistent
LANG=en_US.UTF-8
LC_ALL=C.UTF-8
LD_LIBRARY_PATH=/usr/lib/libeatmydata
LD_PRELOAD=libeatmydata.so
LOGNAME=build
PATH=/usr/lib/ccache:/usr/local/sbin:/usr/local/bin:/usr/sbin:/usr/bin:/sbin:/bin:/usr/games
PWD=/<<PKGBUILDDIR>>
SCHROOT_ALIAS_NAME=unstable-amd64-sbuild
SCHROOT_CHROOT_NAME=unstable-amd64-sbuild
SCHROOT_COMMAND=env
SCHROOT_GID=1000
SCHROOT_GROUP=build
SCHROOT_SESSION_ID=unstable-amd64-sbuild-b58acd7d-5929-4d9f-b5f9-a8f7057af974
SCHROOT_UID=1000
SCHROOT_USER=build
SHELL=/bin/sh
USER=build

dpkg-buildpackage
-----------------

Command: dpkg-buildpackage -aarmhf -Pcross,nocheck -us -uc -B -rfakeroot -j16
dpkg-buildpackage: info: source package yap
dpkg-buildpackage: info: source version 6.2.2-6
dpkg-buildpackage: info: source distribution sid
dpkg-buildpackage: info: source changed by Ralf Treinen <treinen@debian.org>
dpkg-architecture: warning: specified GNU system type arm-linux-gnueabihf does not match CC system type x86_64-linux-gnu, try setting a correct CC environment variable
 dpkg-source --before-build .
dpkg-buildpackage: info: host architecture armhf
 fakeroot debian/rules clean
dh_testdir
dh_testroot
[ ! -h  config.guess ] || mv config.guess.upstream config.guess
[ ! -h  config.sub ] || mv config.sub.upstream config.sub
rm -f build-stamp config-stamp
! [ -d arch ] || rm -r arch 
dh_clean 
dh_clean: Compatibility levels before 9 are deprecated (level 5 in use)
 debian/rules build-arch
dh_testdir
mkdir arch
[ -h config.guess ] || { mv config.guess config.guess.upstream; \
	ln -s /usr/share/misc/config.guess; }
[ -h config.sub ] || { mv config.sub config.sub.upstream; \
	ln -s /usr/share/misc/config.sub; }
cd arch && \
../configure --host=arm-linux-gnueabihf \
	--build=x86_64-linux-gnu \
	--prefix=/usr \
	--mandir=\${prefix}/share/man \
	--infodir=\${prefix}/share/info \
	CFLAGS="" LDFLAGS="-Wl,-z,relro"
configure: loading site script /etc/dpkg-cross/cross-config.armhf
checking for arm-linux-gnueabihf-gcc... arm-linux-gnueabihf-gcc
checking whether the C compiler works... yes
checking for C compiler default output file name... a.out
checking for suffix of executables... 
checking whether we are cross compiling... yes
checking for suffix of object files... o
checking whether we are using the GNU C compiler... yes
checking whether arm-linux-gnueabihf-gcc accepts -g... yes
checking for arm-linux-gnueabihf-gcc option to accept ISO C89... none needed
checking for arm-linux-gnueabihf-g++... arm-linux-gnueabihf-g++
checking whether we are using the GNU C++ compiler... yes
checking whether arm-linux-gnueabihf-g++ accepts -g... yes
checking for gawk... no
checking for mawk... mawk
checking build system type... x86_64-pc-linux-gnu
checking host system type... arm-unknown-linux-gnueabihf
checking target system type... arm-unknown-linux-gnueabihf
checking whether ln -s works... yes
checking for a BSD-compatible install... /usr/bin/install -c
checking for arm-linux-gnueabihf-ranlib... arm-linux-gnueabihf-ranlib
checking for arm-linux-gnueabihf-indent... no
checking for indent... no
checking for arm-linux-gnueabihf-ar... arm-linux-gnueabihf-ar
checking for arm-linux-gnueabihf-mpicc... no
checking for mpicc... no
checking for install-info... true
checking for sh... /bin/bash
checking for sin in -lm... yes
checking for socket in -lsocket... no
checking for getsockname in -lxnet... no
checking for main in -lstdc++... yes
checking for main in -lnsl... yes
checking for main in -lcrypt... yes
checking for main in -lnss_files... yes
checking for main in -lnss_dns... yes
checking for main in -lresolv... yes
checking for main in -lreadline... yes
checking for main in -lgmp... yes
checking for zlibVersion in -lz... yes
checking for main in -lmysqlclient... no
checking for main in -lodbc... no
checking how to run the C preprocessor... arm-linux-gnueabihf-gcc -E
checking for dlopen in -ldl... yes
checking for zlibVersion in -lz... (cached) yes
checking for main in -llam... no
checking for ANSI C header files... no
checking for sys/wait.h that is POSIX.1 compatible... yes
checking arpa/inet.h usability... yes
checking arpa/inet.h presence... yes
checking for arpa/inet.h... yes
checking alloca.h usability... yes
checking alloca.h presence... yes
checking for alloca.h... yes
checking crypt.h usability... yes
checking crypt.h presence... yes
checking for crypt.h... yes
checking ctype.h usability... yes
checking ctype.h presence... yes
checking for ctype.h... yes
checking direct.h usability... no
checking direct.h presence... no
checking for direct.h... no
checking dirent.h usability... yes
checking dirent.h presence... yes
checking for dirent.h... yes
checking dlfcn.h usability... yes
checking dlfcn.h presence... yes
checking for dlfcn.h... yes
checking errno.h usability... yes
checking errno.h presence... yes
checking for errno.h... yes
checking execinfo.h usability... yes
checking execinfo.h presence... yes
checking for execinfo.h... yes
checking fcntl.h usability... yes
checking fcntl.h presence... yes
checking for fcntl.h... yes
checking fenv.h usability... yes
checking fenv.h presence... yes
checking for fenv.h... yes
checking float.h usability... yes
checking float.h presence... yes
checking for float.h... yes
checking fpu_control.h usability... yes
checking fpu_control.h presence... yes
checking for fpu_control.h... yes
checking ieeefp.h usability... no
checking ieeefp.h presence... no
checking for ieeefp.h... no
checking io.h usability... no
checking io.h presence... no
checking for io.h... no
checking limits.h usability... yes
checking limits.h presence... yes
checking for limits.h... yes
checking locale.h usability... yes
checking locale.h presence... yes
checking for locale.h... yes
checking malloc.h usability... yes
checking malloc.h presence... yes
checking for malloc.h... yes
checking math.h usability... yes
checking math.h presence... yes
checking for math.h... yes
checking memory.h usability... yes
checking memory.h presence... yes
checking for memory.h... yes
checking mpe.h usability... no
checking mpe.h presence... no
checking for mpe.h... no
checking mpi.h usability... no
checking mpi.h presence... no
checking for mpi.h... no
checking netdb.h usability... yes
checking netdb.h presence... yes
checking for netdb.h... yes
checking netinet/in.h usability... yes
checking netinet/in.h presence... yes
checking for netinet/in.h... yes
checking netinet/tcp.h usability... yes
checking netinet/tcp.h presence... yes
checking for netinet/tcp.h... yes
checking pwd.h usability... yes
checking pwd.h presence... yes
checking for pwd.h... yes
checking regex.h usability... yes
checking regex.h presence... yes
checking for regex.h... yes
checking siginfo.h usability... no
checking siginfo.h presence... no
checking for siginfo.h... no
checking signal.h usability... yes
checking signal.h presence... yes
checking for signal.h... yes
checking stdarg.h usability... yes
checking stdarg.h presence... yes
checking for stdarg.h... yes
checking string.h usability... yes
checking string.h presence... yes
checking for string.h... yes
checking stropts.h usability... yes
checking stropts.h presence... yes
checking for stropts.h... yes
checking sys/conf.h usability... no
checking sys/conf.h presence... no
checking for sys/conf.h... no
checking sys/dir.h usability... yes
checking sys/dir.h presence... yes
checking for sys/dir.h... yes
checking sys/file.h usability... yes
checking sys/file.h presence... yes
checking for sys/file.h... yes
checking sys/mman.h usability... yes
checking sys/mman.h presence... yes
checking for sys/mman.h... yes
checking sys/ndir.h usability... no
checking sys/ndir.h presence... no
checking for sys/ndir.h... no
checking sys/param.h usability... yes
checking sys/param.h presence... yes
checking for sys/param.h... yes
checking sys/resource.h usability... yes
checking sys/resource.h presence... yes
checking for sys/resource.h... yes
checking sys/select.h usability... yes
checking sys/select.h presence... yes
checking for sys/select.h... yes
checking sys/shm.h usability... yes
checking sys/shm.h presence... yes
checking for sys/shm.h... yes
checking sys/socket.h usability... yes
checking sys/socket.h presence... yes
checking for sys/socket.h... yes
checking sys/stat.h usability... yes
checking sys/stat.h presence... yes
checking for sys/stat.h... yes
checking sys/time.h usability... yes
checking sys/time.h presence... yes
checking for sys/time.h... yes
checking sys/times.h usability... yes
checking sys/times.h presence... yes
checking for sys/times.h... yes
checking sys/types.h usability... yes
checking sys/types.h presence... yes
checking for sys/types.h... yes
checking sys/ucontext.h usability... yes
checking sys/ucontext.h presence... yes
checking for sys/ucontext.h... yes
checking sys/un.h usability... yes
checking sys/un.h presence... yes
checking for sys/un.h... yes
checking for sys/wait.h... (cached) yes
checking time.h usability... yes
checking time.h presence... yes
checking for time.h... yes
checking unistd.h usability... yes
checking unistd.h presence... yes
checking for unistd.h... yes
checking utime.h usability... yes
checking utime.h presence... yes
checking for utime.h... yes
checking wctype.h usability... yes
checking wctype.h presence... yes
checking for wctype.h... yes
checking winsock.h usability... no
checking winsock.h presence... no
checking for winsock.h... no
checking winsock2.h usability... no
checking winsock2.h presence... no
checking for winsock2.h... no
checking zlib.h usability... yes
checking zlib.h presence... yes
checking for zlib.h... yes
checking zutil.h usability... no
checking zutil.h presence... no
checking for zutil.h... no
checking mach-o/dyld.h usability... no
checking mach-o/dyld.h presence... no
checking for mach-o/dyld.h... no
checking gmp.h usability... yes
checking gmp.h presence... yes
checking for gmp.h... yes
checking mysql/mysql.h usability... no
checking mysql/mysql.h presence... no
checking for mysql/mysql.h... no
checking readline/readline.h usability... yes
checking readline/readline.h presence... yes
checking for readline/readline.h... yes
checking for mpe.h... (cached) no
checking for inline... inline
checking whether struct tm is in sys/time.h or time.h... time.h
checking size of int *... 4
checking size of short int... 2
checking size of int... (cached) 4
checking size of long int... 4
checking size of long long int... 8
checking size of float... (cached) 4
checking size of double... (cached) 8
checking for type of malloc... void *
checking for gcc inline... yes
checking for gcc threaded code... yes
checking for IEEE floats... yes
checking for sigsetjmp... yes
checking for sigsegv... yes
checking for sigprof... yes
checking for siginfo... yes
checking union wait... no
checking environ... yes
checking return type of signal handlers... void
checking for _NSGetEnviron... no
checking for access... yes
checking for acosh... yes
checking for alloca... no
checking for asinh... yes
checking for atanh... yes
checking for chdir... yes
checking for ctime... yes
checking for dlopen... yes
checking for dup2... yes
checking for erf... yes
checking for feclearexcept... yes
checking for fesettrapenable... no
checking for fgetpos... yes
checking for finite... yes
checking for fpclass... no
checking for ftime... yes
checking for getcwd... yes
checking for getenv... yes
checking for gethostbyname... yes
checking for gethostent... yes
checking for gethostid... yes
checking for gethostname... yes
checking for gethrtime... no
checking for getpagesize... yes
checking for getpwnam... yes
checking for getrlimit... yes
checking for getrusage... yes
checking for gettimeofday... yes
checking for getwd... yes
checking for isatty... yes
checking for isnan... yes
checking for isinf... yes
checking for kill... yes
checking for labs... yes
checking for link... yes
checking for lgamma... yes
checking for localtime... yes
checking for lstat... yes
checking for mallinfo... yes
checking for mbsnrtowcs... yes
checking for memcpy... yes
checking for memmove... yes
checking for mkstemp... yes
checking for mktemp... yes
checking for nanosleep... yes
checking for mktime... yes
checking for opendir... yes
checking for putenv... yes
checking for rand... yes
checking for random... yes
checking for readlink... yes
checking for regexec... yes
checking for rename... yes
checking for rint... yes
checking for rl_set_prompt... yes
checking for sbrk... yes
checking for select... yes
checking for setbuf... yes
checking for setitimer... yes
checking for setsid... yes
checking for setlinebuf... yes
checking for sigaction... yes
checking for siggetmask... yes
checking for siginterrupt... yes
checking for signal... yes
checking for sigprocmask... yes
checking for socket... yes
checking for stat... yes
checking for strchr... yes
checking for strerror... yes
checking for stricmp... no
checking for strncat... yes
checking for strncpy... yes
checking for strtod... yes
checking for time... yes
checking for times... yes
checking for tmpnam... yes
checking for usleep... yes
checking for utime... yes
checking for vsnprintf... yes
checking for regexec... (cached) yes
checking for NSLinkModule... no
checking for alarm... yes
checking for mmap... yes
checking for popen... yes
checking for shmat... yes
checking for sleep... yes
checking for system... yes
checking for ttyname... yes
checking for waitpid... yes
checking for fetestexcept... yes
checking for snprintf... yes
checking for mpz_xor... yes
checking if fflush(NULL) clobbers input pipes... ../configure: line 9174: ./conftest: cannot execute binary file: Exec format error
yes
yes
checking for pthread_create in -lpthread... yes
checking for crypt in -lcrypt... yes
checking for crypt... yes
checking for socklen_t... yes
checking for ssize_t... yes
checking "variable timezone in tzset"... assuming no
checking for struct tm.tm_gmtoff... yes
checking _XOPEN_SOURCE... yes
configure: creating ./config.status
config.status: creating Makefile
config.status: creating GPL/Makefile
config.status: creating library/Makefile
config.status: creating library/lammpi/Makefile
config.status: creating library/matlab/Makefile
config.status: creating library/matrix/Makefile
config.status: creating library/mpi/Makefile
config.status: creating library/random/Makefile
config.status: creating library/regex/Makefile
config.status: creating library/rltree/Makefile
config.status: creating library/system/Makefile
config.status: creating library/tries/Makefile
config.status: creating LGPL/Makefile
config.status: creating LGPL/clp/Makefile
config.status: creating LGPL/swi_console/Makefile
config.status: creating packages/clib/Makefile
config.status: creating packages/clib/maildrop/rfc822/Makefile
config.status: creating packages/clib/maildrop/rfc2045/Makefile
config.status: creating packages/CLPBN/Makefile
config.status: creating packages/cplint/Makefile
config.status: creating packages/cplint/approx/simplecuddLPADs/Makefile
config.status: creating packages/cplint/slipcase/Makefile
config.status: creating packages/http/Makefile
config.status: creating packages/tai/Makefile
config.status: creating packages/tai/libtai/Makefile
config.status: creating packages/PLStream/Makefile
config.status: creating packages/plunit/Makefile
config.status: creating packages/ProbLog/Makefile
config.status: creating packages/RDF/Makefile
config.status: creating packages/semweb/Makefile
config.status: creating packages/sgml/Makefile
config.status: creating packages/zlib/Makefile
config.status: creating packages/chr/Makefile
config.status: creating packages/clpqr/Makefile
config.status: creating packages/swi-minisat2/Makefile
config.status: creating packages/swi-minisat2/C/Makefile
config.status: creating config.h
touch config-stamp
dh_testdir
cd arch && make && make info html
make[1]: warning: jobserver unavailable: using -j1.  Add '+' to parent make rule.
make[1]: Entering directory '/<<PKGBUILDDIR>>/arch'
arm-linux-gnueabihf-gcc -c -O3 -fomit-frame-pointer -Wall -Wstrict-prototypes -Wmissing-prototypes  -DCUT_C=1  -DCOROUTINING=1 -DRATIONAL_TREES=1 -DDEPTH_LIMIT=1 -DHAVE_CONFIG_H -D_YAP_NOT_INSTALLED_=1 -I. -I../H -I../OPTYap -I../BEAM -I../MYDDAS -I../include ../console/yap.c -o yap.o
../console/yap.c: In function add_end_dot:
../console/yap.c:189:5: warning: strncpy output truncated before terminating nul copying as many bytes from a string as its length [-Wstringop-truncation]
     strncpy(p,arg,sz);
     ^~~~~~~~~~~~~~~~~
../console/yap.c:182:12: note: length computed here
   int sz = strlen(arg), i;
            ^~~~~~~~~~~
arm-linux-gnueabihf-gcc -c -O3 -fomit-frame-pointer -Wall -Wstrict-prototypes -Wmissing-prototypes  -DCUT_C=1  -DCOROUTINING=1 -DRATIONAL_TREES=1 -DDEPTH_LIMIT=1 -DHAVE_CONFIG_H -D_YAP_NOT_INSTALLED_=1 -I. -I../H -I../OPTYap -I../BEAM -I../MYDDAS ../C/agc.c -o agc.o
In file included from ../C/agc.c:202:
../H/rheap.h: In function RestoreForeignCode:
../H/rheap.h:967:7: warning: this if clause does not guard... [-Wmisleading-indentation]
       if (objs->next != NULL)
       ^~
../H/rheap.h:969:2: note: ...this statement, but the latter is misleadingly indented as if it were guarded by the if
  objs->name = AtomAdjust(objs->name);
  ^~~~
arm-linux-gnueabihf-gcc -c -O3 -fomit-frame-pointer -Wall -Wstrict-prototypes -Wmissing-prototypes  -DCUT_C=1  -DCOROUTINING=1 -DRATIONAL_TREES=1 -DDEPTH_LIMIT=1 -DHAVE_CONFIG_H -D_YAP_NOT_INSTALLED_=1 -I. -I../H -I../OPTYap -I../BEAM -I../MYDDAS ../C/absmi.c -o absmi.o
arm-linux-gnueabihf-gcc -c -O3 -fomit-frame-pointer -Wall -Wstrict-prototypes -Wmissing-prototypes  -DCUT_C=1  -DCOROUTINING=1 -DRATIONAL_TREES=1 -DDEPTH_LIMIT=1 -DHAVE_CONFIG_H -D_YAP_NOT_INSTALLED_=1 -I. -I../H -I../OPTYap -I../BEAM -I../MYDDAS ../C/adtdefs.c -o adtdefs.o
arm-linux-gnueabihf-gcc -c -O3 -fomit-frame-pointer -Wall -Wstrict-prototypes -Wmissing-prototypes  -DCUT_C=1  -DCOROUTINING=1 -DRATIONAL_TREES=1 -DDEPTH_LIMIT=1 -DHAVE_CONFIG_H -D_YAP_NOT_INSTALLED_=1 -I. -I../H -I../OPTYap -I../BEAM -I../MYDDAS ../C/alloc.c -o alloc.o
arm-linux-gnueabihf-gcc -c -O3 -fomit-frame-pointer -Wall -Wstrict-prototypes -Wmissing-prototypes  -DCUT_C=1  -DCOROUTINING=1 -DRATIONAL_TREES=1 -DDEPTH_LIMIT=1 -DHAVE_CONFIG_H -D_YAP_NOT_INSTALLED_=1 -I. -I../H -I../OPTYap -I../BEAM -I../MYDDAS ../C/amasm.c -o amasm.o
arm-linux-gnueabihf-gcc -c -O3 -fomit-frame-pointer -Wall -Wstrict-prototypes -Wmissing-prototypes  -DCUT_C=1  -DCOROUTINING=1 -DRATIONAL_TREES=1 -DDEPTH_LIMIT=1 -DHAVE_CONFIG_H -D_YAP_NOT_INSTALLED_=1 -I. -I../H -I../OPTYap -I../BEAM -I../MYDDAS ../C/analyst.c -o analyst.o
arm-linux-gnueabihf-gcc -c -O3 -fomit-frame-pointer -Wall -Wstrict-prototypes -Wmissing-prototypes  -DCUT_C=1  -DCOROUTINING=1 -DRATIONAL_TREES=1 -DDEPTH_LIMIT=1 -DHAVE_CONFIG_H -D_YAP_NOT_INSTALLED_=1 -I. -I../H -I../OPTYap -I../BEAM -I../MYDDAS ../C/arrays.c -o arrays.o
arm-linux-gnueabihf-gcc -c -O3 -fomit-frame-pointer -Wall -Wstrict-prototypes -Wmissing-prototypes  -DCUT_C=1  -DCOROUTINING=1 -DRATIONAL_TREES=1 -DDEPTH_LIMIT=1 -DHAVE_CONFIG_H -D_YAP_NOT_INSTALLED_=1 -I. -I../H -I../OPTYap -I../BEAM -I../MYDDAS ../C/arith0.c -o arith0.o
arm-linux-gnueabihf-gcc -c -O3 -fomit-frame-pointer -Wall -Wstrict-prototypes -Wmissing-prototypes  -DCUT_C=1  -DCOROUTINING=1 -DRATIONAL_TREES=1 -DDEPTH_LIMIT=1 -DHAVE_CONFIG_H -D_YAP_NOT_INSTALLED_=1 -I. -I../H -I../OPTYap -I../BEAM -I../MYDDAS ../C/arith1.c -o arith1.o
arm-linux-gnueabihf-gcc -c -O3 -fomit-frame-pointer -Wall -Wstrict-prototypes -Wmissing-prototypes  -DCUT_C=1  -DCOROUTINING=1 -DRATIONAL_TREES=1 -DDEPTH_LIMIT=1 -DHAVE_CONFIG_H -D_YAP_NOT_INSTALLED_=1 -I. -I../H -I../OPTYap -I../BEAM -I../MYDDAS ../C/arith2.c -o arith2.o
../C/arith2.c: In function p_rem:
../C/arith2.c:180:6: warning: variable mod set but not used [-Wunused-but-set-variable]
  Int mod;
      ^~~
arm-linux-gnueabihf-gcc -c -O3 -fomit-frame-pointer -Wall -Wstrict-prototypes -Wmissing-prototypes  -DCUT_C=1  -DCOROUTINING=1 -DRATIONAL_TREES=1 -DDEPTH_LIMIT=1 -DHAVE_CONFIG_H -D_YAP_NOT_INSTALLED_=1 -I. -I../H -I../OPTYap -I../BEAM -I../MYDDAS ../C/attvar.c -o attvar.o
arm-linux-gnueabihf-gcc -c -O3 -fomit-frame-pointer -Wall -Wstrict-prototypes -Wmissing-prototypes  -DCUT_C=1  -DCOROUTINING=1 -DRATIONAL_TREES=1 -DDEPTH_LIMIT=1 -DHAVE_CONFIG_H -D_YAP_NOT_INSTALLED_=1 -I. -I../H -I../OPTYap -I../BEAM -I../MYDDAS ../C/bignum.c -o bignum.o
arm-linux-gnueabihf-gcc -c -O3 -fomit-frame-pointer -Wall -Wstrict-prototypes -Wmissing-prototypes  -DCUT_C=1  -DCOROUTINING=1 -DRATIONAL_TREES=1 -DDEPTH_LIMIT=1 -DHAVE_CONFIG_H -D_YAP_NOT_INSTALLED_=1 -I. -I../H -I../OPTYap -I../BEAM -I../MYDDAS ../C/bb.c -o bb.o
arm-linux-gnueabihf-gcc -c -O3 -fomit-frame-pointer -Wall -Wstrict-prototypes -Wmissing-prototypes  -DCUT_C=1  -DCOROUTINING=1 -DRATIONAL_TREES=1 -DDEPTH_LIMIT=1 -DHAVE_CONFIG_H -D_YAP_NOT_INSTALLED_=1 -I. -I../H -I../OPTYap -I../BEAM -I../MYDDAS ../C/cdmgr.c -o cdmgr.o
../C/cdmgr.c: In function decrease_log_indices:
../C/cdmgr.c:1282:14: warning: variable op set but not used [-Wunused-but-set-variable]
   op_numbers op;
              ^~
../C/cdmgr.c: In function p_env_info:
../C/cdmgr.c:5414:14: warning: variable pe set but not used [-Wunused-but-set-variable]
   PredEntry *pe;
              ^~
arm-linux-gnueabihf-gcc -c -O3 -fomit-frame-pointer -Wall -Wstrict-prototypes -Wmissing-prototypes  -DCUT_C=1  -DCOROUTINING=1 -DRATIONAL_TREES=1 -DDEPTH_LIMIT=1 -DHAVE_CONFIG_H -D_YAP_NOT_INSTALLED_=1 -I. -I../H -I../OPTYap -I../BEAM -I../MYDDAS ../C/cmppreds.c -o cmppreds.o
arm-linux-gnueabihf-gcc -c -O3 -fomit-frame-pointer -Wall -Wstrict-prototypes -Wmissing-prototypes  -DCUT_C=1  -DCOROUTINING=1 -DRATIONAL_TREES=1 -DDEPTH_LIMIT=1 -DHAVE_CONFIG_H -D_YAP_NOT_INSTALLED_=1 -I. -I../H -I../OPTYap -I../BEAM -I../MYDDAS ../C/compiler.c -o compiler.o
../C/compiler.c: In function c_layout:
../C/compiler.c:2734:27: warning: variable Arity set but not used [-Wunused-but-set-variable]
   Int *up = cglobs->Uses, Arity;
                           ^~~~~
arm-linux-gnueabihf-gcc -c -O3 -fomit-frame-pointer -Wall -Wstrict-prototypes -Wmissing-prototypes  -DCUT_C=1  -DCOROUTINING=1 -DRATIONAL_TREES=1 -DDEPTH_LIMIT=1 -DHAVE_CONFIG_H -D_YAP_NOT_INSTALLED_=1 -I. -I../H -I../OPTYap -I../BEAM -I../MYDDAS ../C/computils.c -o computils.o
arm-linux-gnueabihf-gcc -c -O3 -fomit-frame-pointer -Wall -Wstrict-prototypes -Wmissing-prototypes  -DCUT_C=1  -DCOROUTINING=1 -DRATIONAL_TREES=1 -DDEPTH_LIMIT=1 -DHAVE_CONFIG_H -D_YAP_NOT_INSTALLED_=1 -I. -I../H -I../OPTYap -I../BEAM -I../MYDDAS ../C/corout.c -o corout.o
arm-linux-gnueabihf-gcc -c -O3 -fomit-frame-pointer -Wall -Wstrict-prototypes -Wmissing-prototypes  -DCUT_C=1  -DCOROUTINING=1 -DRATIONAL_TREES=1 -DDEPTH_LIMIT=1 -DHAVE_CONFIG_H -D_YAP_NOT_INSTALLED_=1 -I. -I../H -I../OPTYap -I../BEAM -I../MYDDAS ../C/cut_c.c -o cut_c.o
arm-linux-gnueabihf-gcc -c -O3 -fomit-frame-pointer -Wall -Wstrict-prototypes -Wmissing-prototypes  -DCUT_C=1  -DCOROUTINING=1 -DRATIONAL_TREES=1 -DDEPTH_LIMIT=1 -DHAVE_CONFIG_H -D_YAP_NOT_INSTALLED_=1 -I. -I../H -I../OPTYap -I../BEAM -I../MYDDAS ../C/dbase.c -o dbase.o
../C/dbase.c: In function GetDBTerm:
../C/dbase.c:2464:2: warning: this if clause does not guard... [-Wmisleading-indentation]
  if (H+NOf > ASP)
  ^~
../C/dbase.c:2466:4: note: ...this statement, but the latter is misleadingly indented as if it were guarded by the if
    Yap_exit( 1);
    ^~~~~~~~
../C/dbase.c: In function MyEraseClause:
../C/dbase.c:4158:19: warning: variable clmask set but not used [-Wunused-but-set-variable]
   SMALLUNSGN      clmask;
                   ^~~~~~
../C/dbase.c: In function p_enqueue:
../C/dbase.c:5029:8: warning: variable t set but not used [-Wunused-but-set-variable]
   Term t;
        ^
../C/dbase.c: In function p_enqueue_unlocked:
../C/dbase.c:5069:8: warning: variable t set but not used [-Wunused-but-set-variable]
   Term t;
        ^
arm-linux-gnueabihf-gcc -c -O3 -fomit-frame-pointer -Wall -Wstrict-prototypes -Wmissing-prototypes  -DCUT_C=1  -DCOROUTINING=1 -DRATIONAL_TREES=1 -DDEPTH_LIMIT=1 -DHAVE_CONFIG_H -D_YAP_NOT_INSTALLED_=1 -I. -I../H -I../OPTYap -I../BEAM -I../MYDDAS ../C/dlmalloc.c -o dlmalloc.o
../C/dlmalloc.c: In function Yap_RestoreDLMalloc:
../C/dlmalloc.c:2944:16: warning: variable idx set but not used [-Wunused-but-set-variable]
   unsigned int idx;
                ^~~
arm-linux-gnueabihf-gcc -c -O3 -fomit-frame-pointer -Wall -Wstrict-prototypes -Wmissing-prototypes  -DCUT_C=1  -DCOROUTINING=1 -DRATIONAL_TREES=1 -DDEPTH_LIMIT=1 -DHAVE_CONFIG_H -D_YAP_NOT_INSTALLED_=1 -I. -I../H -I../OPTYap -I../BEAM -I../MYDDAS ../C/errors.c -o errors.o
../C/errors.c: In function Yap_Error:
../C/errors.c:384:9: warning: variable tp set but not used [-Wunused-but-set-variable]
   char *tp = tmpbuf;
         ^~
../C/errors.c:1832:7: warning: strncpy specified bound 1024 equals destination size [-Wstringop-truncation]
       strncpy(Yap_ErrorSay, RepAtom(NameOfFunctor(FunctorOfTerm(nt[0])))->StrOfAE,\
       ^~~~~~~~~~~~~~~~~~~~~~~~~~~~~~~~~~~~~~~~~~~~~~~~~~~~~~~~~~~~~~~~~~~~~~~~~~~~~
  MAX_ERROR_MSG_SIZE);
  ~~~~~~~~~~~~~~~~~~~
../C/errors.c:1828:7: warning: strncpy specified bound 1024 equals destination size [-Wstringop-truncation]
       strncpy(Yap_ErrorSay, RepAtom(AtomOfTerm(nt[0]))->StrOfAE, MAX_ERROR_MSG_SIZ\
       ^~~~~~~~~~~~~~~~~~~~~~~~~~~~~~~~~~~~~~~~~~~~~~~~~~~~~~~~~~~~~~~~~~~~~~~~~~~~~
 E);
 ~~     
arm-linux-gnueabihf-gcc -c -O3 -fomit-frame-pointer -Wall -Wstrict-prototypes -Wmissing-prototypes  -DCUT_C=1  -DCOROUTINING=1 -DRATIONAL_TREES=1 -DDEPTH_LIMIT=1 -DHAVE_CONFIG_H -D_YAP_NOT_INSTALLED_=1 -I. -I../H -I../OPTYap -I../BEAM -I../MYDDAS ../C/eval.c -o eval.o
arm-linux-gnueabihf-gcc -c -O3 -fomit-frame-pointer -Wall -Wstrict-prototypes -Wmissing-prototypes  -DCUT_C=1  -DCOROUTINING=1 -DRATIONAL_TREES=1 -DDEPTH_LIMIT=1 -DHAVE_CONFIG_H -D_YAP_NOT_INSTALLED_=1 -I. -I../H -I../OPTYap -I../BEAM -I../MYDDAS ../C/exec.c -o exec.o
../C/exec.c: In function Yap_execute_goal:
../C/exec.c:1143:22: warning: variable old_B set but not used [-Wunused-but-set-variable]
     choiceptr cut_B, old_B;
                      ^~~~~
../C/exec.c:1096:14: warning: variable ppe set but not used [-Wunused-but-set-variable]
   PredEntry *ppe;
              ^~~
../C/exec.c: In function Yap_RunTopGoal:
../C/exec.c:1236:8: warning: variable mod set but not used [-Wunused-but-set-variable]
   Term mod = CurrentModule;
        ^~~
../C/exec.c: In function p_execute5:
../C/exec.c:268:16: warning: iteration 1073741823 invokes undefined behavior [-Waggressive-loop-optimizations]
       *H++ = pt[i];
                ^
../C/exec.c:267:5: note: within this loop
     for (i = 0; i<arity-n;i++) {
     ^~~
../C/exec.c: In function p_execute6:
../C/exec.c:268:16: warning: iteration 1073741823 invokes undefined behavior [-Waggressive-loop-optimizations]
       *H++ = pt[i];
                ^
../C/exec.c:267:5: note: within this loop
     for (i = 0; i<arity-n;i++) {
     ^~~
../C/exec.c: In function p_execute7:
../C/exec.c:268:16: warning: iteration 1073741823 invokes undefined behavior [-Waggressive-loop-optimizations]
       *H++ = pt[i];
                ^
../C/exec.c:267:5: note: within this loop
     for (i = 0; i<arity-n;i++) {
     ^~~
../C/exec.c: In function p_execute8:
../C/exec.c:268:16: warning: iteration 1073741823 invokes undefined behavior [-Waggressive-loop-optimizations]
       *H++ = pt[i];
                ^
../C/exec.c:267:5: note: within this loop
     for (i = 0; i<arity-n;i++) {
     ^~~
../C/exec.c: In function p_execute10:
../C/exec.c:268:16: warning: iteration 1073741823 invokes undefined behavior [-Waggressive-loop-optimizations]
       *H++ = pt[i];
                ^
../C/exec.c:267:5: note: within this loop
     for (i = 0; i<arity-n;i++) {
     ^~~
../C/exec.c: In function p_execute11:
../C/exec.c:268:16: warning: iteration 1073741823 invokes undefined behavior [-Waggressive-loop-optimizations]
       *H++ = pt[i];
                ^
../C/exec.c:267:5: note: within this loop
     for (i = 0; i<arity-n;i++) {
     ^~~
../C/exec.c: In function p_execute4:
../C/exec.c:268:16: warning: iteration 1073741823 invokes undefined behavior [-Waggressive-loop-optimizations]
       *H++ = pt[i];
                ^
../C/exec.c:267:5: note: within this loop
     for (i = 0; i<arity-n;i++) {
     ^~~
../C/exec.c:268:16: warning: iteration 1073741823 invokes undefined behavior [-Waggressive-loop-optimizations]
       *H++ = pt[i];
                ^
../C/exec.c:267:5: note: within this loop
     for (i = 0; i<arity-n;i++) {
     ^~~
../C/exec.c: In function p_execute9:
../C/exec.c:268:16: warning: iteration 1073741823 invokes undefined behavior [-Waggressive-loop-optimizations]
       *H++ = pt[i];
                ^
../C/exec.c:267:5: note: within this loop
     for (i = 0; i<arity-n;i++) {
     ^~~
arm-linux-gnueabihf-gcc -c -O3 -fomit-frame-pointer -Wall -Wstrict-prototypes -Wmissing-prototypes  -DCUT_C=1  -DCOROUTINING=1 -DRATIONAL_TREES=1 -DDEPTH_LIMIT=1 -DHAVE_CONFIG_H -D_YAP_NOT_INSTALLED_=1 -I. -I../H -I../OPTYap -I../BEAM -I../MYDDAS ../C/globals.c -o globals.o
arm-linux-gnueabihf-gcc -c -O3 -fomit-frame-pointer -Wall -Wstrict-prototypes -Wmissing-prototypes  -DCUT_C=1  -DCOROUTINING=1 -DRATIONAL_TREES=1 -DDEPTH_LIMIT=1 -DHAVE_CONFIG_H -D_YAP_NOT_INSTALLED_=1 -I. -I../H -I../OPTYap -I../BEAM -I../MYDDAS ../C/gmp_support.c -o gmp_support.o
arm-linux-gnueabihf-gcc -c -O3 -fomit-frame-pointer -Wall -Wstrict-prototypes -Wmissing-prototypes  -DCUT_C=1  -DCOROUTINING=1 -DRATIONAL_TREES=1 -DDEPTH_LIMIT=1 -DHAVE_CONFIG_H -D_YAP_NOT_INSTALLED_=1 -I. -I../H -I../OPTYap -I../BEAM -I../MYDDAS ../C/gprof.c -o gprof.o
../C/gprof.c: In function profile_names:
../C/gprof.c:689:5: warning: passing argument 1 to restrict-qualified parameter aliases with argument 3 [-Wrestrict]
     sprintf(FNAME,"%s/PROFILING_%d",FNAME,getpid());
     ^~~~~~~
../C/gprof.c:691:5: warning: passing argument 1 to restrict-qualified parameter aliases with argument 3 [-Wrestrict]
     sprintf(FNAME,"%s/PROFPREDS_%d",FNAME,getpid());
     ^~~~~~~
arm-linux-gnueabihf-gcc -c -O3 -fomit-frame-pointer -Wall -Wstrict-prototypes -Wmissing-prototypes  -DCUT_C=1  -DCOROUTINING=1 -DRATIONAL_TREES=1 -DDEPTH_LIMIT=1 -DHAVE_CONFIG_H -D_YAP_NOT_INSTALLED_=1 -I. -I../H -I../OPTYap -I../BEAM -I../MYDDAS ../C/grow.c -o grow.o
arm-linux-gnueabihf-gcc -c -O3 -fomit-frame-pointer -Wall -Wstrict-prototypes -Wmissing-prototypes  -DCUT_C=1  -DCOROUTINING=1 -DRATIONAL_TREES=1 -DDEPTH_LIMIT=1 -DHAVE_CONFIG_H -D_YAP_NOT_INSTALLED_=1 -I. -I../H -I../OPTYap -I../BEAM -I../MYDDAS ../C/heapgc.c -o heapgc.o
../C/heapgc.c: In function sweep_trail:
../C/heapgc.c:2651:8: warning: variable ptr set but not used [-Wunused-but-set-variable]
  CELL *ptr;
        ^~~
arm-linux-gnueabihf-gcc -c -O3 -fomit-frame-pointer -Wall -Wstrict-prototypes -Wmissing-prototypes  -DCUT_C=1  -DCOROUTINING=1 -DRATIONAL_TREES=1 -DDEPTH_LIMIT=1 -DHAVE_CONFIG_H -D_YAP_NOT_INSTALLED_=1 -I. -I../H -I../OPTYap -I../BEAM -I../MYDDAS ../C/index.c -o index.o
../C/index.c: In function install_log_upd_clause:
../C/index.c:3626:7: warning: variable last_arg set but not used [-Wunused-but-set-variable]
   int last_arg = TRUE;
       ^~~~~~~~
../C/index.c: In function expand_index:
../C/index.c:3927:10: warning: variable eblk set but not used [-Wunused-but-set-variable]
   yamop *eblk = NULL;
          ^~~~
../C/index.c: In function ExpandIndex:
../C/index.c:4498:15: warning: variable cl set but not used [-Wunused-but-set-variable]
  StaticIndex *cl;
               ^~
../C/index.c: In function add_to_index:
../C/index.c:5543:7: warning: variable last_arg set but not used [-Wunused-but-set-variable]
   int last_arg = TRUE;
       ^~~~~~~~
../C/index.c: In function remove_from_index:
../C/index.c:6098:8: warning: variable current_arity set but not used [-Wunused-but-set-variable]
   UInt current_arity = 0;
        ^~~~~~~~~~~~~
../C/index.c: In function Yap_FollowIndexingCode:
../C/index.c:6635:11: warning: variable jlbl set but not used [-Wunused-but-set-variable]
   yamop **jlbl = NULL;
           ^~~~
../C/index.c:6633:10: warning: variable start_pc set but not used [-Wunused-but-set-variable]
   yamop *start_pc = ipc;
          ^~~~~~~~
../C/index.c: In function Yap_NthClause:
../C/index.c:7204:11: warning: variable jlbl set but not used [-Wunused-but-set-variable]
   yamop **jlbl = NULL;
           ^~~~
../C/index.c: In function Yap_CleanUpIndex:
../C/index.c:7400:32: warning: variable codep set but not used [-Wunused-but-set-variable]
   yamop *start = blk->ClCode, *codep;
                                ^~~~~
arm-linux-gnueabihf-gcc -c -O3 -fomit-frame-pointer -Wall -Wstrict-prototypes -Wmissing-prototypes  -DCUT_C=1  -DCOROUTINING=1 -DRATIONAL_TREES=1 -DDEPTH_LIMIT=1 -DHAVE_CONFIG_H -D_YAP_NOT_INSTALLED_=1 -I. -I../H -I../OPTYap -I../BEAM -I../MYDDAS ../C/init.c -o init.o
arm-linux-gnueabihf-gcc -c -O3 -fomit-frame-pointer -Wall -Wstrict-prototypes -Wmissing-prototypes  -DCUT_C=1  -DCOROUTINING=1 -DRATIONAL_TREES=1 -DDEPTH_LIMIT=1 -DHAVE_CONFIG_H -D_YAP_NOT_INSTALLED_=1 -I. -I../H -I../OPTYap -I../BEAM -I../MYDDAS ../C/inlines.c -o inlines.o
arm-linux-gnueabihf-gcc -c -O3 -fomit-frame-pointer -Wall -Wstrict-prototypes -Wmissing-prototypes  -DCUT_C=1  -DCOROUTINING=1 -DRATIONAL_TREES=1 -DDEPTH_LIMIT=1 -DHAVE_CONFIG_H -D_YAP_NOT_INSTALLED_=1 -I. -I../H -I../OPTYap -I../BEAM -I../MYDDAS ../C/iopreds.c -o iopreds.o
../C/iopreds.c: In function p_always_prompt_user:
../C/iopreds.c:368:8: warning: this if clause does not guard... [-Wmisleading-indentation]
        if (Stream[0].status & Tty_Stream_f &&
        ^~
../C/iopreds.c:371:3: note: ...this statement, but the latter is misleadingly indented as if it were guarded by the if
   s->stream_wputc = put_wchar;
   ^
../C/iopreds.c: In function LookupSWIStream:
../C/iopreds.c:3473:26: warning: assignment to int (*)(int,  wchar_t) {aka int (*)(int,  unsigned int)} from incompatible pointer type int (*)(int,  int) [-Wincompatible-pointer-types]
   Stream[i].stream_wputc = IOSWIWidePutc;
                          ^
../C/iopreds.c: In function StreamName:
../C/iopreds.c:3607:3: warning: this else clause does not guard... [-Wmisleading-indentation]
   else
   ^~~~
../C/iopreds.c:3611:5: note: ...this statement, but the latter is misleadingly indented as if it were guarded by the else
     if (Stream[i].status & InMemory_Stream_f)
     ^~
../C/iopreds.c: In function p_open:
../C/iopreds.c:2770:4: warning: array subscript 1 is above array bounds of Term[1] {aka unsigned int[1]} [-Warray-bounds]
  ta[1] = MkAtomTerm(AtomTrue);
  ~~^~~
../C/iopreds.c:2673:8: warning: strncpy specified bound 1024 equals destination size [-Wstringop-truncation]
   if (!strncpy(Yap_FileNameBuf, RepAtom (AtomOfTerm (file_name))->StrOfAE, YAP_FILENAME_MAX))
        ^~~~~~~~~~~~~~~~~~~~~~~~~~~~~~~~~~~~~~~~~~~~~~~~~~~~~~~~~~~~~~~~~~~~~~~~~~~~~~~~~~~~~
arm-linux-gnueabihf-gcc -c -O3 -fomit-frame-pointer -Wall -Wstrict-prototypes -Wmissing-prototypes  -DCUT_C=1  -DCOROUTINING=1 -DRATIONAL_TREES=1 -DDEPTH_LIMIT=1 -DHAVE_CONFIG_H -D_YAP_NOT_INSTALLED_=1 -I. -I../H -I../OPTYap -I../BEAM -I../MYDDAS ../C/depth_bound.c -o depth_bound.o
arm-linux-gnueabihf-gcc -c -O3 -fomit-frame-pointer -Wall -Wstrict-prototypes -Wmissing-prototypes  -DCUT_C=1  -DCOROUTINING=1 -DRATIONAL_TREES=1 -DDEPTH_LIMIT=1 -DHAVE_CONFIG_H -D_YAP_NOT_INSTALLED_=1 -I. -I../H -I../OPTYap -I../BEAM -I../MYDDAS ../C/mavar.c -o mavar.o
arm-linux-gnueabihf-gcc -c -O3 -fomit-frame-pointer -Wall -Wstrict-prototypes -Wmissing-prototypes  -DCUT_C=1  -DCOROUTINING=1 -DRATIONAL_TREES=1 -DDEPTH_LIMIT=1 -DHAVE_CONFIG_H -D_YAP_NOT_INSTALLED_=1 -I. -I../H -I../OPTYap -I../BEAM -I../MYDDAS ../MYDDAS/myddas_mysql.c -o myddas_mysql.o
arm-linux-gnueabihf-gcc -c -O3 -fomit-frame-pointer -Wall -Wstrict-prototypes -Wmissing-prototypes  -DCUT_C=1  -DCOROUTINING=1 -DRATIONAL_TREES=1 -DDEPTH_LIMIT=1 -DHAVE_CONFIG_H -D_YAP_NOT_INSTALLED_=1 -I. -I../H -I../OPTYap -I../BEAM -I../MYDDAS ../MYDDAS/myddas_odbc.c -o myddas_odbc.o
arm-linux-gnueabihf-gcc -c -O3 -fomit-frame-pointer -Wall -Wstrict-prototypes -Wmissing-prototypes  -DCUT_C=1  -DCOROUTINING=1 -DRATIONAL_TREES=1 -DDEPTH_LIMIT=1 -DHAVE_CONFIG_H -D_YAP_NOT_INSTALLED_=1 -I. -I../H -I../OPTYap -I../BEAM -I../MYDDAS ../MYDDAS/myddas_shared.c -o myddas_shared.o
arm-linux-gnueabihf-gcc -c -O3 -fomit-frame-pointer -Wall -Wstrict-prototypes -Wmissing-prototypes  -DCUT_C=1  -DCOROUTINING=1 -DRATIONAL_TREES=1 -DDEPTH_LIMIT=1 -DHAVE_CONFIG_H -D_YAP_NOT_INSTALLED_=1 -I. -I../H -I../OPTYap -I../BEAM -I../MYDDAS ../MYDDAS/myddas_initialization.c -o myddas_initialization.o
arm-linux-gnueabihf-gcc -c -O3 -fomit-frame-pointer -Wall -Wstrict-prototypes -Wmissing-prototypes  -DCUT_C=1  -DCOROUTINING=1 -DRATIONAL_TREES=1 -DDEPTH_LIMIT=1 -DHAVE_CONFIG_H -D_YAP_NOT_INSTALLED_=1 -I. -I../H -I../OPTYap -I../BEAM -I../MYDDAS ../MYDDAS/myddas_util.c -o myddas_util.o
arm-linux-gnueabihf-gcc -c -O3 -fomit-frame-pointer -Wall -Wstrict-prototypes -Wmissing-prototypes  -DCUT_C=1  -DCOROUTINING=1 -DRATIONAL_TREES=1 -DDEPTH_LIMIT=1 -DHAVE_CONFIG_H -D_YAP_NOT_INSTALLED_=1 -I. -I../H -I../OPTYap -I../BEAM -I../MYDDAS ../MYDDAS/myddas_statistics.c -o myddas_statistics.o
arm-linux-gnueabihf-gcc -c -O3 -fomit-frame-pointer -Wall -Wstrict-prototypes -Wmissing-prototypes  -DCUT_C=1  -DCOROUTINING=1 -DRATIONAL_TREES=1 -DDEPTH_LIMIT=1 -DHAVE_CONFIG_H -D_YAP_NOT_INSTALLED_=1 -I. -I../H -I../OPTYap -I../BEAM -I../MYDDAS ../MYDDAS/myddas_top_level.c -o myddas_top_level.o
arm-linux-gnueabihf-gcc -c -O3 -fomit-frame-pointer -Wall -Wstrict-prototypes -Wmissing-prototypes  -DCUT_C=1  -DCOROUTINING=1 -DRATIONAL_TREES=1 -DDEPTH_LIMIT=1 -DHAVE_CONFIG_H -D_YAP_NOT_INSTALLED_=1 -I. -I../H -I../OPTYap -I../BEAM -I../MYDDAS ../MYDDAS/myddas_wkb2prolog.c -o myddas_wkb2prolog.o
arm-linux-gnueabihf-gcc -c -O3 -fomit-frame-pointer -Wall -Wstrict-prototypes -Wmissing-prototypes  -DCUT_C=1  -DCOROUTINING=1 -DRATIONAL_TREES=1 -DDEPTH_LIMIT=1 -DHAVE_CONFIG_H -D_YAP_NOT_INSTALLED_=1 -I. -I../H -I../OPTYap -I../BEAM -I../MYDDAS ../C/modules.c -o modules.o
arm-linux-gnueabihf-gcc -c -O3 -fomit-frame-pointer -Wall -Wstrict-prototypes -Wmissing-prototypes  -DCUT_C=1  -DCOROUTINING=1 -DRATIONAL_TREES=1 -DDEPTH_LIMIT=1 -DHAVE_CONFIG_H -D_YAP_NOT_INSTALLED_=1 -I. -I../H -I../OPTYap -I../BEAM -I../MYDDAS ../C/other.c -o other.o
arm-linux-gnueabihf-gcc -c -O3 -fomit-frame-pointer -Wall -Wstrict-prototypes -Wmissing-prototypes  -DCUT_C=1  -DCOROUTINING=1 -DRATIONAL_TREES=1 -DDEPTH_LIMIT=1 -DHAVE_CONFIG_H -D_YAP_NOT_INSTALLED_=1 -I. -I../H -I../OPTYap -I../BEAM -I../MYDDAS ../C/parser.c -o parser.o
arm-linux-gnueabihf-gcc -c -O3 -fomit-frame-pointer -Wall -Wstrict-prototypes -Wmissing-prototypes  -DCUT_C=1  -DCOROUTINING=1 -DRATIONAL_TREES=1 -DDEPTH_LIMIT=1 -DHAVE_CONFIG_H -D_YAP_NOT_INSTALLED_=1 -I. -I../H -I../OPTYap -I../BEAM -I../MYDDAS ../C/readutil.c -o readutil.o
arm-linux-gnueabihf-gcc -c -O3 -fomit-frame-pointer -Wall -Wstrict-prototypes -Wmissing-prototypes  -DCUT_C=1  -DCOROUTINING=1 -DRATIONAL_TREES=1 -DDEPTH_LIMIT=1 -DHAVE_CONFIG_H -D_YAP_NOT_INSTALLED_=1 -I. -I../H -I../OPTYap -I../BEAM -I../MYDDAS ../C/save.c -o save.o
In file included from ../C/save.c:1198:
../H/rheap.h: In function RestoreForeignCode:
../H/rheap.h:967:7: warning: this if clause does not guard... [-Wmisleading-indentation]
       if (objs->next != NULL)
       ^~
../H/rheap.h:969:2: note: ...this statement, but the latter is misleadingly indented as if it were guarded by the if
  objs->name = AtomAdjust(objs->name);
  ^~~~
../C/save.c: In function cat_file_name.constprop:
../C/save.c:1404:3: warning: strncat specified bound 1024 equals destination size [-Wstringop-overflow=]
   strncat(s,"/", max_length);
   ^~~~~~~~~~~~~~~~~~~~~~~~~~
../C/save.c: In function myread.constprop:
../C/save.c:165:65: warning: %s directive output may be truncated writing up to 1023 bytes into a region of size 985 [-Wformat-truncation=]
   snprintf(Yap_ErrorSay,MAX_ERROR_MSG_SIZE,"%s (%s when reading %s)", msg, strerror(errno), Yap_FileNameBuf);
                                                                 ^~                          ~~~~~~~~~~~~~~~
../C/save.c:165:3: note: snprintf output 41 or more bytes (assuming 1064) into a destination of size 1024
   snprintf(Yap_ErrorSay,MAX_ERROR_MSG_SIZE,"%s (%s when reading %s)", msg, strerror(errno), Yap_FileNameBuf);
   ^~~~~~~~~~~~~~~~~~~~~~~~~~~~~~~~~~~~~~~~~~~~~~~~~~~~~~~~~~~~~~~~~~~~~~~~~~~~~~~~~~~~~~~~~~~~~~~~~~~~~~~~~~
../C/save.c: In function get_header_cell:
../C/save.c:165:65: warning: %s directive output may be truncated writing up to 1023 bytes into a region of size 975 [-Wformat-truncation=]
   snprintf(Yap_ErrorSay,MAX_ERROR_MSG_SIZE,"%s (%s when reading %s)", msg, strerror(errno), Yap_FileNameBuf);
                                                                 ^~                          ~~~~~~~~~~~~~~~
../C/save.c:165:3: note: snprintf output 51 or more bytes (assuming 1074) into a destination of size 1024
   snprintf(Yap_ErrorSay,MAX_ERROR_MSG_SIZE,"%s (%s when reading %s)", msg, strerror(errno), Yap_FileNameBuf);
   ^~~~~~~~~~~~~~~~~~~~~~~~~~~~~~~~~~~~~~~~~~~~~~~~~~~~~~~~~~~~~~~~~~~~~~~~~~~~~~~~~~~~~~~~~~~~~~~~~~~~~~~~~~
../C/save.c: In function save_code_info:
../C/save.c:165:65: warning: %s directive output may be truncated writing up to 1023 bytes into a region of size 984 [-Wformat-truncation=]
   snprintf(Yap_ErrorSay,MAX_ERROR_MSG_SIZE,"%s (%s when reading %s)", msg, strerror(errno), Yap_FileNameBuf);
                                                                 ^~                          ~~~~~~~~~~~~~~~
../C/save.c:165:3: note: snprintf output 42 or more bytes (assuming 1065) into a destination of size 1024
   snprintf(Yap_ErrorSay,MAX_ERROR_MSG_SIZE,"%s (%s when reading %s)", msg, strerror(errno), Yap_FileNameBuf);
   ^~~~~~~~~~~~~~~~~~~~~~~~~~~~~~~~~~~~~~~~~~~~~~~~~~~~~~~~~~~~~~~~~~~~~~~~~~~~~~~~~~~~~~~~~~~~~~~~~~~~~~~~~~
../C/save.c:165:65: warning: %s directive output may be truncated writing up to 1023 bytes into a region of size 984 [-Wformat-truncation=]
   snprintf(Yap_ErrorSay,MAX_ERROR_MSG_SIZE,"%s (%s when reading %s)", msg, strerror(errno), Yap_FileNameBuf);
                                                                 ^~                          ~~~~~~~~~~~~~~~
../C/save.c:165:3: note: snprintf output 42 or more bytes (assuming 1065) into a destination of size 1024
   snprintf(Yap_ErrorSay,MAX_ERROR_MSG_SIZE,"%s (%s when reading %s)", msg, strerror(errno), Yap_FileNameBuf);
   ^~~~~~~~~~~~~~~~~~~~~~~~~~~~~~~~~~~~~~~~~~~~~~~~~~~~~~~~~~~~~~~~~~~~~~~~~~~~~~~~~~~~~~~~~~~~~~~~~~~~~~~~~~
../C/save.c: In function put_info.constprop:
../C/save.c:165:65: warning: %s directive output may be truncated writing up to 1023 bytes into a region of size 984 [-Wformat-truncation=]
   snprintf(Yap_ErrorSay,MAX_ERROR_MSG_SIZE,"%s (%s when reading %s)", msg, strerror(errno), Yap_FileNameBuf);
                                                                 ^~                          ~~~~~~~~~~~~~~~
../C/save.c:165:3: note: snprintf output 42 or more bytes (assuming 1065) into a destination of size 1024
   snprintf(Yap_ErrorSay,MAX_ERROR_MSG_SIZE,"%s (%s when reading %s)", msg, strerror(errno), Yap_FileNameBuf);
   ^~~~~~~~~~~~~~~~~~~~~~~~~~~~~~~~~~~~~~~~~~~~~~~~~~~~~~~~~~~~~~~~~~~~~~~~~~~~~~~~~~~~~~~~~~~~~~~~~~~~~~~~~~
../C/save.c:165:65: warning: %s directive output may be truncated writing up to 1023 bytes into a region of size 984 [-Wformat-truncation=]
   snprintf(Yap_ErrorSay,MAX_ERROR_MSG_SIZE,"%s (%s when reading %s)", msg, strerror(errno), Yap_FileNameBuf);
                                                                 ^~                          ~~~~~~~~~~~~~~~
../C/save.c:165:3: note: snprintf output 42 or more bytes (assuming 1065) into a destination of size 1024
   snprintf(Yap_ErrorSay,MAX_ERROR_MSG_SIZE,"%s (%s when reading %s)", msg, strerror(errno), Yap_FileNameBuf);
   ^~~~~~~~~~~~~~~~~~~~~~~~~~~~~~~~~~~~~~~~~~~~~~~~~~~~~~~~~~~~~~~~~~~~~~~~~~~~~~~~~~~~~~~~~~~~~~~~~~~~~~~~~~
../C/save.c:165:65: warning: %s directive output may be truncated writing up to 1023 bytes into a region of size 984 [-Wformat-truncation=]
   snprintf(Yap_ErrorSay,MAX_ERROR_MSG_SIZE,"%s (%s when reading %s)", msg, strerror(errno), Yap_FileNameBuf);
                                                                 ^~                          ~~~~~~~~~~~~~~~
../C/save.c:165:3: note: snprintf output 42 or more bytes (assuming 1065) into a destination of size 1024
   snprintf(Yap_ErrorSay,MAX_ERROR_MSG_SIZE,"%s (%s when reading %s)", msg, strerror(errno), Yap_FileNameBuf);
   ^~~~~~~~~~~~~~~~~~~~~~~~~~~~~~~~~~~~~~~~~~~~~~~~~~~~~~~~~~~~~~~~~~~~~~~~~~~~~~~~~~~~~~~~~~~~~~~~~~~~~~~~~~
../C/save.c:165:65: warning: %s directive output may be truncated writing up to 1023 bytes into a region of size 984 [-Wformat-truncation=]
   snprintf(Yap_ErrorSay,MAX_ERROR_MSG_SIZE,"%s (%s when reading %s)", msg, strerror(errno), Yap_FileNameBuf);
                                                                 ^~                          ~~~~~~~~~~~~~~~
../C/save.c:165:3: note: snprintf output 42 or more bytes (assuming 1065) into a destination of size 1024
   snprintf(Yap_ErrorSay,MAX_ERROR_MSG_SIZE,"%s (%s when reading %s)", msg, strerror(errno), Yap_FileNameBuf);
   ^~~~~~~~~~~~~~~~~~~~~~~~~~~~~~~~~~~~~~~~~~~~~~~~~~~~~~~~~~~~~~~~~~~~~~~~~~~~~~~~~~~~~~~~~~~~~~~~~~~~~~~~~~
../C/save.c:165:65: warning: %s directive output may be truncated writing up to 1023 bytes into a region of size 984 [-Wformat-truncation=]
   snprintf(Yap_ErrorSay,MAX_ERROR_MSG_SIZE,"%s (%s when reading %s)", msg, strerror(errno), Yap_FileNameBuf);
                                                                 ^~                          ~~~~~~~~~~~~~~~
../C/save.c:165:3: note: snprintf output 42 or more bytes (assuming 1065) into a destination of size 1024
   snprintf(Yap_ErrorSay,MAX_ERROR_MSG_SIZE,"%s (%s when reading %s)", msg, strerror(errno), Yap_FileNameBuf);
   ^~~~~~~~~~~~~~~~~~~~~~~~~~~~~~~~~~~~~~~~~~~~~~~~~~~~~~~~~~~~~~~~~~~~~~~~~~~~~~~~~~~~~~~~~~~~~~~~~~~~~~~~~~
../C/save.c:165:65: warning: %s directive output may be truncated writing up to 1023 bytes into a region of size 984 [-Wformat-truncation=]
   snprintf(Yap_ErrorSay,MAX_ERROR_MSG_SIZE,"%s (%s when reading %s)", msg, strerror(errno), Yap_FileNameBuf);
                                                                 ^~                          ~~~~~~~~~~~~~~~
../C/save.c:165:3: note: snprintf output 42 or more bytes (assuming 1065) into a destination of size 1024
   snprintf(Yap_ErrorSay,MAX_ERROR_MSG_SIZE,"%s (%s when reading %s)", msg, strerror(errno), Yap_FileNameBuf);
   ^~~~~~~~~~~~~~~~~~~~~~~~~~~~~~~~~~~~~~~~~~~~~~~~~~~~~~~~~~~~~~~~~~~~~~~~~~~~~~~~~~~~~~~~~~~~~~~~~~~~~~~~~~
../C/save.c:165:65: warning: %s directive output may be truncated writing up to 1023 bytes into a region of size 984 [-Wformat-truncation=]
   snprintf(Yap_ErrorSay,MAX_ERROR_MSG_SIZE,"%s (%s when reading %s)", msg, strerror(errno), Yap_FileNameBuf);
                                                                 ^~                          ~~~~~~~~~~~~~~~
../C/save.c:165:3: note: snprintf output 42 or more bytes (assuming 1065) into a destination of size 1024
   snprintf(Yap_ErrorSay,MAX_ERROR_MSG_SIZE,"%s (%s when reading %s)", msg, strerror(errno), Yap_FileNameBuf);
   ^~~~~~~~~~~~~~~~~~~~~~~~~~~~~~~~~~~~~~~~~~~~~~~~~~~~~~~~~~~~~~~~~~~~~~~~~~~~~~~~~~~~~~~~~~~~~~~~~~~~~~~~~~
../C/save.c:165:65: warning: %s directive output may be truncated writing up to 1023 bytes into a region of size 984 [-Wformat-truncation=]
   snprintf(Yap_ErrorSay,MAX_ERROR_MSG_SIZE,"%s (%s when reading %s)", msg, strerror(errno), Yap_FileNameBuf);
                                                                 ^~                          ~~~~~~~~~~~~~~~
../C/save.c:165:3: note: snprintf output 42 or more bytes (assuming 1065) into a destination of size 1024
   snprintf(Yap_ErrorSay,MAX_ERROR_MSG_SIZE,"%s (%s when reading %s)", msg, strerror(errno), Yap_FileNameBuf);
   ^~~~~~~~~~~~~~~~~~~~~~~~~~~~~~~~~~~~~~~~~~~~~~~~~~~~~~~~~~~~~~~~~~~~~~~~~~~~~~~~~~~~~~~~~~~~~~~~~~~~~~~~~~
../C/save.c:165:65: warning: %s directive output may be truncated writing up to 1023 bytes into a region of size 984 [-Wformat-truncation=]
   snprintf(Yap_ErrorSay,MAX_ERROR_MSG_SIZE,"%s (%s when reading %s)", msg, strerror(errno), Yap_FileNameBuf);
                                                                 ^~                          ~~~~~~~~~~~~~~~
../C/save.c:165:3: note: snprintf output 42 or more bytes (assuming 1065) into a destination of size 1024
   snprintf(Yap_ErrorSay,MAX_ERROR_MSG_SIZE,"%s (%s when reading %s)", msg, strerror(errno), Yap_FileNameBuf);
   ^~~~~~~~~~~~~~~~~~~~~~~~~~~~~~~~~~~~~~~~~~~~~~~~~~~~~~~~~~~~~~~~~~~~~~~~~~~~~~~~~~~~~~~~~~~~~~~~~~~~~~~~~~
../C/save.c:165:65: warning: %s directive output may be truncated writing up to 1023 bytes into a region of size 984 [-Wformat-truncation=]
   snprintf(Yap_ErrorSay,MAX_ERROR_MSG_SIZE,"%s (%s when reading %s)", msg, strerror(errno), Yap_FileNameBuf);
                                                                 ^~                          ~~~~~~~~~~~~~~~
../C/save.c:165:3: note: snprintf output 42 or more bytes (assuming 1065) into a destination of size 1024
   snprintf(Yap_ErrorSay,MAX_ERROR_MSG_SIZE,"%s (%s when reading %s)", msg, strerror(errno), Yap_FileNameBuf);
   ^~~~~~~~~~~~~~~~~~~~~~~~~~~~~~~~~~~~~~~~~~~~~~~~~~~~~~~~~~~~~~~~~~~~~~~~~~~~~~~~~~~~~~~~~~~~~~~~~~~~~~~~~~
../C/save.c: In function do_save:
../C/save.c:165:65: warning: %s directive output may be truncated writing up to 1023 bytes into a region of size 984 [-Wformat-truncation=]
   snprintf(Yap_ErrorSay,MAX_ERROR_MSG_SIZE,"%s (%s when reading %s)", msg, strerror(errno), Yap_FileNameBuf);
                                                                 ^~                          ~~~~~~~~~~~~~~~
../C/save.c:165:3: note: snprintf output 42 or more bytes (assuming 1065) into a destination of size 1024
   snprintf(Yap_ErrorSay,MAX_ERROR_MSG_SIZE,"%s (%s when reading %s)", msg, strerror(errno), Yap_FileNameBuf);
   ^~~~~~~~~~~~~~~~~~~~~~~~~~~~~~~~~~~~~~~~~~~~~~~~~~~~~~~~~~~~~~~~~~~~~~~~~~~~~~~~~~~~~~~~~~~~~~~~~~~~~~~~~~
../C/save.c:165:65: warning: %s directive output may be truncated writing up to 1023 bytes into a region of size 984 [-Wformat-truncation=]
   snprintf(Yap_ErrorSay,MAX_ERROR_MSG_SIZE,"%s (%s when reading %s)", msg, strerror(errno), Yap_FileNameBuf);
                                                                 ^~                          ~~~~~~~~~~~~~~~
../C/save.c:165:3: note: snprintf output 42 or more bytes (assuming 1065) into a destination of size 1024
   snprintf(Yap_ErrorSay,MAX_ERROR_MSG_SIZE,"%s (%s when reading %s)", msg, strerror(errno), Yap_FileNameBuf);
   ^~~~~~~~~~~~~~~~~~~~~~~~~~~~~~~~~~~~~~~~~~~~~~~~~~~~~~~~~~~~~~~~~~~~~~~~~~~~~~~~~~~~~~~~~~~~~~~~~~~~~~~~~~
../C/save.c:165:65: warning: %s directive output may be truncated writing up to 1023 bytes into a region of size 984 [-Wformat-truncation=]
   snprintf(Yap_ErrorSay,MAX_ERROR_MSG_SIZE,"%s (%s when reading %s)", msg, strerror(errno), Yap_FileNameBuf);
                                                                 ^~                          ~~~~~~~~~~~~~~~
../C/save.c:165:3: note: snprintf output 42 or more bytes (assuming 1065) into a destination of size 1024
   snprintf(Yap_ErrorSay,MAX_ERROR_MSG_SIZE,"%s (%s when reading %s)", msg, strerror(errno), Yap_FileNameBuf);
   ^~~~~~~~~~~~~~~~~~~~~~~~~~~~~~~~~~~~~~~~~~~~~~~~~~~~~~~~~~~~~~~~~~~~~~~~~~~~~~~~~~~~~~~~~~~~~~~~~~~~~~~~~~
../C/save.c:165:65: warning: %s directive output may be truncated writing up to 1023 bytes into a region of size 984 [-Wformat-truncation=]
   snprintf(Yap_ErrorSay,MAX_ERROR_MSG_SIZE,"%s (%s when reading %s)", msg, strerror(errno), Yap_FileNameBuf);
                                                                 ^~                          ~~~~~~~~~~~~~~~
../C/save.c:165:3: note: snprintf output 42 or more bytes (assuming 1065) into a destination of size 1024
   snprintf(Yap_ErrorSay,MAX_ERROR_MSG_SIZE,"%s (%s when reading %s)", msg, strerror(errno), Yap_FileNameBuf);
   ^~~~~~~~~~~~~~~~~~~~~~~~~~~~~~~~~~~~~~~~~~~~~~~~~~~~~~~~~~~~~~~~~~~~~~~~~~~~~~~~~~~~~~~~~~~~~~~~~~~~~~~~~~
../C/save.c:165:65: warning: %s directive output may be truncated writing up to 1023 bytes into a region of size 984 [-Wformat-truncation=]
   snprintf(Yap_ErrorSay,MAX_ERROR_MSG_SIZE,"%s (%s when reading %s)", msg, strerror(errno), Yap_FileNameBuf);
                                                                 ^~                          ~~~~~~~~~~~~~~~
../C/save.c:165:3: note: snprintf output 42 or more bytes (assuming 1065) into a destination of size 1024
   snprintf(Yap_ErrorSay,MAX_ERROR_MSG_SIZE,"%s (%s when reading %s)", msg, strerror(errno), Yap_FileNameBuf);
   ^~~~~~~~~~~~~~~~~~~~~~~~~~~~~~~~~~~~~~~~~~~~~~~~~~~~~~~~~~~~~~~~~~~~~~~~~~~~~~~~~~~~~~~~~~~~~~~~~~~~~~~~~~
../C/save.c:165:65: warning: %s directive output may be truncated writing up to 1023 bytes into a region of size 984 [-Wformat-truncation=]
   snprintf(Yap_ErrorSay,MAX_ERROR_MSG_SIZE,"%s (%s when reading %s)", msg, strerror(errno), Yap_FileNameBuf);
                                                                 ^~                          ~~~~~~~~~~~~~~~
../C/save.c:165:3: note: snprintf output 42 or more bytes (assuming 1065) into a destination of size 1024
   snprintf(Yap_ErrorSay,MAX_ERROR_MSG_SIZE,"%s (%s when reading %s)", msg, strerror(errno), Yap_FileNameBuf);
   ^~~~~~~~~~~~~~~~~~~~~~~~~~~~~~~~~~~~~~~~~~~~~~~~~~~~~~~~~~~~~~~~~~~~~~~~~~~~~~~~~~~~~~~~~~~~~~~~~~~~~~~~~~
../C/save.c:165:65: warning: %s directive output may be truncated writing up to 1023 bytes into a region of size 984 [-Wformat-truncation=]
   snprintf(Yap_ErrorSay,MAX_ERROR_MSG_SIZE,"%s (%s when reading %s)", msg, strerror(errno), Yap_FileNameBuf);
                                                                 ^~                          ~~~~~~~~~~~~~~~
../C/save.c:165:3: note: snprintf output 42 or more bytes (assuming 1065) into a destination of size 1024
   snprintf(Yap_ErrorSay,MAX_ERROR_MSG_SIZE,"%s (%s when reading %s)", msg, strerror(errno), Yap_FileNameBuf);
   ^~~~~~~~~~~~~~~~~~~~~~~~~~~~~~~~~~~~~~~~~~~~~~~~~~~~~~~~~~~~~~~~~~~~~~~~~~~~~~~~~~~~~~~~~~~~~~~~~~~~~~~~~~
../C/save.c:165:65: warning: %s directive output may be truncated writing up to 1023 bytes into a region of size 984 [-Wformat-truncation=]
   snprintf(Yap_ErrorSay,MAX_ERROR_MSG_SIZE,"%s (%s when reading %s)", msg, strerror(errno), Yap_FileNameBuf);
                                                                 ^~                          ~~~~~~~~~~~~~~~
../C/save.c:165:3: note: snprintf output 42 or more bytes (assuming 1065) into a destination of size 1024
   snprintf(Yap_ErrorSay,MAX_ERROR_MSG_SIZE,"%s (%s when reading %s)", msg, strerror(errno), Yap_FileNameBuf);
   ^~~~~~~~~~~~~~~~~~~~~~~~~~~~~~~~~~~~~~~~~~~~~~~~~~~~~~~~~~~~~~~~~~~~~~~~~~~~~~~~~~~~~~~~~~~~~~~~~~~~~~~~~~
../C/save.c:165:65: warning: %s directive output may be truncated writing up to 1023 bytes into a region of size 984 [-Wformat-truncation=]
   snprintf(Yap_ErrorSay,MAX_ERROR_MSG_SIZE,"%s (%s when reading %s)", msg, strerror(errno), Yap_FileNameBuf);
                                                                 ^~                          ~~~~~~~~~~~~~~~
../C/save.c:165:3: note: snprintf output 42 or more bytes (assuming 1065) into a destination of size 1024
   snprintf(Yap_ErrorSay,MAX_ERROR_MSG_SIZE,"%s (%s when reading %s)", msg, strerror(errno), Yap_FileNameBuf);
   ^~~~~~~~~~~~~~~~~~~~~~~~~~~~~~~~~~~~~~~~~~~~~~~~~~~~~~~~~~~~~~~~~~~~~~~~~~~~~~~~~~~~~~~~~~~~~~~~~~~~~~~~~~
../C/save.c:165:65: warning: %s directive output may be truncated writing up to 1023 bytes into a region of size 984 [-Wformat-truncation=]
   snprintf(Yap_ErrorSay,MAX_ERROR_MSG_SIZE,"%s (%s when reading %s)", msg, strerror(errno), Yap_FileNameBuf);
                                                                 ^~                          ~~~~~~~~~~~~~~~
../C/save.c:165:3: note: snprintf output 42 or more bytes (assuming 1065) into a destination of size 1024
   snprintf(Yap_ErrorSay,MAX_ERROR_MSG_SIZE,"%s (%s when reading %s)", msg, strerror(errno), Yap_FileNameBuf);
   ^~~~~~~~~~~~~~~~~~~~~~~~~~~~~~~~~~~~~~~~~~~~~~~~~~~~~~~~~~~~~~~~~~~~~~~~~~~~~~~~~~~~~~~~~~~~~~~~~~~~~~~~~~
../C/save.c:165:65: warning: %s directive output may be truncated writing up to 1023 bytes into a region of size 984 [-Wformat-truncation=]
   snprintf(Yap_ErrorSay,MAX_ERROR_MSG_SIZE,"%s (%s when reading %s)", msg, strerror(errno), Yap_FileNameBuf);
                                                                 ^~                          ~~~~~~~~~~~~~~~
../C/save.c:165:3: note: snprintf output 42 or more bytes (assuming 1065) into a destination of size 1024
   snprintf(Yap_ErrorSay,MAX_ERROR_MSG_SIZE,"%s (%s when reading %s)", msg, strerror(errno), Yap_FileNameBuf);
   ^~~~~~~~~~~~~~~~~~~~~~~~~~~~~~~~~~~~~~~~~~~~~~~~~~~~~~~~~~~~~~~~~~~~~~~~~~~~~~~~~~~~~~~~~~~~~~~~~~~~~~~~~~
../C/save.c:165:65: warning: %s directive output may be truncated writing up to 1023 bytes into a region of size 984 [-Wformat-truncation=]
   snprintf(Yap_ErrorSay,MAX_ERROR_MSG_SIZE,"%s (%s when reading %s)", msg, strerror(errno), Yap_FileNameBuf);
                                                                 ^~                          ~~~~~~~~~~~~~~~
../C/save.c:165:3: note: snprintf output 42 or more bytes (assuming 1065) into a destination of size 1024
   snprintf(Yap_ErrorSay,MAX_ERROR_MSG_SIZE,"%s (%s when reading %s)", msg, strerror(errno), Yap_FileNameBuf);
   ^~~~~~~~~~~~~~~~~~~~~~~~~~~~~~~~~~~~~~~~~~~~~~~~~~~~~~~~~~~~~~~~~~~~~~~~~~~~~~~~~~~~~~~~~~~~~~~~~~~~~~~~~~
../C/save.c:165:65: warning: %s directive output may be truncated writing up to 1023 bytes into a region of size 984 [-Wformat-truncation=]
   snprintf(Yap_ErrorSay,MAX_ERROR_MSG_SIZE,"%s (%s when reading %s)", msg, strerror(errno), Yap_FileNameBuf);
                                                                 ^~                          ~~~~~~~~~~~~~~~
../C/save.c:165:3: note: snprintf output 42 or more bytes (assuming 1065) into a destination of size 1024
   snprintf(Yap_ErrorSay,MAX_ERROR_MSG_SIZE,"%s (%s when reading %s)", msg, strerror(errno), Yap_FileNameBuf);
   ^~~~~~~~~~~~~~~~~~~~~~~~~~~~~~~~~~~~~~~~~~~~~~~~~~~~~~~~~~~~~~~~~~~~~~~~~~~~~~~~~~~~~~~~~~~~~~~~~~~~~~~~~~
../C/save.c:165:65: warning: %s directive output may be truncated writing up to 1023 bytes into a region of size 984 [-Wformat-truncation=]
   snprintf(Yap_ErrorSay,MAX_ERROR_MSG_SIZE,"%s (%s when reading %s)", msg, strerror(errno), Yap_FileNameBuf);
                                                                 ^~                          ~~~~~~~~~~~~~~~
../C/save.c:165:3: note: snprintf output 42 or more bytes (assuming 1065) into a destination of size 1024
   snprintf(Yap_ErrorSay,MAX_ERROR_MSG_SIZE,"%s (%s when reading %s)", msg, strerror(errno), Yap_FileNameBuf);
   ^~~~~~~~~~~~~~~~~~~~~~~~~~~~~~~~~~~~~~~~~~~~~~~~~~~~~~~~~~~~~~~~~~~~~~~~~~~~~~~~~~~~~~~~~~~~~~~~~~~~~~~~~~
../C/save.c:165:65: warning: %s directive output may be truncated writing up to 1023 bytes into a region of size 984 [-Wformat-truncation=]
   snprintf(Yap_ErrorSay,MAX_ERROR_MSG_SIZE,"%s (%s when reading %s)", msg, strerror(errno), Yap_FileNameBuf);
                                                                 ^~                          ~~~~~~~~~~~~~~~
../C/save.c:165:3: note: snprintf output 42 or more bytes (assuming 1065) into a destination of size 1024
   snprintf(Yap_ErrorSay,MAX_ERROR_MSG_SIZE,"%s (%s when reading %s)", msg, strerror(errno), Yap_FileNameBuf);
   ^~~~~~~~~~~~~~~~~~~~~~~~~~~~~~~~~~~~~~~~~~~~~~~~~~~~~~~~~~~~~~~~~~~~~~~~~~~~~~~~~~~~~~~~~~~~~~~~~~~~~~~~~~
../C/save.c:165:65: warning: %s directive output may be truncated writing up to 1023 bytes into a region of size 984 [-Wformat-truncation=]
   snprintf(Yap_ErrorSay,MAX_ERROR_MSG_SIZE,"%s (%s when reading %s)", msg, strerror(errno), Yap_FileNameBuf);
                                                                 ^~                          ~~~~~~~~~~~~~~~
../C/save.c:165:3: note: snprintf output 42 or more bytes (assuming 1065) into a destination of size 1024
   snprintf(Yap_ErrorSay,MAX_ERROR_MSG_SIZE,"%s (%s when reading %s)", msg, strerror(errno), Yap_FileNameBuf);
   ^~~~~~~~~~~~~~~~~~~~~~~~~~~~~~~~~~~~~~~~~~~~~~~~~~~~~~~~~~~~~~~~~~~~~~~~~~~~~~~~~~~~~~~~~~~~~~~~~~~~~~~~~~
../C/save.c:165:65: warning: %s directive output may be truncated writing up to 1023 bytes into a region of size 984 [-Wformat-truncation=]
   snprintf(Yap_ErrorSay,MAX_ERROR_MSG_SIZE,"%s (%s when reading %s)", msg, strerror(errno), Yap_FileNameBuf);
                                                                 ^~                          ~~~~~~~~~~~~~~~
../C/save.c:165:3: note: snprintf output 42 or more bytes (assuming 1065) into a destination of size 1024
   snprintf(Yap_ErrorSay,MAX_ERROR_MSG_SIZE,"%s (%s when reading %s)", msg, strerror(errno), Yap_FileNameBuf);
   ^~~~~~~~~~~~~~~~~~~~~~~~~~~~~~~~~~~~~~~~~~~~~~~~~~~~~~~~~~~~~~~~~~~~~~~~~~~~~~~~~~~~~~~~~~~~~~~~~~~~~~~~~~
../C/save.c:165:65: warning: %s directive output may be truncated writing up to 1023 bytes into a region of size 984 [-Wformat-truncation=]
   snprintf(Yap_ErrorSay,MAX_ERROR_MSG_SIZE,"%s (%s when reading %s)", msg, strerror(errno), Yap_FileNameBuf);
                                                                 ^~                          ~~~~~~~~~~~~~~~
../C/save.c:165:3: note: snprintf output 42 or more bytes (assuming 1065) into a destination of size 1024
   snprintf(Yap_ErrorSay,MAX_ERROR_MSG_SIZE,"%s (%s when reading %s)", msg, strerror(errno), Yap_FileNameBuf);
   ^~~~~~~~~~~~~~~~~~~~~~~~~~~~~~~~~~~~~~~~~~~~~~~~~~~~~~~~~~~~~~~~~~~~~~~~~~~~~~~~~~~~~~~~~~~~~~~~~~~~~~~~~~
../C/save.c:165:65: warning: %s directive output may be truncated writing up to 1023 bytes into a region of size 984 [-Wformat-truncation=]
   snprintf(Yap_ErrorSay,MAX_ERROR_MSG_SIZE,"%s (%s when reading %s)", msg, strerror(errno), Yap_FileNameBuf);
                                                                 ^~                          ~~~~~~~~~~~~~~~
../C/save.c:165:3: note: snprintf output 42 or more bytes (assuming 1065) into a destination of size 1024
   snprintf(Yap_ErrorSay,MAX_ERROR_MSG_SIZE,"%s (%s when reading %s)", msg, strerror(errno), Yap_FileNameBuf);
   ^~~~~~~~~~~~~~~~~~~~~~~~~~~~~~~~~~~~~~~~~~~~~~~~~~~~~~~~~~~~~~~~~~~~~~~~~~~~~~~~~~~~~~~~~~~~~~~~~~~~~~~~~~
../C/save.c:165:65: warning: %s directive output may be truncated writing up to 1023 bytes into a region of size 984 [-Wformat-truncation=]
   snprintf(Yap_ErrorSay,MAX_ERROR_MSG_SIZE,"%s (%s when reading %s)", msg, strerror(errno), Yap_FileNameBuf);
                                                                 ^~                          ~~~~~~~~~~~~~~~
../C/save.c:165:3: note: snprintf output 42 or more bytes (assuming 1065) into a destination of size 1024
   snprintf(Yap_ErrorSay,MAX_ERROR_MSG_SIZE,"%s (%s when reading %s)", msg, strerror(errno), Yap_FileNameBuf);
   ^~~~~~~~~~~~~~~~~~~~~~~~~~~~~~~~~~~~~~~~~~~~~~~~~~~~~~~~~~~~~~~~~~~~~~~~~~~~~~~~~~~~~~~~~~~~~~~~~~~~~~~~~~
../C/save.c:165:65: warning: %s directive output may be truncated writing up to 1023 bytes into a region of size 984 [-Wformat-truncation=]
   snprintf(Yap_ErrorSay,MAX_ERROR_MSG_SIZE,"%s (%s when reading %s)", msg, strerror(errno), Yap_FileNameBuf);
                                                                 ^~                          ~~~~~~~~~~~~~~~
../C/save.c:165:3: note: snprintf output 42 or more bytes (assuming 1065) into a destination of size 1024
   snprintf(Yap_ErrorSay,MAX_ERROR_MSG_SIZE,"%s (%s when reading %s)", msg, strerror(errno), Yap_FileNameBuf);
   ^~~~~~~~~~~~~~~~~~~~~~~~~~~~~~~~~~~~~~~~~~~~~~~~~~~~~~~~~~~~~~~~~~~~~~~~~~~~~~~~~~~~~~~~~~~~~~~~~~~~~~~~~~
../C/save.c:165:65: warning: %s directive output may be truncated writing up to 1023 bytes into a region of size 984 [-Wformat-truncation=]
   snprintf(Yap_ErrorSay,MAX_ERROR_MSG_SIZE,"%s (%s when reading %s)", msg, strerror(errno), Yap_FileNameBuf);
                                                                 ^~                          ~~~~~~~~~~~~~~~
../C/save.c:165:3: note: snprintf output 42 or more bytes (assuming 1065) into a destination of size 1024
   snprintf(Yap_ErrorSay,MAX_ERROR_MSG_SIZE,"%s (%s when reading %s)", msg, strerror(errno), Yap_FileNameBuf);
   ^~~~~~~~~~~~~~~~~~~~~~~~~~~~~~~~~~~~~~~~~~~~~~~~~~~~~~~~~~~~~~~~~~~~~~~~~~~~~~~~~~~~~~~~~~~~~~~~~~~~~~~~~~
../C/save.c:165:65: warning: %s directive output may be truncated writing up to 1023 bytes into a region of size 984 [-Wformat-truncation=]
   snprintf(Yap_ErrorSay,MAX_ERROR_MSG_SIZE,"%s (%s when reading %s)", msg, strerror(errno), Yap_FileNameBuf);
                                                                 ^~                          ~~~~~~~~~~~~~~~
../C/save.c:165:3: note: snprintf output 42 or more bytes (assuming 1065) into a destination of size 1024
   snprintf(Yap_ErrorSay,MAX_ERROR_MSG_SIZE,"%s (%s when reading %s)", msg, strerror(errno), Yap_FileNameBuf);
   ^~~~~~~~~~~~~~~~~~~~~~~~~~~~~~~~~~~~~~~~~~~~~~~~~~~~~~~~~~~~~~~~~~~~~~~~~~~~~~~~~~~~~~~~~~~~~~~~~~~~~~~~~~
../C/save.c:165:65: warning: %s directive output may be truncated writing up to 1023 bytes into a region of size 984 [-Wformat-truncation=]
   snprintf(Yap_ErrorSay,MAX_ERROR_MSG_SIZE,"%s (%s when reading %s)", msg, strerror(errno), Yap_FileNameBuf);
                                                                 ^~                          ~~~~~~~~~~~~~~~
../C/save.c:165:3: note: snprintf output 42 or more bytes (assuming 1065) into a destination of size 1024
   snprintf(Yap_ErrorSay,MAX_ERROR_MSG_SIZE,"%s (%s when reading %s)", msg, strerror(errno), Yap_FileNameBuf);
   ^~~~~~~~~~~~~~~~~~~~~~~~~~~~~~~~~~~~~~~~~~~~~~~~~~~~~~~~~~~~~~~~~~~~~~~~~~~~~~~~~~~~~~~~~~~~~~~~~~~~~~~~~~
../C/save.c:165:65: warning: %s directive output may be truncated writing up to 1023 bytes into a region of size 984 [-Wformat-truncation=]
   snprintf(Yap_ErrorSay,MAX_ERROR_MSG_SIZE,"%s (%s when reading %s)", msg, strerror(errno), Yap_FileNameBuf);
                                                                 ^~                          ~~~~~~~~~~~~~~~
../C/save.c:165:3: note: snprintf output 42 or more bytes (assuming 1065) into a destination of size 1024
   snprintf(Yap_ErrorSay,MAX_ERROR_MSG_SIZE,"%s (%s when reading %s)", msg, strerror(errno), Yap_FileNameBuf);
   ^~~~~~~~~~~~~~~~~~~~~~~~~~~~~~~~~~~~~~~~~~~~~~~~~~~~~~~~~~~~~~~~~~~~~~~~~~~~~~~~~~~~~~~~~~~~~~~~~~~~~~~~~~
../C/save.c:165:65: warning: %s directive output may be truncated writing up to 1023 bytes into a region of size 984 [-Wformat-truncation=]
   snprintf(Yap_ErrorSay,MAX_ERROR_MSG_SIZE,"%s (%s when reading %s)", msg, strerror(errno), Yap_FileNameBuf);
                                                                 ^~                          ~~~~~~~~~~~~~~~
../C/save.c:165:3: note: snprintf output 42 or more bytes (assuming 1065) into a destination of size 1024
   snprintf(Yap_ErrorSay,MAX_ERROR_MSG_SIZE,"%s (%s when reading %s)", msg, strerror(errno), Yap_FileNameBuf);
   ^~~~~~~~~~~~~~~~~~~~~~~~~~~~~~~~~~~~~~~~~~~~~~~~~~~~~~~~~~~~~~~~~~~~~~~~~~~~~~~~~~~~~~~~~~~~~~~~~~~~~~~~~~
../C/save.c:165:65: warning: %s directive output may be truncated writing up to 1023 bytes into a region of size 984 [-Wformat-truncation=]
   snprintf(Yap_ErrorSay,MAX_ERROR_MSG_SIZE,"%s (%s when reading %s)", msg, strerror(errno), Yap_FileNameBuf);
                                                                 ^~                          ~~~~~~~~~~~~~~~
../C/save.c:165:3: note: snprintf output 42 or more bytes (assuming 1065) into a destination of size 1024
   snprintf(Yap_ErrorSay,MAX_ERROR_MSG_SIZE,"%s (%s when reading %s)", msg, strerror(errno), Yap_FileNameBuf);
   ^~~~~~~~~~~~~~~~~~~~~~~~~~~~~~~~~~~~~~~~~~~~~~~~~~~~~~~~~~~~~~~~~~~~~~~~~~~~~~~~~~~~~~~~~~~~~~~~~~~~~~~~~~
../C/save.c:165:65: warning: %s directive output may be truncated writing up to 1023 bytes into a region of size 984 [-Wformat-truncation=]
   snprintf(Yap_ErrorSay,MAX_ERROR_MSG_SIZE,"%s (%s when reading %s)", msg, strerror(errno), Yap_FileNameBuf);
                                                                 ^~                          ~~~~~~~~~~~~~~~
../C/save.c:165:3: note: snprintf output 42 or more bytes (assuming 1065) into a destination of size 1024
   snprintf(Yap_ErrorSay,MAX_ERROR_MSG_SIZE,"%s (%s when reading %s)", msg, strerror(errno), Yap_FileNameBuf);
   ^~~~~~~~~~~~~~~~~~~~~~~~~~~~~~~~~~~~~~~~~~~~~~~~~~~~~~~~~~~~~~~~~~~~~~~~~~~~~~~~~~~~~~~~~~~~~~~~~~~~~~~~~~
../C/save.c:165:65: warning: %s directive output may be truncated writing up to 1023 bytes into a region of size 984 [-Wformat-truncation=]
   snprintf(Yap_ErrorSay,MAX_ERROR_MSG_SIZE,"%s (%s when reading %s)", msg, strerror(errno), Yap_FileNameBuf);
                                                                 ^~                          ~~~~~~~~~~~~~~~
../C/save.c:165:3: note: snprintf output 42 or more bytes (assuming 1065) into a destination of size 1024
   snprintf(Yap_ErrorSay,MAX_ERROR_MSG_SIZE,"%s (%s when reading %s)", msg, strerror(errno), Yap_FileNameBuf);
   ^~~~~~~~~~~~~~~~~~~~~~~~~~~~~~~~~~~~~~~~~~~~~~~~~~~~~~~~~~~~~~~~~~~~~~~~~~~~~~~~~~~~~~~~~~~~~~~~~~~~~~~~~~
../C/save.c:165:65: warning: %s directive output may be truncated writing up to 1023 bytes into a region of size 984 [-Wformat-truncation=]
   snprintf(Yap_ErrorSay,MAX_ERROR_MSG_SIZE,"%s (%s when reading %s)", msg, strerror(errno), Yap_FileNameBuf);
                                                                 ^~                          ~~~~~~~~~~~~~~~
../C/save.c:165:3: note: snprintf output 42 or more bytes (assuming 1065) into a destination of size 1024
   snprintf(Yap_ErrorSay,MAX_ERROR_MSG_SIZE,"%s (%s when reading %s)", msg, strerror(errno), Yap_FileNameBuf);
   ^~~~~~~~~~~~~~~~~~~~~~~~~~~~~~~~~~~~~~~~~~~~~~~~~~~~~~~~~~~~~~~~~~~~~~~~~~~~~~~~~~~~~~~~~~~~~~~~~~~~~~~~~~
../C/save.c:165:65: warning: %s directive output may be truncated writing up to 1023 bytes into a region of size 984 [-Wformat-truncation=]
   snprintf(Yap_ErrorSay,MAX_ERROR_MSG_SIZE,"%s (%s when reading %s)", msg, strerror(errno), Yap_FileNameBuf);
                                                                 ^~                          ~~~~~~~~~~~~~~~
../C/save.c:165:3: note: snprintf output 42 or more bytes (assuming 1065) into a destination of size 1024
   snprintf(Yap_ErrorSay,MAX_ERROR_MSG_SIZE,"%s (%s when reading %s)", msg, strerror(errno), Yap_FileNameBuf);
   ^~~~~~~~~~~~~~~~~~~~~~~~~~~~~~~~~~~~~~~~~~~~~~~~~~~~~~~~~~~~~~~~~~~~~~~~~~~~~~~~~~~~~~~~~~~~~~~~~~~~~~~~~~
../C/save.c:165:65: warning: %s directive output may be truncated writing up to 1023 bytes into a region of size 984 [-Wformat-truncation=]
   snprintf(Yap_ErrorSay,MAX_ERROR_MSG_SIZE,"%s (%s when reading %s)", msg, strerror(errno), Yap_FileNameBuf);
                                                                 ^~                          ~~~~~~~~~~~~~~~
../C/save.c:165:3: note: snprintf output 42 or more bytes (assuming 1065) into a destination of size 1024
   snprintf(Yap_ErrorSay,MAX_ERROR_MSG_SIZE,"%s (%s when reading %s)", msg, strerror(errno), Yap_FileNameBuf);
   ^~~~~~~~~~~~~~~~~~~~~~~~~~~~~~~~~~~~~~~~~~~~~~~~~~~~~~~~~~~~~~~~~~~~~~~~~~~~~~~~~~~~~~~~~~~~~~~~~~~~~~~~~~
../C/save.c:165:65: warning: %s directive output may be truncated writing up to 1023 bytes into a region of size 984 [-Wformat-truncation=]
   snprintf(Yap_ErrorSay,MAX_ERROR_MSG_SIZE,"%s (%s when reading %s)", msg, strerror(errno), Yap_FileNameBuf);
                                                                 ^~                          ~~~~~~~~~~~~~~~
../C/save.c:165:3: note: snprintf output 42 or more bytes (assuming 1065) into a destination of size 1024
   snprintf(Yap_ErrorSay,MAX_ERROR_MSG_SIZE,"%s (%s when reading %s)", msg, strerror(errno), Yap_FileNameBuf);
   ^~~~~~~~~~~~~~~~~~~~~~~~~~~~~~~~~~~~~~~~~~~~~~~~~~~~~~~~~~~~~~~~~~~~~~~~~~~~~~~~~~~~~~~~~~~~~~~~~~~~~~~~~~
../C/save.c:165:65: warning: %s directive output may be truncated writing up to 1023 bytes into a region of size 984 [-Wformat-truncation=]
   snprintf(Yap_ErrorSay,MAX_ERROR_MSG_SIZE,"%s (%s when reading %s)", msg, strerror(errno), Yap_FileNameBuf);
                                                                 ^~                          ~~~~~~~~~~~~~~~
../C/save.c:165:3: note: snprintf output 42 or more bytes (assuming 1065) into a destination of size 1024
   snprintf(Yap_ErrorSay,MAX_ERROR_MSG_SIZE,"%s (%s when reading %s)", msg, strerror(errno), Yap_FileNameBuf);
   ^~~~~~~~~~~~~~~~~~~~~~~~~~~~~~~~~~~~~~~~~~~~~~~~~~~~~~~~~~~~~~~~~~~~~~~~~~~~~~~~~~~~~~~~~~~~~~~~~~~~~~~~~~
../C/save.c:165:65: warning: %s directive output may be truncated writing up to 1023 bytes into a region of size 984 [-Wformat-truncation=]
   snprintf(Yap_ErrorSay,MAX_ERROR_MSG_SIZE,"%s (%s when reading %s)", msg, strerror(errno), Yap_FileNameBuf);
                                                                 ^~                          ~~~~~~~~~~~~~~~
../C/save.c:165:3: note: snprintf output 42 or more bytes (assuming 1065) into a destination of size 1024
   snprintf(Yap_ErrorSay,MAX_ERROR_MSG_SIZE,"%s (%s when reading %s)", msg, strerror(errno), Yap_FileNameBuf);
   ^~~~~~~~~~~~~~~~~~~~~~~~~~~~~~~~~~~~~~~~~~~~~~~~~~~~~~~~~~~~~~~~~~~~~~~~~~~~~~~~~~~~~~~~~~~~~~~~~~~~~~~~~~
../C/save.c:165:65: warning: %s directive output may be truncated writing up to 1023 bytes into a region of size 984 [-Wformat-truncation=]
   snprintf(Yap_ErrorSay,MAX_ERROR_MSG_SIZE,"%s (%s when reading %s)", msg, strerror(errno), Yap_FileNameBuf);
                                                                 ^~                          ~~~~~~~~~~~~~~~
../C/save.c:165:3: note: snprintf output 42 or more bytes (assuming 1065) into a destination of size 1024
   snprintf(Yap_ErrorSay,MAX_ERROR_MSG_SIZE,"%s (%s when reading %s)", msg, strerror(errno), Yap_FileNameBuf);
   ^~~~~~~~~~~~~~~~~~~~~~~~~~~~~~~~~~~~~~~~~~~~~~~~~~~~~~~~~~~~~~~~~~~~~~~~~~~~~~~~~~~~~~~~~~~~~~~~~~~~~~~~~~
../C/save.c:165:65: warning: %s directive output may be truncated writing up to 1023 bytes into a region of size 984 [-Wformat-truncation=]
   snprintf(Yap_ErrorSay,MAX_ERROR_MSG_SIZE,"%s (%s when reading %s)", msg, strerror(errno), Yap_FileNameBuf);
                                                                 ^~                          ~~~~~~~~~~~~~~~
../C/save.c:165:3: note: snprintf output 42 or more bytes (assuming 1065) into a destination of size 1024
   snprintf(Yap_ErrorSay,MAX_ERROR_MSG_SIZE,"%s (%s when reading %s)", msg, strerror(errno), Yap_FileNameBuf);
   ^~~~~~~~~~~~~~~~~~~~~~~~~~~~~~~~~~~~~~~~~~~~~~~~~~~~~~~~~~~~~~~~~~~~~~~~~~~~~~~~~~~~~~~~~~~~~~~~~~~~~~~~~~
../C/save.c:165:65: warning: %s directive output may be truncated writing up to 1023 bytes into a region of size 984 [-Wformat-truncation=]
   snprintf(Yap_ErrorSay,MAX_ERROR_MSG_SIZE,"%s (%s when reading %s)", msg, strerror(errno), Yap_FileNameBuf);
                                                                 ^~                          ~~~~~~~~~~~~~~~
../C/save.c:165:3: note: snprintf output 42 or more bytes (assuming 1065) into a destination of size 1024
   snprintf(Yap_ErrorSay,MAX_ERROR_MSG_SIZE,"%s (%s when reading %s)", msg, strerror(errno), Yap_FileNameBuf);
   ^~~~~~~~~~~~~~~~~~~~~~~~~~~~~~~~~~~~~~~~~~~~~~~~~~~~~~~~~~~~~~~~~~~~~~~~~~~~~~~~~~~~~~~~~~~~~~~~~~~~~~~~~~
../C/save.c:165:65: warning: %s directive output may be truncated writing up to 1023 bytes into a region of size 984 [-Wformat-truncation=]
   snprintf(Yap_ErrorSay,MAX_ERROR_MSG_SIZE,"%s (%s when reading %s)", msg, strerror(errno), Yap_FileNameBuf);
                                                                 ^~                          ~~~~~~~~~~~~~~~
../C/save.c:165:3: note: snprintf output 42 or more bytes (assuming 1065) into a destination of size 1024
   snprintf(Yap_ErrorSay,MAX_ERROR_MSG_SIZE,"%s (%s when reading %s)", msg, strerror(errno), Yap_FileNameBuf);
   ^~~~~~~~~~~~~~~~~~~~~~~~~~~~~~~~~~~~~~~~~~~~~~~~~~~~~~~~~~~~~~~~~~~~~~~~~~~~~~~~~~~~~~~~~~~~~~~~~~~~~~~~~~
../C/save.c:165:65: warning: %s directive output may be truncated writing up to 1023 bytes into a region of size 984 [-Wformat-truncation=]
   snprintf(Yap_ErrorSay,MAX_ERROR_MSG_SIZE,"%s (%s when reading %s)", msg, strerror(errno), Yap_FileNameBuf);
                                                                 ^~                          ~~~~~~~~~~~~~~~
../C/save.c:165:3: note: snprintf output 42 or more bytes (assuming 1065) into a destination of size 1024
   snprintf(Yap_ErrorSay,MAX_ERROR_MSG_SIZE,"%s (%s when reading %s)", msg, strerror(errno), Yap_FileNameBuf);
   ^~~~~~~~~~~~~~~~~~~~~~~~~~~~~~~~~~~~~~~~~~~~~~~~~~~~~~~~~~~~~~~~~~~~~~~~~~~~~~~~~~~~~~~~~~~~~~~~~~~~~~~~~~
../C/save.c:165:65: warning: %s directive output may be truncated writing up to 1023 bytes into a region of size 984 [-Wformat-truncation=]
   snprintf(Yap_ErrorSay,MAX_ERROR_MSG_SIZE,"%s (%s when reading %s)", msg, strerror(errno), Yap_FileNameBuf);
                                                                 ^~                          ~~~~~~~~~~~~~~~
../C/save.c:165:3: note: snprintf output 42 or more bytes (assuming 1065) into a destination of size 1024
   snprintf(Yap_ErrorSay,MAX_ERROR_MSG_SIZE,"%s (%s when reading %s)", msg, strerror(errno), Yap_FileNameBuf);
   ^~~~~~~~~~~~~~~~~~~~~~~~~~~~~~~~~~~~~~~~~~~~~~~~~~~~~~~~~~~~~~~~~~~~~~~~~~~~~~~~~~~~~~~~~~~~~~~~~~~~~~~~~~
../C/save.c:165:65: warning: %s directive output may be truncated writing up to 1023 bytes into a region of size 984 [-Wformat-truncation=]
   snprintf(Yap_ErrorSay,MAX_ERROR_MSG_SIZE,"%s (%s when reading %s)", msg, strerror(errno), Yap_FileNameBuf);
                                                                 ^~                          ~~~~~~~~~~~~~~~
../C/save.c:165:3: note: snprintf output 42 or more bytes (assuming 1065) into a destination of size 1024
   snprintf(Yap_ErrorSay,MAX_ERROR_MSG_SIZE,"%s (%s when reading %s)", msg, strerror(errno), Yap_FileNameBuf);
   ^~~~~~~~~~~~~~~~~~~~~~~~~~~~~~~~~~~~~~~~~~~~~~~~~~~~~~~~~~~~~~~~~~~~~~~~~~~~~~~~~~~~~~~~~~~~~~~~~~~~~~~~~~
../C/save.c:165:65: warning: %s directive output may be truncated writing up to 1023 bytes into a region of size 984 [-Wformat-truncation=]
   snprintf(Yap_ErrorSay,MAX_ERROR_MSG_SIZE,"%s (%s when reading %s)", msg, strerror(errno), Yap_FileNameBuf);
                                                                 ^~                          ~~~~~~~~~~~~~~~
../C/save.c:165:3: note: snprintf output 42 or more bytes (assuming 1065) into a destination of size 1024
   snprintf(Yap_ErrorSay,MAX_ERROR_MSG_SIZE,"%s (%s when reading %s)", msg, strerror(errno), Yap_FileNameBuf);
   ^~~~~~~~~~~~~~~~~~~~~~~~~~~~~~~~~~~~~~~~~~~~~~~~~~~~~~~~~~~~~~~~~~~~~~~~~~~~~~~~~~~~~~~~~~~~~~~~~~~~~~~~~~
../C/save.c:165:65: warning: %s directive output may be truncated writing up to 1023 bytes into a region of size 984 [-Wformat-truncation=]
   snprintf(Yap_ErrorSay,MAX_ERROR_MSG_SIZE,"%s (%s when reading %s)", msg, strerror(errno), Yap_FileNameBuf);
                                                                 ^~                          ~~~~~~~~~~~~~~~
../C/save.c:165:3: note: snprintf output 42 or more bytes (assuming 1065) into a destination of size 1024
   snprintf(Yap_ErrorSay,MAX_ERROR_MSG_SIZE,"%s (%s when reading %s)", msg, strerror(errno), Yap_FileNameBuf);
   ^~~~~~~~~~~~~~~~~~~~~~~~~~~~~~~~~~~~~~~~~~~~~~~~~~~~~~~~~~~~~~~~~~~~~~~~~~~~~~~~~~~~~~~~~~~~~~~~~~~~~~~~~~
../C/save.c:165:65: warning: %s directive output may be truncated writing up to 1023 bytes into a region of size 984 [-Wformat-truncation=]
   snprintf(Yap_ErrorSay,MAX_ERROR_MSG_SIZE,"%s (%s when reading %s)", msg, strerror(errno), Yap_FileNameBuf);
                                                                 ^~                          ~~~~~~~~~~~~~~~
../C/save.c:165:3: note: snprintf output 42 or more bytes (assuming 1065) into a destination of size 1024
   snprintf(Yap_ErrorSay,MAX_ERROR_MSG_SIZE,"%s (%s when reading %s)", msg, strerror(errno), Yap_FileNameBuf);
   ^~~~~~~~~~~~~~~~~~~~~~~~~~~~~~~~~~~~~~~~~~~~~~~~~~~~~~~~~~~~~~~~~~~~~~~~~~~~~~~~~~~~~~~~~~~~~~~~~~~~~~~~~~
../C/save.c: In function check_header:
../C/save.c:165:65: warning: %s directive output may be truncated writing up to 1023 bytes into a region of size 975 [-Wformat-truncation=]
   snprintf(Yap_ErrorSay,MAX_ERROR_MSG_SIZE,"%s (%s when reading %s)", msg, strerror(errno), Yap_FileNameBuf);
                                                                 ^~                          ~~~~~~~~~~~~~~~
../C/save.c:165:3: note: snprintf output 51 or more bytes (assuming 1074) into a destination of size 1024
   snprintf(Yap_ErrorSay,MAX_ERROR_MSG_SIZE,"%s (%s when reading %s)", msg, strerror(errno), Yap_FileNameBuf);
   ^~~~~~~~~~~~~~~~~~~~~~~~~~~~~~~~~~~~~~~~~~~~~~~~~~~~~~~~~~~~~~~~~~~~~~~~~~~~~~~~~~~~~~~~~~~~~~~~~~~~~~~~~~
../C/save.c:165:65: warning: %s directive output may be truncated writing up to 1023 bytes into a region of size 975 [-Wformat-truncation=]
   snprintf(Yap_ErrorSay,MAX_ERROR_MSG_SIZE,"%s (%s when reading %s)", msg, strerror(errno), Yap_FileNameBuf);
                                                                 ^~                          ~~~~~~~~~~~~~~~
../C/save.c:165:3: note: snprintf output 51 or more bytes (assuming 1074) into a destination of size 1024
   snprintf(Yap_ErrorSay,MAX_ERROR_MSG_SIZE,"%s (%s when reading %s)", msg, strerror(errno), Yap_FileNameBuf);
   ^~~~~~~~~~~~~~~~~~~~~~~~~~~~~~~~~~~~~~~~~~~~~~~~~~~~~~~~~~~~~~~~~~~~~~~~~~~~~~~~~~~~~~~~~~~~~~~~~~~~~~~~~~
../C/save.c:165:65: warning: %s directive output may be truncated writing up to 1023 bytes into a region of size 975 [-Wformat-truncation=]
   snprintf(Yap_ErrorSay,MAX_ERROR_MSG_SIZE,"%s (%s when reading %s)", msg, strerror(errno), Yap_FileNameBuf);
                                                                 ^~                          ~~~~~~~~~~~~~~~
../C/save.c:165:3: note: snprintf output 51 or more bytes (assuming 1074) into a destination of size 1024
   snprintf(Yap_ErrorSay,MAX_ERROR_MSG_SIZE,"%s (%s when reading %s)", msg, strerror(errno), Yap_FileNameBuf);
   ^~~~~~~~~~~~~~~~~~~~~~~~~~~~~~~~~~~~~~~~~~~~~~~~~~~~~~~~~~~~~~~~~~~~~~~~~~~~~~~~~~~~~~~~~~~~~~~~~~~~~~~~~~
../C/save.c:165:65: warning: %s directive output may be truncated writing up to 1023 bytes into a region of size 975 [-Wformat-truncation=]
   snprintf(Yap_ErrorSay,MAX_ERROR_MSG_SIZE,"%s (%s when reading %s)", msg, strerror(errno), Yap_FileNameBuf);
                                                                 ^~                          ~~~~~~~~~~~~~~~
../C/save.c:165:3: note: snprintf output 51 or more bytes (assuming 1074) into a destination of size 1024
   snprintf(Yap_ErrorSay,MAX_ERROR_MSG_SIZE,"%s (%s when reading %s)", msg, strerror(errno), Yap_FileNameBuf);
   ^~~~~~~~~~~~~~~~~~~~~~~~~~~~~~~~~~~~~~~~~~~~~~~~~~~~~~~~~~~~~~~~~~~~~~~~~~~~~~~~~~~~~~~~~~~~~~~~~~~~~~~~~~
../C/save.c:165:65: warning: %s directive output may be truncated writing up to 1023 bytes into a region of size 964 [-Wformat-truncation=]
   snprintf(Yap_ErrorSay,MAX_ERROR_MSG_SIZE,"%s (%s when reading %s)", msg, strerror(errno), Yap_FileNameBuf);
                                                                 ^~                          ~~~~~~~~~~~~~~~
../C/save.c:165:3: note: snprintf output 62 or more bytes (assuming 1085) into a destination of size 1024
   snprintf(Yap_ErrorSay,MAX_ERROR_MSG_SIZE,"%s (%s when reading %s)", msg, strerror(errno), Yap_FileNameBuf);
   ^~~~~~~~~~~~~~~~~~~~~~~~~~~~~~~~~~~~~~~~~~~~~~~~~~~~~~~~~~~~~~~~~~~~~~~~~~~~~~~~~~~~~~~~~~~~~~~~~~~~~~~~~~
../C/save.c:165:65: warning: %s directive output may be truncated writing up to 1023 bytes into a region of size 966 [-Wformat-truncation=]
   snprintf(Yap_ErrorSay,MAX_ERROR_MSG_SIZE,"%s (%s when reading %s)", msg, strerror(errno), Yap_FileNameBuf);
                                                                 ^~                          ~~~~~~~~~~~~~~~
../C/save.c:165:3: note: snprintf output 60 or more bytes (assuming 1083) into a destination of size 1024
   snprintf(Yap_ErrorSay,MAX_ERROR_MSG_SIZE,"%s (%s when reading %s)", msg, strerror(errno), Yap_FileNameBuf);
   ^~~~~~~~~~~~~~~~~~~~~~~~~~~~~~~~~~~~~~~~~~~~~~~~~~~~~~~~~~~~~~~~~~~~~~~~~~~~~~~~~~~~~~~~~~~~~~~~~~~~~~~~~~
../C/save.c:682:5: warning: strncat specified bound 1024 equals destination size [-Wstringop-overflow=]
     strncat(Yap_ErrorMessage, Yap_FileNameBuf, MAX_ERROR_MSG_SIZE);
     ^~~~~~~~~~~~~~~~~~~~~~~~~~~~~~~~~~~~~~~~~~~~~~~~~~~~~~~~~~~~~~
../C/save.c: In function OpenRestore:
../C/save.c:165:65: warning: %s directive output may be truncated writing up to 1023 bytes into a region of size 982 [-Wformat-truncation=]
   snprintf(Yap_ErrorSay,MAX_ERROR_MSG_SIZE,"%s (%s when reading %s)", msg, strerror(errno), Yap_FileNameBuf);
                                                                 ^~                          ~~~~~~~~~~~~~~~
../C/save.c:165:3: note: snprintf output 44 or more bytes (assuming 1067) into a destination of size 1024
   snprintf(Yap_ErrorSay,MAX_ERROR_MSG_SIZE,"%s (%s when reading %s)", msg, strerror(errno), Yap_FileNameBuf);
   ^~~~~~~~~~~~~~~~~~~~~~~~~~~~~~~~~~~~~~~~~~~~~~~~~~~~~~~~~~~~~~~~~~~~~~~~~~~~~~~~~~~~~~~~~~~~~~~~~~~~~~~~~~
../C/save.c:165:65: warning: %s directive output may be truncated writing up to 1023 bytes into a region of size 987 [-Wformat-truncation=]
   snprintf(Yap_ErrorSay,MAX_ERROR_MSG_SIZE,"%s (%s when reading %s)", msg, strerror(errno), Yap_FileNameBuf);
                                                                 ^~                          ~~~~~~~~~~~~~~~
../C/save.c:165:3: note: snprintf output 39 or more bytes (assuming 1062) into a destination of size 1024
   snprintf(Yap_ErrorSay,MAX_ERROR_MSG_SIZE,"%s (%s when reading %s)", msg, strerror(errno), Yap_FileNameBuf);
   ^~~~~~~~~~~~~~~~~~~~~~~~~~~~~~~~~~~~~~~~~~~~~~~~~~~~~~~~~~~~~~~~~~~~~~~~~~~~~~~~~~~~~~~~~~~~~~~~~~~~~~~~~~
In function cat_file_name.constprop,
    inlined from OpenRestore at ../C/save.c:1466:7:
../C/save.c:1400:3: warning: strncpy specified bound 1024 equals destination size [-Wstringop-truncation]
   strncpy(s, prefix, max_length);
   ^~~~~~~~~~~~~~~~~~~~~~~~~~~~~~
In function cat_file_name.constprop,
    inlined from OpenRestore at ../C/save.c:1479:2:
../C/save.c:1400:3: warning: strncpy specified bound 1024 equals destination size [-Wstringop-truncation]
   strncpy(s, prefix, max_length);
   ^~~~~~~~~~~~~~~~~~~~~~~~~~~~~~
../C/save.c: In function OpenRestore:
../C/save.c:1539:7: warning: strncpy output may be truncated copying 1023 bytes from a string of length 1024 [-Wstringop-truncation]
       strncpy(Yap_FileNameBuf, save_buffer, YAP_FILENAME_MAX-1);
       ^~~~~~~~~~~~~~~~~~~~~~~~~~~~~~~~~~~~~~~~~~~~~~~~~~~~~~~~~
../C/save.c: In function Restore:
../C/save.c:165:65: warning: %s directive output may be truncated writing up to 1023 bytes into a region of size 985 [-Wformat-truncation=]
   snprintf(Yap_ErrorSay,MAX_ERROR_MSG_SIZE,"%s (%s when reading %s)", msg, strerror(errno), Yap_FileNameBuf);
                                                                 ^~                          ~~~~~~~~~~~~~~~
../C/save.c:165:3: note: snprintf output 41 or more bytes (assuming 1064) into a destination of size 1024
   snprintf(Yap_ErrorSay,MAX_ERROR_MSG_SIZE,"%s (%s when reading %s)", msg, strerror(errno), Yap_FileNameBuf);
   ^~~~~~~~~~~~~~~~~~~~~~~~~~~~~~~~~~~~~~~~~~~~~~~~~~~~~~~~~~~~~~~~~~~~~~~~~~~~~~~~~~~~~~~~~~~~~~~~~~~~~~~~~~
../C/save.c:165:65: warning: %s directive output may be truncated writing up to 1023 bytes into a region of size 985 [-Wformat-truncation=]
   snprintf(Yap_ErrorSay,MAX_ERROR_MSG_SIZE,"%s (%s when reading %s)", msg, strerror(errno), Yap_FileNameBuf);
                                                                 ^~                          ~~~~~~~~~~~~~~~
../C/save.c:165:3: note: snprintf output 41 or more bytes (assuming 1064) into a destination of size 1024
   snprintf(Yap_ErrorSay,MAX_ERROR_MSG_SIZE,"%s (%s when reading %s)", msg, strerror(errno), Yap_FileNameBuf);
   ^~~~~~~~~~~~~~~~~~~~~~~~~~~~~~~~~~~~~~~~~~~~~~~~~~~~~~~~~~~~~~~~~~~~~~~~~~~~~~~~~~~~~~~~~~~~~~~~~~~~~~~~~~
../C/save.c:165:65: warning: %s directive output may be truncated writing up to 1023 bytes into a region of size 985 [-Wformat-truncation=]
   snprintf(Yap_ErrorSay,MAX_ERROR_MSG_SIZE,"%s (%s when reading %s)", msg, strerror(errno), Yap_FileNameBuf);
                                                                 ^~                          ~~~~~~~~~~~~~~~
../C/save.c:165:3: note: snprintf output 41 or more bytes (assuming 1064) into a destination of size 1024
   snprintf(Yap_ErrorSay,MAX_ERROR_MSG_SIZE,"%s (%s when reading %s)", msg, strerror(errno), Yap_FileNameBuf);
   ^~~~~~~~~~~~~~~~~~~~~~~~~~~~~~~~~~~~~~~~~~~~~~~~~~~~~~~~~~~~~~~~~~~~~~~~~~~~~~~~~~~~~~~~~~~~~~~~~~~~~~~~~~
../C/save.c:165:65: warning: %s directive output may be truncated writing up to 1023 bytes into a region of size 985 [-Wformat-truncation=]
   snprintf(Yap_ErrorSay,MAX_ERROR_MSG_SIZE,"%s (%s when reading %s)", msg, strerror(errno), Yap_FileNameBuf);
                                                                 ^~                          ~~~~~~~~~~~~~~~
../C/save.c:165:3: note: snprintf output 41 or more bytes (assuming 1064) into a destination of size 1024
   snprintf(Yap_ErrorSay,MAX_ERROR_MSG_SIZE,"%s (%s when reading %s)", msg, strerror(errno), Yap_FileNameBuf);
   ^~~~~~~~~~~~~~~~~~~~~~~~~~~~~~~~~~~~~~~~~~~~~~~~~~~~~~~~~~~~~~~~~~~~~~~~~~~~~~~~~~~~~~~~~~~~~~~~~~~~~~~~~~
../C/save.c:165:65: warning: %s directive output may be truncated writing up to 1023 bytes into a region of size 985 [-Wformat-truncation=]
   snprintf(Yap_ErrorSay,MAX_ERROR_MSG_SIZE,"%s (%s when reading %s)", msg, strerror(errno), Yap_FileNameBuf);
                                                                 ^~                          ~~~~~~~~~~~~~~~
../C/save.c:165:3: note: snprintf output 41 or more bytes (assuming 1064) into a destination of size 1024
   snprintf(Yap_ErrorSay,MAX_ERROR_MSG_SIZE,"%s (%s when reading %s)", msg, strerror(errno), Yap_FileNameBuf);
   ^~~~~~~~~~~~~~~~~~~~~~~~~~~~~~~~~~~~~~~~~~~~~~~~~~~~~~~~~~~~~~~~~~~~~~~~~~~~~~~~~~~~~~~~~~~~~~~~~~~~~~~~~~
../C/save.c:165:65: warning: %s directive output may be truncated writing up to 1023 bytes into a region of size 985 [-Wformat-truncation=]
   snprintf(Yap_ErrorSay,MAX_ERROR_MSG_SIZE,"%s (%s when reading %s)", msg, strerror(errno), Yap_FileNameBuf);
                                                                 ^~                          ~~~~~~~~~~~~~~~
../C/save.c:165:3: note: snprintf output 41 or more bytes (assuming 1064) into a destination of size 1024
   snprintf(Yap_ErrorSay,MAX_ERROR_MSG_SIZE,"%s (%s when reading %s)", msg, strerror(errno), Yap_FileNameBuf);
   ^~~~~~~~~~~~~~~~~~~~~~~~~~~~~~~~~~~~~~~~~~~~~~~~~~~~~~~~~~~~~~~~~~~~~~~~~~~~~~~~~~~~~~~~~~~~~~~~~~~~~~~~~~
../C/save.c:165:65: warning: %s directive output may be truncated writing up to 1023 bytes into a region of size 985 [-Wformat-truncation=]
   snprintf(Yap_ErrorSay,MAX_ERROR_MSG_SIZE,"%s (%s when reading %s)", msg, strerror(errno), Yap_FileNameBuf);
                                                                 ^~                          ~~~~~~~~~~~~~~~
../C/save.c:165:3: note: snprintf output 41 or more bytes (assuming 1064) into a destination of size 1024
   snprintf(Yap_ErrorSay,MAX_ERROR_MSG_SIZE,"%s (%s when reading %s)", msg, strerror(errno), Yap_FileNameBuf);
   ^~~~~~~~~~~~~~~~~~~~~~~~~~~~~~~~~~~~~~~~~~~~~~~~~~~~~~~~~~~~~~~~~~~~~~~~~~~~~~~~~~~~~~~~~~~~~~~~~~~~~~~~~~
../C/save.c:165:65: warning: %s directive output may be truncated writing up to 1023 bytes into a region of size 985 [-Wformat-truncation=]
   snprintf(Yap_ErrorSay,MAX_ERROR_MSG_SIZE,"%s (%s when reading %s)", msg, strerror(errno), Yap_FileNameBuf);
                                                                 ^~                          ~~~~~~~~~~~~~~~
../C/save.c:165:3: note: snprintf output 41 or more bytes (assuming 1064) into a destination of size 1024
   snprintf(Yap_ErrorSay,MAX_ERROR_MSG_SIZE,"%s (%s when reading %s)", msg, strerror(errno), Yap_FileNameBuf);
   ^~~~~~~~~~~~~~~~~~~~~~~~~~~~~~~~~~~~~~~~~~~~~~~~~~~~~~~~~~~~~~~~~~~~~~~~~~~~~~~~~~~~~~~~~~~~~~~~~~~~~~~~~~
../C/save.c:165:65: warning: %s directive output may be truncated writing up to 1023 bytes into a region of size 985 [-Wformat-truncation=]
   snprintf(Yap_ErrorSay,MAX_ERROR_MSG_SIZE,"%s (%s when reading %s)", msg, strerror(errno), Yap_FileNameBuf);
                                                                 ^~                          ~~~~~~~~~~~~~~~
../C/save.c:165:3: note: snprintf output 41 or more bytes (assuming 1064) into a destination of size 1024
   snprintf(Yap_ErrorSay,MAX_ERROR_MSG_SIZE,"%s (%s when reading %s)", msg, strerror(errno), Yap_FileNameBuf);
   ^~~~~~~~~~~~~~~~~~~~~~~~~~~~~~~~~~~~~~~~~~~~~~~~~~~~~~~~~~~~~~~~~~~~~~~~~~~~~~~~~~~~~~~~~~~~~~~~~~~~~~~~~~
../C/save.c:165:65: warning: %s directive output may be truncated writing up to 1023 bytes into a region of size 985 [-Wformat-truncation=]
   snprintf(Yap_ErrorSay,MAX_ERROR_MSG_SIZE,"%s (%s when reading %s)", msg, strerror(errno), Yap_FileNameBuf);
                                                                 ^~                          ~~~~~~~~~~~~~~~
../C/save.c:165:3: note: snprintf output 41 or more bytes (assuming 1064) into a destination of size 1024
   snprintf(Yap_ErrorSay,MAX_ERROR_MSG_SIZE,"%s (%s when reading %s)", msg, strerror(errno), Yap_FileNameBuf);
   ^~~~~~~~~~~~~~~~~~~~~~~~~~~~~~~~~~~~~~~~~~~~~~~~~~~~~~~~~~~~~~~~~~~~~~~~~~~~~~~~~~~~~~~~~~~~~~~~~~~~~~~~~~
../C/save.c:165:65: warning: %s directive output may be truncated writing up to 1023 bytes into a region of size 985 [-Wformat-truncation=]
   snprintf(Yap_ErrorSay,MAX_ERROR_MSG_SIZE,"%s (%s when reading %s)", msg, strerror(errno), Yap_FileNameBuf);
                                                                 ^~                          ~~~~~~~~~~~~~~~
../C/save.c:165:3: note: snprintf output 41 or more bytes (assuming 1064) into a destination of size 1024
   snprintf(Yap_ErrorSay,MAX_ERROR_MSG_SIZE,"%s (%s when reading %s)", msg, strerror(errno), Yap_FileNameBuf);
   ^~~~~~~~~~~~~~~~~~~~~~~~~~~~~~~~~~~~~~~~~~~~~~~~~~~~~~~~~~~~~~~~~~~~~~~~~~~~~~~~~~~~~~~~~~~~~~~~~~~~~~~~~~
../C/save.c:165:65: warning: %s directive output may be truncated writing up to 1023 bytes into a region of size 985 [-Wformat-truncation=]
   snprintf(Yap_ErrorSay,MAX_ERROR_MSG_SIZE,"%s (%s when reading %s)", msg, strerror(errno), Yap_FileNameBuf);
                                                                 ^~                          ~~~~~~~~~~~~~~~
../C/save.c:165:3: note: snprintf output 41 or more bytes (assuming 1064) into a destination of size 1024
   snprintf(Yap_ErrorSay,MAX_ERROR_MSG_SIZE,"%s (%s when reading %s)", msg, strerror(errno), Yap_FileNameBuf);
   ^~~~~~~~~~~~~~~~~~~~~~~~~~~~~~~~~~~~~~~~~~~~~~~~~~~~~~~~~~~~~~~~~~~~~~~~~~~~~~~~~~~~~~~~~~~~~~~~~~~~~~~~~~
../C/save.c:165:65: warning: %s directive output may be truncated writing up to 1023 bytes into a region of size 985 [-Wformat-truncation=]
   snprintf(Yap_ErrorSay,MAX_ERROR_MSG_SIZE,"%s (%s when reading %s)", msg, strerror(errno), Yap_FileNameBuf);
                                                                 ^~                          ~~~~~~~~~~~~~~~
../C/save.c:165:3: note: snprintf output 41 or more bytes (assuming 1064) into a destination of size 1024
   snprintf(Yap_ErrorSay,MAX_ERROR_MSG_SIZE,"%s (%s when reading %s)", msg, strerror(errno), Yap_FileNameBuf);
   ^~~~~~~~~~~~~~~~~~~~~~~~~~~~~~~~~~~~~~~~~~~~~~~~~~~~~~~~~~~~~~~~~~~~~~~~~~~~~~~~~~~~~~~~~~~~~~~~~~~~~~~~~~
../C/save.c:165:65: warning: %s directive output may be truncated writing up to 1023 bytes into a region of size 985 [-Wformat-truncation=]
   snprintf(Yap_ErrorSay,MAX_ERROR_MSG_SIZE,"%s (%s when reading %s)", msg, strerror(errno), Yap_FileNameBuf);
                                                                 ^~                          ~~~~~~~~~~~~~~~
../C/save.c:165:3: note: snprintf output 41 or more bytes (assuming 1064) into a destination of size 1024
   snprintf(Yap_ErrorSay,MAX_ERROR_MSG_SIZE,"%s (%s when reading %s)", msg, strerror(errno), Yap_FileNameBuf);
   ^~~~~~~~~~~~~~~~~~~~~~~~~~~~~~~~~~~~~~~~~~~~~~~~~~~~~~~~~~~~~~~~~~~~~~~~~~~~~~~~~~~~~~~~~~~~~~~~~~~~~~~~~~
../C/save.c:165:65: warning: %s directive output may be truncated writing up to 1023 bytes into a region of size 985 [-Wformat-truncation=]
   snprintf(Yap_ErrorSay,MAX_ERROR_MSG_SIZE,"%s (%s when reading %s)", msg, strerror(errno), Yap_FileNameBuf);
                                                                 ^~                          ~~~~~~~~~~~~~~~
../C/save.c:165:3: note: snprintf output 41 or more bytes (assuming 1064) into a destination of size 1024
   snprintf(Yap_ErrorSay,MAX_ERROR_MSG_SIZE,"%s (%s when reading %s)", msg, strerror(errno), Yap_FileNameBuf);
   ^~~~~~~~~~~~~~~~~~~~~~~~~~~~~~~~~~~~~~~~~~~~~~~~~~~~~~~~~~~~~~~~~~~~~~~~~~~~~~~~~~~~~~~~~~~~~~~~~~~~~~~~~~
../C/save.c:165:65: warning: %s directive output may be truncated writing up to 1023 bytes into a region of size 985 [-Wformat-truncation=]
   snprintf(Yap_ErrorSay,MAX_ERROR_MSG_SIZE,"%s (%s when reading %s)", msg, strerror(errno), Yap_FileNameBuf);
                                                                 ^~                          ~~~~~~~~~~~~~~~
../C/save.c:165:3: note: snprintf output 41 or more bytes (assuming 1064) into a destination of size 1024
   snprintf(Yap_ErrorSay,MAX_ERROR_MSG_SIZE,"%s (%s when reading %s)", msg, strerror(errno), Yap_FileNameBuf);
   ^~~~~~~~~~~~~~~~~~~~~~~~~~~~~~~~~~~~~~~~~~~~~~~~~~~~~~~~~~~~~~~~~~~~~~~~~~~~~~~~~~~~~~~~~~~~~~~~~~~~~~~~~~
../C/save.c:165:65: warning: %s directive output may be truncated writing up to 1023 bytes into a region of size 985 [-Wformat-truncation=]
   snprintf(Yap_ErrorSay,MAX_ERROR_MSG_SIZE,"%s (%s when reading %s)", msg, strerror(errno), Yap_FileNameBuf);
                                                                 ^~                          ~~~~~~~~~~~~~~~
../C/save.c:165:3: note: snprintf output 41 or more bytes (assuming 1064) into a destination of size 1024
   snprintf(Yap_ErrorSay,MAX_ERROR_MSG_SIZE,"%s (%s when reading %s)", msg, strerror(errno), Yap_FileNameBuf);
   ^~~~~~~~~~~~~~~~~~~~~~~~~~~~~~~~~~~~~~~~~~~~~~~~~~~~~~~~~~~~~~~~~~~~~~~~~~~~~~~~~~~~~~~~~~~~~~~~~~~~~~~~~~
../C/save.c:165:65: warning: %s directive output may be truncated writing up to 1023 bytes into a region of size 985 [-Wformat-truncation=]
   snprintf(Yap_ErrorSay,MAX_ERROR_MSG_SIZE,"%s (%s when reading %s)", msg, strerror(errno), Yap_FileNameBuf);
                                                                 ^~                          ~~~~~~~~~~~~~~~
../C/save.c:165:3: note: snprintf output 41 or more bytes (assuming 1064) into a destination of size 1024
   snprintf(Yap_ErrorSay,MAX_ERROR_MSG_SIZE,"%s (%s when reading %s)", msg, strerror(errno), Yap_FileNameBuf);
   ^~~~~~~~~~~~~~~~~~~~~~~~~~~~~~~~~~~~~~~~~~~~~~~~~~~~~~~~~~~~~~~~~~~~~~~~~~~~~~~~~~~~~~~~~~~~~~~~~~~~~~~~~~
../C/save.c:165:65: warning: %s directive output may be truncated writing up to 1023 bytes into a region of size 984 [-Wformat-truncation=]
   snprintf(Yap_ErrorSay,MAX_ERROR_MSG_SIZE,"%s (%s when reading %s)", msg, strerror(errno), Yap_FileNameBuf);
                                                                 ^~                          ~~~~~~~~~~~~~~~
../C/save.c:165:3: note: snprintf output 42 or more bytes (assuming 1065) into a destination of size 1024
   snprintf(Yap_ErrorSay,MAX_ERROR_MSG_SIZE,"%s (%s when reading %s)", msg, strerror(errno), Yap_FileNameBuf);
   ^~~~~~~~~~~~~~~~~~~~~~~~~~~~~~~~~~~~~~~~~~~~~~~~~~~~~~~~~~~~~~~~~~~~~~~~~~~~~~~~~~~~~~~~~~~~~~~~~~~~~~~~~~
../C/save.c:165:65: warning: %s directive output may be truncated writing up to 1023 bytes into a region of size 985 [-Wformat-truncation=]
   snprintf(Yap_ErrorSay,MAX_ERROR_MSG_SIZE,"%s (%s when reading %s)", msg, strerror(errno), Yap_FileNameBuf);
                                                                 ^~                          ~~~~~~~~~~~~~~~
../C/save.c:165:3: note: snprintf output 41 or more bytes (assuming 1064) into a destination of size 1024
   snprintf(Yap_ErrorSay,MAX_ERROR_MSG_SIZE,"%s (%s when reading %s)", msg, strerror(errno), Yap_FileNameBuf);
   ^~~~~~~~~~~~~~~~~~~~~~~~~~~~~~~~~~~~~~~~~~~~~~~~~~~~~~~~~~~~~~~~~~~~~~~~~~~~~~~~~~~~~~~~~~~~~~~~~~~~~~~~~~
../C/save.c:165:65: warning: %s directive output may be truncated writing up to 1023 bytes into a region of size 985 [-Wformat-truncation=]
   snprintf(Yap_ErrorSay,MAX_ERROR_MSG_SIZE,"%s (%s when reading %s)", msg, strerror(errno), Yap_FileNameBuf);
                                                                 ^~                          ~~~~~~~~~~~~~~~
../C/save.c:165:3: note: snprintf output 41 or more bytes (assuming 1064) into a destination of size 1024
   snprintf(Yap_ErrorSay,MAX_ERROR_MSG_SIZE,"%s (%s when reading %s)", msg, strerror(errno), Yap_FileNameBuf);
   ^~~~~~~~~~~~~~~~~~~~~~~~~~~~~~~~~~~~~~~~~~~~~~~~~~~~~~~~~~~~~~~~~~~~~~~~~~~~~~~~~~~~~~~~~~~~~~~~~~~~~~~~~~
../C/save.c:165:65: warning: %s directive output may be truncated writing up to 1023 bytes into a region of size 985 [-Wformat-truncation=]
   snprintf(Yap_ErrorSay,MAX_ERROR_MSG_SIZE,"%s (%s when reading %s)", msg, strerror(errno), Yap_FileNameBuf);
                                                                 ^~                          ~~~~~~~~~~~~~~~
../C/save.c:165:3: note: snprintf output 41 or more bytes (assuming 1064) into a destination of size 1024
   snprintf(Yap_ErrorSay,MAX_ERROR_MSG_SIZE,"%s (%s when reading %s)", msg, strerror(errno), Yap_FileNameBuf);
   ^~~~~~~~~~~~~~~~~~~~~~~~~~~~~~~~~~~~~~~~~~~~~~~~~~~~~~~~~~~~~~~~~~~~~~~~~~~~~~~~~~~~~~~~~~~~~~~~~~~~~~~~~~
../C/save.c: In function Yap_SavedInfo:
../C/save.c:165:65: warning: %s directive output may be truncated writing up to 1023 bytes into a region of size 984 [-Wformat-truncation=]
   snprintf(Yap_ErrorSay,MAX_ERROR_MSG_SIZE,"%s (%s when reading %s)", msg, strerror(errno), Yap_FileNameBuf);
                                                                 ^~                          ~~~~~~~~~~~~~~~
../C/save.c:165:3: note: snprintf output 42 or more bytes (assuming 1065) into a destination of size 1024
   snprintf(Yap_ErrorSay,MAX_ERROR_MSG_SIZE,"%s (%s when reading %s)", msg, strerror(errno), Yap_FileNameBuf);
   ^~~~~~~~~~~~~~~~~~~~~~~~~~~~~~~~~~~~~~~~~~~~~~~~~~~~~~~~~~~~~~~~~~~~~~~~~~~~~~~~~~~~~~~~~~~~~~~~~~~~~~~~~~
arm-linux-gnueabihf-gcc -c -O3 -fomit-frame-pointer -Wall -Wstrict-prototypes -Wmissing-prototypes  -DCUT_C=1  -DCOROUTINING=1 -DRATIONAL_TREES=1 -DDEPTH_LIMIT=1 -DHAVE_CONFIG_H -D_YAP_NOT_INSTALLED_=1 -I. -I../H -I../OPTYap -I../BEAM -I../MYDDAS ../C/scanner.c -o scanner.o
arm-linux-gnueabihf-gcc -c -O3 -fomit-frame-pointer -Wall -Wstrict-prototypes -Wmissing-prototypes  -DCUT_C=1  -DCOROUTINING=1 -DRATIONAL_TREES=1 -DDEPTH_LIMIT=1 -DHAVE_CONFIG_H -D_YAP_NOT_INSTALLED_=1 -I. -I../H -I../OPTYap -I../BEAM -I../MYDDAS ../C/sort.c -o sort.o
arm-linux-gnueabihf-gcc -c -O3 -fomit-frame-pointer -Wall -Wstrict-prototypes -Wmissing-prototypes  -DCUT_C=1  -DCOROUTINING=1 -DRATIONAL_TREES=1 -DDEPTH_LIMIT=1 -DHAVE_CONFIG_H -D_YAP_NOT_INSTALLED_=1 -I. -I../H -I../OPTYap -I../BEAM -I../MYDDAS ../C/stdpreds.c -o stdpreds.o
../C/stdpreds.c: In function p_atom_number:
../C/stdpreds.c:2249:12: warning: variable s set but not used [-Wunused-but-set-variable]
     char  *s;
            ^
arm-linux-gnueabihf-gcc -c -O3 -fomit-frame-pointer -Wall -Wstrict-prototypes -Wmissing-prototypes  -DCUT_C=1  -DCOROUTINING=1 -DRATIONAL_TREES=1 -DDEPTH_LIMIT=1 -DHAVE_CONFIG_H -D_YAP_NOT_INSTALLED_=1 -I. -I../H -I../OPTYap -I../BEAM -I../MYDDAS ../C/sysbits.c -o sysbits.o
../C/sysbits.c: In function Yap_InitSysPath:
../C/sysbits.c:249:3: warning: strncat specified bound 1024 equals destination size [-Wstringop-overflow=]
   strncat(Yap_FileNameBuf,"/", YAP_FILENAME_MAX);
   ^~~~~~~~~~~~~~~~~~~~~~~~~~~~~~~~~~~~~~~~~~~~~~
../C/sysbits.c:252:3: warning: strncat specified bound 1024 equals destination size [-Wstringop-overflow=]
   strncat(Yap_FileNameBuf, "Yap", YAP_FILENAME_MAX);
   ^~~~~~~~~~~~~~~~~~~~~~~~~~~~~~~~~~~~~~~~~~~~~~~~~
../C/sysbits.c:265:7: warning: strncat specified bound 1024 equals destination size [-Wstringop-overflow=]
       strncat(Yap_FileNameBuf, "PrologCommons", YAP_FILENAME_MAX);
       ^~~~~~~~~~~~~~~~~~~~~~~~~~~~~~~~~~~~~~~~~~~~~~~~~~~~~~~~~~~
../C/sysbits.c: In function TrueFileName:
../C/sysbits.c:2016:6: warning: strncpy specified bound 1024 equals destination size [-Wstringop-truncation]
      strncpy(ares1, yap_env, YAP_FILENAME_MAX);
      ^~~~~~~~~~~~~~~~~~~~~~~~~~~~~~~~~~~~~~~~~
../C/sysbits.c:2011:4: warning: strncpy specified bound 1024 equals destination size [-Wstringop-truncation]
    strncpy(Yap_FileNameBuf, Yap_LibDir, YAP_FILENAME_MAX);
    ^~~~~~~~~~~~~~~~~~~~~~~~~~~~~~~~~~~~~~~~~~~~~~~~~~~~~~
arm-linux-gnueabihf-gcc -c -O3 -fomit-frame-pointer -Wall -Wstrict-prototypes -Wmissing-prototypes  -DCUT_C=1  -DCOROUTINING=1 -DRATIONAL_TREES=1 -DDEPTH_LIMIT=1 -DHAVE_CONFIG_H -D_YAP_NOT_INSTALLED_=1 -I. -I../H -I../OPTYap -I../BEAM -I../MYDDAS ../C/threads.c -o threads.o
arm-linux-gnueabihf-gcc -c -O3 -fomit-frame-pointer -Wall -Wstrict-prototypes -Wmissing-prototypes  -DCUT_C=1  -DCOROUTINING=1 -DRATIONAL_TREES=1 -DDEPTH_LIMIT=1 -DHAVE_CONFIG_H -D_YAP_NOT_INSTALLED_=1 -I. -I../H -I../OPTYap -I../BEAM -I../MYDDAS ../C/tracer.c -o tracer.o
arm-linux-gnueabihf-gcc -c -O3 -fomit-frame-pointer -Wall -Wstrict-prototypes -Wmissing-prototypes  -DCUT_C=1  -DCOROUTINING=1 -DRATIONAL_TREES=1 -DDEPTH_LIMIT=1 -DHAVE_CONFIG_H -D_YAP_NOT_INSTALLED_=1 -I. -I../H -I../OPTYap -I../BEAM -I../MYDDAS -I../include ../C/udi.c -o udi.o
arm-linux-gnueabihf-gcc -c -O3 -fomit-frame-pointer -Wall -Wstrict-prototypes -Wmissing-prototypes  -DCUT_C=1  -DCOROUTINING=1 -DRATIONAL_TREES=1 -DDEPTH_LIMIT=1 -DHAVE_CONFIG_H -D_YAP_NOT_INSTALLED_=1 -I. -I../H -I../OPTYap -I../BEAM -I../MYDDAS -I../include ../packages/udi/rtree.c -o rtree.o
../packages/udi/rtree.c: In function RTreePrint:
../packages/udi/rtree.c:403:6: warning: suggest explicit braces to avoid ambiguous else [-Wdangling-else]
   if (t->level != 0)
      ^
arm-linux-gnueabihf-gcc -c -O3 -fomit-frame-pointer -Wall -Wstrict-prototypes -Wmissing-prototypes  -DCUT_C=1  -DCOROUTINING=1 -DRATIONAL_TREES=1 -DDEPTH_LIMIT=1 -DHAVE_CONFIG_H -D_YAP_NOT_INSTALLED_=1 -I. -I../H -I../OPTYap -I../BEAM -I../MYDDAS -I../include ../packages/udi/rtree_udi.c -o rtree_udi.o
arm-linux-gnueabihf-gcc -c -O3 -fomit-frame-pointer -Wall -Wstrict-prototypes -Wmissing-prototypes  -DCUT_C=1  -DCOROUTINING=1 -DRATIONAL_TREES=1 -DDEPTH_LIMIT=1 -DHAVE_CONFIG_H -D_YAP_NOT_INSTALLED_=1 -I. -I../H -I../OPTYap -I../BEAM -I../MYDDAS ../C/unify.c -o unify.o
arm-linux-gnueabihf-gcc -c -O3 -fomit-frame-pointer -Wall -Wstrict-prototypes -Wmissing-prototypes  -DCUT_C=1  -DCOROUTINING=1 -DRATIONAL_TREES=1 -DDEPTH_LIMIT=1 -DHAVE_CONFIG_H -D_YAP_NOT_INSTALLED_=1 -I. -I../H -I../OPTYap -I../BEAM -I../MYDDAS ../C/userpreds.c -o userpreds.o
arm-linux-gnueabihf-gcc -c -O3 -fomit-frame-pointer -Wall -Wstrict-prototypes -Wmissing-prototypes  -DCUT_C=1  -DCOROUTINING=1 -DRATIONAL_TREES=1 -DDEPTH_LIMIT=1 -DHAVE_CONFIG_H -D_YAP_NOT_INSTALLED_=1 -I. -I../H -I../OPTYap -I../BEAM -I../MYDDAS ../C/utilpreds.c -o utilpreds.o
../C/utilpreds.c: In function AddAtomToHash:
../C/utilpreds.c:2778:10: warning: variable start set but not used [-Wunused-but-set-variable]
   CELL * start;
          ^~~~~
../C/utilpreds.c:2807:5: warning: strncpy output truncated before terminating nul copying as many bytes from a string as its length [-Wstringop-truncation]
     strncpy((char *)st, c, ulen);
     ^~~~~~~~~~~~~~~~~~~~~~~~~~~~
../C/utilpreds.c:2794:16: note: length computed here
     int ulen = strlen(c);
                ^~~~~~~~~
arm-linux-gnueabihf-gcc -c -O3 -fomit-frame-pointer -Wall -Wstrict-prototypes -Wmissing-prototypes  -DCUT_C=1  -DCOROUTINING=1 -DRATIONAL_TREES=1 -DDEPTH_LIMIT=1 -DHAVE_CONFIG_H -D_YAP_NOT_INSTALLED_=1 -I. -I../H -I../OPTYap -I../BEAM -I../MYDDAS ../C/write.c -o write.o
../C/write.c: In function wrputf:
../C/write.c:215:26: warning: variable found_exp set but not used [-Wunused-but-set-variable]
   int found_dot = FALSE, found_exp = FALSE;
                          ^~~~~~~~~
arm-linux-gnueabihf-gcc -c -O3 -fomit-frame-pointer -Wall -Wstrict-prototypes -Wmissing-prototypes  -DCUT_C=1  -DCOROUTINING=1 -DRATIONAL_TREES=1 -DDEPTH_LIMIT=1 -DHAVE_CONFIG_H -D_YAP_NOT_INSTALLED_=1 -I. -I../H -I../OPTYap -I../BEAM -I../MYDDAS -I../include  -I../library/dialect/swi/fli  ../library/dialect/swi/fli/blobs.c  -o blobs.o
../library/dialect/swi/fli/blobs.c: In function PL_blob_data:
../library/dialect/swi/fli/blobs.c:81:5: warning: this if clause does not guard... [-Wmisleading-indentation]
     if ( len )
     ^~
../library/dialect/swi/fli/blobs.c:83:7: note: ...this statement, but the latter is misleadingly indented as if it were guarded by the if
       if ( type )
       ^~
arm-linux-gnueabihf-gcc -c -O3 -fomit-frame-pointer -Wall -Wstrict-prototypes -Wmissing-prototypes  -DCUT_C=1  -DCOROUTINING=1 -DRATIONAL_TREES=1 -DDEPTH_LIMIT=1 -DHAVE_CONFIG_H -D_YAP_NOT_INSTALLED_=1 -I. -I../H -I../OPTYap -I../BEAM -I../MYDDAS -I../include  -I../library/dialect/swi/fli  ../library/dialect/swi/fli/swi.c  -o swi.o
../library/dialect/swi/fli/swi.c: In function PL_error:
../library/dialect/swi/fli/swi.c:1488:11: warning: variable rc set but not used [-Wunused-but-set-variable]
       int rc;
           ^~
../library/dialect/swi/fli/swi.c: In function PL_recorded:
../library/dialect/swi/fli/swi.c:2339:33: warning: format %ld expects argument of type long int, but argument 3 has type Term {aka unsigned int} [-Wformat=]
   fprintf(stderr,"PL_recorded %ld\n", t);
                               ~~^     ~
                               %d
../library/dialect/swi/fli/swi.c: In function PL_module_name:
../library/dialect/swi/fli/swi.c:2481:8: warning: variable t set but not used [-Wunused-but-set-variable]
   Term t;
        ^
../library/dialect/swi/fli/swi.c: In function PL_thread_attach_engine:
../library/dialect/swi/fli/swi.c:2784:11: warning: variable wid set but not used [-Wunused-but-set-variable]
       int wid;
           ^~~
arm-linux-gnueabihf-gcc -c -O3 -fomit-frame-pointer -Wall -Wstrict-prototypes -Wmissing-prototypes  -DCUT_C=1  -DCOROUTINING=1 -DRATIONAL_TREES=1 -DDEPTH_LIMIT=1 -DHAVE_CONFIG_H -D_YAP_NOT_INSTALLED_=1 -I. -I../H -I../OPTYap -I../BEAM -I../MYDDAS ../C/ypsocks.c -o ypsocks.o
arm-linux-gnueabihf-gcc -c -O3 -fomit-frame-pointer -Wall -Wstrict-prototypes -Wmissing-prototypes  -DCUT_C=1  -DCOROUTINING=1 -DRATIONAL_TREES=1 -DDEPTH_LIMIT=1 -DHAVE_CONFIG_H -D_YAP_NOT_INSTALLED_=1 -I. -I../H -I../OPTYap -I../BEAM -I../MYDDAS ../C/ypstdio.c -o ypstdio.o
arm-linux-gnueabihf-gcc -c -O3 -fomit-frame-pointer -Wall -Wstrict-prototypes -Wmissing-prototypes  -DCUT_C=1  -DCOROUTINING=1 -DRATIONAL_TREES=1 -DDEPTH_LIMIT=1 -DHAVE_CONFIG_H -D_YAP_NOT_INSTALLED_=1 -I. -I../H -I../OPTYap -I../BEAM -I../MYDDAS ../C/load_foreign.c -o load_foreign.o
arm-linux-gnueabihf-gcc -c -O3 -fomit-frame-pointer -Wall -Wstrict-prototypes -Wmissing-prototypes  -DCUT_C=1  -DCOROUTINING=1 -DRATIONAL_TREES=1 -DDEPTH_LIMIT=1 -DHAVE_CONFIG_H -D_YAP_NOT_INSTALLED_=1 -I. -I../H -I../OPTYap -I../BEAM -I../MYDDAS ../C/load_dl.c -o load_dl.o
In function LoadForeign,
    inlined from Yap_LoadForeign at ../C/load_dl.c:154:10:
../C/load_dl.c:97:7: warning: strncpy specified bound 1024 equals destination size [-Wstringop-truncation]
       strncpy(Yap_FileNameBuf, AtomName(libs->name), YAP_FILENAME_MAX);
       ^~~~~~~~~~~~~~~~~~~~~~~~~~~~~~~~~~~~~~~~~~~~~~~~~~~~~~~~~~~~~~~~
../C/load_dl.c: In function Yap_ReLoadForeign:
../C/load_dl.c:97:7: warning: strncpy specified bound 1024 equals destination size [-Wstringop-truncation]
       strncpy(Yap_FileNameBuf, AtomName(libs->name), YAP_FILENAME_MAX);
       ^~~~~~~~~~~~~~~~~~~~~~~~~~~~~~~~~~~~~~~~~~~~~~~~~~~~~~~~~~~~~~~~
arm-linux-gnueabihf-gcc -c -O3 -fomit-frame-pointer -Wall -Wstrict-prototypes -Wmissing-prototypes  -DCUT_C=1  -DCOROUTINING=1 -DRATIONAL_TREES=1 -DDEPTH_LIMIT=1 -DHAVE_CONFIG_H -D_YAP_NOT_INSTALLED_=1 -I. -I../H -I../OPTYap -I../BEAM -I../MYDDAS ../C/load_dld.c -o load_dld.o
arm-linux-gnueabihf-gcc -c -O3 -fomit-frame-pointer -Wall -Wstrict-prototypes -Wmissing-prototypes  -DCUT_C=1  -DCOROUTINING=1 -DRATIONAL_TREES=1 -DDEPTH_LIMIT=1 -DHAVE_CONFIG_H -D_YAP_NOT_INSTALLED_=1 -I. -I../H -I../OPTYap -I../BEAM -I../MYDDAS ../C/load_dyld.c -o load_dyld.o
arm-linux-gnueabihf-gcc -c -O3 -fomit-frame-pointer -Wall -Wstrict-prototypes -Wmissing-prototypes  -DCUT_C=1  -DCOROUTINING=1 -DRATIONAL_TREES=1 -DDEPTH_LIMIT=1 -DHAVE_CONFIG_H -D_YAP_NOT_INSTALLED_=1 -I. -I../H -I../OPTYap -I../BEAM -I../MYDDAS ../C/load_none.c -o load_none.o
arm-linux-gnueabihf-gcc -c -O3 -fomit-frame-pointer -Wall -Wstrict-prototypes -Wmissing-prototypes  -DCUT_C=1  -DCOROUTINING=1 -DRATIONAL_TREES=1 -DDEPTH_LIMIT=1 -DHAVE_CONFIG_H -D_YAP_NOT_INSTALLED_=1 -I. -I../H -I../OPTYap -I../BEAM -I../MYDDAS ../C/load_aout.c -o load_aout.o
arm-linux-gnueabihf-gcc -c -O3 -fomit-frame-pointer -Wall -Wstrict-prototypes -Wmissing-prototypes  -DCUT_C=1  -DCOROUTINING=1 -DRATIONAL_TREES=1 -DDEPTH_LIMIT=1 -DHAVE_CONFIG_H -D_YAP_NOT_INSTALLED_=1 -I. -I../H -I../OPTYap -I../BEAM -I../MYDDAS ../C/load_aix.c -o load_aix.o
arm-linux-gnueabihf-gcc -c -O3 -fomit-frame-pointer -Wall -Wstrict-prototypes -Wmissing-prototypes  -DCUT_C=1  -DCOROUTINING=1 -DRATIONAL_TREES=1 -DDEPTH_LIMIT=1 -DHAVE_CONFIG_H -D_YAP_NOT_INSTALLED_=1 -I. -I../H -I../OPTYap -I../BEAM -I../MYDDAS ../C/load_dll.c -o load_dll.o
arm-linux-gnueabihf-gcc -c -O3 -fomit-frame-pointer -Wall -Wstrict-prototypes -Wmissing-prototypes  -DCUT_C=1  -DCOROUTINING=1 -DRATIONAL_TREES=1 -DDEPTH_LIMIT=1 -DHAVE_CONFIG_H -D_YAP_NOT_INSTALLED_=1 -I. -I../H -I../OPTYap -I../BEAM -I../MYDDAS ../C/load_shl.c -o load_shl.o
arm-linux-gnueabihf-gcc -O3 -fomit-frame-pointer -Wall -Wstrict-prototypes -Wmissing-prototypes  -DCUT_C=1  -DCOROUTINING=1 -DRATIONAL_TREES=1 -DDEPTH_LIMIT=1 -DHAVE_CONFIG_H -D_YAP_NOT_INSTALLED_=1 -I. -I../H -I../OPTYap -I../BEAM -I../MYDDAS -I../include -c ../C/c_interface.c -o c_interface.o
../C/c_interface.c: In function YAP_cwd:
../C/c_interface.c:3070:3: warning: strncpy output truncated before terminating nul copying as many bytes from a string as its length [-Wstringop-truncation]
   strncpy(buf, Yap_FileNameBuf, len);
   ^~~~~~~~~~~~~~~~~~~~~~~~~~~~~~~~~~
../C/c_interface.c:3066:9: note: length computed here
   len = strlen(Yap_FileNameBuf);
         ^~~~~~~~~~~~~~~~~~~~~~~
arm-linux-gnueabihf-gcc -O3 -fomit-frame-pointer -Wall -Wstrict-prototypes -Wmissing-prototypes  -DCUT_C=1  -DCOROUTINING=1 -DRATIONAL_TREES=1 -DDEPTH_LIMIT=1 -DHAVE_CONFIG_H -D_YAP_NOT_INSTALLED_=1 -I. -I../H -I../OPTYap -I../BEAM -I../MYDDAS -I../include -c ../C/clause_list.c -o clause_list.o
arm-linux-gnueabihf-gcc -c -O3 -fomit-frame-pointer -Wall -Wstrict-prototypes -Wmissing-prototypes  -DCUT_C=1  -DCOROUTINING=1 -DRATIONAL_TREES=1 -DDEPTH_LIMIT=1 -DHAVE_CONFIG_H -D_YAP_NOT_INSTALLED_=1 -I. -I../H -I../OPTYap -I../BEAM -I../MYDDAS ../OPTYap/opt.memory.c -o opt.memory.o
arm-linux-gnueabihf-gcc -c -O3 -fomit-frame-pointer -Wall -Wstrict-prototypes -Wmissing-prototypes  -DCUT_C=1  -DCOROUTINING=1 -DRATIONAL_TREES=1 -DDEPTH_LIMIT=1 -DHAVE_CONFIG_H -D_YAP_NOT_INSTALLED_=1 -I. -I../H -I../OPTYap -I../BEAM -I../MYDDAS ../OPTYap/opt.init.c -o opt.init.o
arm-linux-gnueabihf-gcc -c -O3 -fomit-frame-pointer -Wall -Wstrict-prototypes -Wmissing-prototypes  -DCUT_C=1  -DCOROUTINING=1 -DRATIONAL_TREES=1 -DDEPTH_LIMIT=1 -DHAVE_CONFIG_H -D_YAP_NOT_INSTALLED_=1 -I. -I../H -I../OPTYap -I../BEAM -I../MYDDAS ../OPTYap/opt.preds.c -o opt.preds.o
arm-linux-gnueabihf-gcc -c -O3 -fomit-frame-pointer -Wall -Wstrict-prototypes -Wmissing-prototypes  -DCUT_C=1  -DCOROUTINING=1 -DRATIONAL_TREES=1 -DDEPTH_LIMIT=1 -DHAVE_CONFIG_H -D_YAP_NOT_INSTALLED_=1 -I. -I../H -I../OPTYap -I../BEAM -I../MYDDAS ../OPTYap/or.engine.c -o or.engine.o
arm-linux-gnueabihf-gcc -c -O3 -fomit-frame-pointer -Wall -Wstrict-prototypes -Wmissing-prototypes  -DCUT_C=1  -DCOROUTINING=1 -DRATIONAL_TREES=1 -DDEPTH_LIMIT=1 -DHAVE_CONFIG_H -D_YAP_NOT_INSTALLED_=1 -I. -I../H -I../OPTYap -I../BEAM -I../MYDDAS ../OPTYap/or.cowengine.c -o or.cowengine.o
arm-linux-gnueabihf-gcc -c -O3 -fomit-frame-pointer -Wall -Wstrict-prototypes -Wmissing-prototypes  -DCUT_C=1  -DCOROUTINING=1 -DRATIONAL_TREES=1 -DDEPTH_LIMIT=1 -DHAVE_CONFIG_H -D_YAP_NOT_INSTALLED_=1 -I. -I../H -I../OPTYap -I../BEAM -I../MYDDAS ../OPTYap/or.sbaengine.c -o or.sbaengine.o
arm-linux-gnueabihf-gcc -c -O3 -fomit-frame-pointer -Wall -Wstrict-prototypes -Wmissing-prototypes  -DCUT_C=1  -DCOROUTINING=1 -DRATIONAL_TREES=1 -DDEPTH_LIMIT=1 -DHAVE_CONFIG_H -D_YAP_NOT_INSTALLED_=1 -I. -I../H -I../OPTYap -I../BEAM -I../MYDDAS ../OPTYap/or.threadengine.c -o or.threadengine.o
arm-linux-gnueabihf-gcc -c -O3 -fomit-frame-pointer -Wall -Wstrict-prototypes -Wmissing-prototypes  -DCUT_C=1  -DCOROUTINING=1 -DRATIONAL_TREES=1 -DDEPTH_LIMIT=1 -DHAVE_CONFIG_H -D_YAP_NOT_INSTALLED_=1 -I. -I../H -I../OPTYap -I../BEAM -I../MYDDAS ../OPTYap/or.scheduler.c -o or.scheduler.o
arm-linux-gnueabihf-gcc -c -O3 -fomit-frame-pointer -Wall -Wstrict-prototypes -Wmissing-prototypes  -DCUT_C=1  -DCOROUTINING=1 -DRATIONAL_TREES=1 -DDEPTH_LIMIT=1 -DHAVE_CONFIG_H -D_YAP_NOT_INSTALLED_=1 -I. -I../H -I../OPTYap -I../BEAM -I../MYDDAS ../OPTYap/or.cut.c -o or.cut.o
arm-linux-gnueabihf-gcc -c -O3 -fomit-frame-pointer -Wall -Wstrict-prototypes -Wmissing-prototypes  -DCUT_C=1  -DCOROUTINING=1 -DRATIONAL_TREES=1 -DDEPTH_LIMIT=1 -DHAVE_CONFIG_H -D_YAP_NOT_INSTALLED_=1 -I. -I../H -I../OPTYap -I../BEAM -I../MYDDAS ../OPTYap/tab.tries.c -o tab.tries.o
arm-linux-gnueabihf-gcc -c -O3 -fomit-frame-pointer -Wall -Wstrict-prototypes -Wmissing-prototypes  -DCUT_C=1  -DCOROUTINING=1 -DRATIONAL_TREES=1 -DDEPTH_LIMIT=1 -DHAVE_CONFIG_H -D_YAP_NOT_INSTALLED_=1 -I. -I../H -I../OPTYap -I../BEAM -I../MYDDAS ../OPTYap/tab.completion.c -o tab.completion.o
arm-linux-gnueabihf-gcc -c -O3 -fomit-frame-pointer -Wall -Wstrict-prototypes -Wmissing-prototypes  -DCUT_C=1  -DCOROUTINING=1 -DRATIONAL_TREES=1 -DDEPTH_LIMIT=1 -DHAVE_CONFIG_H -D_YAP_NOT_INSTALLED_=1 -I. -I../H -I../OPTYap -I../BEAM -I../MYDDAS ../BEAM/eamamasm.c -o eamamasm.o
arm-linux-gnueabihf-gcc -c -O3 -fomit-frame-pointer -Wall -Wstrict-prototypes -Wmissing-prototypes  -DCUT_C=1  -DCOROUTINING=1 -DRATIONAL_TREES=1 -DDEPTH_LIMIT=1 -DHAVE_CONFIG_H -D_YAP_NOT_INSTALLED_=1 -I. -I../H -I../OPTYap -I../BEAM -I../MYDDAS ../BEAM/eam_showcode.c -o eam_showcode.o
arm-linux-gnueabihf-gcc -c -O3 -fomit-frame-pointer -Wall -Wstrict-prototypes -Wmissing-prototypes  -DCUT_C=1  -DCOROUTINING=1 -DRATIONAL_TREES=1 -DDEPTH_LIMIT=1 -DHAVE_CONFIG_H -D_YAP_NOT_INSTALLED_=1 -I. -I../H -I../OPTYap -I../BEAM -I../MYDDAS ../BEAM/eamindex.c -o eamindex.o
arm-linux-gnueabihf-gcc -c -O3 -fomit-frame-pointer -Wall -Wstrict-prototypes -Wmissing-prototypes  -DCUT_C=1  -DCOROUTINING=1 -DRATIONAL_TREES=1 -DDEPTH_LIMIT=1 -DHAVE_CONFIG_H -D_YAP_NOT_INSTALLED_=1 -I. -I../H -I../OPTYap -I../BEAM -I../MYDDAS ../BEAM/eam_am.c -o eam_am.o
rm -f libYap.a
arm-linux-gnueabihf-ar rc libYap.a agc.o absmi.o adtdefs.o alloc.o amasm.o analyst.o arrays.o arith0.o arith1.o arith2.o attvar.o bignum.o bb.o cdmgr.o cmppreds.o compiler.o computils.o corout.o cut_c.o dbase.o dlmalloc.o errors.o eval.o exec.o globals.o gmp_support.o gprof.o grow.o heapgc.o index.o init.o  inlines.o iopreds.o depth_bound.o mavar.o myddas_mysql.o myddas_odbc.o myddas_shared.o myddas_initialization.o myddas_util.o myddas_statistics.o myddas_top_level.o myddas_wkb2prolog.o modules.o other.o parser.o readutil.o save.o scanner.o sort.o stdpreds.o sysbits.o threads.o tracer.o udi.o rtree.o rtree_udi.o unify.o userpreds.o utilpreds.o write.o blobs.o swi.o ypsocks.o ypstdio.o  load_foreign.o load_dl.o load_dld.o load_dyld.o load_none.o load_aout.o load_aix.o load_dll.o load_shl.o c_interface.o clause_list.o opt.memory.o opt.init.o opt.preds.o or.engine.o or.cowengine.o or.sbaengine.o or.threadengine.o or.scheduler.o or.cut.o tab.tries.o tab.completion.o eamamasm.o eam_showcode.o eamindex.o eam_am.o 
arm-linux-gnueabihf-ranlib libYap.a
arm-linux-gnueabihf-gcc -O3 -fomit-frame-pointer -Wall -Wstrict-prototypes -Wmissing-prototypes  -DCUT_C=1  -DCOROUTINING=1 -DRATIONAL_TREES=1 -DDEPTH_LIMIT=1 -DHAVE_CONFIG_H -D_YAP_NOT_INSTALLED_=1 -I. -I../H -I../OPTYap -I../BEAM -I../MYDDAS -rdynamic -Wl,-z,relro -L/<<PKGBUILDDIR>>/arch -Wl,-R/usr/lib -Wl,-R,/usr/lib/Yap -o yap yap.o libYap.a -lgmp -lresolv -lnss_dns -lnss_files -lcrypt -lstdc++ -lm  -lreadline -lncurses -lz -ldl -lnsl 
rm -f startup.yss
echo "bootstrap('../pl/init.yap'). module(user). save_program('startup.yss')." |   ./yap -b ../pl/boot.yap
/bin/bash: ./yap: cannot execute binary file: Exec format error
make[1]: *** [Makefile:534: startup.yss] Error 126
make[1]: Leaving directory '/<<PKGBUILDDIR>>/arch'
make: *** [debian/rules:39: build-stamp] Error 2
dpkg-buildpackage: error: debian/rules build-arch subprocess returned exit status 2
--------------------------------------------------------------------------------
Build finished at 2019-07-03T01:49:47Z

Finished
--------


+------------------------------------------------------------------------------+
| Cleanup                                                                      |
+------------------------------------------------------------------------------+

Purging /<<BUILDDIR>>
Reading package lists...
Building dependency tree...
Reading state information...
0 upgraded, 0 newly installed, 0 to remove and 0 not upgraded.
Reading package lists...
Building dependency tree...
Reading state information...
The following package was automatically installed and is no longer required:
  sensible-utils
Use 'apt autoremove' to remove it.
The following packages will be REMOVED:
  autoconf* automake* autopoint* autotools-dev* binutils-arm-linux-gnueabihf*
  bsdmainutils* chrpath* cpp-8-arm-linux-gnueabihf* cpp-arm-linux-gnueabihf*
  cross-config* crossbuild-essential-armhf* debhelper* dh-autoreconf*
  dh-strip-nondeterminism* dpkg-cross* dwz* file* g++-8-arm-linux-gnueabihf*
  g++-arm-linux-gnueabihf* gcc-8-arm-linux-gnueabihf*
  gcc-8-arm-linux-gnueabihf-base* gcc-8-base:armhf* gcc-8-cross-base*
  gcc-arm-linux-gnueabihf* gettext* gettext-base* groff-base* intltool-debian*
  libarchive-zip-perl* libasan5:armhf* libasan5-armhf-cross* libatomic1:armhf*
  libatomic1-armhf-cross* libbsd0* libc6:armhf* libc6-armhf-cross*
  libc6-dev:armhf* libc6-dev-armhf-cross* libconfig-auto-perl*
  libconfig-inifiles-perl* libcroco3* libdebian-dpkgcross-perl*
  libfile-homedir-perl* libfile-stripnondeterminism-perl* libfile-which-perl*
  libgcc-8-dev:armhf* libgcc-8-dev-armhf-cross* libgcc1:armhf*
  libgcc1-armhf-cross* libglib2.0-0* libgmp-dev:armhf* libgmp10:armhf*
  libgmpxx4ldbl:armhf* libgomp1:armhf* libgomp1-armhf-cross* libicu63*
  libio-string-perl* liblocale-gettext-perl* libmagic-mgc* libmagic1*
  libncurses-dev:armhf* libncurses6* libncurses6:armhf* libncursesw6:armhf*
  libpipeline1* libreadline-dev:armhf* libreadline7:armhf* libsigsegv2*
  libstdc++-8-dev:armhf* libstdc++-8-dev-armhf-cross* libstdc++6:armhf*
  libstdc++6-armhf-cross* libtext-unidecode-perl* libtinfo6:armhf* libtool*
  libubsan1:armhf* libubsan1-armhf-cross* libuchardet0* libxml-libxml-perl*
  libxml-namespacesupport-perl* libxml-sax-base-perl* libxml-sax-perl*
  libxml-simple-perl* libxml2* libyaml-perl* linux-libc-dev:armhf*
  linux-libc-dev-armhf-cross* m4* man-db* po-debconf*
  sbuild-build-depends-main-dummy:armhf* tex-common* texinfo* ucf*
  zlib1g:armhf* zlib1g-dev:armhf*
0 upgraded, 0 newly installed, 96 to remove and 0 not upgraded.
After this operation, 246 MB disk space will be freed.
(Reading database ... 19004 files and directories currently installed.)
Removing sbuild-build-depends-main-dummy:armhf (0.invalid.0) ...
Removing crossbuild-essential-armhf (12.6) ...
Removing g++-arm-linux-gnueabihf (4:8.3.0-1) ...
Removing gcc-arm-linux-gnueabihf (4:8.3.0-1) ...
Removing g++-8-arm-linux-gnueabihf (8.3.0-7cross1) ...
Removing gcc-8-arm-linux-gnueabihf (8.3.0-7cross1) ...
Removing binutils-arm-linux-gnueabihf (2.31.1-16) ...
Removing chrpath (0.16-2+b1) ...
Removing cpp-arm-linux-gnueabihf (4:8.3.0-1) ...
Removing cpp-8-arm-linux-gnueabihf (8.3.0-7cross1) ...
Removing dpkg-cross (2.6.15-3) ...
Removing cross-config (2.6.15-3) ...
Removing libdebian-dpkgcross-perl (2.6.15-3) ...
Removing gcc-8-arm-linux-gnueabihf-base:amd64 (8.3.0-7cross1) ...
Removing libstdc++-8-dev:armhf (8.3.0-7) ...
Removing libgcc-8-dev:armhf (8.3.0-7) ...
Removing libubsan1:armhf (8.3.0-7) ...
Removing libgmp-dev:armhf (2:6.1.2+dfsg-4) ...
Removing libgmpxx4ldbl:armhf (2:6.1.2+dfsg-4) ...
Removing libstdc++-8-dev-armhf-cross (8.3.0-7cross1) ...
Removing libgcc-8-dev-armhf-cross (8.3.0-7cross1) ...
Removing libubsan1-armhf-cross (8.3.0-7cross1) ...
Removing libasan5-armhf-cross (8.3.0-7cross1) ...
Removing libstdc++6-armhf-cross (8.3.0-7cross1) ...
Removing libasan5:armhf (8.3.0-7) ...
Removing libatomic1:armhf (8.3.0-7) ...
Removing libatomic1-armhf-cross (8.3.0-7cross1) ...
Removing zlib1g-dev:armhf (1:1.2.11.dfsg-1) ...
Removing zlib1g:armhf (1:1.2.11.dfsg-1) ...
Removing libreadline-dev:armhf (7.0-5) ...
Removing libreadline7:armhf (7.0-5) ...
Removing libc6-dev-armhf-cross (2.28-10cross2) ...
Removing libgomp1-armhf-cross (8.3.0-7cross1) ...
Removing libncurses-dev:armhf (6.1+20181013-2) ...
Removing libc6-dev:armhf (2.28-10) ...
Removing libconfig-auto-perl (0.44-1) ...
Removing libconfig-inifiles-perl (3.000001-1) ...
Removing libfile-homedir-perl (1.004-1) ...
Removing libfile-which-perl (1.23-1) ...
Removing libgcc1-armhf-cross (1:8.3.0-7cross1) ...
Removing libgmp10:armhf (2:6.1.2+dfsg-4) ...
Removing libgomp1:armhf (8.3.0-7) ...
Removing texinfo (6.5.0.dfsg.1-5) ...
Running update-fmtutil. This may take some time. ... done.
Removing libxml-simple-perl (2.25-1) ...
Removing libxml-libxml-perl (2.0134+dfsg-1) ...
update-perl-sax-parsers: Unregistering Perl SAX parser XML::LibXML::SAX::Parser with priority 50...
update-perl-sax-parsers: Unregistering Perl SAX parser XML::LibXML::SAX with priority 50...
update-perl-sax-parsers: Updating overall Perl SAX parser modules info file...
Replacing config file /etc/perl/XML/SAX/ParserDetails.ini with new version
Removing libio-string-perl (1.08-3) ...
Removing liblocale-gettext-perl (1.07-3+b4) ...
Removing libncurses6:armhf (6.1+20181013-2) ...
Removing libncursesw6:armhf (6.1+20181013-2) ...
Removing libtext-unidecode-perl (1.30-1) ...
Removing libtinfo6:armhf (6.1+20181013-2) ...
Removing libxml-sax-perl (1.00+dfsg-1) ...
update-perl-sax-parsers: Unregistering Perl SAX parser XML::SAX::PurePerl with priority 50...
update-perl-sax-parsers: Updating overall Perl SAX parser modules info file...
Removing libxml-namespacesupport-perl (1.12-1) ...
Removing libxml-sax-base-perl (1.09-1) ...
Removing libyaml-perl (1.27-1) ...
Removing linux-libc-dev:armhf (4.19.37-5) ...
Removing linux-libc-dev-armhf-cross (4.19.28-2cross2) ...
Removing tex-common (6.11) ...
Removing ucf (3.0038+nmu1) ...
Removing libstdc++6:armhf (8.3.0-7) ...
Removing gcc-8-cross-base (8.3.0-7cross1) ...
Removing libc6-armhf-cross (2.28-10cross2) ...
Removing dh-autoreconf (19) ...
Removing debhelper (12.1.1) ...
Removing dh-strip-nondeterminism (1.1.2-1) ...
Removing automake (1:1.16.1-4) ...
Removing autoconf (2.69-11) ...
Removing autopoint (0.19.8.1-9) ...
Removing libtool (2.4.6-10) ...
Removing autotools-dev (20180224.1) ...
Removing man-db (2.8.5-2) ...
Removing bsdmainutils (11.1.2+b1) ...
Removing dwz (0.12-3) ...
Removing file (1:5.35-4) ...
Removing po-debconf (1.0.21) ...
Removing intltool-debian (0.35.0+20060710.5) ...
Removing gettext (0.19.8.1-9) ...
Removing gettext-base (0.19.8.1-9) ...
Removing groff-base (1.22.4-3) ...
Removing libfile-stripnondeterminism-perl (1.1.2-1) ...
Removing libarchive-zip-perl (1.64-1) ...
Removing libbsd0:amd64 (0.9.1-2) ...
Removing libc6:armhf (2.28-10) ...
Removing libcroco3:amd64 (0.6.12-3) ...
Removing libgcc1:armhf (1:8.3.0-7) ...
Removing libglib2.0-0:amd64 (2.58.3-2) ...
Removing libxml2:amd64 (2.9.4+dfsg1-7+b3) ...
Removing libicu63:amd64 (63.2-2) ...
Removing libmagic1:amd64 (1:5.35-4) ...
Removing libmagic-mgc (1:5.35-4) ...
Removing libncurses6:amd64 (6.1+20181013-2) ...
Removing libpipeline1:amd64 (1.5.1-2) ...
Removing m4 (1.4.18-2) ...
Removing libsigsegv2:amd64 (2.12-2) ...
Removing libuchardet0:amd64 (0.0.6-3) ...
Removing gcc-8-base:armhf (8.3.0-7) ...
Processing triggers for ccache (3.7.1-1) ...
Updating symlinks in /usr/lib/ccache ...
Processing triggers for libc-bin (2.28-10) ...
(Reading database ... 12512 files and directories currently installed.)
Purging configuration files for libglib2.0-0:amd64 (2.58.3-2) ...
Purging configuration files for libmagic1:amd64 (1:5.35-4) ...
Purging configuration files for man-db (2.8.5-2) ...
Purging configuration files for libxml-sax-perl (1.00+dfsg-1) ...
Purging configuration files for tex-common (6.11) ...
dpkg: warning: while removing tex-common, directory '/usr/share/texmf' not empty so not removed
Purging configuration files for cross-config (2.6.15-3) ...
Purging configuration files for bsdmainutils (11.1.2+b1) ...
Purging configuration files for ucf (3.0038+nmu1) ...
Purging configuration files for texinfo (6.5.0.dfsg.1-5) ...
Purging configuration files for autoconf (2.69-11) ...
Purging configuration files for libc6:armhf (2.28-10) ...
Purging configuration files for groff-base (1.22.4-3) ...
Purging configuration files for dpkg-cross (2.6.15-3) ...
Purging configuration files for libdebian-dpkgcross-perl (2.6.15-3) ...
E: Build failure (dpkg-buildpackage died)

+------------------------------------------------------------------------------+
| Summary                                                                      |
+------------------------------------------------------------------------------+

Build Architecture: amd64
Build Profiles: cross nocheck
Build Type: any
Build-Space: n/a
Build-Time: 94
Distribution: unstable-amd64-sbuild
Fail-Stage: build
Foreign Architectures: armhf
Host Architecture: armhf
Install-Time: 14
Job: /home/build/sbuild-setup/repo/pool/main/y/yap/yap_6.2.2-6.dsc
Machine Architecture: amd64
Package: yap
Package-Time: 113
Source-Version: 6.2.2-6
Space: n/a
Status: attempted
Version: 6.2.2-6
--------------------------------------------------------------------------------
Finished at 2019-07-03T01:49:47Z
Build needed 00:01:53, no disk space
